[0.844s] DEBUG:colcon:Command line arguments: ['/usr/bin/colcon', 'build']
[0.844s] DEBUG:colcon:Parsed command line arguments: Namespace(log_base=None, log_level=None, verb_name='build', build_base='build', install_base='install', merge_install=False, symlink_install=False, test_result_base=None, continue_on_error=False, executor='parallel', parallel_workers=12, event_handlers=None, ignore_user_meta=False, metas=['./colcon.meta'], base_paths=['.'], packages_ignore=None, packages_ignore_regex=None, paths=None, packages_up_to=None, packages_up_to_regex=None, packages_above=None, packages_above_and_dependencies=None, packages_above_depth=None, packages_select_by_dep=None, packages_skip_by_dep=None, packages_skip_up_to=None, packages_select_build_failed=False, packages_skip_build_finished=False, packages_select_test_failures=False, packages_skip_test_passed=False, packages_select=None, packages_skip=None, packages_select_regex=None, packages_skip_regex=None, packages_start=None, packages_end=None, allow_overriding=[], cmake_args=None, cmake_target=None, cmake_target_skip_unavailable=False, cmake_clean_cache=False, cmake_clean_first=False, cmake_force_configure=False, ament_cmake_args=None, catkin_cmake_args=None, catkin_skip_building_tests=False, verb_parser=<colcon_defaults.argument_parser.defaults.DefaultArgumentsDecorator object at 0x7f54abea3d90>, verb_extension=<colcon_core.verb.build.BuildVerb object at 0x7f54acccf100>, main=<bound method BuildVerb.main of <colcon_core.verb.build.BuildVerb object at 0x7f54acccf100>>)
[0.883s] Level 1:colcon.colcon_core.package_discovery:discover_packages(colcon_meta) check parameters
[0.883s] Level 1:colcon.colcon_core.package_discovery:discover_packages(recursive) check parameters
[0.883s] Level 1:colcon.colcon_core.package_discovery:discover_packages(ignore) check parameters
[0.883s] Level 1:colcon.colcon_core.package_discovery:discover_packages(path) check parameters
[0.883s] Level 1:colcon.colcon_core.package_discovery:discover_packages(colcon_meta) discover
[0.883s] Level 1:colcon.colcon_core.package_discovery:discover_packages(recursive) discover
[0.883s] INFO:colcon.colcon_core.package_discovery:Crawling recursively for packages in '/home/lx/ros2/ros/mid-360_ws'
[0.883s] Level 1:colcon.colcon_core.package_identification:_identify(.) by extensions ['ignore', 'ignore_ament_install']
[0.883s] Level 1:colcon.colcon_core.package_identification:_identify(.) by extension 'ignore'
[0.883s] Level 1:colcon.colcon_core.package_identification:_identify(.) by extension 'ignore_ament_install'
[0.883s] Level 1:colcon.colcon_core.package_identification:_identify(.) by extensions ['colcon_pkg']
[0.883s] Level 1:colcon.colcon_core.package_identification:_identify(.) by extension 'colcon_pkg'
[0.884s] Level 1:colcon.colcon_core.package_identification:_identify(.) by extensions ['colcon_meta']
[0.884s] Level 1:colcon.colcon_core.package_identification:_identify(.) by extension 'colcon_meta'
[0.884s] Level 1:colcon.colcon_core.package_identification:_identify(.) by extensions ['ros']
[0.884s] Level 1:colcon.colcon_core.package_identification:_identify(.) by extension 'ros'
[0.893s] Level 1:colcon.colcon_core.package_identification:_identify(.) by extensions ['cmake', 'python']
[0.893s] Level 1:colcon.colcon_core.package_identification:_identify(.) by extension 'cmake'
[0.893s] Level 1:colcon.colcon_core.package_identification:_identify(.) by extension 'python'
[0.893s] Level 1:colcon.colcon_core.package_identification:_identify(.) by extensions ['python_setup_py']
[0.893s] Level 1:colcon.colcon_core.package_identification:_identify(.) by extension 'python_setup_py'
[0.893s] Level 1:colcon.colcon_core.package_identification:_identify(build) by extensions ['ignore', 'ignore_ament_install']
[0.893s] Level 1:colcon.colcon_core.package_identification:_identify(build) by extension 'ignore'
[0.893s] Level 1:colcon.colcon_core.package_identification:_identify(build) ignored
[0.893s] Level 1:colcon.colcon_core.package_identification:_identify(install) by extensions ['ignore', 'ignore_ament_install']
[0.893s] Level 1:colcon.colcon_core.package_identification:_identify(install) by extension 'ignore'
[0.893s] Level 1:colcon.colcon_core.package_identification:_identify(install) ignored
[0.893s] Level 1:colcon.colcon_core.package_identification:_identify(log) by extensions ['ignore', 'ignore_ament_install']
[0.893s] Level 1:colcon.colcon_core.package_identification:_identify(log) by extension 'ignore'
[0.893s] Level 1:colcon.colcon_core.package_identification:_identify(log) ignored
[0.893s] Level 1:colcon.colcon_core.package_identification:_identify(src) by extensions ['ignore', 'ignore_ament_install']
[0.894s] Level 1:colcon.colcon_core.package_identification:_identify(src) by extension 'ignore'
[0.894s] Level 1:colcon.colcon_core.package_identification:_identify(src) by extension 'ignore_ament_install'
[0.894s] Level 1:colcon.colcon_core.package_identification:_identify(src) by extensions ['colcon_pkg']
[0.894s] Level 1:colcon.colcon_core.package_identification:_identify(src) by extension 'colcon_pkg'
[0.894s] Level 1:colcon.colcon_core.package_identification:_identify(src) by extensions ['colcon_meta']
[0.894s] Level 1:colcon.colcon_core.package_identification:_identify(src) by extension 'colcon_meta'
[0.894s] Level 1:colcon.colcon_core.package_identification:_identify(src) by extensions ['ros']
[0.894s] Level 1:colcon.colcon_core.package_identification:_identify(src) by extension 'ros'
[0.894s] Level 1:colcon.colcon_core.package_identification:_identify(src) by extensions ['cmake', 'python']
[0.894s] Level 1:colcon.colcon_core.package_identification:_identify(src) by extension 'cmake'
[0.894s] Level 1:colcon.colcon_core.package_identification:_identify(src) by extension 'python'
[0.894s] Level 1:colcon.colcon_core.package_identification:_identify(src) by extensions ['python_setup_py']
[0.894s] Level 1:colcon.colcon_core.package_identification:_identify(src) by extension 'python_setup_py'
[0.894s] Level 1:colcon.colcon_core.package_identification:_identify(src/FAST_LIO) by extensions ['ignore', 'ignore_ament_install']
[0.894s] Level 1:colcon.colcon_core.package_identification:_identify(src/FAST_LIO) by extension 'ignore'
[0.894s] Level 1:colcon.colcon_core.package_identification:_identify(src/FAST_LIO) by extension 'ignore_ament_install'
[0.894s] Level 1:colcon.colcon_core.package_identification:_identify(src/FAST_LIO) by extensions ['colcon_pkg']
[0.894s] Level 1:colcon.colcon_core.package_identification:_identify(src/FAST_LIO) by extension 'colcon_pkg'
[0.894s] Level 1:colcon.colcon_core.package_identification:_identify(src/FAST_LIO) by extensions ['colcon_meta']
[0.894s] Level 1:colcon.colcon_core.package_identification:_identify(src/FAST_LIO) by extension 'colcon_meta'
[0.894s] Level 1:colcon.colcon_core.package_identification:_identify(src/FAST_LIO) by extensions ['ros']
[0.894s] Level 1:colcon.colcon_core.package_identification:_identify(src/FAST_LIO) by extension 'ros'
[0.897s] DEBUG:colcon.colcon_core.package_identification:Package 'src/FAST_LIO' with type 'ros.ament_cmake' and name 'fast_lio'
[0.897s] Level 1:colcon.colcon_core.package_identification:_identify(src/imu_to_odom) by extensions ['ignore', 'ignore_ament_install']
[0.897s] Level 1:colcon.colcon_core.package_identification:_identify(src/imu_to_odom) by extension 'ignore'
[0.897s] Level 1:colcon.colcon_core.package_identification:_identify(src/imu_to_odom) by extension 'ignore_ament_install'
[0.897s] Level 1:colcon.colcon_core.package_identification:_identify(src/imu_to_odom) by extensions ['colcon_pkg']
[0.897s] Level 1:colcon.colcon_core.package_identification:_identify(src/imu_to_odom) by extension 'colcon_pkg'
[0.897s] Level 1:colcon.colcon_core.package_identification:_identify(src/imu_to_odom) by extensions ['colcon_meta']
[0.897s] Level 1:colcon.colcon_core.package_identification:_identify(src/imu_to_odom) by extension 'colcon_meta'
[0.897s] Level 1:colcon.colcon_core.package_identification:_identify(src/imu_to_odom) by extensions ['ros']
[0.897s] Level 1:colcon.colcon_core.package_identification:_identify(src/imu_to_odom) by extension 'ros'
[0.898s] DEBUG:colcon.colcon_core.package_identification:Package 'src/imu_to_odom' with type 'ros.ament_cmake' and name 'imu_to_odom'
[0.898s] Level 1:colcon.colcon_core.package_identification:_identify(src/livox_ros_driver2) by extensions ['ignore', 'ignore_ament_install']
[0.898s] Level 1:colcon.colcon_core.package_identification:_identify(src/livox_ros_driver2) by extension 'ignore'
[0.898s] Level 1:colcon.colcon_core.package_identification:_identify(src/livox_ros_driver2) by extension 'ignore_ament_install'
[0.898s] Level 1:colcon.colcon_core.package_identification:_identify(src/livox_ros_driver2) by extensions ['colcon_pkg']
[0.898s] Level 1:colcon.colcon_core.package_identification:_identify(src/livox_ros_driver2) by extension 'colcon_pkg'
[0.898s] Level 1:colcon.colcon_core.package_identification:_identify(src/livox_ros_driver2) by extensions ['colcon_meta']
[0.898s] Level 1:colcon.colcon_core.package_identification:_identify(src/livox_ros_driver2) by extension 'colcon_meta'
[0.898s] Level 1:colcon.colcon_core.package_identification:_identify(src/livox_ros_driver2) by extensions ['ros']
[0.898s] Level 1:colcon.colcon_core.package_identification:_identify(src/livox_ros_driver2) by extension 'ros'
[0.899s] DEBUG:colcon.colcon_core.package_identification:Package 'src/livox_ros_driver2' with type 'ros.ament_cmake' and name 'livox_ros_driver2'
[0.899s] Level 1:colcon.colcon_core.package_identification:_identify(src/pointcloud_to_laserscan) by extensions ['ignore', 'ignore_ament_install']
[0.899s] Level 1:colcon.colcon_core.package_identification:_identify(src/pointcloud_to_laserscan) by extension 'ignore'
[0.899s] Level 1:colcon.colcon_core.package_identification:_identify(src/pointcloud_to_laserscan) by extension 'ignore_ament_install'
[0.899s] Level 1:colcon.colcon_core.package_identification:_identify(src/pointcloud_to_laserscan) by extensions ['colcon_pkg']
[0.899s] Level 1:colcon.colcon_core.package_identification:_identify(src/pointcloud_to_laserscan) by extension 'colcon_pkg'
[0.899s] Level 1:colcon.colcon_core.package_identification:_identify(src/pointcloud_to_laserscan) by extensions ['colcon_meta']
[0.899s] Level 1:colcon.colcon_core.package_identification:_identify(src/pointcloud_to_laserscan) by extension 'colcon_meta'
[0.900s] Level 1:colcon.colcon_core.package_identification:_identify(src/pointcloud_to_laserscan) by extensions ['ros']
[0.900s] Level 1:colcon.colcon_core.package_identification:_identify(src/pointcloud_to_laserscan) by extension 'ros'
[0.900s] DEBUG:colcon.colcon_core.package_identification:Package 'src/pointcloud_to_laserscan' with type 'ros.ament_cmake' and name 'pointcloud_to_laserscan'
[0.901s] Level 1:colcon.colcon_core.package_discovery:discover_packages(recursive) using defaults
[0.901s] Level 1:colcon.colcon_core.package_discovery:discover_packages(ignore) discover
[0.901s] Level 1:colcon.colcon_core.package_discovery:discover_packages(ignore) using defaults
[0.901s] Level 1:colcon.colcon_core.package_discovery:discover_packages(path) discover
[0.901s] Level 1:colcon.colcon_core.package_discovery:discover_packages(path) using defaults
[0.977s] Level 1:colcon.colcon_core.package_discovery:discover_packages(prefix_path) check parameters
[0.977s] Level 1:colcon.colcon_core.package_discovery:discover_packages(prefix_path) discover
[1.003s] DEBUG:colcon.colcon_installed_package_information.package_discovery:Found 4 installed packages in /home/lx/ros2/ros/mid-360_ws/install
[1.016s] DEBUG:colcon.colcon_installed_package_information.package_discovery:Found 387 installed packages in /opt/ros/humble
[1.018s] Level 1:colcon.colcon_core.package_discovery:discover_packages(prefix_path) using defaults
[1.112s] Level 5:colcon.colcon_core.verb:set package 'imu_to_odom' build argument 'cmake_args' from command line to 'None'
[1.112s] Level 5:colcon.colcon_core.verb:set package 'imu_to_odom' build argument 'cmake_target' from command line to 'None'
[1.113s] Level 5:colcon.colcon_core.verb:set package 'imu_to_odom' build argument 'cmake_target_skip_unavailable' from command line to 'False'
[1.113s] Level 5:colcon.colcon_core.verb:set package 'imu_to_odom' build argument 'cmake_clean_cache' from command line to 'False'
[1.113s] Level 5:colcon.colcon_core.verb:set package 'imu_to_odom' build argument 'cmake_clean_first' from command line to 'False'
[1.113s] Level 5:colcon.colcon_core.verb:set package 'imu_to_odom' build argument 'cmake_force_configure' from command line to 'False'
[1.113s] Level 5:colcon.colcon_core.verb:set package 'imu_to_odom' build argument 'ament_cmake_args' from command line to 'None'
[1.113s] Level 5:colcon.colcon_core.verb:set package 'imu_to_odom' build argument 'catkin_cmake_args' from command line to 'None'
[1.113s] Level 5:colcon.colcon_core.verb:set package 'imu_to_odom' build argument 'catkin_skip_building_tests' from command line to 'False'
[1.113s] DEBUG:colcon.colcon_core.verb:Building package 'imu_to_odom' with the following arguments: {'ament_cmake_args': None, 'build_base': '/home/lx/ros2/ros/mid-360_ws/build/imu_to_odom', 'catkin_cmake_args': None, 'catkin_skip_building_tests': False, 'cmake_args': None, 'cmake_clean_cache': False, 'cmake_clean_first': False, 'cmake_force_configure': False, 'cmake_target': None, 'cmake_target_skip_unavailable': False, 'install_base': '/home/lx/ros2/ros/mid-360_ws/install/imu_to_odom', 'merge_install': False, 'path': '/home/lx/ros2/ros/mid-360_ws/src/imu_to_odom', 'symlink_install': False, 'test_result_base': None}
[1.125s] Level 5:colcon.colcon_core.verb:set package 'livox_ros_driver2' build argument 'cmake_args' from command line to 'None'
[1.125s] Level 5:colcon.colcon_core.verb:set package 'livox_ros_driver2' build argument 'cmake_target' from command line to 'None'
[1.125s] Level 5:colcon.colcon_core.verb:set package 'livox_ros_driver2' build argument 'cmake_target_skip_unavailable' from command line to 'False'
[1.126s] Level 5:colcon.colcon_core.verb:set package 'livox_ros_driver2' build argument 'cmake_clean_cache' from command line to 'False'
[1.126s] Level 5:colcon.colcon_core.verb:set package 'livox_ros_driver2' build argument 'cmake_clean_first' from command line to 'False'
[1.126s] Level 5:colcon.colcon_core.verb:set package 'livox_ros_driver2' build argument 'cmake_force_configure' from command line to 'False'
[1.126s] Level 5:colcon.colcon_core.verb:set package 'livox_ros_driver2' build argument 'ament_cmake_args' from command line to 'None'
[1.126s] Level 5:colcon.colcon_core.verb:set package 'livox_ros_driver2' build argument 'catkin_cmake_args' from command line to 'None'
[1.126s] Level 5:colcon.colcon_core.verb:set package 'livox_ros_driver2' build argument 'catkin_skip_building_tests' from command line to 'False'
[1.126s] DEBUG:colcon.colcon_core.verb:Building package 'livox_ros_driver2' with the following arguments: {'ament_cmake_args': None, 'build_base': '/home/lx/ros2/ros/mid-360_ws/build/livox_ros_driver2', 'catkin_cmake_args': None, 'catkin_skip_building_tests': False, 'cmake_args': None, 'cmake_clean_cache': False, 'cmake_clean_first': False, 'cmake_force_configure': False, 'cmake_target': None, 'cmake_target_skip_unavailable': False, 'install_base': '/home/lx/ros2/ros/mid-360_ws/install/livox_ros_driver2', 'merge_install': False, 'path': '/home/lx/ros2/ros/mid-360_ws/src/livox_ros_driver2', 'symlink_install': False, 'test_result_base': None}
[1.138s] Level 5:colcon.colcon_core.verb:set package 'pointcloud_to_laserscan' build argument 'cmake_args' from command line to 'None'
[1.138s] Level 5:colcon.colcon_core.verb:set package 'pointcloud_to_laserscan' build argument 'cmake_target' from command line to 'None'
[1.138s] Level 5:colcon.colcon_core.verb:set package 'pointcloud_to_laserscan' build argument 'cmake_target_skip_unavailable' from command line to 'False'
[1.138s] Level 5:colcon.colcon_core.verb:set package 'pointcloud_to_laserscan' build argument 'cmake_clean_cache' from command line to 'False'
[1.138s] Level 5:colcon.colcon_core.verb:set package 'pointcloud_to_laserscan' build argument 'cmake_clean_first' from command line to 'False'
[1.138s] Level 5:colcon.colcon_core.verb:set package 'pointcloud_to_laserscan' build argument 'cmake_force_configure' from command line to 'False'
[1.138s] Level 5:colcon.colcon_core.verb:set package 'pointcloud_to_laserscan' build argument 'ament_cmake_args' from command line to 'None'
[1.138s] Level 5:colcon.colcon_core.verb:set package 'pointcloud_to_laserscan' build argument 'catkin_cmake_args' from command line to 'None'
[1.138s] Level 5:colcon.colcon_core.verb:set package 'pointcloud_to_laserscan' build argument 'catkin_skip_building_tests' from command line to 'False'
[1.138s] DEBUG:colcon.colcon_core.verb:Building package 'pointcloud_to_laserscan' with the following arguments: {'ament_cmake_args': None, 'build_base': '/home/lx/ros2/ros/mid-360_ws/build/pointcloud_to_laserscan', 'catkin_cmake_args': None, 'catkin_skip_building_tests': False, 'cmake_args': None, 'cmake_clean_cache': False, 'cmake_clean_first': False, 'cmake_force_configure': False, 'cmake_target': None, 'cmake_target_skip_unavailable': False, 'install_base': '/home/lx/ros2/ros/mid-360_ws/install/pointcloud_to_laserscan', 'merge_install': False, 'path': '/home/lx/ros2/ros/mid-360_ws/src/pointcloud_to_laserscan', 'symlink_install': False, 'test_result_base': None}
[1.151s] Level 5:colcon.colcon_core.verb:set package 'fast_lio' build argument 'cmake_args' from command line to 'None'
[1.151s] Level 5:colcon.colcon_core.verb:set package 'fast_lio' build argument 'cmake_target' from command line to 'None'
[1.151s] Level 5:colcon.colcon_core.verb:set package 'fast_lio' build argument 'cmake_target_skip_unavailable' from command line to 'False'
[1.151s] Level 5:colcon.colcon_core.verb:set package 'fast_lio' build argument 'cmake_clean_cache' from command line to 'False'
[1.151s] Level 5:colcon.colcon_core.verb:set package 'fast_lio' build argument 'cmake_clean_first' from command line to 'False'
[1.151s] Level 5:colcon.colcon_core.verb:set package 'fast_lio' build argument 'cmake_force_configure' from command line to 'False'
[1.151s] Level 5:colcon.colcon_core.verb:set package 'fast_lio' build argument 'ament_cmake_args' from command line to 'None'
[1.151s] Level 5:colcon.colcon_core.verb:set package 'fast_lio' build argument 'catkin_cmake_args' from command line to 'None'
[1.151s] Level 5:colcon.colcon_core.verb:set package 'fast_lio' build argument 'catkin_skip_building_tests' from command line to 'False'
[1.151s] DEBUG:colcon.colcon_core.verb:Building package 'fast_lio' with the following arguments: {'ament_cmake_args': None, 'build_base': '/home/lx/ros2/ros/mid-360_ws/build/fast_lio', 'catkin_cmake_args': None, 'catkin_skip_building_tests': False, 'cmake_args': None, 'cmake_clean_cache': False, 'cmake_clean_first': False, 'cmake_force_configure': False, 'cmake_target': None, 'cmake_target_skip_unavailable': False, 'install_base': '/home/lx/ros2/ros/mid-360_ws/install/fast_lio', 'merge_install': False, 'path': '/home/lx/ros2/ros/mid-360_ws/src/FAST_LIO', 'symlink_install': False, 'test_result_base': None}
[1.163s] INFO:colcon.colcon_core.executor:Executing jobs using 'parallel' executor
[1.177s] DEBUG:colcon.colcon_parallel_executor.executor.parallel:run_until_complete
[1.177s] INFO:colcon.colcon_ros.task.ament_cmake.build:Building ROS package in '/home/lx/ros2/ros/mid-360_ws/src/livox_ros_driver2' with build type 'ament_cmake'
[1.177s] INFO:colcon.colcon_cmake.task.cmake.build:Building CMake package in '/home/lx/ros2/ros/mid-360_ws/src/livox_ros_driver2'
[1.191s] INFO:colcon.colcon_core.plugin_system:Skipping extension 'colcon_core.shell.bat': Not used on non-Windows systems
[1.191s] INFO:colcon.colcon_core.shell:Skip shell extension 'powershell' for command environment: Not usable outside of PowerShell
[1.191s] DEBUG:colcon.colcon_core.shell:Skip shell extension 'dsv' for command environment
[1.232s] INFO:colcon.colcon_ros.task.ament_cmake.build:Building ROS package in '/home/lx/ros2/ros/mid-360_ws/src/imu_to_odom' with build type 'ament_cmake'
[1.232s] INFO:colcon.colcon_cmake.task.cmake.build:Building CMake package in '/home/lx/ros2/ros/mid-360_ws/src/imu_to_odom'
[1.245s] INFO:colcon.colcon_core.shell:Skip shell extension 'powershell' for command environment: Not usable outside of PowerShell
[1.245s] DEBUG:colcon.colcon_core.shell:Skip shell extension 'dsv' for command environment
[1.284s] INFO:colcon.colcon_ros.task.ament_cmake.build:Building ROS package in '/home/lx/ros2/ros/mid-360_ws/src/pointcloud_to_laserscan' with build type 'ament_cmake'
[1.284s] INFO:colcon.colcon_cmake.task.cmake.build:Building CMake package in '/home/lx/ros2/ros/mid-360_ws/src/pointcloud_to_laserscan'
[1.297s] INFO:colcon.colcon_core.shell:Skip shell extension 'powershell' for command environment: Not usable outside of PowerShell
[1.298s] DEBUG:colcon.colcon_core.shell:Skip shell extension 'dsv' for command environment
[1.342s] DEBUG:colcon.colcon_core.event_handler.log_command:Invoking command in '/home/lx/ros2/ros/mid-360_ws/build/livox_ros_driver2': CMAKE_PREFIX_PATH=${CMAKE_PREFIX_PATH}:/opt/ros/humble /usr/bin/cmake --build /home/lx/ros2/ros/mid-360_ws/build/livox_ros_driver2 -- -j12 -l12
[1.345s] DEBUG:colcon.colcon_core.event_handler.log_command:Invoking command in '/home/lx/ros2/ros/mid-360_ws/build/imu_to_odom': CMAKE_PREFIX_PATH=${CMAKE_PREFIX_PATH}:/opt/ros/humble /usr/bin/cmake --build /home/lx/ros2/ros/mid-360_ws/build/imu_to_odom -- -j12 -l12
[1.348s] DEBUG:colcon.colcon_core.event_handler.log_command:Invoking command in '/home/lx/ros2/ros/mid-360_ws/build/pointcloud_to_laserscan': CMAKE_PREFIX_PATH=${CMAKE_PREFIX_PATH}:/opt/ros/humble /usr/bin/cmake --build /home/lx/ros2/ros/mid-360_ws/build/pointcloud_to_laserscan -- -j12 -l12
[1.405s] DEBUG:colcon.colcon_core.event_handler.log_command:Invoked command in '/home/lx/ros2/ros/mid-360_ws/build/imu_to_odom' returned '0': CMAKE_PREFIX_PATH=${CMAKE_PREFIX_PATH}:/opt/ros/humble /usr/bin/cmake --build /home/lx/ros2/ros/mid-360_ws/build/imu_to_odom -- -j12 -l12
[1.442s] DEBUG:colcon.colcon_core.event_handler.log_command:Invoking command in '/home/lx/ros2/ros/mid-360_ws/build/imu_to_odom': CMAKE_PREFIX_PATH=${CMAKE_PREFIX_PATH}:/opt/ros/humble /usr/bin/cmake --install /home/lx/ros2/ros/mid-360_ws/build/imu_to_odom
[1.453s] Level 1:colcon.colcon_core.environment:create_environment_scripts_only(imu_to_odom)
[1.454s] DEBUG:colcon.colcon_core.event_handler.log_command:Invoked command in '/home/lx/ros2/ros/mid-360_ws/build/imu_to_odom' returned '0': CMAKE_PREFIX_PATH=${CMAKE_PREFIX_PATH}:/opt/ros/humble /usr/bin/cmake --install /home/lx/ros2/ros/mid-360_ws/build/imu_to_odom
[1.477s] Level 1:colcon.colcon_core.environment:checking '/home/lx/ros2/ros/mid-360_ws/install/imu_to_odom' for CMake module files
[1.477s] Level 1:colcon.colcon_core.environment:checking '/home/lx/ros2/ros/mid-360_ws/install/imu_to_odom' for CMake config files
[1.478s] Level 1:colcon.colcon_core.shell:create_environment_hook('imu_to_odom', 'cmake_prefix_path')
[1.493s] INFO:colcon.colcon_core.shell:Creating environment hook '/home/lx/ros2/ros/mid-360_ws/install/imu_to_odom/share/imu_to_odom/hook/cmake_prefix_path.ps1'
[1.495s] INFO:colcon.colcon_core.shell:Creating environment descriptor '/home/lx/ros2/ros/mid-360_ws/install/imu_to_odom/share/imu_to_odom/hook/cmake_prefix_path.dsv'
[1.495s] INFO:colcon.colcon_core.shell:Creating environment hook '/home/lx/ros2/ros/mid-360_ws/install/imu_to_odom/share/imu_to_odom/hook/cmake_prefix_path.sh'
[1.497s] Level 1:colcon.colcon_core.environment:checking '/home/lx/ros2/ros/mid-360_ws/install/imu_to_odom/lib'
[1.497s] Level 1:colcon.colcon_core.environment:checking '/home/lx/ros2/ros/mid-360_ws/install/imu_to_odom/bin'
[1.497s] Level 1:colcon.colcon_core.environment:checking '/home/lx/ros2/ros/mid-360_ws/install/imu_to_odom/lib/pkgconfig/imu_to_odom.pc'
[1.498s] Level 1:colcon.colcon_core.environment:checking '/home/lx/ros2/ros/mid-360_ws/install/imu_to_odom/lib/python3.10/site-packages'
[1.498s] Level 1:colcon.colcon_core.environment:checking '/home/lx/ros2/ros/mid-360_ws/install/imu_to_odom/bin'
[1.524s] INFO:colcon.colcon_core.shell:Creating package script '/home/lx/ros2/ros/mid-360_ws/install/imu_to_odom/share/imu_to_odom/package.ps1'
[1.525s] INFO:colcon.colcon_core.shell:Creating package descriptor '/home/lx/ros2/ros/mid-360_ws/install/imu_to_odom/share/imu_to_odom/package.dsv'
[1.527s] INFO:colcon.colcon_core.shell:Creating package script '/home/lx/ros2/ros/mid-360_ws/install/imu_to_odom/share/imu_to_odom/package.sh'
[1.528s] INFO:colcon.colcon_core.shell:Creating package script '/home/lx/ros2/ros/mid-360_ws/install/imu_to_odom/share/imu_to_odom/package.bash'
[1.529s] INFO:colcon.colcon_core.shell:Creating package script '/home/lx/ros2/ros/mid-360_ws/install/imu_to_odom/share/imu_to_odom/package.zsh'
[1.530s] Level 1:colcon.colcon_core.environment:create_file_with_runtime_dependencies(/home/lx/ros2/ros/mid-360_ws/install/imu_to_odom/share/colcon-core/packages/imu_to_odom)
[1.533s] DEBUG:colcon.colcon_core.event_handler.log_command:Invoked command in '/home/lx/ros2/ros/mid-360_ws/build/pointcloud_to_laserscan' returned '0': CMAKE_PREFIX_PATH=${CMAKE_PREFIX_PATH}:/opt/ros/humble /usr/bin/cmake --build /home/lx/ros2/ros/mid-360_ws/build/pointcloud_to_laserscan -- -j12 -l12
[1.575s] Level 1:colcon.colcon_core.environment:create_environment_scripts_only(imu_to_odom)
[1.595s] Level 1:colcon.colcon_core.environment:checking '/home/lx/ros2/ros/mid-360_ws/install/imu_to_odom' for CMake module files
[1.596s] Level 1:colcon.colcon_core.environment:checking '/home/lx/ros2/ros/mid-360_ws/install/imu_to_odom' for CMake config files
[1.596s] Level 1:colcon.colcon_core.shell:create_environment_hook('imu_to_odom', 'cmake_prefix_path')
[1.609s] INFO:colcon.colcon_core.shell:Creating environment hook '/home/lx/ros2/ros/mid-360_ws/install/imu_to_odom/share/imu_to_odom/hook/cmake_prefix_path.ps1'
[1.609s] INFO:colcon.colcon_core.shell:Creating environment descriptor '/home/lx/ros2/ros/mid-360_ws/install/imu_to_odom/share/imu_to_odom/hook/cmake_prefix_path.dsv'
[1.610s] INFO:colcon.colcon_core.shell:Creating environment hook '/home/lx/ros2/ros/mid-360_ws/install/imu_to_odom/share/imu_to_odom/hook/cmake_prefix_path.sh'
[1.610s] Level 1:colcon.colcon_core.environment:checking '/home/lx/ros2/ros/mid-360_ws/install/imu_to_odom/lib'
[1.610s] Level 1:colcon.colcon_core.environment:checking '/home/lx/ros2/ros/mid-360_ws/install/imu_to_odom/bin'
[1.610s] Level 1:colcon.colcon_core.environment:checking '/home/lx/ros2/ros/mid-360_ws/install/imu_to_odom/lib/pkgconfig/imu_to_odom.pc'
[1.610s] Level 1:colcon.colcon_core.environment:checking '/home/lx/ros2/ros/mid-360_ws/install/imu_to_odom/lib/python3.10/site-packages'
[1.611s] Level 1:colcon.colcon_core.environment:checking '/home/lx/ros2/ros/mid-360_ws/install/imu_to_odom/bin'
[1.623s] INFO:colcon.colcon_core.shell:Creating package script '/home/lx/ros2/ros/mid-360_ws/install/imu_to_odom/share/imu_to_odom/package.ps1'
[1.624s] INFO:colcon.colcon_core.shell:Creating package descriptor '/home/lx/ros2/ros/mid-360_ws/install/imu_to_odom/share/imu_to_odom/package.dsv'
[1.624s] INFO:colcon.colcon_core.shell:Creating package script '/home/lx/ros2/ros/mid-360_ws/install/imu_to_odom/share/imu_to_odom/package.sh'
[1.624s] INFO:colcon.colcon_core.shell:Creating package script '/home/lx/ros2/ros/mid-360_ws/install/imu_to_odom/share/imu_to_odom/package.bash'
[1.625s] INFO:colcon.colcon_core.shell:Creating package script '/home/lx/ros2/ros/mid-360_ws/install/imu_to_odom/share/imu_to_odom/package.zsh'
[1.625s] Level 1:colcon.colcon_core.environment:create_file_with_runtime_dependencies(/home/lx/ros2/ros/mid-360_ws/install/imu_to_odom/share/colcon-core/packages/imu_to_odom)
[1.627s] DEBUG:colcon.colcon_core.event_handler.log_command:Invoking command in '/home/lx/ros2/ros/mid-360_ws/build/pointcloud_to_laserscan': CMAKE_PREFIX_PATH=${CMAKE_PREFIX_PATH}:/opt/ros/humble /usr/bin/cmake --install /home/lx/ros2/ros/mid-360_ws/build/pointcloud_to_laserscan
[1.636s] Level 1:colcon.colcon_core.environment:create_environment_scripts_only(pointcloud_to_laserscan)
[1.636s] DEBUG:colcon.colcon_core.event_handler.log_command:Invoked command in '/home/lx/ros2/ros/mid-360_ws/build/pointcloud_to_laserscan' returned '0': CMAKE_PREFIX_PATH=${CMAKE_PREFIX_PATH}:/opt/ros/humble /usr/bin/cmake --install /home/lx/ros2/ros/mid-360_ws/build/pointcloud_to_laserscan
[1.650s] Level 1:colcon.colcon_core.environment:checking '/home/lx/ros2/ros/mid-360_ws/install/pointcloud_to_laserscan' for CMake module files
[1.651s] Level 1:colcon.colcon_core.environment:checking '/home/lx/ros2/ros/mid-360_ws/install/pointcloud_to_laserscan' for CMake config files
[1.651s] Level 1:colcon.colcon_core.shell:create_environment_hook('pointcloud_to_laserscan', 'cmake_prefix_path')
[1.664s] INFO:colcon.colcon_core.shell:Creating environment hook '/home/lx/ros2/ros/mid-360_ws/install/pointcloud_to_laserscan/share/pointcloud_to_laserscan/hook/cmake_prefix_path.ps1'
[1.664s] INFO:colcon.colcon_core.shell:Creating environment descriptor '/home/lx/ros2/ros/mid-360_ws/install/pointcloud_to_laserscan/share/pointcloud_to_laserscan/hook/cmake_prefix_path.dsv'
[1.665s] INFO:colcon.colcon_core.shell:Creating environment hook '/home/lx/ros2/ros/mid-360_ws/install/pointcloud_to_laserscan/share/pointcloud_to_laserscan/hook/cmake_prefix_path.sh'
[1.665s] Level 1:colcon.colcon_core.environment:checking '/home/lx/ros2/ros/mid-360_ws/install/pointcloud_to_laserscan/lib'
[1.665s] Level 1:colcon.colcon_core.shell:create_environment_hook('pointcloud_to_laserscan', 'ld_library_path_lib')
[1.680s] INFO:colcon.colcon_core.shell:Creating environment hook '/home/lx/ros2/ros/mid-360_ws/install/pointcloud_to_laserscan/share/pointcloud_to_laserscan/hook/ld_library_path_lib.ps1'
[1.680s] INFO:colcon.colcon_core.shell:Creating environment descriptor '/home/lx/ros2/ros/mid-360_ws/install/pointcloud_to_laserscan/share/pointcloud_to_laserscan/hook/ld_library_path_lib.dsv'
[1.680s] INFO:colcon.colcon_core.shell:Creating environment hook '/home/lx/ros2/ros/mid-360_ws/install/pointcloud_to_laserscan/share/pointcloud_to_laserscan/hook/ld_library_path_lib.sh'
[1.680s] Level 1:colcon.colcon_core.environment:checking '/home/lx/ros2/ros/mid-360_ws/install/pointcloud_to_laserscan/bin'
[1.680s] Level 1:colcon.colcon_core.environment:checking '/home/lx/ros2/ros/mid-360_ws/install/pointcloud_to_laserscan/lib/pkgconfig/pointcloud_to_laserscan.pc'
[1.681s] Level 1:colcon.colcon_core.environment:checking '/home/lx/ros2/ros/mid-360_ws/install/pointcloud_to_laserscan/lib/python3.10/site-packages'
[1.681s] Level 1:colcon.colcon_core.environment:checking '/home/lx/ros2/ros/mid-360_ws/install/pointcloud_to_laserscan/bin'
[1.696s] INFO:colcon.colcon_core.shell:Creating package script '/home/lx/ros2/ros/mid-360_ws/install/pointcloud_to_laserscan/share/pointcloud_to_laserscan/package.ps1'
[1.697s] INFO:colcon.colcon_core.shell:Creating package descriptor '/home/lx/ros2/ros/mid-360_ws/install/pointcloud_to_laserscan/share/pointcloud_to_laserscan/package.dsv'
[1.697s] INFO:colcon.colcon_core.shell:Creating package script '/home/lx/ros2/ros/mid-360_ws/install/pointcloud_to_laserscan/share/pointcloud_to_laserscan/package.sh'
[1.697s] INFO:colcon.colcon_core.shell:Creating package script '/home/lx/ros2/ros/mid-360_ws/install/pointcloud_to_laserscan/share/pointcloud_to_laserscan/package.bash'
[1.697s] INFO:colcon.colcon_core.shell:Creating package script '/home/lx/ros2/ros/mid-360_ws/install/pointcloud_to_laserscan/share/pointcloud_to_laserscan/package.zsh'
[1.698s] Level 1:colcon.colcon_core.environment:create_file_with_runtime_dependencies(/home/lx/ros2/ros/mid-360_ws/install/pointcloud_to_laserscan/share/colcon-core/packages/pointcloud_to_laserscan)
[1.699s] DEBUG:colcon.colcon_core.event_handler.log_command:Invoked command in '/home/lx/ros2/ros/mid-360_ws/build/livox_ros_driver2' returned '0': CMAKE_PREFIX_PATH=${CMAKE_PREFIX_PATH}:/opt/ros/humble /usr/bin/cmake --build /home/lx/ros2/ros/mid-360_ws/build/livox_ros_driver2 -- -j12 -l12
[1.736s] Level 1:colcon.colcon_core.environment:create_environment_scripts_only(pointcloud_to_laserscan)
[1.749s] Level 1:colcon.colcon_core.environment:checking '/home/lx/ros2/ros/mid-360_ws/install/pointcloud_to_laserscan' for CMake module files
[1.750s] Level 1:colcon.colcon_core.environment:checking '/home/lx/ros2/ros/mid-360_ws/install/pointcloud_to_laserscan' for CMake config files
[1.750s] Level 1:colcon.colcon_core.shell:create_environment_hook('pointcloud_to_laserscan', 'cmake_prefix_path')
[1.763s] INFO:colcon.colcon_core.shell:Creating environment hook '/home/lx/ros2/ros/mid-360_ws/install/pointcloud_to_laserscan/share/pointcloud_to_laserscan/hook/cmake_prefix_path.ps1'
[1.764s] INFO:colcon.colcon_core.shell:Creating environment descriptor '/home/lx/ros2/ros/mid-360_ws/install/pointcloud_to_laserscan/share/pointcloud_to_laserscan/hook/cmake_prefix_path.dsv'
[1.764s] INFO:colcon.colcon_core.shell:Creating environment hook '/home/lx/ros2/ros/mid-360_ws/install/pointcloud_to_laserscan/share/pointcloud_to_laserscan/hook/cmake_prefix_path.sh'
[1.764s] Level 1:colcon.colcon_core.environment:checking '/home/lx/ros2/ros/mid-360_ws/install/pointcloud_to_laserscan/lib'
[1.764s] Level 1:colcon.colcon_core.shell:create_environment_hook('pointcloud_to_laserscan', 'ld_library_path_lib')
[1.778s] INFO:colcon.colcon_core.shell:Creating environment hook '/home/lx/ros2/ros/mid-360_ws/install/pointcloud_to_laserscan/share/pointcloud_to_laserscan/hook/ld_library_path_lib.ps1'
[1.778s] INFO:colcon.colcon_core.shell:Creating environment descriptor '/home/lx/ros2/ros/mid-360_ws/install/pointcloud_to_laserscan/share/pointcloud_to_laserscan/hook/ld_library_path_lib.dsv'
[1.779s] INFO:colcon.colcon_core.shell:Creating environment hook '/home/lx/ros2/ros/mid-360_ws/install/pointcloud_to_laserscan/share/pointcloud_to_laserscan/hook/ld_library_path_lib.sh'
[1.779s] Level 1:colcon.colcon_core.environment:checking '/home/lx/ros2/ros/mid-360_ws/install/pointcloud_to_laserscan/bin'
[1.779s] Level 1:colcon.colcon_core.environment:checking '/home/lx/ros2/ros/mid-360_ws/install/pointcloud_to_laserscan/lib/pkgconfig/pointcloud_to_laserscan.pc'
[1.779s] Level 1:colcon.colcon_core.environment:checking '/home/lx/ros2/ros/mid-360_ws/install/pointcloud_to_laserscan/lib/python3.10/site-packages'
[1.779s] Level 1:colcon.colcon_core.environment:checking '/home/lx/ros2/ros/mid-360_ws/install/pointcloud_to_laserscan/bin'
[1.793s] INFO:colcon.colcon_core.shell:Creating package script '/home/lx/ros2/ros/mid-360_ws/install/pointcloud_to_laserscan/share/pointcloud_to_laserscan/package.ps1'
[1.794s] INFO:colcon.colcon_core.shell:Creating package descriptor '/home/lx/ros2/ros/mid-360_ws/install/pointcloud_to_laserscan/share/pointcloud_to_laserscan/package.dsv'
[1.794s] INFO:colcon.colcon_core.shell:Creating package script '/home/lx/ros2/ros/mid-360_ws/install/pointcloud_to_laserscan/share/pointcloud_to_laserscan/package.sh'
[1.794s] INFO:colcon.colcon_core.shell:Creating package script '/home/lx/ros2/ros/mid-360_ws/install/pointcloud_to_laserscan/share/pointcloud_to_laserscan/package.bash'
[1.795s] INFO:colcon.colcon_core.shell:Creating package script '/home/lx/ros2/ros/mid-360_ws/install/pointcloud_to_laserscan/share/pointcloud_to_laserscan/package.zsh'
[1.795s] Level 1:colcon.colcon_core.environment:create_file_with_runtime_dependencies(/home/lx/ros2/ros/mid-360_ws/install/pointcloud_to_laserscan/share/colcon-core/packages/pointcloud_to_laserscan)
[1.797s] DEBUG:colcon.colcon_core.event_handler.log_command:Invoking command in '/home/lx/ros2/ros/mid-360_ws/build/livox_ros_driver2': CMAKE_PREFIX_PATH=${CMAKE_PREFIX_PATH}:/opt/ros/humble /usr/bin/cmake --install /home/lx/ros2/ros/mid-360_ws/build/livox_ros_driver2
[1.845s] Level 1:colcon.colcon_core.environment:create_environment_scripts_only(livox_ros_driver2)
[1.845s] DEBUG:colcon.colcon_core.event_handler.log_command:Invoked command in '/home/lx/ros2/ros/mid-360_ws/build/livox_ros_driver2' returned '0': CMAKE_PREFIX_PATH=${CMAKE_PREFIX_PATH}:/opt/ros/humble /usr/bin/cmake --install /home/lx/ros2/ros/mid-360_ws/build/livox_ros_driver2
[1.858s] Level 1:colcon.colcon_core.environment:checking '/home/lx/ros2/ros/mid-360_ws/install/livox_ros_driver2' for CMake module files
[1.859s] Level 1:colcon.colcon_core.environment:checking '/home/lx/ros2/ros/mid-360_ws/install/livox_ros_driver2' for CMake config files
[1.859s] Level 1:colcon.colcon_core.shell:create_environment_hook('livox_ros_driver2', 'cmake_prefix_path')
[1.872s] INFO:colcon.colcon_core.shell:Creating environment hook '/home/lx/ros2/ros/mid-360_ws/install/livox_ros_driver2/share/livox_ros_driver2/hook/cmake_prefix_path.ps1'
[1.872s] INFO:colcon.colcon_core.shell:Creating environment descriptor '/home/lx/ros2/ros/mid-360_ws/install/livox_ros_driver2/share/livox_ros_driver2/hook/cmake_prefix_path.dsv'
[1.872s] INFO:colcon.colcon_core.shell:Creating environment hook '/home/lx/ros2/ros/mid-360_ws/install/livox_ros_driver2/share/livox_ros_driver2/hook/cmake_prefix_path.sh'
[1.872s] Level 1:colcon.colcon_core.environment:checking '/home/lx/ros2/ros/mid-360_ws/install/livox_ros_driver2/lib'
[1.873s] Level 1:colcon.colcon_core.shell:create_environment_hook('livox_ros_driver2', 'ld_library_path_lib')
[1.886s] INFO:colcon.colcon_core.shell:Creating environment hook '/home/lx/ros2/ros/mid-360_ws/install/livox_ros_driver2/share/livox_ros_driver2/hook/ld_library_path_lib.ps1'
[1.886s] INFO:colcon.colcon_core.shell:Creating environment descriptor '/home/lx/ros2/ros/mid-360_ws/install/livox_ros_driver2/share/livox_ros_driver2/hook/ld_library_path_lib.dsv'
[1.887s] INFO:colcon.colcon_core.shell:Creating environment hook '/home/lx/ros2/ros/mid-360_ws/install/livox_ros_driver2/share/livox_ros_driver2/hook/ld_library_path_lib.sh'
[1.887s] Level 1:colcon.colcon_core.environment:checking '/home/lx/ros2/ros/mid-360_ws/install/livox_ros_driver2/bin'
[1.887s] Level 1:colcon.colcon_core.environment:checking '/home/lx/ros2/ros/mid-360_ws/install/livox_ros_driver2/lib/pkgconfig/livox_ros_driver2.pc'
[1.887s] Level 1:colcon.colcon_core.environment:checking '/home/lx/ros2/ros/mid-360_ws/install/livox_ros_driver2/lib/python3.10/site-packages'
[1.887s] Level 1:colcon.colcon_core.environment:checking '/home/lx/ros2/ros/mid-360_ws/install/livox_ros_driver2/bin'
[1.900s] INFO:colcon.colcon_core.shell:Creating package script '/home/lx/ros2/ros/mid-360_ws/install/livox_ros_driver2/share/livox_ros_driver2/package.ps1'
[1.901s] INFO:colcon.colcon_core.shell:Creating package descriptor '/home/lx/ros2/ros/mid-360_ws/install/livox_ros_driver2/share/livox_ros_driver2/package.dsv'
[1.901s] INFO:colcon.colcon_core.shell:Creating package script '/home/lx/ros2/ros/mid-360_ws/install/livox_ros_driver2/share/livox_ros_driver2/package.sh'
[1.901s] INFO:colcon.colcon_core.shell:Creating package script '/home/lx/ros2/ros/mid-360_ws/install/livox_ros_driver2/share/livox_ros_driver2/package.bash'
[1.901s] INFO:colcon.colcon_core.shell:Creating package script '/home/lx/ros2/ros/mid-360_ws/install/livox_ros_driver2/share/livox_ros_driver2/package.zsh'
[1.902s] Level 1:colcon.colcon_core.environment:create_file_with_runtime_dependencies(/home/lx/ros2/ros/mid-360_ws/install/livox_ros_driver2/share/colcon-core/packages/livox_ros_driver2)
[1.989s] Level 1:colcon.colcon_core.environment:create_environment_scripts_only(livox_ros_driver2)
[2.001s] Level 1:colcon.colcon_core.environment:checking '/home/lx/ros2/ros/mid-360_ws/install/livox_ros_driver2' for CMake module files
[2.002s] Level 1:colcon.colcon_core.environment:checking '/home/lx/ros2/ros/mid-360_ws/install/livox_ros_driver2' for CMake config files
[2.002s] Level 1:colcon.colcon_core.shell:create_environment_hook('livox_ros_driver2', 'cmake_prefix_path')
[2.015s] INFO:colcon.colcon_core.shell:Creating environment hook '/home/lx/ros2/ros/mid-360_ws/install/livox_ros_driver2/share/livox_ros_driver2/hook/cmake_prefix_path.ps1'
[2.015s] INFO:colcon.colcon_core.shell:Creating environment descriptor '/home/lx/ros2/ros/mid-360_ws/install/livox_ros_driver2/share/livox_ros_driver2/hook/cmake_prefix_path.dsv'
[2.016s] INFO:colcon.colcon_core.shell:Creating environment hook '/home/lx/ros2/ros/mid-360_ws/install/livox_ros_driver2/share/livox_ros_driver2/hook/cmake_prefix_path.sh'
[2.016s] Level 1:colcon.colcon_core.environment:checking '/home/lx/ros2/ros/mid-360_ws/install/livox_ros_driver2/lib'
[2.016s] Level 1:colcon.colcon_core.shell:create_environment_hook('livox_ros_driver2', 'ld_library_path_lib')
[2.029s] INFO:colcon.colcon_core.shell:Creating environment hook '/home/lx/ros2/ros/mid-360_ws/install/livox_ros_driver2/share/livox_ros_driver2/hook/ld_library_path_lib.ps1'
[2.029s] INFO:colcon.colcon_core.shell:Creating environment descriptor '/home/lx/ros2/ros/mid-360_ws/install/livox_ros_driver2/share/livox_ros_driver2/hook/ld_library_path_lib.dsv'
[2.030s] INFO:colcon.colcon_core.shell:Creating environment hook '/home/lx/ros2/ros/mid-360_ws/install/livox_ros_driver2/share/livox_ros_driver2/hook/ld_library_path_lib.sh'
[2.030s] Level 1:colcon.colcon_core.environment:checking '/home/lx/ros2/ros/mid-360_ws/install/livox_ros_driver2/bin'
[2.030s] Level 1:colcon.colcon_core.environment:checking '/home/lx/ros2/ros/mid-360_ws/install/livox_ros_driver2/lib/pkgconfig/livox_ros_driver2.pc'
[2.030s] Level 1:colcon.colcon_core.environment:checking '/home/lx/ros2/ros/mid-360_ws/install/livox_ros_driver2/lib/python3.10/site-packages'
[2.030s] Level 1:colcon.colcon_core.environment:checking '/home/lx/ros2/ros/mid-360_ws/install/livox_ros_driver2/bin'
[2.045s] INFO:colcon.colcon_core.shell:Creating package script '/home/lx/ros2/ros/mid-360_ws/install/livox_ros_driver2/share/livox_ros_driver2/package.ps1'
[2.046s] INFO:colcon.colcon_core.shell:Creating package descriptor '/home/lx/ros2/ros/mid-360_ws/install/livox_ros_driver2/share/livox_ros_driver2/package.dsv'
[2.046s] INFO:colcon.colcon_core.shell:Creating package script '/home/lx/ros2/ros/mid-360_ws/install/livox_ros_driver2/share/livox_ros_driver2/package.sh'
[2.047s] INFO:colcon.colcon_core.shell:Creating package script '/home/lx/ros2/ros/mid-360_ws/install/livox_ros_driver2/share/livox_ros_driver2/package.bash'
[2.047s] INFO:colcon.colcon_core.shell:Creating package script '/home/lx/ros2/ros/mid-360_ws/install/livox_ros_driver2/share/livox_ros_driver2/package.zsh'
[2.047s] Level 1:colcon.colcon_core.environment:create_file_with_runtime_dependencies(/home/lx/ros2/ros/mid-360_ws/install/livox_ros_driver2/share/colcon-core/packages/livox_ros_driver2)
[2.047s] INFO:colcon.colcon_ros.task.ament_cmake.build:Building ROS package in '/home/lx/ros2/ros/mid-360_ws/src/FAST_LIO' with build type 'ament_cmake'
[2.048s] INFO:colcon.colcon_cmake.task.cmake.build:Building CMake package in '/home/lx/ros2/ros/mid-360_ws/src/FAST_LIO'
[2.061s] INFO:colcon.colcon_core.shell:Skip shell extension 'powershell' for command environment: Not usable outside of PowerShell
[2.061s] DEBUG:colcon.colcon_core.shell:Skip shell extension 'dsv' for command environment
[2.107s] DEBUG:colcon.colcon_core.event_handler.log_command:Invoking command in '/home/lx/ros2/ros/mid-360_ws/build/fast_lio': CMAKE_PREFIX_PATH=/home/lx/ros2/ros/mid-360_ws/install/livox_ros_driver2:/home/lx/ros2/ros/mid-360_ws/install/imu_to_odom:/home/lx/ros2/ros/mid-360_ws/install/pointcloud_to_laserscan:/home/lx/ros2/ros/mid-360_ws/install/fast_lio:/opt/ros/humble LD_LIBRARY_PATH=/home/lx/ros2/ros/mid-360_ws/install/livox_ros_driver2/lib:/home/lx/ros2/ros/mid-360_ws/install/pointcloud_to_laserscan/lib:/home/lx/ros2/ros/mid-360_ws/install/fast_lio/lib:/usr/lib/x86_64-linux-gnu/gazebo-11/plugins:/opt/ros/humble/opt/rviz_ogre_vendor/lib:/opt/ros/humble/lib/x86_64-linux-gnu:/opt/ros/humble/lib /usr/bin/cmake --build /home/lx/ros2/ros/mid-360_ws/build/fast_lio -- -j12 -l12
[2.421s] DEBUG:colcon.colcon_core.event_handler.log_command:Invoked command in '/home/lx/ros2/ros/mid-360_ws/build/fast_lio' returned '0': CMAKE_PREFIX_PATH=/home/lx/ros2/ros/mid-360_ws/install/livox_ros_driver2:/home/lx/ros2/ros/mid-360_ws/install/imu_to_odom:/home/lx/ros2/ros/mid-360_ws/install/pointcloud_to_laserscan:/home/lx/ros2/ros/mid-360_ws/install/fast_lio:/opt/ros/humble LD_LIBRARY_PATH=/home/lx/ros2/ros/mid-360_ws/install/livox_ros_driver2/lib:/home/lx/ros2/ros/mid-360_ws/install/pointcloud_to_laserscan/lib:/home/lx/ros2/ros/mid-360_ws/install/fast_lio/lib:/usr/lib/x86_64-linux-gnu/gazebo-11/plugins:/opt/ros/humble/opt/rviz_ogre_vendor/lib:/opt/ros/humble/lib/x86_64-linux-gnu:/opt/ros/humble/lib /usr/bin/cmake --build /home/lx/ros2/ros/mid-360_ws/build/fast_lio -- -j12 -l12
[2.470s] DEBUG:colcon.colcon_core.event_handler.log_command:Invoking command in '/home/lx/ros2/ros/mid-360_ws/build/fast_lio': CMAKE_PREFIX_PATH=/home/lx/ros2/ros/mid-360_ws/install/livox_ros_driver2:/home/lx/ros2/ros/mid-360_ws/install/imu_to_odom:/home/lx/ros2/ros/mid-360_ws/install/pointcloud_to_laserscan:/home/lx/ros2/ros/mid-360_ws/install/fast_lio:/opt/ros/humble LD_LIBRARY_PATH=/home/lx/ros2/ros/mid-360_ws/install/livox_ros_driver2/lib:/home/lx/ros2/ros/mid-360_ws/install/pointcloud_to_laserscan/lib:/home/lx/ros2/ros/mid-360_ws/install/fast_lio/lib:/usr/lib/x86_64-linux-gnu/gazebo-11/plugins:/opt/ros/humble/opt/rviz_ogre_vendor/lib:/opt/ros/humble/lib/x86_64-linux-gnu:/opt/ros/humble/lib /usr/bin/cmake --install /home/lx/ros2/ros/mid-360_ws/build/fast_lio
[2.514s] Level 1:colcon.colcon_core.environment:create_environment_scripts_only(fast_lio)
[2.519s] DEBUG:colcon.colcon_core.event_handler.log_command:Invoked command in '/home/lx/ros2/ros/mid-360_ws/build/fast_lio' returned '0': CMAKE_PREFIX_PATH=/home/lx/ros2/ros/mid-360_ws/install/livox_ros_driver2:/home/lx/ros2/ros/mid-360_ws/install/imu_to_odom:/home/lx/ros2/ros/mid-360_ws/install/pointcloud_to_laserscan:/home/lx/ros2/ros/mid-360_ws/install/fast_lio:/opt/ros/humble LD_LIBRARY_PATH=/home/lx/ros2/ros/mid-360_ws/install/livox_ros_driver2/lib:/home/lx/ros2/ros/mid-360_ws/install/pointcloud_to_laserscan/lib:/home/lx/ros2/ros/mid-360_ws/install/fast_lio/lib:/usr/lib/x86_64-linux-gnu/gazebo-11/plugins:/opt/ros/humble/opt/rviz_ogre_vendor/lib:/opt/ros/humble/lib/x86_64-linux-gnu:/opt/ros/humble/lib /usr/bin/cmake --install /home/lx/ros2/ros/mid-360_ws/build/fast_lio
[2.537s] Level 1:colcon.colcon_core.environment:checking '/home/lx/ros2/ros/mid-360_ws/install/fast_lio' for CMake module files
[2.538s] Level 1:colcon.colcon_core.environment:checking '/home/lx/ros2/ros/mid-360_ws/install/fast_lio' for CMake config files
[2.538s] Level 1:colcon.colcon_core.shell:create_environment_hook('fast_lio', 'cmake_prefix_path')
[2.551s] INFO:colcon.colcon_core.shell:Creating environment hook '/home/lx/ros2/ros/mid-360_ws/install/fast_lio/share/fast_lio/hook/cmake_prefix_path.ps1'
[2.552s] INFO:colcon.colcon_core.shell:Creating environment descriptor '/home/lx/ros2/ros/mid-360_ws/install/fast_lio/share/fast_lio/hook/cmake_prefix_path.dsv'
[2.552s] INFO:colcon.colcon_core.shell:Creating environment hook '/home/lx/ros2/ros/mid-360_ws/install/fast_lio/share/fast_lio/hook/cmake_prefix_path.sh'
[2.553s] Level 1:colcon.colcon_core.environment:checking '/home/lx/ros2/ros/mid-360_ws/install/fast_lio/lib'
[2.553s] Level 1:colcon.colcon_core.shell:create_environment_hook('fast_lio', 'ld_library_path_lib')
[2.566s] INFO:colcon.colcon_core.shell:Creating environment hook '/home/lx/ros2/ros/mid-360_ws/install/fast_lio/share/fast_lio/hook/ld_library_path_lib.ps1'
[2.566s] INFO:colcon.colcon_core.shell:Creating environment descriptor '/home/lx/ros2/ros/mid-360_ws/install/fast_lio/share/fast_lio/hook/ld_library_path_lib.dsv'
[2.566s] INFO:colcon.colcon_core.shell:Creating environment hook '/home/lx/ros2/ros/mid-360_ws/install/fast_lio/share/fast_lio/hook/ld_library_path_lib.sh'
[2.567s] Level 1:colcon.colcon_core.environment:checking '/home/lx/ros2/ros/mid-360_ws/install/fast_lio/bin'
[2.567s] Level 1:colcon.colcon_core.environment:checking '/home/lx/ros2/ros/mid-360_ws/install/fast_lio/lib/pkgconfig/fast_lio.pc'
[2.567s] Level 1:colcon.colcon_core.environment:checking '/home/lx/ros2/ros/mid-360_ws/install/fast_lio/lib/python3.10/site-packages'
[2.567s] Level 1:colcon.colcon_core.environment:checking '/home/lx/ros2/ros/mid-360_ws/install/fast_lio/bin'
[2.581s] INFO:colcon.colcon_core.shell:Creating package script '/home/lx/ros2/ros/mid-360_ws/install/fast_lio/share/fast_lio/package.ps1'
[2.581s] INFO:colcon.colcon_core.shell:Creating package descriptor '/home/lx/ros2/ros/mid-360_ws/install/fast_lio/share/fast_lio/package.dsv'
[2.581s] INFO:colcon.colcon_core.shell:Creating package script '/home/lx/ros2/ros/mid-360_ws/install/fast_lio/share/fast_lio/package.sh'
[2.582s] INFO:colcon.colcon_core.shell:Creating package script '/home/lx/ros2/ros/mid-360_ws/install/fast_lio/share/fast_lio/package.bash'
[2.582s] INFO:colcon.colcon_core.shell:Creating package script '/home/lx/ros2/ros/mid-360_ws/install/fast_lio/share/fast_lio/package.zsh'
[2.582s] Level 1:colcon.colcon_core.environment:create_file_with_runtime_dependencies(/home/lx/ros2/ros/mid-360_ws/install/fast_lio/share/colcon-core/packages/fast_lio)
[2.644s] Level 1:colcon.colcon_core.environment:create_environment_scripts_only(fast_lio)
[2.657s] Level 1:colcon.colcon_core.environment:checking '/home/lx/ros2/ros/mid-360_ws/install/fast_lio' for CMake module files
[2.658s] Level 1:colcon.colcon_core.environment:checking '/home/lx/ros2/ros/mid-360_ws/install/fast_lio' for CMake config files
[2.658s] Level 1:colcon.colcon_core.shell:create_environment_hook('fast_lio', 'cmake_prefix_path')
[2.671s] INFO:colcon.colcon_core.shell:Creating environment hook '/home/lx/ros2/ros/mid-360_ws/install/fast_lio/share/fast_lio/hook/cmake_prefix_path.ps1'
[2.672s] INFO:colcon.colcon_core.shell:Creating environment descriptor '/home/lx/ros2/ros/mid-360_ws/install/fast_lio/share/fast_lio/hook/cmake_prefix_path.dsv'
[2.672s] INFO:colcon.colcon_core.shell:Creating environment hook '/home/lx/ros2/ros/mid-360_ws/install/fast_lio/share/fast_lio/hook/cmake_prefix_path.sh'
[2.673s] Level 1:colcon.colcon_core.environment:checking '/home/lx/ros2/ros/mid-360_ws/install/fast_lio/lib'
[2.673s] Level 1:colcon.colcon_core.shell:create_environment_hook('fast_lio', 'ld_library_path_lib')
[2.686s] INFO:colcon.colcon_core.shell:Creating environment hook '/home/lx/ros2/ros/mid-360_ws/install/fast_lio/share/fast_lio/hook/ld_library_path_lib.ps1'
[2.687s] INFO:colcon.colcon_core.shell:Creating environment descriptor '/home/lx/ros2/ros/mid-360_ws/install/fast_lio/share/fast_lio/hook/ld_library_path_lib.dsv'
[2.687s] INFO:colcon.colcon_core.shell:Creating environment hook '/home/lx/ros2/ros/mid-360_ws/install/fast_lio/share/fast_lio/hook/ld_library_path_lib.sh'
[2.687s] Level 1:colcon.colcon_core.environment:checking '/home/lx/ros2/ros/mid-360_ws/install/fast_lio/bin'
[2.687s] Level 1:colcon.colcon_core.environment:checking '/home/lx/ros2/ros/mid-360_ws/install/fast_lio/lib/pkgconfig/fast_lio.pc'
[2.688s] Level 1:colcon.colcon_core.environment:checking '/home/lx/ros2/ros/mid-360_ws/install/fast_lio/lib/python3.10/site-packages'
[2.688s] Level 1:colcon.colcon_core.environment:checking '/home/lx/ros2/ros/mid-360_ws/install/fast_lio/bin'
[2.701s] INFO:colcon.colcon_core.shell:Creating package script '/home/lx/ros2/ros/mid-360_ws/install/fast_lio/share/fast_lio/package.ps1'
[2.702s] INFO:colcon.colcon_core.shell:Creating package descriptor '/home/lx/ros2/ros/mid-360_ws/install/fast_lio/share/fast_lio/package.dsv'
[2.702s] INFO:colcon.colcon_core.shell:Creating package script '/home/lx/ros2/ros/mid-360_ws/install/fast_lio/share/fast_lio/package.sh'
[2.703s] INFO:colcon.colcon_core.shell:Creating package script '/home/lx/ros2/ros/mid-360_ws/install/fast_lio/share/fast_lio/package.bash'
[2.703s] INFO:colcon.colcon_core.shell:Creating package script '/home/lx/ros2/ros/mid-360_ws/install/fast_lio/share/fast_lio/package.zsh'
[2.703s] Level 1:colcon.colcon_core.environment:create_file_with_runtime_dependencies(/home/lx/ros2/ros/mid-360_ws/install/fast_lio/share/colcon-core/packages/fast_lio)
[2.703s] DEBUG:colcon.colcon_parallel_executor.executor.parallel:closing loop
[2.704s] DEBUG:colcon.colcon_parallel_executor.executor.parallel:loop closed
[2.704s] DEBUG:colcon.colcon_parallel_executor.executor.parallel:run_until_complete finished with '0'
[2.704s] DEBUG:colcon.colcon_core.event_reactor:joining thread
[2.723s] INFO:colcon.colcon_core.plugin_system:Skipping extension 'colcon_notification.desktop_notification.terminal_notifier': Not used on non-Darwin systems
[2.723s] INFO:colcon.colcon_core.plugin_system:Skipping extension 'colcon_notification.desktop_notification.win32': Not used on non-Windows systems
[2.723s] INFO:colcon.colcon_notification.desktop_notification:Sending desktop notification using 'notify2'
[2.732s] DEBUG:colcon.colcon_core.event_reactor:joined thread
[2.747s] INFO:colcon.colcon_core.shell:Creating prefix script '/home/lx/ros2/ros/mid-360_ws/install/local_setup.ps1'
[2.748s] INFO:colcon.colcon_core.shell:Creating prefix util module '/home/lx/ros2/ros/mid-360_ws/install/_local_setup_util_ps1.py'
[2.750s] INFO:colcon.colcon_core.shell:Creating prefix chain script '/home/lx/ros2/ros/mid-360_ws/install/setup.ps1'
[2.764s] INFO:colcon.colcon_core.shell:Creating prefix script '/home/lx/ros2/ros/mid-360_ws/install/local_setup.sh'
[2.764s] INFO:colcon.colcon_core.shell:Creating prefix util module '/home/lx/ros2/ros/mid-360_ws/install/_local_setup_util_sh.py'
[2.765s] INFO:colcon.colcon_core.shell:Creating prefix chain script '/home/lx/ros2/ros/mid-360_ws/install/setup.sh'
[2.779s] INFO:colcon.colcon_core.shell:Creating prefix script '/home/lx/ros2/ros/mid-360_ws/install/local_setup.bash'
[2.780s] INFO:colcon.colcon_core.shell:Creating prefix chain script '/home/lx/ros2/ros/mid-360_ws/install/setup.bash'
[2.795s] INFO:colcon.colcon_core.shell:Creating prefix script '/home/lx/ros2/ros/mid-360_ws/install/local_setup.zsh'
[2.795s] INFO:colcon.colcon_core.shell:Creating prefix chain script '/home/lx/ros2/ros/mid-360_ws/install/setup.zsh'
