[0.006s] Invoking command in '/home/lx/ros2/demo1/build/turtlebot3_bringup': AMENT_PREFIX_PATH=/home/lx/ros2/demo1/install/turtlebot3_node:/home/lx/ros2/demo1/install/turtlebot3_description:${AMENT_PREFIX_PATH} CMAKE_PREFIX_PATH=/home/lx/ros2/demo1/install/turtlebot3_node:/home/lx/ros2/demo1/install/turtlebot3_description:/home/lx/ros2/cartographer_test_ws/install/cartographer_ros:/opt/ros/humble /usr/bin/cmake /home/lx/ros2/demo1/src/turtlebot3/turtlebot3_bringup -DAMENT_CMAKE_SYMLINK_INSTALL=1 -DCMAKE_INSTALL_PREFIX=/home/lx/ros2/demo1/install/turtlebot3_bringup
[0.042s] -- The C compiler identification is GNU 11.4.0
[0.079s] -- The CXX compiler identification is GNU 11.4.0
[0.084s] -- Detecting C compiler ABI info
[0.133s] -- Detecting C compiler ABI info - done
[0.139s] -- Check for working C compiler: /usr/bin/cc - skipped
[0.139s] -- Detecting C compile features
[0.139s] -- Detecting C compile features - done
[0.141s] -- Detecting CXX compiler ABI info
[0.194s] -- Detecting CXX compiler ABI info - done
[0.200s] -- Check for working CXX compiler: /usr/bin/c++ - skipped
[0.201s] -- Detecting CXX compile features
[0.201s] -- Detecting CXX compile features - done
[0.203s] -- Found ament_cmake: 1.3.5 (/opt/ros/humble/share/ament_cmake/cmake)
[0.325s] -- Found Python3: /usr/bin/python3.10 (found version "3.10.12") found components: Interpreter 
[0.370s] -- Override CMake install command with custom implementation using symlinks instead of copying resources
[0.438s] -- Configuring done
[0.439s] -- Generating done
[0.440s] -- Build files have been written to: /home/lx/ros2/demo1/build/turtlebot3_bringup
[0.444s] Invoked command in '/home/lx/ros2/demo1/build/turtlebot3_bringup' returned '0': AMENT_PREFIX_PATH=/home/lx/ros2/demo1/install/turtlebot3_node:/home/lx/ros2/demo1/install/turtlebot3_description:${AMENT_PREFIX_PATH} CMAKE_PREFIX_PATH=/home/lx/ros2/demo1/install/turtlebot3_node:/home/lx/ros2/demo1/install/turtlebot3_description:/home/lx/ros2/cartographer_test_ws/install/cartographer_ros:/opt/ros/humble /usr/bin/cmake /home/lx/ros2/demo1/src/turtlebot3/turtlebot3_bringup -DAMENT_CMAKE_SYMLINK_INSTALL=1 -DCMAKE_INSTALL_PREFIX=/home/lx/ros2/demo1/install/turtlebot3_bringup
[0.444s] Invoking command in '/home/lx/ros2/demo1/build/turtlebot3_bringup': AMENT_PREFIX_PATH=/home/lx/ros2/demo1/install/turtlebot3_node:/home/lx/ros2/demo1/install/turtlebot3_description:${AMENT_PREFIX_PATH} CMAKE_PREFIX_PATH=/home/lx/ros2/demo1/install/turtlebot3_node:/home/lx/ros2/demo1/install/turtlebot3_description:/home/lx/ros2/cartographer_test_ws/install/cartographer_ros:/opt/ros/humble /usr/bin/cmake --build /home/lx/ros2/demo1/build/turtlebot3_bringup -- -j12 -l12
[0.468s] Invoked command in '/home/lx/ros2/demo1/build/turtlebot3_bringup' returned '0': AMENT_PREFIX_PATH=/home/lx/ros2/demo1/install/turtlebot3_node:/home/lx/ros2/demo1/install/turtlebot3_description:${AMENT_PREFIX_PATH} CMAKE_PREFIX_PATH=/home/lx/ros2/demo1/install/turtlebot3_node:/home/lx/ros2/demo1/install/turtlebot3_description:/home/lx/ros2/cartographer_test_ws/install/cartographer_ros:/opt/ros/humble /usr/bin/cmake --build /home/lx/ros2/demo1/build/turtlebot3_bringup -- -j12 -l12
[0.482s] Invoking command in '/home/lx/ros2/demo1/build/turtlebot3_bringup': AMENT_PREFIX_PATH=/home/lx/ros2/demo1/install/turtlebot3_node:/home/lx/ros2/demo1/install/turtlebot3_description:${AMENT_PREFIX_PATH} CMAKE_PREFIX_PATH=/home/lx/ros2/demo1/install/turtlebot3_node:/home/lx/ros2/demo1/install/turtlebot3_description:/home/lx/ros2/cartographer_test_ws/install/cartographer_ros:/opt/ros/humble /usr/bin/cmake --install /home/lx/ros2/demo1/build/turtlebot3_bringup
[0.487s] -- Install configuration: ""
[0.487s] -- Execute custom install script
[0.488s] -- Symlinking: /home/lx/ros2/demo1/install/turtlebot3_bringup/share/turtlebot3_bringup/launch/robot.launch.py
[0.493s] -- Symlinking: /home/lx/ros2/demo1/install/turtlebot3_bringup/share/turtlebot3_bringup/launch/rviz2.launch.py
[0.499s] -- Symlinking: /home/lx/ros2/demo1/install/turtlebot3_bringup/share/turtlebot3_bringup/launch/turtlebot3_state_publisher.launch.py
[0.504s] -- Symlinking: /home/lx/ros2/demo1/install/turtlebot3_bringup/share/turtlebot3_bringup/param/burger.yaml
[0.510s] -- Symlinking: /home/lx/ros2/demo1/install/turtlebot3_bringup/share/turtlebot3_bringup/param/waffle.yaml
[0.516s] -- Symlinking: /home/lx/ros2/demo1/install/turtlebot3_bringup/share/turtlebot3_bringup/param/waffle_pi.yaml
[0.522s] -- Symlinking: /home/lx/ros2/demo1/install/turtlebot3_bringup/share/turtlebot3_bringup/script/99-turtlebot3-cdc.rules
[0.528s] -- Symlinking: /home/lx/ros2/demo1/install/turtlebot3_bringup/share/turtlebot3_bringup/script/create_udev_rules
[0.535s] -- Symlinking: /home/lx/ros2/demo1/install/turtlebot3_bringup/share/ament_index/resource_index/package_run_dependencies/turtlebot3_bringup
[0.541s] -- Symlinking: /home/lx/ros2/demo1/install/turtlebot3_bringup/share/ament_index/resource_index/parent_prefix_path/turtlebot3_bringup
[0.547s] -- Symlinking: /home/lx/ros2/demo1/install/turtlebot3_bringup/share/turtlebot3_bringup/environment/ament_prefix_path.sh
[0.552s] -- Symlinking: /home/lx/ros2/demo1/install/turtlebot3_bringup/share/turtlebot3_bringup/environment/ament_prefix_path.dsv
[0.558s] -- Symlinking: /home/lx/ros2/demo1/install/turtlebot3_bringup/share/turtlebot3_bringup/environment/path.sh
[0.563s] -- Symlinking: /home/lx/ros2/demo1/install/turtlebot3_bringup/share/turtlebot3_bringup/environment/path.dsv
[0.569s] -- Symlinking: /home/lx/ros2/demo1/install/turtlebot3_bringup/share/turtlebot3_bringup/local_setup.bash
[0.574s] -- Symlinking: /home/lx/ros2/demo1/install/turtlebot3_bringup/share/turtlebot3_bringup/local_setup.sh
[0.580s] -- Symlinking: /home/lx/ros2/demo1/install/turtlebot3_bringup/share/turtlebot3_bringup/local_setup.zsh
[0.585s] -- Symlinking: /home/lx/ros2/demo1/install/turtlebot3_bringup/share/turtlebot3_bringup/local_setup.dsv
[0.590s] -- Symlinking: /home/lx/ros2/demo1/install/turtlebot3_bringup/share/turtlebot3_bringup/package.dsv
[0.596s] -- Symlinking: /home/lx/ros2/demo1/install/turtlebot3_bringup/share/ament_index/resource_index/packages/turtlebot3_bringup
[0.601s] -- Symlinking: /home/lx/ros2/demo1/install/turtlebot3_bringup/share/turtlebot3_bringup/cmake/turtlebot3_bringupConfig.cmake
[0.607s] -- Symlinking: /home/lx/ros2/demo1/install/turtlebot3_bringup/share/turtlebot3_bringup/cmake/turtlebot3_bringupConfig-version.cmake
[0.612s] -- Symlinking: /home/lx/ros2/demo1/install/turtlebot3_bringup/share/turtlebot3_bringup/package.xml
[0.620s] Invoked command in '/home/lx/ros2/demo1/build/turtlebot3_bringup' returned '0': AMENT_PREFIX_PATH=/home/lx/ros2/demo1/install/turtlebot3_node:/home/lx/ros2/demo1/install/turtlebot3_description:${AMENT_PREFIX_PATH} CMAKE_PREFIX_PATH=/home/lx/ros2/demo1/install/turtlebot3_node:/home/lx/ros2/demo1/install/turtlebot3_description:/home/lx/ros2/cartographer_test_ws/install/cartographer_ros:/opt/ros/humble /usr/bin/cmake --install /home/lx/ros2/demo1/build/turtlebot3_bringup
