[0.843s] DEBUG:colcon:Command line arguments: ['/usr/bin/colcon', 'build']
[0.843s] DEBUG:colcon:Parsed command line arguments: Namespace(log_base=None, log_level=None, verb_name='build', build_base='build', install_base='install', merge_install=False, symlink_install=False, test_result_base=None, continue_on_error=False, executor='parallel', parallel_workers=12, event_handlers=None, ignore_user_meta=False, metas=['./colcon.meta'], base_paths=['.'], packages_ignore=None, packages_ignore_regex=None, paths=None, packages_up_to=None, packages_up_to_regex=None, packages_above=None, packages_above_and_dependencies=None, packages_above_depth=None, packages_select_by_dep=None, packages_skip_by_dep=None, packages_skip_up_to=None, packages_select_build_failed=False, packages_skip_build_finished=False, packages_select_test_failures=False, packages_skip_test_passed=False, packages_select=None, packages_skip=None, packages_select_regex=None, packages_skip_regex=None, packages_start=None, packages_end=None, allow_overriding=[], cmake_args=None, cmake_target=None, cmake_target_skip_unavailable=False, cmake_clean_cache=False, cmake_clean_first=False, cmake_force_configure=False, ament_cmake_args=None, catkin_cmake_args=None, catkin_skip_building_tests=False, verb_parser=<colcon_defaults.argument_parser.defaults.DefaultArgumentsDecorator object at 0x7fa57fca2020>, verb_extension=<colcon_core.verb.build.BuildVerb object at 0x7fa580acf130>, main=<bound method BuildVerb.main of <colcon_core.verb.build.BuildVerb object at 0x7fa580acf130>>)
[0.882s] Level 1:colcon.colcon_core.package_discovery:discover_packages(colcon_meta) check parameters
[0.882s] Level 1:colcon.colcon_core.package_discovery:discover_packages(recursive) check parameters
[0.882s] Level 1:colcon.colcon_core.package_discovery:discover_packages(ignore) check parameters
[0.882s] Level 1:colcon.colcon_core.package_discovery:discover_packages(path) check parameters
[0.882s] Level 1:colcon.colcon_core.package_discovery:discover_packages(colcon_meta) discover
[0.882s] Level 1:colcon.colcon_core.package_discovery:discover_packages(recursive) discover
[0.882s] INFO:colcon.colcon_core.package_discovery:Crawling recursively for packages in '/home/lx/ros2/ros/mid-360_ws'
[0.882s] Level 1:colcon.colcon_core.package_identification:_identify(.) by extensions ['ignore', 'ignore_ament_install']
[0.882s] Level 1:colcon.colcon_core.package_identification:_identify(.) by extension 'ignore'
[0.882s] Level 1:colcon.colcon_core.package_identification:_identify(.) by extension 'ignore_ament_install'
[0.883s] Level 1:colcon.colcon_core.package_identification:_identify(.) by extensions ['colcon_pkg']
[0.883s] Level 1:colcon.colcon_core.package_identification:_identify(.) by extension 'colcon_pkg'
[0.883s] Level 1:colcon.colcon_core.package_identification:_identify(.) by extensions ['colcon_meta']
[0.883s] Level 1:colcon.colcon_core.package_identification:_identify(.) by extension 'colcon_meta'
[0.883s] Level 1:colcon.colcon_core.package_identification:_identify(.) by extensions ['ros']
[0.883s] Level 1:colcon.colcon_core.package_identification:_identify(.) by extension 'ros'
[0.891s] Level 1:colcon.colcon_core.package_identification:_identify(.) by extensions ['cmake', 'python']
[0.891s] Level 1:colcon.colcon_core.package_identification:_identify(.) by extension 'cmake'
[0.891s] Level 1:colcon.colcon_core.package_identification:_identify(.) by extension 'python'
[0.891s] Level 1:colcon.colcon_core.package_identification:_identify(.) by extensions ['python_setup_py']
[0.891s] Level 1:colcon.colcon_core.package_identification:_identify(.) by extension 'python_setup_py'
[0.891s] Level 1:colcon.colcon_core.package_identification:_identify(build) by extensions ['ignore', 'ignore_ament_install']
[0.892s] Level 1:colcon.colcon_core.package_identification:_identify(build) by extension 'ignore'
[0.892s] Level 1:colcon.colcon_core.package_identification:_identify(build) ignored
[0.892s] Level 1:colcon.colcon_core.package_identification:_identify(install) by extensions ['ignore', 'ignore_ament_install']
[0.892s] Level 1:colcon.colcon_core.package_identification:_identify(install) by extension 'ignore'
[0.892s] Level 1:colcon.colcon_core.package_identification:_identify(install) ignored
[0.892s] Level 1:colcon.colcon_core.package_identification:_identify(log) by extensions ['ignore', 'ignore_ament_install']
[0.892s] Level 1:colcon.colcon_core.package_identification:_identify(log) by extension 'ignore'
[0.892s] Level 1:colcon.colcon_core.package_identification:_identify(log) ignored
[0.892s] Level 1:colcon.colcon_core.package_identification:_identify(src) by extensions ['ignore', 'ignore_ament_install']
[0.892s] Level 1:colcon.colcon_core.package_identification:_identify(src) by extension 'ignore'
[0.892s] Level 1:colcon.colcon_core.package_identification:_identify(src) by extension 'ignore_ament_install'
[0.893s] Level 1:colcon.colcon_core.package_identification:_identify(src) by extensions ['colcon_pkg']
[0.893s] Level 1:colcon.colcon_core.package_identification:_identify(src) by extension 'colcon_pkg'
[0.893s] Level 1:colcon.colcon_core.package_identification:_identify(src) by extensions ['colcon_meta']
[0.893s] Level 1:colcon.colcon_core.package_identification:_identify(src) by extension 'colcon_meta'
[0.893s] Level 1:colcon.colcon_core.package_identification:_identify(src) by extensions ['ros']
[0.893s] Level 1:colcon.colcon_core.package_identification:_identify(src) by extension 'ros'
[0.893s] Level 1:colcon.colcon_core.package_identification:_identify(src) by extensions ['cmake', 'python']
[0.893s] Level 1:colcon.colcon_core.package_identification:_identify(src) by extension 'cmake'
[0.893s] Level 1:colcon.colcon_core.package_identification:_identify(src) by extension 'python'
[0.893s] Level 1:colcon.colcon_core.package_identification:_identify(src) by extensions ['python_setup_py']
[0.893s] Level 1:colcon.colcon_core.package_identification:_identify(src) by extension 'python_setup_py'
[0.893s] Level 1:colcon.colcon_core.package_identification:_identify(src/FAST_LIO) by extensions ['ignore', 'ignore_ament_install']
[0.893s] Level 1:colcon.colcon_core.package_identification:_identify(src/FAST_LIO) by extension 'ignore'
[0.893s] Level 1:colcon.colcon_core.package_identification:_identify(src/FAST_LIO) by extension 'ignore_ament_install'
[0.893s] Level 1:colcon.colcon_core.package_identification:_identify(src/FAST_LIO) by extensions ['colcon_pkg']
[0.893s] Level 1:colcon.colcon_core.package_identification:_identify(src/FAST_LIO) by extension 'colcon_pkg'
[0.893s] Level 1:colcon.colcon_core.package_identification:_identify(src/FAST_LIO) by extensions ['colcon_meta']
[0.893s] Level 1:colcon.colcon_core.package_identification:_identify(src/FAST_LIO) by extension 'colcon_meta'
[0.893s] Level 1:colcon.colcon_core.package_identification:_identify(src/FAST_LIO) by extensions ['ros']
[0.893s] Level 1:colcon.colcon_core.package_identification:_identify(src/FAST_LIO) by extension 'ros'
[0.896s] DEBUG:colcon.colcon_core.package_identification:Package 'src/FAST_LIO' with type 'ros.ament_cmake' and name 'fast_lio'
[0.896s] Level 1:colcon.colcon_core.package_identification:_identify(src/livox_ros_driver2) by extensions ['ignore', 'ignore_ament_install']
[0.896s] Level 1:colcon.colcon_core.package_identification:_identify(src/livox_ros_driver2) by extension 'ignore'
[0.896s] Level 1:colcon.colcon_core.package_identification:_identify(src/livox_ros_driver2) by extension 'ignore_ament_install'
[0.896s] Level 1:colcon.colcon_core.package_identification:_identify(src/livox_ros_driver2) by extensions ['colcon_pkg']
[0.896s] Level 1:colcon.colcon_core.package_identification:_identify(src/livox_ros_driver2) by extension 'colcon_pkg'
[0.896s] Level 1:colcon.colcon_core.package_identification:_identify(src/livox_ros_driver2) by extensions ['colcon_meta']
[0.896s] Level 1:colcon.colcon_core.package_identification:_identify(src/livox_ros_driver2) by extension 'colcon_meta'
[0.896s] Level 1:colcon.colcon_core.package_identification:_identify(src/livox_ros_driver2) by extensions ['ros']
[0.896s] Level 1:colcon.colcon_core.package_identification:_identify(src/livox_ros_driver2) by extension 'ros'
[0.897s] DEBUG:colcon.colcon_core.package_identification:Package 'src/livox_ros_driver2' with type 'ros.ament_cmake' and name 'livox_ros_driver2'
[0.897s] Level 1:colcon.colcon_core.package_identification:_identify(src/pointcloud_to_laserscan) by extensions ['ignore', 'ignore_ament_install']
[0.897s] Level 1:colcon.colcon_core.package_identification:_identify(src/pointcloud_to_laserscan) by extension 'ignore'
[0.897s] Level 1:colcon.colcon_core.package_identification:_identify(src/pointcloud_to_laserscan) by extension 'ignore_ament_install'
[0.897s] Level 1:colcon.colcon_core.package_identification:_identify(src/pointcloud_to_laserscan) by extensions ['colcon_pkg']
[0.897s] Level 1:colcon.colcon_core.package_identification:_identify(src/pointcloud_to_laserscan) by extension 'colcon_pkg'
[0.897s] Level 1:colcon.colcon_core.package_identification:_identify(src/pointcloud_to_laserscan) by extensions ['colcon_meta']
[0.897s] Level 1:colcon.colcon_core.package_identification:_identify(src/pointcloud_to_laserscan) by extension 'colcon_meta'
[0.898s] Level 1:colcon.colcon_core.package_identification:_identify(src/pointcloud_to_laserscan) by extensions ['ros']
[0.898s] Level 1:colcon.colcon_core.package_identification:_identify(src/pointcloud_to_laserscan) by extension 'ros'
[0.899s] DEBUG:colcon.colcon_core.package_identification:Package 'src/pointcloud_to_laserscan' with type 'ros.ament_cmake' and name 'pointcloud_to_laserscan'
[0.899s] Level 1:colcon.colcon_core.package_discovery:discover_packages(recursive) using defaults
[0.899s] Level 1:colcon.colcon_core.package_discovery:discover_packages(ignore) discover
[0.899s] Level 1:colcon.colcon_core.package_discovery:discover_packages(ignore) using defaults
[0.899s] Level 1:colcon.colcon_core.package_discovery:discover_packages(path) discover
[0.899s] Level 1:colcon.colcon_core.package_discovery:discover_packages(path) using defaults
[0.977s] Level 1:colcon.colcon_core.package_discovery:discover_packages(prefix_path) check parameters
[0.977s] Level 1:colcon.colcon_core.package_discovery:discover_packages(prefix_path) discover
[1.002s] DEBUG:colcon.colcon_installed_package_information.package_discovery:Found 3 installed packages in /home/lx/ros2/ros/mid-360_ws/install
[1.015s] DEBUG:colcon.colcon_installed_package_information.package_discovery:Found 387 installed packages in /opt/ros/humble
[1.017s] Level 1:colcon.colcon_core.package_discovery:discover_packages(prefix_path) using defaults
[1.111s] Level 5:colcon.colcon_core.verb:set package 'livox_ros_driver2' build argument 'cmake_args' from command line to 'None'
[1.111s] Level 5:colcon.colcon_core.verb:set package 'livox_ros_driver2' build argument 'cmake_target' from command line to 'None'
[1.111s] Level 5:colcon.colcon_core.verb:set package 'livox_ros_driver2' build argument 'cmake_target_skip_unavailable' from command line to 'False'
[1.111s] Level 5:colcon.colcon_core.verb:set package 'livox_ros_driver2' build argument 'cmake_clean_cache' from command line to 'False'
[1.111s] Level 5:colcon.colcon_core.verb:set package 'livox_ros_driver2' build argument 'cmake_clean_first' from command line to 'False'
[1.111s] Level 5:colcon.colcon_core.verb:set package 'livox_ros_driver2' build argument 'cmake_force_configure' from command line to 'False'
[1.111s] Level 5:colcon.colcon_core.verb:set package 'livox_ros_driver2' build argument 'ament_cmake_args' from command line to 'None'
[1.111s] Level 5:colcon.colcon_core.verb:set package 'livox_ros_driver2' build argument 'catkin_cmake_args' from command line to 'None'
[1.111s] Level 5:colcon.colcon_core.verb:set package 'livox_ros_driver2' build argument 'catkin_skip_building_tests' from command line to 'False'
[1.111s] DEBUG:colcon.colcon_core.verb:Building package 'livox_ros_driver2' with the following arguments: {'ament_cmake_args': None, 'build_base': '/home/lx/ros2/ros/mid-360_ws/build/livox_ros_driver2', 'catkin_cmake_args': None, 'catkin_skip_building_tests': False, 'cmake_args': None, 'cmake_clean_cache': False, 'cmake_clean_first': False, 'cmake_force_configure': False, 'cmake_target': None, 'cmake_target_skip_unavailable': False, 'install_base': '/home/lx/ros2/ros/mid-360_ws/install/livox_ros_driver2', 'merge_install': False, 'path': '/home/lx/ros2/ros/mid-360_ws/src/livox_ros_driver2', 'symlink_install': False, 'test_result_base': None}
[1.124s] Level 5:colcon.colcon_core.verb:set package 'pointcloud_to_laserscan' build argument 'cmake_args' from command line to 'None'
[1.124s] Level 5:colcon.colcon_core.verb:set package 'pointcloud_to_laserscan' build argument 'cmake_target' from command line to 'None'
[1.124s] Level 5:colcon.colcon_core.verb:set package 'pointcloud_to_laserscan' build argument 'cmake_target_skip_unavailable' from command line to 'False'
[1.124s] Level 5:colcon.colcon_core.verb:set package 'pointcloud_to_laserscan' build argument 'cmake_clean_cache' from command line to 'False'
[1.124s] Level 5:colcon.colcon_core.verb:set package 'pointcloud_to_laserscan' build argument 'cmake_clean_first' from command line to 'False'
[1.124s] Level 5:colcon.colcon_core.verb:set package 'pointcloud_to_laserscan' build argument 'cmake_force_configure' from command line to 'False'
[1.124s] Level 5:colcon.colcon_core.verb:set package 'pointcloud_to_laserscan' build argument 'ament_cmake_args' from command line to 'None'
[1.124s] Level 5:colcon.colcon_core.verb:set package 'pointcloud_to_laserscan' build argument 'catkin_cmake_args' from command line to 'None'
[1.124s] Level 5:colcon.colcon_core.verb:set package 'pointcloud_to_laserscan' build argument 'catkin_skip_building_tests' from command line to 'False'
[1.124s] DEBUG:colcon.colcon_core.verb:Building package 'pointcloud_to_laserscan' with the following arguments: {'ament_cmake_args': None, 'build_base': '/home/lx/ros2/ros/mid-360_ws/build/pointcloud_to_laserscan', 'catkin_cmake_args': None, 'catkin_skip_building_tests': False, 'cmake_args': None, 'cmake_clean_cache': False, 'cmake_clean_first': False, 'cmake_force_configure': False, 'cmake_target': None, 'cmake_target_skip_unavailable': False, 'install_base': '/home/lx/ros2/ros/mid-360_ws/install/pointcloud_to_laserscan', 'merge_install': False, 'path': '/home/lx/ros2/ros/mid-360_ws/src/pointcloud_to_laserscan', 'symlink_install': False, 'test_result_base': None}
[1.136s] Level 5:colcon.colcon_core.verb:set package 'fast_lio' build argument 'cmake_args' from command line to 'None'
[1.136s] Level 5:colcon.colcon_core.verb:set package 'fast_lio' build argument 'cmake_target' from command line to 'None'
[1.136s] Level 5:colcon.colcon_core.verb:set package 'fast_lio' build argument 'cmake_target_skip_unavailable' from command line to 'False'
[1.136s] Level 5:colcon.colcon_core.verb:set package 'fast_lio' build argument 'cmake_clean_cache' from command line to 'False'
[1.136s] Level 5:colcon.colcon_core.verb:set package 'fast_lio' build argument 'cmake_clean_first' from command line to 'False'
[1.136s] Level 5:colcon.colcon_core.verb:set package 'fast_lio' build argument 'cmake_force_configure' from command line to 'False'
[1.136s] Level 5:colcon.colcon_core.verb:set package 'fast_lio' build argument 'ament_cmake_args' from command line to 'None'
[1.136s] Level 5:colcon.colcon_core.verb:set package 'fast_lio' build argument 'catkin_cmake_args' from command line to 'None'
[1.136s] Level 5:colcon.colcon_core.verb:set package 'fast_lio' build argument 'catkin_skip_building_tests' from command line to 'False'
[1.136s] DEBUG:colcon.colcon_core.verb:Building package 'fast_lio' with the following arguments: {'ament_cmake_args': None, 'build_base': '/home/lx/ros2/ros/mid-360_ws/build/fast_lio', 'catkin_cmake_args': None, 'catkin_skip_building_tests': False, 'cmake_args': None, 'cmake_clean_cache': False, 'cmake_clean_first': False, 'cmake_force_configure': False, 'cmake_target': None, 'cmake_target_skip_unavailable': False, 'install_base': '/home/lx/ros2/ros/mid-360_ws/install/fast_lio', 'merge_install': False, 'path': '/home/lx/ros2/ros/mid-360_ws/src/FAST_LIO', 'symlink_install': False, 'test_result_base': None}
[1.148s] INFO:colcon.colcon_core.executor:Executing jobs using 'parallel' executor
[1.162s] DEBUG:colcon.colcon_parallel_executor.executor.parallel:run_until_complete
[1.162s] INFO:colcon.colcon_ros.task.ament_cmake.build:Building ROS package in '/home/lx/ros2/ros/mid-360_ws/src/livox_ros_driver2' with build type 'ament_cmake'
[1.162s] INFO:colcon.colcon_cmake.task.cmake.build:Building CMake package in '/home/lx/ros2/ros/mid-360_ws/src/livox_ros_driver2'
[1.176s] INFO:colcon.colcon_core.plugin_system:Skipping extension 'colcon_core.shell.bat': Not used on non-Windows systems
[1.176s] INFO:colcon.colcon_core.shell:Skip shell extension 'powershell' for command environment: Not usable outside of PowerShell
[1.176s] DEBUG:colcon.colcon_core.shell:Skip shell extension 'dsv' for command environment
[1.217s] INFO:colcon.colcon_ros.task.ament_cmake.build:Building ROS package in '/home/lx/ros2/ros/mid-360_ws/src/pointcloud_to_laserscan' with build type 'ament_cmake'
[1.217s] INFO:colcon.colcon_cmake.task.cmake.build:Building CMake package in '/home/lx/ros2/ros/mid-360_ws/src/pointcloud_to_laserscan'
[1.230s] INFO:colcon.colcon_core.shell:Skip shell extension 'powershell' for command environment: Not usable outside of PowerShell
[1.230s] DEBUG:colcon.colcon_core.shell:Skip shell extension 'dsv' for command environment
[1.274s] DEBUG:colcon.colcon_core.event_handler.log_command:Invoking command in '/home/lx/ros2/ros/mid-360_ws/build/livox_ros_driver2': CMAKE_PREFIX_PATH=${CMAKE_PREFIX_PATH}:/opt/ros/humble /usr/bin/cmake --build /home/lx/ros2/ros/mid-360_ws/build/livox_ros_driver2 -- -j12 -l12
[1.278s] DEBUG:colcon.colcon_core.event_handler.log_command:Invoking command in '/home/lx/ros2/ros/mid-360_ws/build/pointcloud_to_laserscan': CMAKE_PREFIX_PATH=${CMAKE_PREFIX_PATH}:/opt/ros/humble /usr/bin/cmake --build /home/lx/ros2/ros/mid-360_ws/build/pointcloud_to_laserscan -- -j12 -l12
[1.390s] DEBUG:colcon.colcon_core.event_handler.log_command:Invoked command in '/home/lx/ros2/ros/mid-360_ws/build/pointcloud_to_laserscan' returned '0': CMAKE_PREFIX_PATH=${CMAKE_PREFIX_PATH}:/opt/ros/humble /usr/bin/cmake --build /home/lx/ros2/ros/mid-360_ws/build/pointcloud_to_laserscan -- -j12 -l12
[1.423s] DEBUG:colcon.colcon_core.event_handler.log_command:Invoking command in '/home/lx/ros2/ros/mid-360_ws/build/pointcloud_to_laserscan': CMAKE_PREFIX_PATH=${CMAKE_PREFIX_PATH}:/opt/ros/humble /usr/bin/cmake --install /home/lx/ros2/ros/mid-360_ws/build/pointcloud_to_laserscan
[1.442s] Level 1:colcon.colcon_core.environment:create_environment_scripts_only(pointcloud_to_laserscan)
[1.442s] DEBUG:colcon.colcon_core.event_handler.log_command:Invoked command in '/home/lx/ros2/ros/mid-360_ws/build/pointcloud_to_laserscan' returned '0': CMAKE_PREFIX_PATH=${CMAKE_PREFIX_PATH}:/opt/ros/humble /usr/bin/cmake --install /home/lx/ros2/ros/mid-360_ws/build/pointcloud_to_laserscan
[1.456s] Level 1:colcon.colcon_core.environment:checking '/home/lx/ros2/ros/mid-360_ws/install/pointcloud_to_laserscan' for CMake module files
[1.457s] Level 1:colcon.colcon_core.environment:checking '/home/lx/ros2/ros/mid-360_ws/install/pointcloud_to_laserscan' for CMake config files
[1.457s] Level 1:colcon.colcon_core.shell:create_environment_hook('pointcloud_to_laserscan', 'cmake_prefix_path')
[1.470s] INFO:colcon.colcon_core.shell:Creating environment hook '/home/lx/ros2/ros/mid-360_ws/install/pointcloud_to_laserscan/share/pointcloud_to_laserscan/hook/cmake_prefix_path.ps1'
[1.471s] INFO:colcon.colcon_core.shell:Creating environment descriptor '/home/lx/ros2/ros/mid-360_ws/install/pointcloud_to_laserscan/share/pointcloud_to_laserscan/hook/cmake_prefix_path.dsv'
[1.471s] INFO:colcon.colcon_core.shell:Creating environment hook '/home/lx/ros2/ros/mid-360_ws/install/pointcloud_to_laserscan/share/pointcloud_to_laserscan/hook/cmake_prefix_path.sh'
[1.472s] Level 1:colcon.colcon_core.environment:checking '/home/lx/ros2/ros/mid-360_ws/install/pointcloud_to_laserscan/lib'
[1.472s] Level 1:colcon.colcon_core.shell:create_environment_hook('pointcloud_to_laserscan', 'ld_library_path_lib')
[1.486s] INFO:colcon.colcon_core.shell:Creating environment hook '/home/lx/ros2/ros/mid-360_ws/install/pointcloud_to_laserscan/share/pointcloud_to_laserscan/hook/ld_library_path_lib.ps1'
[1.487s] INFO:colcon.colcon_core.shell:Creating environment descriptor '/home/lx/ros2/ros/mid-360_ws/install/pointcloud_to_laserscan/share/pointcloud_to_laserscan/hook/ld_library_path_lib.dsv'
[1.487s] INFO:colcon.colcon_core.shell:Creating environment hook '/home/lx/ros2/ros/mid-360_ws/install/pointcloud_to_laserscan/share/pointcloud_to_laserscan/hook/ld_library_path_lib.sh'
[1.487s] Level 1:colcon.colcon_core.environment:checking '/home/lx/ros2/ros/mid-360_ws/install/pointcloud_to_laserscan/bin'
[1.487s] Level 1:colcon.colcon_core.environment:checking '/home/lx/ros2/ros/mid-360_ws/install/pointcloud_to_laserscan/lib/pkgconfig/pointcloud_to_laserscan.pc'
[1.487s] Level 1:colcon.colcon_core.environment:checking '/home/lx/ros2/ros/mid-360_ws/install/pointcloud_to_laserscan/lib/python3.10/site-packages'
[1.488s] Level 1:colcon.colcon_core.environment:checking '/home/lx/ros2/ros/mid-360_ws/install/pointcloud_to_laserscan/bin'
[1.502s] INFO:colcon.colcon_core.shell:Creating package script '/home/lx/ros2/ros/mid-360_ws/install/pointcloud_to_laserscan/share/pointcloud_to_laserscan/package.ps1'
[1.502s] INFO:colcon.colcon_core.shell:Creating package descriptor '/home/lx/ros2/ros/mid-360_ws/install/pointcloud_to_laserscan/share/pointcloud_to_laserscan/package.dsv'
[1.503s] INFO:colcon.colcon_core.shell:Creating package script '/home/lx/ros2/ros/mid-360_ws/install/pointcloud_to_laserscan/share/pointcloud_to_laserscan/package.sh'
[1.503s] INFO:colcon.colcon_core.shell:Creating package script '/home/lx/ros2/ros/mid-360_ws/install/pointcloud_to_laserscan/share/pointcloud_to_laserscan/package.bash'
[1.504s] INFO:colcon.colcon_core.shell:Creating package script '/home/lx/ros2/ros/mid-360_ws/install/pointcloud_to_laserscan/share/pointcloud_to_laserscan/package.zsh'
[1.504s] Level 1:colcon.colcon_core.environment:create_file_with_runtime_dependencies(/home/lx/ros2/ros/mid-360_ws/install/pointcloud_to_laserscan/share/colcon-core/packages/pointcloud_to_laserscan)
[1.545s] Level 1:colcon.colcon_core.environment:create_environment_scripts_only(pointcloud_to_laserscan)
[1.559s] Level 1:colcon.colcon_core.environment:checking '/home/lx/ros2/ros/mid-360_ws/install/pointcloud_to_laserscan' for CMake module files
[1.560s] Level 1:colcon.colcon_core.environment:checking '/home/lx/ros2/ros/mid-360_ws/install/pointcloud_to_laserscan' for CMake config files
[1.560s] Level 1:colcon.colcon_core.shell:create_environment_hook('pointcloud_to_laserscan', 'cmake_prefix_path')
[1.577s] INFO:colcon.colcon_core.shell:Creating environment hook '/home/lx/ros2/ros/mid-360_ws/install/pointcloud_to_laserscan/share/pointcloud_to_laserscan/hook/cmake_prefix_path.ps1'
[1.578s] INFO:colcon.colcon_core.shell:Creating environment descriptor '/home/lx/ros2/ros/mid-360_ws/install/pointcloud_to_laserscan/share/pointcloud_to_laserscan/hook/cmake_prefix_path.dsv'
[1.578s] INFO:colcon.colcon_core.shell:Creating environment hook '/home/lx/ros2/ros/mid-360_ws/install/pointcloud_to_laserscan/share/pointcloud_to_laserscan/hook/cmake_prefix_path.sh'
[1.579s] Level 1:colcon.colcon_core.environment:checking '/home/lx/ros2/ros/mid-360_ws/install/pointcloud_to_laserscan/lib'
[1.579s] Level 1:colcon.colcon_core.shell:create_environment_hook('pointcloud_to_laserscan', 'ld_library_path_lib')
[1.594s] INFO:colcon.colcon_core.shell:Creating environment hook '/home/lx/ros2/ros/mid-360_ws/install/pointcloud_to_laserscan/share/pointcloud_to_laserscan/hook/ld_library_path_lib.ps1'
[1.595s] INFO:colcon.colcon_core.shell:Creating environment descriptor '/home/lx/ros2/ros/mid-360_ws/install/pointcloud_to_laserscan/share/pointcloud_to_laserscan/hook/ld_library_path_lib.dsv'
[1.595s] INFO:colcon.colcon_core.shell:Creating environment hook '/home/lx/ros2/ros/mid-360_ws/install/pointcloud_to_laserscan/share/pointcloud_to_laserscan/hook/ld_library_path_lib.sh'
[1.595s] Level 1:colcon.colcon_core.environment:checking '/home/lx/ros2/ros/mid-360_ws/install/pointcloud_to_laserscan/bin'
[1.595s] Level 1:colcon.colcon_core.environment:checking '/home/lx/ros2/ros/mid-360_ws/install/pointcloud_to_laserscan/lib/pkgconfig/pointcloud_to_laserscan.pc'
[1.596s] Level 1:colcon.colcon_core.environment:checking '/home/lx/ros2/ros/mid-360_ws/install/pointcloud_to_laserscan/lib/python3.10/site-packages'
[1.596s] Level 1:colcon.colcon_core.environment:checking '/home/lx/ros2/ros/mid-360_ws/install/pointcloud_to_laserscan/bin'
[1.612s] INFO:colcon.colcon_core.shell:Creating package script '/home/lx/ros2/ros/mid-360_ws/install/pointcloud_to_laserscan/share/pointcloud_to_laserscan/package.ps1'
[1.613s] INFO:colcon.colcon_core.shell:Creating package descriptor '/home/lx/ros2/ros/mid-360_ws/install/pointcloud_to_laserscan/share/pointcloud_to_laserscan/package.dsv'
[1.613s] INFO:colcon.colcon_core.shell:Creating package script '/home/lx/ros2/ros/mid-360_ws/install/pointcloud_to_laserscan/share/pointcloud_to_laserscan/package.sh'
[1.613s] INFO:colcon.colcon_core.shell:Creating package script '/home/lx/ros2/ros/mid-360_ws/install/pointcloud_to_laserscan/share/pointcloud_to_laserscan/package.bash'
[1.614s] INFO:colcon.colcon_core.shell:Creating package script '/home/lx/ros2/ros/mid-360_ws/install/pointcloud_to_laserscan/share/pointcloud_to_laserscan/package.zsh'
[1.614s] Level 1:colcon.colcon_core.environment:create_file_with_runtime_dependencies(/home/lx/ros2/ros/mid-360_ws/install/pointcloud_to_laserscan/share/colcon-core/packages/pointcloud_to_laserscan)
[1.615s] DEBUG:colcon.colcon_core.event_handler.log_command:Invoked command in '/home/lx/ros2/ros/mid-360_ws/build/livox_ros_driver2' returned '0': CMAKE_PREFIX_PATH=${CMAKE_PREFIX_PATH}:/opt/ros/humble /usr/bin/cmake --build /home/lx/ros2/ros/mid-360_ws/build/livox_ros_driver2 -- -j12 -l12
[1.694s] DEBUG:colcon.colcon_core.event_handler.log_command:Invoking command in '/home/lx/ros2/ros/mid-360_ws/build/livox_ros_driver2': CMAKE_PREFIX_PATH=${CMAKE_PREFIX_PATH}:/opt/ros/humble /usr/bin/cmake --install /home/lx/ros2/ros/mid-360_ws/build/livox_ros_driver2
[1.737s] Level 1:colcon.colcon_core.environment:create_environment_scripts_only(livox_ros_driver2)
[1.738s] DEBUG:colcon.colcon_core.event_handler.log_command:Invoked command in '/home/lx/ros2/ros/mid-360_ws/build/livox_ros_driver2' returned '0': CMAKE_PREFIX_PATH=${CMAKE_PREFIX_PATH}:/opt/ros/humble /usr/bin/cmake --install /home/lx/ros2/ros/mid-360_ws/build/livox_ros_driver2
[1.750s] Level 1:colcon.colcon_core.environment:checking '/home/lx/ros2/ros/mid-360_ws/install/livox_ros_driver2' for CMake module files
[1.751s] Level 1:colcon.colcon_core.environment:checking '/home/lx/ros2/ros/mid-360_ws/install/livox_ros_driver2' for CMake config files
[1.751s] Level 1:colcon.colcon_core.shell:create_environment_hook('livox_ros_driver2', 'cmake_prefix_path')
[1.764s] INFO:colcon.colcon_core.shell:Creating environment hook '/home/lx/ros2/ros/mid-360_ws/install/livox_ros_driver2/share/livox_ros_driver2/hook/cmake_prefix_path.ps1'
[1.764s] INFO:colcon.colcon_core.shell:Creating environment descriptor '/home/lx/ros2/ros/mid-360_ws/install/livox_ros_driver2/share/livox_ros_driver2/hook/cmake_prefix_path.dsv'
[1.765s] INFO:colcon.colcon_core.shell:Creating environment hook '/home/lx/ros2/ros/mid-360_ws/install/livox_ros_driver2/share/livox_ros_driver2/hook/cmake_prefix_path.sh'
[1.765s] Level 1:colcon.colcon_core.environment:checking '/home/lx/ros2/ros/mid-360_ws/install/livox_ros_driver2/lib'
[1.765s] Level 1:colcon.colcon_core.shell:create_environment_hook('livox_ros_driver2', 'ld_library_path_lib')
[1.778s] INFO:colcon.colcon_core.shell:Creating environment hook '/home/lx/ros2/ros/mid-360_ws/install/livox_ros_driver2/share/livox_ros_driver2/hook/ld_library_path_lib.ps1'
[1.779s] INFO:colcon.colcon_core.shell:Creating environment descriptor '/home/lx/ros2/ros/mid-360_ws/install/livox_ros_driver2/share/livox_ros_driver2/hook/ld_library_path_lib.dsv'
[1.779s] INFO:colcon.colcon_core.shell:Creating environment hook '/home/lx/ros2/ros/mid-360_ws/install/livox_ros_driver2/share/livox_ros_driver2/hook/ld_library_path_lib.sh'
[1.779s] Level 1:colcon.colcon_core.environment:checking '/home/lx/ros2/ros/mid-360_ws/install/livox_ros_driver2/bin'
[1.779s] Level 1:colcon.colcon_core.environment:checking '/home/lx/ros2/ros/mid-360_ws/install/livox_ros_driver2/lib/pkgconfig/livox_ros_driver2.pc'
[1.779s] Level 1:colcon.colcon_core.environment:checking '/home/lx/ros2/ros/mid-360_ws/install/livox_ros_driver2/lib/python3.10/site-packages'
[1.780s] Level 1:colcon.colcon_core.environment:checking '/home/lx/ros2/ros/mid-360_ws/install/livox_ros_driver2/bin'
[1.793s] INFO:colcon.colcon_core.shell:Creating package script '/home/lx/ros2/ros/mid-360_ws/install/livox_ros_driver2/share/livox_ros_driver2/package.ps1'
[1.793s] INFO:colcon.colcon_core.shell:Creating package descriptor '/home/lx/ros2/ros/mid-360_ws/install/livox_ros_driver2/share/livox_ros_driver2/package.dsv'
[1.794s] INFO:colcon.colcon_core.shell:Creating package script '/home/lx/ros2/ros/mid-360_ws/install/livox_ros_driver2/share/livox_ros_driver2/package.sh'
[1.794s] INFO:colcon.colcon_core.shell:Creating package script '/home/lx/ros2/ros/mid-360_ws/install/livox_ros_driver2/share/livox_ros_driver2/package.bash'
[1.794s] INFO:colcon.colcon_core.shell:Creating package script '/home/lx/ros2/ros/mid-360_ws/install/livox_ros_driver2/share/livox_ros_driver2/package.zsh'
[1.794s] Level 1:colcon.colcon_core.environment:create_file_with_runtime_dependencies(/home/lx/ros2/ros/mid-360_ws/install/livox_ros_driver2/share/colcon-core/packages/livox_ros_driver2)
[1.884s] Level 1:colcon.colcon_core.environment:create_environment_scripts_only(livox_ros_driver2)
[1.899s] Level 1:colcon.colcon_core.environment:checking '/home/lx/ros2/ros/mid-360_ws/install/livox_ros_driver2' for CMake module files
[1.899s] Level 1:colcon.colcon_core.environment:checking '/home/lx/ros2/ros/mid-360_ws/install/livox_ros_driver2' for CMake config files
[1.900s] Level 1:colcon.colcon_core.shell:create_environment_hook('livox_ros_driver2', 'cmake_prefix_path')
[1.915s] INFO:colcon.colcon_core.shell:Creating environment hook '/home/lx/ros2/ros/mid-360_ws/install/livox_ros_driver2/share/livox_ros_driver2/hook/cmake_prefix_path.ps1'
[1.915s] INFO:colcon.colcon_core.shell:Creating environment descriptor '/home/lx/ros2/ros/mid-360_ws/install/livox_ros_driver2/share/livox_ros_driver2/hook/cmake_prefix_path.dsv'
[1.916s] INFO:colcon.colcon_core.shell:Creating environment hook '/home/lx/ros2/ros/mid-360_ws/install/livox_ros_driver2/share/livox_ros_driver2/hook/cmake_prefix_path.sh'
[1.916s] Level 1:colcon.colcon_core.environment:checking '/home/lx/ros2/ros/mid-360_ws/install/livox_ros_driver2/lib'
[1.916s] Level 1:colcon.colcon_core.shell:create_environment_hook('livox_ros_driver2', 'ld_library_path_lib')
[1.932s] INFO:colcon.colcon_core.shell:Creating environment hook '/home/lx/ros2/ros/mid-360_ws/install/livox_ros_driver2/share/livox_ros_driver2/hook/ld_library_path_lib.ps1'
[1.933s] INFO:colcon.colcon_core.shell:Creating environment descriptor '/home/lx/ros2/ros/mid-360_ws/install/livox_ros_driver2/share/livox_ros_driver2/hook/ld_library_path_lib.dsv'
[1.933s] INFO:colcon.colcon_core.shell:Creating environment hook '/home/lx/ros2/ros/mid-360_ws/install/livox_ros_driver2/share/livox_ros_driver2/hook/ld_library_path_lib.sh'
[1.933s] Level 1:colcon.colcon_core.environment:checking '/home/lx/ros2/ros/mid-360_ws/install/livox_ros_driver2/bin'
[1.933s] Level 1:colcon.colcon_core.environment:checking '/home/lx/ros2/ros/mid-360_ws/install/livox_ros_driver2/lib/pkgconfig/livox_ros_driver2.pc'
[1.934s] Level 1:colcon.colcon_core.environment:checking '/home/lx/ros2/ros/mid-360_ws/install/livox_ros_driver2/lib/python3.10/site-packages'
[1.934s] Level 1:colcon.colcon_core.environment:checking '/home/lx/ros2/ros/mid-360_ws/install/livox_ros_driver2/bin'
[1.955s] INFO:colcon.colcon_core.shell:Creating package script '/home/lx/ros2/ros/mid-360_ws/install/livox_ros_driver2/share/livox_ros_driver2/package.ps1'
[1.955s] INFO:colcon.colcon_core.shell:Creating package descriptor '/home/lx/ros2/ros/mid-360_ws/install/livox_ros_driver2/share/livox_ros_driver2/package.dsv'
[1.956s] INFO:colcon.colcon_core.shell:Creating package script '/home/lx/ros2/ros/mid-360_ws/install/livox_ros_driver2/share/livox_ros_driver2/package.sh'
[1.956s] INFO:colcon.colcon_core.shell:Creating package script '/home/lx/ros2/ros/mid-360_ws/install/livox_ros_driver2/share/livox_ros_driver2/package.bash'
[1.957s] INFO:colcon.colcon_core.shell:Creating package script '/home/lx/ros2/ros/mid-360_ws/install/livox_ros_driver2/share/livox_ros_driver2/package.zsh'
[1.957s] Level 1:colcon.colcon_core.environment:create_file_with_runtime_dependencies(/home/lx/ros2/ros/mid-360_ws/install/livox_ros_driver2/share/colcon-core/packages/livox_ros_driver2)
[1.957s] INFO:colcon.colcon_ros.task.ament_cmake.build:Building ROS package in '/home/lx/ros2/ros/mid-360_ws/src/FAST_LIO' with build type 'ament_cmake'
[1.957s] INFO:colcon.colcon_cmake.task.cmake.build:Building CMake package in '/home/lx/ros2/ros/mid-360_ws/src/FAST_LIO'
[1.976s] INFO:colcon.colcon_core.shell:Skip shell extension 'powershell' for command environment: Not usable outside of PowerShell
[1.976s] DEBUG:colcon.colcon_core.shell:Skip shell extension 'dsv' for command environment
[2.029s] DEBUG:colcon.colcon_core.event_handler.log_command:Invoking command in '/home/lx/ros2/ros/mid-360_ws/build/fast_lio': CMAKE_PREFIX_PATH=/home/lx/ros2/ros/mid-360_ws/install/livox_ros_driver2:/home/lx/ros2/ros/mid-360_ws/install/pointcloud_to_laserscan:/home/lx/ros2/ros/mid-360_ws/install/fast_lio:/opt/ros/humble LD_LIBRARY_PATH=/home/lx/ros2/ros/mid-360_ws/install/livox_ros_driver2/lib:/home/lx/ros2/ros/mid-360_ws/install/pointcloud_to_laserscan/lib:/home/lx/ros2/ros/mid-360_ws/install/fast_lio/lib:/usr/lib/x86_64-linux-gnu/gazebo-11/plugins:/opt/ros/humble/opt/rviz_ogre_vendor/lib:/opt/ros/humble/lib/x86_64-linux-gnu:/opt/ros/humble/lib /usr/bin/cmake --build /home/lx/ros2/ros/mid-360_ws/build/fast_lio -- -j12 -l12
[2.336s] DEBUG:colcon.colcon_core.event_handler.log_command:Invoked command in '/home/lx/ros2/ros/mid-360_ws/build/fast_lio' returned '0': CMAKE_PREFIX_PATH=/home/lx/ros2/ros/mid-360_ws/install/livox_ros_driver2:/home/lx/ros2/ros/mid-360_ws/install/pointcloud_to_laserscan:/home/lx/ros2/ros/mid-360_ws/install/fast_lio:/opt/ros/humble LD_LIBRARY_PATH=/home/lx/ros2/ros/mid-360_ws/install/livox_ros_driver2/lib:/home/lx/ros2/ros/mid-360_ws/install/pointcloud_to_laserscan/lib:/home/lx/ros2/ros/mid-360_ws/install/fast_lio/lib:/usr/lib/x86_64-linux-gnu/gazebo-11/plugins:/opt/ros/humble/opt/rviz_ogre_vendor/lib:/opt/ros/humble/lib/x86_64-linux-gnu:/opt/ros/humble/lib /usr/bin/cmake --build /home/lx/ros2/ros/mid-360_ws/build/fast_lio -- -j12 -l12
[2.385s] DEBUG:colcon.colcon_core.event_handler.log_command:Invoking command in '/home/lx/ros2/ros/mid-360_ws/build/fast_lio': CMAKE_PREFIX_PATH=/home/lx/ros2/ros/mid-360_ws/install/livox_ros_driver2:/home/lx/ros2/ros/mid-360_ws/install/pointcloud_to_laserscan:/home/lx/ros2/ros/mid-360_ws/install/fast_lio:/opt/ros/humble LD_LIBRARY_PATH=/home/lx/ros2/ros/mid-360_ws/install/livox_ros_driver2/lib:/home/lx/ros2/ros/mid-360_ws/install/pointcloud_to_laserscan/lib:/home/lx/ros2/ros/mid-360_ws/install/fast_lio/lib:/usr/lib/x86_64-linux-gnu/gazebo-11/plugins:/opt/ros/humble/opt/rviz_ogre_vendor/lib:/opt/ros/humble/lib/x86_64-linux-gnu:/opt/ros/humble/lib /usr/bin/cmake --install /home/lx/ros2/ros/mid-360_ws/build/fast_lio
[2.430s] Level 1:colcon.colcon_core.environment:create_environment_scripts_only(fast_lio)
[2.430s] DEBUG:colcon.colcon_core.event_handler.log_command:Invoked command in '/home/lx/ros2/ros/mid-360_ws/build/fast_lio' returned '0': CMAKE_PREFIX_PATH=/home/lx/ros2/ros/mid-360_ws/install/livox_ros_driver2:/home/lx/ros2/ros/mid-360_ws/install/pointcloud_to_laserscan:/home/lx/ros2/ros/mid-360_ws/install/fast_lio:/opt/ros/humble LD_LIBRARY_PATH=/home/lx/ros2/ros/mid-360_ws/install/livox_ros_driver2/lib:/home/lx/ros2/ros/mid-360_ws/install/pointcloud_to_laserscan/lib:/home/lx/ros2/ros/mid-360_ws/install/fast_lio/lib:/usr/lib/x86_64-linux-gnu/gazebo-11/plugins:/opt/ros/humble/opt/rviz_ogre_vendor/lib:/opt/ros/humble/lib/x86_64-linux-gnu:/opt/ros/humble/lib /usr/bin/cmake --install /home/lx/ros2/ros/mid-360_ws/build/fast_lio
[2.453s] Level 1:colcon.colcon_core.environment:checking '/home/lx/ros2/ros/mid-360_ws/install/fast_lio' for CMake module files
[2.453s] Level 1:colcon.colcon_core.environment:checking '/home/lx/ros2/ros/mid-360_ws/install/fast_lio' for CMake config files
[2.454s] Level 1:colcon.colcon_core.shell:create_environment_hook('fast_lio', 'cmake_prefix_path')
[2.475s] INFO:colcon.colcon_core.shell:Creating environment hook '/home/lx/ros2/ros/mid-360_ws/install/fast_lio/share/fast_lio/hook/cmake_prefix_path.ps1'
[2.476s] INFO:colcon.colcon_core.shell:Creating environment descriptor '/home/lx/ros2/ros/mid-360_ws/install/fast_lio/share/fast_lio/hook/cmake_prefix_path.dsv'
[2.476s] INFO:colcon.colcon_core.shell:Creating environment hook '/home/lx/ros2/ros/mid-360_ws/install/fast_lio/share/fast_lio/hook/cmake_prefix_path.sh'
[2.477s] Level 1:colcon.colcon_core.environment:checking '/home/lx/ros2/ros/mid-360_ws/install/fast_lio/lib'
[2.477s] Level 1:colcon.colcon_core.shell:create_environment_hook('fast_lio', 'ld_library_path_lib')
[2.492s] INFO:colcon.colcon_core.shell:Creating environment hook '/home/lx/ros2/ros/mid-360_ws/install/fast_lio/share/fast_lio/hook/ld_library_path_lib.ps1'
[2.493s] INFO:colcon.colcon_core.shell:Creating environment descriptor '/home/lx/ros2/ros/mid-360_ws/install/fast_lio/share/fast_lio/hook/ld_library_path_lib.dsv'
[2.493s] INFO:colcon.colcon_core.shell:Creating environment hook '/home/lx/ros2/ros/mid-360_ws/install/fast_lio/share/fast_lio/hook/ld_library_path_lib.sh'
[2.493s] Level 1:colcon.colcon_core.environment:checking '/home/lx/ros2/ros/mid-360_ws/install/fast_lio/bin'
[2.493s] Level 1:colcon.colcon_core.environment:checking '/home/lx/ros2/ros/mid-360_ws/install/fast_lio/lib/pkgconfig/fast_lio.pc'
[2.494s] Level 1:colcon.colcon_core.environment:checking '/home/lx/ros2/ros/mid-360_ws/install/fast_lio/lib/python3.10/site-packages'
[2.494s] Level 1:colcon.colcon_core.environment:checking '/home/lx/ros2/ros/mid-360_ws/install/fast_lio/bin'
[2.510s] INFO:colcon.colcon_core.shell:Creating package script '/home/lx/ros2/ros/mid-360_ws/install/fast_lio/share/fast_lio/package.ps1'
[2.510s] INFO:colcon.colcon_core.shell:Creating package descriptor '/home/lx/ros2/ros/mid-360_ws/install/fast_lio/share/fast_lio/package.dsv'
[2.511s] INFO:colcon.colcon_core.shell:Creating package script '/home/lx/ros2/ros/mid-360_ws/install/fast_lio/share/fast_lio/package.sh'
[2.511s] INFO:colcon.colcon_core.shell:Creating package script '/home/lx/ros2/ros/mid-360_ws/install/fast_lio/share/fast_lio/package.bash'
[2.511s] INFO:colcon.colcon_core.shell:Creating package script '/home/lx/ros2/ros/mid-360_ws/install/fast_lio/share/fast_lio/package.zsh'
[2.512s] Level 1:colcon.colcon_core.environment:create_file_with_runtime_dependencies(/home/lx/ros2/ros/mid-360_ws/install/fast_lio/share/colcon-core/packages/fast_lio)
[2.585s] Level 1:colcon.colcon_core.environment:create_environment_scripts_only(fast_lio)
[2.597s] Level 1:colcon.colcon_core.environment:checking '/home/lx/ros2/ros/mid-360_ws/install/fast_lio' for CMake module files
[2.598s] Level 1:colcon.colcon_core.environment:checking '/home/lx/ros2/ros/mid-360_ws/install/fast_lio' for CMake config files
[2.598s] Level 1:colcon.colcon_core.shell:create_environment_hook('fast_lio', 'cmake_prefix_path')
[2.612s] INFO:colcon.colcon_core.shell:Creating environment hook '/home/lx/ros2/ros/mid-360_ws/install/fast_lio/share/fast_lio/hook/cmake_prefix_path.ps1'
[2.613s] INFO:colcon.colcon_core.shell:Creating environment descriptor '/home/lx/ros2/ros/mid-360_ws/install/fast_lio/share/fast_lio/hook/cmake_prefix_path.dsv'
[2.613s] INFO:colcon.colcon_core.shell:Creating environment hook '/home/lx/ros2/ros/mid-360_ws/install/fast_lio/share/fast_lio/hook/cmake_prefix_path.sh'
[2.613s] Level 1:colcon.colcon_core.environment:checking '/home/lx/ros2/ros/mid-360_ws/install/fast_lio/lib'
[2.613s] Level 1:colcon.colcon_core.shell:create_environment_hook('fast_lio', 'ld_library_path_lib')
[2.626s] INFO:colcon.colcon_core.shell:Creating environment hook '/home/lx/ros2/ros/mid-360_ws/install/fast_lio/share/fast_lio/hook/ld_library_path_lib.ps1'
[2.626s] INFO:colcon.colcon_core.shell:Creating environment descriptor '/home/lx/ros2/ros/mid-360_ws/install/fast_lio/share/fast_lio/hook/ld_library_path_lib.dsv'
[2.627s] INFO:colcon.colcon_core.shell:Creating environment hook '/home/lx/ros2/ros/mid-360_ws/install/fast_lio/share/fast_lio/hook/ld_library_path_lib.sh'
[2.627s] Level 1:colcon.colcon_core.environment:checking '/home/lx/ros2/ros/mid-360_ws/install/fast_lio/bin'
[2.627s] Level 1:colcon.colcon_core.environment:checking '/home/lx/ros2/ros/mid-360_ws/install/fast_lio/lib/pkgconfig/fast_lio.pc'
[2.627s] Level 1:colcon.colcon_core.environment:checking '/home/lx/ros2/ros/mid-360_ws/install/fast_lio/lib/python3.10/site-packages'
[2.627s] Level 1:colcon.colcon_core.environment:checking '/home/lx/ros2/ros/mid-360_ws/install/fast_lio/bin'
[2.641s] INFO:colcon.colcon_core.shell:Creating package script '/home/lx/ros2/ros/mid-360_ws/install/fast_lio/share/fast_lio/package.ps1'
[2.642s] INFO:colcon.colcon_core.shell:Creating package descriptor '/home/lx/ros2/ros/mid-360_ws/install/fast_lio/share/fast_lio/package.dsv'
[2.642s] INFO:colcon.colcon_core.shell:Creating package script '/home/lx/ros2/ros/mid-360_ws/install/fast_lio/share/fast_lio/package.sh'
[2.643s] INFO:colcon.colcon_core.shell:Creating package script '/home/lx/ros2/ros/mid-360_ws/install/fast_lio/share/fast_lio/package.bash'
[2.643s] INFO:colcon.colcon_core.shell:Creating package script '/home/lx/ros2/ros/mid-360_ws/install/fast_lio/share/fast_lio/package.zsh'
[2.643s] Level 1:colcon.colcon_core.environment:create_file_with_runtime_dependencies(/home/lx/ros2/ros/mid-360_ws/install/fast_lio/share/colcon-core/packages/fast_lio)
[2.644s] DEBUG:colcon.colcon_parallel_executor.executor.parallel:closing loop
[2.644s] DEBUG:colcon.colcon_parallel_executor.executor.parallel:loop closed
[2.644s] DEBUG:colcon.colcon_parallel_executor.executor.parallel:run_until_complete finished with '0'
[2.644s] DEBUG:colcon.colcon_core.event_reactor:joining thread
[2.664s] INFO:colcon.colcon_core.plugin_system:Skipping extension 'colcon_notification.desktop_notification.terminal_notifier': Not used on non-Darwin systems
[2.664s] INFO:colcon.colcon_core.plugin_system:Skipping extension 'colcon_notification.desktop_notification.win32': Not used on non-Windows systems
[2.664s] INFO:colcon.colcon_notification.desktop_notification:Sending desktop notification using 'notify2'
[2.676s] DEBUG:colcon.colcon_core.event_reactor:joined thread
[2.690s] INFO:colcon.colcon_core.shell:Creating prefix script '/home/lx/ros2/ros/mid-360_ws/install/local_setup.ps1'
[2.690s] INFO:colcon.colcon_core.shell:Creating prefix util module '/home/lx/ros2/ros/mid-360_ws/install/_local_setup_util_ps1.py'
[2.692s] INFO:colcon.colcon_core.shell:Creating prefix chain script '/home/lx/ros2/ros/mid-360_ws/install/setup.ps1'
[2.707s] INFO:colcon.colcon_core.shell:Creating prefix script '/home/lx/ros2/ros/mid-360_ws/install/local_setup.sh'
[2.707s] INFO:colcon.colcon_core.shell:Creating prefix util module '/home/lx/ros2/ros/mid-360_ws/install/_local_setup_util_sh.py'
[2.708s] INFO:colcon.colcon_core.shell:Creating prefix chain script '/home/lx/ros2/ros/mid-360_ws/install/setup.sh'
[2.723s] INFO:colcon.colcon_core.shell:Creating prefix script '/home/lx/ros2/ros/mid-360_ws/install/local_setup.bash'
[2.724s] INFO:colcon.colcon_core.shell:Creating prefix chain script '/home/lx/ros2/ros/mid-360_ws/install/setup.bash'
[2.738s] INFO:colcon.colcon_core.shell:Creating prefix script '/home/lx/ros2/ros/mid-360_ws/install/local_setup.zsh'
[2.738s] INFO:colcon.colcon_core.shell:Creating prefix chain script '/home/lx/ros2/ros/mid-360_ws/install/setup.zsh'
