[0.833s] DEBUG:colcon:Command line arguments: ['/usr/bin/colcon', 'build', '--packages-select', 'imu_to_odom']
[0.833s] DEBUG:colcon:Parsed command line arguments: Namespace(log_base=None, log_level=None, verb_name='build', build_base='build', install_base='install', merge_install=False, symlink_install=False, test_result_base=None, continue_on_error=False, executor='parallel', parallel_workers=12, event_handlers=None, ignore_user_meta=False, metas=['./colcon.meta'], base_paths=['.'], packages_ignore=None, packages_ignore_regex=None, paths=None, packages_up_to=None, packages_up_to_regex=None, packages_above=None, packages_above_and_dependencies=None, packages_above_depth=None, packages_select_by_dep=None, packages_skip_by_dep=None, packages_skip_up_to=None, packages_select_build_failed=False, packages_skip_build_finished=False, packages_select_test_failures=False, packages_skip_test_passed=False, packages_select=['imu_to_odom'], packages_skip=None, packages_select_regex=None, packages_skip_regex=None, packages_start=None, packages_end=None, allow_overriding=[], cmake_args=None, cmake_target=None, cmake_target_skip_unavailable=False, cmake_clean_cache=False, cmake_clean_first=False, cmake_force_configure=False, ament_cmake_args=None, catkin_cmake_args=None, catkin_skip_building_tests=False, verb_parser=<colcon_defaults.argument_parser.defaults.DefaultArgumentsDecorator object at 0x7fd82bedf1c0>, verb_extension=<colcon_core.verb.build.BuildVerb object at 0x7fd82c2d72b0>, main=<bound method BuildVerb.main of <colcon_core.verb.build.BuildVerb object at 0x7fd82c2d72b0>>)
[0.876s] Level 1:colcon.colcon_core.package_discovery:discover_packages(colcon_meta) check parameters
[0.876s] Level 1:colcon.colcon_core.package_discovery:discover_packages(recursive) check parameters
[0.876s] Level 1:colcon.colcon_core.package_discovery:discover_packages(ignore) check parameters
[0.876s] Level 1:colcon.colcon_core.package_discovery:discover_packages(path) check parameters
[0.876s] Level 1:colcon.colcon_core.package_discovery:discover_packages(colcon_meta) discover
[0.876s] Level 1:colcon.colcon_core.package_discovery:discover_packages(recursive) discover
[0.876s] INFO:colcon.colcon_core.package_discovery:Crawling recursively for packages in '/home/lx/ros2/xiao_ying'
[0.876s] Level 1:colcon.colcon_core.package_identification:_identify(.) by extensions ['ignore', 'ignore_ament_install']
[0.876s] Level 1:colcon.colcon_core.package_identification:_identify(.) by extension 'ignore'
[0.876s] Level 1:colcon.colcon_core.package_identification:_identify(.) by extension 'ignore_ament_install'
[0.876s] Level 1:colcon.colcon_core.package_identification:_identify(.) by extensions ['colcon_pkg']
[0.876s] Level 1:colcon.colcon_core.package_identification:_identify(.) by extension 'colcon_pkg'
[0.876s] Level 1:colcon.colcon_core.package_identification:_identify(.) by extensions ['colcon_meta']
[0.876s] Level 1:colcon.colcon_core.package_identification:_identify(.) by extension 'colcon_meta'
[0.876s] Level 1:colcon.colcon_core.package_identification:_identify(.) by extensions ['ros']
[0.876s] Level 1:colcon.colcon_core.package_identification:_identify(.) by extension 'ros'
[0.886s] Level 1:colcon.colcon_core.package_identification:_identify(.) by extensions ['cmake', 'python']
[0.886s] Level 1:colcon.colcon_core.package_identification:_identify(.) by extension 'cmake'
[0.886s] Level 1:colcon.colcon_core.package_identification:_identify(.) by extension 'python'
[0.886s] Level 1:colcon.colcon_core.package_identification:_identify(.) by extensions ['python_setup_py']
[0.886s] Level 1:colcon.colcon_core.package_identification:_identify(.) by extension 'python_setup_py'
[0.886s] Level 1:colcon.colcon_core.package_identification:_identify(build) by extensions ['ignore', 'ignore_ament_install']
[0.886s] Level 1:colcon.colcon_core.package_identification:_identify(build) by extension 'ignore'
[0.886s] Level 1:colcon.colcon_core.package_identification:_identify(build) ignored
[0.886s] Level 1:colcon.colcon_core.package_identification:_identify(install) by extensions ['ignore', 'ignore_ament_install']
[0.886s] Level 1:colcon.colcon_core.package_identification:_identify(install) by extension 'ignore'
[0.887s] Level 1:colcon.colcon_core.package_identification:_identify(install) ignored
[0.887s] Level 1:colcon.colcon_core.package_identification:_identify(log) by extensions ['ignore', 'ignore_ament_install']
[0.887s] Level 1:colcon.colcon_core.package_identification:_identify(log) by extension 'ignore'
[0.887s] Level 1:colcon.colcon_core.package_identification:_identify(log) ignored
[0.887s] Level 1:colcon.colcon_core.package_identification:_identify(src) by extensions ['ignore', 'ignore_ament_install']
[0.887s] Level 1:colcon.colcon_core.package_identification:_identify(src) by extension 'ignore'
[0.887s] Level 1:colcon.colcon_core.package_identification:_identify(src) by extension 'ignore_ament_install'
[0.887s] Level 1:colcon.colcon_core.package_identification:_identify(src) by extensions ['colcon_pkg']
[0.887s] Level 1:colcon.colcon_core.package_identification:_identify(src) by extension 'colcon_pkg'
[0.887s] Level 1:colcon.colcon_core.package_identification:_identify(src) by extensions ['colcon_meta']
[0.887s] Level 1:colcon.colcon_core.package_identification:_identify(src) by extension 'colcon_meta'
[0.887s] Level 1:colcon.colcon_core.package_identification:_identify(src) by extensions ['ros']
[0.887s] Level 1:colcon.colcon_core.package_identification:_identify(src) by extension 'ros'
[0.887s] Level 1:colcon.colcon_core.package_identification:_identify(src) by extensions ['cmake', 'python']
[0.887s] Level 1:colcon.colcon_core.package_identification:_identify(src) by extension 'cmake'
[0.887s] Level 1:colcon.colcon_core.package_identification:_identify(src) by extension 'python'
[0.887s] Level 1:colcon.colcon_core.package_identification:_identify(src) by extensions ['python_setup_py']
[0.887s] Level 1:colcon.colcon_core.package_identification:_identify(src) by extension 'python_setup_py'
[0.887s] Level 1:colcon.colcon_core.package_identification:_identify(src/fast_lio) by extensions ['ignore', 'ignore_ament_install']
[0.887s] Level 1:colcon.colcon_core.package_identification:_identify(src/fast_lio) by extension 'ignore'
[0.887s] Level 1:colcon.colcon_core.package_identification:_identify(src/fast_lio) by extension 'ignore_ament_install'
[0.888s] Level 1:colcon.colcon_core.package_identification:_identify(src/fast_lio) by extensions ['colcon_pkg']
[0.888s] Level 1:colcon.colcon_core.package_identification:_identify(src/fast_lio) by extension 'colcon_pkg'
[0.888s] Level 1:colcon.colcon_core.package_identification:_identify(src/fast_lio) by extensions ['colcon_meta']
[0.888s] Level 1:colcon.colcon_core.package_identification:_identify(src/fast_lio) by extension 'colcon_meta'
[0.888s] Level 1:colcon.colcon_core.package_identification:_identify(src/fast_lio) by extensions ['ros']
[0.888s] Level 1:colcon.colcon_core.package_identification:_identify(src/fast_lio) by extension 'ros'
[0.890s] DEBUG:colcon.colcon_core.package_identification:Package 'src/fast_lio' with type 'ros.ament_cmake' and name 'fast_lio'
[0.890s] Level 1:colcon.colcon_core.package_identification:_identify(src/icp_localization_ros2) by extensions ['ignore', 'ignore_ament_install']
[0.890s] Level 1:colcon.colcon_core.package_identification:_identify(src/icp_localization_ros2) by extension 'ignore'
[0.890s] Level 1:colcon.colcon_core.package_identification:_identify(src/icp_localization_ros2) by extension 'ignore_ament_install'
[0.890s] Level 1:colcon.colcon_core.package_identification:_identify(src/icp_localization_ros2) by extensions ['colcon_pkg']
[0.890s] Level 1:colcon.colcon_core.package_identification:_identify(src/icp_localization_ros2) by extension 'colcon_pkg'
[0.891s] Level 1:colcon.colcon_core.package_identification:_identify(src/icp_localization_ros2) by extensions ['colcon_meta']
[0.891s] Level 1:colcon.colcon_core.package_identification:_identify(src/icp_localization_ros2) by extension 'colcon_meta'
[0.891s] Level 1:colcon.colcon_core.package_identification:_identify(src/icp_localization_ros2) by extensions ['ros']
[0.891s] Level 1:colcon.colcon_core.package_identification:_identify(src/icp_localization_ros2) by extension 'ros'
[0.892s] DEBUG:colcon.colcon_core.package_identification:Package 'src/icp_localization_ros2' with type 'ros.ament_cmake' and name 'icp_localization_ros2'
[0.892s] Level 1:colcon.colcon_core.package_identification:_identify(src/imu_complementary_filter) by extensions ['ignore', 'ignore_ament_install']
[0.892s] Level 1:colcon.colcon_core.package_identification:_identify(src/imu_complementary_filter) by extension 'ignore'
[0.892s] Level 1:colcon.colcon_core.package_identification:_identify(src/imu_complementary_filter) by extension 'ignore_ament_install'
[0.892s] Level 1:colcon.colcon_core.package_identification:_identify(src/imu_complementary_filter) by extensions ['colcon_pkg']
[0.892s] Level 1:colcon.colcon_core.package_identification:_identify(src/imu_complementary_filter) by extension 'colcon_pkg'
[0.892s] Level 1:colcon.colcon_core.package_identification:_identify(src/imu_complementary_filter) by extensions ['colcon_meta']
[0.892s] Level 1:colcon.colcon_core.package_identification:_identify(src/imu_complementary_filter) by extension 'colcon_meta'
[0.892s] Level 1:colcon.colcon_core.package_identification:_identify(src/imu_complementary_filter) by extensions ['ros']
[0.892s] Level 1:colcon.colcon_core.package_identification:_identify(src/imu_complementary_filter) by extension 'ros'
[0.893s] DEBUG:colcon.colcon_core.package_identification:Package 'src/imu_complementary_filter' with type 'ros.ament_cmake' and name 'imu_complementary_filter'
[0.893s] Level 1:colcon.colcon_core.package_identification:_identify(src/imu_to_odom) by extensions ['ignore', 'ignore_ament_install']
[0.893s] Level 1:colcon.colcon_core.package_identification:_identify(src/imu_to_odom) by extension 'ignore'
[0.893s] Level 1:colcon.colcon_core.package_identification:_identify(src/imu_to_odom) by extension 'ignore_ament_install'
[0.893s] Level 1:colcon.colcon_core.package_identification:_identify(src/imu_to_odom) by extensions ['colcon_pkg']
[0.893s] Level 1:colcon.colcon_core.package_identification:_identify(src/imu_to_odom) by extension 'colcon_pkg'
[0.893s] Level 1:colcon.colcon_core.package_identification:_identify(src/imu_to_odom) by extensions ['colcon_meta']
[0.893s] Level 1:colcon.colcon_core.package_identification:_identify(src/imu_to_odom) by extension 'colcon_meta'
[0.893s] Level 1:colcon.colcon_core.package_identification:_identify(src/imu_to_odom) by extensions ['ros']
[0.893s] Level 1:colcon.colcon_core.package_identification:_identify(src/imu_to_odom) by extension 'ros'
[0.894s] DEBUG:colcon.colcon_core.package_identification:Package 'src/imu_to_odom' with type 'ros.ament_cmake' and name 'imu_to_odom'
[0.894s] Level 1:colcon.colcon_core.package_identification:_identify(src/linefit_ground_segementation_ros2) by extensions ['ignore', 'ignore_ament_install']
[0.894s] Level 1:colcon.colcon_core.package_identification:_identify(src/linefit_ground_segementation_ros2) by extension 'ignore'
[0.894s] Level 1:colcon.colcon_core.package_identification:_identify(src/linefit_ground_segementation_ros2) by extension 'ignore_ament_install'
[0.894s] Level 1:colcon.colcon_core.package_identification:_identify(src/linefit_ground_segementation_ros2) by extensions ['colcon_pkg']
[0.894s] Level 1:colcon.colcon_core.package_identification:_identify(src/linefit_ground_segementation_ros2) by extension 'colcon_pkg'
[0.894s] Level 1:colcon.colcon_core.package_identification:_identify(src/linefit_ground_segementation_ros2) by extensions ['colcon_meta']
[0.894s] Level 1:colcon.colcon_core.package_identification:_identify(src/linefit_ground_segementation_ros2) by extension 'colcon_meta'
[0.894s] Level 1:colcon.colcon_core.package_identification:_identify(src/linefit_ground_segementation_ros2) by extensions ['ros']
[0.894s] Level 1:colcon.colcon_core.package_identification:_identify(src/linefit_ground_segementation_ros2) by extension 'ros'
[0.894s] Level 1:colcon.colcon_core.package_identification:_identify(src/linefit_ground_segementation_ros2) by extensions ['cmake', 'python']
[0.894s] Level 1:colcon.colcon_core.package_identification:_identify(src/linefit_ground_segementation_ros2) by extension 'cmake'
[0.894s] Level 1:colcon.colcon_core.package_identification:_identify(src/linefit_ground_segementation_ros2) by extension 'python'
[0.894s] Level 1:colcon.colcon_core.package_identification:_identify(src/linefit_ground_segementation_ros2) by extensions ['python_setup_py']
[0.894s] Level 1:colcon.colcon_core.package_identification:_identify(src/linefit_ground_segementation_ros2) by extension 'python_setup_py'
[0.894s] Level 1:colcon.colcon_core.package_identification:_identify(src/linefit_ground_segementation_ros2/doc) by extensions ['ignore', 'ignore_ament_install']
[0.894s] Level 1:colcon.colcon_core.package_identification:_identify(src/linefit_ground_segementation_ros2/doc) by extension 'ignore'
[0.894s] Level 1:colcon.colcon_core.package_identification:_identify(src/linefit_ground_segementation_ros2/doc) by extension 'ignore_ament_install'
[0.895s] Level 1:colcon.colcon_core.package_identification:_identify(src/linefit_ground_segementation_ros2/doc) by extensions ['colcon_pkg']
[0.895s] Level 1:colcon.colcon_core.package_identification:_identify(src/linefit_ground_segementation_ros2/doc) by extension 'colcon_pkg'
[0.895s] Level 1:colcon.colcon_core.package_identification:_identify(src/linefit_ground_segementation_ros2/doc) by extensions ['colcon_meta']
[0.895s] Level 1:colcon.colcon_core.package_identification:_identify(src/linefit_ground_segementation_ros2/doc) by extension 'colcon_meta'
[0.895s] Level 1:colcon.colcon_core.package_identification:_identify(src/linefit_ground_segementation_ros2/doc) by extensions ['ros']
[0.895s] Level 1:colcon.colcon_core.package_identification:_identify(src/linefit_ground_segementation_ros2/doc) by extension 'ros'
[0.895s] Level 1:colcon.colcon_core.package_identification:_identify(src/linefit_ground_segementation_ros2/doc) by extensions ['cmake', 'python']
[0.895s] Level 1:colcon.colcon_core.package_identification:_identify(src/linefit_ground_segementation_ros2/doc) by extension 'cmake'
[0.895s] Level 1:colcon.colcon_core.package_identification:_identify(src/linefit_ground_segementation_ros2/doc) by extension 'python'
[0.895s] Level 1:colcon.colcon_core.package_identification:_identify(src/linefit_ground_segementation_ros2/doc) by extensions ['python_setup_py']
[0.895s] Level 1:colcon.colcon_core.package_identification:_identify(src/linefit_ground_segementation_ros2/doc) by extension 'python_setup_py'
[0.895s] Level 1:colcon.colcon_core.package_identification:_identify(src/linefit_ground_segementation_ros2/linefit_ground_segmentation) by extensions ['ignore', 'ignore_ament_install']
[0.895s] Level 1:colcon.colcon_core.package_identification:_identify(src/linefit_ground_segementation_ros2/linefit_ground_segmentation) by extension 'ignore'
[0.895s] Level 1:colcon.colcon_core.package_identification:_identify(src/linefit_ground_segementation_ros2/linefit_ground_segmentation) by extension 'ignore_ament_install'
[0.895s] Level 1:colcon.colcon_core.package_identification:_identify(src/linefit_ground_segementation_ros2/linefit_ground_segmentation) by extensions ['colcon_pkg']
[0.895s] Level 1:colcon.colcon_core.package_identification:_identify(src/linefit_ground_segementation_ros2/linefit_ground_segmentation) by extension 'colcon_pkg'
[0.895s] Level 1:colcon.colcon_core.package_identification:_identify(src/linefit_ground_segementation_ros2/linefit_ground_segmentation) by extensions ['colcon_meta']
[0.895s] Level 1:colcon.colcon_core.package_identification:_identify(src/linefit_ground_segementation_ros2/linefit_ground_segmentation) by extension 'colcon_meta'
[0.895s] Level 1:colcon.colcon_core.package_identification:_identify(src/linefit_ground_segementation_ros2/linefit_ground_segmentation) by extensions ['ros']
[0.895s] Level 1:colcon.colcon_core.package_identification:_identify(src/linefit_ground_segementation_ros2/linefit_ground_segmentation) by extension 'ros'
[0.896s] DEBUG:colcon.colcon_core.package_identification:Package 'src/linefit_ground_segementation_ros2/linefit_ground_segmentation' with type 'ros.ament_cmake' and name 'linefit_ground_segmentation'
[0.896s] Level 1:colcon.colcon_core.package_identification:_identify(src/linefit_ground_segementation_ros2/linefit_ground_segmentation_ros) by extensions ['ignore', 'ignore_ament_install']
[0.896s] Level 1:colcon.colcon_core.package_identification:_identify(src/linefit_ground_segementation_ros2/linefit_ground_segmentation_ros) by extension 'ignore'
[0.896s] Level 1:colcon.colcon_core.package_identification:_identify(src/linefit_ground_segementation_ros2/linefit_ground_segmentation_ros) by extension 'ignore_ament_install'
[0.896s] Level 1:colcon.colcon_core.package_identification:_identify(src/linefit_ground_segementation_ros2/linefit_ground_segmentation_ros) by extensions ['colcon_pkg']
[0.896s] Level 1:colcon.colcon_core.package_identification:_identify(src/linefit_ground_segementation_ros2/linefit_ground_segmentation_ros) by extension 'colcon_pkg'
[0.896s] Level 1:colcon.colcon_core.package_identification:_identify(src/linefit_ground_segementation_ros2/linefit_ground_segmentation_ros) by extensions ['colcon_meta']
[0.896s] Level 1:colcon.colcon_core.package_identification:_identify(src/linefit_ground_segementation_ros2/linefit_ground_segmentation_ros) by extension 'colcon_meta'
[0.896s] Level 1:colcon.colcon_core.package_identification:_identify(src/linefit_ground_segementation_ros2/linefit_ground_segmentation_ros) by extensions ['ros']
[0.896s] Level 1:colcon.colcon_core.package_identification:_identify(src/linefit_ground_segementation_ros2/linefit_ground_segmentation_ros) by extension 'ros'
[0.897s] DEBUG:colcon.colcon_core.package_identification:Package 'src/linefit_ground_segementation_ros2/linefit_ground_segmentation_ros' with type 'ros.ament_cmake' and name 'linefit_ground_segmentation_ros'
[0.897s] Level 1:colcon.colcon_core.package_identification:_identify(src/livox_ros_driver2) by extensions ['ignore', 'ignore_ament_install']
[0.897s] Level 1:colcon.colcon_core.package_identification:_identify(src/livox_ros_driver2) by extension 'ignore'
[0.897s] Level 1:colcon.colcon_core.package_identification:_identify(src/livox_ros_driver2) by extension 'ignore_ament_install'
[0.897s] Level 1:colcon.colcon_core.package_identification:_identify(src/livox_ros_driver2) by extensions ['colcon_pkg']
[0.897s] Level 1:colcon.colcon_core.package_identification:_identify(src/livox_ros_driver2) by extension 'colcon_pkg'
[0.897s] Level 1:colcon.colcon_core.package_identification:_identify(src/livox_ros_driver2) by extensions ['colcon_meta']
[0.897s] Level 1:colcon.colcon_core.package_identification:_identify(src/livox_ros_driver2) by extension 'colcon_meta'
[0.897s] Level 1:colcon.colcon_core.package_identification:_identify(src/livox_ros_driver2) by extensions ['ros']
[0.897s] Level 1:colcon.colcon_core.package_identification:_identify(src/livox_ros_driver2) by extension 'ros'
[0.898s] DEBUG:colcon.colcon_core.package_identification:Package 'src/livox_ros_driver2' with type 'ros.ament_cmake' and name 'livox_ros_driver2'
[0.898s] Level 1:colcon.colcon_core.package_identification:_identify(src/pointcloud_to_laserscan) by extensions ['ignore', 'ignore_ament_install']
[0.899s] Level 1:colcon.colcon_core.package_identification:_identify(src/pointcloud_to_laserscan) by extension 'ignore'
[0.899s] Level 1:colcon.colcon_core.package_identification:_identify(src/pointcloud_to_laserscan) by extension 'ignore_ament_install'
[0.899s] Level 1:colcon.colcon_core.package_identification:_identify(src/pointcloud_to_laserscan) by extensions ['colcon_pkg']
[0.899s] Level 1:colcon.colcon_core.package_identification:_identify(src/pointcloud_to_laserscan) by extension 'colcon_pkg'
[0.899s] Level 1:colcon.colcon_core.package_identification:_identify(src/pointcloud_to_laserscan) by extensions ['colcon_meta']
[0.899s] Level 1:colcon.colcon_core.package_identification:_identify(src/pointcloud_to_laserscan) by extension 'colcon_meta'
[0.899s] Level 1:colcon.colcon_core.package_identification:_identify(src/pointcloud_to_laserscan) by extensions ['ros']
[0.899s] Level 1:colcon.colcon_core.package_identification:_identify(src/pointcloud_to_laserscan) by extension 'ros'
[0.900s] DEBUG:colcon.colcon_core.package_identification:Package 'src/pointcloud_to_laserscan' with type 'ros.ament_cmake' and name 'pointcloud_to_laserscan'
[0.900s] Level 1:colcon.colcon_core.package_identification:_identify(src/rm_navigation) by extensions ['ignore', 'ignore_ament_install']
[0.900s] Level 1:colcon.colcon_core.package_identification:_identify(src/rm_navigation) by extension 'ignore'
[0.900s] Level 1:colcon.colcon_core.package_identification:_identify(src/rm_navigation) by extension 'ignore_ament_install'
[0.900s] Level 1:colcon.colcon_core.package_identification:_identify(src/rm_navigation) by extensions ['colcon_pkg']
[0.900s] Level 1:colcon.colcon_core.package_identification:_identify(src/rm_navigation) by extension 'colcon_pkg'
[0.900s] Level 1:colcon.colcon_core.package_identification:_identify(src/rm_navigation) by extensions ['colcon_meta']
[0.900s] Level 1:colcon.colcon_core.package_identification:_identify(src/rm_navigation) by extension 'colcon_meta'
[0.900s] Level 1:colcon.colcon_core.package_identification:_identify(src/rm_navigation) by extensions ['ros']
[0.900s] Level 1:colcon.colcon_core.package_identification:_identify(src/rm_navigation) by extension 'ros'
[0.901s] DEBUG:colcon.colcon_core.package_identification:Package 'src/rm_navigation' with type 'ros.ament_cmake' and name 'rm_navigation'
[0.901s] Level 1:colcon.colcon_core.package_discovery:discover_packages(recursive) using defaults
[0.901s] Level 1:colcon.colcon_core.package_discovery:discover_packages(ignore) discover
[0.901s] Level 1:colcon.colcon_core.package_discovery:discover_packages(ignore) using defaults
[0.901s] Level 1:colcon.colcon_core.package_discovery:discover_packages(path) discover
[0.901s] Level 1:colcon.colcon_core.package_discovery:discover_packages(path) using defaults
[0.957s] INFO:colcon.colcon_core.package_selection:Skipping not selected package 'icp_localization_ros2' in 'src/icp_localization_ros2'
[0.957s] INFO:colcon.colcon_core.package_selection:Skipping not selected package 'imu_complementary_filter' in 'src/imu_complementary_filter'
[0.957s] INFO:colcon.colcon_core.package_selection:Skipping not selected package 'linefit_ground_segmentation' in 'src/linefit_ground_segementation_ros2/linefit_ground_segmentation'
[0.957s] INFO:colcon.colcon_core.package_selection:Skipping not selected package 'livox_ros_driver2' in 'src/livox_ros_driver2'
[0.957s] INFO:colcon.colcon_core.package_selection:Skipping not selected package 'pointcloud_to_laserscan' in 'src/pointcloud_to_laserscan'
[0.957s] INFO:colcon.colcon_core.package_selection:Skipping not selected package 'rm_navigation' in 'src/rm_navigation'
[0.957s] INFO:colcon.colcon_core.package_selection:Skipping not selected package 'fast_lio' in 'src/fast_lio'
[0.957s] INFO:colcon.colcon_core.package_selection:Skipping not selected package 'linefit_ground_segmentation_ros' in 'src/linefit_ground_segementation_ros2/linefit_ground_segmentation_ros'
[0.981s] Level 1:colcon.colcon_core.package_discovery:discover_packages(prefix_path) check parameters
[0.981s] Level 1:colcon.colcon_core.package_discovery:discover_packages(prefix_path) discover
[1.006s] DEBUG:colcon.colcon_installed_package_information.package_discovery:Found 3 installed packages in /home/lx/ros2/xiao_ying/install
[1.019s] DEBUG:colcon.colcon_installed_package_information.package_discovery:Found 387 installed packages in /opt/ros/humble
[1.021s] Level 1:colcon.colcon_core.package_discovery:discover_packages(prefix_path) using defaults
[1.124s] Level 5:colcon.colcon_core.verb:set package 'imu_to_odom' build argument 'cmake_args' from command line to 'None'
[1.124s] Level 5:colcon.colcon_core.verb:set package 'imu_to_odom' build argument 'cmake_target' from command line to 'None'
[1.124s] Level 5:colcon.colcon_core.verb:set package 'imu_to_odom' build argument 'cmake_target_skip_unavailable' from command line to 'False'
[1.124s] Level 5:colcon.colcon_core.verb:set package 'imu_to_odom' build argument 'cmake_clean_cache' from command line to 'False'
[1.124s] Level 5:colcon.colcon_core.verb:set package 'imu_to_odom' build argument 'cmake_clean_first' from command line to 'False'
[1.124s] Level 5:colcon.colcon_core.verb:set package 'imu_to_odom' build argument 'cmake_force_configure' from command line to 'False'
[1.124s] Level 5:colcon.colcon_core.verb:set package 'imu_to_odom' build argument 'ament_cmake_args' from command line to 'None'
[1.124s] Level 5:colcon.colcon_core.verb:set package 'imu_to_odom' build argument 'catkin_cmake_args' from command line to 'None'
[1.124s] Level 5:colcon.colcon_core.verb:set package 'imu_to_odom' build argument 'catkin_skip_building_tests' from command line to 'False'
[1.124s] DEBUG:colcon.colcon_core.verb:Building package 'imu_to_odom' with the following arguments: {'ament_cmake_args': None, 'build_base': '/home/lx/ros2/xiao_ying/build/imu_to_odom', 'catkin_cmake_args': None, 'catkin_skip_building_tests': False, 'cmake_args': None, 'cmake_clean_cache': False, 'cmake_clean_first': False, 'cmake_force_configure': False, 'cmake_target': None, 'cmake_target_skip_unavailable': False, 'install_base': '/home/lx/ros2/xiao_ying/install/imu_to_odom', 'merge_install': False, 'path': '/home/lx/ros2/xiao_ying/src/imu_to_odom', 'symlink_install': False, 'test_result_base': None}
[1.136s] INFO:colcon.colcon_core.executor:Executing jobs using 'parallel' executor
[1.150s] DEBUG:colcon.colcon_parallel_executor.executor.parallel:run_until_complete
[1.150s] INFO:colcon.colcon_ros.task.ament_cmake.build:Building ROS package in '/home/lx/ros2/xiao_ying/src/imu_to_odom' with build type 'ament_cmake'
[1.150s] INFO:colcon.colcon_cmake.task.cmake.build:Building CMake package in '/home/lx/ros2/xiao_ying/src/imu_to_odom'
[1.165s] INFO:colcon.colcon_core.plugin_system:Skipping extension 'colcon_core.shell.bat': Not used on non-Windows systems
[1.165s] INFO:colcon.colcon_core.shell:Skip shell extension 'powershell' for command environment: Not usable outside of PowerShell
[1.165s] DEBUG:colcon.colcon_core.shell:Skip shell extension 'dsv' for command environment
[1.211s] DEBUG:colcon.colcon_core.event_handler.log_command:Invoking command in '/home/lx/ros2/xiao_ying/build/imu_to_odom': CMAKE_PREFIX_PATH=${CMAKE_PREFIX_PATH}:/opt/ros/humble /usr/bin/cmake --build /home/lx/ros2/xiao_ying/build/imu_to_odom -- -j12 -l12
[8.093s] DEBUG:colcon.colcon_core.event_handler.log_command:Invoked command in '/home/lx/ros2/xiao_ying/build/imu_to_odom' returned '0': CMAKE_PREFIX_PATH=${CMAKE_PREFIX_PATH}:/opt/ros/humble /usr/bin/cmake --build /home/lx/ros2/xiao_ying/build/imu_to_odom -- -j12 -l12
[8.115s] DEBUG:colcon.colcon_core.event_handler.log_command:Invoking command in '/home/lx/ros2/xiao_ying/build/imu_to_odom': CMAKE_PREFIX_PATH=${CMAKE_PREFIX_PATH}:/opt/ros/humble /usr/bin/cmake --install /home/lx/ros2/xiao_ying/build/imu_to_odom
[8.124s] Level 1:colcon.colcon_core.environment:create_environment_scripts_only(imu_to_odom)
[8.125s] DEBUG:colcon.colcon_core.event_handler.log_command:Invoked command in '/home/lx/ros2/xiao_ying/build/imu_to_odom' returned '0': CMAKE_PREFIX_PATH=${CMAKE_PREFIX_PATH}:/opt/ros/humble /usr/bin/cmake --install /home/lx/ros2/xiao_ying/build/imu_to_odom
[8.139s] Level 1:colcon.colcon_core.environment:checking '/home/lx/ros2/xiao_ying/install/imu_to_odom' for CMake module files
[8.139s] Level 1:colcon.colcon_core.environment:checking '/home/lx/ros2/xiao_ying/install/imu_to_odom' for CMake config files
[8.139s] Level 1:colcon.colcon_core.shell:create_environment_hook('imu_to_odom', 'cmake_prefix_path')
[8.152s] INFO:colcon.colcon_core.shell:Creating environment hook '/home/lx/ros2/xiao_ying/install/imu_to_odom/share/imu_to_odom/hook/cmake_prefix_path.ps1'
[8.152s] INFO:colcon.colcon_core.shell:Creating environment descriptor '/home/lx/ros2/xiao_ying/install/imu_to_odom/share/imu_to_odom/hook/cmake_prefix_path.dsv'
[8.152s] INFO:colcon.colcon_core.shell:Creating environment hook '/home/lx/ros2/xiao_ying/install/imu_to_odom/share/imu_to_odom/hook/cmake_prefix_path.sh'
[8.153s] Level 1:colcon.colcon_core.environment:checking '/home/lx/ros2/xiao_ying/install/imu_to_odom/lib'
[8.153s] Level 1:colcon.colcon_core.environment:checking '/home/lx/ros2/xiao_ying/install/imu_to_odom/bin'
[8.153s] Level 1:colcon.colcon_core.environment:checking '/home/lx/ros2/xiao_ying/install/imu_to_odom/lib/pkgconfig/imu_to_odom.pc'
[8.153s] Level 1:colcon.colcon_core.environment:checking '/home/lx/ros2/xiao_ying/install/imu_to_odom/lib/python3.10/site-packages'
[8.154s] Level 1:colcon.colcon_core.environment:checking '/home/lx/ros2/xiao_ying/install/imu_to_odom/bin'
[8.166s] INFO:colcon.colcon_core.shell:Creating package script '/home/lx/ros2/xiao_ying/install/imu_to_odom/share/imu_to_odom/package.ps1'
[8.166s] INFO:colcon.colcon_core.shell:Creating package descriptor '/home/lx/ros2/xiao_ying/install/imu_to_odom/share/imu_to_odom/package.dsv'
[8.166s] INFO:colcon.colcon_core.shell:Creating package script '/home/lx/ros2/xiao_ying/install/imu_to_odom/share/imu_to_odom/package.sh'
[8.167s] INFO:colcon.colcon_core.shell:Creating package script '/home/lx/ros2/xiao_ying/install/imu_to_odom/share/imu_to_odom/package.bash'
[8.167s] INFO:colcon.colcon_core.shell:Creating package script '/home/lx/ros2/xiao_ying/install/imu_to_odom/share/imu_to_odom/package.zsh'
[8.168s] Level 1:colcon.colcon_core.environment:create_file_with_runtime_dependencies(/home/lx/ros2/xiao_ying/install/imu_to_odom/share/colcon-core/packages/imu_to_odom)
[8.196s] Level 1:colcon.colcon_core.environment:create_environment_scripts_only(imu_to_odom)
[8.208s] Level 1:colcon.colcon_core.environment:checking '/home/lx/ros2/xiao_ying/install/imu_to_odom' for CMake module files
[8.209s] Level 1:colcon.colcon_core.environment:checking '/home/lx/ros2/xiao_ying/install/imu_to_odom' for CMake config files
[8.209s] Level 1:colcon.colcon_core.shell:create_environment_hook('imu_to_odom', 'cmake_prefix_path')
[8.221s] INFO:colcon.colcon_core.shell:Creating environment hook '/home/lx/ros2/xiao_ying/install/imu_to_odom/share/imu_to_odom/hook/cmake_prefix_path.ps1'
[8.222s] INFO:colcon.colcon_core.shell:Creating environment descriptor '/home/lx/ros2/xiao_ying/install/imu_to_odom/share/imu_to_odom/hook/cmake_prefix_path.dsv'
[8.222s] INFO:colcon.colcon_core.shell:Creating environment hook '/home/lx/ros2/xiao_ying/install/imu_to_odom/share/imu_to_odom/hook/cmake_prefix_path.sh'
[8.222s] Level 1:colcon.colcon_core.environment:checking '/home/lx/ros2/xiao_ying/install/imu_to_odom/lib'
[8.222s] Level 1:colcon.colcon_core.environment:checking '/home/lx/ros2/xiao_ying/install/imu_to_odom/bin'
[8.222s] Level 1:colcon.colcon_core.environment:checking '/home/lx/ros2/xiao_ying/install/imu_to_odom/lib/pkgconfig/imu_to_odom.pc'
[8.223s] Level 1:colcon.colcon_core.environment:checking '/home/lx/ros2/xiao_ying/install/imu_to_odom/lib/python3.10/site-packages'
[8.223s] Level 1:colcon.colcon_core.environment:checking '/home/lx/ros2/xiao_ying/install/imu_to_odom/bin'
[8.236s] INFO:colcon.colcon_core.shell:Creating package script '/home/lx/ros2/xiao_ying/install/imu_to_odom/share/imu_to_odom/package.ps1'
[8.236s] INFO:colcon.colcon_core.shell:Creating package descriptor '/home/lx/ros2/xiao_ying/install/imu_to_odom/share/imu_to_odom/package.dsv'
[8.236s] INFO:colcon.colcon_core.shell:Creating package script '/home/lx/ros2/xiao_ying/install/imu_to_odom/share/imu_to_odom/package.sh'
[8.237s] INFO:colcon.colcon_core.shell:Creating package script '/home/lx/ros2/xiao_ying/install/imu_to_odom/share/imu_to_odom/package.bash'
[8.237s] INFO:colcon.colcon_core.shell:Creating package script '/home/lx/ros2/xiao_ying/install/imu_to_odom/share/imu_to_odom/package.zsh'
[8.237s] Level 1:colcon.colcon_core.environment:create_file_with_runtime_dependencies(/home/lx/ros2/xiao_ying/install/imu_to_odom/share/colcon-core/packages/imu_to_odom)
[8.238s] DEBUG:colcon.colcon_parallel_executor.executor.parallel:closing loop
[8.238s] DEBUG:colcon.colcon_parallel_executor.executor.parallel:loop closed
[8.238s] DEBUG:colcon.colcon_parallel_executor.executor.parallel:run_until_complete finished with '0'
[8.238s] DEBUG:colcon.colcon_core.event_reactor:joining thread
[8.254s] INFO:colcon.colcon_core.plugin_system:Skipping extension 'colcon_notification.desktop_notification.terminal_notifier': Not used on non-Darwin systems
[8.254s] INFO:colcon.colcon_core.plugin_system:Skipping extension 'colcon_notification.desktop_notification.win32': Not used on non-Windows systems
[8.254s] INFO:colcon.colcon_notification.desktop_notification:Sending desktop notification using 'notify2'
[8.262s] DEBUG:colcon.colcon_core.event_reactor:joined thread
[8.280s] INFO:colcon.colcon_core.shell:Creating prefix script '/home/lx/ros2/xiao_ying/install/local_setup.ps1'
[8.281s] INFO:colcon.colcon_core.shell:Creating prefix util module '/home/lx/ros2/xiao_ying/install/_local_setup_util_ps1.py'
[8.282s] INFO:colcon.colcon_core.shell:Creating prefix chain script '/home/lx/ros2/xiao_ying/install/setup.ps1'
[8.295s] INFO:colcon.colcon_core.shell:Creating prefix script '/home/lx/ros2/xiao_ying/install/local_setup.sh'
[8.295s] INFO:colcon.colcon_core.shell:Creating prefix util module '/home/lx/ros2/xiao_ying/install/_local_setup_util_sh.py'
[8.295s] INFO:colcon.colcon_core.shell:Creating prefix chain script '/home/lx/ros2/xiao_ying/install/setup.sh'
[8.308s] INFO:colcon.colcon_core.shell:Creating prefix script '/home/lx/ros2/xiao_ying/install/local_setup.bash'
[8.308s] INFO:colcon.colcon_core.shell:Creating prefix chain script '/home/lx/ros2/xiao_ying/install/setup.bash'
[8.321s] INFO:colcon.colcon_core.shell:Creating prefix script '/home/lx/ros2/xiao_ying/install/local_setup.zsh'
[8.321s] INFO:colcon.colcon_core.shell:Creating prefix chain script '/home/lx/ros2/xiao_ying/install/setup.zsh'
