[0.013s] Invoking command in '/home/lx/ros/service_ws/build/client': CMAKE_PREFIX_PATH=${CMAKE_PREFIX_PATH}:/opt/ros/humble /usr/bin/cmake --build /home/lx/ros/service_ws/build/client -- -j12 -l12
[0.039s] Invoked command in '/home/lx/ros/service_ws/build/client' returned '0': CMAKE_PREFIX_PATH=${CMAKE_PREFIX_PATH}:/opt/ros/humble /usr/bin/cmake --build /home/lx/ros/service_ws/build/client -- -j12 -l12
[0.057s] Invoking command in '/home/lx/ros/service_ws/build/client': CMAKE_PREFIX_PATH=${CMAKE_PREFIX_PATH}:/opt/ros/humble /usr/bin/cmake --install /home/lx/ros/service_ws/build/client
[0.061s] -- Install configuration: ""
[0.061s] -- Up-to-date: /home/lx/ros/service_ws/install/client/share/ament_index/resource_index/package_run_dependencies/client
[0.061s] -- Up-to-date: /home/lx/ros/service_ws/install/client/share/ament_index/resource_index/parent_prefix_path/client
[0.061s] -- Up-to-date: /home/lx/ros/service_ws/install/client/share/client/environment/ament_prefix_path.sh
[0.061s] -- Up-to-date: /home/lx/ros/service_ws/install/client/share/client/environment/ament_prefix_path.dsv
[0.062s] -- Up-to-date: /home/lx/ros/service_ws/install/client/share/client/environment/path.sh
[0.062s] -- Up-to-date: /home/lx/ros/service_ws/install/client/share/client/environment/path.dsv
[0.062s] -- Up-to-date: /home/lx/ros/service_ws/install/client/share/client/local_setup.bash
[0.062s] -- Up-to-date: /home/lx/ros/service_ws/install/client/share/client/local_setup.sh
[0.062s] -- Up-to-date: /home/lx/ros/service_ws/install/client/share/client/local_setup.zsh
[0.062s] -- Up-to-date: /home/lx/ros/service_ws/install/client/share/client/local_setup.dsv
[0.063s] -- Up-to-date: /home/lx/ros/service_ws/install/client/share/client/package.dsv
[0.063s] -- Up-to-date: /home/lx/ros/service_ws/install/client/share/ament_index/resource_index/packages/client
[0.063s] -- Up-to-date: /home/lx/ros/service_ws/install/client/share/client/cmake/clientConfig.cmake
[0.064s] -- Up-to-date: /home/lx/ros/service_ws/install/client/share/client/cmake/clientConfig-version.cmake
[0.064s] -- Up-to-date: /home/lx/ros/service_ws/install/client/share/client/package.xml
[0.064s] Invoked command in '/home/lx/ros/service_ws/build/client' returned '0': CMAKE_PREFIX_PATH=${CMAKE_PREFIX_PATH}:/opt/ros/humble /usr/bin/cmake --install /home/lx/ros/service_ws/build/client
