[0.161s] Invoking command in '/home/lx/ros2/ros/nav2_ws/build/nav2_smoother': AMENT_PREFIX_PATH=/home/lx/ros2/ros/nav2_ws/install/nav2_core:/home/lx/ros2/ros/nav2_ws/install/nav2_costmap_2d:/home/lx/ros2/ros/nav2_ws/install/nav_2d_utils:/home/lx/ros2/ros/nav2_ws/install/nav2_util:/home/lx/ros2/ros/nav2_ws/install/nav2_voxel_grid:/home/lx/ros2/ros/nav2_ws/install/nav2_msgs:/home/lx/ros2/ros/nav2_ws/install/nav_2d_msgs:/home/lx/ros2/ros/nav2_ws/install/nav2_common:${AMENT_PREFIX_PATH} CMAKE_PREFIX_PATH=/home/lx/ros2/ros/nav2_ws/install/nav2_core:/home/lx/ros2/ros/nav2_ws/install/nav2_costmap_2d:/home/lx/ros2/ros/nav2_ws/install/nav_2d_utils:/home/lx/ros2/ros/nav2_ws/install/nav2_util:/home/lx/ros2/ros/nav2_ws/install/nav2_voxel_grid:/home/lx/ros2/ros/nav2_ws/install/nav2_msgs:/home/lx/ros2/ros/nav2_ws/install/nav_2d_msgs:/home/lx/ros2/ros/nav2_ws/install/nav2_common:/opt/ros/humble LD_LIBRARY_PATH=/home/lx/ros2/ros/nav2_ws/install/nav2_costmap_2d/lib:/home/lx/ros2/ros/nav2_ws/install/nav_2d_utils/lib:/home/lx/ros2/ros/nav2_ws/install/nav2_util/lib:/home/lx/ros2/ros/nav2_ws/install/nav2_voxel_grid/lib:/home/lx/ros2/ros/nav2_ws/install/nav2_msgs/lib:/home/lx/ros2/ros/nav2_ws/install/nav_2d_msgs/lib:${LD_LIBRARY_PATH} PYTHONPATH=/home/lx/ros2/ros/nav2_ws/install/nav2_msgs/local/lib/python3.10/dist-packages:/home/lx/ros2/ros/nav2_ws/install/nav_2d_msgs/local/lib/python3.10/dist-packages:/home/lx/ros2/ros/nav2_ws/install/nav2_common/local/lib/python3.10/dist-packages:${PYTHONPATH} /usr/bin/cmake /home/lx/ros2/ros/nav2_ws/src/navigation2/nav2_smoother -DCMAKE_INSTALL_PREFIX=/home/lx/ros2/ros/nav2_ws/install/nav2_smoother
[24.141s] -- The C compiler identification is GNU 11.4.0
[24.141s] -- The CXX compiler identification is GNU 11.4.0
[24.141s] -- Detecting C compiler ABI info
[24.141s] -- Detecting C compiler ABI info - done
[24.141s] -- Check for working C compiler: /usr/bin/cc - skipped
[24.141s] -- Detecting C compile features
[24.141s] -- Detecting C compile features - done
[24.141s] -- Detecting CXX compiler ABI info
[24.141s] -- Detecting CXX compiler ABI info - done
[24.141s] -- Check for working CXX compiler: /usr/bin/c++ - skipped
[24.142s] -- Detecting CXX compile features
[24.142s] -- Detecting CXX compile features - done
[24.142s] -- Found ament_cmake: 1.3.5 (/opt/ros/humble/share/ament_cmake/cmake)
[24.142s] -- Found Python3: /usr/bin/python3.10 (found version "3.10.12") found components: Interpreter 
[24.142s] -- Found nav2_core: 1.1.12 (/home/lx/ros2/ros/nav2_ws/install/nav2_core/share/nav2_core/cmake)
[24.142s] -- Found rosidl_generator_c: 3.1.5 (/opt/ros/humble/share/rosidl_generator_c/cmake)
[24.142s] -- Found rosidl_adapter: 3.1.5 (/opt/ros/humble/share/rosidl_adapter/cmake)
[24.142s] -- Found rosidl_generator_cpp: 3.1.5 (/opt/ros/humble/share/rosidl_generator_cpp/cmake)
[24.142s] -- Using all available rosidl_typesupport_c: rosidl_typesupport_fastrtps_c;rosidl_typesupport_introspection_c
[24.142s] -- Using all available rosidl_typesupport_cpp: rosidl_typesupport_fastrtps_cpp;rosidl_typesupport_introspection_cpp
[24.142s] -- Found rmw_implementation_cmake: 6.1.1 (/opt/ros/humble/share/rmw_implementation_cmake/cmake)
[24.142s] -- Found rmw_fastrtps_cpp: 6.2.4 (/opt/ros/humble/share/rmw_fastrtps_cpp/cmake)
[24.143s] -- Found OpenSSL: /usr/lib/x86_64-linux-gnu/libcrypto.so (found version "3.0.2")  
[24.143s] -- Found FastRTPS: /opt/ros/humble/include  
[24.143s] -- Using RMW implementation 'rmw_fastrtps_cpp' as default
[24.143s] -- Looking for pthread.h
[24.143s] -- Looking for pthread.h - found
[24.143s] -- Performing Test CMAKE_HAVE_LIBC_PTHREAD
[24.143s] -- Performing Test CMAKE_HAVE_LIBC_PTHREAD - Success
[24.143s] -- Found Threads: TRUE  
[24.143s] -- Found Eigen3: TRUE (found version "3.4.0") 
[24.143s] -- Ensuring Eigen3 include directory is part of orocos-kdl CMake target
[24.143s] -- Found nav2_common: 1.1.12 (/home/lx/ros2/ros/nav2_ws/install/nav2_common/share/nav2_common/cmake)
[24.143s] -- Found nav_2d_utils: 1.1.12 (/home/lx/ros2/ros/nav2_ws/install/nav_2d_utils/share/nav_2d_utils/cmake)
[24.144s] -- Setting build type to Release as none was specified.
[37.842s] -- Found ament_lint_auto: 0.12.8 (/opt/ros/humble/share/ament_lint_auto/cmake)
[37.947s] -- Found gtest sources under '/opt/ros/humble/src/gtest_vendor': C++ tests using 'Google Test' will be built
[58.870s] -- Added test 'cppcheck' to perform static code analysis on C / C++ code
[58.873s] -- Configured cppcheck include dirs: /home/lx/ros2/ros/nav2_ws/src/navigation2/nav2_smoother/include
[58.873s] -- Configured cppcheck exclude dirs and/or files: 
[58.875s] -- Added test 'cpplint' to check C / C++ code against the Google style
[58.875s] -- Configured cpplint exclude dirs and/or files: 
[58.876s] -- Added test 'lint_cmake' to check CMake code style
[58.879s] -- Added test 'uncrustify' to check C / C++ code style
[58.879s] -- Configured uncrustify additional arguments: 
[58.881s] -- Added test 'xmllint' to check XML markup files
[58.886s] -- Configuring done
[59.318s] -- Generating done
[59.323s] -- Build files have been written to: /home/lx/ros2/ros/nav2_ws/build/nav2_smoother
[59.358s] Invoked command in '/home/lx/ros2/ros/nav2_ws/build/nav2_smoother' returned '0': AMENT_PREFIX_PATH=/home/lx/ros2/ros/nav2_ws/install/nav2_core:/home/lx/ros2/ros/nav2_ws/install/nav2_costmap_2d:/home/lx/ros2/ros/nav2_ws/install/nav_2d_utils:/home/lx/ros2/ros/nav2_ws/install/nav2_util:/home/lx/ros2/ros/nav2_ws/install/nav2_voxel_grid:/home/lx/ros2/ros/nav2_ws/install/nav2_msgs:/home/lx/ros2/ros/nav2_ws/install/nav_2d_msgs:/home/lx/ros2/ros/nav2_ws/install/nav2_common:${AMENT_PREFIX_PATH} CMAKE_PREFIX_PATH=/home/lx/ros2/ros/nav2_ws/install/nav2_core:/home/lx/ros2/ros/nav2_ws/install/nav2_costmap_2d:/home/lx/ros2/ros/nav2_ws/install/nav_2d_utils:/home/lx/ros2/ros/nav2_ws/install/nav2_util:/home/lx/ros2/ros/nav2_ws/install/nav2_voxel_grid:/home/lx/ros2/ros/nav2_ws/install/nav2_msgs:/home/lx/ros2/ros/nav2_ws/install/nav_2d_msgs:/home/lx/ros2/ros/nav2_ws/install/nav2_common:/opt/ros/humble LD_LIBRARY_PATH=/home/lx/ros2/ros/nav2_ws/install/nav2_costmap_2d/lib:/home/lx/ros2/ros/nav2_ws/install/nav_2d_utils/lib:/home/lx/ros2/ros/nav2_ws/install/nav2_util/lib:/home/lx/ros2/ros/nav2_ws/install/nav2_voxel_grid/lib:/home/lx/ros2/ros/nav2_ws/install/nav2_msgs/lib:/home/lx/ros2/ros/nav2_ws/install/nav_2d_msgs/lib:${LD_LIBRARY_PATH} PYTHONPATH=/home/lx/ros2/ros/nav2_ws/install/nav2_msgs/local/lib/python3.10/dist-packages:/home/lx/ros2/ros/nav2_ws/install/nav_2d_msgs/local/lib/python3.10/dist-packages:/home/lx/ros2/ros/nav2_ws/install/nav2_common/local/lib/python3.10/dist-packages:${PYTHONPATH} /usr/bin/cmake /home/lx/ros2/ros/nav2_ws/src/navigation2/nav2_smoother -DCMAKE_INSTALL_PREFIX=/home/lx/ros2/ros/nav2_ws/install/nav2_smoother
[59.358s] Invoking command in '/home/lx/ros2/ros/nav2_ws/build/nav2_smoother': AMENT_PREFIX_PATH=/home/lx/ros2/ros/nav2_ws/install/nav2_core:/home/lx/ros2/ros/nav2_ws/install/nav2_costmap_2d:/home/lx/ros2/ros/nav2_ws/install/nav_2d_utils:/home/lx/ros2/ros/nav2_ws/install/nav2_util:/home/lx/ros2/ros/nav2_ws/install/nav2_voxel_grid:/home/lx/ros2/ros/nav2_ws/install/nav2_msgs:/home/lx/ros2/ros/nav2_ws/install/nav_2d_msgs:/home/lx/ros2/ros/nav2_ws/install/nav2_common:${AMENT_PREFIX_PATH} CMAKE_PREFIX_PATH=/home/lx/ros2/ros/nav2_ws/install/nav2_core:/home/lx/ros2/ros/nav2_ws/install/nav2_costmap_2d:/home/lx/ros2/ros/nav2_ws/install/nav_2d_utils:/home/lx/ros2/ros/nav2_ws/install/nav2_util:/home/lx/ros2/ros/nav2_ws/install/nav2_voxel_grid:/home/lx/ros2/ros/nav2_ws/install/nav2_msgs:/home/lx/ros2/ros/nav2_ws/install/nav_2d_msgs:/home/lx/ros2/ros/nav2_ws/install/nav2_common:/opt/ros/humble LD_LIBRARY_PATH=/home/lx/ros2/ros/nav2_ws/install/nav2_costmap_2d/lib:/home/lx/ros2/ros/nav2_ws/install/nav_2d_utils/lib:/home/lx/ros2/ros/nav2_ws/install/nav2_util/lib:/home/lx/ros2/ros/nav2_ws/install/nav2_voxel_grid/lib:/home/lx/ros2/ros/nav2_ws/install/nav2_msgs/lib:/home/lx/ros2/ros/nav2_ws/install/nav_2d_msgs/lib:${LD_LIBRARY_PATH} PYTHONPATH=/home/lx/ros2/ros/nav2_ws/install/nav2_msgs/local/lib/python3.10/dist-packages:/home/lx/ros2/ros/nav2_ws/install/nav_2d_msgs/local/lib/python3.10/dist-packages:/home/lx/ros2/ros/nav2_ws/install/nav2_common/local/lib/python3.10/dist-packages:${PYTHONPATH} /usr/bin/cmake --build /home/lx/ros2/ros/nav2_ws/build/nav2_smoother -- -j12 -l12
[84.962s] [  5%] [32mBuilding CXX object CMakeFiles/smoother_server_core.dir/src/nav2_smoother.cpp.o[0m
[84.962s] [ 11%] [32m[1mLinking CXX shared library libsmoother_server_core.so[0m
[84.962s] [ 11%] Built target smoother_server_core
[84.962s] [ 16%] [32mBuilding CXX object gtest/CMakeFiles/gtest_main.dir/src/gtest_main.cc.o[0m
[85.536s] [ 22%] [32m[1mLinking CXX static library libgtest_main.a[0m
[85.581s] [ 22%] Built target gtest_main
[85.612s] [ 27%] [32mBuilding CXX object CMakeFiles/smoother_server.dir/src/main.cpp.o[0m
[92.171s] [ 33%] [32m[1mLinking CXX executable smoother_server[0m
[92.572s] [ 33%] Built target smoother_server
[92.593s] [ 38%] [32mBuilding CXX object gtest/CMakeFiles/gtest.dir/src/gtest-all.cc.o[0m
[102.172s] [ 44%] [32m[1mLinking CXX static library libgtest.a[0m
[102.211s] [ 44%] Built target gtest
[102.233s] [ 50%] [32mBuilding CXX object CMakeFiles/savitzky_golay_smoother.dir/src/savitzky_golay_smoother.cpp.o[0m
[110.010s] [ 55%] [32m[1mLinking CXX shared library libsavitzky_golay_smoother.so[0m
[110.352s] [ 55%] Built target savitzky_golay_smoother
[110.393s] [ 61%] [32mBuilding CXX object test/CMakeFiles/test_smoother_server.dir/test_smoother_server.cpp.o[0m
[125.266s] [ 66%] [32m[1mLinking CXX executable test_smoother_server[0m
[125.971s] [ 66%] Built target test_smoother_server
[126.028s] [ 72%] [32mBuilding CXX object test/CMakeFiles/test_savitzky_golay_smoother.dir/test_savitzky_golay_smoother.cpp.o[0m
[126.045s] [ 77%] [32mBuilding CXX object CMakeFiles/simple_smoother.dir/src/simple_smoother.cpp.o[0m
[138.490s] [ 83%] [32m[1mLinking CXX shared library libsimple_smoother.so[0m
[139.310s] [ 83%] Built target simple_smoother
[139.603s] [ 88%] [32m[1mLinking CXX executable test_savitzky_golay_smoother[0m
[140.127s] [ 88%] Built target test_savitzky_golay_smoother
[140.217s] [ 94%] [32mBuilding CXX object test/CMakeFiles/test_simple_smoother.dir/test_simple_smoother.cpp.o[0m
[150.343s] [100%] [32m[1mLinking CXX executable test_simple_smoother[0m
[150.944s] [100%] Built target test_simple_smoother
[150.957s] Invoked command in '/home/lx/ros2/ros/nav2_ws/build/nav2_smoother' returned '0': AMENT_PREFIX_PATH=/home/lx/ros2/ros/nav2_ws/install/nav2_core:/home/lx/ros2/ros/nav2_ws/install/nav2_costmap_2d:/home/lx/ros2/ros/nav2_ws/install/nav_2d_utils:/home/lx/ros2/ros/nav2_ws/install/nav2_util:/home/lx/ros2/ros/nav2_ws/install/nav2_voxel_grid:/home/lx/ros2/ros/nav2_ws/install/nav2_msgs:/home/lx/ros2/ros/nav2_ws/install/nav_2d_msgs:/home/lx/ros2/ros/nav2_ws/install/nav2_common:${AMENT_PREFIX_PATH} CMAKE_PREFIX_PATH=/home/lx/ros2/ros/nav2_ws/install/nav2_core:/home/lx/ros2/ros/nav2_ws/install/nav2_costmap_2d:/home/lx/ros2/ros/nav2_ws/install/nav_2d_utils:/home/lx/ros2/ros/nav2_ws/install/nav2_util:/home/lx/ros2/ros/nav2_ws/install/nav2_voxel_grid:/home/lx/ros2/ros/nav2_ws/install/nav2_msgs:/home/lx/ros2/ros/nav2_ws/install/nav_2d_msgs:/home/lx/ros2/ros/nav2_ws/install/nav2_common:/opt/ros/humble LD_LIBRARY_PATH=/home/lx/ros2/ros/nav2_ws/install/nav2_costmap_2d/lib:/home/lx/ros2/ros/nav2_ws/install/nav_2d_utils/lib:/home/lx/ros2/ros/nav2_ws/install/nav2_util/lib:/home/lx/ros2/ros/nav2_ws/install/nav2_voxel_grid/lib:/home/lx/ros2/ros/nav2_ws/install/nav2_msgs/lib:/home/lx/ros2/ros/nav2_ws/install/nav_2d_msgs/lib:${LD_LIBRARY_PATH} PYTHONPATH=/home/lx/ros2/ros/nav2_ws/install/nav2_msgs/local/lib/python3.10/dist-packages:/home/lx/ros2/ros/nav2_ws/install/nav_2d_msgs/local/lib/python3.10/dist-packages:/home/lx/ros2/ros/nav2_ws/install/nav2_common/local/lib/python3.10/dist-packages:${PYTHONPATH} /usr/bin/cmake --build /home/lx/ros2/ros/nav2_ws/build/nav2_smoother -- -j12 -l12
[150.987s] Invoking command in '/home/lx/ros2/ros/nav2_ws/build/nav2_smoother': AMENT_PREFIX_PATH=/home/lx/ros2/ros/nav2_ws/install/nav2_core:/home/lx/ros2/ros/nav2_ws/install/nav2_costmap_2d:/home/lx/ros2/ros/nav2_ws/install/nav_2d_utils:/home/lx/ros2/ros/nav2_ws/install/nav2_util:/home/lx/ros2/ros/nav2_ws/install/nav2_voxel_grid:/home/lx/ros2/ros/nav2_ws/install/nav2_msgs:/home/lx/ros2/ros/nav2_ws/install/nav_2d_msgs:/home/lx/ros2/ros/nav2_ws/install/nav2_common:${AMENT_PREFIX_PATH} CMAKE_PREFIX_PATH=/home/lx/ros2/ros/nav2_ws/install/nav2_core:/home/lx/ros2/ros/nav2_ws/install/nav2_costmap_2d:/home/lx/ros2/ros/nav2_ws/install/nav_2d_utils:/home/lx/ros2/ros/nav2_ws/install/nav2_util:/home/lx/ros2/ros/nav2_ws/install/nav2_voxel_grid:/home/lx/ros2/ros/nav2_ws/install/nav2_msgs:/home/lx/ros2/ros/nav2_ws/install/nav_2d_msgs:/home/lx/ros2/ros/nav2_ws/install/nav2_common:/opt/ros/humble LD_LIBRARY_PATH=/home/lx/ros2/ros/nav2_ws/install/nav2_costmap_2d/lib:/home/lx/ros2/ros/nav2_ws/install/nav_2d_utils/lib:/home/lx/ros2/ros/nav2_ws/install/nav2_util/lib:/home/lx/ros2/ros/nav2_ws/install/nav2_voxel_grid/lib:/home/lx/ros2/ros/nav2_ws/install/nav2_msgs/lib:/home/lx/ros2/ros/nav2_ws/install/nav_2d_msgs/lib:${LD_LIBRARY_PATH} PYTHONPATH=/home/lx/ros2/ros/nav2_ws/install/nav2_msgs/local/lib/python3.10/dist-packages:/home/lx/ros2/ros/nav2_ws/install/nav_2d_msgs/local/lib/python3.10/dist-packages:/home/lx/ros2/ros/nav2_ws/install/nav2_common/local/lib/python3.10/dist-packages:${PYTHONPATH} /usr/bin/cmake --install /home/lx/ros2/ros/nav2_ws/build/nav2_smoother
[187.315s] -- Install configuration: "Release"
[187.315s] -- Installing: /home/lx/ros2/ros/nav2_ws/install/nav2_smoother/share/nav2_smoother/plugins.xml
[187.315s] -- Installing: /home/lx/ros2/ros/nav2_ws/install/nav2_smoother/lib/libsmoother_server_core.so
[187.315s] -- Set runtime path of "/home/lx/ros2/ros/nav2_ws/install/nav2_smoother/lib/libsmoother_server_core.so" to ""
[187.315s] -- Installing: /home/lx/ros2/ros/nav2_ws/install/nav2_smoother/lib/libsimple_smoother.so
[187.315s] -- Set runtime path of "/home/lx/ros2/ros/nav2_ws/install/nav2_smoother/lib/libsimple_smoother.so" to ""
[187.315s] -- Installing: /home/lx/ros2/ros/nav2_ws/install/nav2_smoother/lib/libsavitzky_golay_smoother.so
[187.315s] -- Set runtime path of "/home/lx/ros2/ros/nav2_ws/install/nav2_smoother/lib/libsavitzky_golay_smoother.so" to ""
[187.315s] -- Installing: /home/lx/ros2/ros/nav2_ws/install/nav2_smoother/lib/nav2_smoother/smoother_server
[187.315s] -- Set runtime path of "/home/lx/ros2/ros/nav2_ws/install/nav2_smoother/lib/nav2_smoother/smoother_server" to ""
[187.315s] -- Installing: /home/lx/ros2/ros/nav2_ws/install/nav2_smoother/include/
[187.316s] -- Installing: /home/lx/ros2/ros/nav2_ws/install/nav2_smoother/include//nav2_smoother
[187.316s] -- Installing: /home/lx/ros2/ros/nav2_ws/install/nav2_smoother/include//nav2_smoother/smoother_utils.hpp
[187.316s] -- Installing: /home/lx/ros2/ros/nav2_ws/install/nav2_smoother/include//nav2_smoother/savitzky_golay_smoother.hpp
[187.316s] -- Installing: /home/lx/ros2/ros/nav2_ws/install/nav2_smoother/include//nav2_smoother/simple_smoother.hpp
[187.316s] -- Installing: /home/lx/ros2/ros/nav2_ws/install/nav2_smoother/include//nav2_smoother/nav2_smoother.hpp
[187.316s] -- Installing: /home/lx/ros2/ros/nav2_ws/install/nav2_smoother/share/nav2_smoother/environment/library_path.sh
[187.316s] -- Installing: /home/lx/ros2/ros/nav2_ws/install/nav2_smoother/share/nav2_smoother/environment/library_path.dsv
[187.316s] -- Installing: /home/lx/ros2/ros/nav2_ws/install/nav2_smoother/share/ament_index/resource_index/package_run_dependencies/nav2_smoother
[187.316s] -- Installing: /home/lx/ros2/ros/nav2_ws/install/nav2_smoother/share/ament_index/resource_index/parent_prefix_path/nav2_smoother
[187.316s] -- Installing: /home/lx/ros2/ros/nav2_ws/install/nav2_smoother/share/nav2_smoother/environment/ament_prefix_path.sh
[187.316s] -- Installing: /home/lx/ros2/ros/nav2_ws/install/nav2_smoother/share/nav2_smoother/environment/ament_prefix_path.dsv
[187.317s] -- Installing: /home/lx/ros2/ros/nav2_ws/install/nav2_smoother/share/nav2_smoother/environment/path.sh
[187.317s] -- Installing: /home/lx/ros2/ros/nav2_ws/install/nav2_smoother/share/nav2_smoother/environment/path.dsv
[187.317s] -- Installing: /home/lx/ros2/ros/nav2_ws/install/nav2_smoother/share/nav2_smoother/local_setup.bash
[187.317s] -- Installing: /home/lx/ros2/ros/nav2_ws/install/nav2_smoother/share/nav2_smoother/local_setup.sh
[187.317s] -- Installing: /home/lx/ros2/ros/nav2_ws/install/nav2_smoother/share/nav2_smoother/local_setup.zsh
[187.317s] -- Installing: /home/lx/ros2/ros/nav2_ws/install/nav2_smoother/share/nav2_smoother/local_setup.dsv
[187.317s] -- Installing: /home/lx/ros2/ros/nav2_ws/install/nav2_smoother/share/nav2_smoother/package.dsv
[187.317s] -- Installing: /home/lx/ros2/ros/nav2_ws/install/nav2_smoother/share/ament_index/resource_index/packages/nav2_smoother
[187.317s] -- Installing: /home/lx/ros2/ros/nav2_ws/install/nav2_smoother/share/ament_index/resource_index/nav2_core__pluginlib__plugin/nav2_smoother
[187.317s] -- Installing: /home/lx/ros2/ros/nav2_ws/install/nav2_smoother/share/ament_index/resource_index/rclcpp_components/nav2_smoother
[187.317s] -- Installing: /home/lx/ros2/ros/nav2_ws/install/nav2_smoother/share/nav2_smoother/cmake/ament_cmake_export_include_directories-extras.cmake
[187.318s] -- Installing: /home/lx/ros2/ros/nav2_ws/install/nav2_smoother/share/nav2_smoother/cmake/ament_cmake_export_libraries-extras.cmake
[187.318s] -- Installing: /home/lx/ros2/ros/nav2_ws/install/nav2_smoother/share/nav2_smoother/cmake/ament_cmake_export_dependencies-extras.cmake
[187.318s] -- Installing: /home/lx/ros2/ros/nav2_ws/install/nav2_smoother/share/nav2_smoother/cmake/nav2_smootherConfig.cmake
[187.318s] -- Installing: /home/lx/ros2/ros/nav2_ws/install/nav2_smoother/share/nav2_smoother/cmake/nav2_smootherConfig-version.cmake
[187.318s] -- Installing: /home/lx/ros2/ros/nav2_ws/install/nav2_smoother/share/nav2_smoother/package.xml
[187.332s] Invoked command in '/home/lx/ros2/ros/nav2_ws/build/nav2_smoother' returned '0': AMENT_PREFIX_PATH=/home/lx/ros2/ros/nav2_ws/install/nav2_core:/home/lx/ros2/ros/nav2_ws/install/nav2_costmap_2d:/home/lx/ros2/ros/nav2_ws/install/nav_2d_utils:/home/lx/ros2/ros/nav2_ws/install/nav2_util:/home/lx/ros2/ros/nav2_ws/install/nav2_voxel_grid:/home/lx/ros2/ros/nav2_ws/install/nav2_msgs:/home/lx/ros2/ros/nav2_ws/install/nav_2d_msgs:/home/lx/ros2/ros/nav2_ws/install/nav2_common:${AMENT_PREFIX_PATH} CMAKE_PREFIX_PATH=/home/lx/ros2/ros/nav2_ws/install/nav2_core:/home/lx/ros2/ros/nav2_ws/install/nav2_costmap_2d:/home/lx/ros2/ros/nav2_ws/install/nav_2d_utils:/home/lx/ros2/ros/nav2_ws/install/nav2_util:/home/lx/ros2/ros/nav2_ws/install/nav2_voxel_grid:/home/lx/ros2/ros/nav2_ws/install/nav2_msgs:/home/lx/ros2/ros/nav2_ws/install/nav_2d_msgs:/home/lx/ros2/ros/nav2_ws/install/nav2_common:/opt/ros/humble LD_LIBRARY_PATH=/home/lx/ros2/ros/nav2_ws/install/nav2_costmap_2d/lib:/home/lx/ros2/ros/nav2_ws/install/nav_2d_utils/lib:/home/lx/ros2/ros/nav2_ws/install/nav2_util/lib:/home/lx/ros2/ros/nav2_ws/install/nav2_voxel_grid/lib:/home/lx/ros2/ros/nav2_ws/install/nav2_msgs/lib:/home/lx/ros2/ros/nav2_ws/install/nav_2d_msgs/lib:${LD_LIBRARY_PATH} PYTHONPATH=/home/lx/ros2/ros/nav2_ws/install/nav2_msgs/local/lib/python3.10/dist-packages:/home/lx/ros2/ros/nav2_ws/install/nav_2d_msgs/local/lib/python3.10/dist-packages:/home/lx/ros2/ros/nav2_ws/install/nav2_common/local/lib/python3.10/dist-packages:${PYTHONPATH} /usr/bin/cmake --install /home/lx/ros2/ros/nav2_ws/build/nav2_smoother
