[0.319s] DEBUG:colcon:Command line arguments: ['/usr/bin/colcon', 'list', '-p', '--base-paths', '/home/lx/ros/interfaces_DIY_ws']
[0.319s] DEBUG:colcon:Parsed command line arguments: Namespace(log_base=None, log_level=None, verb_name='list', build_base='build', ignore_user_meta=False, metas=['./colcon.meta'], base_paths=['/home/lx/ros/interfaces_DIY_ws'], packages_ignore=None, packages_ignore_regex=None, paths=None, packages_up_to=None, packages_up_to_regex=None, packages_above=None, packages_above_and_dependencies=None, packages_above_depth=None, packages_select_by_dep=None, packages_skip_by_dep=None, packages_skip_up_to=None, packages_select_build_failed=False, packages_skip_build_finished=False, packages_select_test_failures=False, packages_skip_test_passed=False, packages_select=None, packages_skip=None, packages_select_regex=None, packages_skip_regex=None, packages_start=None, packages_end=None, allow_overriding=[], topological_order=False, names_only=False, paths_only=True, topological_graph=False, topological_graph_dot=False, topological_graph_density=False, topological_graph_legend=False, topological_graph_dot_cluster=False, topological_graph_dot_include_skipped=False, verb_parser=<colcon_defaults.argument_parser.defaults.DefaultArgumentsDecorator object at 0x7f3fc6bb63e0>, verb_extension=<colcon_package_information.verb.list.ListVerb object at 0x7f3fc6b61f60>, main=<bound method ListVerb.main of <colcon_package_information.verb.list.ListVerb object at 0x7f3fc6b61f60>>)
[0.340s] Level 1:colcon.colcon_core.package_discovery:discover_packages(colcon_meta) check parameters
[0.340s] Level 1:colcon.colcon_core.package_discovery:discover_packages(recursive) check parameters
[0.340s] Level 1:colcon.colcon_core.package_discovery:discover_packages(ignore) check parameters
[0.340s] Level 1:colcon.colcon_core.package_discovery:discover_packages(path) check parameters
[0.340s] Level 1:colcon.colcon_core.package_discovery:discover_packages(recursive) discover
[0.341s] INFO:colcon.colcon_core.package_discovery:Crawling recursively for packages in '/home/lx/ros/interfaces_DIY_ws'
[0.341s] Level 1:colcon.colcon_core.package_identification:_identify(/home/lx/ros/interfaces_DIY_ws) by extensions ['ignore', 'ignore_ament_install']
[0.341s] Level 1:colcon.colcon_core.package_identification:_identify(/home/lx/ros/interfaces_DIY_ws) by extension 'ignore'
[0.341s] Level 1:colcon.colcon_core.package_identification:_identify(/home/lx/ros/interfaces_DIY_ws) by extension 'ignore_ament_install'
[0.341s] Level 1:colcon.colcon_core.package_identification:_identify(/home/lx/ros/interfaces_DIY_ws) by extensions ['colcon_pkg']
[0.341s] Level 1:colcon.colcon_core.package_identification:_identify(/home/lx/ros/interfaces_DIY_ws) by extension 'colcon_pkg'
[0.341s] Level 1:colcon.colcon_core.package_identification:_identify(/home/lx/ros/interfaces_DIY_ws) by extensions ['colcon_meta']
[0.341s] Level 1:colcon.colcon_core.package_identification:_identify(/home/lx/ros/interfaces_DIY_ws) by extension 'colcon_meta'
[0.341s] Level 1:colcon.colcon_core.package_identification:_identify(/home/lx/ros/interfaces_DIY_ws) by extensions ['ros']
[0.341s] Level 1:colcon.colcon_core.package_identification:_identify(/home/lx/ros/interfaces_DIY_ws) by extension 'ros'
[0.360s] Level 1:colcon.colcon_core.package_identification:_identify(/home/lx/ros/interfaces_DIY_ws) by extensions ['cmake', 'python']
[0.360s] Level 1:colcon.colcon_core.package_identification:_identify(/home/lx/ros/interfaces_DIY_ws) by extension 'cmake'
[0.360s] Level 1:colcon.colcon_core.package_identification:_identify(/home/lx/ros/interfaces_DIY_ws) by extension 'python'
[0.360s] Level 1:colcon.colcon_core.package_identification:_identify(/home/lx/ros/interfaces_DIY_ws) by extensions ['python_setup_py']
[0.360s] Level 1:colcon.colcon_core.package_identification:_identify(/home/lx/ros/interfaces_DIY_ws) by extension 'python_setup_py'
[0.360s] Level 1:colcon.colcon_core.package_identification:_identify(/home/lx/ros/interfaces_DIY_ws/log) by extensions ['ignore', 'ignore_ament_install']
[0.360s] Level 1:colcon.colcon_core.package_identification:_identify(/home/lx/ros/interfaces_DIY_ws/log) by extension 'ignore'
[0.360s] Level 1:colcon.colcon_core.package_identification:_identify(/home/lx/ros/interfaces_DIY_ws/log) ignored
[0.360s] Level 1:colcon.colcon_core.package_identification:_identify(/home/lx/ros/interfaces_DIY_ws/src) by extensions ['ignore', 'ignore_ament_install']
[0.361s] Level 1:colcon.colcon_core.package_identification:_identify(/home/lx/ros/interfaces_DIY_ws/src) by extension 'ignore'
[0.361s] Level 1:colcon.colcon_core.package_identification:_identify(/home/lx/ros/interfaces_DIY_ws/src) by extension 'ignore_ament_install'
[0.361s] Level 1:colcon.colcon_core.package_identification:_identify(/home/lx/ros/interfaces_DIY_ws/src) by extensions ['colcon_pkg']
[0.361s] Level 1:colcon.colcon_core.package_identification:_identify(/home/lx/ros/interfaces_DIY_ws/src) by extension 'colcon_pkg'
[0.361s] Level 1:colcon.colcon_core.package_identification:_identify(/home/lx/ros/interfaces_DIY_ws/src) by extensions ['colcon_meta']
[0.361s] Level 1:colcon.colcon_core.package_identification:_identify(/home/lx/ros/interfaces_DIY_ws/src) by extension 'colcon_meta'
[0.361s] Level 1:colcon.colcon_core.package_identification:_identify(/home/lx/ros/interfaces_DIY_ws/src) by extensions ['ros']
[0.361s] Level 1:colcon.colcon_core.package_identification:_identify(/home/lx/ros/interfaces_DIY_ws/src) by extension 'ros'
[0.361s] Level 1:colcon.colcon_core.package_identification:_identify(/home/lx/ros/interfaces_DIY_ws/src) by extensions ['cmake', 'python']
[0.361s] Level 1:colcon.colcon_core.package_identification:_identify(/home/lx/ros/interfaces_DIY_ws/src) by extension 'cmake'
[0.361s] Level 1:colcon.colcon_core.package_identification:_identify(/home/lx/ros/interfaces_DIY_ws/src) by extension 'python'
[0.361s] Level 1:colcon.colcon_core.package_identification:_identify(/home/lx/ros/interfaces_DIY_ws/src) by extensions ['python_setup_py']
[0.361s] Level 1:colcon.colcon_core.package_identification:_identify(/home/lx/ros/interfaces_DIY_ws/src) by extension 'python_setup_py'
[0.361s] Level 1:colcon.colcon_core.package_identification:_identify(/home/lx/ros/interfaces_DIY_ws/src/example_ros2_interfaces) by extensions ['ignore', 'ignore_ament_install']
[0.361s] Level 1:colcon.colcon_core.package_identification:_identify(/home/lx/ros/interfaces_DIY_ws/src/example_ros2_interfaces) by extension 'ignore'
[0.361s] Level 1:colcon.colcon_core.package_identification:_identify(/home/lx/ros/interfaces_DIY_ws/src/example_ros2_interfaces) by extension 'ignore_ament_install'
[0.361s] Level 1:colcon.colcon_core.package_identification:_identify(/home/lx/ros/interfaces_DIY_ws/src/example_ros2_interfaces) by extensions ['colcon_pkg']
[0.361s] Level 1:colcon.colcon_core.package_identification:_identify(/home/lx/ros/interfaces_DIY_ws/src/example_ros2_interfaces) by extension 'colcon_pkg'
[0.361s] Level 1:colcon.colcon_core.package_identification:_identify(/home/lx/ros/interfaces_DIY_ws/src/example_ros2_interfaces) by extensions ['colcon_meta']
[0.361s] Level 1:colcon.colcon_core.package_identification:_identify(/home/lx/ros/interfaces_DIY_ws/src/example_ros2_interfaces) by extension 'colcon_meta'
[0.361s] Level 1:colcon.colcon_core.package_identification:_identify(/home/lx/ros/interfaces_DIY_ws/src/example_ros2_interfaces) by extensions ['ros']
[0.361s] Level 1:colcon.colcon_core.package_identification:_identify(/home/lx/ros/interfaces_DIY_ws/src/example_ros2_interfaces) by extension 'ros'
[0.364s] DEBUG:colcon.colcon_core.package_identification:Found ROS schema reference in package manifest in '/home/lx/ros/interfaces_DIY_ws/src/example_ros2_interfaces'
[0.364s] WARNING:colcon.colcon_core.package_identification:Failed to parse ROS package manifest in '/home/lx/ros/interfaces_DIY_ws/src/example_ros2_interfaces': Error(s) in package '/home/lx/ros/interfaces_DIY_ws/src/example_ros2_interfaces/package.xml':
The package "example_ros2_interfaces" must not "build_depend" on a package with the same name as this package
The package "example_ros2_interfaces" must not "build_export_depend" on a package with the same name as this package
The package "example_ros2_interfaces" must not "exec_depend" on a package with the same name as this package
[0.364s] Level 1:colcon.colcon_core.package_identification:_identify(/home/lx/ros/interfaces_DIY_ws/src/example_ros2_interfaces) by extensions ['cmake', 'python']
[0.364s] Level 1:colcon.colcon_core.package_identification:_identify(/home/lx/ros/interfaces_DIY_ws/src/example_ros2_interfaces) by extension 'cmake'
[0.365s] Level 1:colcon.colcon_core.package_identification:_identify(/home/lx/ros/interfaces_DIY_ws/src/example_ros2_interfaces) by extension 'python'
[0.365s] DEBUG:colcon.colcon_core.package_identification:Package '/home/lx/ros/interfaces_DIY_ws/src/example_ros2_interfaces' with type 'cmake' and name 'example_ros2_interfaces'
[0.365s] Level 1:colcon.colcon_core.package_discovery:discover_packages(recursive) using defaults
