[0.060s] Invoking command in '/home/lx/ros2/ros/xiao_ying/build/xiao_ying_navigation': CMAKE_PREFIX_PATH=/opt/ros/humble /usr/bin/cmake --build /home/lx/ros2/ros/xiao_ying/build/xiao_ying_navigation -- -j12 -l12
[0.092s] Invoked command in '/home/lx/ros2/ros/xiao_ying/build/xiao_ying_navigation' returned '0': CMAKE_PREFIX_PATH=/opt/ros/humble /usr/bin/cmake --build /home/lx/ros2/ros/xiao_ying/build/xiao_ying_navigation -- -j12 -l12
[0.131s] Invoking command in '/home/lx/ros2/ros/xiao_ying/build/xiao_ying_navigation': CMAKE_PREFIX_PATH=/opt/ros/humble /usr/bin/cmake --install /home/lx/ros2/ros/xiao_ying/build/xiao_ying_navigation
[0.137s] -- Install configuration: ""
[0.137s] -- Up-to-date: /home/lx/ros2/ros/xiao_ying/install/xiao_ying_navigation/share/xiao_ying_navigation/launch
[0.138s] -- Up-to-date: /home/lx/ros2/ros/xiao_ying/install/xiao_ying_navigation/share/xiao_ying_navigation/launch/navigation.launch.py
[0.138s] -- Up-to-date: /home/lx/ros2/ros/xiao_ying/install/xiao_ying_navigation/share/xiao_ying_navigation/map
[0.138s] -- Up-to-date: /home/lx/ros2/ros/xiao_ying/install/xiao_ying_navigation/share/xiao_ying_navigation/map/map.pgm
[0.138s] -- Up-to-date: /home/lx/ros2/ros/xiao_ying/install/xiao_ying_navigation/share/xiao_ying_navigation/map/map.yaml
[0.138s] -- Up-to-date: /home/lx/ros2/ros/xiao_ying/install/xiao_ying_navigation/share/xiao_ying_navigation/param
[0.138s] -- Up-to-date: /home/lx/ros2/ros/xiao_ying/install/xiao_ying_navigation/share/xiao_ying_navigation/param/xiao_ying.yaml
[0.138s] -- Up-to-date: /home/lx/ros2/ros/xiao_ying/install/xiao_ying_navigation/share/xiao_ying_navigation/rviz
[0.138s] -- Up-to-date: /home/lx/ros2/ros/xiao_ying/install/xiao_ying_navigation/share/xiao_ying_navigation/rviz/show.rviz
[0.138s] -- Up-to-date: /home/lx/ros2/ros/xiao_ying/install/xiao_ying_navigation/share/ament_index/resource_index/package_run_dependencies/xiao_ying_navigation
[0.138s] -- Up-to-date: /home/lx/ros2/ros/xiao_ying/install/xiao_ying_navigation/share/ament_index/resource_index/parent_prefix_path/xiao_ying_navigation
[0.138s] -- Up-to-date: /home/lx/ros2/ros/xiao_ying/install/xiao_ying_navigation/share/xiao_ying_navigation/environment/ament_prefix_path.sh
[0.138s] -- Up-to-date: /home/lx/ros2/ros/xiao_ying/install/xiao_ying_navigation/share/xiao_ying_navigation/environment/ament_prefix_path.dsv
[0.139s] -- Up-to-date: /home/lx/ros2/ros/xiao_ying/install/xiao_ying_navigation/share/xiao_ying_navigation/environment/path.sh
[0.139s] -- Up-to-date: /home/lx/ros2/ros/xiao_ying/install/xiao_ying_navigation/share/xiao_ying_navigation/environment/path.dsv
[0.139s] -- Up-to-date: /home/lx/ros2/ros/xiao_ying/install/xiao_ying_navigation/share/xiao_ying_navigation/local_setup.bash
[0.139s] -- Up-to-date: /home/lx/ros2/ros/xiao_ying/install/xiao_ying_navigation/share/xiao_ying_navigation/local_setup.sh
[0.139s] -- Up-to-date: /home/lx/ros2/ros/xiao_ying/install/xiao_ying_navigation/share/xiao_ying_navigation/local_setup.zsh
[0.139s] -- Up-to-date: /home/lx/ros2/ros/xiao_ying/install/xiao_ying_navigation/share/xiao_ying_navigation/local_setup.dsv
[0.139s] -- Installing: /home/lx/ros2/ros/xiao_ying/install/xiao_ying_navigation/share/xiao_ying_navigation/package.dsv
[0.139s] -- Up-to-date: /home/lx/ros2/ros/xiao_ying/install/xiao_ying_navigation/share/ament_index/resource_index/packages/xiao_ying_navigation
[0.139s] -- Up-to-date: /home/lx/ros2/ros/xiao_ying/install/xiao_ying_navigation/share/xiao_ying_navigation/cmake/xiao_ying_navigationConfig.cmake
[0.139s] -- Up-to-date: /home/lx/ros2/ros/xiao_ying/install/xiao_ying_navigation/share/xiao_ying_navigation/cmake/xiao_ying_navigationConfig-version.cmake
[0.140s] -- Up-to-date: /home/lx/ros2/ros/xiao_ying/install/xiao_ying_navigation/share/xiao_ying_navigation/package.xml
[0.141s] Invoked command in '/home/lx/ros2/ros/xiao_ying/build/xiao_ying_navigation' returned '0': CMAKE_PREFIX_PATH=/opt/ros/humble /usr/bin/cmake --install /home/lx/ros2/ros/xiao_ying/build/xiao_ying_navigation
