[2.288s] DEBUG:colcon:Command line arguments: ['/usr/bin/colcon', 'list', '-p', '--base-paths', '/home/lx/ros2/ros/turtlebot3_ws']
[2.289s] DEBUG:colcon:Parsed command line arguments: Namespace(log_base=None, log_level=None, verb_name='list', build_base='build', ignore_user_meta=False, metas=['./colcon.meta'], base_paths=['/home/lx/ros2/ros/turtlebot3_ws'], packages_ignore=None, packages_ignore_regex=None, paths=None, packages_up_to=None, packages_up_to_regex=None, packages_above=None, packages_above_and_dependencies=None, packages_above_depth=None, packages_select_by_dep=None, packages_skip_by_dep=None, packages_skip_up_to=None, packages_select_build_failed=False, packages_skip_build_finished=False, packages_select_test_failures=False, packages_skip_test_passed=False, packages_select=None, packages_skip=None, packages_select_regex=None, packages_skip_regex=None, packages_start=None, packages_end=None, allow_overriding=[], topological_order=False, names_only=False, paths_only=True, topological_graph=False, topological_graph_dot=False, topological_graph_density=False, topological_graph_legend=False, topological_graph_dot_cluster=False, topological_graph_dot_include_skipped=False, verb_parser=<colcon_defaults.argument_parser.defaults.DefaultArgumentsDecorator object at 0x7f2518fe7490>, verb_extension=<colcon_package_information.verb.list.ListVerb object at 0x7f2518fa4610>, main=<bound method ListVerb.main of <colcon_package_information.verb.list.ListVerb object at 0x7f2518fa4610>>)
[2.391s] Level 1:colcon.colcon_core.package_discovery:discover_packages(colcon_meta) check parameters
[2.393s] Level 1:colcon.colcon_core.package_discovery:discover_packages(recursive) check parameters
[2.394s] Level 1:colcon.colcon_core.package_discovery:discover_packages(ignore) check parameters
[2.395s] Level 1:colcon.colcon_core.package_discovery:discover_packages(path) check parameters
[2.395s] Level 1:colcon.colcon_core.package_discovery:discover_packages(recursive) discover
[2.395s] INFO:colcon.colcon_core.package_discovery:Crawling recursively for packages in '/home/lx/ros2/ros/turtlebot3_ws'
[2.396s] Level 1:colcon.colcon_core.package_identification:_identify(/home/lx/ros2/ros/turtlebot3_ws) by extensions ['ignore', 'ignore_ament_install']
[2.396s] Level 1:colcon.colcon_core.package_identification:_identify(/home/lx/ros2/ros/turtlebot3_ws) by extension 'ignore'
[2.397s] Level 1:colcon.colcon_core.package_identification:_identify(/home/lx/ros2/ros/turtlebot3_ws) by extension 'ignore_ament_install'
[2.397s] Level 1:colcon.colcon_core.package_identification:_identify(/home/lx/ros2/ros/turtlebot3_ws) by extensions ['colcon_pkg']
[2.397s] Level 1:colcon.colcon_core.package_identification:_identify(/home/lx/ros2/ros/turtlebot3_ws) by extension 'colcon_pkg'
[2.397s] Level 1:colcon.colcon_core.package_identification:_identify(/home/lx/ros2/ros/turtlebot3_ws) by extensions ['colcon_meta']
[2.397s] Level 1:colcon.colcon_core.package_identification:_identify(/home/lx/ros2/ros/turtlebot3_ws) by extension 'colcon_meta'
[2.397s] Level 1:colcon.colcon_core.package_identification:_identify(/home/lx/ros2/ros/turtlebot3_ws) by extensions ['ros']
[2.397s] Level 1:colcon.colcon_core.package_identification:_identify(/home/lx/ros2/ros/turtlebot3_ws) by extension 'ros'
[2.422s] Level 1:colcon.colcon_core.package_identification:_identify(/home/lx/ros2/ros/turtlebot3_ws) by extensions ['cmake', 'python']
[2.422s] Level 1:colcon.colcon_core.package_identification:_identify(/home/lx/ros2/ros/turtlebot3_ws) by extension 'cmake'
[2.422s] Level 1:colcon.colcon_core.package_identification:_identify(/home/lx/ros2/ros/turtlebot3_ws) by extension 'python'
[2.422s] Level 1:colcon.colcon_core.package_identification:_identify(/home/lx/ros2/ros/turtlebot3_ws) by extensions ['python_setup_py']
[2.422s] Level 1:colcon.colcon_core.package_identification:_identify(/home/lx/ros2/ros/turtlebot3_ws) by extension 'python_setup_py'
[2.422s] Level 1:colcon.colcon_core.package_identification:_identify(/home/lx/ros2/ros/turtlebot3_ws/build) by extensions ['ignore', 'ignore_ament_install']
[2.423s] Level 1:colcon.colcon_core.package_identification:_identify(/home/lx/ros2/ros/turtlebot3_ws/build) by extension 'ignore'
[2.423s] Level 1:colcon.colcon_core.package_identification:_identify(/home/lx/ros2/ros/turtlebot3_ws/build) ignored
[2.423s] Level 1:colcon.colcon_core.package_identification:_identify(/home/lx/ros2/ros/turtlebot3_ws/install) by extensions ['ignore', 'ignore_ament_install']
[2.423s] Level 1:colcon.colcon_core.package_identification:_identify(/home/lx/ros2/ros/turtlebot3_ws/install) by extension 'ignore'
[2.423s] Level 1:colcon.colcon_core.package_identification:_identify(/home/lx/ros2/ros/turtlebot3_ws/install) ignored
[2.423s] Level 1:colcon.colcon_core.package_identification:_identify(/home/lx/ros2/ros/turtlebot3_ws/log) by extensions ['ignore', 'ignore_ament_install']
[2.423s] Level 1:colcon.colcon_core.package_identification:_identify(/home/lx/ros2/ros/turtlebot3_ws/log) by extension 'ignore'
[2.424s] Level 1:colcon.colcon_core.package_identification:_identify(/home/lx/ros2/ros/turtlebot3_ws/log) ignored
[2.425s] Level 1:colcon.colcon_core.package_identification:_identify(/home/lx/ros2/ros/turtlebot3_ws/src) by extensions ['ignore', 'ignore_ament_install']
[2.426s] Level 1:colcon.colcon_core.package_identification:_identify(/home/lx/ros2/ros/turtlebot3_ws/src) by extension 'ignore'
[2.427s] Level 1:colcon.colcon_core.package_identification:_identify(/home/lx/ros2/ros/turtlebot3_ws/src) by extension 'ignore_ament_install'
[2.428s] Level 1:colcon.colcon_core.package_identification:_identify(/home/lx/ros2/ros/turtlebot3_ws/src) by extensions ['colcon_pkg']
[2.429s] Level 1:colcon.colcon_core.package_identification:_identify(/home/lx/ros2/ros/turtlebot3_ws/src) by extension 'colcon_pkg'
[2.429s] Level 1:colcon.colcon_core.package_identification:_identify(/home/lx/ros2/ros/turtlebot3_ws/src) by extensions ['colcon_meta']
[2.429s] Level 1:colcon.colcon_core.package_identification:_identify(/home/lx/ros2/ros/turtlebot3_ws/src) by extension 'colcon_meta'
[2.429s] Level 1:colcon.colcon_core.package_identification:_identify(/home/lx/ros2/ros/turtlebot3_ws/src) by extensions ['ros']
[2.429s] Level 1:colcon.colcon_core.package_identification:_identify(/home/lx/ros2/ros/turtlebot3_ws/src) by extension 'ros'
[2.429s] Level 1:colcon.colcon_core.package_identification:_identify(/home/lx/ros2/ros/turtlebot3_ws/src) by extensions ['cmake', 'python']
[2.429s] Level 1:colcon.colcon_core.package_identification:_identify(/home/lx/ros2/ros/turtlebot3_ws/src) by extension 'cmake'
[2.429s] Level 1:colcon.colcon_core.package_identification:_identify(/home/lx/ros2/ros/turtlebot3_ws/src) by extension 'python'
[2.429s] Level 1:colcon.colcon_core.package_identification:_identify(/home/lx/ros2/ros/turtlebot3_ws/src) by extensions ['python_setup_py']
[2.429s] Level 1:colcon.colcon_core.package_identification:_identify(/home/lx/ros2/ros/turtlebot3_ws/src) by extension 'python_setup_py'
[2.430s] Level 1:colcon.colcon_core.package_identification:_identify(/home/lx/ros2/ros/turtlebot3_ws/src/turtlebot3) by extensions ['ignore', 'ignore_ament_install']
[2.430s] Level 1:colcon.colcon_core.package_identification:_identify(/home/lx/ros2/ros/turtlebot3_ws/src/turtlebot3) by extension 'ignore'
[2.430s] Level 1:colcon.colcon_core.package_identification:_identify(/home/lx/ros2/ros/turtlebot3_ws/src/turtlebot3) by extension 'ignore_ament_install'
[2.430s] Level 1:colcon.colcon_core.package_identification:_identify(/home/lx/ros2/ros/turtlebot3_ws/src/turtlebot3) by extensions ['colcon_pkg']
[2.430s] Level 1:colcon.colcon_core.package_identification:_identify(/home/lx/ros2/ros/turtlebot3_ws/src/turtlebot3) by extension 'colcon_pkg'
[2.430s] Level 1:colcon.colcon_core.package_identification:_identify(/home/lx/ros2/ros/turtlebot3_ws/src/turtlebot3) by extensions ['colcon_meta']
[2.430s] Level 1:colcon.colcon_core.package_identification:_identify(/home/lx/ros2/ros/turtlebot3_ws/src/turtlebot3) by extension 'colcon_meta'
[2.430s] Level 1:colcon.colcon_core.package_identification:_identify(/home/lx/ros2/ros/turtlebot3_ws/src/turtlebot3) by extensions ['ros']
[2.430s] Level 1:colcon.colcon_core.package_identification:_identify(/home/lx/ros2/ros/turtlebot3_ws/src/turtlebot3) by extension 'ros'
[2.431s] Level 1:colcon.colcon_core.package_identification:_identify(/home/lx/ros2/ros/turtlebot3_ws/src/turtlebot3) by extensions ['cmake', 'python']
[2.431s] Level 1:colcon.colcon_core.package_identification:_identify(/home/lx/ros2/ros/turtlebot3_ws/src/turtlebot3) by extension 'cmake'
[2.431s] Level 1:colcon.colcon_core.package_identification:_identify(/home/lx/ros2/ros/turtlebot3_ws/src/turtlebot3) by extension 'python'
[2.431s] Level 1:colcon.colcon_core.package_identification:_identify(/home/lx/ros2/ros/turtlebot3_ws/src/turtlebot3) by extensions ['python_setup_py']
[2.431s] Level 1:colcon.colcon_core.package_identification:_identify(/home/lx/ros2/ros/turtlebot3_ws/src/turtlebot3) by extension 'python_setup_py'
[2.431s] Level 1:colcon.colcon_core.package_identification:_identify(/home/lx/ros2/ros/turtlebot3_ws/src/turtlebot3/turtlebot3) by extensions ['ignore', 'ignore_ament_install']
[2.431s] Level 1:colcon.colcon_core.package_identification:_identify(/home/lx/ros2/ros/turtlebot3_ws/src/turtlebot3/turtlebot3) by extension 'ignore'
[2.431s] Level 1:colcon.colcon_core.package_identification:_identify(/home/lx/ros2/ros/turtlebot3_ws/src/turtlebot3/turtlebot3) by extension 'ignore_ament_install'
[2.432s] Level 1:colcon.colcon_core.package_identification:_identify(/home/lx/ros2/ros/turtlebot3_ws/src/turtlebot3/turtlebot3) by extensions ['colcon_pkg']
[2.432s] Level 1:colcon.colcon_core.package_identification:_identify(/home/lx/ros2/ros/turtlebot3_ws/src/turtlebot3/turtlebot3) by extension 'colcon_pkg'
[2.432s] Level 1:colcon.colcon_core.package_identification:_identify(/home/lx/ros2/ros/turtlebot3_ws/src/turtlebot3/turtlebot3) by extensions ['colcon_meta']
[2.432s] Level 1:colcon.colcon_core.package_identification:_identify(/home/lx/ros2/ros/turtlebot3_ws/src/turtlebot3/turtlebot3) by extension 'colcon_meta'
[2.432s] Level 1:colcon.colcon_core.package_identification:_identify(/home/lx/ros2/ros/turtlebot3_ws/src/turtlebot3/turtlebot3) by extensions ['ros']
[2.432s] Level 1:colcon.colcon_core.package_identification:_identify(/home/lx/ros2/ros/turtlebot3_ws/src/turtlebot3/turtlebot3) by extension 'ros'
[2.436s] DEBUG:colcon.colcon_core.package_identification:Package '/home/lx/ros2/ros/turtlebot3_ws/src/turtlebot3/turtlebot3' with type 'ros.ament_cmake' and name 'turtlebot3'
[2.437s] Level 1:colcon.colcon_core.package_identification:_identify(/home/lx/ros2/ros/turtlebot3_ws/src/turtlebot3/turtlebot3_bringup) by extensions ['ignore', 'ignore_ament_install']
[2.437s] Level 1:colcon.colcon_core.package_identification:_identify(/home/lx/ros2/ros/turtlebot3_ws/src/turtlebot3/turtlebot3_bringup) by extension 'ignore'
[2.437s] Level 1:colcon.colcon_core.package_identification:_identify(/home/lx/ros2/ros/turtlebot3_ws/src/turtlebot3/turtlebot3_bringup) by extension 'ignore_ament_install'
[2.437s] Level 1:colcon.colcon_core.package_identification:_identify(/home/lx/ros2/ros/turtlebot3_ws/src/turtlebot3/turtlebot3_bringup) by extensions ['colcon_pkg']
[2.437s] Level 1:colcon.colcon_core.package_identification:_identify(/home/lx/ros2/ros/turtlebot3_ws/src/turtlebot3/turtlebot3_bringup) by extension 'colcon_pkg'
[2.437s] Level 1:colcon.colcon_core.package_identification:_identify(/home/lx/ros2/ros/turtlebot3_ws/src/turtlebot3/turtlebot3_bringup) by extensions ['colcon_meta']
[2.437s] Level 1:colcon.colcon_core.package_identification:_identify(/home/lx/ros2/ros/turtlebot3_ws/src/turtlebot3/turtlebot3_bringup) by extension 'colcon_meta'
[2.437s] Level 1:colcon.colcon_core.package_identification:_identify(/home/lx/ros2/ros/turtlebot3_ws/src/turtlebot3/turtlebot3_bringup) by extensions ['ros']
[2.437s] Level 1:colcon.colcon_core.package_identification:_identify(/home/lx/ros2/ros/turtlebot3_ws/src/turtlebot3/turtlebot3_bringup) by extension 'ros'
[2.440s] DEBUG:colcon.colcon_core.package_identification:Package '/home/lx/ros2/ros/turtlebot3_ws/src/turtlebot3/turtlebot3_bringup' with type 'ros.ament_cmake' and name 'turtlebot3_bringup'
[2.442s] Level 1:colcon.colcon_core.package_identification:_identify(/home/lx/ros2/ros/turtlebot3_ws/src/turtlebot3/turtlebot3_cartographer) by extensions ['ignore', 'ignore_ament_install']
[2.442s] Level 1:colcon.colcon_core.package_identification:_identify(/home/lx/ros2/ros/turtlebot3_ws/src/turtlebot3/turtlebot3_cartographer) by extension 'ignore'
[2.443s] Level 1:colcon.colcon_core.package_identification:_identify(/home/lx/ros2/ros/turtlebot3_ws/src/turtlebot3/turtlebot3_cartographer) by extension 'ignore_ament_install'
[2.443s] Level 1:colcon.colcon_core.package_identification:_identify(/home/lx/ros2/ros/turtlebot3_ws/src/turtlebot3/turtlebot3_cartographer) by extensions ['colcon_pkg']
[2.443s] Level 1:colcon.colcon_core.package_identification:_identify(/home/lx/ros2/ros/turtlebot3_ws/src/turtlebot3/turtlebot3_cartographer) by extension 'colcon_pkg'
[2.443s] Level 1:colcon.colcon_core.package_identification:_identify(/home/lx/ros2/ros/turtlebot3_ws/src/turtlebot3/turtlebot3_cartographer) by extensions ['colcon_meta']
[2.443s] Level 1:colcon.colcon_core.package_identification:_identify(/home/lx/ros2/ros/turtlebot3_ws/src/turtlebot3/turtlebot3_cartographer) by extension 'colcon_meta'
[2.443s] Level 1:colcon.colcon_core.package_identification:_identify(/home/lx/ros2/ros/turtlebot3_ws/src/turtlebot3/turtlebot3_cartographer) by extensions ['ros']
[2.443s] Level 1:colcon.colcon_core.package_identification:_identify(/home/lx/ros2/ros/turtlebot3_ws/src/turtlebot3/turtlebot3_cartographer) by extension 'ros'
[2.445s] DEBUG:colcon.colcon_core.package_identification:Package '/home/lx/ros2/ros/turtlebot3_ws/src/turtlebot3/turtlebot3_cartographer' with type 'ros.ament_cmake' and name 'turtlebot3_cartographer'
[2.445s] Level 1:colcon.colcon_core.package_identification:_identify(/home/lx/ros2/ros/turtlebot3_ws/src/turtlebot3/turtlebot3_description) by extensions ['ignore', 'ignore_ament_install']
[2.445s] Level 1:colcon.colcon_core.package_identification:_identify(/home/lx/ros2/ros/turtlebot3_ws/src/turtlebot3/turtlebot3_description) by extension 'ignore'
[2.445s] Level 1:colcon.colcon_core.package_identification:_identify(/home/lx/ros2/ros/turtlebot3_ws/src/turtlebot3/turtlebot3_description) by extension 'ignore_ament_install'
[2.445s] Level 1:colcon.colcon_core.package_identification:_identify(/home/lx/ros2/ros/turtlebot3_ws/src/turtlebot3/turtlebot3_description) by extensions ['colcon_pkg']
[2.445s] Level 1:colcon.colcon_core.package_identification:_identify(/home/lx/ros2/ros/turtlebot3_ws/src/turtlebot3/turtlebot3_description) by extension 'colcon_pkg'
[2.446s] Level 1:colcon.colcon_core.package_identification:_identify(/home/lx/ros2/ros/turtlebot3_ws/src/turtlebot3/turtlebot3_description) by extensions ['colcon_meta']
[2.446s] Level 1:colcon.colcon_core.package_identification:_identify(/home/lx/ros2/ros/turtlebot3_ws/src/turtlebot3/turtlebot3_description) by extension 'colcon_meta'
[2.446s] Level 1:colcon.colcon_core.package_identification:_identify(/home/lx/ros2/ros/turtlebot3_ws/src/turtlebot3/turtlebot3_description) by extensions ['ros']
[2.446s] Level 1:colcon.colcon_core.package_identification:_identify(/home/lx/ros2/ros/turtlebot3_ws/src/turtlebot3/turtlebot3_description) by extension 'ros'
[2.448s] DEBUG:colcon.colcon_core.package_identification:Package '/home/lx/ros2/ros/turtlebot3_ws/src/turtlebot3/turtlebot3_description' with type 'ros.ament_cmake' and name 'turtlebot3_description'
[2.448s] Level 1:colcon.colcon_core.package_identification:_identify(/home/lx/ros2/ros/turtlebot3_ws/src/turtlebot3/turtlebot3_example) by extensions ['ignore', 'ignore_ament_install']
[2.448s] Level 1:colcon.colcon_core.package_identification:_identify(/home/lx/ros2/ros/turtlebot3_ws/src/turtlebot3/turtlebot3_example) by extension 'ignore'
[2.449s] Level 1:colcon.colcon_core.package_identification:_identify(/home/lx/ros2/ros/turtlebot3_ws/src/turtlebot3/turtlebot3_example) by extension 'ignore_ament_install'
[2.449s] Level 1:colcon.colcon_core.package_identification:_identify(/home/lx/ros2/ros/turtlebot3_ws/src/turtlebot3/turtlebot3_example) by extensions ['colcon_pkg']
[2.449s] Level 1:colcon.colcon_core.package_identification:_identify(/home/lx/ros2/ros/turtlebot3_ws/src/turtlebot3/turtlebot3_example) by extension 'colcon_pkg'
[2.449s] Level 1:colcon.colcon_core.package_identification:_identify(/home/lx/ros2/ros/turtlebot3_ws/src/turtlebot3/turtlebot3_example) by extensions ['colcon_meta']
[2.449s] Level 1:colcon.colcon_core.package_identification:_identify(/home/lx/ros2/ros/turtlebot3_ws/src/turtlebot3/turtlebot3_example) by extension 'colcon_meta'
[2.449s] Level 1:colcon.colcon_core.package_identification:_identify(/home/lx/ros2/ros/turtlebot3_ws/src/turtlebot3/turtlebot3_example) by extensions ['ros']
[2.449s] Level 1:colcon.colcon_core.package_identification:_identify(/home/lx/ros2/ros/turtlebot3_ws/src/turtlebot3/turtlebot3_example) by extension 'ros'
[2.451s] DEBUG:colcon.colcon_core.package_identification:Package '/home/lx/ros2/ros/turtlebot3_ws/src/turtlebot3/turtlebot3_example' with type 'ros.ament_python' and name 'turtlebot3_example'
[2.451s] Level 1:colcon.colcon_core.package_identification:_identify(/home/lx/ros2/ros/turtlebot3_ws/src/turtlebot3/turtlebot3_navigation2) by extensions ['ignore', 'ignore_ament_install']
[2.451s] Level 1:colcon.colcon_core.package_identification:_identify(/home/lx/ros2/ros/turtlebot3_ws/src/turtlebot3/turtlebot3_navigation2) by extension 'ignore'
[2.451s] Level 1:colcon.colcon_core.package_identification:_identify(/home/lx/ros2/ros/turtlebot3_ws/src/turtlebot3/turtlebot3_navigation2) by extension 'ignore_ament_install'
[2.451s] Level 1:colcon.colcon_core.package_identification:_identify(/home/lx/ros2/ros/turtlebot3_ws/src/turtlebot3/turtlebot3_navigation2) by extensions ['colcon_pkg']
[2.451s] Level 1:colcon.colcon_core.package_identification:_identify(/home/lx/ros2/ros/turtlebot3_ws/src/turtlebot3/turtlebot3_navigation2) by extension 'colcon_pkg'
[2.451s] Level 1:colcon.colcon_core.package_identification:_identify(/home/lx/ros2/ros/turtlebot3_ws/src/turtlebot3/turtlebot3_navigation2) by extensions ['colcon_meta']
[2.452s] Level 1:colcon.colcon_core.package_identification:_identify(/home/lx/ros2/ros/turtlebot3_ws/src/turtlebot3/turtlebot3_navigation2) by extension 'colcon_meta'
[2.452s] Level 1:colcon.colcon_core.package_identification:_identify(/home/lx/ros2/ros/turtlebot3_ws/src/turtlebot3/turtlebot3_navigation2) by extensions ['ros']
[2.452s] Level 1:colcon.colcon_core.package_identification:_identify(/home/lx/ros2/ros/turtlebot3_ws/src/turtlebot3/turtlebot3_navigation2) by extension 'ros'
[2.452s] DEBUG:colcon.colcon_core.package_identification:Package '/home/lx/ros2/ros/turtlebot3_ws/src/turtlebot3/turtlebot3_navigation2' with type 'ros.ament_cmake' and name 'turtlebot3_navigation2'
[2.453s] Level 1:colcon.colcon_core.package_identification:_identify(/home/lx/ros2/ros/turtlebot3_ws/src/turtlebot3/turtlebot3_node) by extensions ['ignore', 'ignore_ament_install']
[2.453s] Level 1:colcon.colcon_core.package_identification:_identify(/home/lx/ros2/ros/turtlebot3_ws/src/turtlebot3/turtlebot3_node) by extension 'ignore'
[2.453s] Level 1:colcon.colcon_core.package_identification:_identify(/home/lx/ros2/ros/turtlebot3_ws/src/turtlebot3/turtlebot3_node) by extension 'ignore_ament_install'
[2.453s] Level 1:colcon.colcon_core.package_identification:_identify(/home/lx/ros2/ros/turtlebot3_ws/src/turtlebot3/turtlebot3_node) by extensions ['colcon_pkg']
[2.454s] Level 1:colcon.colcon_core.package_identification:_identify(/home/lx/ros2/ros/turtlebot3_ws/src/turtlebot3/turtlebot3_node) by extension 'colcon_pkg'
[2.455s] Level 1:colcon.colcon_core.package_identification:_identify(/home/lx/ros2/ros/turtlebot3_ws/src/turtlebot3/turtlebot3_node) by extensions ['colcon_meta']
[2.455s] Level 1:colcon.colcon_core.package_identification:_identify(/home/lx/ros2/ros/turtlebot3_ws/src/turtlebot3/turtlebot3_node) by extension 'colcon_meta'
[2.457s] Level 1:colcon.colcon_core.package_identification:_identify(/home/lx/ros2/ros/turtlebot3_ws/src/turtlebot3/turtlebot3_node) by extensions ['ros']
[2.457s] Level 1:colcon.colcon_core.package_identification:_identify(/home/lx/ros2/ros/turtlebot3_ws/src/turtlebot3/turtlebot3_node) by extension 'ros'
[2.461s] DEBUG:colcon.colcon_core.package_identification:Package '/home/lx/ros2/ros/turtlebot3_ws/src/turtlebot3/turtlebot3_node' with type 'ros.ament_cmake' and name 'turtlebot3_node'
[2.461s] Level 1:colcon.colcon_core.package_identification:_identify(/home/lx/ros2/ros/turtlebot3_ws/src/turtlebot3/turtlebot3_teleop) by extensions ['ignore', 'ignore_ament_install']
[2.461s] Level 1:colcon.colcon_core.package_identification:_identify(/home/lx/ros2/ros/turtlebot3_ws/src/turtlebot3/turtlebot3_teleop) by extension 'ignore'
[2.461s] Level 1:colcon.colcon_core.package_identification:_identify(/home/lx/ros2/ros/turtlebot3_ws/src/turtlebot3/turtlebot3_teleop) by extension 'ignore_ament_install'
[2.461s] Level 1:colcon.colcon_core.package_identification:_identify(/home/lx/ros2/ros/turtlebot3_ws/src/turtlebot3/turtlebot3_teleop) by extensions ['colcon_pkg']
[2.461s] Level 1:colcon.colcon_core.package_identification:_identify(/home/lx/ros2/ros/turtlebot3_ws/src/turtlebot3/turtlebot3_teleop) by extension 'colcon_pkg'
[2.461s] Level 1:colcon.colcon_core.package_identification:_identify(/home/lx/ros2/ros/turtlebot3_ws/src/turtlebot3/turtlebot3_teleop) by extensions ['colcon_meta']
[2.461s] Level 1:colcon.colcon_core.package_identification:_identify(/home/lx/ros2/ros/turtlebot3_ws/src/turtlebot3/turtlebot3_teleop) by extension 'colcon_meta'
[2.462s] Level 1:colcon.colcon_core.package_identification:_identify(/home/lx/ros2/ros/turtlebot3_ws/src/turtlebot3/turtlebot3_teleop) by extensions ['ros']
[2.462s] Level 1:colcon.colcon_core.package_identification:_identify(/home/lx/ros2/ros/turtlebot3_ws/src/turtlebot3/turtlebot3_teleop) by extension 'ros'
[2.464s] DEBUG:colcon.colcon_core.package_identification:Package '/home/lx/ros2/ros/turtlebot3_ws/src/turtlebot3/turtlebot3_teleop' with type 'ros.ament_python' and name 'turtlebot3_teleop'
[2.464s] Level 1:colcon.colcon_core.package_discovery:discover_packages(recursive) using defaults
