[0.042s] Invoking command in '/home/lx/ros2/xiao_ying/build/imu_to_odom': CMAKE_PREFIX_PATH=/opt/ros/humble /usr/bin/cmake --build /home/lx/ros2/xiao_ying/build/imu_to_odom -- -j12 -l12
[0.058s] -- Found ament_cmake: 1.3.5 (/opt/ros/humble/share/ament_cmake/cmake)
[0.164s] -- Found rclcpp: 16.0.6 (/opt/ros/humble/share/rclcpp/cmake)
[0.187s] -- Found rosidl_generator_c: 3.1.5 (/opt/ros/humble/share/rosidl_generator_c/cmake)
[0.189s] -- Found rosidl_adapter: 3.1.5 (/opt/ros/humble/share/rosidl_adapter/cmake)
[0.194s] -- Found rosidl_generator_cpp: 3.1.5 (/opt/ros/humble/share/rosidl_generator_cpp/cmake)
[0.203s] -- Using all available rosidl_typesupport_c: rosidl_typesupport_fastrtps_c;rosidl_typesupport_introspection_c
[0.215s] -- Using all available rosidl_typesupport_cpp: rosidl_typesupport_fastrtps_cpp;rosidl_typesupport_introspection_cpp
[0.271s] -- Found rmw_implementation_cmake: 6.1.1 (/opt/ros/humble/share/rmw_implementation_cmake/cmake)
[0.272s] -- Found rmw_fastrtps_cpp: 6.2.4 (/opt/ros/humble/share/rmw_fastrtps_cpp/cmake)
[0.366s] -- Using RMW implementation 'rmw_fastrtps_cpp' as default
[0.505s] -- Found nav_msgs: 4.2.3 (/opt/ros/humble/share/nav_msgs/cmake)
[0.614s] -- Found sensor_msgs: 4.2.3 (/opt/ros/humble/share/sensor_msgs/cmake)
[0.684s] -- Found ament_lint_auto: 0.12.8 (/opt/ros/humble/share/ament_lint_auto/cmake)
[0.736s] -- Added test 'cppcheck' to perform static code analysis on C / C++ code
[0.736s] -- Configured cppcheck include dirs: /home/lx/ros2/xiao_ying/src/imu_to_odom/include
[0.736s] -- Configured cppcheck exclude dirs and/or files: 
[0.736s] -- Added test 'lint_cmake' to check CMake code style
[0.737s] -- Added test 'uncrustify' to check C / C++ code style
[0.737s] -- Configured uncrustify additional arguments: 
[0.737s] -- Added test 'xmllint' to check XML markup files
[0.737s] -- Configuring done
[0.746s] -- Generating done
[0.747s] -- Build files have been written to: /home/lx/ros2/xiao_ying/build/imu_to_odom
[0.777s] [ 50%] [32mBuilding CXX object CMakeFiles/imu_to_odom.dir/src/imu_to_odom.cpp.o[0m
[3.037s] [100%] [32m[1mLinking CXX executable imu_to_odom[0m
[3.123s] [100%] Built target imu_to_odom
[3.131s] Invoked command in '/home/lx/ros2/xiao_ying/build/imu_to_odom' returned '0': CMAKE_PREFIX_PATH=/opt/ros/humble /usr/bin/cmake --build /home/lx/ros2/xiao_ying/build/imu_to_odom -- -j12 -l12
[3.153s] Invoking command in '/home/lx/ros2/xiao_ying/build/imu_to_odom': CMAKE_PREFIX_PATH=/opt/ros/humble /usr/bin/cmake --install /home/lx/ros2/xiao_ying/build/imu_to_odom
[3.158s] -- Install configuration: ""
[3.158s] -- Installing: /home/lx/ros2/xiao_ying/install/imu_to_odom/include/
[3.158s] -- Installing: /home/lx/ros2/xiao_ying/install/imu_to_odom/include//imu_to_odom
[3.158s] -- Installing: /home/lx/ros2/xiao_ying/install/imu_to_odom/include//imu_to_odom/imu_to_odom.hpp
[3.158s] -- Installing: /home/lx/ros2/xiao_ying/install/imu_to_odom/share/ament_index/resource_index/package_run_dependencies/imu_to_odom
[3.158s] -- Installing: /home/lx/ros2/xiao_ying/install/imu_to_odom/share/ament_index/resource_index/parent_prefix_path/imu_to_odom
[3.158s] -- Installing: /home/lx/ros2/xiao_ying/install/imu_to_odom/share/imu_to_odom/environment/ament_prefix_path.sh
[3.158s] -- Installing: /home/lx/ros2/xiao_ying/install/imu_to_odom/share/imu_to_odom/environment/ament_prefix_path.dsv
[3.158s] -- Installing: /home/lx/ros2/xiao_ying/install/imu_to_odom/share/imu_to_odom/environment/path.sh
[3.158s] -- Installing: /home/lx/ros2/xiao_ying/install/imu_to_odom/share/imu_to_odom/environment/path.dsv
[3.158s] -- Installing: /home/lx/ros2/xiao_ying/install/imu_to_odom/share/imu_to_odom/local_setup.bash
[3.158s] -- Installing: /home/lx/ros2/xiao_ying/install/imu_to_odom/share/imu_to_odom/local_setup.sh
[3.159s] -- Installing: /home/lx/ros2/xiao_ying/install/imu_to_odom/share/imu_to_odom/local_setup.zsh
[3.159s] -- Installing: /home/lx/ros2/xiao_ying/install/imu_to_odom/share/imu_to_odom/local_setup.dsv
[3.159s] -- Installing: /home/lx/ros2/xiao_ying/install/imu_to_odom/share/imu_to_odom/package.dsv
[3.159s] -- Installing: /home/lx/ros2/xiao_ying/install/imu_to_odom/share/ament_index/resource_index/packages/imu_to_odom
[3.159s] -- Installing: /home/lx/ros2/xiao_ying/install/imu_to_odom/share/imu_to_odom/cmake/imu_to_odomConfig.cmake
[3.159s] -- Installing: /home/lx/ros2/xiao_ying/install/imu_to_odom/share/imu_to_odom/cmake/imu_to_odomConfig-version.cmake
[3.159s] -- Installing: /home/lx/ros2/xiao_ying/install/imu_to_odom/share/imu_to_odom/package.xml
[3.160s] Invoked command in '/home/lx/ros2/xiao_ying/build/imu_to_odom' returned '0': CMAKE_PREFIX_PATH=/opt/ros/humble /usr/bin/cmake --install /home/lx/ros2/xiao_ying/build/imu_to_odom
