[0.170s] Invoking command in '/home/lx/ros2/ros/nav2_ws/build/nav2_collision_monitor': AMENT_PREFIX_PATH=/home/lx/ros2/ros/nav2_ws/install/nav2_costmap_2d:/home/lx/ros2/ros/nav2_ws/install/nav2_util:/home/lx/ros2/ros/nav2_ws/install/nav2_voxel_grid:/home/lx/ros2/ros/nav2_ws/install/nav2_msgs:/home/lx/ros2/ros/nav2_ws/install/nav2_common:${AMENT_PREFIX_PATH} CMAKE_PREFIX_PATH=/home/lx/ros2/ros/nav2_ws/install/nav2_costmap_2d:/home/lx/ros2/ros/nav2_ws/install/nav2_util:/home/lx/ros2/ros/nav2_ws/install/nav2_voxel_grid:/home/lx/ros2/ros/nav2_ws/install/nav2_msgs:/home/lx/ros2/ros/nav2_ws/install/nav2_common:/opt/ros/humble LD_LIBRARY_PATH=/home/lx/ros2/ros/nav2_ws/install/nav2_costmap_2d/lib:/home/lx/ros2/ros/nav2_ws/install/nav2_util/lib:/home/lx/ros2/ros/nav2_ws/install/nav2_voxel_grid/lib:/home/lx/ros2/ros/nav2_ws/install/nav2_msgs/lib:${LD_LIBRARY_PATH} PYTHONPATH=/home/lx/ros2/ros/nav2_ws/install/nav2_msgs/local/lib/python3.10/dist-packages:/home/lx/ros2/ros/nav2_ws/install/nav2_common/local/lib/python3.10/dist-packages:${PYTHONPATH} /usr/bin/cmake /home/lx/ros2/ros/nav2_ws/src/navigation2/nav2_collision_monitor -DCMAKE_INSTALL_PREFIX=/home/lx/ros2/ros/nav2_ws/install/nav2_collision_monitor
[0.402s] -- The C compiler identification is GNU 11.4.0
[0.607s] -- The CXX compiler identification is GNU 11.4.0
[0.629s] -- Detecting C compiler ABI info
[0.841s] -- Detecting C compiler ABI info - done
[0.855s] -- Check for working C compiler: /usr/bin/cc - skipped
[0.869s] -- Detecting C compile features
[0.870s] -- Detecting C compile features - done
[0.875s] -- Detecting CXX compiler ABI info
[1.081s] -- Detecting CXX compiler ABI info - done
[1.098s] -- Check for working CXX compiler: /usr/bin/c++ - skipped
[1.099s] -- Detecting CXX compile features
[1.100s] -- Detecting CXX compile features - done
[1.104s] -- Found ament_cmake: 1.3.5 (/opt/ros/humble/share/ament_cmake/cmake)
[1.378s] -- Found Python3: /usr/bin/python3.10 (found version "3.10.12") found components: Interpreter 
[1.525s] -- Found rclcpp: 16.0.6 (/opt/ros/humble/share/rclcpp/cmake)
[1.596s] -- Found rosidl_generator_c: 3.1.5 (/opt/ros/humble/share/rosidl_generator_c/cmake)
[1.604s] -- Found rosidl_adapter: 3.1.5 (/opt/ros/humble/share/rosidl_adapter/cmake)
[1.618s] -- Found rosidl_generator_cpp: 3.1.5 (/opt/ros/humble/share/rosidl_generator_cpp/cmake)
[1.639s] -- Using all available rosidl_typesupport_c: rosidl_typesupport_fastrtps_c;rosidl_typesupport_introspection_c
[1.671s] -- Using all available rosidl_typesupport_cpp: rosidl_typesupport_fastrtps_cpp;rosidl_typesupport_introspection_cpp
[1.788s] -- Found rmw_implementation_cmake: 6.1.1 (/opt/ros/humble/share/rmw_implementation_cmake/cmake)
[1.792s] -- Found rmw_fastrtps_cpp: 6.2.4 (/opt/ros/humble/share/rmw_fastrtps_cpp/cmake)
[1.957s] -- Found OpenSSL: /usr/lib/x86_64-linux-gnu/libcrypto.so (found version "3.0.2")  
[2.001s] -- Found FastRTPS: /opt/ros/humble/include  
[2.069s] -- Using RMW implementation 'rmw_fastrtps_cpp' as default
[2.084s] -- Looking for pthread.h
[2.186s] -- Looking for pthread.h - found
[2.186s] -- Performing Test CMAKE_HAVE_LIBC_PTHREAD
[2.289s] -- Performing Test CMAKE_HAVE_LIBC_PTHREAD - Success
[2.290s] -- Found Threads: TRUE  
[2.590s] -- Found rclcpp_components: 16.0.6 (/opt/ros/humble/share/rclcpp_components/cmake)
[2.737s] -- Found sensor_msgs: 4.2.3 (/opt/ros/humble/share/sensor_msgs/cmake)
[2.900s] -- Found tf2: 0.25.4 (/opt/ros/humble/share/tf2/cmake)
[2.912s] -- Found tf2_ros: 0.25.4 (/opt/ros/humble/share/tf2_ros/cmake)
[3.205s] -- Found tf2_geometry_msgs: 0.25.4 (/opt/ros/humble/share/tf2_geometry_msgs/cmake)
[3.217s] -- Found eigen3_cmake_module: 0.1.1 (/opt/ros/humble/share/eigen3_cmake_module/cmake)
[3.218s] -- Found Eigen3: TRUE (found version "3.4.0") 
[3.219s] -- Ensuring Eigen3 include directory is part of orocos-kdl CMake target
[3.228s] -- Found nav2_common: 1.1.12 (/home/lx/ros2/ros/nav2_ws/install/nav2_common/share/nav2_common/cmake)
[3.229s] -- Found nav2_util: 1.1.12 (/home/lx/ros2/ros/nav2_ws/install/nav2_util/share/nav2_util/cmake)
[3.888s] -- Found nav2_costmap_2d: 1.1.12 (/home/lx/ros2/ros/nav2_ws/install/nav2_costmap_2d/share/nav2_costmap_2d/cmake)
[5.125s] -- Setting build type to Release as none was specified.
[11.935s] -- Found ament_lint_auto: 0.12.8 (/opt/ros/humble/share/ament_lint_auto/cmake)
[12.072s] -- Found gtest sources under '/opt/ros/humble/src/gtest_vendor': C++ tests using 'Google Test' will be built
[26.406s] -- Added test 'cppcheck' to perform static code analysis on C / C++ code
[26.407s] -- Configured cppcheck include dirs: /home/lx/ros2/ros/nav2_ws/src/navigation2/nav2_collision_monitor/include
[26.407s] -- Configured cppcheck exclude dirs and/or files: 
[26.408s] -- Added test 'flake8' to check Python code syntax and style conventions
[26.410s] -- Added test 'lint_cmake' to check CMake code style
[26.411s] -- Added test 'pep257' to check Python code against some of the docstring style conventions in PEP 257
[26.414s] -- Added test 'uncrustify' to check C / C++ code style
[26.414s] -- Configured uncrustify additional arguments: 
[26.415s] -- Added test 'xmllint' to check XML markup files
[26.420s] -- Configuring done
[26.785s] -- Generating done
[26.789s] -- Build files have been written to: /home/lx/ros2/ros/nav2_ws/build/nav2_collision_monitor
[26.825s] Invoked command in '/home/lx/ros2/ros/nav2_ws/build/nav2_collision_monitor' returned '0': AMENT_PREFIX_PATH=/home/lx/ros2/ros/nav2_ws/install/nav2_costmap_2d:/home/lx/ros2/ros/nav2_ws/install/nav2_util:/home/lx/ros2/ros/nav2_ws/install/nav2_voxel_grid:/home/lx/ros2/ros/nav2_ws/install/nav2_msgs:/home/lx/ros2/ros/nav2_ws/install/nav2_common:${AMENT_PREFIX_PATH} CMAKE_PREFIX_PATH=/home/lx/ros2/ros/nav2_ws/install/nav2_costmap_2d:/home/lx/ros2/ros/nav2_ws/install/nav2_util:/home/lx/ros2/ros/nav2_ws/install/nav2_voxel_grid:/home/lx/ros2/ros/nav2_ws/install/nav2_msgs:/home/lx/ros2/ros/nav2_ws/install/nav2_common:/opt/ros/humble LD_LIBRARY_PATH=/home/lx/ros2/ros/nav2_ws/install/nav2_costmap_2d/lib:/home/lx/ros2/ros/nav2_ws/install/nav2_util/lib:/home/lx/ros2/ros/nav2_ws/install/nav2_voxel_grid/lib:/home/lx/ros2/ros/nav2_ws/install/nav2_msgs/lib:${LD_LIBRARY_PATH} PYTHONPATH=/home/lx/ros2/ros/nav2_ws/install/nav2_msgs/local/lib/python3.10/dist-packages:/home/lx/ros2/ros/nav2_ws/install/nav2_common/local/lib/python3.10/dist-packages:${PYTHONPATH} /usr/bin/cmake /home/lx/ros2/ros/nav2_ws/src/navigation2/nav2_collision_monitor -DCMAKE_INSTALL_PREFIX=/home/lx/ros2/ros/nav2_ws/install/nav2_collision_monitor
[26.832s] Invoking command in '/home/lx/ros2/ros/nav2_ws/build/nav2_collision_monitor': AMENT_PREFIX_PATH=/home/lx/ros2/ros/nav2_ws/install/nav2_costmap_2d:/home/lx/ros2/ros/nav2_ws/install/nav2_util:/home/lx/ros2/ros/nav2_ws/install/nav2_voxel_grid:/home/lx/ros2/ros/nav2_ws/install/nav2_msgs:/home/lx/ros2/ros/nav2_ws/install/nav2_common:${AMENT_PREFIX_PATH} CMAKE_PREFIX_PATH=/home/lx/ros2/ros/nav2_ws/install/nav2_costmap_2d:/home/lx/ros2/ros/nav2_ws/install/nav2_util:/home/lx/ros2/ros/nav2_ws/install/nav2_voxel_grid:/home/lx/ros2/ros/nav2_ws/install/nav2_msgs:/home/lx/ros2/ros/nav2_ws/install/nav2_common:/opt/ros/humble LD_LIBRARY_PATH=/home/lx/ros2/ros/nav2_ws/install/nav2_costmap_2d/lib:/home/lx/ros2/ros/nav2_ws/install/nav2_util/lib:/home/lx/ros2/ros/nav2_ws/install/nav2_voxel_grid/lib:/home/lx/ros2/ros/nav2_ws/install/nav2_msgs/lib:${LD_LIBRARY_PATH} PYTHONPATH=/home/lx/ros2/ros/nav2_ws/install/nav2_msgs/local/lib/python3.10/dist-packages:/home/lx/ros2/ros/nav2_ws/install/nav2_common/local/lib/python3.10/dist-packages:${PYTHONPATH} /usr/bin/cmake --build /home/lx/ros2/ros/nav2_ws/build/nav2_collision_monitor -- -j12 -l12
[39.044s] [  4%] [32mBuilding CXX object CMakeFiles/collision_monitor_core.dir/src/collision_monitor_node.cpp.o[0m
[47.870s] [  8%] [32mBuilding CXX object CMakeFiles/collision_monitor_core.dir/src/kinematics.cpp.o[0m
[48.266s] [ 13%] [32mBuilding CXX object CMakeFiles/collision_monitor_core.dir/src/range.cpp.o[0m
[67.325s] [ 17%] [32mBuilding CXX object CMakeFiles/collision_monitor_core.dir/src/pointcloud.cpp.o[0m
[84.095s] [ 21%] [32mBuilding CXX object CMakeFiles/collision_monitor_core.dir/src/scan.cpp.o[0m
[98.949s] [ 26%] [32mBuilding CXX object CMakeFiles/collision_monitor_core.dir/src/source.cpp.o[0m
[102.998s] [ 30%] [32mBuilding CXX object CMakeFiles/collision_monitor_core.dir/src/circle.cpp.o[0m
[108.072s] [ 34%] [32mBuilding CXX object CMakeFiles/collision_monitor_core.dir/src/polygon.cpp.o[0m
[117.103s] [ 39%] [32m[1mLinking CXX shared library libcollision_monitor_core.so[0m
[117.769s] [ 39%] Built target collision_monitor_core
[117.800s] [ 43%] [32mBuilding CXX object gtest/CMakeFiles/gtest_main.dir/src/gtest_main.cc.o[0m
[119.318s] [ 47%] [32m[1mLinking CXX static library libgtest_main.a[0m
[119.368s] [ 47%] Built target gtest_main
[119.406s] [ 52%] [32mBuilding CXX object CMakeFiles/collision_monitor.dir/src/main.cpp.o[0m
[125.800s] [ 56%] [32m[1mLinking CXX executable collision_monitor[0m
[126.229s] [ 56%] Built target collision_monitor
[126.262s] [ 60%] [32mBuilding CXX object gtest/CMakeFiles/gtest.dir/src/gtest-all.cc.o[0m
[140.413s] [ 65%] [32m[1mLinking CXX static library libgtest.a[0m
[140.562s] [ 65%] Built target gtest
[140.734s] [ 69%] [32mBuilding CXX object test/CMakeFiles/kinematics_test.dir/kinematics_test.cpp.o[0m
[148.295s] [ 73%] [32m[1mLinking CXX executable kinematics_test[0m
[149.064s] [ 73%] Built target kinematics_test
[149.119s] [ 78%] [32mBuilding CXX object test/CMakeFiles/collision_monitor_node_test.dir/collision_monitor_node_test.cpp.o[0m
[177.508s] [ 82%] [32m[1mLinking CXX executable collision_monitor_node_test[0m
[178.395s] [ 82%] Built target collision_monitor_node_test
[178.431s] [ 86%] [32mBuilding CXX object test/CMakeFiles/polygons_test.dir/polygons_test.cpp.o[0m
[202.609s] [ 91%] [32m[1mLinking CXX executable polygons_test[0m
[203.636s] [ 91%] Built target polygons_test
[203.678s] [ 95%] [32mBuilding CXX object test/CMakeFiles/sources_test.dir/sources_test.cpp.o[0m
[214.809s] [100%] [32m[1mLinking CXX executable sources_test[0m
[215.328s] [100%] Built target sources_test
[215.338s] Invoked command in '/home/lx/ros2/ros/nav2_ws/build/nav2_collision_monitor' returned '0': AMENT_PREFIX_PATH=/home/lx/ros2/ros/nav2_ws/install/nav2_costmap_2d:/home/lx/ros2/ros/nav2_ws/install/nav2_util:/home/lx/ros2/ros/nav2_ws/install/nav2_voxel_grid:/home/lx/ros2/ros/nav2_ws/install/nav2_msgs:/home/lx/ros2/ros/nav2_ws/install/nav2_common:${AMENT_PREFIX_PATH} CMAKE_PREFIX_PATH=/home/lx/ros2/ros/nav2_ws/install/nav2_costmap_2d:/home/lx/ros2/ros/nav2_ws/install/nav2_util:/home/lx/ros2/ros/nav2_ws/install/nav2_voxel_grid:/home/lx/ros2/ros/nav2_ws/install/nav2_msgs:/home/lx/ros2/ros/nav2_ws/install/nav2_common:/opt/ros/humble LD_LIBRARY_PATH=/home/lx/ros2/ros/nav2_ws/install/nav2_costmap_2d/lib:/home/lx/ros2/ros/nav2_ws/install/nav2_util/lib:/home/lx/ros2/ros/nav2_ws/install/nav2_voxel_grid/lib:/home/lx/ros2/ros/nav2_ws/install/nav2_msgs/lib:${LD_LIBRARY_PATH} PYTHONPATH=/home/lx/ros2/ros/nav2_ws/install/nav2_msgs/local/lib/python3.10/dist-packages:/home/lx/ros2/ros/nav2_ws/install/nav2_common/local/lib/python3.10/dist-packages:${PYTHONPATH} /usr/bin/cmake --build /home/lx/ros2/ros/nav2_ws/build/nav2_collision_monitor -- -j12 -l12
[215.370s] Invoking command in '/home/lx/ros2/ros/nav2_ws/build/nav2_collision_monitor': AMENT_PREFIX_PATH=/home/lx/ros2/ros/nav2_ws/install/nav2_costmap_2d:/home/lx/ros2/ros/nav2_ws/install/nav2_util:/home/lx/ros2/ros/nav2_ws/install/nav2_voxel_grid:/home/lx/ros2/ros/nav2_ws/install/nav2_msgs:/home/lx/ros2/ros/nav2_ws/install/nav2_common:${AMENT_PREFIX_PATH} CMAKE_PREFIX_PATH=/home/lx/ros2/ros/nav2_ws/install/nav2_costmap_2d:/home/lx/ros2/ros/nav2_ws/install/nav2_util:/home/lx/ros2/ros/nav2_ws/install/nav2_voxel_grid:/home/lx/ros2/ros/nav2_ws/install/nav2_msgs:/home/lx/ros2/ros/nav2_ws/install/nav2_common:/opt/ros/humble LD_LIBRARY_PATH=/home/lx/ros2/ros/nav2_ws/install/nav2_costmap_2d/lib:/home/lx/ros2/ros/nav2_ws/install/nav2_util/lib:/home/lx/ros2/ros/nav2_ws/install/nav2_voxel_grid/lib:/home/lx/ros2/ros/nav2_ws/install/nav2_msgs/lib:${LD_LIBRARY_PATH} PYTHONPATH=/home/lx/ros2/ros/nav2_ws/install/nav2_msgs/local/lib/python3.10/dist-packages:/home/lx/ros2/ros/nav2_ws/install/nav2_common/local/lib/python3.10/dist-packages:${PYTHONPATH} /usr/bin/cmake --install /home/lx/ros2/ros/nav2_ws/build/nav2_collision_monitor
[215.377s] -- Install configuration: "Release"
[215.377s] -- Installing: /home/lx/ros2/ros/nav2_ws/install/nav2_collision_monitor/lib/libcollision_monitor_core.so
[215.379s] -- Set runtime path of "/home/lx/ros2/ros/nav2_ws/install/nav2_collision_monitor/lib/libcollision_monitor_core.so" to ""
[215.379s] -- Installing: /home/lx/ros2/ros/nav2_ws/install/nav2_collision_monitor/lib/nav2_collision_monitor/collision_monitor
[215.379s] -- Set runtime path of "/home/lx/ros2/ros/nav2_ws/install/nav2_collision_monitor/lib/nav2_collision_monitor/collision_monitor" to ""
[215.380s] -- Installing: /home/lx/ros2/ros/nav2_ws/install/nav2_collision_monitor/include/
[215.380s] -- Installing: /home/lx/ros2/ros/nav2_ws/install/nav2_collision_monitor/include//nav2_collision_monitor
[215.380s] -- Installing: /home/lx/ros2/ros/nav2_ws/install/nav2_collision_monitor/include//nav2_collision_monitor/polygon.hpp
[215.380s] -- Installing: /home/lx/ros2/ros/nav2_ws/install/nav2_collision_monitor/include//nav2_collision_monitor/pointcloud.hpp
[215.380s] -- Installing: /home/lx/ros2/ros/nav2_ws/install/nav2_collision_monitor/include//nav2_collision_monitor/types.hpp
[215.380s] -- Installing: /home/lx/ros2/ros/nav2_ws/install/nav2_collision_monitor/include//nav2_collision_monitor/source.hpp
[215.380s] -- Installing: /home/lx/ros2/ros/nav2_ws/install/nav2_collision_monitor/include//nav2_collision_monitor/collision_monitor_node.hpp
[215.380s] -- Installing: /home/lx/ros2/ros/nav2_ws/install/nav2_collision_monitor/include//nav2_collision_monitor/circle.hpp
[215.381s] -- Installing: /home/lx/ros2/ros/nav2_ws/install/nav2_collision_monitor/include//nav2_collision_monitor/kinematics.hpp
[215.381s] -- Installing: /home/lx/ros2/ros/nav2_ws/install/nav2_collision_monitor/include//nav2_collision_monitor/range.hpp
[215.381s] -- Installing: /home/lx/ros2/ros/nav2_ws/install/nav2_collision_monitor/include//nav2_collision_monitor/scan.hpp
[215.381s] -- Installing: /home/lx/ros2/ros/nav2_ws/install/nav2_collision_monitor/share/nav2_collision_monitor/launch
[215.381s] -- Installing: /home/lx/ros2/ros/nav2_ws/install/nav2_collision_monitor/share/nav2_collision_monitor/launch/collision_monitor_node.launch.py
[215.381s] -- Installing: /home/lx/ros2/ros/nav2_ws/install/nav2_collision_monitor/share/nav2_collision_monitor/params
[215.381s] -- Installing: /home/lx/ros2/ros/nav2_ws/install/nav2_collision_monitor/share/nav2_collision_monitor/params/collision_monitor_params.yaml
[215.381s] -- Installing: /home/lx/ros2/ros/nav2_ws/install/nav2_collision_monitor/share/nav2_collision_monitor/environment/library_path.sh
[215.382s] -- Installing: /home/lx/ros2/ros/nav2_ws/install/nav2_collision_monitor/share/nav2_collision_monitor/environment/library_path.dsv
[215.382s] -- Installing: /home/lx/ros2/ros/nav2_ws/install/nav2_collision_monitor/share/ament_index/resource_index/package_run_dependencies/nav2_collision_monitor
[215.382s] -- Installing: /home/lx/ros2/ros/nav2_ws/install/nav2_collision_monitor/share/ament_index/resource_index/parent_prefix_path/nav2_collision_monitor
[215.382s] -- Installing: /home/lx/ros2/ros/nav2_ws/install/nav2_collision_monitor/share/nav2_collision_monitor/environment/ament_prefix_path.sh
[215.382s] -- Installing: /home/lx/ros2/ros/nav2_ws/install/nav2_collision_monitor/share/nav2_collision_monitor/environment/ament_prefix_path.dsv
[215.382s] -- Installing: /home/lx/ros2/ros/nav2_ws/install/nav2_collision_monitor/share/nav2_collision_monitor/environment/path.sh
[215.382s] -- Installing: /home/lx/ros2/ros/nav2_ws/install/nav2_collision_monitor/share/nav2_collision_monitor/environment/path.dsv
[215.382s] -- Installing: /home/lx/ros2/ros/nav2_ws/install/nav2_collision_monitor/share/nav2_collision_monitor/local_setup.bash
[215.383s] -- Installing: /home/lx/ros2/ros/nav2_ws/install/nav2_collision_monitor/share/nav2_collision_monitor/local_setup.sh
[215.383s] -- Installing: /home/lx/ros2/ros/nav2_ws/install/nav2_collision_monitor/share/nav2_collision_monitor/local_setup.zsh
[215.383s] -- Installing: /home/lx/ros2/ros/nav2_ws/install/nav2_collision_monitor/share/nav2_collision_monitor/local_setup.dsv
[215.383s] -- Installing: /home/lx/ros2/ros/nav2_ws/install/nav2_collision_monitor/share/nav2_collision_monitor/package.dsv
[215.383s] -- Installing: /home/lx/ros2/ros/nav2_ws/install/nav2_collision_monitor/share/ament_index/resource_index/packages/nav2_collision_monitor
[215.383s] -- Installing: /home/lx/ros2/ros/nav2_ws/install/nav2_collision_monitor/share/ament_index/resource_index/rclcpp_components/nav2_collision_monitor
[215.383s] -- Installing: /home/lx/ros2/ros/nav2_ws/install/nav2_collision_monitor/share/nav2_collision_monitor/cmake/ament_cmake_export_include_directories-extras.cmake
[215.383s] -- Installing: /home/lx/ros2/ros/nav2_ws/install/nav2_collision_monitor/share/nav2_collision_monitor/cmake/ament_cmake_export_libraries-extras.cmake
[215.383s] -- Installing: /home/lx/ros2/ros/nav2_ws/install/nav2_collision_monitor/share/nav2_collision_monitor/cmake/ament_cmake_export_dependencies-extras.cmake
[215.383s] -- Installing: /home/lx/ros2/ros/nav2_ws/install/nav2_collision_monitor/share/nav2_collision_monitor/cmake/nav2_collision_monitorConfig.cmake
[215.383s] -- Installing: /home/lx/ros2/ros/nav2_ws/install/nav2_collision_monitor/share/nav2_collision_monitor/cmake/nav2_collision_monitorConfig-version.cmake
[215.384s] -- Installing: /home/lx/ros2/ros/nav2_ws/install/nav2_collision_monitor/share/nav2_collision_monitor/package.xml
[215.385s] Invoked command in '/home/lx/ros2/ros/nav2_ws/build/nav2_collision_monitor' returned '0': AMENT_PREFIX_PATH=/home/lx/ros2/ros/nav2_ws/install/nav2_costmap_2d:/home/lx/ros2/ros/nav2_ws/install/nav2_util:/home/lx/ros2/ros/nav2_ws/install/nav2_voxel_grid:/home/lx/ros2/ros/nav2_ws/install/nav2_msgs:/home/lx/ros2/ros/nav2_ws/install/nav2_common:${AMENT_PREFIX_PATH} CMAKE_PREFIX_PATH=/home/lx/ros2/ros/nav2_ws/install/nav2_costmap_2d:/home/lx/ros2/ros/nav2_ws/install/nav2_util:/home/lx/ros2/ros/nav2_ws/install/nav2_voxel_grid:/home/lx/ros2/ros/nav2_ws/install/nav2_msgs:/home/lx/ros2/ros/nav2_ws/install/nav2_common:/opt/ros/humble LD_LIBRARY_PATH=/home/lx/ros2/ros/nav2_ws/install/nav2_costmap_2d/lib:/home/lx/ros2/ros/nav2_ws/install/nav2_util/lib:/home/lx/ros2/ros/nav2_ws/install/nav2_voxel_grid/lib:/home/lx/ros2/ros/nav2_ws/install/nav2_msgs/lib:${LD_LIBRARY_PATH} PYTHONPATH=/home/lx/ros2/ros/nav2_ws/install/nav2_msgs/local/lib/python3.10/dist-packages:/home/lx/ros2/ros/nav2_ws/install/nav2_common/local/lib/python3.10/dist-packages:${PYTHONPATH} /usr/bin/cmake --install /home/lx/ros2/ros/nav2_ws/build/nav2_collision_monitor
