/usr/lib/python3/dist-packages/setuptools/dist.py:723: UserWarning: Usage of dash-separated 'script-dir' will not be supported in future versions. Please use the underscore name 'script_dir' instead
  warnings.warn(
running egg_info
writing ../../build/lesson_urdf/lesson_urdf.egg-info/PKG-INFO
writing dependency_links to ../../build/lesson_urdf/lesson_urdf.egg-info/dependency_links.txt
writing entry points to ../../build/lesson_urdf/lesson_urdf.egg-info/entry_points.txt
writing requirements to ../../build/lesson_urdf/lesson_urdf.egg-info/requires.txt
writing top-level names to ../../build/lesson_urdf/lesson_urdf.egg-info/top_level.txt
reading manifest file '../../build/lesson_urdf/lesson_urdf.egg-info/SOURCES.txt'
adding license file 'LICENSE'
writing manifest file '../../build/lesson_urdf/lesson_urdf.egg-info/SOURCES.txt'
running build
running build_py
copying lesson_urdf/__init__.py -> /home/lx/ros2/gezebo_ws/build/lesson_urdf/build/lib/lesson_urdf
running install
/usr/lib/python3/dist-packages/setuptools/command/install.py:34: SetuptoolsDeprecationWarning: setup.py install is deprecated. Use build and pip and other standards-based tools.
  warnings.warn(
running install_lib
copying /home/lx/ros2/gezebo_ws/build/lesson_urdf/build/lib/lesson_urdf/__init__.py -> /home/lx/ros2/gezebo_ws/install/lesson_urdf/lib/python3.10/site-packages/lesson_urdf
byte-compiling /home/lx/ros2/gezebo_ws/install/lesson_urdf/lib/python3.10/site-packages/lesson_urdf/__init__.py to __init__.cpython-310.pyc
running install_data
copying resource/lesson_urdf -> /home/lx/ros2/gezebo_ws/install/lesson_urdf/share/ament_index/resource_index/packages
copying package.xml -> /home/lx/ros2/gezebo_ws/install/lesson_urdf/share/lesson_urdf
copying launch/view_robot_launch.py -> /home/lx/ros2/gezebo_ws/install/lesson_urdf/share/lesson_urdf
copying urdf/planar_3dof.urdf -> /home/lx/ros2/gezebo_ws/install/lesson_urdf/share/lesson_urdf/urdf/
copying rviz/view.rviz -> /home/lx/ros2/gezebo_ws/install/lesson_urdf/share/lesson_urdf/rviz/
copying meshes/collision/gripper.stl -> /home/lx/ros2/gezebo_ws/install/lesson_urdf/share/lesson_urdf/meshes/collision/
copying meshes/collision/arm_link.stl -> /home/lx/ros2/gezebo_ws/install/lesson_urdf/share/lesson_urdf/meshes/collision/
copying meshes/collision/arm_link_twist_2.stl -> /home/lx/ros2/gezebo_ws/install/lesson_urdf/share/lesson_urdf/meshes/collision/
copying meshes/collision/arm_link_twist_1.stl -> /home/lx/ros2/gezebo_ws/install/lesson_urdf/share/lesson_urdf/meshes/collision/
copying meshes/visual/gripper.stl -> /home/lx/ros2/gezebo_ws/install/lesson_urdf/share/lesson_urdf/meshes/visual/
copying meshes/visual/arm_link.stl -> /home/lx/ros2/gezebo_ws/install/lesson_urdf/share/lesson_urdf/meshes/visual/
copying meshes/visual/arm_link_twist_2.stl -> /home/lx/ros2/gezebo_ws/install/lesson_urdf/share/lesson_urdf/meshes/visual/
copying meshes/visual/arm_link_twist_1.stl -> /home/lx/ros2/gezebo_ws/install/lesson_urdf/share/lesson_urdf/meshes/visual/
running install_egg_info
removing '/home/lx/ros2/gezebo_ws/install/lesson_urdf/lib/python3.10/site-packages/lesson_urdf-0.0.0-py3.10.egg-info' (and everything under it)
Copying ../../build/lesson_urdf/lesson_urdf.egg-info to /home/lx/ros2/gezebo_ws/install/lesson_urdf/lib/python3.10/site-packages/lesson_urdf-0.0.0-py3.10.egg-info
running install_scripts
writing list of installed files to '/home/lx/ros2/gezebo_ws/build/lesson_urdf/install.log'
