[0.803s] DEBUG:colcon:Command line arguments: ['/usr/bin/colcon', 'build', '--cmake-args', '-DROS_EDITION=ROS2', '-DHUMBLE_ROS=humble']
[0.803s] DEBUG:colcon:Parsed command line arguments: Namespace(log_base=None, log_level=None, verb_name='build', build_base='build', install_base='install', merge_install=False, symlink_install=False, test_result_base=None, continue_on_error=False, executor='parallel', parallel_workers=12, event_handlers=None, ignore_user_meta=False, metas=['./colcon.meta'], base_paths=['.'], packages_ignore=None, packages_ignore_regex=None, paths=None, packages_up_to=None, packages_up_to_regex=None, packages_above=None, packages_above_and_dependencies=None, packages_above_depth=None, packages_select_by_dep=None, packages_skip_by_dep=None, packages_skip_up_to=None, packages_select_build_failed=False, packages_skip_build_finished=False, packages_select_test_failures=False, packages_skip_test_passed=False, packages_select=None, packages_skip=None, packages_select_regex=None, packages_skip_regex=None, packages_start=None, packages_end=None, allow_overriding=[], cmake_args=['-DROS_EDITION=ROS2', '-DHUMBLE_ROS=humble'], cmake_target=None, cmake_target_skip_unavailable=False, cmake_clean_cache=False, cmake_clean_first=False, cmake_force_configure=False, ament_cmake_args=None, catkin_cmake_args=None, catkin_skip_building_tests=False, verb_parser=<colcon_defaults.argument_parser.defaults.DefaultArgumentsDecorator object at 0x7fd181dd71c0>, verb_extension=<colcon_core.verb.build.BuildVerb object at 0x7fd1821cf340>, main=<bound method BuildVerb.main of <colcon_core.verb.build.BuildVerb object at 0x7fd1821cf340>>)
[0.841s] Level 1:colcon.colcon_core.package_discovery:discover_packages(colcon_meta) check parameters
[0.841s] Level 1:colcon.colcon_core.package_discovery:discover_packages(recursive) check parameters
[0.841s] Level 1:colcon.colcon_core.package_discovery:discover_packages(ignore) check parameters
[0.841s] Level 1:colcon.colcon_core.package_discovery:discover_packages(path) check parameters
[0.841s] Level 1:colcon.colcon_core.package_discovery:discover_packages(colcon_meta) discover
[0.841s] Level 1:colcon.colcon_core.package_discovery:discover_packages(recursive) discover
[0.841s] INFO:colcon.colcon_core.package_discovery:Crawling recursively for packages in '/home/lx/文档/GitHub/ros/xiao_ying'
[0.841s] Level 1:colcon.colcon_core.package_identification:_identify(.) by extensions ['ignore', 'ignore_ament_install']
[0.841s] Level 1:colcon.colcon_core.package_identification:_identify(.) by extension 'ignore'
[0.841s] Level 1:colcon.colcon_core.package_identification:_identify(.) by extension 'ignore_ament_install'
[0.841s] Level 1:colcon.colcon_core.package_identification:_identify(.) by extensions ['colcon_pkg']
[0.841s] Level 1:colcon.colcon_core.package_identification:_identify(.) by extension 'colcon_pkg'
[0.841s] Level 1:colcon.colcon_core.package_identification:_identify(.) by extensions ['colcon_meta']
[0.842s] Level 1:colcon.colcon_core.package_identification:_identify(.) by extension 'colcon_meta'
[0.842s] Level 1:colcon.colcon_core.package_identification:_identify(.) by extensions ['ros']
[0.842s] Level 1:colcon.colcon_core.package_identification:_identify(.) by extension 'ros'
[0.850s] Level 1:colcon.colcon_core.package_identification:_identify(.) by extensions ['cmake', 'python']
[0.850s] Level 1:colcon.colcon_core.package_identification:_identify(.) by extension 'cmake'
[0.850s] Level 1:colcon.colcon_core.package_identification:_identify(.) by extension 'python'
[0.850s] Level 1:colcon.colcon_core.package_identification:_identify(.) by extensions ['python_setup_py']
[0.850s] Level 1:colcon.colcon_core.package_identification:_identify(.) by extension 'python_setup_py'
[0.850s] Level 1:colcon.colcon_core.package_identification:_identify(build) by extensions ['ignore', 'ignore_ament_install']
[0.850s] Level 1:colcon.colcon_core.package_identification:_identify(build) by extension 'ignore'
[0.850s] Level 1:colcon.colcon_core.package_identification:_identify(build) ignored
[0.851s] Level 1:colcon.colcon_core.package_identification:_identify(install) by extensions ['ignore', 'ignore_ament_install']
[0.851s] Level 1:colcon.colcon_core.package_identification:_identify(install) by extension 'ignore'
[0.851s] Level 1:colcon.colcon_core.package_identification:_identify(install) ignored
[0.851s] Level 1:colcon.colcon_core.package_identification:_identify(log) by extensions ['ignore', 'ignore_ament_install']
[0.851s] Level 1:colcon.colcon_core.package_identification:_identify(log) by extension 'ignore'
[0.851s] Level 1:colcon.colcon_core.package_identification:_identify(log) ignored
[0.851s] Level 1:colcon.colcon_core.package_identification:_identify(src) by extensions ['ignore', 'ignore_ament_install']
[0.851s] Level 1:colcon.colcon_core.package_identification:_identify(src) by extension 'ignore'
[0.851s] Level 1:colcon.colcon_core.package_identification:_identify(src) by extension 'ignore_ament_install'
[0.851s] Level 1:colcon.colcon_core.package_identification:_identify(src) by extensions ['colcon_pkg']
[0.851s] Level 1:colcon.colcon_core.package_identification:_identify(src) by extension 'colcon_pkg'
[0.851s] Level 1:colcon.colcon_core.package_identification:_identify(src) by extensions ['colcon_meta']
[0.851s] Level 1:colcon.colcon_core.package_identification:_identify(src) by extension 'colcon_meta'
[0.851s] Level 1:colcon.colcon_core.package_identification:_identify(src) by extensions ['ros']
[0.851s] Level 1:colcon.colcon_core.package_identification:_identify(src) by extension 'ros'
[0.851s] Level 1:colcon.colcon_core.package_identification:_identify(src) by extensions ['cmake', 'python']
[0.851s] Level 1:colcon.colcon_core.package_identification:_identify(src) by extension 'cmake'
[0.851s] Level 1:colcon.colcon_core.package_identification:_identify(src) by extension 'python'
[0.851s] Level 1:colcon.colcon_core.package_identification:_identify(src) by extensions ['python_setup_py']
[0.851s] Level 1:colcon.colcon_core.package_identification:_identify(src) by extension 'python_setup_py'
[0.851s] Level 1:colcon.colcon_core.package_identification:_identify(src/imu_to_odom) by extensions ['ignore', 'ignore_ament_install']
[0.852s] Level 1:colcon.colcon_core.package_identification:_identify(src/imu_to_odom) by extension 'ignore'
[0.852s] Level 1:colcon.colcon_core.package_identification:_identify(src/imu_to_odom) by extension 'ignore_ament_install'
[0.852s] Level 1:colcon.colcon_core.package_identification:_identify(src/imu_to_odom) by extensions ['colcon_pkg']
[0.852s] Level 1:colcon.colcon_core.package_identification:_identify(src/imu_to_odom) by extension 'colcon_pkg'
[0.852s] Level 1:colcon.colcon_core.package_identification:_identify(src/imu_to_odom) by extensions ['colcon_meta']
[0.852s] Level 1:colcon.colcon_core.package_identification:_identify(src/imu_to_odom) by extension 'colcon_meta'
[0.852s] Level 1:colcon.colcon_core.package_identification:_identify(src/imu_to_odom) by extensions ['ros']
[0.852s] Level 1:colcon.colcon_core.package_identification:_identify(src/imu_to_odom) by extension 'ros'
[0.854s] DEBUG:colcon.colcon_core.package_identification:Package 'src/imu_to_odom' with type 'ros.ament_cmake' and name 'imu_to_odom'
[0.854s] Level 1:colcon.colcon_core.package_identification:_identify(src/livox_ros_driver2) by extensions ['ignore', 'ignore_ament_install']
[0.854s] Level 1:colcon.colcon_core.package_identification:_identify(src/livox_ros_driver2) by extension 'ignore'
[0.854s] Level 1:colcon.colcon_core.package_identification:_identify(src/livox_ros_driver2) by extension 'ignore_ament_install'
[0.854s] Level 1:colcon.colcon_core.package_identification:_identify(src/livox_ros_driver2) by extensions ['colcon_pkg']
[0.854s] Level 1:colcon.colcon_core.package_identification:_identify(src/livox_ros_driver2) by extension 'colcon_pkg'
[0.854s] Level 1:colcon.colcon_core.package_identification:_identify(src/livox_ros_driver2) by extensions ['colcon_meta']
[0.854s] Level 1:colcon.colcon_core.package_identification:_identify(src/livox_ros_driver2) by extension 'colcon_meta'
[0.854s] Level 1:colcon.colcon_core.package_identification:_identify(src/livox_ros_driver2) by extensions ['ros']
[0.854s] Level 1:colcon.colcon_core.package_identification:_identify(src/livox_ros_driver2) by extension 'ros'
[0.855s] DEBUG:colcon.colcon_core.package_identification:Package 'src/livox_ros_driver2' with type 'ros.ament_cmake' and name 'livox_ros_driver2'
[0.855s] Level 1:colcon.colcon_core.package_discovery:discover_packages(recursive) using defaults
[0.855s] Level 1:colcon.colcon_core.package_discovery:discover_packages(ignore) discover
[0.855s] Level 1:colcon.colcon_core.package_discovery:discover_packages(ignore) using defaults
[0.855s] Level 1:colcon.colcon_core.package_discovery:discover_packages(path) discover
[0.855s] Level 1:colcon.colcon_core.package_discovery:discover_packages(path) using defaults
[0.928s] Level 1:colcon.colcon_core.package_discovery:discover_packages(prefix_path) check parameters
[0.928s] Level 1:colcon.colcon_core.package_discovery:discover_packages(prefix_path) discover
[0.941s] WARNING:colcon.colcon_ros.prefix_path.ament:The path '/home/lx/文档/GitHub/ros/xiao_ying/install/rm_navigation' in the environment variable AMENT_PREFIX_PATH doesn't exist
[0.941s] WARNING:colcon.colcon_ros.prefix_path.ament:The path '/home/lx/文档/GitHub/ros/xiao_ying/install/imu_to_odom' in the environment variable AMENT_PREFIX_PATH doesn't exist
[0.941s] WARNING:colcon.colcon_ros.prefix_path.catkin:The path '/home/lx/文档/GitHub/ros/xiao_ying/install/rm_navigation' in the environment variable CMAKE_PREFIX_PATH doesn't exist
[0.941s] WARNING:colcon.colcon_ros.prefix_path.catkin:The path '/home/lx/文档/GitHub/ros/xiao_ying/install/imu_to_odom' in the environment variable CMAKE_PREFIX_PATH doesn't exist
[0.953s] DEBUG:colcon.colcon_installed_package_information.package_discovery:Found 0 installed packages in /home/lx/文档/GitHub/ros/xiao_ying/install
[0.966s] DEBUG:colcon.colcon_installed_package_information.package_discovery:Found 387 installed packages in /opt/ros/humble
[0.967s] Level 1:colcon.colcon_core.package_discovery:discover_packages(prefix_path) using defaults
[1.066s] Level 5:colcon.colcon_core.verb:set package 'imu_to_odom' build argument 'cmake_args' from command line to '['-DROS_EDITION=ROS2', '-DHUMBLE_ROS=humble']'
[1.067s] Level 5:colcon.colcon_core.verb:set package 'imu_to_odom' build argument 'cmake_target' from command line to 'None'
[1.067s] Level 5:colcon.colcon_core.verb:set package 'imu_to_odom' build argument 'cmake_target_skip_unavailable' from command line to 'False'
[1.067s] Level 5:colcon.colcon_core.verb:set package 'imu_to_odom' build argument 'cmake_clean_cache' from command line to 'False'
[1.067s] Level 5:colcon.colcon_core.verb:set package 'imu_to_odom' build argument 'cmake_clean_first' from command line to 'False'
[1.067s] Level 5:colcon.colcon_core.verb:set package 'imu_to_odom' build argument 'cmake_force_configure' from command line to 'False'
[1.067s] Level 5:colcon.colcon_core.verb:set package 'imu_to_odom' build argument 'ament_cmake_args' from command line to 'None'
[1.067s] Level 5:colcon.colcon_core.verb:set package 'imu_to_odom' build argument 'catkin_cmake_args' from command line to 'None'
[1.067s] Level 5:colcon.colcon_core.verb:set package 'imu_to_odom' build argument 'catkin_skip_building_tests' from command line to 'False'
[1.067s] DEBUG:colcon.colcon_core.verb:Building package 'imu_to_odom' with the following arguments: {'ament_cmake_args': None, 'build_base': '/home/lx/文档/GitHub/ros/xiao_ying/build/imu_to_odom', 'catkin_cmake_args': None, 'catkin_skip_building_tests': False, 'cmake_args': ['-DROS_EDITION=ROS2', '-DHUMBLE_ROS=humble'], 'cmake_clean_cache': False, 'cmake_clean_first': False, 'cmake_force_configure': False, 'cmake_target': None, 'cmake_target_skip_unavailable': False, 'install_base': '/home/lx/文档/GitHub/ros/xiao_ying/install/imu_to_odom', 'merge_install': False, 'path': '/home/lx/文档/GitHub/ros/xiao_ying/src/imu_to_odom', 'symlink_install': False, 'test_result_base': None}
[1.079s] Level 5:colcon.colcon_core.verb:set package 'livox_ros_driver2' build argument 'cmake_args' from command line to '['-DROS_EDITION=ROS2', '-DHUMBLE_ROS=humble']'
[1.079s] Level 5:colcon.colcon_core.verb:set package 'livox_ros_driver2' build argument 'cmake_target' from command line to 'None'
[1.079s] Level 5:colcon.colcon_core.verb:set package 'livox_ros_driver2' build argument 'cmake_target_skip_unavailable' from command line to 'False'
[1.079s] Level 5:colcon.colcon_core.verb:set package 'livox_ros_driver2' build argument 'cmake_clean_cache' from command line to 'False'
[1.079s] Level 5:colcon.colcon_core.verb:set package 'livox_ros_driver2' build argument 'cmake_clean_first' from command line to 'False'
[1.079s] Level 5:colcon.colcon_core.verb:set package 'livox_ros_driver2' build argument 'cmake_force_configure' from command line to 'False'
[1.079s] Level 5:colcon.colcon_core.verb:set package 'livox_ros_driver2' build argument 'ament_cmake_args' from command line to 'None'
[1.079s] Level 5:colcon.colcon_core.verb:set package 'livox_ros_driver2' build argument 'catkin_cmake_args' from command line to 'None'
[1.079s] Level 5:colcon.colcon_core.verb:set package 'livox_ros_driver2' build argument 'catkin_skip_building_tests' from command line to 'False'
[1.079s] DEBUG:colcon.colcon_core.verb:Building package 'livox_ros_driver2' with the following arguments: {'ament_cmake_args': None, 'build_base': '/home/lx/文档/GitHub/ros/xiao_ying/build/livox_ros_driver2', 'catkin_cmake_args': None, 'catkin_skip_building_tests': False, 'cmake_args': ['-DROS_EDITION=ROS2', '-DHUMBLE_ROS=humble'], 'cmake_clean_cache': False, 'cmake_clean_first': False, 'cmake_force_configure': False, 'cmake_target': None, 'cmake_target_skip_unavailable': False, 'install_base': '/home/lx/文档/GitHub/ros/xiao_ying/install/livox_ros_driver2', 'merge_install': False, 'path': '/home/lx/文档/GitHub/ros/xiao_ying/src/livox_ros_driver2', 'symlink_install': False, 'test_result_base': None}
[1.091s] INFO:colcon.colcon_core.executor:Executing jobs using 'parallel' executor
[1.103s] DEBUG:colcon.colcon_parallel_executor.executor.parallel:run_until_complete
[1.103s] INFO:colcon.colcon_ros.task.ament_cmake.build:Building ROS package in '/home/lx/文档/GitHub/ros/xiao_ying/src/imu_to_odom' with build type 'ament_cmake'
[1.104s] INFO:colcon.colcon_cmake.task.cmake.build:Building CMake package in '/home/lx/文档/GitHub/ros/xiao_ying/src/imu_to_odom'
[1.117s] INFO:colcon.colcon_core.plugin_system:Skipping extension 'colcon_core.shell.bat': Not used on non-Windows systems
[1.117s] INFO:colcon.colcon_core.shell:Skip shell extension 'powershell' for command environment: Not usable outside of PowerShell
[1.117s] DEBUG:colcon.colcon_core.shell:Skip shell extension 'dsv' for command environment
[1.155s] INFO:colcon.colcon_ros.task.ament_cmake.build:Building ROS package in '/home/lx/文档/GitHub/ros/xiao_ying/src/livox_ros_driver2' with build type 'ament_cmake'
[1.155s] INFO:colcon.colcon_cmake.task.cmake.build:Building CMake package in '/home/lx/文档/GitHub/ros/xiao_ying/src/livox_ros_driver2'
[1.167s] INFO:colcon.colcon_core.shell:Skip shell extension 'powershell' for command environment: Not usable outside of PowerShell
[1.167s] DEBUG:colcon.colcon_core.shell:Skip shell extension 'dsv' for command environment
[1.208s] DEBUG:colcon.colcon_core.event_handler.log_command:Invoking command in '/home/lx/文档/GitHub/ros/xiao_ying/build/imu_to_odom': CMAKE_PREFIX_PATH=${CMAKE_PREFIX_PATH}:/opt/ros/humble /usr/bin/cmake /home/lx/文档/GitHub/ros/xiao_ying/src/imu_to_odom -DROS_EDITION=ROS2 -DHUMBLE_ROS=humble -DCMAKE_INSTALL_PREFIX=/home/lx/文档/GitHub/ros/xiao_ying/install/imu_to_odom
[1.210s] DEBUG:colcon.colcon_core.event_handler.log_command:Invoking command in '/home/lx/文档/GitHub/ros/xiao_ying/build/livox_ros_driver2': CMAKE_PREFIX_PATH=${CMAKE_PREFIX_PATH}:/opt/ros/humble /usr/bin/cmake /home/lx/文档/GitHub/ros/xiao_ying/src/livox_ros_driver2 -DROS_EDITION=ROS2 -DHUMBLE_ROS=humble -DCMAKE_INSTALL_PREFIX=/home/lx/文档/GitHub/ros/xiao_ying/install/livox_ros_driver2
[2.381s] DEBUG:colcon.colcon_core.event_handler.log_command:Invoked command in '/home/lx/文档/GitHub/ros/xiao_ying/build/imu_to_odom' returned '0': CMAKE_PREFIX_PATH=${CMAKE_PREFIX_PATH}:/opt/ros/humble /usr/bin/cmake /home/lx/文档/GitHub/ros/xiao_ying/src/imu_to_odom -DROS_EDITION=ROS2 -DHUMBLE_ROS=humble -DCMAKE_INSTALL_PREFIX=/home/lx/文档/GitHub/ros/xiao_ying/install/imu_to_odom
[2.383s] DEBUG:colcon.colcon_core.event_handler.log_command:Invoking command in '/home/lx/文档/GitHub/ros/xiao_ying/build/imu_to_odom': CMAKE_PREFIX_PATH=${CMAKE_PREFIX_PATH}:/opt/ros/humble /usr/bin/cmake --build /home/lx/文档/GitHub/ros/xiao_ying/build/imu_to_odom -- -j12 -l12
[3.901s] DEBUG:colcon.colcon_core.event_handler.log_command:Invoked command in '/home/lx/文档/GitHub/ros/xiao_ying/build/livox_ros_driver2' returned '1': CMAKE_PREFIX_PATH=${CMAKE_PREFIX_PATH}:/opt/ros/humble /usr/bin/cmake /home/lx/文档/GitHub/ros/xiao_ying/src/livox_ros_driver2 -DROS_EDITION=ROS2 -DHUMBLE_ROS=humble -DCMAKE_INSTALL_PREFIX=/home/lx/文档/GitHub/ros/xiao_ying/install/livox_ros_driver2
[3.914s] Level 1:colcon.colcon_core.environment:create_environment_scripts_only(livox_ros_driver2)
[3.928s] Level 1:colcon.colcon_core.environment:checking '/home/lx/文档/GitHub/ros/xiao_ying/install/livox_ros_driver2' for CMake module files
[3.928s] Level 1:colcon.colcon_core.environment:checking '/home/lx/文档/GitHub/ros/xiao_ying/install/livox_ros_driver2' for CMake config files
[3.928s] Level 1:colcon.colcon_core.environment:checking '/home/lx/文档/GitHub/ros/xiao_ying/install/livox_ros_driver2/bin'
[3.928s] Level 1:colcon.colcon_core.environment:checking '/home/lx/文档/GitHub/ros/xiao_ying/install/livox_ros_driver2/lib/pkgconfig/livox_ros_driver2.pc'
[3.928s] Level 1:colcon.colcon_core.environment:checking '/home/lx/文档/GitHub/ros/xiao_ying/install/livox_ros_driver2/lib/python3.10/site-packages'
[3.929s] Level 1:colcon.colcon_core.environment:checking '/home/lx/文档/GitHub/ros/xiao_ying/install/livox_ros_driver2/bin'
[3.941s] INFO:colcon.colcon_core.shell:Creating package script '/home/lx/文档/GitHub/ros/xiao_ying/install/livox_ros_driver2/share/livox_ros_driver2/package.ps1'
[3.942s] INFO:colcon.colcon_core.shell:Creating package descriptor '/home/lx/文档/GitHub/ros/xiao_ying/install/livox_ros_driver2/share/livox_ros_driver2/package.dsv'
[3.943s] INFO:colcon.colcon_core.shell:Creating package script '/home/lx/文档/GitHub/ros/xiao_ying/install/livox_ros_driver2/share/livox_ros_driver2/package.sh'
[3.943s] INFO:colcon.colcon_core.shell:Creating package script '/home/lx/文档/GitHub/ros/xiao_ying/install/livox_ros_driver2/share/livox_ros_driver2/package.bash'
[3.944s] INFO:colcon.colcon_core.shell:Creating package script '/home/lx/文档/GitHub/ros/xiao_ying/install/livox_ros_driver2/share/livox_ros_driver2/package.zsh'
[3.944s] Level 1:colcon.colcon_core.environment:create_file_with_runtime_dependencies(/home/lx/文档/GitHub/ros/xiao_ying/install/livox_ros_driver2/share/colcon-core/packages/livox_ros_driver2)
[9.311s] DEBUG:colcon.colcon_parallel_executor.executor.parallel:closing loop
[9.311s] DEBUG:colcon.colcon_parallel_executor.executor.parallel:loop closed
[9.311s] DEBUG:colcon.colcon_parallel_executor.executor.parallel:run_until_complete finished with '1'
[9.311s] DEBUG:colcon.colcon_core.event_reactor:joining thread
[9.327s] INFO:colcon.colcon_core.plugin_system:Skipping extension 'colcon_notification.desktop_notification.terminal_notifier': Not used on non-Darwin systems
[9.327s] INFO:colcon.colcon_core.plugin_system:Skipping extension 'colcon_notification.desktop_notification.win32': Not used on non-Windows systems
[9.327s] INFO:colcon.colcon_notification.desktop_notification:Sending desktop notification using 'notify2'
[9.335s] DEBUG:colcon.colcon_core.event_reactor:joined thread
[9.347s] INFO:colcon.colcon_core.shell:Creating prefix script '/home/lx/文档/GitHub/ros/xiao_ying/install/local_setup.ps1'
[9.348s] INFO:colcon.colcon_core.shell:Creating prefix util module '/home/lx/文档/GitHub/ros/xiao_ying/install/_local_setup_util_ps1.py'
[9.349s] INFO:colcon.colcon_core.shell:Creating prefix chain script '/home/lx/文档/GitHub/ros/xiao_ying/install/setup.ps1'
[9.362s] INFO:colcon.colcon_core.shell:Creating prefix script '/home/lx/文档/GitHub/ros/xiao_ying/install/local_setup.sh'
[9.362s] INFO:colcon.colcon_core.shell:Creating prefix util module '/home/lx/文档/GitHub/ros/xiao_ying/install/_local_setup_util_sh.py'
[9.362s] INFO:colcon.colcon_core.shell:Creating prefix chain script '/home/lx/文档/GitHub/ros/xiao_ying/install/setup.sh'
[9.375s] INFO:colcon.colcon_core.shell:Creating prefix script '/home/lx/文档/GitHub/ros/xiao_ying/install/local_setup.bash'
[9.375s] INFO:colcon.colcon_core.shell:Creating prefix chain script '/home/lx/文档/GitHub/ros/xiao_ying/install/setup.bash'
[9.387s] INFO:colcon.colcon_core.shell:Creating prefix script '/home/lx/文档/GitHub/ros/xiao_ying/install/local_setup.zsh'
[9.387s] INFO:colcon.colcon_core.shell:Creating prefix chain script '/home/lx/文档/GitHub/ros/xiao_ying/install/setup.zsh'
