[35m[1mConsolidate compiler generated dependencies of target fast_lio__rosidl_generator_c[0m
[  2%] Built target fast_lio__cpp
[ 11%] Built target fast_lio__rosidl_generator_c
[ 11%] Built target ament_cmake_python_symlink_fast_lio
[35m[1mConsolidate compiler generated dependencies of target fast_lio__rosidl_typesupport_cpp[0m
[35m[1mConsolidate compiler generated dependencies of target fast_lio__rosidl_typesupport_introspection_c[0m
[35m[1mConsolidate compiler generated dependencies of target fast_lio__rosidl_typesupport_fastrtps_c[0m
[35m[1mConsolidate compiler generated dependencies of target fast_lio__rosidl_typesupport_introspection_cpp[0m
[35m[1mConsolidate compiler generated dependencies of target fast_lio__rosidl_typesupport_fastrtps_cpp[0m
[35m[1mConsolidate compiler generated dependencies of target fast_lio__rosidl_typesupport_c[0m
[ 28%] Built target fast_lio__rosidl_typesupport_fastrtps_cpp
[ 28%] Built target fast_lio__rosidl_typesupport_cpp
[ 37%] Built target fast_lio__rosidl_typesupport_c
[ 45%] Built target fast_lio__rosidl_typesupport_fastrtps_c
[ 54%] Built target fast_lio__rosidl_typesupport_introspection_cpp
[ 62%] Built target fast_lio__rosidl_typesupport_introspection_c
[35m[1mConsolidate compiler generated dependencies of target fastlio_mapping[0m
[ 62%] Built target fast_lio
[ 65%] [32mBuilding CXX object CMakeFiles/fastlio_mapping.dir/src/laserMapping.cpp.o[0m
[ 68%] [32mBuilding CXX object CMakeFiles/fastlio_mapping.dir/src/preprocess.cpp.o[0m
[ 71%] Built target fast_lio__py
[35m[1mConsolidate compiler generated dependencies of target fast_lio__rosidl_generator_py[0m
[ 77%] Built target fast_lio__rosidl_generator_py
[35m[1mConsolidate compiler generated dependencies of target fast_lio__rosidl_typesupport_c__pyext[0m
[35m[1mConsolidate compiler generated dependencies of target fast_lio__rosidl_typesupport_fastrtps_c__pyext[0m
[35m[1mConsolidate compiler generated dependencies of target fast_lio__rosidl_typesupport_introspection_c__pyext[0m
[ 82%] Built target fast_lio__rosidl_typesupport_introspection_c__pyext
[ 88%] Built target fast_lio__rosidl_typesupport_fastrtps_c__pyext
[ 94%] Built target fast_lio__rosidl_typesupport_c__pyext
running egg_info
writing fast_lio.egg-info/PKG-INFO
writing dependency_links to fast_lio.egg-info/dependency_links.txt
writing top-level names to fast_lio.egg-info/top_level.txt
reading manifest file 'fast_lio.egg-info/SOURCES.txt'
writing manifest file 'fast_lio.egg-info/SOURCES.txt'
[ 94%] Built target ament_cmake_python_build_fast_lio_egg
In file included from [01m[K/home/lx/ros2/ros/mid-70_ws/src/FAST_LIO/src/preprocess.cpp:1[m[K:
[01m[K/home/lx/ros2/ros/mid-70_ws/src/FAST_LIO/src/preprocess.h:5:10:[m[K [01;31m[Kfatal error: [m[Klivox_ros2_driver/msg/custom_msg.hpp: æ²¡æœ‰é‚£ä¸ªæ–‡ä»¶æˆ–ç›®å½•
    5 | #include [01;31m[K<livox_ros2_driver/msg/custom_msg.hpp>[m[K
      |          [01;31m[K^~~~~~~~~~~~~~~~~~~~~~~~~~~~~~~~~~~~~~[m[K
compilation terminated.
gmake[2]: *** [CMakeFiles/fastlio_mapping.dir/build.make:104ï¼šCMakeFiles/fastlio_mapping.dir/src/preprocess.cpp.o] é”™è¯¯ 1
gmake[2]: *** æ­£åœ¨ç­‰å¾…æœªå®Œæˆçš„ä»»åŠ¡....
[01m[K/home/lx/ros2/ros/mid-70_ws/src/FAST_LIO/src/laserMapping.cpp:62:10:[m[K [01;31m[Kfatal error: [m[Klivox_ros2_driver/msg/custom_msg.hpp: æ²¡æœ‰é‚£ä¸ªæ–‡ä»¶æˆ–ç›®å½•
   62 | #include [01;31m[K<livox_ros2_driver/msg/custom_msg.hpp>[m[K
      |          [01;31m[K^~~~~~~~~~~~~~~~~~~~~~~~~~~~~~~~~~~~~~[m[K
compilation terminated.
gmake[2]: *** [CMakeFiles/fastlio_mapping.dir/build.make:76ï¼šCMakeFiles/fastlio_mapping.dir/src/laserMapping.cpp.o] é”™è¯¯ 1
gmake[1]: *** [CMakeFiles/Makefile2:593ï¼šCMakeFiles/fastlio_mapping.dir/all] é”™è¯¯ 2
gmake: *** [Makefile:146ï¼šall] é”™è¯¯ 2
