[0.013s] Invoking command in '/home/lx/ros/service_ws/build/client': CMAKE_PREFIX_PATH=${CMAKE_PREFIX_PATH}:/opt/ros/humble /usr/bin/cmake --build /home/lx/ros/service_ws/build/client -- -j12 -l12
[0.028s] -- Found ament_cmake: 1.3.5 (/opt/ros/humble/share/ament_cmake/cmake)
[0.131s] -- Found rclcpp: 16.0.4 (/opt/ros/humble/share/rclcpp/cmake)
[0.153s] -- Found rosidl_generator_c: 3.1.4 (/opt/ros/humble/share/rosidl_generator_c/cmake)
[0.155s] -- Found rosidl_adapter: 3.1.4 (/opt/ros/humble/share/rosidl_adapter/cmake)
[0.159s] -- Found rosidl_generator_cpp: 3.1.4 (/opt/ros/humble/share/rosidl_generator_cpp/cmake)
[0.168s] -- Using all available rosidl_typesupport_c: rosidl_typesupport_fastrtps_c;rosidl_typesupport_introspection_c
[0.180s] -- Using all available rosidl_typesupport_cpp: rosidl_typesupport_fastrtps_cpp;rosidl_typesupport_introspection_cpp
[0.228s] -- Found rmw_implementation_cmake: 6.1.1 (/opt/ros/humble/share/rmw_implementation_cmake/cmake)
[0.229s] -- Found rmw_fastrtps_cpp: 6.2.2 (/opt/ros/humble/share/rmw_fastrtps_cpp/cmake)
[0.311s] -- Using RMW implementation 'rmw_fastrtps_cpp' as default
[0.454s] -- Found ament_lint_auto: 0.12.6 (/opt/ros/humble/share/ament_lint_auto/cmake)
[0.506s] -- Added test 'cppcheck' to perform static code analysis on C / C++ code
[0.506s] -- Configured cppcheck include dirs: 
[0.506s] -- Configured cppcheck exclude dirs and/or files: 
[0.506s] -- Added test 'lint_cmake' to check CMake code style
[0.507s] -- Added test 'uncrustify' to check C / C++ code style
[0.507s] -- Configured uncrustify additional arguments: 
[0.507s] -- Added test 'xmllint' to check XML markup files
[0.509s] -- Configuring done
[0.517s] -- Generating done
[0.518s] -- Build files have been written to: /home/lx/ros/service_ws/build/client
[0.541s] [ 50%] [32mBuilding CXX object CMakeFiles/client.dir/src/client_1.cpp.o[0m
[2.564s] [100%] [32m[1mLinking CXX executable client[0m
[2.635s] [100%] Built target client
[2.642s] Invoked command in '/home/lx/ros/service_ws/build/client' returned '0': CMAKE_PREFIX_PATH=${CMAKE_PREFIX_PATH}:/opt/ros/humble /usr/bin/cmake --build /home/lx/ros/service_ws/build/client -- -j12 -l12
[2.656s] Invoking command in '/home/lx/ros/service_ws/build/client': CMAKE_PREFIX_PATH=${CMAKE_PREFIX_PATH}:/opt/ros/humble /usr/bin/cmake --install /home/lx/ros/service_ws/build/client
[2.660s] -- Install configuration: ""
[2.660s] -- Installing: /home/lx/ros/service_ws/install/client/share/ament_index/resource_index/package_run_dependencies/client
[2.660s] -- Up-to-date: /home/lx/ros/service_ws/install/client/share/ament_index/resource_index/parent_prefix_path/client
[2.660s] -- Up-to-date: /home/lx/ros/service_ws/install/client/share/client/environment/ament_prefix_path.sh
[2.661s] -- Installing: /home/lx/ros/service_ws/install/client/share/client/environment/ament_prefix_path.dsv
[2.661s] -- Up-to-date: /home/lx/ros/service_ws/install/client/share/client/environment/path.sh
[2.661s] -- Installing: /home/lx/ros/service_ws/install/client/share/client/environment/path.dsv
[2.661s] -- Up-to-date: /home/lx/ros/service_ws/install/client/share/client/local_setup.bash
[2.661s] -- Up-to-date: /home/lx/ros/service_ws/install/client/share/client/local_setup.sh
[2.661s] -- Up-to-date: /home/lx/ros/service_ws/install/client/share/client/local_setup.zsh
[2.661s] -- Installing: /home/lx/ros/service_ws/install/client/share/client/local_setup.dsv
[2.661s] -- Installing: /home/lx/ros/service_ws/install/client/share/client/package.dsv
[2.661s] -- Up-to-date: /home/lx/ros/service_ws/install/client/share/ament_index/resource_index/packages/client
[2.661s] -- Up-to-date: /home/lx/ros/service_ws/install/client/share/client/cmake/clientConfig.cmake
[2.661s] -- Up-to-date: /home/lx/ros/service_ws/install/client/share/client/cmake/clientConfig-version.cmake
[2.661s] -- Installing: /home/lx/ros/service_ws/install/client/share/client/package.xml
[2.661s] -- Installing: /home/lx/ros/service_ws/install/client/lib/client/client
[2.661s] -- Set runtime path of "/home/lx/ros/service_ws/install/client/lib/client/client" to ""
[2.664s] Invoked command in '/home/lx/ros/service_ws/build/client' returned '0': CMAKE_PREFIX_PATH=${CMAKE_PREFIX_PATH}:/opt/ros/humble /usr/bin/cmake --install /home/lx/ros/service_ws/build/client
