In file included from [01m[K/home/lx/ros2/xiao_ying/src/icp_localization_ros2/include/icp_localization_ros2/common/time.hpp:9[m[K,
                 from [01m[K/home/lx/ros2/xiao_ying/src/icp_localization_ros2/src/common/time.cpp:7[m[K:
[01m[K/home/lx/ros2/xiao_ying/src/icp_localization_ros2/include/icp_localization_ros2/common/typedefs.hpp:9:10:[m[K [01;31m[Kfatal error: [m[Kpointmatcher/PointMatcher.h: æ²¡æœ‰é‚£ä¸ªæ–‡ä»¶æˆ–ç›®å½•
    9 | #include [01;31m[K"pointmatcher/PointMatcher.h"[m[K
      |          [01;31m[K^~~~~~~~~~~~~~~~~~~~~~~~~~~~~[m[K
compilation terminated.
In file included from [01m[K/home/lx/ros2/xiao_ying/src/icp_localization_ros2/include/icp_localization_ros2/common/time.hpp:9[m[K,
                 from [01m[K/home/lx/ros2/xiao_ying/src/icp_localization_ros2/include/icp_localization_ros2/common/math.hpp:9[m[K,
                 from [01m[K/home/lx/ros2/xiao_ying/src/icp_localization_ros2/src/common/math.cpp:8[m[K:
[01m[K/home/lx/ros2/xiao_ying/src/icp_localization_ros2/include/icp_localization_ros2/common/typedefs.hpp:9:10:[m[K [01;31m[Kfatal error: [m[Kpointmatcher/PointMatcher.h: æ²¡æœ‰é‚£ä¸ªæ–‡ä»¶æˆ–ç›®å½•
    9 | #include [01;31m[K"pointmatcher/PointMatcher.h"[m[K
      |          [01;31m[K^~~~~~~~~~~~~~~~~~~~~~~~~~~~~[m[K
compilation terminated.
gmake[2]: *** [CMakeFiles/icp_localization.dir/build.make:104ï¼šCMakeFiles/icp_localization.dir/src/common/math.cpp.o] é”™è¯¯ 1
gmake[2]: *** æ­£åœ¨ç­‰å¾…æœªå®Œæˆçš„ä»»åŠ¡....
gmake[2]: *** [CMakeFiles/icp_localization.dir/build.make:118ï¼šCMakeFiles/icp_localization.dir/src/common/time.cpp.o] é”™è¯¯ 1
In file included from [01m[K/home/lx/ros2/xiao_ying/src/icp_localization_ros2/include/icp_localization_ros2/helpers.hpp:10[m[K,
                 from [01m[K/home/lx/ros2/xiao_ying/src/icp_localization_ros2/src/helpers.cpp:8[m[K:
[01m[K/home/lx/ros2/xiao_ying/src/icp_localization_ros2/include/icp_localization_ros2/common/typedefs.hpp:9:10:[m[K [01;31m[Kfatal error: [m[Kpointmatcher/PointMatcher.h: æ²¡æœ‰é‚£ä¸ªæ–‡ä»¶æˆ–ç›®å½•
    9 | #include [01;31m[K"pointmatcher/PointMatcher.h"[m[K
      |          [01;31m[K^~~~~~~~~~~~~~~~~~~~~~~~~~~~~[m[K
compilation terminated.
gmake[2]: *** [CMakeFiles/icp_localization.dir/build.make:132ï¼šCMakeFiles/icp_localization.dir/src/helpers.cpp.o] é”™è¯¯ 1
In file included from [01m[K/home/lx/ros2/xiao_ying/src/icp_localization_ros2/include/icp_localization_ros2/common/time.hpp:9[m[K,
                 from [01m[K/home/lx/ros2/xiao_ying/src/icp_localization_ros2/include/icp_localization_ros2/transform/RigidTransform.hpp:26[m[K,
                 from [01m[K/home/lx/ros2/xiao_ying/src/icp_localization_ros2/include/icp_localization_ros2/transform/FrameTracker.hpp:16[m[K,
                 from [01m[K/home/lx/ros2/xiao_ying/src/icp_localization_ros2/src/transform/FrameTracker.cpp:8[m[K:
[01m[K/home/lx/ros2/xiao_ying/src/icp_localization_ros2/include/icp_localization_ros2/common/typedefs.hpp:9:10:[m[K [01;31m[Kfatal error: [m[Kpointmatcher/PointMatcher.h: æ²¡æœ‰é‚£ä¸ªæ–‡ä»¶æˆ–ç›®å½•
    9 | #include [01;31m[K"pointmatcher/PointMatcher.h"[m[K
      |          [01;31m[K^~~~~~~~~~~~~~~~~~~~~~~~~~~~~[m[K
compilation terminated.
gmake[2]: *** [CMakeFiles/icp_localization.dir/build.make:160ï¼šCMakeFiles/icp_localization.dir/src/transform/FrameTracker.cpp.o] é”™è¯¯ 1
In file included from [01m[K/home/lx/ros2/xiao_ying/src/icp_localization_ros2/src/ICPlocalization.cpp:7[m[K:
[01m[K/home/lx/ros2/xiao_ying/src/icp_localization_ros2/include/icp_localization_ros2/ICPlocalization.hpp:13:10:[m[K [01;31m[Kfatal error: [m[Kpointmatcher/PointMatcher.h: æ²¡æœ‰é‚£ä¸ªæ–‡ä»¶æˆ–ç›®å½•
   13 | #include [01;31m[K"pointmatcher/PointMatcher.h"[m[K
      |          [01;31m[K^~~~~~~~~~~~~~~~~~~~~~~~~~~~~[m[K
compilation terminated.
gmake[2]: *** [CMakeFiles/icp_localization.dir/build.make:76ï¼šCMakeFiles/icp_localization.dir/src/ICPlocalization.cpp.o] é”™è¯¯ 1
In file included from [01m[K/home/lx/ros2/xiao_ying/src/icp_localization_ros2/include/icp_localization_ros2/common/time.hpp:9[m[K,
                 from [01m[K/home/lx/ros2/xiao_ying/src/icp_localization_ros2/include/icp_localization_ros2/RangeDataAccumulator.hpp:11[m[K,
                 from [01m[K/home/lx/ros2/xiao_ying/src/icp_localization_ros2/src/RangeDataAccumulator.cpp:8[m[K:
[01m[K/home/lx/ros2/xiao_ying/src/icp_localization_ros2/include/icp_localization_ros2/common/typedefs.hpp:9:10:[m[K [01;31m[Kfatal error: [m[Kpointmatcher/PointMatcher.h: æ²¡æœ‰é‚£ä¸ªæ–‡ä»¶æˆ–ç›®å½•
    9 | #include [01;31m[K"pointmatcher/PointMatcher.h"[m[K
      |          [01;31m[K^~~~~~~~~~~~~~~~~~~~~~~~~~~~~[m[K
compilation terminated.
gmake[2]: *** [CMakeFiles/icp_localization.dir/build.make:90ï¼šCMakeFiles/icp_localization.dir/src/RangeDataAccumulator.cpp.o] é”™è¯¯ 1
In file included from [01m[K/home/lx/ros2/xiao_ying/src/icp_localization_ros2/src/localizer_node.cpp:7[m[K:
[01m[K/home/lx/ros2/xiao_ying/src/icp_localization_ros2/include/icp_localization_ros2/ICPlocalization.hpp:13:10:[m[K [01;31m[Kfatal error: [m[Kpointmatcher/PointMatcher.h: æ²¡æœ‰é‚£ä¸ªæ–‡ä»¶æˆ–ç›®å½•
   13 | #include [01;31m[K"pointmatcher/PointMatcher.h"[m[K
      |          [01;31m[K^~~~~~~~~~~~~~~~~~~~~~~~~~~~~[m[K
compilation terminated.
gmake[2]: *** [CMakeFiles/icp_localization.dir/build.make:146ï¼šCMakeFiles/icp_localization.dir/src/localizer_node.cpp.o] é”™è¯¯ 1
gmake[1]: *** [CMakeFiles/Makefile2:137ï¼šCMakeFiles/icp_localization.dir/all] é”™è¯¯ 2
gmake: *** [Makefile:146ï¼šall] é”™è¯¯ 2
