[0.283s] Invoking command in '/home/lx/ros2/xiao_ying/build/icp_localization_ros2': CMAKE_PREFIX_PATH=${CMAKE_PREFIX_PATH}:/opt/ros/humble /usr/bin/cmake /home/lx/ros2/xiao_ying/src/icp_localization_ros2 -DCMAKE_INSTALL_PREFIX=/home/lx/ros2/xiao_ying/install/icp_localization_ros2
[0.350s] -- The C compiler identification is GNU 11.4.0
[0.402s] -- The CXX compiler identification is GNU 11.4.0
[0.410s] -- Detecting C compiler ABI info
[0.475s] -- Detecting C compiler ABI info - done
[0.486s] -- Check for working C compiler: /usr/bin/cc - skipped
[0.487s] -- Detecting C compile features
[0.487s] -- Detecting C compile features - done
[0.490s] -- Detecting CXX compiler ABI info
[0.563s] -- Detecting CXX compiler ABI info - done
[0.572s] -- Check for working CXX compiler: /usr/bin/c++ - skipped
[0.573s] -- Detecting CXX compile features
[0.573s] -- Detecting CXX compile features - done
[0.576s] -- Found ament_cmake_auto: 1.3.5 (/opt/ros/humble/share/ament_cmake_auto/cmake)
[0.876s] -- Found Python3: /usr/bin/python3.10 (found version "3.10.12") found components: Interpreter 
[1.215s] -- Found rosidl_generator_c: 3.1.5 (/opt/ros/humble/share/rosidl_generator_c/cmake)
[1.219s] -- Found rosidl_adapter: 3.1.5 (/opt/ros/humble/share/rosidl_adapter/cmake)
[1.226s] -- Found rosidl_generator_cpp: 3.1.5 (/opt/ros/humble/share/rosidl_generator_cpp/cmake)
[1.237s] -- Using all available rosidl_typesupport_c: rosidl_typesupport_fastrtps_c;rosidl_typesupport_introspection_c
[1.254s] -- Using all available rosidl_typesupport_cpp: rosidl_typesupport_fastrtps_cpp;rosidl_typesupport_introspection_cpp
[1.315s] -- Found rmw_implementation_cmake: 6.1.1 (/opt/ros/humble/share/rmw_implementation_cmake/cmake)
[1.317s] -- Found rmw_fastrtps_cpp: 6.2.4 (/opt/ros/humble/share/rmw_fastrtps_cpp/cmake)
[1.450s] -- Found OpenSSL: /usr/lib/x86_64-linux-gnu/libcrypto.so (found version "3.0.2")  
[1.485s] -- Found FastRTPS: /opt/ros/humble/include  
[1.530s] -- Using RMW implementation 'rmw_fastrtps_cpp' as default
[1.539s] -- Looking for pthread.h
[1.603s] -- Looking for pthread.h - found
[1.603s] -- Performing Test CMAKE_HAVE_LIBC_PTHREAD
[1.689s] -- Performing Test CMAKE_HAVE_LIBC_PTHREAD - Success
[1.691s] -- Found Threads: TRUE  
[2.458s] -- Found eigen3_cmake_module: 0.1.1 (/opt/ros/humble/share/eigen3_cmake_module/cmake)
[2.459s] -- Found Eigen3: TRUE (found version "3.4.0") 
[2.460s] -- Ensuring Eigen3 include directory is part of orocos-kdl CMake target
[2.890s] -- Checking for module 'eigen3'
[2.906s] --   Found eigen3, version 3.4.0
[2.946s] -- Found Eigen: /usr/include/eigen3 (Required is at least version "3.1") 
[2.947s] -- Eigen found (include: /usr/include/eigen3, version: 3.4.0)
[2.989s] -- Checking for module 'flann'
[3.003s] --   Found flann, version 1.9.1
[3.039s] -- Found FLANN: /usr/lib/x86_64-linux-gnu/libflann_cpp.so  
[3.039s] -- FLANN found (include: /usr/include, lib: /usr/lib/x86_64-linux-gnu/libflann_cpp.so)
[4.188s] -- Checking for module 'libusb-1.0'
[4.210s] --   Found libusb-1.0, version 1.0.25
[4.259s] -- Found libusb: /usr/lib/x86_64-linux-gnu/libusb-1.0.so  
[4.261s] -- OpenNI found (version: 1.5.4.0, include: /usr/include/ni, lib: /usr/lib/libOpenNI.so;libusb::libusb)
[4.333s] -- OpenNI2 found (version: 2.2.0.33, include: /usr/include/openni2, lib: /usr/lib/x86_64-linux-gnu/libOpenNI2.so;libusb::libusb)
[4.561s] -- Eigen found (include: /usr/include/eigen3, version: 3.4.0)
[4.572s] -- OpenNI found (version: 1.5.4.0, include: /usr/include/ni, lib: /usr/lib/libOpenNI.so;libusb::libusb)
[4.583s] -- OpenNI2 found (version: 2.2.0.33, include: /usr/include/openni2, lib: /usr/lib/x86_64-linux-gnu/libOpenNI2.so;libusb::libusb)
[4.855s] -- Found Qhull version 8.0.2
[5.148s] -- OpenNI found (version: 1.5.4.0, include: /usr/include/ni, lib: /usr/lib/libOpenNI.so;libusb::libusb)
[5.398s] -- Found PCL_COMMON: /usr/lib/x86_64-linux-gnu/libpcl_common.so  
[5.399s] -- Found PCL_KDTREE: /usr/lib/x86_64-linux-gnu/libpcl_kdtree.so  
[5.400s] -- Found PCL_OCTREE: /usr/lib/x86_64-linux-gnu/libpcl_octree.so  
[5.401s] -- Found PCL_SEARCH: /usr/lib/x86_64-linux-gnu/libpcl_search.so  
[5.403s] -- Found PCL_SAMPLE_CONSENSUS: /usr/lib/x86_64-linux-gnu/libpcl_sample_consensus.so  
[5.404s] -- Found PCL_FILTERS: /usr/lib/x86_64-linux-gnu/libpcl_filters.so  
[5.404s] -- Found PCL_2D: /usr/include/pcl-1.12  
[5.404s] -- Found PCL_GEOMETRY: /usr/include/pcl-1.12  
[5.405s] -- Found PCL_IO: /usr/lib/x86_64-linux-gnu/libpcl_io.so  
[5.406s] -- Found PCL_FEATURES: /usr/lib/x86_64-linux-gnu/libpcl_features.so  
[5.407s] -- Found PCL_ML: /usr/lib/x86_64-linux-gnu/libpcl_ml.so  
[5.408s] -- Found PCL_SEGMENTATION: /usr/lib/x86_64-linux-gnu/libpcl_segmentation.so  
[5.409s] -- Found PCL_VISUALIZATION: /usr/lib/x86_64-linux-gnu/libpcl_visualization.so  
[5.410s] -- Found PCL_SURFACE: /usr/lib/x86_64-linux-gnu/libpcl_surface.so  
[5.411s] -- Found PCL_REGISTRATION: /usr/lib/x86_64-linux-gnu/libpcl_registration.so  
[5.412s] -- Found PCL_KEYPOINTS: /usr/lib/x86_64-linux-gnu/libpcl_keypoints.so  
[5.412s] -- Found PCL_TRACKING: /usr/lib/x86_64-linux-gnu/libpcl_tracking.so  
[5.413s] -- Found PCL_RECOGNITION: /usr/lib/x86_64-linux-gnu/libpcl_recognition.so  
[5.414s] -- Found PCL_STEREO: /usr/lib/x86_64-linux-gnu/libpcl_stereo.so  
[5.415s] -- Found PCL_APPS: /usr/lib/x86_64-linux-gnu/libpcl_apps.so  
[5.416s] -- Found PCL_IN_HAND_SCANNER: /usr/include/pcl-1.12  
[5.416s] -- Found PCL_MODELER: /usr/include/pcl-1.12  
[5.417s] -- Found PCL_POINT_CLOUD_EDITOR: /usr/include/pcl-1.12  
[5.418s] -- Found PCL_OUTOFCORE: /usr/lib/x86_64-linux-gnu/libpcl_outofcore.so  
[5.419s] -- Found PCL_PEOPLE: /usr/lib/x86_64-linux-gnu/libpcl_people.so  
[5.975s] -- Found ament_lint_auto: 0.12.8 (/opt/ros/humble/share/ament_lint_auto/cmake)
[6.001s] -- Added test 'cppcheck' to perform static code analysis on C / C++ code
[6.001s] -- Configured cppcheck include dirs: /home/lx/ros2/xiao_ying/src/icp_localization_ros2/include
[6.002s] -- Configured cppcheck exclude dirs and/or files: 
[6.003s] -- Added test 'flake8' to check Python code syntax and style conventions
[6.013s] -- Added test 'lint_cmake' to check CMake code style
[6.015s] -- Added test 'pep257' to check Python code against some of the docstring style conventions in PEP 257
[6.018s] -- Added test 'uncrustify' to check C / C++ code style
[6.018s] -- Configured uncrustify additional arguments: 
[6.019s] -- Added test 'xmllint' to check XML markup files
[6.022s] -- Configuring done
[6.077s] -- Generating done
[6.082s] -- Build files have been written to: /home/lx/ros2/xiao_ying/build/icp_localization_ros2
[6.126s] Invoked command in '/home/lx/ros2/xiao_ying/build/icp_localization_ros2' returned '0': CMAKE_PREFIX_PATH=${CMAKE_PREFIX_PATH}:/opt/ros/humble /usr/bin/cmake /home/lx/ros2/xiao_ying/src/icp_localization_ros2 -DCMAKE_INSTALL_PREFIX=/home/lx/ros2/xiao_ying/install/icp_localization_ros2
[6.128s] Invoking command in '/home/lx/ros2/xiao_ying/build/icp_localization_ros2': CMAKE_PREFIX_PATH=${CMAKE_PREFIX_PATH}:/opt/ros/humble /usr/bin/cmake --build /home/lx/ros2/xiao_ying/build/icp_localization_ros2 -- -j12 -l12
[6.220s] [  5%] [32mBuilding CXX object CMakeFiles/icp_localization.dir/src/RangeDataAccumulator.cpp.o[0m
[6.220s] [ 11%] [32mBuilding CXX object CMakeFiles/icp_localization.dir/src/ICPlocalization.cpp.o[0m
[6.220s] [ 17%] [32mBuilding CXX object CMakeFiles/icp_localization.dir/src/common/time.cpp.o[0m
[6.221s] [ 23%] [32mBuilding CXX object CMakeFiles/icp_localization.dir/src/common/math.cpp.o[0m
[6.249s] [ 29%] [32mBuilding CXX object CMakeFiles/icp_localization.dir/src/helpers.cpp.o[0m
[6.251s] [ 35%] [32mBuilding CXX object CMakeFiles/icp_localization.dir/src/localizer_node.cpp.o[0m
[6.266s] In file included from [01m[K/home/lx/ros2/xiao_ying/src/icp_localization_ros2/include/icp_localization_ros2/common/time.hpp:9[m[K,
[6.266s]                  from [01m[K/home/lx/ros2/xiao_ying/src/icp_localization_ros2/src/common/time.cpp:7[m[K:
[6.266s] [01m[K/home/lx/ros2/xiao_ying/src/icp_localization_ros2/include/icp_localization_ros2/common/typedefs.hpp:9:10:[m[K [01;31m[Kfatal error: [m[Kpointmatcher/PointMatcher.h: 没有那个文件或目录
[6.266s]     9 | #include [01;31m[K"pointmatcher/PointMatcher.h"[m[K
[6.266s]       |          [01;31m[K^~~~~~~~~~~~~~~~~~~~~~~~~~~~~[m[K
[6.266s] compilation terminated.
[6.270s] In file included from [01m[K/home/lx/ros2/xiao_ying/src/icp_localization_ros2/include/icp_localization_ros2/common/time.hpp:9[m[K,
[6.270s]                  from [01m[K/home/lx/ros2/xiao_ying/src/icp_localization_ros2/include/icp_localization_ros2/common/math.hpp:9[m[K,
[6.270s]                  from [01m[K/home/lx/ros2/xiao_ying/src/icp_localization_ros2/src/common/math.cpp:8[m[K:
[6.274s] [01m[K/home/lx/ros2/xiao_ying/src/icp_localization_ros2/include/icp_localization_ros2/common/typedefs.hpp:9:10:[m[K [01;31m[Kfatal error: [m[Kpointmatcher/PointMatcher.h: 没有那个文件或目录
[6.274s]     9 | #include [01;31m[K"pointmatcher/PointMatcher.h"[m[K
[6.274s]       |          [01;31m[K^~~~~~~~~~~~~~~~~~~~~~~~~~~~~[m[K
[6.274s] compilation terminated.
[6.290s] [ 41%] [32mBuilding CXX object CMakeFiles/icp_localization.dir/src/transform/FrameTracker.cpp.o[0m
[6.291s] gmake[2]: *** [CMakeFiles/icp_localization.dir/build.make:104：CMakeFiles/icp_localization.dir/src/common/math.cpp.o] 错误 1
[6.291s] gmake[2]: *** 正在等待未完成的任务....
[6.291s] gmake[2]: *** [CMakeFiles/icp_localization.dir/build.make:118：CMakeFiles/icp_localization.dir/src/common/time.cpp.o] 错误 1
[6.294s] In file included from [01m[K/home/lx/ros2/xiao_ying/src/icp_localization_ros2/include/icp_localization_ros2/helpers.hpp:10[m[K,
[6.294s]                  from [01m[K/home/lx/ros2/xiao_ying/src/icp_localization_ros2/src/helpers.cpp:8[m[K:
[6.294s] [01m[K/home/lx/ros2/xiao_ying/src/icp_localization_ros2/include/icp_localization_ros2/common/typedefs.hpp:9:10:[m[K [01;31m[Kfatal error: [m[Kpointmatcher/PointMatcher.h: 没有那个文件或目录
[6.294s]     9 | #include [01;31m[K"pointmatcher/PointMatcher.h"[m[K
[6.295s]       |          [01;31m[K^~~~~~~~~~~~~~~~~~~~~~~~~~~~~[m[K
[6.295s] compilation terminated.
[6.295s] gmake[2]: *** [CMakeFiles/icp_localization.dir/build.make:132：CMakeFiles/icp_localization.dir/src/helpers.cpp.o] 错误 1
[6.691s] In file included from [01m[K/home/lx/ros2/xiao_ying/src/icp_localization_ros2/include/icp_localization_ros2/common/time.hpp:9[m[K,
[6.691s]                  from [01m[K/home/lx/ros2/xiao_ying/src/icp_localization_ros2/include/icp_localization_ros2/transform/RigidTransform.hpp:26[m[K,
[6.691s]                  from [01m[K/home/lx/ros2/xiao_ying/src/icp_localization_ros2/include/icp_localization_ros2/transform/FrameTracker.hpp:16[m[K,
[6.692s]                  from [01m[K/home/lx/ros2/xiao_ying/src/icp_localization_ros2/src/transform/FrameTracker.cpp:8[m[K:
[6.692s] [01m[K/home/lx/ros2/xiao_ying/src/icp_localization_ros2/include/icp_localization_ros2/common/typedefs.hpp:9:10:[m[K [01;31m[Kfatal error: [m[Kpointmatcher/PointMatcher.h: 没有那个文件或目录
[6.692s]     9 | #include [01;31m[K"pointmatcher/PointMatcher.h"[m[K
[6.692s]       |          [01;31m[K^~~~~~~~~~~~~~~~~~~~~~~~~~~~~[m[K
[6.692s] compilation terminated.
[6.698s] gmake[2]: *** [CMakeFiles/icp_localization.dir/build.make:160：CMakeFiles/icp_localization.dir/src/transform/FrameTracker.cpp.o] 错误 1
[6.714s] In file included from [01m[K/home/lx/ros2/xiao_ying/src/icp_localization_ros2/src/ICPlocalization.cpp:7[m[K:
[6.714s] [01m[K/home/lx/ros2/xiao_ying/src/icp_localization_ros2/include/icp_localization_ros2/ICPlocalization.hpp:13:10:[m[K [01;31m[Kfatal error: [m[Kpointmatcher/PointMatcher.h: 没有那个文件或目录
[6.714s]    13 | #include [01;31m[K"pointmatcher/PointMatcher.h"[m[K
[6.714s]       |          [01;31m[K^~~~~~~~~~~~~~~~~~~~~~~~~~~~~[m[K
[6.714s] compilation terminated.
[6.717s] gmake[2]: *** [CMakeFiles/icp_localization.dir/build.make:76：CMakeFiles/icp_localization.dir/src/ICPlocalization.cpp.o] 错误 1
[6.738s] In file included from [01m[K/home/lx/ros2/xiao_ying/src/icp_localization_ros2/include/icp_localization_ros2/common/time.hpp:9[m[K,
[6.738s]                  from [01m[K/home/lx/ros2/xiao_ying/src/icp_localization_ros2/include/icp_localization_ros2/RangeDataAccumulator.hpp:11[m[K,
[6.738s]                  from [01m[K/home/lx/ros2/xiao_ying/src/icp_localization_ros2/src/RangeDataAccumulator.cpp:8[m[K:
[6.739s] [01m[K/home/lx/ros2/xiao_ying/src/icp_localization_ros2/include/icp_localization_ros2/common/typedefs.hpp:9:10:[m[K [01;31m[Kfatal error: [m[Kpointmatcher/PointMatcher.h: 没有那个文件或目录
[6.739s]     9 | #include [01;31m[K"pointmatcher/PointMatcher.h"[m[K
[6.739s]       |          [01;31m[K^~~~~~~~~~~~~~~~~~~~~~~~~~~~~[m[K
[6.739s] compilation terminated.
[6.772s] gmake[2]: *** [CMakeFiles/icp_localization.dir/build.make:90：CMakeFiles/icp_localization.dir/src/RangeDataAccumulator.cpp.o] 错误 1
[6.818s] In file included from [01m[K/home/lx/ros2/xiao_ying/src/icp_localization_ros2/src/localizer_node.cpp:7[m[K:
[6.818s] [01m[K/home/lx/ros2/xiao_ying/src/icp_localization_ros2/include/icp_localization_ros2/ICPlocalization.hpp:13:10:[m[K [01;31m[Kfatal error: [m[Kpointmatcher/PointMatcher.h: 没有那个文件或目录
[6.818s]    13 | #include [01;31m[K"pointmatcher/PointMatcher.h"[m[K
[6.818s]       |          [01;31m[K^~~~~~~~~~~~~~~~~~~~~~~~~~~~~[m[K
[6.818s] compilation terminated.
[6.824s] gmake[2]: *** [CMakeFiles/icp_localization.dir/build.make:146：CMakeFiles/icp_localization.dir/src/localizer_node.cpp.o] 错误 1
[6.826s] gmake[1]: *** [CMakeFiles/Makefile2:137：CMakeFiles/icp_localization.dir/all] 错误 2
[6.828s] gmake: *** [Makefile:146：all] 错误 2
[6.834s] Invoked command in '/home/lx/ros2/xiao_ying/build/icp_localization_ros2' returned '2': CMAKE_PREFIX_PATH=${CMAKE_PREFIX_PATH}:/opt/ros/humble /usr/bin/cmake --build /home/lx/ros2/xiao_ying/build/icp_localization_ros2 -- -j12 -l12
