[0.034s] Invoking command in '/home/johan/ws_fast/build/fast_lio': CMAKE_PREFIX_PATH=/home/johan/ws_fast/install/livox_ros_driver2:/home/johan/ws_fast/install/pointcloud_to_laserscan:/home/johan/ws_fast/install/fast_lio:/opt/ros/humble LD_LIBRARY_PATH=/home/johan/ws_fast/install/livox_ros_driver2/lib:/home/johan/ws_fast/install/pointcloud_to_laserscan/lib:/home/johan/ws_fast/install/fast_lio/lib:/opt/ros/humble/opt/rviz_ogre_vendor/lib:/opt/ros/humble/lib/x86_64-linux-gnu:/opt/ros/humble/lib:/usr/local/lib /usr/bin/cmake --build /home/johan/ws_fast/build/fast_lio -- -j16 -l16
[0.070s] [  8%] Built target fast_lio__rosidl_generator_c
[0.071s] [ 11%] Built target fast_lio__cpp
[0.075s] [ 11%] Built target ament_cmake_python_copy_fast_lio
[0.083s] [ 20%] Built target fast_lio__rosidl_typesupport_fastrtps_c
[0.088s] [ 28%] Built target fast_lio__rosidl_typesupport_introspection_c
[0.088s] [ 37%] Built target fast_lio__rosidl_typesupport_c
[0.088s] [ 45%] Built target fast_lio__rosidl_typesupport_cpp
[0.088s] [ 54%] Built target fast_lio__rosidl_typesupport_introspection_cpp
[0.093s] [ 62%] Built target fast_lio__rosidl_typesupport_fastrtps_cpp
[0.105s] [ 62%] Built target fast_lio
[0.116s] [ 74%] Built target fastlio_mapping
[0.119s] [ 77%] Built target fast_lio__py
[0.133s] [ 82%] Built target fast_lio__rosidl_generator_py
[0.147s] [ 88%] Built target fast_lio__rosidl_typesupport_introspection_c__pyext
[0.147s] [100%] Built target fast_lio__rosidl_typesupport_c__pyext
[0.147s] [100%] Built target fast_lio__rosidl_typesupport_fastrtps_c__pyext
[0.212s] running egg_info
[0.213s] writing fast_lio.egg-info/PKG-INFO
[0.213s] writing dependency_links to fast_lio.egg-info/dependency_links.txt
[0.213s] writing top-level names to fast_lio.egg-info/top_level.txt
[0.214s] reading manifest file 'fast_lio.egg-info/SOURCES.txt'
[0.215s] writing manifest file 'fast_lio.egg-info/SOURCES.txt'
[0.231s] [100%] Built target ament_cmake_python_build_fast_lio_egg
[0.240s] Invoked command in '/home/johan/ws_fast/build/fast_lio' returned '0': CMAKE_PREFIX_PATH=/home/johan/ws_fast/install/livox_ros_driver2:/home/johan/ws_fast/install/pointcloud_to_laserscan:/home/johan/ws_fast/install/fast_lio:/opt/ros/humble LD_LIBRARY_PATH=/home/johan/ws_fast/install/livox_ros_driver2/lib:/home/johan/ws_fast/install/pointcloud_to_laserscan/lib:/home/johan/ws_fast/install/fast_lio/lib:/opt/ros/humble/opt/rviz_ogre_vendor/lib:/opt/ros/humble/lib/x86_64-linux-gnu:/opt/ros/humble/lib:/usr/local/lib /usr/bin/cmake --build /home/johan/ws_fast/build/fast_lio -- -j16 -l16
[0.283s] Invoking command in '/home/johan/ws_fast/build/fast_lio': CMAKE_PREFIX_PATH=/home/johan/ws_fast/install/livox_ros_driver2:/home/johan/ws_fast/install/pointcloud_to_laserscan:/home/johan/ws_fast/install/fast_lio:/opt/ros/humble LD_LIBRARY_PATH=/home/johan/ws_fast/install/livox_ros_driver2/lib:/home/johan/ws_fast/install/pointcloud_to_laserscan/lib:/home/johan/ws_fast/install/fast_lio/lib:/opt/ros/humble/opt/rviz_ogre_vendor/lib:/opt/ros/humble/lib/x86_64-linux-gnu:/opt/ros/humble/lib:/usr/local/lib /usr/bin/cmake --install /home/johan/ws_fast/build/fast_lio
[0.288s] -- Install configuration: "Release"
[0.289s] -- Up-to-date: /home/johan/ws_fast/install/fast_lio/share/ament_index/resource_index/rosidl_interfaces/fast_lio
[0.289s] -- Up-to-date: /home/johan/ws_fast/install/fast_lio/include/fast_lio/fast_lio
[0.289s] -- Up-to-date: /home/johan/ws_fast/install/fast_lio/include/fast_lio/fast_lio/msg
[0.289s] -- Up-to-date: /home/johan/ws_fast/install/fast_lio/include/fast_lio/fast_lio/msg/detail
[0.289s] -- Up-to-date: /home/johan/ws_fast/install/fast_lio/include/fast_lio/fast_lio/msg/detail/pose6_d__functions.h
[0.289s] -- Up-to-date: /home/johan/ws_fast/install/fast_lio/include/fast_lio/fast_lio/msg/detail/pose6_d__functions.c
[0.289s] -- Up-to-date: /home/johan/ws_fast/install/fast_lio/include/fast_lio/fast_lio/msg/detail/pose6_d__struct.h
[0.289s] -- Up-to-date: /home/johan/ws_fast/install/fast_lio/include/fast_lio/fast_lio/msg/detail/pose6_d__type_support.h
[0.290s] -- Up-to-date: /home/johan/ws_fast/install/fast_lio/include/fast_lio/fast_lio/msg/rosidl_generator_c__visibility_control.h
[0.290s] -- Up-to-date: /home/johan/ws_fast/install/fast_lio/include/fast_lio/fast_lio/msg/pose6_d.h
[0.290s] -- Up-to-date: /home/johan/ws_fast/install/fast_lio/share/fast_lio/environment/library_path.sh
[0.290s] -- Up-to-date: /home/johan/ws_fast/install/fast_lio/share/fast_lio/environment/library_path.dsv
[0.290s] -- Up-to-date: /home/johan/ws_fast/install/fast_lio/lib/libfast_lio__rosidl_generator_c.so
[0.290s] -- Up-to-date: /home/johan/ws_fast/install/fast_lio/include/fast_lio/fast_lio
[0.290s] -- Up-to-date: /home/johan/ws_fast/install/fast_lio/include/fast_lio/fast_lio/msg
[0.290s] -- Up-to-date: /home/johan/ws_fast/install/fast_lio/include/fast_lio/fast_lio/msg/detail
[0.290s] -- Up-to-date: /home/johan/ws_fast/install/fast_lio/include/fast_lio/fast_lio/msg/detail/pose6_d__rosidl_typesupport_fastrtps_c.h
[0.291s] -- Up-to-date: /home/johan/ws_fast/install/fast_lio/include/fast_lio/fast_lio/msg/rosidl_typesupport_fastrtps_c__visibility_control.h
[0.291s] -- Up-to-date: /home/johan/ws_fast/install/fast_lio/lib/libfast_lio__rosidl_typesupport_fastrtps_c.so
[0.291s] -- Up-to-date: /home/johan/ws_fast/install/fast_lio/include/fast_lio/fast_lio
[0.291s] -- Up-to-date: /home/johan/ws_fast/install/fast_lio/include/fast_lio/fast_lio/msg
[0.291s] -- Up-to-date: /home/johan/ws_fast/install/fast_lio/include/fast_lio/fast_lio/msg/pose6_d.hpp
[0.291s] -- Up-to-date: /home/johan/ws_fast/install/fast_lio/include/fast_lio/fast_lio/msg/detail
[0.291s] -- Up-to-date: /home/johan/ws_fast/install/fast_lio/include/fast_lio/fast_lio/msg/detail/pose6_d__struct.hpp
[0.291s] -- Up-to-date: /home/johan/ws_fast/install/fast_lio/include/fast_lio/fast_lio/msg/detail/pose6_d__builder.hpp
[0.291s] -- Up-to-date: /home/johan/ws_fast/install/fast_lio/include/fast_lio/fast_lio/msg/detail/pose6_d__traits.hpp
[0.291s] -- Up-to-date: /home/johan/ws_fast/install/fast_lio/include/fast_lio/fast_lio
[0.291s] -- Up-to-date: /home/johan/ws_fast/install/fast_lio/include/fast_lio/fast_lio/msg
[0.291s] -- Up-to-date: /home/johan/ws_fast/install/fast_lio/include/fast_lio/fast_lio/msg/detail
[0.291s] -- Up-to-date: /home/johan/ws_fast/install/fast_lio/include/fast_lio/fast_lio/msg/detail/pose6_d__rosidl_typesupport_fastrtps_cpp.hpp
[0.292s] -- Up-to-date: /home/johan/ws_fast/install/fast_lio/include/fast_lio/fast_lio/msg/detail/dds_fastrtps
[0.292s] -- Up-to-date: /home/johan/ws_fast/install/fast_lio/include/fast_lio/fast_lio/msg/rosidl_typesupport_fastrtps_cpp__visibility_control.h
[0.292s] -- Up-to-date: /home/johan/ws_fast/install/fast_lio/lib/libfast_lio__rosidl_typesupport_fastrtps_cpp.so
[0.292s] -- Up-to-date: /home/johan/ws_fast/install/fast_lio/include/fast_lio/fast_lio
[0.292s] -- Up-to-date: /home/johan/ws_fast/install/fast_lio/include/fast_lio/fast_lio/msg
[0.292s] -- Up-to-date: /home/johan/ws_fast/install/fast_lio/include/fast_lio/fast_lio/msg/rosidl_typesupport_introspection_c__visibility_control.h
[0.292s] -- Up-to-date: /home/johan/ws_fast/install/fast_lio/include/fast_lio/fast_lio/msg/detail
[0.292s] -- Up-to-date: /home/johan/ws_fast/install/fast_lio/include/fast_lio/fast_lio/msg/detail/pose6_d__type_support.c
[0.292s] -- Up-to-date: /home/johan/ws_fast/install/fast_lio/include/fast_lio/fast_lio/msg/detail/pose6_d__rosidl_typesupport_introspection_c.h
[0.292s] -- Up-to-date: /home/johan/ws_fast/install/fast_lio/lib/libfast_lio__rosidl_typesupport_introspection_c.so
[0.292s] -- Up-to-date: /home/johan/ws_fast/install/fast_lio/lib/libfast_lio__rosidl_typesupport_c.so
[0.292s] -- Up-to-date: /home/johan/ws_fast/install/fast_lio/include/fast_lio/fast_lio
[0.292s] -- Up-to-date: /home/johan/ws_fast/install/fast_lio/include/fast_lio/fast_lio/msg
[0.293s] -- Up-to-date: /home/johan/ws_fast/install/fast_lio/include/fast_lio/fast_lio/msg/detail
[0.293s] -- Up-to-date: /home/johan/ws_fast/install/fast_lio/include/fast_lio/fast_lio/msg/detail/pose6_d__type_support.cpp
[0.293s] -- Up-to-date: /home/johan/ws_fast/install/fast_lio/include/fast_lio/fast_lio/msg/detail/pose6_d__rosidl_typesupport_introspection_cpp.hpp
[0.293s] -- Up-to-date: /home/johan/ws_fast/install/fast_lio/lib/libfast_lio__rosidl_typesupport_introspection_cpp.so
[0.293s] -- Up-to-date: /home/johan/ws_fast/install/fast_lio/lib/libfast_lio__rosidl_typesupport_cpp.so
[0.293s] -- Up-to-date: /home/johan/ws_fast/install/fast_lio/share/fast_lio/environment/pythonpath.sh
[0.293s] -- Up-to-date: /home/johan/ws_fast/install/fast_lio/share/fast_lio/environment/pythonpath.dsv
[0.293s] -- Up-to-date: /home/johan/ws_fast/install/fast_lio/local/lib/python3.10/dist-packages/fast_lio-0.0.0-py3.10.egg-info
[0.293s] -- Installing: /home/johan/ws_fast/install/fast_lio/local/lib/python3.10/dist-packages/fast_lio-0.0.0-py3.10.egg-info/SOURCES.txt
[0.293s] -- Installing: /home/johan/ws_fast/install/fast_lio/local/lib/python3.10/dist-packages/fast_lio-0.0.0-py3.10.egg-info/top_level.txt
[0.293s] -- Installing: /home/johan/ws_fast/install/fast_lio/local/lib/python3.10/dist-packages/fast_lio-0.0.0-py3.10.egg-info/PKG-INFO
[0.293s] -- Installing: /home/johan/ws_fast/install/fast_lio/local/lib/python3.10/dist-packages/fast_lio-0.0.0-py3.10.egg-info/dependency_links.txt
[0.293s] -- Up-to-date: /home/johan/ws_fast/install/fast_lio/local/lib/python3.10/dist-packages/fast_lio
[0.294s] -- Up-to-date: /home/johan/ws_fast/install/fast_lio/local/lib/python3.10/dist-packages/fast_lio/__init__.py
[0.294s] -- Up-to-date: /home/johan/ws_fast/install/fast_lio/local/lib/python3.10/dist-packages/fast_lio/msg
[0.294s] -- Up-to-date: /home/johan/ws_fast/install/fast_lio/local/lib/python3.10/dist-packages/fast_lio/msg/__init__.py
[0.294s] -- Up-to-date: /home/johan/ws_fast/install/fast_lio/local/lib/python3.10/dist-packages/fast_lio/msg/_pose6_d_s.c
[0.294s] -- Up-to-date: /home/johan/ws_fast/install/fast_lio/local/lib/python3.10/dist-packages/fast_lio/msg/_pose6_d.py
[0.294s] -- Up-to-date: /home/johan/ws_fast/install/fast_lio/local/lib/python3.10/dist-packages/fast_lio/libfast_lio__rosidl_generator_py.so
[0.294s] -- Up-to-date: /home/johan/ws_fast/install/fast_lio/local/lib/python3.10/dist-packages/fast_lio/_fast_lio_s.ep.rosidl_typesupport_introspection_c.c
[0.294s] -- Up-to-date: /home/johan/ws_fast/install/fast_lio/local/lib/python3.10/dist-packages/fast_lio/_fast_lio_s.ep.rosidl_typesupport_fastrtps_c.c
[0.294s] -- Up-to-date: /home/johan/ws_fast/install/fast_lio/local/lib/python3.10/dist-packages/fast_lio/fast_lio_s__rosidl_typesupport_c.cpython-310-x86_64-linux-gnu.so
[0.294s] -- Up-to-date: /home/johan/ws_fast/install/fast_lio/local/lib/python3.10/dist-packages/fast_lio/fast_lio_s__rosidl_typesupport_introspection_c.cpython-310-x86_64-linux-gnu.so
[0.294s] -- Up-to-date: /home/johan/ws_fast/install/fast_lio/local/lib/python3.10/dist-packages/fast_lio/fast_lio_s__rosidl_typesupport_fastrtps_c.cpython-310-x86_64-linux-gnu.so
[0.294s] -- Up-to-date: /home/johan/ws_fast/install/fast_lio/local/lib/python3.10/dist-packages/fast_lio/_fast_lio_s.ep.rosidl_typesupport_c.c
[0.312s] Listing '/home/johan/ws_fast/install/fast_lio/local/lib/python3.10/dist-packages/fast_lio'...
[0.312s] Listing '/home/johan/ws_fast/install/fast_lio/local/lib/python3.10/dist-packages/fast_lio/msg'...
[0.315s] -- Up-to-date: /home/johan/ws_fast/install/fast_lio/local/lib/python3.10/dist-packages/fast_lio/fast_lio_s__rosidl_typesupport_fastrtps_c.cpython-310-x86_64-linux-gnu.so
[0.315s] -- Up-to-date: /home/johan/ws_fast/install/fast_lio/local/lib/python3.10/dist-packages/fast_lio/fast_lio_s__rosidl_typesupport_introspection_c.cpython-310-x86_64-linux-gnu.so
[0.315s] -- Up-to-date: /home/johan/ws_fast/install/fast_lio/local/lib/python3.10/dist-packages/fast_lio/fast_lio_s__rosidl_typesupport_c.cpython-310-x86_64-linux-gnu.so
[0.315s] -- Up-to-date: /home/johan/ws_fast/install/fast_lio/lib/libfast_lio__rosidl_generator_py.so
[0.315s] -- Up-to-date: /home/johan/ws_fast/install/fast_lio/share/fast_lio/msg/Pose6D.idl
[0.315s] -- Up-to-date: /home/johan/ws_fast/install/fast_lio/share/fast_lio/msg/Pose6D.msg
[0.315s] -- Up-to-date: /home/johan/ws_fast/install/fast_lio/lib/fast_lio/fastlio_mapping
[0.315s] -- Up-to-date: /home/johan/ws_fast/install/fast_lio/share/fast_lio/config
[0.316s] -- Up-to-date: /home/johan/ws_fast/install/fast_lio/share/fast_lio/config/velodyne.yaml
[0.316s] -- Up-to-date: /home/johan/ws_fast/install/fast_lio/share/fast_lio/config/mid360.yaml
[0.316s] -- Up-to-date: /home/johan/ws_fast/install/fast_lio/share/fast_lio/config/ouster64.yaml
[0.316s] -- Up-to-date: /home/johan/ws_fast/install/fast_lio/share/fast_lio/config/avia.yaml
[0.316s] -- Up-to-date: /home/johan/ws_fast/install/fast_lio/share/fast_lio/config/horizon.yaml
[0.316s] -- Up-to-date: /home/johan/ws_fast/install/fast_lio/share/fast_lio/launch
[0.316s] -- Up-to-date: /home/johan/ws_fast/install/fast_lio/share/fast_lio/launch/mapping.launch.py
[0.316s] -- Up-to-date: /home/johan/ws_fast/install/fast_lio/share/fast_lio/launch/mapping_horizon.launch
[0.316s] -- Up-to-date: /home/johan/ws_fast/install/fast_lio/share/fast_lio/launch/mapping_velodyne.launch
[0.316s] -- Up-to-date: /home/johan/ws_fast/install/fast_lio/share/fast_lio/launch/mapping_avia.launch
[0.316s] -- Up-to-date: /home/johan/ws_fast/install/fast_lio/share/fast_lio/launch/mapping_ouster64.launch
[0.316s] -- Up-to-date: /home/johan/ws_fast/install/fast_lio/share/fast_lio/launch/gdb_debug_example.launch
[0.316s] -- Up-to-date: /home/johan/ws_fast/install/fast_lio/share/fast_lio/rviz
[0.316s] -- Up-to-date: /home/johan/ws_fast/install/fast_lio/share/fast_lio/rviz/fastlio.rviz
[0.316s] -- Up-to-date: /home/johan/ws_fast/install/fast_lio/share/ament_index/resource_index/package_run_dependencies/fast_lio
[0.316s] -- Up-to-date: /home/johan/ws_fast/install/fast_lio/share/ament_index/resource_index/parent_prefix_path/fast_lio
[0.316s] -- Up-to-date: /home/johan/ws_fast/install/fast_lio/share/fast_lio/environment/ament_prefix_path.sh
[0.316s] -- Up-to-date: /home/johan/ws_fast/install/fast_lio/share/fast_lio/environment/ament_prefix_path.dsv
[0.316s] -- Up-to-date: /home/johan/ws_fast/install/fast_lio/share/fast_lio/environment/path.sh
[0.316s] -- Up-to-date: /home/johan/ws_fast/install/fast_lio/share/fast_lio/environment/path.dsv
[0.316s] -- Up-to-date: /home/johan/ws_fast/install/fast_lio/share/fast_lio/local_setup.bash
[0.316s] -- Up-to-date: /home/johan/ws_fast/install/fast_lio/share/fast_lio/local_setup.sh
[0.316s] -- Up-to-date: /home/johan/ws_fast/install/fast_lio/share/fast_lio/local_setup.zsh
[0.317s] -- Up-to-date: /home/johan/ws_fast/install/fast_lio/share/fast_lio/local_setup.dsv
[0.317s] -- Installing: /home/johan/ws_fast/install/fast_lio/share/fast_lio/package.dsv
[0.317s] -- Up-to-date: /home/johan/ws_fast/install/fast_lio/share/ament_index/resource_index/packages/fast_lio
[0.317s] -- Up-to-date: /home/johan/ws_fast/install/fast_lio/share/fast_lio/cmake/export_fast_lio__rosidl_generator_cExport.cmake
[0.317s] -- Up-to-date: /home/johan/ws_fast/install/fast_lio/share/fast_lio/cmake/export_fast_lio__rosidl_generator_cExport-release.cmake
[0.317s] -- Up-to-date: /home/johan/ws_fast/install/fast_lio/share/fast_lio/cmake/export_fast_lio__rosidl_typesupport_fastrtps_cExport.cmake
[0.317s] -- Up-to-date: /home/johan/ws_fast/install/fast_lio/share/fast_lio/cmake/export_fast_lio__rosidl_typesupport_fastrtps_cExport-release.cmake
[0.317s] -- Up-to-date: /home/johan/ws_fast/install/fast_lio/share/fast_lio/cmake/export_fast_lio__rosidl_generator_cppExport.cmake
[0.317s] -- Up-to-date: /home/johan/ws_fast/install/fast_lio/share/fast_lio/cmake/export_fast_lio__rosidl_typesupport_fastrtps_cppExport.cmake
[0.317s] -- Up-to-date: /home/johan/ws_fast/install/fast_lio/share/fast_lio/cmake/export_fast_lio__rosidl_typesupport_fastrtps_cppExport-release.cmake
[0.317s] -- Up-to-date: /home/johan/ws_fast/install/fast_lio/share/fast_lio/cmake/fast_lio__rosidl_typesupport_introspection_cExport.cmake
[0.317s] -- Up-to-date: /home/johan/ws_fast/install/fast_lio/share/fast_lio/cmake/fast_lio__rosidl_typesupport_introspection_cExport-release.cmake
[0.317s] -- Up-to-date: /home/johan/ws_fast/install/fast_lio/share/fast_lio/cmake/fast_lio__rosidl_typesupport_cExport.cmake
[0.317s] -- Up-to-date: /home/johan/ws_fast/install/fast_lio/share/fast_lio/cmake/fast_lio__rosidl_typesupport_cExport-release.cmake
[0.317s] -- Up-to-date: /home/johan/ws_fast/install/fast_lio/share/fast_lio/cmake/fast_lio__rosidl_typesupport_introspection_cppExport.cmake
[0.317s] -- Up-to-date: /home/johan/ws_fast/install/fast_lio/share/fast_lio/cmake/fast_lio__rosidl_typesupport_introspection_cppExport-release.cmake
[0.317s] -- Up-to-date: /home/johan/ws_fast/install/fast_lio/share/fast_lio/cmake/fast_lio__rosidl_typesupport_cppExport.cmake
[0.317s] -- Up-to-date: /home/johan/ws_fast/install/fast_lio/share/fast_lio/cmake/fast_lio__rosidl_typesupport_cppExport-release.cmake
[0.317s] -- Up-to-date: /home/johan/ws_fast/install/fast_lio/share/fast_lio/cmake/export_fast_lio__rosidl_generator_pyExport.cmake
[0.317s] -- Up-to-date: /home/johan/ws_fast/install/fast_lio/share/fast_lio/cmake/export_fast_lio__rosidl_generator_pyExport-release.cmake
[0.317s] -- Up-to-date: /home/johan/ws_fast/install/fast_lio/share/fast_lio/cmake/rosidl_cmake-extras.cmake
[0.317s] -- Up-to-date: /home/johan/ws_fast/install/fast_lio/share/fast_lio/cmake/ament_cmake_export_include_directories-extras.cmake
[0.317s] -- Up-to-date: /home/johan/ws_fast/install/fast_lio/share/fast_lio/cmake/ament_cmake_export_libraries-extras.cmake
[0.317s] -- Up-to-date: /home/johan/ws_fast/install/fast_lio/share/fast_lio/cmake/ament_cmake_export_targets-extras.cmake
[0.318s] -- Up-to-date: /home/johan/ws_fast/install/fast_lio/share/fast_lio/cmake/rosidl_cmake_export_typesupport_targets-extras.cmake
[0.318s] -- Up-to-date: /home/johan/ws_fast/install/fast_lio/share/fast_lio/cmake/ament_cmake_export_dependencies-extras.cmake
[0.318s] -- Up-to-date: /home/johan/ws_fast/install/fast_lio/share/fast_lio/cmake/rosidl_cmake_export_typesupport_libraries-extras.cmake
[0.318s] -- Up-to-date: /home/johan/ws_fast/install/fast_lio/share/fast_lio/cmake/fast_lioConfig.cmake
[0.318s] -- Up-to-date: /home/johan/ws_fast/install/fast_lio/share/fast_lio/cmake/fast_lioConfig-version.cmake
[0.318s] -- Up-to-date: /home/johan/ws_fast/install/fast_lio/share/fast_lio/package.xml
[0.318s] Invoked command in '/home/johan/ws_fast/build/fast_lio' returned '0': CMAKE_PREFIX_PATH=/home/johan/ws_fast/install/livox_ros_driver2:/home/johan/ws_fast/install/pointcloud_to_laserscan:/home/johan/ws_fast/install/fast_lio:/opt/ros/humble LD_LIBRARY_PATH=/home/johan/ws_fast/install/livox_ros_driver2/lib:/home/johan/ws_fast/install/pointcloud_to_laserscan/lib:/home/johan/ws_fast/install/fast_lio/lib:/opt/ros/humble/opt/rviz_ogre_vendor/lib:/opt/ros/humble/lib/x86_64-linux-gnu:/opt/ros/humble/lib:/usr/local/lib /usr/bin/cmake --install /home/johan/ws_fast/build/fast_lio
