[0.196s] Invoking command in '/home/lx/ros2/ros/turtlebot3_ws/build/turtlebot3_cartographer': CMAKE_PREFIX_PATH=/opt/ros/humble /usr/bin/cmake /home/lx/ros2/ros/turtlebot3_ws/src/turtlebot3/turtlebot3_cartographer -DCMAKE_INSTALL_PREFIX=/home/lx/ros2/ros/turtlebot3_ws/install/turtlebot3_cartographer
[0.447s] -- The C compiler identification is GNU 11.4.0
[0.447s] -- The CXX compiler identification is GNU 11.4.0
[0.447s] -- Detecting C compiler ABI info
[0.447s] -- Detecting C compiler ABI info - done
[0.447s] -- Check for working C compiler: /usr/bin/cc - skipped
[0.447s] -- Detecting C compile features
[0.447s] -- Detecting C compile features - done
[0.447s] -- Detecting CXX compiler ABI info
[0.447s] -- Detecting CXX compiler ABI info - done
[0.455s] -- Check for working CXX compiler: /usr/bin/c++ - skipped
[0.456s] -- Detecting CXX compile features
[0.456s] -- Detecting CXX compile features - done
[0.459s] -- Found ament_cmake: 1.3.5 (/opt/ros/humble/share/ament_cmake/cmake)
[0.600s] -- Found Python3: /usr/bin/python3.10 (found version "3.10.12") found components: Interpreter 
[0.736s] -- Configuring done
[0.739s] -- Generating done
[0.740s] -- Build files have been written to: /home/lx/ros2/ros/turtlebot3_ws/build/turtlebot3_cartographer
[0.744s] Invoked command in '/home/lx/ros2/ros/turtlebot3_ws/build/turtlebot3_cartographer' returned '0': CMAKE_PREFIX_PATH=/opt/ros/humble /usr/bin/cmake /home/lx/ros2/ros/turtlebot3_ws/src/turtlebot3/turtlebot3_cartographer -DCMAKE_INSTALL_PREFIX=/home/lx/ros2/ros/turtlebot3_ws/install/turtlebot3_cartographer
[0.746s] Invoking command in '/home/lx/ros2/ros/turtlebot3_ws/build/turtlebot3_cartographer': CMAKE_PREFIX_PATH=/opt/ros/humble /usr/bin/cmake --build /home/lx/ros2/ros/turtlebot3_ws/build/turtlebot3_cartographer -- -j12 -l12
[0.776s] Invoked command in '/home/lx/ros2/ros/turtlebot3_ws/build/turtlebot3_cartographer' returned '0': CMAKE_PREFIX_PATH=/opt/ros/humble /usr/bin/cmake --build /home/lx/ros2/ros/turtlebot3_ws/build/turtlebot3_cartographer -- -j12 -l12
[0.799s] Invoking command in '/home/lx/ros2/ros/turtlebot3_ws/build/turtlebot3_cartographer': CMAKE_PREFIX_PATH=/opt/ros/humble /usr/bin/cmake --install /home/lx/ros2/ros/turtlebot3_ws/build/turtlebot3_cartographer
[0.804s] -- Install configuration: ""
[0.805s] -- Installing: /home/lx/ros2/ros/turtlebot3_ws/install/turtlebot3_cartographer/share/turtlebot3_cartographer/config
[0.805s] -- Installing: /home/lx/ros2/ros/turtlebot3_ws/install/turtlebot3_cartographer/share/turtlebot3_cartographer/config/turtlebot3_lds_2d.lua
[0.805s] -- Installing: /home/lx/ros2/ros/turtlebot3_ws/install/turtlebot3_cartographer/share/turtlebot3_cartographer/launch
[0.805s] -- Installing: /home/lx/ros2/ros/turtlebot3_ws/install/turtlebot3_cartographer/share/turtlebot3_cartographer/launch/occupancy_grid.launch.py
[0.805s] -- Installing: /home/lx/ros2/ros/turtlebot3_ws/install/turtlebot3_cartographer/share/turtlebot3_cartographer/launch/cartographer.launch.py
[0.805s] -- Installing: /home/lx/ros2/ros/turtlebot3_ws/install/turtlebot3_cartographer/share/turtlebot3_cartographer/rviz
[0.805s] -- Installing: /home/lx/ros2/ros/turtlebot3_ws/install/turtlebot3_cartographer/share/turtlebot3_cartographer/rviz/tb3_cartographer.rviz
[0.805s] -- Installing: /home/lx/ros2/ros/turtlebot3_ws/install/turtlebot3_cartographer/share/ament_index/resource_index/package_run_dependencies/turtlebot3_cartographer
[0.805s] -- Installing: /home/lx/ros2/ros/turtlebot3_ws/install/turtlebot3_cartographer/share/ament_index/resource_index/parent_prefix_path/turtlebot3_cartographer
[0.806s] -- Installing: /home/lx/ros2/ros/turtlebot3_ws/install/turtlebot3_cartographer/share/turtlebot3_cartographer/environment/ament_prefix_path.sh
[0.806s] -- Installing: /home/lx/ros2/ros/turtlebot3_ws/install/turtlebot3_cartographer/share/turtlebot3_cartographer/environment/ament_prefix_path.dsv
[0.806s] -- Installing: /home/lx/ros2/ros/turtlebot3_ws/install/turtlebot3_cartographer/share/turtlebot3_cartographer/environment/path.sh
[0.806s] -- Installing: /home/lx/ros2/ros/turtlebot3_ws/install/turtlebot3_cartographer/share/turtlebot3_cartographer/environment/path.dsv
[0.806s] -- Installing: /home/lx/ros2/ros/turtlebot3_ws/install/turtlebot3_cartographer/share/turtlebot3_cartographer/local_setup.bash
[0.806s] -- Installing: /home/lx/ros2/ros/turtlebot3_ws/install/turtlebot3_cartographer/share/turtlebot3_cartographer/local_setup.sh
[0.806s] -- Installing: /home/lx/ros2/ros/turtlebot3_ws/install/turtlebot3_cartographer/share/turtlebot3_cartographer/local_setup.zsh
[0.806s] -- Installing: /home/lx/ros2/ros/turtlebot3_ws/install/turtlebot3_cartographer/share/turtlebot3_cartographer/local_setup.dsv
[0.806s] -- Installing: /home/lx/ros2/ros/turtlebot3_ws/install/turtlebot3_cartographer/share/turtlebot3_cartographer/package.dsv
[0.807s] -- Installing: /home/lx/ros2/ros/turtlebot3_ws/install/turtlebot3_cartographer/share/ament_index/resource_index/packages/turtlebot3_cartographer
[0.807s] -- Installing: /home/lx/ros2/ros/turtlebot3_ws/install/turtlebot3_cartographer/share/turtlebot3_cartographer/cmake/turtlebot3_cartographerConfig.cmake
[0.807s] -- Installing: /home/lx/ros2/ros/turtlebot3_ws/install/turtlebot3_cartographer/share/turtlebot3_cartographer/cmake/turtlebot3_cartographerConfig-version.cmake
[0.807s] -- Installing: /home/lx/ros2/ros/turtlebot3_ws/install/turtlebot3_cartographer/share/turtlebot3_cartographer/package.xml
[0.808s] Invoked command in '/home/lx/ros2/ros/turtlebot3_ws/build/turtlebot3_cartographer' returned '0': CMAKE_PREFIX_PATH=/opt/ros/humble /usr/bin/cmake --install /home/lx/ros2/ros/turtlebot3_ws/build/turtlebot3_cartographer
