[0.113s] Invoking command in '/home/lx/ros2/ros/mid-360_ws/build/imu_to_odom': CMAKE_PREFIX_PATH=${CMAKE_PREFIX_PATH}:/opt/ros/humble /usr/bin/cmake --build /home/lx/ros2/ros/mid-360_ws/build/imu_to_odom -- -j12 -l12
[0.143s] [35m[1mConsolidate compiler generated dependencies of target imu_to_odom[0m
[0.164s] [ 50%] [32mBuilding CXX object CMakeFiles/imu_to_odom.dir/src/imu_to_odom.cpp.o[0m
[7.353s] [100%] [32m[1mLinking CXX executable imu_to_odom[0m
[7.700s] [100%] Built target imu_to_odom
[7.708s] Invoked command in '/home/lx/ros2/ros/mid-360_ws/build/imu_to_odom' returned '0': CMAKE_PREFIX_PATH=${CMAKE_PREFIX_PATH}:/opt/ros/humble /usr/bin/cmake --build /home/lx/ros2/ros/mid-360_ws/build/imu_to_odom -- -j12 -l12
[7.728s] Invoking command in '/home/lx/ros2/ros/mid-360_ws/build/imu_to_odom': CMAKE_PREFIX_PATH=${CMAKE_PREFIX_PATH}:/opt/ros/humble /usr/bin/cmake --install /home/lx/ros2/ros/mid-360_ws/build/imu_to_odom
[7.733s] -- Install configuration: ""
[7.733s] -- Up-to-date: /home/lx/ros2/ros/mid-360_ws/install/imu_to_odom/include/
[7.733s] -- Up-to-date: /home/lx/ros2/ros/mid-360_ws/install/imu_to_odom/include//imu_to_odom
[7.733s] -- Up-to-date: /home/lx/ros2/ros/mid-360_ws/install/imu_to_odom/include//imu_to_odom/imu_to_odom.hpp
[7.733s] -- Installing: /home/lx/ros2/ros/mid-360_ws/install/imu_to_odom/lib/imu_to_odom/imu_to_odom
[7.736s] -- Set runtime path of "/home/lx/ros2/ros/mid-360_ws/install/imu_to_odom/lib/imu_to_odom/imu_to_odom" to ""
[7.736s] -- Up-to-date: /home/lx/ros2/ros/mid-360_ws/install/imu_to_odom/share/ament_index/resource_index/package_run_dependencies/imu_to_odom
[7.736s] -- Up-to-date: /home/lx/ros2/ros/mid-360_ws/install/imu_to_odom/share/ament_index/resource_index/parent_prefix_path/imu_to_odom
[7.736s] -- Up-to-date: /home/lx/ros2/ros/mid-360_ws/install/imu_to_odom/share/imu_to_odom/environment/ament_prefix_path.sh
[7.736s] -- Up-to-date: /home/lx/ros2/ros/mid-360_ws/install/imu_to_odom/share/imu_to_odom/environment/ament_prefix_path.dsv
[7.737s] -- Up-to-date: /home/lx/ros2/ros/mid-360_ws/install/imu_to_odom/share/imu_to_odom/environment/path.sh
[7.737s] -- Up-to-date: /home/lx/ros2/ros/mid-360_ws/install/imu_to_odom/share/imu_to_odom/environment/path.dsv
[7.737s] -- Up-to-date: /home/lx/ros2/ros/mid-360_ws/install/imu_to_odom/share/imu_to_odom/local_setup.bash
[7.737s] -- Up-to-date: /home/lx/ros2/ros/mid-360_ws/install/imu_to_odom/share/imu_to_odom/local_setup.sh
[7.737s] -- Up-to-date: /home/lx/ros2/ros/mid-360_ws/install/imu_to_odom/share/imu_to_odom/local_setup.zsh
[7.737s] -- Up-to-date: /home/lx/ros2/ros/mid-360_ws/install/imu_to_odom/share/imu_to_odom/local_setup.dsv
[7.737s] -- Installing: /home/lx/ros2/ros/mid-360_ws/install/imu_to_odom/share/imu_to_odom/package.dsv
[7.737s] -- Up-to-date: /home/lx/ros2/ros/mid-360_ws/install/imu_to_odom/share/ament_index/resource_index/packages/imu_to_odom
[7.737s] -- Up-to-date: /home/lx/ros2/ros/mid-360_ws/install/imu_to_odom/share/imu_to_odom/cmake/imu_to_odomConfig.cmake
[7.737s] -- Up-to-date: /home/lx/ros2/ros/mid-360_ws/install/imu_to_odom/share/imu_to_odom/cmake/imu_to_odomConfig-version.cmake
[7.737s] -- Up-to-date: /home/lx/ros2/ros/mid-360_ws/install/imu_to_odom/share/imu_to_odom/package.xml
[7.738s] Invoked command in '/home/lx/ros2/ros/mid-360_ws/build/imu_to_odom' returned '0': CMAKE_PREFIX_PATH=${CMAKE_PREFIX_PATH}:/opt/ros/humble /usr/bin/cmake --install /home/lx/ros2/ros/mid-360_ws/build/imu_to_odom
