[0.013s] Invoking command in '/home/lx/ros/service_ws/build/client': CMAKE_PREFIX_PATH=/opt/ros/humble /usr/bin/cmake --build /home/lx/ros/service_ws/build/client -- -j12 -l12
[0.054s] [35m[1mConsolidate compiler generated dependencies of target client[0m
[0.066s] [ 50%] [32mBuilding CXX object CMakeFiles/client.dir/src/client_1.cpp.o[0m
[3.886s] [100%] [32m[1mLinking CXX executable client[0m
[4.005s] [100%] Built target client
[4.012s] Invoked command in '/home/lx/ros/service_ws/build/client' returned '0': CMAKE_PREFIX_PATH=/opt/ros/humble /usr/bin/cmake --build /home/lx/ros/service_ws/build/client -- -j12 -l12
[4.027s] Invoking command in '/home/lx/ros/service_ws/build/client': CMAKE_PREFIX_PATH=/opt/ros/humble /usr/bin/cmake --install /home/lx/ros/service_ws/build/client
[4.033s] -- Install configuration: "RelWithDebInfo"
[4.033s] -- Execute custom install script
[4.033s] -- Up-to-date symlink: /home/lx/ros/service_ws/install/client/share/ament_index/resource_index/package_run_dependencies/client
[4.033s] -- Up-to-date symlink: /home/lx/ros/service_ws/install/client/share/ament_index/resource_index/parent_prefix_path/client
[4.034s] -- Up-to-date symlink: /home/lx/ros/service_ws/install/client/share/client/environment/ament_prefix_path.sh
[4.034s] -- Up-to-date symlink: /home/lx/ros/service_ws/install/client/share/client/environment/ament_prefix_path.dsv
[4.034s] -- Up-to-date symlink: /home/lx/ros/service_ws/install/client/share/client/environment/path.sh
[4.034s] -- Up-to-date symlink: /home/lx/ros/service_ws/install/client/share/client/environment/path.dsv
[4.034s] -- Up-to-date symlink: /home/lx/ros/service_ws/install/client/share/client/local_setup.bash
[4.034s] -- Up-to-date symlink: /home/lx/ros/service_ws/install/client/share/client/local_setup.sh
[4.034s] -- Up-to-date symlink: /home/lx/ros/service_ws/install/client/share/client/local_setup.zsh
[4.034s] -- Up-to-date symlink: /home/lx/ros/service_ws/install/client/share/client/local_setup.dsv
[4.034s] -- Symlinking: /home/lx/ros/service_ws/install/client/share/client/package.dsv
[4.042s] -- Up-to-date symlink: /home/lx/ros/service_ws/install/client/share/ament_index/resource_index/packages/client
[4.042s] -- Up-to-date symlink: /home/lx/ros/service_ws/install/client/share/client/cmake/clientConfig.cmake
[4.042s] -- Up-to-date symlink: /home/lx/ros/service_ws/install/client/share/client/cmake/clientConfig-version.cmake
[4.042s] -- Up-to-date symlink: /home/lx/ros/service_ws/install/client/share/client/package.xml
[4.042s] -- Up-to-date symlink: /home/lx/ros/service_ws/install/client/lib/client/client
[4.045s] Invoked command in '/home/lx/ros/service_ws/build/client' returned '0': CMAKE_PREFIX_PATH=/opt/ros/humble /usr/bin/cmake --install /home/lx/ros/service_ws/build/client
