[0.009s] Invoking command in '/home/lx/ros/hellworld/build/helloworld': CMAKE_PREFIX_PATH=/opt/ros/humble /usr/bin/cmake /home/lx/ros/hellworld/src/helloworld -DCMAKE_BUILD_TYPE=RelWithDebInfo -DAMENT_CMAKE_SYMLINK_INSTALL=1 -DCMAKE_INSTALL_PREFIX=/home/lx/ros/hellworld/install/helloworld
[0.075s] -- The C compiler identification is GNU 11.3.0
[0.133s] -- The CXX compiler identification is GNU 11.3.0
[0.143s] -- Detecting C compiler ABI info
[0.193s] -- Detecting C compiler ABI info - done
[0.199s] -- Check for working C compiler: /usr/bin/cc - skipped
[0.199s] -- Detecting C compile features
[0.200s] -- Detecting C compile features - done
[0.202s] -- Detecting CXX compiler ABI info
[0.260s] -- Detecting CXX compiler ABI info - done
[0.267s] -- Check for working CXX compiler: /usr/bin/c++ - skipped
[0.267s] -- Detecting CXX compile features
[0.267s] -- Detecting CXX compile features - done
[0.274s] -- Found ament_cmake: 1.3.5 (/opt/ros/humble/share/ament_cmake/cmake)
[0.408s] -- Found Python3: /usr/bin/python3.10 (found version "3.10.6") found components: Interpreter 
[0.470s] -- Override CMake install command with custom implementation using symlinks instead of copying resources
[0.490s] -- Found rclcpp: 16.0.4 (/opt/ros/humble/share/rclcpp/cmake)
[0.522s] -- Found rosidl_generator_c: 3.1.4 (/opt/ros/humble/share/rosidl_generator_c/cmake)
[0.526s] -- Found rosidl_adapter: 3.1.4 (/opt/ros/humble/share/rosidl_adapter/cmake)
[0.533s] -- Found rosidl_generator_cpp: 3.1.4 (/opt/ros/humble/share/rosidl_generator_cpp/cmake)
[0.546s] -- Using all available rosidl_typesupport_c: rosidl_typesupport_fastrtps_c;rosidl_typesupport_introspection_c
[0.563s] -- Using all available rosidl_typesupport_cpp: rosidl_typesupport_fastrtps_cpp;rosidl_typesupport_introspection_cpp
[0.625s] -- Found rmw_implementation_cmake: 6.1.1 (/opt/ros/humble/share/rmw_implementation_cmake/cmake)
[0.627s] -- Found rmw_fastrtps_cpp: 6.2.2 (/opt/ros/humble/share/rmw_fastrtps_cpp/cmake)
[0.701s] -- Found OpenSSL: /usr/lib/x86_64-linux-gnu/libcrypto.so (found version "3.0.2")  
[0.734s] -- Found FastRTPS: /opt/ros/humble/include  
[0.773s] -- Using RMW implementation 'rmw_fastrtps_cpp' as default
[0.782s] -- Looking for pthread.h
[0.831s] -- Looking for pthread.h - found
[0.831s] -- Performing Test CMAKE_HAVE_LIBC_PTHREAD
[0.881s] -- Performing Test CMAKE_HAVE_LIBC_PTHREAD - Success
[0.882s] -- Found Threads: TRUE  
[1.035s] -- Found ament_lint_auto: 0.12.6 (/opt/ros/humble/share/ament_lint_auto/cmake)
[1.102s] -- Added test 'cppcheck' to perform static code analysis on C / C++ code
[1.103s] -- Configured cppcheck include dirs: 
[1.103s] -- Configured cppcheck exclude dirs and/or files: 
[1.103s] -- Added test 'lint_cmake' to check CMake code style
[1.104s] -- Added test 'uncrustify' to check C / C++ code style
[1.104s] -- Configured uncrustify additional arguments: 
[1.105s] -- Added test 'xmllint' to check XML markup files
[1.106s] -- Configuring done
[1.109s] -- Generating done
[1.111s] -- Build files have been written to: /home/lx/ros/hellworld/build/helloworld
[1.119s] Invoked command in '/home/lx/ros/hellworld/build/helloworld' returned '0': CMAKE_PREFIX_PATH=/opt/ros/humble /usr/bin/cmake /home/lx/ros/hellworld/src/helloworld -DCMAKE_BUILD_TYPE=RelWithDebInfo -DAMENT_CMAKE_SYMLINK_INSTALL=1 -DCMAKE_INSTALL_PREFIX=/home/lx/ros/hellworld/install/helloworld
[1.120s] Invoking command in '/home/lx/ros/hellworld/build/helloworld': CMAKE_PREFIX_PATH=/opt/ros/humble /usr/bin/cmake --build /home/lx/ros/hellworld/build/helloworld -- -j12 -l12
[1.148s] Invoked command in '/home/lx/ros/hellworld/build/helloworld' returned '0': CMAKE_PREFIX_PATH=/opt/ros/humble /usr/bin/cmake --build /home/lx/ros/hellworld/build/helloworld -- -j12 -l12
[1.168s] Invoking command in '/home/lx/ros/hellworld/build/helloworld': CMAKE_PREFIX_PATH=/opt/ros/humble /usr/bin/cmake --install /home/lx/ros/hellworld/build/helloworld
[1.173s] -- Install configuration: "RelWithDebInfo"
[1.173s] -- Execute custom install script
[1.173s] -- Symlinking: /home/lx/ros/hellworld/install/helloworld/share/ament_index/resource_index/package_run_dependencies/helloworld
[1.179s] -- Symlinking: /home/lx/ros/hellworld/install/helloworld/share/ament_index/resource_index/parent_prefix_path/helloworld
[1.185s] -- Symlinking: /home/lx/ros/hellworld/install/helloworld/share/helloworld/environment/ament_prefix_path.sh
[1.191s] -- Symlinking: /home/lx/ros/hellworld/install/helloworld/share/helloworld/environment/ament_prefix_path.dsv
[1.197s] -- Symlinking: /home/lx/ros/hellworld/install/helloworld/share/helloworld/environment/path.sh
[1.202s] -- Symlinking: /home/lx/ros/hellworld/install/helloworld/share/helloworld/environment/path.dsv
[1.208s] -- Symlinking: /home/lx/ros/hellworld/install/helloworld/share/helloworld/local_setup.bash
[1.214s] -- Symlinking: /home/lx/ros/hellworld/install/helloworld/share/helloworld/local_setup.sh
[1.220s] -- Symlinking: /home/lx/ros/hellworld/install/helloworld/share/helloworld/local_setup.zsh
[1.225s] -- Symlinking: /home/lx/ros/hellworld/install/helloworld/share/helloworld/local_setup.dsv
[1.231s] -- Symlinking: /home/lx/ros/hellworld/install/helloworld/share/helloworld/package.dsv
[1.237s] -- Symlinking: /home/lx/ros/hellworld/install/helloworld/share/ament_index/resource_index/packages/helloworld
[1.243s] -- Symlinking: /home/lx/ros/hellworld/install/helloworld/share/helloworld/cmake/helloworldConfig.cmake
[1.249s] -- Symlinking: /home/lx/ros/hellworld/install/helloworld/share/helloworld/cmake/helloworldConfig-version.cmake
[1.255s] -- Symlinking: /home/lx/ros/hellworld/install/helloworld/share/helloworld/package.xml
[1.265s] Invoked command in '/home/lx/ros/hellworld/build/helloworld' returned '0': CMAKE_PREFIX_PATH=/opt/ros/humble /usr/bin/cmake --install /home/lx/ros/hellworld/build/helloworld
