[0.336s] Invoking command in '/home/lx/ros2/xiao_ying/build/livox_ros_driver2': CMAKE_PREFIX_PATH=${CMAKE_PREFIX_PATH}:/opt/ros/humble /usr/bin/cmake /home/lx/ros2/xiao_ying/src/livox_ros_driver2 -DCMAKE_INSTALL_PREFIX=/home/lx/ros2/xiao_ying/install/livox_ros_driver2
[0.402s] -- The C compiler identification is GNU 11.4.0
[0.462s] -- The CXX compiler identification is GNU 11.4.0
[0.469s] -- Detecting C compiler ABI info
[0.526s] -- Detecting C compiler ABI info - done
[0.533s] -- Check for working C compiler: /usr/bin/cc - skipped
[0.534s] -- Detecting C compile features
[0.534s] -- Detecting C compile features - done
[0.538s] -- Detecting CXX compiler ABI info
[0.618s] -- Detecting CXX compiler ABI info - done
[0.626s] -- Check for working CXX compiler: /usr/bin/c++ - skipped
[0.626s] -- Detecting CXX compile features
[0.626s] -- Detecting CXX compile features - done
[0.627s] -- livox_ros_driver2 version: 1.0.0
[0.629s] -- Found ament_cmake_auto: 1.3.5 (/opt/ros/humble/share/ament_cmake_auto/cmake)
[0.950s] -- Found Python3: /usr/bin/python3.10 (found version "3.10.12") found components: Interpreter 
[1.230s] -- Using all available rosidl_typesupport_c: rosidl_typesupport_fastrtps_c;rosidl_typesupport_introspection_c
[1.238s] -- Found rosidl_adapter: 3.1.5 (/opt/ros/humble/share/rosidl_adapter/cmake)
[1.277s] -- Using all available rosidl_typesupport_cpp: rosidl_typesupport_fastrtps_cpp;rosidl_typesupport_introspection_cpp
[1.393s] -- Found rmw_implementation_cmake: 6.1.1 (/opt/ros/humble/share/rmw_implementation_cmake/cmake)
[1.396s] -- Found rmw_fastrtps_cpp: 6.2.4 (/opt/ros/humble/share/rmw_fastrtps_cpp/cmake)
[1.526s] -- Found OpenSSL: /usr/lib/x86_64-linux-gnu/libcrypto.so (found version "3.0.2")  
[1.570s] -- Found FastRTPS: /opt/ros/humble/include  
[1.634s] -- Using RMW implementation 'rmw_fastrtps_cpp' as default
[1.647s] -- Looking for pthread.h
[1.722s] -- Looking for pthread.h - found
[1.723s] -- Performing Test CMAKE_HAVE_LIBC_PTHREAD
[1.798s] -- Performing Test CMAKE_HAVE_LIBC_PTHREAD - Success
[1.799s] -- Found Threads: TRUE  
[2.519s] -- Checking for module 'eigen3'
[2.534s] --   Found eigen3, version 3.4.0
[2.559s] -- Found Eigen: /usr/include/eigen3 (Required is at least version "3.1") 
[2.559s] -- Eigen found (include: /usr/include/eigen3, version: 3.4.0)
[2.591s] -- Found Boost: /usr/lib/x86_64-linux-gnu/cmake/Boost-1.74.0/BoostConfig.cmake (found suitable version "1.74.0", minimum required is "1.65.0") found components: system filesystem date_time iostreams serialization 
[2.611s] -- Checking for module 'flann'
[2.630s] --   Found flann, version 1.9.1
[2.695s] -- Found FLANN: /usr/lib/x86_64-linux-gnu/libflann_cpp.so  
[2.695s] -- FLANN found (include: /usr/include, lib: /usr/lib/x86_64-linux-gnu/libflann_cpp.so)
[2.755s] -- Found GLEW: /usr/lib/x86_64-linux-gnu/libGLEW.so  
[2.765s] -- Found OpenGL: /usr/lib/x86_64-linux-gnu/libOpenGL.so  found components: OpenGL GLX 
[2.973s] -- Found MPI_C: /usr/lib/x86_64-linux-gnu/libmpi.so (found version "3.1") 
[2.973s] -- Found MPI: TRUE (found version "3.1") found components: C 
[2.978s] -- Found JsonCpp: /usr/lib/x86_64-linux-gnu/libjsoncpp.so (found suitable version "1.9.5", minimum required is "0.7.0") 
[2.995s] -- Found ZLIB: /usr/lib/x86_64-linux-gnu/libz.so (found version "1.2.11") 
[3.024s] -- Found PNG: /usr/lib/x86_64-linux-gnu/libpng.so (found version "1.6.37") 
[3.044s] -- Found Eigen3: /usr/include/eigen3 (found version "3.4.0") 
[3.173s] -- Found X11: /usr/include   
[3.174s] -- Looking for XOpenDisplay in /usr/lib/x86_64-linux-gnu/libX11.so;/usr/lib/x86_64-linux-gnu/libXext.so
[3.250s] -- Looking for XOpenDisplay in /usr/lib/x86_64-linux-gnu/libX11.so;/usr/lib/x86_64-linux-gnu/libXext.so - found
[3.250s] -- Looking for gethostbyname
[3.309s] -- Looking for gethostbyname - found
[3.310s] -- Looking for connect
[3.413s] -- Looking for connect - found
[3.414s] -- Looking for remove
[3.542s] -- Looking for remove - found
[3.543s] -- Looking for shmat
[3.637s] -- Looking for shmat - found
[3.638s] -- Looking for IceConnectionNumber in ICE
[3.715s] -- Looking for IceConnectionNumber in ICE - found
[3.825s] -- Found EXPAT: /usr/lib/x86_64-linux-gnu/libexpat.so (found version "2.4.7") 
[3.832s] -- Found double-conversion: /usr/lib/x86_64-linux-gnu/libdouble-conversion.so  
[3.832s] -- Found LZ4: /usr/lib/x86_64-linux-gnu/liblz4.so (found version "1.9.3") 
[3.835s] -- Found LZMA: /usr/lib/x86_64-linux-gnu/liblzma.so (found version "5.2.5") 
[3.857s] -- Found JPEG: /usr/lib/x86_64-linux-gnu/libjpeg.so (found version "80") 
[3.873s] -- Found TIFF: /usr/lib/x86_64-linux-gnu/libtiff.so (found version "4.3.0")  
[3.879s] -- Found Freetype: /usr/lib/x86_64-linux-gnu/libfreetype.so (found version "2.11.1") 
[3.887s] -- Found utf8cpp: /usr/include/utf8cpp  
[3.997s] -- Checking for module 'libusb-1.0'
[4.018s] --   Found libusb-1.0, version 1.0.25
[4.054s] -- Found libusb: /usr/lib/x86_64-linux-gnu/libusb-1.0.so  
[4.058s] -- Found OpenNI: /usr/lib/libOpenNI.so;libusb::libusb (found version "1.5.4.0") 
[4.058s] -- OpenNI found (version: 1.5.4.0, include: /usr/include/ni, lib: /usr/lib/libOpenNI.so;libusb::libusb)
[4.123s] -- Found OpenNI2: /usr/lib/x86_64-linux-gnu/libOpenNI2.so;libusb::libusb (found version "2.2.0.33") 
[4.123s] -- OpenNI2 found (version: 2.2.0.33, include: /usr/include/openni2, lib: /usr/lib/x86_64-linux-gnu/libOpenNI2.so;libusb::libusb)
[4.123s] [0m** WARNING ** io features related to pcap will be disabled[0m
[4.293s] -- Eigen found (include: /usr/include/eigen3, version: 3.4.0)
[4.303s] -- OpenNI found (version: 1.5.4.0, include: /usr/include/ni, lib: /usr/lib/libOpenNI.so;libusb::libusb)
[4.308s] -- OpenNI2 found (version: 2.2.0.33, include: /usr/include/openni2, lib: /usr/lib/x86_64-linux-gnu/libOpenNI2.so;libusb::libusb)
[4.482s] -- Found Qhull version 8.0.2
[4.743s] -- OpenNI found (version: 1.5.4.0, include: /usr/include/ni, lib: /usr/lib/libOpenNI.so;libusb::libusb)
[4.995s] -- looking for PCL_COMMON
[4.999s] -- Found PCL_COMMON: /usr/lib/x86_64-linux-gnu/libpcl_common.so  
[5.000s] -- looking for PCL_KDTREE
[5.002s] -- Found PCL_KDTREE: /usr/lib/x86_64-linux-gnu/libpcl_kdtree.so  
[5.005s] -- looking for PCL_OCTREE
[5.007s] -- Found PCL_OCTREE: /usr/lib/x86_64-linux-gnu/libpcl_octree.so  
[5.007s] -- looking for PCL_SEARCH
[5.009s] -- Found PCL_SEARCH: /usr/lib/x86_64-linux-gnu/libpcl_search.so  
[5.010s] -- looking for PCL_SAMPLE_CONSENSUS
[5.011s] -- Found PCL_SAMPLE_CONSENSUS: /usr/lib/x86_64-linux-gnu/libpcl_sample_consensus.so  
[5.012s] -- looking for PCL_FILTERS
[5.014s] -- Found PCL_FILTERS: /usr/lib/x86_64-linux-gnu/libpcl_filters.so  
[5.015s] -- looking for PCL_2D
[5.016s] -- Found PCL_2D: /usr/include/pcl-1.12  
[5.016s] -- looking for PCL_GEOMETRY
[5.016s] -- Found PCL_GEOMETRY: /usr/include/pcl-1.12  
[5.016s] -- looking for PCL_IO
[5.019s] -- Found PCL_IO: /usr/lib/x86_64-linux-gnu/libpcl_io.so  
[5.020s] -- looking for PCL_FEATURES
[5.024s] -- Found PCL_FEATURES: /usr/lib/x86_64-linux-gnu/libpcl_features.so  
[5.024s] -- looking for PCL_ML
[5.028s] -- Found PCL_ML: /usr/lib/x86_64-linux-gnu/libpcl_ml.so  
[5.028s] -- looking for PCL_SEGMENTATION
[5.032s] -- Found PCL_SEGMENTATION: /usr/lib/x86_64-linux-gnu/libpcl_segmentation.so  
[5.033s] -- looking for PCL_VISUALIZATION
[5.035s] -- Found PCL_VISUALIZATION: /usr/lib/x86_64-linux-gnu/libpcl_visualization.so  
[5.036s] -- looking for PCL_SURFACE
[5.039s] -- Found PCL_SURFACE: /usr/lib/x86_64-linux-gnu/libpcl_surface.so  
[5.040s] -- looking for PCL_REGISTRATION
[5.042s] -- Found PCL_REGISTRATION: /usr/lib/x86_64-linux-gnu/libpcl_registration.so  
[5.043s] -- looking for PCL_KEYPOINTS
[5.047s] -- Found PCL_KEYPOINTS: /usr/lib/x86_64-linux-gnu/libpcl_keypoints.so  
[5.047s] -- looking for PCL_TRACKING
[5.051s] -- Found PCL_TRACKING: /usr/lib/x86_64-linux-gnu/libpcl_tracking.so  
[5.051s] -- looking for PCL_RECOGNITION
[5.055s] -- Found PCL_RECOGNITION: /usr/lib/x86_64-linux-gnu/libpcl_recognition.so  
[5.055s] -- looking for PCL_STEREO
[5.059s] -- Found PCL_STEREO: /usr/lib/x86_64-linux-gnu/libpcl_stereo.so  
[5.059s] -- looking for PCL_APPS
[5.062s] -- Found PCL_APPS: /usr/lib/x86_64-linux-gnu/libpcl_apps.so  
[5.064s] -- looking for PCL_IN_HAND_SCANNER
[5.064s] -- Found PCL_IN_HAND_SCANNER: /usr/include/pcl-1.12  
[5.064s] -- looking for PCL_MODELER
[5.065s] -- Found PCL_MODELER: /usr/include/pcl-1.12  
[5.065s] -- looking for PCL_POINT_CLOUD_EDITOR
[5.066s] -- Found PCL_POINT_CLOUD_EDITOR: /usr/include/pcl-1.12  
[5.066s] -- looking for PCL_OUTOFCORE
[5.069s] -- Found PCL_OUTOFCORE: /usr/lib/x86_64-linux-gnu/libpcl_outofcore.so  
[5.070s] -- looking for PCL_PEOPLE
[5.080s] -- Found PCL_PEOPLE: /usr/lib/x86_64-linux-gnu/libpcl_people.so  
[5.080s] -- Found PCL: pcl_common;pcl_kdtree;pcl_octree;pcl_search;pcl_sample_consensus;pcl_filters;pcl_io;pcl_features;pcl_ml;pcl_segmentation;pcl_visualization;pcl_surface;pcl_registration;pcl_keypoints;pcl_tracking;pcl_recognition;pcl_stereo;pcl_apps;pcl_outofcore;pcl_people;Boost::system;Boost::filesystem;Boost::date_time;Boost::iostreams;Boost::serialization;/usr/lib/libOpenNI.so;libusb::libusb;/usr/lib/x86_64-linux-gnu/libOpenNI2.so;libusb::libusb;VTK::ChartsCore;VTK::CommonColor;VTK::CommonComputationalGeometry;VTK::CommonCore;VTK::CommonDataModel;VTK::CommonExecutionModel;VTK::CommonMath;VTK::CommonMisc;VTK::CommonTransforms;VTK::FiltersCore;VTK::FiltersExtraction;VTK::FiltersGeneral;VTK::FiltersGeometry;VTK::FiltersModeling;VTK::FiltersSources;VTK::ImagingCore;VTK::ImagingSources;VTK::InteractionImage;VTK::InteractionStyle;VTK::InteractionWidgets;VTK::IOCore;VTK::IOGeometry;VTK::IOImage;VTK::IOLegacy;VTK::IOPLY;VTK::RenderingAnnotation;VTK::RenderingCore;VTK::RenderingContext2D;VTK::RenderingLOD;VTK::RenderingFreeType;VTK::ViewsCore;VTK::ViewsContext2D;VTK::RenderingOpenGL2;VTK::GUISupportQt;FLANN::FLANN;QHULL::QHULL  
[5.084s] -- Found PkgConfig: /usr/bin/pkg-config (found version "0.29.2") 
[5.085s] -- Checking for module 'apr-1'
[5.092s] --   No package 'apr-1' found
[5.443s] -- Found ament_cmake_ros: 0.10.0 (/opt/ros/humble/share/ament_cmake_ros/cmake)
[5.765s] -- Using all available rosidl_typesupport_c: rosidl_typesupport_fastrtps_c;rosidl_typesupport_introspection_c
[6.341s] -- Using all available rosidl_typesupport_cpp: rosidl_typesupport_fastrtps_cpp;rosidl_typesupport_introspection_cpp
[6.421s] -- Found PythonInterp: /usr/bin/python3 (found suitable version "3.10.12", minimum required is "3.6") 
[6.426s] -- Found python_cmake_module: 0.10.0 (/opt/ros/humble/share/python_cmake_module/cmake)
[6.479s] -- Found PythonLibs: /usr/lib/x86_64-linux-gnu/libpython3.10.so (found suitable version "3.10.12", minimum required is "3.5") 
[6.480s] -- Using PYTHON_EXECUTABLE: /usr/bin/python3
[6.480s] -- Using PYTHON_INCLUDE_DIRS: /usr/include/python3.10
[6.480s] -- Using PYTHON_LIBRARIES: /usr/lib/x86_64-linux-gnu/libpython3.10.so
[6.547s] -- Found PythonExtra: .so  
[6.722s] [0m/usr/local/lib/liblivox_lidar_sdk_shared.so[0m
[6.890s] -- Found ament_lint_auto: 0.12.8 (/opt/ros/humble/share/ament_lint_auto/cmake)
[6.935s] -- Added test 'copyright' to check source files copyright and LICENSE
[6.966s] -- Added test 'cppcheck' to perform static code analysis on C / C++ code
[6.967s] -- Configured cppcheck include dirs: /home/lx/ros2/xiao_ying/src/livox_ros_driver2/3rdparty;/home/lx/ros2/xiao_ying/src/livox_ros_driver2/src
[6.968s] -- Configured cppcheck exclude dirs and/or files: 
[7.002s] -- Added test 'cpplint' to check C / C++ code against the Google style
[7.003s] -- Configured cpplint exclude dirs and/or files: 
[7.004s] -- Added test 'flake8' to check Python code syntax and style conventions
[7.014s] -- Added test 'lint_cmake' to check CMake code style
[7.020s] -- Added test 'pep257' to check Python code against some of the docstring style conventions in PEP 257
[7.052s] -- Added test 'uncrustify' to check C / C++ code style
[7.053s] -- Configured uncrustify additional arguments: 
[7.059s] -- Added test 'xmllint' to check XML markup files
[7.065s] -- Configuring done
[7.207s] -- Generating done
[7.231s] -- Build files have been written to: /home/lx/ros2/xiao_ying/build/livox_ros_driver2
