[0.242s] DEBUG:colcon:Command line arguments: ['/usr/bin/colcon', 'build']
[0.242s] DEBUG:colcon:Parsed command line arguments: Namespace(log_base=None, log_level=None, verb_name='build', build_base='build', install_base='install', merge_install=False, symlink_install=False, test_result_base=None, continue_on_error=False, executor='parallel', parallel_workers=12, event_handlers=None, ignore_user_meta=False, metas=['./colcon.meta'], base_paths=['.'], packages_ignore=None, packages_ignore_regex=None, paths=None, packages_up_to=None, packages_up_to_regex=None, packages_above=None, packages_above_and_dependencies=None, packages_above_depth=None, packages_select_by_dep=None, packages_skip_by_dep=None, packages_skip_up_to=None, packages_select_build_failed=False, packages_skip_build_finished=False, packages_select_test_failures=False, packages_skip_test_passed=False, packages_select=None, packages_skip=None, packages_select_regex=None, packages_skip_regex=None, packages_start=None, packages_end=None, allow_overriding=[], cmake_args=None, cmake_target=None, cmake_target_skip_unavailable=False, cmake_clean_cache=False, cmake_clean_first=False, cmake_force_configure=False, ament_cmake_args=None, catkin_cmake_args=None, catkin_skip_building_tests=False, verb_parser=<colcon_defaults.argument_parser.defaults.DefaultArgumentsDecorator object at 0x7f14db7f0ac0>, verb_extension=<colcon_core.verb.build.BuildVerb object at 0x7f14db711cf0>, main=<bound method BuildVerb.main of <colcon_core.verb.build.BuildVerb object at 0x7f14db711cf0>>)
[0.268s] Level 1:colcon.colcon_core.package_discovery:discover_packages(colcon_meta) check parameters
[0.268s] Level 1:colcon.colcon_core.package_discovery:discover_packages(recursive) check parameters
[0.268s] Level 1:colcon.colcon_core.package_discovery:discover_packages(ignore) check parameters
[0.268s] Level 1:colcon.colcon_core.package_discovery:discover_packages(path) check parameters
[0.268s] Level 1:colcon.colcon_core.package_discovery:discover_packages(colcon_meta) discover
[0.268s] Level 1:colcon.colcon_core.package_discovery:discover_packages(recursive) discover
[0.268s] INFO:colcon.colcon_core.package_discovery:Crawling recursively for packages in '/home/lx/ros2/gezebo_ws'
[0.268s] Level 1:colcon.colcon_core.package_identification:_identify(.) by extensions ['ignore', 'ignore_ament_install']
[0.268s] Level 1:colcon.colcon_core.package_identification:_identify(.) by extension 'ignore'
[0.268s] Level 1:colcon.colcon_core.package_identification:_identify(.) by extension 'ignore_ament_install'
[0.269s] Level 1:colcon.colcon_core.package_identification:_identify(.) by extensions ['colcon_pkg']
[0.269s] Level 1:colcon.colcon_core.package_identification:_identify(.) by extension 'colcon_pkg'
[0.269s] Level 1:colcon.colcon_core.package_identification:_identify(.) by extensions ['colcon_meta']
[0.269s] Level 1:colcon.colcon_core.package_identification:_identify(.) by extension 'colcon_meta'
[0.269s] Level 1:colcon.colcon_core.package_identification:_identify(.) by extensions ['ros']
[0.269s] Level 1:colcon.colcon_core.package_identification:_identify(.) by extension 'ros'
[0.277s] Level 1:colcon.colcon_core.package_identification:_identify(.) by extensions ['cmake', 'python']
[0.277s] Level 1:colcon.colcon_core.package_identification:_identify(.) by extension 'cmake'
[0.277s] Level 1:colcon.colcon_core.package_identification:_identify(.) by extension 'python'
[0.277s] Level 1:colcon.colcon_core.package_identification:_identify(.) by extensions ['python_setup_py']
[0.277s] Level 1:colcon.colcon_core.package_identification:_identify(.) by extension 'python_setup_py'
[0.277s] Level 1:colcon.colcon_core.package_identification:_identify(build) by extensions ['ignore', 'ignore_ament_install']
[0.277s] Level 1:colcon.colcon_core.package_identification:_identify(build) by extension 'ignore'
[0.277s] Level 1:colcon.colcon_core.package_identification:_identify(build) ignored
[0.277s] Level 1:colcon.colcon_core.package_identification:_identify(install) by extensions ['ignore', 'ignore_ament_install']
[0.278s] Level 1:colcon.colcon_core.package_identification:_identify(install) by extension 'ignore'
[0.278s] Level 1:colcon.colcon_core.package_identification:_identify(install) ignored
[0.278s] Level 1:colcon.colcon_core.package_identification:_identify(log) by extensions ['ignore', 'ignore_ament_install']
[0.278s] Level 1:colcon.colcon_core.package_identification:_identify(log) by extension 'ignore'
[0.278s] Level 1:colcon.colcon_core.package_identification:_identify(log) ignored
[0.278s] Level 1:colcon.colcon_core.package_identification:_identify(src) by extensions ['ignore', 'ignore_ament_install']
[0.278s] Level 1:colcon.colcon_core.package_identification:_identify(src) by extension 'ignore'
[0.278s] Level 1:colcon.colcon_core.package_identification:_identify(src) by extension 'ignore_ament_install'
[0.278s] Level 1:colcon.colcon_core.package_identification:_identify(src) by extensions ['colcon_pkg']
[0.278s] Level 1:colcon.colcon_core.package_identification:_identify(src) by extension 'colcon_pkg'
[0.278s] Level 1:colcon.colcon_core.package_identification:_identify(src) by extensions ['colcon_meta']
[0.278s] Level 1:colcon.colcon_core.package_identification:_identify(src) by extension 'colcon_meta'
[0.278s] Level 1:colcon.colcon_core.package_identification:_identify(src) by extensions ['ros']
[0.278s] Level 1:colcon.colcon_core.package_identification:_identify(src) by extension 'ros'
[0.278s] Level 1:colcon.colcon_core.package_identification:_identify(src) by extensions ['cmake', 'python']
[0.278s] Level 1:colcon.colcon_core.package_identification:_identify(src) by extension 'cmake'
[0.278s] Level 1:colcon.colcon_core.package_identification:_identify(src) by extension 'python'
[0.278s] Level 1:colcon.colcon_core.package_identification:_identify(src) by extensions ['python_setup_py']
[0.278s] Level 1:colcon.colcon_core.package_identification:_identify(src) by extension 'python_setup_py'
[0.278s] Level 1:colcon.colcon_core.package_identification:_identify(src/venue) by extensions ['ignore', 'ignore_ament_install']
[0.278s] Level 1:colcon.colcon_core.package_identification:_identify(src/venue) by extension 'ignore'
[0.278s] Level 1:colcon.colcon_core.package_identification:_identify(src/venue) by extension 'ignore_ament_install'
[0.279s] Level 1:colcon.colcon_core.package_identification:_identify(src/venue) by extensions ['colcon_pkg']
[0.279s] Level 1:colcon.colcon_core.package_identification:_identify(src/venue) by extension 'colcon_pkg'
[0.279s] Level 1:colcon.colcon_core.package_identification:_identify(src/venue) by extensions ['colcon_meta']
[0.279s] Level 1:colcon.colcon_core.package_identification:_identify(src/venue) by extension 'colcon_meta'
[0.279s] Level 1:colcon.colcon_core.package_identification:_identify(src/venue) by extensions ['ros']
[0.279s] Level 1:colcon.colcon_core.package_identification:_identify(src/venue) by extension 'ros'
[0.281s] DEBUG:colcon.colcon_core.package_identification:Package 'src/venue' with type 'ros.catkin' and name 'venue'
[0.281s] Level 1:colcon.colcon_core.package_discovery:discover_packages(recursive) using defaults
[0.281s] Level 1:colcon.colcon_core.package_discovery:discover_packages(ignore) discover
[0.281s] Level 1:colcon.colcon_core.package_discovery:discover_packages(ignore) using defaults
[0.281s] Level 1:colcon.colcon_core.package_discovery:discover_packages(path) discover
[0.281s] Level 1:colcon.colcon_core.package_discovery:discover_packages(path) using defaults
[0.298s] Level 1:colcon.colcon_core.package_discovery:discover_packages(prefix_path) check parameters
[0.298s] Level 1:colcon.colcon_core.package_discovery:discover_packages(prefix_path) discover
[0.300s] DEBUG:colcon.colcon_installed_package_information.package_discovery:Found 1 installed packages in /home/lx/ros2/cartographer_test_ws/install
[0.301s] DEBUG:colcon.colcon_installed_package_information.package_discovery:Found 384 installed packages in /opt/ros/humble
[0.303s] Level 1:colcon.colcon_core.package_discovery:discover_packages(prefix_path) using defaults
[0.357s] Level 5:colcon.colcon_core.verb:set package 'venue' build argument 'cmake_args' from command line to 'None'
[0.357s] Level 5:colcon.colcon_core.verb:set package 'venue' build argument 'cmake_target' from command line to 'None'
[0.357s] Level 5:colcon.colcon_core.verb:set package 'venue' build argument 'cmake_target_skip_unavailable' from command line to 'False'
[0.357s] Level 5:colcon.colcon_core.verb:set package 'venue' build argument 'cmake_clean_cache' from command line to 'False'
[0.357s] Level 5:colcon.colcon_core.verb:set package 'venue' build argument 'cmake_clean_first' from command line to 'False'
[0.357s] Level 5:colcon.colcon_core.verb:set package 'venue' build argument 'cmake_force_configure' from command line to 'False'
[0.357s] Level 5:colcon.colcon_core.verb:set package 'venue' build argument 'ament_cmake_args' from command line to 'None'
[0.357s] Level 5:colcon.colcon_core.verb:set package 'venue' build argument 'catkin_cmake_args' from command line to 'None'
[0.357s] Level 5:colcon.colcon_core.verb:set package 'venue' build argument 'catkin_skip_building_tests' from command line to 'False'
[0.357s] DEBUG:colcon.colcon_core.verb:Building package 'venue' with the following arguments: {'ament_cmake_args': None, 'build_base': '/home/lx/ros2/gezebo_ws/build/venue', 'catkin_cmake_args': None, 'catkin_skip_building_tests': False, 'cmake_args': None, 'cmake_clean_cache': False, 'cmake_clean_first': False, 'cmake_force_configure': False, 'cmake_target': None, 'cmake_target_skip_unavailable': False, 'install_base': '/home/lx/ros2/gezebo_ws/install/venue', 'merge_install': False, 'path': '/home/lx/ros2/gezebo_ws/src/venue', 'symlink_install': False, 'test_result_base': None}
[0.358s] INFO:colcon.colcon_core.executor:Executing jobs using 'parallel' executor
[0.360s] DEBUG:colcon.colcon_parallel_executor.executor.parallel:run_until_complete
[0.360s] INFO:colcon.colcon_ros.task.catkin.build:Building ROS package in '/home/lx/ros2/gezebo_ws/src/venue' with build type 'catkin'
[0.361s] INFO:colcon.colcon_cmake.task.cmake.build:Building CMake package in '/home/lx/ros2/gezebo_ws/src/venue'
[0.364s] INFO:colcon.colcon_core.plugin_system:Skipping extension 'colcon_core.shell.bat': Not used on non-Windows systems
[0.364s] INFO:colcon.colcon_core.shell:Skip shell extension 'powershell' for command environment: Not usable outside of PowerShell
[0.364s] DEBUG:colcon.colcon_core.shell:Skip shell extension 'dsv' for command environment
[0.374s] DEBUG:colcon.colcon_core.event_handler.log_command:Invoking command in '/home/lx/ros2/gezebo_ws/build/venue': /usr/bin/cmake /home/lx/ros2/gezebo_ws/src/venue -DCATKIN_INSTALL_INTO_PREFIX_ROOT=0 -DCMAKE_INSTALL_PREFIX=/home/lx/ros2/gezebo_ws/install/venue
[0.380s] DEBUG:colcon.colcon_core.event_handler.log_command:Invoked command in '/home/lx/ros2/gezebo_ws/build/venue' returned '1': /usr/bin/cmake /home/lx/ros2/gezebo_ws/src/venue -DCATKIN_INSTALL_INTO_PREFIX_ROOT=0 -DCMAKE_INSTALL_PREFIX=/home/lx/ros2/gezebo_ws/install/venue
[0.387s] Level 1:colcon.colcon_core.environment:create_environment_scripts_only(venue)
[0.391s] Level 1:colcon.colcon_core.environment:checking '/home/lx/ros2/gezebo_ws/install/venue' for CMake module files
[0.391s] Level 1:colcon.colcon_core.environment:checking '/home/lx/ros2/gezebo_ws/install/venue' for CMake config files
[0.392s] Level 1:colcon.colcon_core.environment:checking '/home/lx/ros2/gezebo_ws/install/venue/bin'
[0.392s] Level 1:colcon.colcon_core.environment:checking '/home/lx/ros2/gezebo_ws/install/venue/lib/pkgconfig/venue.pc'
[0.392s] Level 1:colcon.colcon_core.environment:checking '/home/lx/ros2/gezebo_ws/install/venue/lib/python3.10/site-packages'
[0.392s] Level 1:colcon.colcon_core.environment:checking '/home/lx/ros2/gezebo_ws/install/venue/bin'
[0.393s] INFO:colcon.colcon_core.shell:Creating package script '/home/lx/ros2/gezebo_ws/install/venue/share/venue/package.ps1'
[0.394s] INFO:colcon.colcon_core.shell:Creating package descriptor '/home/lx/ros2/gezebo_ws/install/venue/share/venue/package.dsv'
[0.394s] INFO:colcon.colcon_core.shell:Creating package script '/home/lx/ros2/gezebo_ws/install/venue/share/venue/package.sh'
[0.394s] INFO:colcon.colcon_core.shell:Creating package script '/home/lx/ros2/gezebo_ws/install/venue/share/venue/package.bash'
[0.395s] INFO:colcon.colcon_core.shell:Creating package script '/home/lx/ros2/gezebo_ws/install/venue/share/venue/package.zsh'
[0.395s] Level 1:colcon.colcon_core.environment:create_file_with_runtime_dependencies(/home/lx/ros2/gezebo_ws/install/venue/share/colcon-core/packages/venue)
[0.406s] DEBUG:colcon.colcon_parallel_executor.executor.parallel:closing loop
[0.406s] DEBUG:colcon.colcon_parallel_executor.executor.parallel:loop closed
[0.406s] DEBUG:colcon.colcon_parallel_executor.executor.parallel:run_until_complete finished with '1'
[0.406s] DEBUG:colcon.colcon_core.event_reactor:joining thread
[0.410s] INFO:colcon.colcon_core.plugin_system:Skipping extension 'colcon_notification.desktop_notification.terminal_notifier': Not used on non-Darwin systems
[0.410s] INFO:colcon.colcon_core.plugin_system:Skipping extension 'colcon_notification.desktop_notification.win32': Not used on non-Windows systems
[0.410s] INFO:colcon.colcon_notification.desktop_notification:Sending desktop notification using 'notify2'
[0.421s] DEBUG:colcon.colcon_core.event_reactor:joined thread
[0.422s] INFO:colcon.colcon_core.shell:Creating prefix script '/home/lx/ros2/gezebo_ws/install/local_setup.ps1'
[0.423s] INFO:colcon.colcon_core.shell:Creating prefix util module '/home/lx/ros2/gezebo_ws/install/_local_setup_util_ps1.py'
[0.424s] INFO:colcon.colcon_core.shell:Creating prefix chain script '/home/lx/ros2/gezebo_ws/install/setup.ps1'
[0.425s] INFO:colcon.colcon_core.shell:Creating prefix script '/home/lx/ros2/gezebo_ws/install/local_setup.sh'
[0.425s] INFO:colcon.colcon_core.shell:Creating prefix util module '/home/lx/ros2/gezebo_ws/install/_local_setup_util_sh.py'
[0.426s] INFO:colcon.colcon_core.shell:Creating prefix chain script '/home/lx/ros2/gezebo_ws/install/setup.sh'
[0.427s] INFO:colcon.colcon_core.shell:Creating prefix script '/home/lx/ros2/gezebo_ws/install/local_setup.bash'
[0.427s] INFO:colcon.colcon_core.shell:Creating prefix chain script '/home/lx/ros2/gezebo_ws/install/setup.bash'
[0.428s] INFO:colcon.colcon_core.shell:Creating prefix script '/home/lx/ros2/gezebo_ws/install/local_setup.zsh'
[0.428s] INFO:colcon.colcon_core.shell:Creating prefix chain script '/home/lx/ros2/gezebo_ws/install/setup.zsh'
