[0.041s] Invoking command in '/home/lx/ros2/demo1/build/turtlebot3_node': CMAKE_PREFIX_PATH=${CMAKE_PREFIX_PATH}:/opt/ros/humble /usr/bin/cmake --build /home/lx/ros2/demo1/build/turtlebot3_node -- -j12 -l12
[0.480s] [35m[1mConsolidate compiler generated dependencies of target turtlebot3_node_lib[0m
[0.481s] [ 85%] Built target turtlebot3_node_lib
[0.481s] [35m[1mConsolidate compiler generated dependencies of target turtlebot3_ros[0m
[0.481s] [100%] Built target turtlebot3_ros
[0.490s] Invoked command in '/home/lx/ros2/demo1/build/turtlebot3_node' returned '0': CMAKE_PREFIX_PATH=${CMAKE_PREFIX_PATH}:/opt/ros/humble /usr/bin/cmake --build /home/lx/ros2/demo1/build/turtlebot3_node -- -j12 -l12
[0.526s] Invoking command in '/home/lx/ros2/demo1/build/turtlebot3_node': CMAKE_PREFIX_PATH=${CMAKE_PREFIX_PATH}:/opt/ros/humble /usr/bin/cmake --install /home/lx/ros2/demo1/build/turtlebot3_node
[0.535s] -- Install configuration: ""
[0.536s] -- Execute custom install script
[0.536s] -- Up-to-date symlink: /home/lx/ros2/demo1/install/turtlebot3_node/share/turtlebot3_node/param/burger.yaml
[0.536s] -- Up-to-date symlink: /home/lx/ros2/demo1/install/turtlebot3_node/share/turtlebot3_node/param/waffle.yaml
[0.536s] -- Up-to-date symlink: /home/lx/ros2/demo1/install/turtlebot3_node/share/turtlebot3_node/param/waffle_pi.yaml
[0.536s] -- Up-to-date symlink: /home/lx/ros2/demo1/install/turtlebot3_node/lib/turtlebot3_node/turtlebot3_ros
[0.536s] -- Up-to-date symlink: /home/lx/ros2/demo1/install/turtlebot3_node/share/ament_index/resource_index/package_run_dependencies/turtlebot3_node
[0.536s] -- Up-to-date symlink: /home/lx/ros2/demo1/install/turtlebot3_node/share/ament_index/resource_index/parent_prefix_path/turtlebot3_node
[0.536s] -- Up-to-date symlink: /home/lx/ros2/demo1/install/turtlebot3_node/share/turtlebot3_node/environment/ament_prefix_path.sh
[0.536s] -- Up-to-date symlink: /home/lx/ros2/demo1/install/turtlebot3_node/share/turtlebot3_node/environment/ament_prefix_path.dsv
[0.536s] -- Up-to-date symlink: /home/lx/ros2/demo1/install/turtlebot3_node/share/turtlebot3_node/environment/path.sh
[0.536s] -- Up-to-date symlink: /home/lx/ros2/demo1/install/turtlebot3_node/share/turtlebot3_node/environment/path.dsv
[0.536s] -- Up-to-date symlink: /home/lx/ros2/demo1/install/turtlebot3_node/share/turtlebot3_node/local_setup.bash
[0.536s] -- Up-to-date symlink: /home/lx/ros2/demo1/install/turtlebot3_node/share/turtlebot3_node/local_setup.sh
[0.536s] -- Up-to-date symlink: /home/lx/ros2/demo1/install/turtlebot3_node/share/turtlebot3_node/local_setup.zsh
[0.537s] -- Up-to-date symlink: /home/lx/ros2/demo1/install/turtlebot3_node/share/turtlebot3_node/local_setup.dsv
[0.537s] -- Symlinking: /home/lx/ros2/demo1/install/turtlebot3_node/share/turtlebot3_node/package.dsv
[0.545s] -- Up-to-date symlink: /home/lx/ros2/demo1/install/turtlebot3_node/share/ament_index/resource_index/packages/turtlebot3_node
[0.545s] -- Up-to-date symlink: /home/lx/ros2/demo1/install/turtlebot3_node/share/turtlebot3_node/cmake/ament_cmake_export_include_directories-extras.cmake
[0.545s] -- Up-to-date symlink: /home/lx/ros2/demo1/install/turtlebot3_node/share/turtlebot3_node/cmake/turtlebot3_nodeConfig.cmake
[0.545s] -- Up-to-date symlink: /home/lx/ros2/demo1/install/turtlebot3_node/share/turtlebot3_node/cmake/turtlebot3_nodeConfig-version.cmake
[0.545s] -- Up-to-date symlink: /home/lx/ros2/demo1/install/turtlebot3_node/share/turtlebot3_node/package.xml
[0.579s] Invoked command in '/home/lx/ros2/demo1/build/turtlebot3_node' returned '0': CMAKE_PREFIX_PATH=${CMAKE_PREFIX_PATH}:/opt/ros/humble /usr/bin/cmake --install /home/lx/ros2/demo1/build/turtlebot3_node
