[0.201s] Invoking command in '/home/lx/ros2/ros/xiao_ying/build/fast_lio': CMAKE_PREFIX_PATH=/home/lx/ros2/ros/xiao_ying/install/livox_ros_driver2:/home/lx/ros2/ros/xiao_ying/install/pointcloud_to_laserscan:/home/lx/ros2/ros/xiao_ying/install/fast_lio:/home/lx/ros2/ros/xiao_ying/install/imu_complementary_filter:/opt/ros/humble LD_LIBRARY_PATH=/home/lx/ros2/ros/xiao_ying/install/livox_ros_driver2/lib:/home/lx/ros2/ros/xiao_ying/install/pointcloud_to_laserscan/lib:/home/lx/ros2/ros/xiao_ying/install/fast_lio/lib:/home/lx/ros2/ros/xiao_ying/install/imu_complementary_filter/lib:/usr/lib/x86_64-linux-gnu/gazebo-11/plugins:/opt/ros/humble/opt/rviz_ogre_vendor/lib:/opt/ros/humble/lib/x86_64-linux-gnu:/opt/ros/humble/lib /usr/bin/cmake --build /home/lx/ros2/ros/xiao_ying/build/fast_lio -- -j12 -l12
[0.304s] [  8%] Built target fast_lio__cpp
[0.304s] [ 11%] Built target fast_lio__rosidl_generator_c
[0.326s] [ 11%] Built target ament_cmake_python_copy_fast_lio
[0.359s] [ 20%] Built target fast_lio__rosidl_typesupport_introspection_c
[0.367s] [ 28%] Built target fast_lio__rosidl_typesupport_c
[0.372s] [ 37%] Built target fast_lio__rosidl_typesupport_fastrtps_c
[0.380s] [ 45%] Built target fast_lio__rosidl_typesupport_introspection_cpp
[0.415s] [ 54%] Built target fast_lio__rosidl_typesupport_cpp
[0.427s] [ 62%] Built target fast_lio__rosidl_typesupport_fastrtps_cpp
[0.499s] [ 62%] Built target fast_lio
[0.522s] [ 74%] Built target fastlio_mapping
[0.549s] [ 77%] Built target fast_lio__py
[0.595s] [ 82%] Built target fast_lio__rosidl_generator_py
[0.632s] [ 94%] Built target fast_lio__rosidl_typesupport_introspection_c__pyext
[0.633s] [ 94%] Built target fast_lio__rosidl_typesupport_fastrtps_c__pyext
[0.642s] [100%] Built target fast_lio__rosidl_typesupport_c__pyext
[0.849s] running egg_info
[0.851s] writing fast_lio.egg-info/PKG-INFO
[0.852s] writing dependency_links to fast_lio.egg-info/dependency_links.txt
[0.852s] writing top-level names to fast_lio.egg-info/top_level.txt
[0.859s] reading manifest file 'fast_lio.egg-info/SOURCES.txt'
[0.861s] writing manifest file 'fast_lio.egg-info/SOURCES.txt'
[0.985s] [100%] Built target ament_cmake_python_build_fast_lio_egg
[1.003s] Invoked command in '/home/lx/ros2/ros/xiao_ying/build/fast_lio' returned '0': CMAKE_PREFIX_PATH=/home/lx/ros2/ros/xiao_ying/install/livox_ros_driver2:/home/lx/ros2/ros/xiao_ying/install/pointcloud_to_laserscan:/home/lx/ros2/ros/xiao_ying/install/fast_lio:/home/lx/ros2/ros/xiao_ying/install/imu_complementary_filter:/opt/ros/humble LD_LIBRARY_PATH=/home/lx/ros2/ros/xiao_ying/install/livox_ros_driver2/lib:/home/lx/ros2/ros/xiao_ying/install/pointcloud_to_laserscan/lib:/home/lx/ros2/ros/xiao_ying/install/fast_lio/lib:/home/lx/ros2/ros/xiao_ying/install/imu_complementary_filter/lib:/usr/lib/x86_64-linux-gnu/gazebo-11/plugins:/opt/ros/humble/opt/rviz_ogre_vendor/lib:/opt/ros/humble/lib/x86_64-linux-gnu:/opt/ros/humble/lib /usr/bin/cmake --build /home/lx/ros2/ros/xiao_ying/build/fast_lio -- -j12 -l12
[1.074s] Invoking command in '/home/lx/ros2/ros/xiao_ying/build/fast_lio': CMAKE_PREFIX_PATH=/home/lx/ros2/ros/xiao_ying/install/livox_ros_driver2:/home/lx/ros2/ros/xiao_ying/install/pointcloud_to_laserscan:/home/lx/ros2/ros/xiao_ying/install/fast_lio:/home/lx/ros2/ros/xiao_ying/install/imu_complementary_filter:/opt/ros/humble LD_LIBRARY_PATH=/home/lx/ros2/ros/xiao_ying/install/livox_ros_driver2/lib:/home/lx/ros2/ros/xiao_ying/install/pointcloud_to_laserscan/lib:/home/lx/ros2/ros/xiao_ying/install/fast_lio/lib:/home/lx/ros2/ros/xiao_ying/install/imu_complementary_filter/lib:/usr/lib/x86_64-linux-gnu/gazebo-11/plugins:/opt/ros/humble/opt/rviz_ogre_vendor/lib:/opt/ros/humble/lib/x86_64-linux-gnu:/opt/ros/humble/lib /usr/bin/cmake --install /home/lx/ros2/ros/xiao_ying/build/fast_lio
[1.085s] -- Install configuration: "Release"
[1.086s] -- Up-to-date: /home/lx/ros2/ros/xiao_ying/install/fast_lio/share/ament_index/resource_index/rosidl_interfaces/fast_lio
[1.086s] -- Up-to-date: /home/lx/ros2/ros/xiao_ying/install/fast_lio/include/fast_lio/fast_lio
[1.086s] -- Up-to-date: /home/lx/ros2/ros/xiao_ying/install/fast_lio/include/fast_lio/fast_lio/msg
[1.086s] -- Up-to-date: /home/lx/ros2/ros/xiao_ying/install/fast_lio/include/fast_lio/fast_lio/msg/detail
[1.086s] -- Up-to-date: /home/lx/ros2/ros/xiao_ying/install/fast_lio/include/fast_lio/fast_lio/msg/detail/pose6_d__struct.h
[1.086s] -- Up-to-date: /home/lx/ros2/ros/xiao_ying/install/fast_lio/include/fast_lio/fast_lio/msg/detail/pose6_d__functions.c
[1.086s] -- Up-to-date: /home/lx/ros2/ros/xiao_ying/install/fast_lio/include/fast_lio/fast_lio/msg/detail/pose6_d__type_support.h
[1.087s] -- Up-to-date: /home/lx/ros2/ros/xiao_ying/install/fast_lio/include/fast_lio/fast_lio/msg/detail/pose6_d__functions.h
[1.087s] -- Up-to-date: /home/lx/ros2/ros/xiao_ying/install/fast_lio/include/fast_lio/fast_lio/msg/pose6_d.h
[1.087s] -- Up-to-date: /home/lx/ros2/ros/xiao_ying/install/fast_lio/include/fast_lio/fast_lio/msg/rosidl_generator_c__visibility_control.h
[1.087s] -- Up-to-date: /home/lx/ros2/ros/xiao_ying/install/fast_lio/share/fast_lio/environment/library_path.sh
[1.087s] -- Up-to-date: /home/lx/ros2/ros/xiao_ying/install/fast_lio/share/fast_lio/environment/library_path.dsv
[1.087s] -- Up-to-date: /home/lx/ros2/ros/xiao_ying/install/fast_lio/lib/libfast_lio__rosidl_generator_c.so
[1.088s] -- Up-to-date: /home/lx/ros2/ros/xiao_ying/install/fast_lio/include/fast_lio/fast_lio
[1.088s] -- Up-to-date: /home/lx/ros2/ros/xiao_ying/install/fast_lio/include/fast_lio/fast_lio/msg
[1.088s] -- Up-to-date: /home/lx/ros2/ros/xiao_ying/install/fast_lio/include/fast_lio/fast_lio/msg/detail
[1.088s] -- Up-to-date: /home/lx/ros2/ros/xiao_ying/install/fast_lio/include/fast_lio/fast_lio/msg/detail/pose6_d__rosidl_typesupport_fastrtps_c.h
[1.088s] -- Up-to-date: /home/lx/ros2/ros/xiao_ying/install/fast_lio/include/fast_lio/fast_lio/msg/rosidl_typesupport_fastrtps_c__visibility_control.h
[1.089s] -- Up-to-date: /home/lx/ros2/ros/xiao_ying/install/fast_lio/lib/libfast_lio__rosidl_typesupport_fastrtps_c.so
[1.089s] -- Up-to-date: /home/lx/ros2/ros/xiao_ying/install/fast_lio/include/fast_lio/fast_lio
[1.089s] -- Up-to-date: /home/lx/ros2/ros/xiao_ying/install/fast_lio/include/fast_lio/fast_lio/msg
[1.089s] -- Up-to-date: /home/lx/ros2/ros/xiao_ying/install/fast_lio/include/fast_lio/fast_lio/msg/detail
[1.089s] -- Up-to-date: /home/lx/ros2/ros/xiao_ying/install/fast_lio/include/fast_lio/fast_lio/msg/detail/pose6_d__struct.hpp
[1.090s] -- Up-to-date: /home/lx/ros2/ros/xiao_ying/install/fast_lio/include/fast_lio/fast_lio/msg/detail/pose6_d__traits.hpp
[1.090s] -- Up-to-date: /home/lx/ros2/ros/xiao_ying/install/fast_lio/include/fast_lio/fast_lio/msg/detail/pose6_d__builder.hpp
[1.090s] -- Up-to-date: /home/lx/ros2/ros/xiao_ying/install/fast_lio/include/fast_lio/fast_lio/msg/pose6_d.hpp
[1.090s] -- Up-to-date: /home/lx/ros2/ros/xiao_ying/install/fast_lio/include/fast_lio/fast_lio
[1.090s] -- Up-to-date: /home/lx/ros2/ros/xiao_ying/install/fast_lio/include/fast_lio/fast_lio/msg
[1.090s] -- Up-to-date: /home/lx/ros2/ros/xiao_ying/install/fast_lio/include/fast_lio/fast_lio/msg/detail
[1.090s] -- Up-to-date: /home/lx/ros2/ros/xiao_ying/install/fast_lio/include/fast_lio/fast_lio/msg/detail/dds_fastrtps
[1.090s] -- Up-to-date: /home/lx/ros2/ros/xiao_ying/install/fast_lio/include/fast_lio/fast_lio/msg/detail/pose6_d__rosidl_typesupport_fastrtps_cpp.hpp
[1.091s] -- Up-to-date: /home/lx/ros2/ros/xiao_ying/install/fast_lio/include/fast_lio/fast_lio/msg/rosidl_typesupport_fastrtps_cpp__visibility_control.h
[1.091s] -- Up-to-date: /home/lx/ros2/ros/xiao_ying/install/fast_lio/lib/libfast_lio__rosidl_typesupport_fastrtps_cpp.so
[1.091s] -- Up-to-date: /home/lx/ros2/ros/xiao_ying/install/fast_lio/include/fast_lio/fast_lio
[1.091s] -- Up-to-date: /home/lx/ros2/ros/xiao_ying/install/fast_lio/include/fast_lio/fast_lio/msg
[1.091s] -- Up-to-date: /home/lx/ros2/ros/xiao_ying/install/fast_lio/include/fast_lio/fast_lio/msg/detail
[1.091s] -- Up-to-date: /home/lx/ros2/ros/xiao_ying/install/fast_lio/include/fast_lio/fast_lio/msg/detail/pose6_d__type_support.c
[1.092s] -- Up-to-date: /home/lx/ros2/ros/xiao_ying/install/fast_lio/include/fast_lio/fast_lio/msg/detail/pose6_d__rosidl_typesupport_introspection_c.h
[1.092s] -- Up-to-date: /home/lx/ros2/ros/xiao_ying/install/fast_lio/include/fast_lio/fast_lio/msg/rosidl_typesupport_introspection_c__visibility_control.h
[1.092s] -- Up-to-date: /home/lx/ros2/ros/xiao_ying/install/fast_lio/lib/libfast_lio__rosidl_typesupport_introspection_c.so
[1.092s] -- Up-to-date: /home/lx/ros2/ros/xiao_ying/install/fast_lio/lib/libfast_lio__rosidl_typesupport_c.so
[1.092s] -- Up-to-date: /home/lx/ros2/ros/xiao_ying/install/fast_lio/include/fast_lio/fast_lio
[1.092s] -- Up-to-date: /home/lx/ros2/ros/xiao_ying/install/fast_lio/include/fast_lio/fast_lio/msg
[1.092s] -- Up-to-date: /home/lx/ros2/ros/xiao_ying/install/fast_lio/include/fast_lio/fast_lio/msg/detail
[1.092s] -- Up-to-date: /home/lx/ros2/ros/xiao_ying/install/fast_lio/include/fast_lio/fast_lio/msg/detail/pose6_d__type_support.cpp
[1.092s] -- Up-to-date: /home/lx/ros2/ros/xiao_ying/install/fast_lio/include/fast_lio/fast_lio/msg/detail/pose6_d__rosidl_typesupport_introspection_cpp.hpp
[1.092s] -- Up-to-date: /home/lx/ros2/ros/xiao_ying/install/fast_lio/lib/libfast_lio__rosidl_typesupport_introspection_cpp.so
[1.092s] -- Up-to-date: /home/lx/ros2/ros/xiao_ying/install/fast_lio/lib/libfast_lio__rosidl_typesupport_cpp.so
[1.092s] -- Up-to-date: /home/lx/ros2/ros/xiao_ying/install/fast_lio/share/fast_lio/environment/pythonpath.sh
[1.093s] -- Up-to-date: /home/lx/ros2/ros/xiao_ying/install/fast_lio/share/fast_lio/environment/pythonpath.dsv
[1.093s] -- Up-to-date: /home/lx/ros2/ros/xiao_ying/install/fast_lio/local/lib/python3.10/dist-packages/fast_lio-0.0.0-py3.10.egg-info
[1.093s] -- Installing: /home/lx/ros2/ros/xiao_ying/install/fast_lio/local/lib/python3.10/dist-packages/fast_lio-0.0.0-py3.10.egg-info/top_level.txt
[1.093s] -- Installing: /home/lx/ros2/ros/xiao_ying/install/fast_lio/local/lib/python3.10/dist-packages/fast_lio-0.0.0-py3.10.egg-info/PKG-INFO
[1.093s] -- Installing: /home/lx/ros2/ros/xiao_ying/install/fast_lio/local/lib/python3.10/dist-packages/fast_lio-0.0.0-py3.10.egg-info/SOURCES.txt
[1.093s] -- Installing: /home/lx/ros2/ros/xiao_ying/install/fast_lio/local/lib/python3.10/dist-packages/fast_lio-0.0.0-py3.10.egg-info/dependency_links.txt
[1.093s] -- Up-to-date: /home/lx/ros2/ros/xiao_ying/install/fast_lio/local/lib/python3.10/dist-packages/fast_lio
[1.093s] -- Up-to-date: /home/lx/ros2/ros/xiao_ying/install/fast_lio/local/lib/python3.10/dist-packages/fast_lio/fast_lio_s__rosidl_typesupport_c.cpython-310-x86_64-linux-gnu.so
[1.093s] -- Up-to-date: /home/lx/ros2/ros/xiao_ying/install/fast_lio/local/lib/python3.10/dist-packages/fast_lio/fast_lio_s__rosidl_typesupport_fastrtps_c.cpython-310-x86_64-linux-gnu.so
[1.093s] -- Up-to-date: /home/lx/ros2/ros/xiao_ying/install/fast_lio/local/lib/python3.10/dist-packages/fast_lio/_fast_lio_s.ep.rosidl_typesupport_fastrtps_c.c
[1.093s] -- Up-to-date: /home/lx/ros2/ros/xiao_ying/install/fast_lio/local/lib/python3.10/dist-packages/fast_lio/libfast_lio__rosidl_generator_py.so
[1.093s] -- Up-to-date: /home/lx/ros2/ros/xiao_ying/install/fast_lio/local/lib/python3.10/dist-packages/fast_lio/_fast_lio_s.ep.rosidl_typesupport_c.c
[1.093s] -- Up-to-date: /home/lx/ros2/ros/xiao_ying/install/fast_lio/local/lib/python3.10/dist-packages/fast_lio/msg
[1.093s] -- Up-to-date: /home/lx/ros2/ros/xiao_ying/install/fast_lio/local/lib/python3.10/dist-packages/fast_lio/msg/_pose6_d.py
[1.093s] -- Up-to-date: /home/lx/ros2/ros/xiao_ying/install/fast_lio/local/lib/python3.10/dist-packages/fast_lio/msg/_pose6_d_s.c
[1.093s] -- Up-to-date: /home/lx/ros2/ros/xiao_ying/install/fast_lio/local/lib/python3.10/dist-packages/fast_lio/msg/__init__.py
[1.094s] -- Up-to-date: /home/lx/ros2/ros/xiao_ying/install/fast_lio/local/lib/python3.10/dist-packages/fast_lio/_fast_lio_s.ep.rosidl_typesupport_introspection_c.c
[1.094s] -- Up-to-date: /home/lx/ros2/ros/xiao_ying/install/fast_lio/local/lib/python3.10/dist-packages/fast_lio/__init__.py
[1.094s] -- Up-to-date: /home/lx/ros2/ros/xiao_ying/install/fast_lio/local/lib/python3.10/dist-packages/fast_lio/fast_lio_s__rosidl_typesupport_introspection_c.cpython-310-x86_64-linux-gnu.so
[1.125s] Listing '/home/lx/ros2/ros/xiao_ying/install/fast_lio/local/lib/python3.10/dist-packages/fast_lio'...
[1.125s] Listing '/home/lx/ros2/ros/xiao_ying/install/fast_lio/local/lib/python3.10/dist-packages/fast_lio/msg'...
[1.136s] -- Up-to-date: /home/lx/ros2/ros/xiao_ying/install/fast_lio/local/lib/python3.10/dist-packages/fast_lio/fast_lio_s__rosidl_typesupport_fastrtps_c.cpython-310-x86_64-linux-gnu.so
[1.136s] -- Up-to-date: /home/lx/ros2/ros/xiao_ying/install/fast_lio/local/lib/python3.10/dist-packages/fast_lio/fast_lio_s__rosidl_typesupport_introspection_c.cpython-310-x86_64-linux-gnu.so
[1.136s] -- Up-to-date: /home/lx/ros2/ros/xiao_ying/install/fast_lio/local/lib/python3.10/dist-packages/fast_lio/fast_lio_s__rosidl_typesupport_c.cpython-310-x86_64-linux-gnu.so
[1.136s] -- Up-to-date: /home/lx/ros2/ros/xiao_ying/install/fast_lio/lib/libfast_lio__rosidl_generator_py.so
[1.136s] -- Up-to-date: /home/lx/ros2/ros/xiao_ying/install/fast_lio/share/fast_lio/msg/Pose6D.idl
[1.137s] -- Up-to-date: /home/lx/ros2/ros/xiao_ying/install/fast_lio/share/fast_lio/msg/Pose6D.msg
[1.137s] -- Up-to-date: /home/lx/ros2/ros/xiao_ying/install/fast_lio/lib/fast_lio/fastlio_mapping
[1.137s] -- Up-to-date: /home/lx/ros2/ros/xiao_ying/install/fast_lio/share/fast_lio/config
[1.137s] -- Up-to-date: /home/lx/ros2/ros/xiao_ying/install/fast_lio/share/fast_lio/config/avia.yaml
[1.137s] -- Up-to-date: /home/lx/ros2/ros/xiao_ying/install/fast_lio/share/fast_lio/config/horizon.yaml
[1.137s] -- Up-to-date: /home/lx/ros2/ros/xiao_ying/install/fast_lio/share/fast_lio/config/mid360.yaml
[1.137s] -- Up-to-date: /home/lx/ros2/ros/xiao_ying/install/fast_lio/share/fast_lio/config/velodyne.yaml
[1.137s] -- Up-to-date: /home/lx/ros2/ros/xiao_ying/install/fast_lio/share/fast_lio/config/ouster64.yaml
[1.138s] -- Up-to-date: /home/lx/ros2/ros/xiao_ying/install/fast_lio/share/fast_lio/launch
[1.138s] -- Up-to-date: /home/lx/ros2/ros/xiao_ying/install/fast_lio/share/fast_lio/launch/mapping.launch.py
[1.138s] -- Up-to-date: /home/lx/ros2/ros/xiao_ying/install/fast_lio/share/fast_lio/launch/mapping_avia.launch
[1.138s] -- Up-to-date: /home/lx/ros2/ros/xiao_ying/install/fast_lio/share/fast_lio/launch/gdb_debug_example.launch
[1.138s] -- Up-to-date: /home/lx/ros2/ros/xiao_ying/install/fast_lio/share/fast_lio/launch/mapping_velodyne.launch
[1.138s] -- Up-to-date: /home/lx/ros2/ros/xiao_ying/install/fast_lio/share/fast_lio/launch/mapping_horizon.launch
[1.138s] -- Up-to-date: /home/lx/ros2/ros/xiao_ying/install/fast_lio/share/fast_lio/launch/mapping_ouster64.launch
[1.138s] -- Up-to-date: /home/lx/ros2/ros/xiao_ying/install/fast_lio/share/fast_lio/rviz
[1.138s] -- Up-to-date: /home/lx/ros2/ros/xiao_ying/install/fast_lio/share/fast_lio/rviz/fastlio.rviz
[1.138s] -- Up-to-date: /home/lx/ros2/ros/xiao_ying/install/fast_lio/share/ament_index/resource_index/package_run_dependencies/fast_lio
[1.138s] -- Up-to-date: /home/lx/ros2/ros/xiao_ying/install/fast_lio/share/ament_index/resource_index/parent_prefix_path/fast_lio
[1.138s] -- Up-to-date: /home/lx/ros2/ros/xiao_ying/install/fast_lio/share/fast_lio/environment/ament_prefix_path.sh
[1.138s] -- Up-to-date: /home/lx/ros2/ros/xiao_ying/install/fast_lio/share/fast_lio/environment/ament_prefix_path.dsv
[1.138s] -- Up-to-date: /home/lx/ros2/ros/xiao_ying/install/fast_lio/share/fast_lio/environment/path.sh
[1.139s] -- Up-to-date: /home/lx/ros2/ros/xiao_ying/install/fast_lio/share/fast_lio/environment/path.dsv
[1.139s] -- Up-to-date: /home/lx/ros2/ros/xiao_ying/install/fast_lio/share/fast_lio/local_setup.bash
[1.139s] -- Up-to-date: /home/lx/ros2/ros/xiao_ying/install/fast_lio/share/fast_lio/local_setup.sh
[1.139s] -- Up-to-date: /home/lx/ros2/ros/xiao_ying/install/fast_lio/share/fast_lio/local_setup.zsh
[1.139s] -- Up-to-date: /home/lx/ros2/ros/xiao_ying/install/fast_lio/share/fast_lio/local_setup.dsv
[1.139s] -- Installing: /home/lx/ros2/ros/xiao_ying/install/fast_lio/share/fast_lio/package.dsv
[1.139s] -- Up-to-date: /home/lx/ros2/ros/xiao_ying/install/fast_lio/share/ament_index/resource_index/packages/fast_lio
[1.139s] -- Up-to-date: /home/lx/ros2/ros/xiao_ying/install/fast_lio/share/fast_lio/cmake/export_fast_lio__rosidl_generator_cExport.cmake
[1.139s] -- Up-to-date: /home/lx/ros2/ros/xiao_ying/install/fast_lio/share/fast_lio/cmake/export_fast_lio__rosidl_generator_cExport-release.cmake
[1.139s] -- Up-to-date: /home/lx/ros2/ros/xiao_ying/install/fast_lio/share/fast_lio/cmake/export_fast_lio__rosidl_typesupport_fastrtps_cExport.cmake
[1.139s] -- Up-to-date: /home/lx/ros2/ros/xiao_ying/install/fast_lio/share/fast_lio/cmake/export_fast_lio__rosidl_typesupport_fastrtps_cExport-release.cmake
[1.139s] -- Up-to-date: /home/lx/ros2/ros/xiao_ying/install/fast_lio/share/fast_lio/cmake/export_fast_lio__rosidl_generator_cppExport.cmake
[1.139s] -- Up-to-date: /home/lx/ros2/ros/xiao_ying/install/fast_lio/share/fast_lio/cmake/export_fast_lio__rosidl_typesupport_fastrtps_cppExport.cmake
[1.139s] -- Up-to-date: /home/lx/ros2/ros/xiao_ying/install/fast_lio/share/fast_lio/cmake/export_fast_lio__rosidl_typesupport_fastrtps_cppExport-release.cmake
[1.139s] -- Up-to-date: /home/lx/ros2/ros/xiao_ying/install/fast_lio/share/fast_lio/cmake/fast_lio__rosidl_typesupport_introspection_cExport.cmake
[1.139s] -- Up-to-date: /home/lx/ros2/ros/xiao_ying/install/fast_lio/share/fast_lio/cmake/fast_lio__rosidl_typesupport_introspection_cExport-release.cmake
[1.140s] -- Up-to-date: /home/lx/ros2/ros/xiao_ying/install/fast_lio/share/fast_lio/cmake/fast_lio__rosidl_typesupport_cExport.cmake
[1.140s] -- Up-to-date: /home/lx/ros2/ros/xiao_ying/install/fast_lio/share/fast_lio/cmake/fast_lio__rosidl_typesupport_cExport-release.cmake
[1.140s] -- Up-to-date: /home/lx/ros2/ros/xiao_ying/install/fast_lio/share/fast_lio/cmake/fast_lio__rosidl_typesupport_introspection_cppExport.cmake
[1.140s] -- Up-to-date: /home/lx/ros2/ros/xiao_ying/install/fast_lio/share/fast_lio/cmake/fast_lio__rosidl_typesupport_introspection_cppExport-release.cmake
[1.140s] -- Up-to-date: /home/lx/ros2/ros/xiao_ying/install/fast_lio/share/fast_lio/cmake/fast_lio__rosidl_typesupport_cppExport.cmake
[1.140s] -- Up-to-date: /home/lx/ros2/ros/xiao_ying/install/fast_lio/share/fast_lio/cmake/fast_lio__rosidl_typesupport_cppExport-release.cmake
[1.140s] -- Up-to-date: /home/lx/ros2/ros/xiao_ying/install/fast_lio/share/fast_lio/cmake/export_fast_lio__rosidl_generator_pyExport.cmake
[1.140s] -- Up-to-date: /home/lx/ros2/ros/xiao_ying/install/fast_lio/share/fast_lio/cmake/export_fast_lio__rosidl_generator_pyExport-release.cmake
[1.140s] -- Up-to-date: /home/lx/ros2/ros/xiao_ying/install/fast_lio/share/fast_lio/cmake/rosidl_cmake-extras.cmake
[1.140s] -- Up-to-date: /home/lx/ros2/ros/xiao_ying/install/fast_lio/share/fast_lio/cmake/ament_cmake_export_include_directories-extras.cmake
[1.140s] -- Up-to-date: /home/lx/ros2/ros/xiao_ying/install/fast_lio/share/fast_lio/cmake/ament_cmake_export_libraries-extras.cmake
[1.140s] -- Up-to-date: /home/lx/ros2/ros/xiao_ying/install/fast_lio/share/fast_lio/cmake/ament_cmake_export_targets-extras.cmake
[1.140s] -- Up-to-date: /home/lx/ros2/ros/xiao_ying/install/fast_lio/share/fast_lio/cmake/rosidl_cmake_export_typesupport_targets-extras.cmake
[1.140s] -- Up-to-date: /home/lx/ros2/ros/xiao_ying/install/fast_lio/share/fast_lio/cmake/ament_cmake_export_dependencies-extras.cmake
[1.140s] -- Up-to-date: /home/lx/ros2/ros/xiao_ying/install/fast_lio/share/fast_lio/cmake/rosidl_cmake_export_typesupport_libraries-extras.cmake
[1.140s] -- Up-to-date: /home/lx/ros2/ros/xiao_ying/install/fast_lio/share/fast_lio/cmake/fast_lioConfig.cmake
[1.140s] -- Up-to-date: /home/lx/ros2/ros/xiao_ying/install/fast_lio/share/fast_lio/cmake/fast_lioConfig-version.cmake
[1.141s] -- Up-to-date: /home/lx/ros2/ros/xiao_ying/install/fast_lio/share/fast_lio/package.xml
[1.141s] Invoked command in '/home/lx/ros2/ros/xiao_ying/build/fast_lio' returned '0': CMAKE_PREFIX_PATH=/home/lx/ros2/ros/xiao_ying/install/livox_ros_driver2:/home/lx/ros2/ros/xiao_ying/install/pointcloud_to_laserscan:/home/lx/ros2/ros/xiao_ying/install/fast_lio:/home/lx/ros2/ros/xiao_ying/install/imu_complementary_filter:/opt/ros/humble LD_LIBRARY_PATH=/home/lx/ros2/ros/xiao_ying/install/livox_ros_driver2/lib:/home/lx/ros2/ros/xiao_ying/install/pointcloud_to_laserscan/lib:/home/lx/ros2/ros/xiao_ying/install/fast_lio/lib:/home/lx/ros2/ros/xiao_ying/install/imu_complementary_filter/lib:/usr/lib/x86_64-linux-gnu/gazebo-11/plugins:/opt/ros/humble/opt/rviz_ogre_vendor/lib:/opt/ros/humble/lib/x86_64-linux-gnu:/opt/ros/humble/lib /usr/bin/cmake --install /home/lx/ros2/ros/xiao_ying/build/fast_lio
