[0.433s] Invoking command in '/home/lx/ros2/ros/turtlebot3_ws/build/turtlebot3_navigation2': CMAKE_PREFIX_PATH=${CMAKE_PREFIX_PATH}:/home/lx/ros2/ros/turtlebot3_ws/install/turtlebot3_teleop:/home/lx/ros2/ros/turtlebot3_ws/install/turtlebot3_example:/opt/ros/humble /usr/bin/cmake --build /home/lx/ros2/ros/turtlebot3_ws/build/turtlebot3_navigation2 -- -j12 -l12
[0.452s] -- Found ament_cmake: 1.3.5 (/opt/ros/humble/share/ament_cmake/cmake)
[0.632s] -- Configuring done
[0.635s] -- Generating done
[0.636s] -- Build files have been written to: /home/lx/ros2/ros/turtlebot3_ws/build/turtlebot3_navigation2
[0.727s] Invoked command in '/home/lx/ros2/ros/turtlebot3_ws/build/turtlebot3_navigation2' returned '0': CMAKE_PREFIX_PATH=${CMAKE_PREFIX_PATH}:/home/lx/ros2/ros/turtlebot3_ws/install/turtlebot3_teleop:/home/lx/ros2/ros/turtlebot3_ws/install/turtlebot3_example:/opt/ros/humble /usr/bin/cmake --build /home/lx/ros2/ros/turtlebot3_ws/build/turtlebot3_navigation2 -- -j12 -l12
[0.750s] Invoking command in '/home/lx/ros2/ros/turtlebot3_ws/build/turtlebot3_navigation2': CMAKE_PREFIX_PATH=${CMAKE_PREFIX_PATH}:/home/lx/ros2/ros/turtlebot3_ws/install/turtlebot3_teleop:/home/lx/ros2/ros/turtlebot3_ws/install/turtlebot3_example:/opt/ros/humble /usr/bin/cmake --install /home/lx/ros2/ros/turtlebot3_ws/build/turtlebot3_navigation2
[0.760s] -- Install configuration: ""
[0.760s] -- Up-to-date: /home/lx/ros2/ros/turtlebot3_ws/install/turtlebot3_navigation2/share/turtlebot3_navigation2/launch
[0.760s] -- Up-to-date: /home/lx/ros2/ros/turtlebot3_ws/install/turtlebot3_navigation2/share/turtlebot3_navigation2/launch/navigation2.launch.py
[0.760s] -- Up-to-date: /home/lx/ros2/ros/turtlebot3_ws/install/turtlebot3_navigation2/share/turtlebot3_navigation2/map
[0.761s] -- Up-to-date: /home/lx/ros2/ros/turtlebot3_ws/install/turtlebot3_navigation2/share/turtlebot3_navigation2/map/map.pgm
[0.761s] -- Up-to-date: /home/lx/ros2/ros/turtlebot3_ws/install/turtlebot3_navigation2/share/turtlebot3_navigation2/map/map.yaml
[0.761s] -- Up-to-date: /home/lx/ros2/ros/turtlebot3_ws/install/turtlebot3_navigation2/share/turtlebot3_navigation2/param
[0.762s] -- Up-to-date: /home/lx/ros2/ros/turtlebot3_ws/install/turtlebot3_navigation2/share/turtlebot3_navigation2/param/waffle.yaml
[0.762s] -- Installing: /home/lx/ros2/ros/turtlebot3_ws/install/turtlebot3_navigation2/share/turtlebot3_navigation2/param/burger.yaml
[0.762s] -- Up-to-date: /home/lx/ros2/ros/turtlebot3_ws/install/turtlebot3_navigation2/share/turtlebot3_navigation2/param/waffle_pi.yaml
[0.762s] -- Up-to-date: /home/lx/ros2/ros/turtlebot3_ws/install/turtlebot3_navigation2/share/turtlebot3_navigation2/rviz
[0.763s] -- Up-to-date: /home/lx/ros2/ros/turtlebot3_ws/install/turtlebot3_navigation2/share/turtlebot3_navigation2/rviz/tb3_navigation2.rviz
[0.763s] -- Up-to-date: /home/lx/ros2/ros/turtlebot3_ws/install/turtlebot3_navigation2/share/ament_index/resource_index/package_run_dependencies/turtlebot3_navigation2
[0.764s] -- Installing: /home/lx/ros2/ros/turtlebot3_ws/install/turtlebot3_navigation2/share/ament_index/resource_index/parent_prefix_path/turtlebot3_navigation2
[0.764s] -- Up-to-date: /home/lx/ros2/ros/turtlebot3_ws/install/turtlebot3_navigation2/share/turtlebot3_navigation2/environment/ament_prefix_path.sh
[0.764s] -- Installing: /home/lx/ros2/ros/turtlebot3_ws/install/turtlebot3_navigation2/share/turtlebot3_navigation2/environment/ament_prefix_path.dsv
[0.764s] -- Up-to-date: /home/lx/ros2/ros/turtlebot3_ws/install/turtlebot3_navigation2/share/turtlebot3_navigation2/environment/path.sh
[0.764s] -- Installing: /home/lx/ros2/ros/turtlebot3_ws/install/turtlebot3_navigation2/share/turtlebot3_navigation2/environment/path.dsv
[0.765s] -- Up-to-date: /home/lx/ros2/ros/turtlebot3_ws/install/turtlebot3_navigation2/share/turtlebot3_navigation2/local_setup.bash
[0.765s] -- Up-to-date: /home/lx/ros2/ros/turtlebot3_ws/install/turtlebot3_navigation2/share/turtlebot3_navigation2/local_setup.sh
[0.765s] -- Up-to-date: /home/lx/ros2/ros/turtlebot3_ws/install/turtlebot3_navigation2/share/turtlebot3_navigation2/local_setup.zsh
[0.765s] -- Installing: /home/lx/ros2/ros/turtlebot3_ws/install/turtlebot3_navigation2/share/turtlebot3_navigation2/local_setup.dsv
[0.765s] -- Installing: /home/lx/ros2/ros/turtlebot3_ws/install/turtlebot3_navigation2/share/turtlebot3_navigation2/package.dsv
[0.765s] -- Up-to-date: /home/lx/ros2/ros/turtlebot3_ws/install/turtlebot3_navigation2/share/ament_index/resource_index/packages/turtlebot3_navigation2
[0.765s] -- Up-to-date: /home/lx/ros2/ros/turtlebot3_ws/install/turtlebot3_navigation2/share/turtlebot3_navigation2/cmake/turtlebot3_navigation2Config.cmake
[0.765s] -- Up-to-date: /home/lx/ros2/ros/turtlebot3_ws/install/turtlebot3_navigation2/share/turtlebot3_navigation2/cmake/turtlebot3_navigation2Config-version.cmake
[0.765s] -- Installing: /home/lx/ros2/ros/turtlebot3_ws/install/turtlebot3_navigation2/share/turtlebot3_navigation2/package.xml
[0.890s] Invoked command in '/home/lx/ros2/ros/turtlebot3_ws/build/turtlebot3_navigation2' returned '0': CMAKE_PREFIX_PATH=${CMAKE_PREFIX_PATH}:/home/lx/ros2/ros/turtlebot3_ws/install/turtlebot3_teleop:/home/lx/ros2/ros/turtlebot3_ws/install/turtlebot3_example:/opt/ros/humble /usr/bin/cmake --install /home/lx/ros2/ros/turtlebot3_ws/build/turtlebot3_navigation2
