[0.009s] Invoking command in '/home/lx/ros2/demo1/build/turtlebot3': AMENT_PREFIX_PATH=/home/lx/ros2/demo1/install/turtlebot3_bringup:/home/lx/ros2/demo1/install/turtlebot3_teleop:/home/lx/ros2/demo1/install/turtlebot3_node:/home/lx/ros2/demo1/install/turtlebot3_navigation2:/home/lx/ros2/demo1/install/turtlebot3_example:/home/lx/ros2/demo1/install/turtlebot3_description:/home/lx/ros2/demo1/install/turtlebot3_cartographer:${AMENT_PREFIX_PATH} CMAKE_PREFIX_PATH=/home/lx/ros2/demo1/install/turtlebot3_bringup:/home/lx/ros2/demo1/install/turtlebot3_node:/home/lx/ros2/demo1/install/turtlebot3_navigation2:/home/lx/ros2/demo1/install/turtlebot3_description:/home/lx/ros2/demo1/install/turtlebot3_cartographer:/home/lx/ros2/cartographer_test_ws/install/cartographer_ros:/opt/ros/humble PYTHONPATH=/home/lx/ros2/demo1/build/turtlebot3_teleop:/home/lx/ros2/demo1/install/turtlebot3_teleop/lib/python3.10/site-packages:/home/lx/ros2/demo1/build/turtlebot3_example:/home/lx/ros2/demo1/install/turtlebot3_example/lib/python3.10/site-packages:${PYTHONPATH} /usr/bin/cmake /home/lx/ros2/demo1/src/turtlebot3/turtlebot3 -DAMENT_CMAKE_SYMLINK_INSTALL=1 -DCMAKE_INSTALL_PREFIX=/home/lx/ros2/demo1/install/turtlebot3
[0.045s] -- The C compiler identification is GNU 11.4.0
[0.084s] -- The CXX compiler identification is GNU 11.4.0
[0.089s] -- Detecting C compiler ABI info
[0.136s] -- Detecting C compiler ABI info - done
[0.142s] -- Check for working C compiler: /usr/bin/cc - skipped
[0.142s] -- Detecting C compile features
[0.142s] -- Detecting C compile features - done
[0.144s] -- Detecting CXX compiler ABI info
[0.198s] -- Detecting CXX compiler ABI info - done
[0.204s] -- Check for working CXX compiler: /usr/bin/c++ - skipped
[0.204s] -- Detecting CXX compile features
[0.205s] -- Detecting CXX compile features - done
[0.207s] -- Found ament_cmake: 1.3.5 (/opt/ros/humble/share/ament_cmake/cmake)
[0.336s] -- Found Python3: /usr/bin/python3.10 (found version "3.10.12") found components: Interpreter 
[0.383s] -- Override CMake install command with custom implementation using symlinks instead of copying resources
[0.454s] -- Configuring done
[0.456s] -- Generating done
[0.456s] -- Build files have been written to: /home/lx/ros2/demo1/build/turtlebot3
[0.459s] Invoked command in '/home/lx/ros2/demo1/build/turtlebot3' returned '0': AMENT_PREFIX_PATH=/home/lx/ros2/demo1/install/turtlebot3_bringup:/home/lx/ros2/demo1/install/turtlebot3_teleop:/home/lx/ros2/demo1/install/turtlebot3_node:/home/lx/ros2/demo1/install/turtlebot3_navigation2:/home/lx/ros2/demo1/install/turtlebot3_example:/home/lx/ros2/demo1/install/turtlebot3_description:/home/lx/ros2/demo1/install/turtlebot3_cartographer:${AMENT_PREFIX_PATH} CMAKE_PREFIX_PATH=/home/lx/ros2/demo1/install/turtlebot3_bringup:/home/lx/ros2/demo1/install/turtlebot3_node:/home/lx/ros2/demo1/install/turtlebot3_navigation2:/home/lx/ros2/demo1/install/turtlebot3_description:/home/lx/ros2/demo1/install/turtlebot3_cartographer:/home/lx/ros2/cartographer_test_ws/install/cartographer_ros:/opt/ros/humble PYTHONPATH=/home/lx/ros2/demo1/build/turtlebot3_teleop:/home/lx/ros2/demo1/install/turtlebot3_teleop/lib/python3.10/site-packages:/home/lx/ros2/demo1/build/turtlebot3_example:/home/lx/ros2/demo1/install/turtlebot3_example/lib/python3.10/site-packages:${PYTHONPATH} /usr/bin/cmake /home/lx/ros2/demo1/src/turtlebot3/turtlebot3 -DAMENT_CMAKE_SYMLINK_INSTALL=1 -DCMAKE_INSTALL_PREFIX=/home/lx/ros2/demo1/install/turtlebot3
[0.460s] Invoking command in '/home/lx/ros2/demo1/build/turtlebot3': AMENT_PREFIX_PATH=/home/lx/ros2/demo1/install/turtlebot3_bringup:/home/lx/ros2/demo1/install/turtlebot3_teleop:/home/lx/ros2/demo1/install/turtlebot3_node:/home/lx/ros2/demo1/install/turtlebot3_navigation2:/home/lx/ros2/demo1/install/turtlebot3_example:/home/lx/ros2/demo1/install/turtlebot3_description:/home/lx/ros2/demo1/install/turtlebot3_cartographer:${AMENT_PREFIX_PATH} CMAKE_PREFIX_PATH=/home/lx/ros2/demo1/install/turtlebot3_bringup:/home/lx/ros2/demo1/install/turtlebot3_node:/home/lx/ros2/demo1/install/turtlebot3_navigation2:/home/lx/ros2/demo1/install/turtlebot3_description:/home/lx/ros2/demo1/install/turtlebot3_cartographer:/home/lx/ros2/cartographer_test_ws/install/cartographer_ros:/opt/ros/humble PYTHONPATH=/home/lx/ros2/demo1/build/turtlebot3_teleop:/home/lx/ros2/demo1/install/turtlebot3_teleop/lib/python3.10/site-packages:/home/lx/ros2/demo1/build/turtlebot3_example:/home/lx/ros2/demo1/install/turtlebot3_example/lib/python3.10/site-packages:${PYTHONPATH} /usr/bin/cmake --build /home/lx/ros2/demo1/build/turtlebot3 -- -j12 -l12
[0.485s] Invoked command in '/home/lx/ros2/demo1/build/turtlebot3' returned '0': AMENT_PREFIX_PATH=/home/lx/ros2/demo1/install/turtlebot3_bringup:/home/lx/ros2/demo1/install/turtlebot3_teleop:/home/lx/ros2/demo1/install/turtlebot3_node:/home/lx/ros2/demo1/install/turtlebot3_navigation2:/home/lx/ros2/demo1/install/turtlebot3_example:/home/lx/ros2/demo1/install/turtlebot3_description:/home/lx/ros2/demo1/install/turtlebot3_cartographer:${AMENT_PREFIX_PATH} CMAKE_PREFIX_PATH=/home/lx/ros2/demo1/install/turtlebot3_bringup:/home/lx/ros2/demo1/install/turtlebot3_node:/home/lx/ros2/demo1/install/turtlebot3_navigation2:/home/lx/ros2/demo1/install/turtlebot3_description:/home/lx/ros2/demo1/install/turtlebot3_cartographer:/home/lx/ros2/cartographer_test_ws/install/cartographer_ros:/opt/ros/humble PYTHONPATH=/home/lx/ros2/demo1/build/turtlebot3_teleop:/home/lx/ros2/demo1/install/turtlebot3_teleop/lib/python3.10/site-packages:/home/lx/ros2/demo1/build/turtlebot3_example:/home/lx/ros2/demo1/install/turtlebot3_example/lib/python3.10/site-packages:${PYTHONPATH} /usr/bin/cmake --build /home/lx/ros2/demo1/build/turtlebot3 -- -j12 -l12
[0.499s] Invoking command in '/home/lx/ros2/demo1/build/turtlebot3': AMENT_PREFIX_PATH=/home/lx/ros2/demo1/install/turtlebot3_bringup:/home/lx/ros2/demo1/install/turtlebot3_teleop:/home/lx/ros2/demo1/install/turtlebot3_node:/home/lx/ros2/demo1/install/turtlebot3_navigation2:/home/lx/ros2/demo1/install/turtlebot3_example:/home/lx/ros2/demo1/install/turtlebot3_description:/home/lx/ros2/demo1/install/turtlebot3_cartographer:${AMENT_PREFIX_PATH} CMAKE_PREFIX_PATH=/home/lx/ros2/demo1/install/turtlebot3_bringup:/home/lx/ros2/demo1/install/turtlebot3_node:/home/lx/ros2/demo1/install/turtlebot3_navigation2:/home/lx/ros2/demo1/install/turtlebot3_description:/home/lx/ros2/demo1/install/turtlebot3_cartographer:/home/lx/ros2/cartographer_test_ws/install/cartographer_ros:/opt/ros/humble PYTHONPATH=/home/lx/ros2/demo1/build/turtlebot3_teleop:/home/lx/ros2/demo1/install/turtlebot3_teleop/lib/python3.10/site-packages:/home/lx/ros2/demo1/build/turtlebot3_example:/home/lx/ros2/demo1/install/turtlebot3_example/lib/python3.10/site-packages:${PYTHONPATH} /usr/bin/cmake --install /home/lx/ros2/demo1/build/turtlebot3
[0.504s] -- Install configuration: ""
[0.505s] -- Execute custom install script
[0.505s] -- Symlinking: /home/lx/ros2/demo1/install/turtlebot3/share/ament_index/resource_index/package_run_dependencies/turtlebot3
[0.512s] -- Symlinking: /home/lx/ros2/demo1/install/turtlebot3/share/ament_index/resource_index/parent_prefix_path/turtlebot3
[0.521s] -- Symlinking: /home/lx/ros2/demo1/install/turtlebot3/share/turtlebot3/environment/ament_prefix_path.sh
[0.527s] -- Symlinking: /home/lx/ros2/demo1/install/turtlebot3/share/turtlebot3/environment/ament_prefix_path.dsv
[0.533s] -- Symlinking: /home/lx/ros2/demo1/install/turtlebot3/share/turtlebot3/environment/path.sh
[0.538s] -- Symlinking: /home/lx/ros2/demo1/install/turtlebot3/share/turtlebot3/environment/path.dsv
[0.543s] -- Symlinking: /home/lx/ros2/demo1/install/turtlebot3/share/turtlebot3/local_setup.bash
[0.549s] -- Symlinking: /home/lx/ros2/demo1/install/turtlebot3/share/turtlebot3/local_setup.sh
[0.555s] -- Symlinking: /home/lx/ros2/demo1/install/turtlebot3/share/turtlebot3/local_setup.zsh
[0.560s] -- Symlinking: /home/lx/ros2/demo1/install/turtlebot3/share/turtlebot3/local_setup.dsv
[0.566s] -- Symlinking: /home/lx/ros2/demo1/install/turtlebot3/share/turtlebot3/package.dsv
[0.572s] -- Symlinking: /home/lx/ros2/demo1/install/turtlebot3/share/ament_index/resource_index/packages/turtlebot3
[0.578s] -- Symlinking: /home/lx/ros2/demo1/install/turtlebot3/share/turtlebot3/cmake/turtlebot3Config.cmake
[0.583s] -- Symlinking: /home/lx/ros2/demo1/install/turtlebot3/share/turtlebot3/cmake/turtlebot3Config-version.cmake
[0.589s] -- Symlinking: /home/lx/ros2/demo1/install/turtlebot3/share/turtlebot3/package.xml
[0.598s] Invoked command in '/home/lx/ros2/demo1/build/turtlebot3' returned '0': AMENT_PREFIX_PATH=/home/lx/ros2/demo1/install/turtlebot3_bringup:/home/lx/ros2/demo1/install/turtlebot3_teleop:/home/lx/ros2/demo1/install/turtlebot3_node:/home/lx/ros2/demo1/install/turtlebot3_navigation2:/home/lx/ros2/demo1/install/turtlebot3_example:/home/lx/ros2/demo1/install/turtlebot3_description:/home/lx/ros2/demo1/install/turtlebot3_cartographer:${AMENT_PREFIX_PATH} CMAKE_PREFIX_PATH=/home/lx/ros2/demo1/install/turtlebot3_bringup:/home/lx/ros2/demo1/install/turtlebot3_node:/home/lx/ros2/demo1/install/turtlebot3_navigation2:/home/lx/ros2/demo1/install/turtlebot3_description:/home/lx/ros2/demo1/install/turtlebot3_cartographer:/home/lx/ros2/cartographer_test_ws/install/cartographer_ros:/opt/ros/humble PYTHONPATH=/home/lx/ros2/demo1/build/turtlebot3_teleop:/home/lx/ros2/demo1/install/turtlebot3_teleop/lib/python3.10/site-packages:/home/lx/ros2/demo1/build/turtlebot3_example:/home/lx/ros2/demo1/install/turtlebot3_example/lib/python3.10/site-packages:${PYTHONPATH} /usr/bin/cmake --install /home/lx/ros2/demo1/build/turtlebot3
