[0.273s] Invoking command in '/home/lx/ros2/ros/turtlebot3_ws/build/turtlebot3_description': CMAKE_PREFIX_PATH=/opt/ros/humble /usr/bin/cmake /home/lx/ros2/ros/turtlebot3_ws/src/turtlebot3/turtlebot3_description -DCMAKE_INSTALL_PREFIX=/home/lx/ros2/ros/turtlebot3_ws/install/turtlebot3_description
[0.525s] -- The C compiler identification is GNU 11.4.0
[0.525s] -- The CXX compiler identification is GNU 11.4.0
[0.525s] -- Detecting C compiler ABI info
[0.525s] -- Detecting C compiler ABI info - done
[0.526s] -- Check for working C compiler: /usr/bin/cc - skipped
[0.526s] -- Detecting C compile features
[0.526s] -- Detecting C compile features - done
[0.526s] -- Detecting CXX compiler ABI info
[0.526s] -- Detecting CXX compiler ABI info - done
[0.536s] -- Check for working CXX compiler: /usr/bin/c++ - skipped
[0.536s] -- Detecting CXX compile features
[0.537s] -- Detecting CXX compile features - done
[0.539s] -- Found ament_cmake: 1.3.5 (/opt/ros/humble/share/ament_cmake/cmake)
[0.675s] -- Found Python3: /usr/bin/python3.10 (found version "3.10.12") found components: Interpreter 
[0.758s] -- Found urdf: 2.6.0 (/opt/ros/humble/share/urdf/cmake)
[0.866s] -- Configuring done
[0.869s] -- Generating done
[0.871s] -- Build files have been written to: /home/lx/ros2/ros/turtlebot3_ws/build/turtlebot3_description
[0.880s] Invoked command in '/home/lx/ros2/ros/turtlebot3_ws/build/turtlebot3_description' returned '0': CMAKE_PREFIX_PATH=/opt/ros/humble /usr/bin/cmake /home/lx/ros2/ros/turtlebot3_ws/src/turtlebot3/turtlebot3_description -DCMAKE_INSTALL_PREFIX=/home/lx/ros2/ros/turtlebot3_ws/install/turtlebot3_description
[0.882s] Invoking command in '/home/lx/ros2/ros/turtlebot3_ws/build/turtlebot3_description': CMAKE_PREFIX_PATH=/opt/ros/humble /usr/bin/cmake --build /home/lx/ros2/ros/turtlebot3_ws/build/turtlebot3_description -- -j12 -l12
[0.962s] Invoked command in '/home/lx/ros2/ros/turtlebot3_ws/build/turtlebot3_description' returned '0': CMAKE_PREFIX_PATH=/opt/ros/humble /usr/bin/cmake --build /home/lx/ros2/ros/turtlebot3_ws/build/turtlebot3_description -- -j12 -l12
[1.038s] Invoking command in '/home/lx/ros2/ros/turtlebot3_ws/build/turtlebot3_description': CMAKE_PREFIX_PATH=/opt/ros/humble /usr/bin/cmake --install /home/lx/ros2/ros/turtlebot3_ws/build/turtlebot3_description
[1.044s] -- Install configuration: ""
[1.044s] -- Installing: /home/lx/ros2/ros/turtlebot3_ws/install/turtlebot3_description/share/turtlebot3_description/meshes
[1.044s] -- Installing: /home/lx/ros2/ros/turtlebot3_ws/install/turtlebot3_description/share/turtlebot3_description/meshes/bases
[1.044s] -- Installing: /home/lx/ros2/ros/turtlebot3_ws/install/turtlebot3_description/share/turtlebot3_description/meshes/bases/waffle_base.stl
[1.055s] -- Installing: /home/lx/ros2/ros/turtlebot3_ws/install/turtlebot3_description/share/turtlebot3_description/meshes/bases/waffle_pi_base.stl
[1.061s] -- Installing: /home/lx/ros2/ros/turtlebot3_ws/install/turtlebot3_description/share/turtlebot3_description/meshes/bases/burger_base.stl
[1.064s] -- Installing: /home/lx/ros2/ros/turtlebot3_ws/install/turtlebot3_description/share/turtlebot3_description/meshes/sensors
[1.064s] -- Installing: /home/lx/ros2/ros/turtlebot3_ws/install/turtlebot3_description/share/turtlebot3_description/meshes/sensors/r200.dae
[1.064s] -- Installing: /home/lx/ros2/ros/turtlebot3_ws/install/turtlebot3_description/share/turtlebot3_description/meshes/sensors/lds.stl
[1.065s] -- Installing: /home/lx/ros2/ros/turtlebot3_ws/install/turtlebot3_description/share/turtlebot3_description/meshes/sensors/astra.dae
[1.072s] -- Installing: /home/lx/ros2/ros/turtlebot3_ws/install/turtlebot3_description/share/turtlebot3_description/meshes/sensors/astra.jpg
[1.072s] -- Installing: /home/lx/ros2/ros/turtlebot3_ws/install/turtlebot3_description/share/turtlebot3_description/meshes/sensors/r200.jpg
[1.072s] -- Installing: /home/lx/ros2/ros/turtlebot3_ws/install/turtlebot3_description/share/turtlebot3_description/meshes/wheels
[1.072s] -- Installing: /home/lx/ros2/ros/turtlebot3_ws/install/turtlebot3_description/share/turtlebot3_description/meshes/wheels/left_tire.stl
[1.073s] -- Installing: /home/lx/ros2/ros/turtlebot3_ws/install/turtlebot3_description/share/turtlebot3_description/meshes/wheels/right_tire.stl
[1.074s] -- Installing: /home/lx/ros2/ros/turtlebot3_ws/install/turtlebot3_description/share/turtlebot3_description/rviz
[1.074s] -- Installing: /home/lx/ros2/ros/turtlebot3_ws/install/turtlebot3_description/share/turtlebot3_description/rviz/model.rviz
[1.074s] -- Installing: /home/lx/ros2/ros/turtlebot3_ws/install/turtlebot3_description/share/turtlebot3_description/urdf
[1.074s] -- Installing: /home/lx/ros2/ros/turtlebot3_ws/install/turtlebot3_description/share/turtlebot3_description/urdf/turtlebot3_burger.urdf
[1.074s] -- Installing: /home/lx/ros2/ros/turtlebot3_ws/install/turtlebot3_description/share/turtlebot3_description/urdf/common_properties.urdf
[1.074s] -- Installing: /home/lx/ros2/ros/turtlebot3_ws/install/turtlebot3_description/share/turtlebot3_description/urdf/turtlebot3_waffle_pi.urdf
[1.074s] -- Installing: /home/lx/ros2/ros/turtlebot3_ws/install/turtlebot3_description/share/turtlebot3_description/urdf/turtlebot3_waffle.urdf
[1.074s] -- Installing: /home/lx/ros2/ros/turtlebot3_ws/install/turtlebot3_description/share/ament_index/resource_index/package_run_dependencies/turtlebot3_description
[1.074s] -- Installing: /home/lx/ros2/ros/turtlebot3_ws/install/turtlebot3_description/share/ament_index/resource_index/parent_prefix_path/turtlebot3_description
[1.075s] -- Installing: /home/lx/ros2/ros/turtlebot3_ws/install/turtlebot3_description/share/turtlebot3_description/environment/ament_prefix_path.sh
[1.075s] -- Installing: /home/lx/ros2/ros/turtlebot3_ws/install/turtlebot3_description/share/turtlebot3_description/environment/ament_prefix_path.dsv
[1.075s] -- Installing: /home/lx/ros2/ros/turtlebot3_ws/install/turtlebot3_description/share/turtlebot3_description/environment/path.sh
[1.075s] -- Installing: /home/lx/ros2/ros/turtlebot3_ws/install/turtlebot3_description/share/turtlebot3_description/environment/path.dsv
[1.075s] -- Installing: /home/lx/ros2/ros/turtlebot3_ws/install/turtlebot3_description/share/turtlebot3_description/local_setup.bash
[1.075s] -- Installing: /home/lx/ros2/ros/turtlebot3_ws/install/turtlebot3_description/share/turtlebot3_description/local_setup.sh
[1.075s] -- Installing: /home/lx/ros2/ros/turtlebot3_ws/install/turtlebot3_description/share/turtlebot3_description/local_setup.zsh
[1.075s] -- Installing: /home/lx/ros2/ros/turtlebot3_ws/install/turtlebot3_description/share/turtlebot3_description/local_setup.dsv
[1.075s] -- Installing: /home/lx/ros2/ros/turtlebot3_ws/install/turtlebot3_description/share/turtlebot3_description/package.dsv
[1.075s] -- Installing: /home/lx/ros2/ros/turtlebot3_ws/install/turtlebot3_description/share/ament_index/resource_index/packages/turtlebot3_description
[1.076s] -- Installing: /home/lx/ros2/ros/turtlebot3_ws/install/turtlebot3_description/share/turtlebot3_description/cmake/turtlebot3_descriptionConfig.cmake
[1.076s] -- Installing: /home/lx/ros2/ros/turtlebot3_ws/install/turtlebot3_description/share/turtlebot3_description/cmake/turtlebot3_descriptionConfig-version.cmake
[1.076s] -- Installing: /home/lx/ros2/ros/turtlebot3_ws/install/turtlebot3_description/share/turtlebot3_description/package.xml
[1.077s] Invoked command in '/home/lx/ros2/ros/turtlebot3_ws/build/turtlebot3_description' returned '0': CMAKE_PREFIX_PATH=/opt/ros/humble /usr/bin/cmake --install /home/lx/ros2/ros/turtlebot3_ws/build/turtlebot3_description
