[0.015s] Invoking command in '/home/lx/ros/service_ws/build/client': CMAKE_PREFIX_PATH=${CMAKE_PREFIX_PATH}:/opt/ros/humble /usr/bin/cmake --build /home/lx/ros/service_ws/build/client -- -j12 -l12
[0.030s] -- Found ament_cmake: 1.3.5 (/opt/ros/humble/share/ament_cmake/cmake)
[0.140s] -- Override CMake install command with custom implementation using symlinks instead of copying resources
[0.145s] -- Found rclcpp: 16.0.4 (/opt/ros/humble/share/rclcpp/cmake)
[0.168s] -- Found rosidl_generator_c: 3.1.4 (/opt/ros/humble/share/rosidl_generator_c/cmake)
[0.170s] -- Found rosidl_adapter: 3.1.4 (/opt/ros/humble/share/rosidl_adapter/cmake)
[0.175s] -- Found rosidl_generator_cpp: 3.1.4 (/opt/ros/humble/share/rosidl_generator_cpp/cmake)
[0.184s] -- Using all available rosidl_typesupport_c: rosidl_typesupport_fastrtps_c;rosidl_typesupport_introspection_c
[0.196s] -- Using all available rosidl_typesupport_cpp: rosidl_typesupport_fastrtps_cpp;rosidl_typesupport_introspection_cpp
[0.244s] -- Found rmw_implementation_cmake: 6.1.1 (/opt/ros/humble/share/rmw_implementation_cmake/cmake)
[0.245s] -- Found rmw_fastrtps_cpp: 6.2.2 (/opt/ros/humble/share/rmw_fastrtps_cpp/cmake)
[0.328s] -- Using RMW implementation 'rmw_fastrtps_cpp' as default
[0.463s] -- Found example_interfaces: 0.9.3 (/opt/ros/humble/share/example_interfaces/cmake)
[0.581s] -- Found ament_lint_auto: 0.12.6 (/opt/ros/humble/share/ament_lint_auto/cmake)
[0.635s] -- Added test 'cppcheck' to perform static code analysis on C / C++ code
[0.635s] -- Configured cppcheck include dirs: 
[0.635s] -- Configured cppcheck exclude dirs and/or files: 
[0.635s] -- Added test 'lint_cmake' to check CMake code style
[0.636s] -- Added test 'uncrustify' to check C / C++ code style
[0.636s] -- Configured uncrustify additional arguments: 
[0.636s] -- Added test 'xmllint' to check XML markup files
[0.638s] -- Configuring done
[0.647s] -- Generating done
[0.648s] -- Build files have been written to: /home/lx/ros/service_ws/build/client
[0.665s] [35m[1mConsolidate compiler generated dependencies of target client[0m
[0.678s] [ 50%] [32mBuilding CXX object CMakeFiles/client.dir/src/client_1.cpp.o[0m
[4.371s] [100%] [32m[1mLinking CXX executable client[0m
[4.468s] [100%] Built target client
[4.475s] Invoked command in '/home/lx/ros/service_ws/build/client' returned '0': CMAKE_PREFIX_PATH=${CMAKE_PREFIX_PATH}:/opt/ros/humble /usr/bin/cmake --build /home/lx/ros/service_ws/build/client -- -j12 -l12
[4.488s] Invoking command in '/home/lx/ros/service_ws/build/client': CMAKE_PREFIX_PATH=${CMAKE_PREFIX_PATH}:/opt/ros/humble /usr/bin/cmake --install /home/lx/ros/service_ws/build/client
[4.491s] -- Install configuration: "RelWithDebInfo"
[4.492s] -- Execute custom install script
[4.492s] -- Up-to-date symlink: /home/lx/ros/service_ws/install/client/share/ament_index/resource_index/package_run_dependencies/client
[4.492s] -- Up-to-date symlink: /home/lx/ros/service_ws/install/client/share/ament_index/resource_index/parent_prefix_path/client
[4.493s] -- Up-to-date symlink: /home/lx/ros/service_ws/install/client/share/client/environment/ament_prefix_path.sh
[4.493s] -- Up-to-date symlink: /home/lx/ros/service_ws/install/client/share/client/environment/ament_prefix_path.dsv
[4.493s] -- Up-to-date symlink: /home/lx/ros/service_ws/install/client/share/client/environment/path.sh
[4.493s] -- Up-to-date symlink: /home/lx/ros/service_ws/install/client/share/client/environment/path.dsv
[4.493s] -- Up-to-date symlink: /home/lx/ros/service_ws/install/client/share/client/local_setup.bash
[4.493s] -- Up-to-date symlink: /home/lx/ros/service_ws/install/client/share/client/local_setup.sh
[4.493s] -- Up-to-date symlink: /home/lx/ros/service_ws/install/client/share/client/local_setup.zsh
[4.493s] -- Up-to-date symlink: /home/lx/ros/service_ws/install/client/share/client/local_setup.dsv
[4.493s] -- Symlinking: /home/lx/ros/service_ws/install/client/share/client/package.dsv
[4.498s] -- Up-to-date symlink: /home/lx/ros/service_ws/install/client/share/ament_index/resource_index/packages/client
[4.498s] -- Up-to-date symlink: /home/lx/ros/service_ws/install/client/share/client/cmake/clientConfig.cmake
[4.498s] -- Up-to-date symlink: /home/lx/ros/service_ws/install/client/share/client/cmake/clientConfig-version.cmake
[4.498s] -- Up-to-date symlink: /home/lx/ros/service_ws/install/client/share/client/package.xml
[4.498s] -- Up-to-date symlink: /home/lx/ros/service_ws/install/client/lib/client/client
[4.500s] Invoked command in '/home/lx/ros/service_ws/build/client' returned '0': CMAKE_PREFIX_PATH=${CMAKE_PREFIX_PATH}:/opt/ros/humble /usr/bin/cmake --install /home/lx/ros/service_ws/build/client
