[0.027s] Invoking command in '/home/johan/ws_fast/build/pointcloud_to_laserscan': CMAKE_PREFIX_PATH=/opt/ros/humble /usr/bin/cmake /home/johan/ws_fast/src/pointcloud_to_laserscan-rolling -DCMAKE_INSTALL_PREFIX=/home/johan/ws_fast/install/pointcloud_to_laserscan
[0.068s] -- The C compiler identification is GNU 11.4.0
[0.109s] -- The CXX compiler identification is GNU 11.4.0
[0.117s] -- Detecting C compiler ABI info
[0.166s] -- Detecting C compiler ABI info - done
[0.171s] -- Check for working C compiler: /usr/bin/cc - skipped
[0.171s] -- Detecting C compile features
[0.172s] -- Detecting C compile features - done
[0.174s] -- Detecting CXX compiler ABI info
[0.227s] -- Detecting CXX compiler ABI info - done
[0.232s] -- Check for working CXX compiler: /usr/bin/c++ - skipped
[0.232s] -- Detecting CXX compile features
[0.232s] -- Detecting CXX compile features - done
[0.237s] -- Found ament_cmake: 1.3.5 (/opt/ros/humble/share/ament_cmake/cmake)
[0.353s] -- Found Python3: /usr/bin/python3.10 (found version "3.10.12") found components: Interpreter 
[0.407s] -- Found laser_geometry: 2.4.0 (/opt/ros/humble/share/laser_geometry/cmake)
[0.440s] -- Found rosidl_generator_c: 3.1.5 (/opt/ros/humble/share/rosidl_generator_c/cmake)
[0.443s] -- Found rosidl_adapter: 3.1.5 (/opt/ros/humble/share/rosidl_adapter/cmake)
[0.448s] -- Found rosidl_generator_cpp: 3.1.5 (/opt/ros/humble/share/rosidl_generator_cpp/cmake)
[0.458s] -- Using all available rosidl_typesupport_c: rosidl_typesupport_fastrtps_c;rosidl_typesupport_introspection_c
[0.472s] -- Using all available rosidl_typesupport_cpp: rosidl_typesupport_fastrtps_cpp;rosidl_typesupport_introspection_cpp
[0.518s] -- Found rmw_implementation_cmake: 6.1.1 (/opt/ros/humble/share/rmw_implementation_cmake/cmake)
[0.519s] -- Found rmw_fastrtps_cpp: 6.2.4 (/opt/ros/humble/share/rmw_fastrtps_cpp/cmake)
[0.596s] -- Found OpenSSL: /usr/lib/x86_64-linux-gnu/libcrypto.so (found version "3.0.2")  
[0.613s] -- Found FastRTPS: /opt/ros/humble/include  
[0.643s] -- Using RMW implementation 'rmw_fastrtps_cpp' as default
[0.653s] -- Looking for pthread.h
[0.699s] -- Looking for pthread.h - found
[0.699s] -- Performing Test CMAKE_HAVE_LIBC_PTHREAD
[0.745s] -- Performing Test CMAKE_HAVE_LIBC_PTHREAD - Success
[0.746s] -- Found Threads: TRUE  
[0.975s] -- Found message_filters: 4.3.3 (/opt/ros/humble/share/message_filters/cmake)
[0.979s] -- Found rclcpp_components: 16.0.6 (/opt/ros/humble/share/rclcpp_components/cmake)
[1.020s] -- Found tf2_ros: 0.25.4 (/opt/ros/humble/share/tf2_ros/cmake)
[1.206s] -- Found tf2_sensor_msgs: 0.25.4 (/opt/ros/humble/share/tf2_sensor_msgs/cmake)
[1.222s] -- Found ament_lint_auto: 0.12.8 (/opt/ros/humble/share/ament_lint_auto/cmake)
[1.273s] -- Added test 'cppcheck' to perform static code analysis on C / C++ code
[1.273s] -- Configured cppcheck include dirs: $<BUILD_INTERFACE:/home/johan/ws_fast/src/pointcloud_to_laserscan-rolling/include>
[1.273s] -- Configured cppcheck exclude dirs and/or files: 
[1.274s] -- Added test 'cpplint' to check C / C++ code against the Google style
[1.274s] -- Configured cpplint exclude dirs and/or files: 
[1.274s] -- Added test 'flake8' to check Python code syntax and style conventions
[1.274s] -- Added test 'lint_cmake' to check CMake code style
[1.274s] -- Added test 'pep257' to check Python code against some of the docstring style conventions in PEP 257
[1.275s] -- Added test 'uncrustify' to check C / C++ code style
[1.275s] -- Configured uncrustify additional arguments: 
[1.275s] -- Added test 'xmllint' to check XML markup files
[1.276s] -- Configuring done
[1.280s] [31mCMake Error at CMakeLists.txt:15 (add_library):
[1.280s]   Target "laserscan_to_pointcloud" links to target
[1.280s]   "tf2_sensor_msgs::tf2_sensor_msgs" but the target was not found.  Perhaps a
[1.280s]   find_package() call is missing for an IMPORTED target, or an ALIAS target
[1.280s]   is missing?
[1.280s] 
[1.280s] [0m
[1.280s] [31mCMake Error at CMakeLists.txt:36 (add_library):
[1.280s]   Target "pointcloud_to_laserscan" links to target
[1.280s]   "tf2_sensor_msgs::tf2_sensor_msgs" but the target was not found.  Perhaps a
[1.281s]   find_package() call is missing for an IMPORTED target, or an ALIAS target
[1.281s]   is missing?
[1.281s] 
[1.281s] [0m
[1.290s] -- Generating done
[1.291s] [0mCMake Generate step failed.  Build files cannot be regenerated correctly.[0m
[1.299s] Invoked command in '/home/johan/ws_fast/build/pointcloud_to_laserscan' returned '1': CMAKE_PREFIX_PATH=/opt/ros/humble /usr/bin/cmake /home/johan/ws_fast/src/pointcloud_to_laserscan-rolling -DCMAKE_INSTALL_PREFIX=/home/johan/ws_fast/install/pointcloud_to_laserscan
