[0.234s] DEBUG:colcon:Command line arguments: ['/usr/bin/colcon', 'build']
[0.234s] DEBUG:colcon:Parsed command line arguments: Namespace(log_base=None, log_level=None, verb_name='build', build_base='build', install_base='install', merge_install=False, symlink_install=False, test_result_base=None, continue_on_error=False, executor='parallel', parallel_workers=12, event_handlers=None, ignore_user_meta=False, metas=['./colcon.meta'], base_paths=['.'], packages_ignore=None, packages_ignore_regex=None, paths=None, packages_up_to=None, packages_up_to_regex=None, packages_above=None, packages_above_and_dependencies=None, packages_above_depth=None, packages_select_by_dep=None, packages_skip_by_dep=None, packages_skip_up_to=None, packages_select_build_failed=False, packages_skip_build_finished=False, packages_select_test_failures=False, packages_skip_test_passed=False, packages_select=None, packages_skip=None, packages_select_regex=None, packages_skip_regex=None, packages_start=None, packages_end=None, allow_overriding=[], cmake_args=None, cmake_target=None, cmake_target_skip_unavailable=False, cmake_clean_cache=False, cmake_clean_first=False, cmake_force_configure=False, ament_cmake_args=None, catkin_cmake_args=None, catkin_skip_building_tests=False, verb_parser=<colcon_defaults.argument_parser.defaults.DefaultArgumentsDecorator object at 0x7f69d75c56f0>, verb_extension=<colcon_core.verb.build.BuildVerb object at 0x7f69d7e337f0>, main=<bound method BuildVerb.main of <colcon_core.verb.build.BuildVerb object at 0x7f69d7e337f0>>)
[0.266s] Level 1:colcon.colcon_core.package_discovery:discover_packages(colcon_meta) check parameters
[0.266s] Level 1:colcon.colcon_core.package_discovery:discover_packages(recursive) check parameters
[0.266s] Level 1:colcon.colcon_core.package_discovery:discover_packages(ignore) check parameters
[0.267s] Level 1:colcon.colcon_core.package_discovery:discover_packages(path) check parameters
[0.267s] Level 1:colcon.colcon_core.package_discovery:discover_packages(colcon_meta) discover
[0.267s] Level 1:colcon.colcon_core.package_discovery:discover_packages(recursive) discover
[0.267s] INFO:colcon.colcon_core.package_discovery:Crawling recursively for packages in '/home/lx/ros/hellworld'
[0.267s] Level 1:colcon.colcon_core.package_identification:_identify(.) by extensions ['ignore', 'ignore_ament_install']
[0.267s] Level 1:colcon.colcon_core.package_identification:_identify(.) by extension 'ignore'
[0.267s] Level 1:colcon.colcon_core.package_identification:_identify(.) by extension 'ignore_ament_install'
[0.267s] Level 1:colcon.colcon_core.package_identification:_identify(.) by extensions ['colcon_pkg']
[0.267s] Level 1:colcon.colcon_core.package_identification:_identify(.) by extension 'colcon_pkg'
[0.267s] Level 1:colcon.colcon_core.package_identification:_identify(.) by extensions ['colcon_meta']
[0.267s] Level 1:colcon.colcon_core.package_identification:_identify(.) by extension 'colcon_meta'
[0.267s] Level 1:colcon.colcon_core.package_identification:_identify(.) by extensions ['ros']
[0.267s] Level 1:colcon.colcon_core.package_identification:_identify(.) by extension 'ros'
[0.277s] Level 1:colcon.colcon_core.package_identification:_identify(.) by extensions ['cmake', 'python']
[0.277s] Level 1:colcon.colcon_core.package_identification:_identify(.) by extension 'cmake'
[0.277s] Level 1:colcon.colcon_core.package_identification:_identify(.) by extension 'python'
[0.277s] Level 1:colcon.colcon_core.package_identification:_identify(.) by extensions ['python_setup_py']
[0.277s] Level 1:colcon.colcon_core.package_identification:_identify(.) by extension 'python_setup_py'
[0.277s] Level 1:colcon.colcon_core.package_identification:_identify(build) by extensions ['ignore', 'ignore_ament_install']
[0.277s] Level 1:colcon.colcon_core.package_identification:_identify(build) by extension 'ignore'
[0.277s] Level 1:colcon.colcon_core.package_identification:_identify(build) ignored
[0.277s] Level 1:colcon.colcon_core.package_identification:_identify(install) by extensions ['ignore', 'ignore_ament_install']
[0.277s] Level 1:colcon.colcon_core.package_identification:_identify(install) by extension 'ignore'
[0.277s] Level 1:colcon.colcon_core.package_identification:_identify(install) ignored
[0.277s] Level 1:colcon.colcon_core.package_identification:_identify(log) by extensions ['ignore', 'ignore_ament_install']
[0.277s] Level 1:colcon.colcon_core.package_identification:_identify(log) by extension 'ignore'
[0.277s] Level 1:colcon.colcon_core.package_identification:_identify(log) ignored
[0.277s] Level 1:colcon.colcon_core.package_identification:_identify(src) by extensions ['ignore', 'ignore_ament_install']
[0.278s] Level 1:colcon.colcon_core.package_identification:_identify(src) by extension 'ignore'
[0.278s] Level 1:colcon.colcon_core.package_identification:_identify(src) by extension 'ignore_ament_install'
[0.278s] Level 1:colcon.colcon_core.package_identification:_identify(src) by extensions ['colcon_pkg']
[0.278s] Level 1:colcon.colcon_core.package_identification:_identify(src) by extension 'colcon_pkg'
[0.278s] Level 1:colcon.colcon_core.package_identification:_identify(src) by extensions ['colcon_meta']
[0.278s] Level 1:colcon.colcon_core.package_identification:_identify(src) by extension 'colcon_meta'
[0.278s] Level 1:colcon.colcon_core.package_identification:_identify(src) by extensions ['ros']
[0.278s] Level 1:colcon.colcon_core.package_identification:_identify(src) by extension 'ros'
[0.278s] Level 1:colcon.colcon_core.package_identification:_identify(src) by extensions ['cmake', 'python']
[0.278s] Level 1:colcon.colcon_core.package_identification:_identify(src) by extension 'cmake'
[0.278s] Level 1:colcon.colcon_core.package_identification:_identify(src) by extension 'python'
[0.278s] Level 1:colcon.colcon_core.package_identification:_identify(src) by extensions ['python_setup_py']
[0.278s] Level 1:colcon.colcon_core.package_identification:_identify(src) by extension 'python_setup_py'
[0.278s] Level 1:colcon.colcon_core.package_identification:_identify(src/build) by extensions ['ignore', 'ignore_ament_install']
[0.278s] Level 1:colcon.colcon_core.package_identification:_identify(src/build) by extension 'ignore'
[0.278s] Level 1:colcon.colcon_core.package_identification:_identify(src/build) ignored
[0.278s] Level 1:colcon.colcon_core.package_identification:_identify(src/demo1) by extensions ['ignore', 'ignore_ament_install']
[0.279s] Level 1:colcon.colcon_core.package_identification:_identify(src/demo1) by extension 'ignore'
[0.279s] Level 1:colcon.colcon_core.package_identification:_identify(src/demo1) by extension 'ignore_ament_install'
[0.279s] Level 1:colcon.colcon_core.package_identification:_identify(src/demo1) by extensions ['colcon_pkg']
[0.279s] Level 1:colcon.colcon_core.package_identification:_identify(src/demo1) by extension 'colcon_pkg'
[0.279s] Level 1:colcon.colcon_core.package_identification:_identify(src/demo1) by extensions ['colcon_meta']
[0.279s] Level 1:colcon.colcon_core.package_identification:_identify(src/demo1) by extension 'colcon_meta'
[0.279s] Level 1:colcon.colcon_core.package_identification:_identify(src/demo1) by extensions ['ros']
[0.279s] Level 1:colcon.colcon_core.package_identification:_identify(src/demo1) by extension 'ros'
[0.281s] DEBUG:colcon.colcon_core.package_identification:Package 'src/demo1' with type 'ros.cmake' and name 'demo1'
[0.281s] Level 1:colcon.colcon_core.package_identification:_identify(src/helloworld) by extensions ['ignore', 'ignore_ament_install']
[0.281s] Level 1:colcon.colcon_core.package_identification:_identify(src/helloworld) by extension 'ignore'
[0.281s] Level 1:colcon.colcon_core.package_identification:_identify(src/helloworld) by extension 'ignore_ament_install'
[0.281s] Level 1:colcon.colcon_core.package_identification:_identify(src/helloworld) by extensions ['colcon_pkg']
[0.281s] Level 1:colcon.colcon_core.package_identification:_identify(src/helloworld) by extension 'colcon_pkg'
[0.281s] Level 1:colcon.colcon_core.package_identification:_identify(src/helloworld) by extensions ['colcon_meta']
[0.281s] Level 1:colcon.colcon_core.package_identification:_identify(src/helloworld) by extension 'colcon_meta'
[0.282s] Level 1:colcon.colcon_core.package_identification:_identify(src/helloworld) by extensions ['ros']
[0.282s] Level 1:colcon.colcon_core.package_identification:_identify(src/helloworld) by extension 'ros'
[0.282s] DEBUG:colcon.colcon_core.package_identification:Package 'src/helloworld' with type 'ros.ament_cmake' and name 'helloworld'
[0.282s] Level 1:colcon.colcon_core.package_identification:_identify(src/install) by extensions ['ignore', 'ignore_ament_install']
[0.282s] Level 1:colcon.colcon_core.package_identification:_identify(src/install) by extension 'ignore'
[0.282s] Level 1:colcon.colcon_core.package_identification:_identify(src/install) ignored
[0.283s] Level 1:colcon.colcon_core.package_identification:_identify(src/log) by extensions ['ignore', 'ignore_ament_install']
[0.283s] Level 1:colcon.colcon_core.package_identification:_identify(src/log) by extension 'ignore'
[0.283s] Level 1:colcon.colcon_core.package_identification:_identify(src/log) ignored
[0.283s] Level 1:colcon.colcon_core.package_discovery:discover_packages(recursive) using defaults
[0.283s] Level 1:colcon.colcon_core.package_discovery:discover_packages(ignore) discover
[0.283s] Level 1:colcon.colcon_core.package_discovery:discover_packages(ignore) using defaults
[0.283s] Level 1:colcon.colcon_core.package_discovery:discover_packages(path) discover
[0.283s] Level 1:colcon.colcon_core.package_discovery:discover_packages(path) using defaults
[0.302s] Level 1:colcon.colcon_core.package_discovery:discover_packages(prefix_path) check parameters
[0.302s] Level 1:colcon.colcon_core.package_discovery:discover_packages(prefix_path) discover
[0.305s] DEBUG:colcon.colcon_installed_package_information.package_discovery:Found 270 installed packages in /opt/ros/humble
[0.306s] Level 1:colcon.colcon_core.package_discovery:discover_packages(prefix_path) using defaults
[0.349s] Level 5:colcon.colcon_core.verb:set package 'demo1' build argument 'cmake_args' from command line to 'None'
[0.349s] Level 5:colcon.colcon_core.verb:set package 'demo1' build argument 'cmake_target' from command line to 'None'
[0.349s] Level 5:colcon.colcon_core.verb:set package 'demo1' build argument 'cmake_target_skip_unavailable' from command line to 'False'
[0.349s] Level 5:colcon.colcon_core.verb:set package 'demo1' build argument 'cmake_clean_cache' from command line to 'False'
[0.349s] Level 5:colcon.colcon_core.verb:set package 'demo1' build argument 'cmake_clean_first' from command line to 'False'
[0.349s] Level 5:colcon.colcon_core.verb:set package 'demo1' build argument 'cmake_force_configure' from command line to 'False'
[0.349s] Level 5:colcon.colcon_core.verb:set package 'demo1' build argument 'ament_cmake_args' from command line to 'None'
[0.349s] Level 5:colcon.colcon_core.verb:set package 'demo1' build argument 'catkin_cmake_args' from command line to 'None'
[0.349s] Level 5:colcon.colcon_core.verb:set package 'demo1' build argument 'catkin_skip_building_tests' from command line to 'False'
[0.349s] DEBUG:colcon.colcon_core.verb:Building package 'demo1' with the following arguments: {'ament_cmake_args': None, 'build_base': '/home/lx/ros/hellworld/build/demo1', 'catkin_cmake_args': None, 'catkin_skip_building_tests': False, 'cmake_args': None, 'cmake_clean_cache': False, 'cmake_clean_first': False, 'cmake_force_configure': False, 'cmake_target': None, 'cmake_target_skip_unavailable': False, 'install_base': '/home/lx/ros/hellworld/install/demo1', 'merge_install': False, 'path': '/home/lx/ros/hellworld/src/demo1', 'symlink_install': False, 'test_result_base': None}
[0.350s] Level 5:colcon.colcon_core.verb:set package 'helloworld' build argument 'cmake_args' from command line to 'None'
[0.350s] Level 5:colcon.colcon_core.verb:set package 'helloworld' build argument 'cmake_target' from command line to 'None'
[0.350s] Level 5:colcon.colcon_core.verb:set package 'helloworld' build argument 'cmake_target_skip_unavailable' from command line to 'False'
[0.350s] Level 5:colcon.colcon_core.verb:set package 'helloworld' build argument 'cmake_clean_cache' from command line to 'False'
[0.350s] Level 5:colcon.colcon_core.verb:set package 'helloworld' build argument 'cmake_clean_first' from command line to 'False'
[0.350s] Level 5:colcon.colcon_core.verb:set package 'helloworld' build argument 'cmake_force_configure' from command line to 'False'
[0.350s] Level 5:colcon.colcon_core.verb:set package 'helloworld' build argument 'ament_cmake_args' from command line to 'None'
[0.350s] Level 5:colcon.colcon_core.verb:set package 'helloworld' build argument 'catkin_cmake_args' from command line to 'None'
[0.350s] Level 5:colcon.colcon_core.verb:set package 'helloworld' build argument 'catkin_skip_building_tests' from command line to 'False'
[0.350s] DEBUG:colcon.colcon_core.verb:Building package 'helloworld' with the following arguments: {'ament_cmake_args': None, 'build_base': '/home/lx/ros/hellworld/build/helloworld', 'catkin_cmake_args': None, 'catkin_skip_building_tests': False, 'cmake_args': None, 'cmake_clean_cache': False, 'cmake_clean_first': False, 'cmake_force_configure': False, 'cmake_target': None, 'cmake_target_skip_unavailable': False, 'install_base': '/home/lx/ros/hellworld/install/helloworld', 'merge_install': False, 'path': '/home/lx/ros/hellworld/src/helloworld', 'symlink_install': False, 'test_result_base': None}
[0.350s] INFO:colcon.colcon_core.executor:Executing jobs using 'parallel' executor
[0.353s] DEBUG:colcon.colcon_parallel_executor.executor.parallel:run_until_complete
[0.353s] INFO:colcon.colcon_ros.task.cmake.build:Building ROS package in '/home/lx/ros/hellworld/src/demo1' with build type 'cmake'
[0.353s] INFO:colcon.colcon_cmake.task.cmake.build:Building CMake package in '/home/lx/ros/hellworld/src/demo1'
[0.358s] INFO:colcon.colcon_core.plugin_system:Skipping extension 'colcon_core.shell.bat': Not used on non-Windows systems
[0.358s] INFO:colcon.colcon_core.shell:Skip shell extension 'powershell' for command environment: Not usable outside of PowerShell
[0.358s] DEBUG:colcon.colcon_core.shell:Skip shell extension 'dsv' for command environment
[0.360s] INFO:colcon.colcon_ros.task.ament_cmake.build:Building ROS package in '/home/lx/ros/hellworld/src/helloworld' with build type 'ament_cmake'
[0.360s] INFO:colcon.colcon_cmake.task.cmake.build:Building CMake package in '/home/lx/ros/hellworld/src/helloworld'
[0.361s] INFO:colcon.colcon_core.shell:Skip shell extension 'powershell' for command environment: Not usable outside of PowerShell
[0.361s] DEBUG:colcon.colcon_core.shell:Skip shell extension 'dsv' for command environment
[0.366s] DEBUG:colcon.colcon_core.event_handler.log_command:Invoking command in '/home/lx/ros/hellworld/build/demo1': CMAKE_PREFIX_PATH=/opt/ros/humble /usr/bin/cmake /home/lx/ros/hellworld/src/demo1 -DCMAKE_INSTALL_PREFIX=/home/lx/ros/hellworld/install/demo1
[0.370s] DEBUG:colcon.colcon_core.event_handler.log_command:Invoking command in '/home/lx/ros/hellworld/build/helloworld': CMAKE_PREFIX_PATH=/opt/ros/humble /usr/bin/cmake /home/lx/ros/hellworld/src/helloworld -DCMAKE_INSTALL_PREFIX=/home/lx/ros/hellworld/install/helloworld
[0.851s] DEBUG:colcon.colcon_core.event_handler.log_command:Invoked command in '/home/lx/ros/hellworld/build/demo1' returned '0': CMAKE_PREFIX_PATH=/opt/ros/humble /usr/bin/cmake /home/lx/ros/hellworld/src/demo1 -DCMAKE_INSTALL_PREFIX=/home/lx/ros/hellworld/install/demo1
[0.851s] DEBUG:colcon.colcon_core.event_handler.log_command:Invoking command in '/home/lx/ros/hellworld/build/demo1': CMAKE_PREFIX_PATH=/opt/ros/humble /usr/bin/cmake --build /home/lx/ros/hellworld/build/demo1 -- -j12 -l12
[0.875s] DEBUG:colcon.colcon_core.event_handler.log_command:Invoked command in '/home/lx/ros/hellworld/build/demo1' returned '0': CMAKE_PREFIX_PATH=/opt/ros/humble /usr/bin/cmake --build /home/lx/ros/hellworld/build/demo1 -- -j12 -l12
[0.885s] WARNING:colcon.colcon_cmake.task.cmake.build:Could not run installation step for package 'demo1' because it has no 'install' target
[0.895s] Level 1:colcon.colcon_core.environment:create_environment_scripts_only(demo1)
[0.901s] Level 1:colcon.colcon_core.environment:checking '/home/lx/ros/hellworld/install/demo1' for CMake module files
[0.902s] Level 1:colcon.colcon_core.environment:checking '/home/lx/ros/hellworld/install/demo1' for CMake config files
[0.902s] Level 1:colcon.colcon_core.environment:checking '/home/lx/ros/hellworld/install/demo1/bin'
[0.902s] Level 1:colcon.colcon_core.environment:checking '/home/lx/ros/hellworld/install/demo1/lib/pkgconfig/demo1.pc'
[0.902s] Level 1:colcon.colcon_core.environment:checking '/home/lx/ros/hellworld/install/demo1/lib/python3.10/site-packages'
[0.902s] Level 1:colcon.colcon_core.environment:checking '/home/lx/ros/hellworld/install/demo1/bin'
[0.903s] INFO:colcon.colcon_core.shell:Creating package script '/home/lx/ros/hellworld/install/demo1/share/demo1/package.ps1'
[0.904s] INFO:colcon.colcon_core.shell:Creating package descriptor '/home/lx/ros/hellworld/install/demo1/share/demo1/package.dsv'
[0.904s] INFO:colcon.colcon_core.shell:Creating package script '/home/lx/ros/hellworld/install/demo1/share/demo1/package.sh'
[0.905s] INFO:colcon.colcon_core.shell:Creating package script '/home/lx/ros/hellworld/install/demo1/share/demo1/package.bash'
[0.906s] INFO:colcon.colcon_core.shell:Creating package script '/home/lx/ros/hellworld/install/demo1/share/demo1/package.zsh'
[0.906s] Level 1:colcon.colcon_core.environment:create_file_with_runtime_dependencies(/home/lx/ros/hellworld/install/demo1/share/colcon-core/packages/demo1)
[0.914s] DEBUG:colcon.colcon_core.event_handler.log_command:Invoked command in '/home/lx/ros/hellworld/build/helloworld' returned '0': CMAKE_PREFIX_PATH=/opt/ros/humble /usr/bin/cmake /home/lx/ros/hellworld/src/helloworld -DCMAKE_INSTALL_PREFIX=/home/lx/ros/hellworld/install/helloworld
[0.915s] DEBUG:colcon.colcon_core.event_handler.log_command:Invoking command in '/home/lx/ros/hellworld/build/helloworld': CMAKE_PREFIX_PATH=/opt/ros/humble /usr/bin/cmake --build /home/lx/ros/hellworld/build/helloworld -- -j12 -l12
[0.966s] DEBUG:colcon.colcon_core.event_handler.log_command:Invoked command in '/home/lx/ros/hellworld/build/helloworld' returned '0': CMAKE_PREFIX_PATH=/opt/ros/humble /usr/bin/cmake --build /home/lx/ros/hellworld/build/helloworld -- -j12 -l12
[0.985s] DEBUG:colcon.colcon_core.event_handler.log_command:Invoking command in '/home/lx/ros/hellworld/build/helloworld': CMAKE_PREFIX_PATH=/opt/ros/humble /usr/bin/cmake --install /home/lx/ros/hellworld/build/helloworld
[0.997s] Level 1:colcon.colcon_core.environment:create_environment_scripts_only(helloworld)
[0.999s] Level 1:colcon.colcon_core.environment:checking '/home/lx/ros/hellworld/install/helloworld' for CMake module files
[0.999s] DEBUG:colcon.colcon_core.event_handler.log_command:Invoked command in '/home/lx/ros/hellworld/build/helloworld' returned '0': CMAKE_PREFIX_PATH=/opt/ros/humble /usr/bin/cmake --install /home/lx/ros/hellworld/build/helloworld
[0.999s] Level 1:colcon.colcon_core.environment:checking '/home/lx/ros/hellworld/install/helloworld' for CMake config files
[0.999s] Level 1:colcon.colcon_core.shell:create_environment_hook('helloworld', 'cmake_prefix_path')
[1.000s] INFO:colcon.colcon_core.shell:Creating environment hook '/home/lx/ros/hellworld/install/helloworld/share/helloworld/hook/cmake_prefix_path.ps1'
[1.001s] INFO:colcon.colcon_core.shell:Creating environment descriptor '/home/lx/ros/hellworld/install/helloworld/share/helloworld/hook/cmake_prefix_path.dsv'
[1.001s] INFO:colcon.colcon_core.shell:Creating environment hook '/home/lx/ros/hellworld/install/helloworld/share/helloworld/hook/cmake_prefix_path.sh'
[1.002s] Level 1:colcon.colcon_core.environment:checking '/home/lx/ros/hellworld/install/helloworld/lib'
[1.002s] Level 1:colcon.colcon_core.environment:checking '/home/lx/ros/hellworld/install/helloworld/bin'
[1.002s] Level 1:colcon.colcon_core.environment:checking '/home/lx/ros/hellworld/install/helloworld/lib/pkgconfig/helloworld.pc'
[1.002s] Level 1:colcon.colcon_core.environment:checking '/home/lx/ros/hellworld/install/helloworld/lib/python3.10/site-packages'
[1.002s] Level 1:colcon.colcon_core.environment:checking '/home/lx/ros/hellworld/install/helloworld/bin'
[1.003s] INFO:colcon.colcon_core.shell:Creating package script '/home/lx/ros/hellworld/install/helloworld/share/helloworld/package.ps1'
[1.004s] INFO:colcon.colcon_core.shell:Creating package descriptor '/home/lx/ros/hellworld/install/helloworld/share/helloworld/package.dsv'
[1.004s] INFO:colcon.colcon_core.shell:Creating package script '/home/lx/ros/hellworld/install/helloworld/share/helloworld/package.sh'
[1.004s] INFO:colcon.colcon_core.shell:Creating package script '/home/lx/ros/hellworld/install/helloworld/share/helloworld/package.bash'
[1.004s] INFO:colcon.colcon_core.shell:Creating package script '/home/lx/ros/hellworld/install/helloworld/share/helloworld/package.zsh'
[1.005s] Level 1:colcon.colcon_core.environment:create_file_with_runtime_dependencies(/home/lx/ros/hellworld/install/helloworld/share/colcon-core/packages/helloworld)
[1.018s] Level 1:colcon.colcon_core.environment:create_environment_scripts_only(helloworld)
[1.019s] Level 1:colcon.colcon_core.environment:checking '/home/lx/ros/hellworld/install/helloworld' for CMake module files
[1.020s] Level 1:colcon.colcon_core.environment:checking '/home/lx/ros/hellworld/install/helloworld' for CMake config files
[1.020s] Level 1:colcon.colcon_core.shell:create_environment_hook('helloworld', 'cmake_prefix_path')
[1.021s] INFO:colcon.colcon_core.shell:Creating environment hook '/home/lx/ros/hellworld/install/helloworld/share/helloworld/hook/cmake_prefix_path.ps1'
[1.021s] INFO:colcon.colcon_core.shell:Creating environment descriptor '/home/lx/ros/hellworld/install/helloworld/share/helloworld/hook/cmake_prefix_path.dsv'
[1.021s] INFO:colcon.colcon_core.shell:Creating environment hook '/home/lx/ros/hellworld/install/helloworld/share/helloworld/hook/cmake_prefix_path.sh'
[1.022s] Level 1:colcon.colcon_core.environment:checking '/home/lx/ros/hellworld/install/helloworld/lib'
[1.022s] Level 1:colcon.colcon_core.environment:checking '/home/lx/ros/hellworld/install/helloworld/bin'
[1.022s] Level 1:colcon.colcon_core.environment:checking '/home/lx/ros/hellworld/install/helloworld/lib/pkgconfig/helloworld.pc'
[1.022s] Level 1:colcon.colcon_core.environment:checking '/home/lx/ros/hellworld/install/helloworld/lib/python3.10/site-packages'
[1.022s] Level 1:colcon.colcon_core.environment:checking '/home/lx/ros/hellworld/install/helloworld/bin'
[1.023s] INFO:colcon.colcon_core.shell:Creating package script '/home/lx/ros/hellworld/install/helloworld/share/helloworld/package.ps1'
[1.023s] INFO:colcon.colcon_core.shell:Creating package descriptor '/home/lx/ros/hellworld/install/helloworld/share/helloworld/package.dsv'
[1.024s] INFO:colcon.colcon_core.shell:Creating package script '/home/lx/ros/hellworld/install/helloworld/share/helloworld/package.sh'
[1.024s] INFO:colcon.colcon_core.shell:Creating package script '/home/lx/ros/hellworld/install/helloworld/share/helloworld/package.bash'
[1.024s] INFO:colcon.colcon_core.shell:Creating package script '/home/lx/ros/hellworld/install/helloworld/share/helloworld/package.zsh'
[1.025s] Level 1:colcon.colcon_core.environment:create_file_with_runtime_dependencies(/home/lx/ros/hellworld/install/helloworld/share/colcon-core/packages/helloworld)
[1.025s] DEBUG:colcon.colcon_parallel_executor.executor.parallel:closing loop
[1.025s] DEBUG:colcon.colcon_parallel_executor.executor.parallel:loop closed
[1.025s] DEBUG:colcon.colcon_parallel_executor.executor.parallel:run_until_complete finished with '0'
[1.025s] DEBUG:colcon.colcon_core.event_reactor:joining thread
[1.029s] INFO:colcon.colcon_core.plugin_system:Skipping extension 'colcon_notification.desktop_notification.terminal_notifier': Not used on non-Darwin systems
[1.029s] INFO:colcon.colcon_core.plugin_system:Skipping extension 'colcon_notification.desktop_notification.win32': Not used on non-Windows systems
[1.029s] INFO:colcon.colcon_notification.desktop_notification:Sending desktop notification using 'notify2'
[1.046s] DEBUG:colcon.colcon_core.event_reactor:joined thread
[1.047s] INFO:colcon.colcon_core.shell:Creating prefix script '/home/lx/ros/hellworld/install/local_setup.ps1'
[1.047s] INFO:colcon.colcon_core.shell:Creating prefix util module '/home/lx/ros/hellworld/install/_local_setup_util_ps1.py'
[1.049s] INFO:colcon.colcon_core.shell:Creating prefix chain script '/home/lx/ros/hellworld/install/setup.ps1'
[1.050s] INFO:colcon.colcon_core.shell:Creating prefix script '/home/lx/ros/hellworld/install/local_setup.sh'
[1.050s] INFO:colcon.colcon_core.shell:Creating prefix util module '/home/lx/ros/hellworld/install/_local_setup_util_sh.py'
[1.050s] INFO:colcon.colcon_core.shell:Creating prefix chain script '/home/lx/ros/hellworld/install/setup.sh'
[1.052s] INFO:colcon.colcon_core.shell:Creating prefix script '/home/lx/ros/hellworld/install/local_setup.bash'
[1.052s] INFO:colcon.colcon_core.shell:Creating prefix chain script '/home/lx/ros/hellworld/install/setup.bash'
[1.053s] INFO:colcon.colcon_core.shell:Creating prefix script '/home/lx/ros/hellworld/install/local_setup.zsh'
[1.054s] INFO:colcon.colcon_core.shell:Creating prefix chain script '/home/lx/ros/hellworld/install/setup.zsh'
