[0.300s] Invoking command in '/home/lx/ros2/ros/xiao_ying/build/linefit_ground_segmentation': CMAKE_PREFIX_PATH=/home/lx/ros2/ros/xiao_ying/install/xiao_ying_navigation:/home/lx/ros2/ros/xiao_ying/install/start:/home/lx/ros2/ros/xiao_ying/install/pointcloud_to_laserscan:/opt/ros/humble:/home/lx/ros2/ros/xiao_ying/install/livox_to_pointcloud2:/home/lx/ros2/ros/xiao_ying/install/fast_lio:/home/lx/ros2/ros/xiao_ying/install/livox_ros_driver2:/home/lx/ros2/ros/xiao_ying/install/linefit_ground_segmentation_ros:/home/lx/ros2/ros/xiao_ying/install/linefit_ground_segmentation:/home/lx/ros2/ros/xiao_ying/install/imu_complementary_filter /usr/bin/cmake --build /home/lx/ros2/ros/xiao_ying/build/linefit_ground_segmentation -- -j12 -l12
[0.386s] [100%] Built target linefit_ground_segmentation
[0.433s] Invoked command in '/home/lx/ros2/ros/xiao_ying/build/linefit_ground_segmentation' returned '0': CMAKE_PREFIX_PATH=/home/lx/ros2/ros/xiao_ying/install/xiao_ying_navigation:/home/lx/ros2/ros/xiao_ying/install/start:/home/lx/ros2/ros/xiao_ying/install/pointcloud_to_laserscan:/opt/ros/humble:/home/lx/ros2/ros/xiao_ying/install/livox_to_pointcloud2:/home/lx/ros2/ros/xiao_ying/install/fast_lio:/home/lx/ros2/ros/xiao_ying/install/livox_ros_driver2:/home/lx/ros2/ros/xiao_ying/install/linefit_ground_segmentation_ros:/home/lx/ros2/ros/xiao_ying/install/linefit_ground_segmentation:/home/lx/ros2/ros/xiao_ying/install/imu_complementary_filter /usr/bin/cmake --build /home/lx/ros2/ros/xiao_ying/build/linefit_ground_segmentation -- -j12 -l12
[0.583s] Invoking command in '/home/lx/ros2/ros/xiao_ying/build/linefit_ground_segmentation': CMAKE_PREFIX_PATH=/home/lx/ros2/ros/xiao_ying/install/xiao_ying_navigation:/home/lx/ros2/ros/xiao_ying/install/start:/home/lx/ros2/ros/xiao_ying/install/pointcloud_to_laserscan:/opt/ros/humble:/home/lx/ros2/ros/xiao_ying/install/livox_to_pointcloud2:/home/lx/ros2/ros/xiao_ying/install/fast_lio:/home/lx/ros2/ros/xiao_ying/install/livox_ros_driver2:/home/lx/ros2/ros/xiao_ying/install/linefit_ground_segmentation_ros:/home/lx/ros2/ros/xiao_ying/install/linefit_ground_segmentation:/home/lx/ros2/ros/xiao_ying/install/imu_complementary_filter /usr/bin/cmake --install /home/lx/ros2/ros/xiao_ying/build/linefit_ground_segmentation
[0.610s] -- Install configuration: ""
[0.611s] -- Up-to-date: /home/lx/ros2/ros/xiao_ying/install/linefit_ground_segmentation/include
[0.611s] -- Up-to-date: /home/lx/ros2/ros/xiao_ying/install/linefit_ground_segmentation/include/ground_segmentation
[0.611s] -- Up-to-date: /home/lx/ros2/ros/xiao_ying/install/linefit_ground_segmentation/include/ground_segmentation/ground_segmentation.h
[0.611s] -- Up-to-date: /home/lx/ros2/ros/xiao_ying/install/linefit_ground_segmentation/include/ground_segmentation/bin.h
[0.612s] -- Up-to-date: /home/lx/ros2/ros/xiao_ying/install/linefit_ground_segmentation/include/ground_segmentation/typedefs.h
[0.612s] -- Up-to-date: /home/lx/ros2/ros/xiao_ying/install/linefit_ground_segmentation/include/ground_segmentation/segment.h
[0.612s] -- Up-to-date: /home/lx/ros2/ros/xiao_ying/install/linefit_ground_segmentation/include/ground_segmentation/viewer.h
[0.612s] -- Up-to-date: /home/lx/ros2/ros/xiao_ying/install/linefit_ground_segmentation/share/linefit_ground_segmentation/environment/library_path.sh
[0.612s] -- Up-to-date: /home/lx/ros2/ros/xiao_ying/install/linefit_ground_segmentation/share/linefit_ground_segmentation/environment/library_path.dsv
[0.613s] -- Up-to-date: /home/lx/ros2/ros/xiao_ying/install/linefit_ground_segmentation/lib/liblinefit_ground_segmentation.so
[0.613s] -- Up-to-date: /home/lx/ros2/ros/xiao_ying/install/linefit_ground_segmentation/share/ament_index/resource_index/package_run_dependencies/linefit_ground_segmentation
[0.613s] -- Up-to-date: /home/lx/ros2/ros/xiao_ying/install/linefit_ground_segmentation/share/ament_index/resource_index/parent_prefix_path/linefit_ground_segmentation
[0.613s] -- Up-to-date: /home/lx/ros2/ros/xiao_ying/install/linefit_ground_segmentation/share/linefit_ground_segmentation/environment/ament_prefix_path.sh
[0.613s] -- Up-to-date: /home/lx/ros2/ros/xiao_ying/install/linefit_ground_segmentation/share/linefit_ground_segmentation/environment/ament_prefix_path.dsv
[0.613s] -- Up-to-date: /home/lx/ros2/ros/xiao_ying/install/linefit_ground_segmentation/share/linefit_ground_segmentation/environment/path.sh
[0.613s] -- Up-to-date: /home/lx/ros2/ros/xiao_ying/install/linefit_ground_segmentation/share/linefit_ground_segmentation/environment/path.dsv
[0.613s] -- Up-to-date: /home/lx/ros2/ros/xiao_ying/install/linefit_ground_segmentation/share/linefit_ground_segmentation/local_setup.bash
[0.613s] -- Up-to-date: /home/lx/ros2/ros/xiao_ying/install/linefit_ground_segmentation/share/linefit_ground_segmentation/local_setup.sh
[0.614s] -- Up-to-date: /home/lx/ros2/ros/xiao_ying/install/linefit_ground_segmentation/share/linefit_ground_segmentation/local_setup.zsh
[0.614s] -- Up-to-date: /home/lx/ros2/ros/xiao_ying/install/linefit_ground_segmentation/share/linefit_ground_segmentation/local_setup.dsv
[0.614s] -- Installing: /home/lx/ros2/ros/xiao_ying/install/linefit_ground_segmentation/share/linefit_ground_segmentation/package.dsv
[0.615s] -- Up-to-date: /home/lx/ros2/ros/xiao_ying/install/linefit_ground_segmentation/share/ament_index/resource_index/packages/linefit_ground_segmentation
[0.615s] -- Up-to-date: /home/lx/ros2/ros/xiao_ying/install/linefit_ground_segmentation/share/linefit_ground_segmentation/cmake/ament_cmake_export_dependencies-extras.cmake
[0.615s] -- Up-to-date: /home/lx/ros2/ros/xiao_ying/install/linefit_ground_segmentation/share/linefit_ground_segmentation/cmake/ament_cmake_export_include_directories-extras.cmake
[0.615s] -- Up-to-date: /home/lx/ros2/ros/xiao_ying/install/linefit_ground_segmentation/share/linefit_ground_segmentation/cmake/ament_cmake_export_libraries-extras.cmake
[0.615s] -- Up-to-date: /home/lx/ros2/ros/xiao_ying/install/linefit_ground_segmentation/share/linefit_ground_segmentation/cmake/linefit_ground_segmentationConfig.cmake
[0.615s] -- Up-to-date: /home/lx/ros2/ros/xiao_ying/install/linefit_ground_segmentation/share/linefit_ground_segmentation/cmake/linefit_ground_segmentationConfig-version.cmake
[0.615s] -- Up-to-date: /home/lx/ros2/ros/xiao_ying/install/linefit_ground_segmentation/share/linefit_ground_segmentation/package.xml
[0.739s] Invoked command in '/home/lx/ros2/ros/xiao_ying/build/linefit_ground_segmentation' returned '0': CMAKE_PREFIX_PATH=/home/lx/ros2/ros/xiao_ying/install/xiao_ying_navigation:/home/lx/ros2/ros/xiao_ying/install/start:/home/lx/ros2/ros/xiao_ying/install/pointcloud_to_laserscan:/opt/ros/humble:/home/lx/ros2/ros/xiao_ying/install/livox_to_pointcloud2:/home/lx/ros2/ros/xiao_ying/install/fast_lio:/home/lx/ros2/ros/xiao_ying/install/livox_ros_driver2:/home/lx/ros2/ros/xiao_ying/install/linefit_ground_segmentation_ros:/home/lx/ros2/ros/xiao_ying/install/linefit_ground_segmentation:/home/lx/ros2/ros/xiao_ying/install/imu_complementary_filter /usr/bin/cmake --install /home/lx/ros2/ros/xiao_ying/build/linefit_ground_segmentation
