[0.153s] Invoking command in '/home/lx/ros2/ros/xiao_ying/build/linefit_ground_segmentation_ros': AMENT_PREFIX_PATH=/home/lx/ros2/ros/xiao_ying/install/linefit_ground_segmentation:${AMENT_PREFIX_PATH} CMAKE_PREFIX_PATH=/home/lx/ros2/ros/xiao_ying/install/linefit_ground_segmentation:/opt/ros/humble LD_LIBRARY_PATH=/home/lx/ros2/ros/xiao_ying/install/linefit_ground_segmentation/lib:${LD_LIBRARY_PATH} /usr/bin/cmake --build /home/lx/ros2/ros/xiao_ying/build/linefit_ground_segmentation_ros -- -j12 -l12
[0.194s] [100%] Built target ground_segmentation_node
[0.194s] [100%] Built target ground_segmentation_test_node
[0.222s] Invoked command in '/home/lx/ros2/ros/xiao_ying/build/linefit_ground_segmentation_ros' returned '0': AMENT_PREFIX_PATH=/home/lx/ros2/ros/xiao_ying/install/linefit_ground_segmentation:${AMENT_PREFIX_PATH} CMAKE_PREFIX_PATH=/home/lx/ros2/ros/xiao_ying/install/linefit_ground_segmentation:/opt/ros/humble LD_LIBRARY_PATH=/home/lx/ros2/ros/xiao_ying/install/linefit_ground_segmentation/lib:${LD_LIBRARY_PATH} /usr/bin/cmake --build /home/lx/ros2/ros/xiao_ying/build/linefit_ground_segmentation_ros -- -j12 -l12
[0.243s] Invoking command in '/home/lx/ros2/ros/xiao_ying/build/linefit_ground_segmentation_ros': AMENT_PREFIX_PATH=/home/lx/ros2/ros/xiao_ying/install/linefit_ground_segmentation:${AMENT_PREFIX_PATH} CMAKE_PREFIX_PATH=/home/lx/ros2/ros/xiao_ying/install/linefit_ground_segmentation:/opt/ros/humble LD_LIBRARY_PATH=/home/lx/ros2/ros/xiao_ying/install/linefit_ground_segmentation/lib:${LD_LIBRARY_PATH} /usr/bin/cmake --install /home/lx/ros2/ros/xiao_ying/build/linefit_ground_segmentation_ros
[0.249s] -- Install configuration: ""
[0.249s] -- Up-to-date: /home/lx/ros2/ros/xiao_ying/install/linefit_ground_segmentation_ros/lib/linefit_ground_segmentation_ros/ground_segmentation_node
[0.249s] -- Up-to-date: /home/lx/ros2/ros/xiao_ying/install/linefit_ground_segmentation_ros/lib/linefit_ground_segmentation_ros/ground_segmentation_test_node
[0.249s] -- Up-to-date: /home/lx/ros2/ros/xiao_ying/install/linefit_ground_segmentation_ros/share/linefit_ground_segmentation_ros/launch
[0.250s] -- Up-to-date: /home/lx/ros2/ros/xiao_ying/install/linefit_ground_segmentation_ros/share/linefit_ground_segmentation_ros/launch/test.launch.py
[0.250s] -- Up-to-date: /home/lx/ros2/ros/xiao_ying/install/linefit_ground_segmentation_ros/share/linefit_ground_segmentation_ros/launch/segmentation.launch.py
[0.250s] -- Up-to-date: /home/lx/ros2/ros/xiao_ying/install/linefit_ground_segmentation_ros/share/linefit_ground_segmentation_ros/launch/segmentation_params.yaml
[0.250s] -- Up-to-date: /home/lx/ros2/ros/xiao_ying/install/linefit_ground_segmentation_ros/share/ament_index/resource_index/package_run_dependencies/linefit_ground_segmentation_ros
[0.250s] -- Up-to-date: /home/lx/ros2/ros/xiao_ying/install/linefit_ground_segmentation_ros/share/ament_index/resource_index/parent_prefix_path/linefit_ground_segmentation_ros
[0.250s] -- Up-to-date: /home/lx/ros2/ros/xiao_ying/install/linefit_ground_segmentation_ros/share/linefit_ground_segmentation_ros/environment/ament_prefix_path.sh
[0.250s] -- Up-to-date: /home/lx/ros2/ros/xiao_ying/install/linefit_ground_segmentation_ros/share/linefit_ground_segmentation_ros/environment/ament_prefix_path.dsv
[0.251s] -- Up-to-date: /home/lx/ros2/ros/xiao_ying/install/linefit_ground_segmentation_ros/share/linefit_ground_segmentation_ros/environment/path.sh
[0.251s] -- Up-to-date: /home/lx/ros2/ros/xiao_ying/install/linefit_ground_segmentation_ros/share/linefit_ground_segmentation_ros/environment/path.dsv
[0.251s] -- Up-to-date: /home/lx/ros2/ros/xiao_ying/install/linefit_ground_segmentation_ros/share/linefit_ground_segmentation_ros/local_setup.bash
[0.251s] -- Up-to-date: /home/lx/ros2/ros/xiao_ying/install/linefit_ground_segmentation_ros/share/linefit_ground_segmentation_ros/local_setup.sh
[0.251s] -- Up-to-date: /home/lx/ros2/ros/xiao_ying/install/linefit_ground_segmentation_ros/share/linefit_ground_segmentation_ros/local_setup.zsh
[0.251s] -- Up-to-date: /home/lx/ros2/ros/xiao_ying/install/linefit_ground_segmentation_ros/share/linefit_ground_segmentation_ros/local_setup.dsv
[0.251s] -- Installing: /home/lx/ros2/ros/xiao_ying/install/linefit_ground_segmentation_ros/share/linefit_ground_segmentation_ros/package.dsv
[0.251s] -- Up-to-date: /home/lx/ros2/ros/xiao_ying/install/linefit_ground_segmentation_ros/share/ament_index/resource_index/packages/linefit_ground_segmentation_ros
[0.251s] -- Up-to-date: /home/lx/ros2/ros/xiao_ying/install/linefit_ground_segmentation_ros/share/linefit_ground_segmentation_ros/cmake/ament_cmake_export_dependencies-extras.cmake
[0.251s] -- Up-to-date: /home/lx/ros2/ros/xiao_ying/install/linefit_ground_segmentation_ros/share/linefit_ground_segmentation_ros/cmake/linefit_ground_segmentation_rosConfig.cmake
[0.251s] -- Up-to-date: /home/lx/ros2/ros/xiao_ying/install/linefit_ground_segmentation_ros/share/linefit_ground_segmentation_ros/cmake/linefit_ground_segmentation_rosConfig-version.cmake
[0.252s] -- Up-to-date: /home/lx/ros2/ros/xiao_ying/install/linefit_ground_segmentation_ros/share/linefit_ground_segmentation_ros/package.xml
[0.252s] Invoked command in '/home/lx/ros2/ros/xiao_ying/build/linefit_ground_segmentation_ros' returned '0': AMENT_PREFIX_PATH=/home/lx/ros2/ros/xiao_ying/install/linefit_ground_segmentation:${AMENT_PREFIX_PATH} CMAKE_PREFIX_PATH=/home/lx/ros2/ros/xiao_ying/install/linefit_ground_segmentation:/opt/ros/humble LD_LIBRARY_PATH=/home/lx/ros2/ros/xiao_ying/install/linefit_ground_segmentation/lib:${LD_LIBRARY_PATH} /usr/bin/cmake --install /home/lx/ros2/ros/xiao_ying/build/linefit_ground_segmentation_ros
