[0mCurrent CPU archtecture: x86_64[0m
[0mProcesser number:  12[0m
[0mcore for MP: 3[0m
[33mCMake Warning (dev) at CMakeLists.txt:81 (find_package):
  Policy CMP0074 is not set: find_package uses <PackageName>_ROOT variables.
  Run "cmake --help-policy CMP0074" for policy details.  Use the cmake_policy
  command to set the policy and suppress this warning.

  CMake variable PCL_ROOT is set to:

    /usr

  For compatibility, CMake is ignoring the variable.
This warning is for project developers.  Use -Wno-dev to suppress it.
[0m
[0mEigen:/usr/local/include/eigen3[0m
[01m[K/home/lx/ros2/ros/mid-360_ws/src/FAST_LIO/src/laserMapping.cpp:44:10:[m[K [01;31m[Kfatal error: [m[Kso3_math.h: æ²¡æœ‰é‚£ä¸ªæ–‡ä»¶æˆ–ç›®å½•
   44 | #include [01;31m[K<so3_math.h>[m[K
      |          [01;31m[K^~~~~~~~~~~~[m[K
compilation terminated.
gmake[2]: *** [CMakeFiles/fastlio_mapping.dir/build.make:76ï¼šCMakeFiles/fastlio_mapping.dir/src/laserMapping.cpp.o] é”™è¯¯ 1
gmake[2]: *** æ­£åœ¨ç­‰å¾…æœªå®Œæˆçš„ä»»åŠ¡....
gmake[1]: *** [CMakeFiles/Makefile2:593ï¼šCMakeFiles/fastlio_mapping.dir/all] é”™è¯¯ 2
gmake: *** [Makefile:146ï¼šall] é”™è¯¯ 2
