[0.878s] DEBUG:colcon:Command line arguments: ['/usr/bin/colcon', 'build']
[0.878s] DEBUG:colcon:Parsed command line arguments: Namespace(log_base=None, log_level=None, verb_name='build', build_base='build', install_base='install', merge_install=False, symlink_install=False, test_result_base=None, continue_on_error=False, executor='parallel', parallel_workers=12, event_handlers=None, ignore_user_meta=False, metas=['./colcon.meta'], base_paths=['.'], packages_ignore=None, packages_ignore_regex=None, paths=None, packages_up_to=None, packages_up_to_regex=None, packages_above=None, packages_above_and_dependencies=None, packages_above_depth=None, packages_select_by_dep=None, packages_skip_by_dep=None, packages_skip_up_to=None, packages_select_build_failed=False, packages_skip_build_finished=False, packages_select_test_failures=False, packages_skip_test_passed=False, packages_select=None, packages_skip=None, packages_select_regex=None, packages_skip_regex=None, packages_start=None, packages_end=None, allow_overriding=[], cmake_args=None, cmake_target=None, cmake_target_skip_unavailable=False, cmake_clean_cache=False, cmake_clean_first=False, cmake_force_configure=False, ament_cmake_args=None, catkin_cmake_args=None, catkin_skip_building_tests=False, verb_parser=<colcon_defaults.argument_parser.defaults.DefaultArgumentsDecorator object at 0x7f0eece426e0>, verb_extension=<colcon_core.verb.build.BuildVerb object at 0x7f0eed2cba00>, main=<bound method BuildVerb.main of <colcon_core.verb.build.BuildVerb object at 0x7f0eed2cba00>>)
[0.919s] Level 1:colcon.colcon_core.package_discovery:discover_packages(colcon_meta) check parameters
[0.919s] Level 1:colcon.colcon_core.package_discovery:discover_packages(recursive) check parameters
[0.919s] Level 1:colcon.colcon_core.package_discovery:discover_packages(ignore) check parameters
[0.919s] Level 1:colcon.colcon_core.package_discovery:discover_packages(path) check parameters
[0.919s] Level 1:colcon.colcon_core.package_discovery:discover_packages(colcon_meta) discover
[0.919s] Level 1:colcon.colcon_core.package_discovery:discover_packages(recursive) discover
[0.919s] INFO:colcon.colcon_core.package_discovery:Crawling recursively for packages in '/home/lx/ros2/ros/mid-70_ws'
[0.919s] Level 1:colcon.colcon_core.package_identification:_identify(.) by extensions ['ignore', 'ignore_ament_install']
[0.919s] Level 1:colcon.colcon_core.package_identification:_identify(.) by extension 'ignore'
[0.919s] Level 1:colcon.colcon_core.package_identification:_identify(.) by extension 'ignore_ament_install'
[0.919s] Level 1:colcon.colcon_core.package_identification:_identify(.) by extensions ['colcon_pkg']
[0.919s] Level 1:colcon.colcon_core.package_identification:_identify(.) by extension 'colcon_pkg'
[0.919s] Level 1:colcon.colcon_core.package_identification:_identify(.) by extensions ['colcon_meta']
[0.919s] Level 1:colcon.colcon_core.package_identification:_identify(.) by extension 'colcon_meta'
[0.919s] Level 1:colcon.colcon_core.package_identification:_identify(.) by extensions ['ros']
[0.919s] Level 1:colcon.colcon_core.package_identification:_identify(.) by extension 'ros'
[0.929s] Level 1:colcon.colcon_core.package_identification:_identify(.) by extensions ['cmake', 'python']
[0.929s] Level 1:colcon.colcon_core.package_identification:_identify(.) by extension 'cmake'
[0.929s] Level 1:colcon.colcon_core.package_identification:_identify(.) by extension 'python'
[0.929s] Level 1:colcon.colcon_core.package_identification:_identify(.) by extensions ['python_setup_py']
[0.929s] Level 1:colcon.colcon_core.package_identification:_identify(.) by extension 'python_setup_py'
[0.929s] Level 1:colcon.colcon_core.package_identification:_identify(build) by extensions ['ignore', 'ignore_ament_install']
[0.930s] Level 1:colcon.colcon_core.package_identification:_identify(build) by extension 'ignore'
[0.930s] Level 1:colcon.colcon_core.package_identification:_identify(build) ignored
[0.930s] Level 1:colcon.colcon_core.package_identification:_identify(install) by extensions ['ignore', 'ignore_ament_install']
[0.930s] Level 1:colcon.colcon_core.package_identification:_identify(install) by extension 'ignore'
[0.930s] Level 1:colcon.colcon_core.package_identification:_identify(install) ignored
[0.930s] Level 1:colcon.colcon_core.package_identification:_identify(log) by extensions ['ignore', 'ignore_ament_install']
[0.930s] Level 1:colcon.colcon_core.package_identification:_identify(log) by extension 'ignore'
[0.930s] Level 1:colcon.colcon_core.package_identification:_identify(log) ignored
[0.930s] Level 1:colcon.colcon_core.package_identification:_identify(src) by extensions ['ignore', 'ignore_ament_install']
[0.930s] Level 1:colcon.colcon_core.package_identification:_identify(src) by extension 'ignore'
[0.930s] Level 1:colcon.colcon_core.package_identification:_identify(src) by extension 'ignore_ament_install'
[0.930s] Level 1:colcon.colcon_core.package_identification:_identify(src) by extensions ['colcon_pkg']
[0.930s] Level 1:colcon.colcon_core.package_identification:_identify(src) by extension 'colcon_pkg'
[0.930s] Level 1:colcon.colcon_core.package_identification:_identify(src) by extensions ['colcon_meta']
[0.930s] Level 1:colcon.colcon_core.package_identification:_identify(src) by extension 'colcon_meta'
[0.930s] Level 1:colcon.colcon_core.package_identification:_identify(src) by extensions ['ros']
[0.930s] Level 1:colcon.colcon_core.package_identification:_identify(src) by extension 'ros'
[0.930s] Level 1:colcon.colcon_core.package_identification:_identify(src) by extensions ['cmake', 'python']
[0.930s] Level 1:colcon.colcon_core.package_identification:_identify(src) by extension 'cmake'
[0.930s] Level 1:colcon.colcon_core.package_identification:_identify(src) by extension 'python'
[0.931s] Level 1:colcon.colcon_core.package_identification:_identify(src) by extensions ['python_setup_py']
[0.931s] Level 1:colcon.colcon_core.package_identification:_identify(src) by extension 'python_setup_py'
[0.931s] Level 1:colcon.colcon_core.package_identification:_identify(src/FAST_LIO) by extensions ['ignore', 'ignore_ament_install']
[0.931s] Level 1:colcon.colcon_core.package_identification:_identify(src/FAST_LIO) by extension 'ignore'
[0.931s] Level 1:colcon.colcon_core.package_identification:_identify(src/FAST_LIO) by extension 'ignore_ament_install'
[0.931s] Level 1:colcon.colcon_core.package_identification:_identify(src/FAST_LIO) by extensions ['colcon_pkg']
[0.931s] Level 1:colcon.colcon_core.package_identification:_identify(src/FAST_LIO) by extension 'colcon_pkg'
[0.931s] Level 1:colcon.colcon_core.package_identification:_identify(src/FAST_LIO) by extensions ['colcon_meta']
[0.931s] Level 1:colcon.colcon_core.package_identification:_identify(src/FAST_LIO) by extension 'colcon_meta'
[0.931s] Level 1:colcon.colcon_core.package_identification:_identify(src/FAST_LIO) by extensions ['ros']
[0.931s] Level 1:colcon.colcon_core.package_identification:_identify(src/FAST_LIO) by extension 'ros'
[0.934s] DEBUG:colcon.colcon_core.package_identification:Package 'src/FAST_LIO' with type 'ros.ament_cmake' and name 'fast_lio'
[0.934s] Level 1:colcon.colcon_core.package_identification:_identify(src/livox_ros2_driver) by extensions ['ignore', 'ignore_ament_install']
[0.934s] Level 1:colcon.colcon_core.package_identification:_identify(src/livox_ros2_driver) by extension 'ignore'
[0.934s] Level 1:colcon.colcon_core.package_identification:_identify(src/livox_ros2_driver) by extension 'ignore_ament_install'
[0.934s] Level 1:colcon.colcon_core.package_identification:_identify(src/livox_ros2_driver) by extensions ['colcon_pkg']
[0.934s] Level 1:colcon.colcon_core.package_identification:_identify(src/livox_ros2_driver) by extension 'colcon_pkg'
[0.934s] Level 1:colcon.colcon_core.package_identification:_identify(src/livox_ros2_driver) by extensions ['colcon_meta']
[0.934s] Level 1:colcon.colcon_core.package_identification:_identify(src/livox_ros2_driver) by extension 'colcon_meta'
[0.934s] Level 1:colcon.colcon_core.package_identification:_identify(src/livox_ros2_driver) by extensions ['ros']
[0.934s] Level 1:colcon.colcon_core.package_identification:_identify(src/livox_ros2_driver) by extension 'ros'
[0.934s] Level 1:colcon.colcon_core.package_identification:_identify(src/livox_ros2_driver) by extensions ['cmake', 'python']
[0.934s] Level 1:colcon.colcon_core.package_identification:_identify(src/livox_ros2_driver) by extension 'cmake'
[0.934s] Level 1:colcon.colcon_core.package_identification:_identify(src/livox_ros2_driver) by extension 'python'
[0.934s] Level 1:colcon.colcon_core.package_identification:_identify(src/livox_ros2_driver) by extensions ['python_setup_py']
[0.934s] Level 1:colcon.colcon_core.package_identification:_identify(src/livox_ros2_driver) by extension 'python_setup_py'
[0.934s] Level 1:colcon.colcon_core.package_identification:_identify(src/livox_ros2_driver/images) by extensions ['ignore', 'ignore_ament_install']
[0.935s] Level 1:colcon.colcon_core.package_identification:_identify(src/livox_ros2_driver/images) by extension 'ignore'
[0.935s] Level 1:colcon.colcon_core.package_identification:_identify(src/livox_ros2_driver/images) by extension 'ignore_ament_install'
[0.935s] Level 1:colcon.colcon_core.package_identification:_identify(src/livox_ros2_driver/images) by extensions ['colcon_pkg']
[0.935s] Level 1:colcon.colcon_core.package_identification:_identify(src/livox_ros2_driver/images) by extension 'colcon_pkg'
[0.935s] Level 1:colcon.colcon_core.package_identification:_identify(src/livox_ros2_driver/images) by extensions ['colcon_meta']
[0.935s] Level 1:colcon.colcon_core.package_identification:_identify(src/livox_ros2_driver/images) by extension 'colcon_meta'
[0.935s] Level 1:colcon.colcon_core.package_identification:_identify(src/livox_ros2_driver/images) by extensions ['ros']
[0.935s] Level 1:colcon.colcon_core.package_identification:_identify(src/livox_ros2_driver/images) by extension 'ros'
[0.935s] Level 1:colcon.colcon_core.package_identification:_identify(src/livox_ros2_driver/images) by extensions ['cmake', 'python']
[0.935s] Level 1:colcon.colcon_core.package_identification:_identify(src/livox_ros2_driver/images) by extension 'cmake'
[0.935s] Level 1:colcon.colcon_core.package_identification:_identify(src/livox_ros2_driver/images) by extension 'python'
[0.935s] Level 1:colcon.colcon_core.package_identification:_identify(src/livox_ros2_driver/images) by extensions ['python_setup_py']
[0.935s] Level 1:colcon.colcon_core.package_identification:_identify(src/livox_ros2_driver/images) by extension 'python_setup_py'
[0.935s] Level 1:colcon.colcon_core.package_identification:_identify(src/livox_ros2_driver/livox_interfaces) by extensions ['ignore', 'ignore_ament_install']
[0.935s] Level 1:colcon.colcon_core.package_identification:_identify(src/livox_ros2_driver/livox_interfaces) by extension 'ignore'
[0.935s] Level 1:colcon.colcon_core.package_identification:_identify(src/livox_ros2_driver/livox_interfaces) by extension 'ignore_ament_install'
[0.935s] Level 1:colcon.colcon_core.package_identification:_identify(src/livox_ros2_driver/livox_interfaces) by extensions ['colcon_pkg']
[0.935s] Level 1:colcon.colcon_core.package_identification:_identify(src/livox_ros2_driver/livox_interfaces) by extension 'colcon_pkg'
[0.935s] Level 1:colcon.colcon_core.package_identification:_identify(src/livox_ros2_driver/livox_interfaces) by extensions ['colcon_meta']
[0.935s] Level 1:colcon.colcon_core.package_identification:_identify(src/livox_ros2_driver/livox_interfaces) by extension 'colcon_meta'
[0.935s] Level 1:colcon.colcon_core.package_identification:_identify(src/livox_ros2_driver/livox_interfaces) by extensions ['ros']
[0.935s] Level 1:colcon.colcon_core.package_identification:_identify(src/livox_ros2_driver/livox_interfaces) by extension 'ros'
[0.936s] DEBUG:colcon.colcon_core.package_identification:Package 'src/livox_ros2_driver/livox_interfaces' with type 'ros.ament_cmake' and name 'livox_interfaces'
[0.936s] Level 1:colcon.colcon_core.package_identification:_identify(src/livox_ros2_driver/livox_ros2_driver) by extensions ['ignore', 'ignore_ament_install']
[0.936s] Level 1:colcon.colcon_core.package_identification:_identify(src/livox_ros2_driver/livox_ros2_driver) by extension 'ignore'
[0.936s] Level 1:colcon.colcon_core.package_identification:_identify(src/livox_ros2_driver/livox_ros2_driver) by extension 'ignore_ament_install'
[0.936s] Level 1:colcon.colcon_core.package_identification:_identify(src/livox_ros2_driver/livox_ros2_driver) by extensions ['colcon_pkg']
[0.936s] Level 1:colcon.colcon_core.package_identification:_identify(src/livox_ros2_driver/livox_ros2_driver) by extension 'colcon_pkg'
[0.936s] Level 1:colcon.colcon_core.package_identification:_identify(src/livox_ros2_driver/livox_ros2_driver) by extensions ['colcon_meta']
[0.936s] Level 1:colcon.colcon_core.package_identification:_identify(src/livox_ros2_driver/livox_ros2_driver) by extension 'colcon_meta'
[0.936s] Level 1:colcon.colcon_core.package_identification:_identify(src/livox_ros2_driver/livox_ros2_driver) by extensions ['ros']
[0.936s] Level 1:colcon.colcon_core.package_identification:_identify(src/livox_ros2_driver/livox_ros2_driver) by extension 'ros'
[0.937s] DEBUG:colcon.colcon_core.package_identification:Package 'src/livox_ros2_driver/livox_ros2_driver' with type 'ros.ament_cmake' and name 'livox_ros2_driver'
[0.937s] Level 1:colcon.colcon_core.package_identification:_identify(src/livox_ros2_driver/livox_sdk_vendor) by extensions ['ignore', 'ignore_ament_install']
[0.938s] Level 1:colcon.colcon_core.package_identification:_identify(src/livox_ros2_driver/livox_sdk_vendor) by extension 'ignore'
[0.938s] Level 1:colcon.colcon_core.package_identification:_identify(src/livox_ros2_driver/livox_sdk_vendor) by extension 'ignore_ament_install'
[0.938s] Level 1:colcon.colcon_core.package_identification:_identify(src/livox_ros2_driver/livox_sdk_vendor) by extensions ['colcon_pkg']
[0.938s] Level 1:colcon.colcon_core.package_identification:_identify(src/livox_ros2_driver/livox_sdk_vendor) by extension 'colcon_pkg'
[0.938s] Level 1:colcon.colcon_core.package_identification:_identify(src/livox_ros2_driver/livox_sdk_vendor) by extensions ['colcon_meta']
[0.938s] Level 1:colcon.colcon_core.package_identification:_identify(src/livox_ros2_driver/livox_sdk_vendor) by extension 'colcon_meta'
[0.938s] Level 1:colcon.colcon_core.package_identification:_identify(src/livox_ros2_driver/livox_sdk_vendor) by extensions ['ros']
[0.938s] Level 1:colcon.colcon_core.package_identification:_identify(src/livox_ros2_driver/livox_sdk_vendor) by extension 'ros'
[0.938s] DEBUG:colcon.colcon_core.package_identification:Package 'src/livox_ros2_driver/livox_sdk_vendor' with type 'ros.ament_cmake' and name 'livox_sdk_vendor'
[0.938s] Level 1:colcon.colcon_core.package_discovery:discover_packages(recursive) using defaults
[0.938s] Level 1:colcon.colcon_core.package_discovery:discover_packages(ignore) discover
[0.938s] Level 1:colcon.colcon_core.package_discovery:discover_packages(ignore) using defaults
[0.938s] Level 1:colcon.colcon_core.package_discovery:discover_packages(path) discover
[0.938s] Level 1:colcon.colcon_core.package_discovery:discover_packages(path) using defaults
[1.016s] Level 1:colcon.colcon_core.package_discovery:discover_packages(prefix_path) check parameters
[1.016s] Level 1:colcon.colcon_core.package_discovery:discover_packages(prefix_path) discover
[1.041s] DEBUG:colcon.colcon_installed_package_information.package_discovery:Found 4 installed packages in /home/lx/ros2/ros/mid-70_ws/install
[1.054s] DEBUG:colcon.colcon_installed_package_information.package_discovery:Found 387 installed packages in /opt/ros/humble
[1.055s] Level 1:colcon.colcon_core.package_discovery:discover_packages(prefix_path) using defaults
[1.147s] Level 5:colcon.colcon_core.verb:set package 'livox_interfaces' build argument 'cmake_args' from command line to 'None'
[1.147s] Level 5:colcon.colcon_core.verb:set package 'livox_interfaces' build argument 'cmake_target' from command line to 'None'
[1.148s] Level 5:colcon.colcon_core.verb:set package 'livox_interfaces' build argument 'cmake_target_skip_unavailable' from command line to 'False'
[1.148s] Level 5:colcon.colcon_core.verb:set package 'livox_interfaces' build argument 'cmake_clean_cache' from command line to 'False'
[1.148s] Level 5:colcon.colcon_core.verb:set package 'livox_interfaces' build argument 'cmake_clean_first' from command line to 'False'
[1.148s] Level 5:colcon.colcon_core.verb:set package 'livox_interfaces' build argument 'cmake_force_configure' from command line to 'False'
[1.148s] Level 5:colcon.colcon_core.verb:set package 'livox_interfaces' build argument 'ament_cmake_args' from command line to 'None'
[1.148s] Level 5:colcon.colcon_core.verb:set package 'livox_interfaces' build argument 'catkin_cmake_args' from command line to 'None'
[1.148s] Level 5:colcon.colcon_core.verb:set package 'livox_interfaces' build argument 'catkin_skip_building_tests' from command line to 'False'
[1.148s] DEBUG:colcon.colcon_core.verb:Building package 'livox_interfaces' with the following arguments: {'ament_cmake_args': None, 'build_base': '/home/lx/ros2/ros/mid-70_ws/build/livox_interfaces', 'catkin_cmake_args': None, 'catkin_skip_building_tests': False, 'cmake_args': None, 'cmake_clean_cache': False, 'cmake_clean_first': False, 'cmake_force_configure': False, 'cmake_target': None, 'cmake_target_skip_unavailable': False, 'install_base': '/home/lx/ros2/ros/mid-70_ws/install/livox_interfaces', 'merge_install': False, 'path': '/home/lx/ros2/ros/mid-70_ws/src/livox_ros2_driver/livox_interfaces', 'symlink_install': False, 'test_result_base': None}
[1.160s] Level 5:colcon.colcon_core.verb:set package 'livox_sdk_vendor' build argument 'cmake_args' from command line to 'None'
[1.160s] Level 5:colcon.colcon_core.verb:set package 'livox_sdk_vendor' build argument 'cmake_target' from command line to 'None'
[1.160s] Level 5:colcon.colcon_core.verb:set package 'livox_sdk_vendor' build argument 'cmake_target_skip_unavailable' from command line to 'False'
[1.160s] Level 5:colcon.colcon_core.verb:set package 'livox_sdk_vendor' build argument 'cmake_clean_cache' from command line to 'False'
[1.160s] Level 5:colcon.colcon_core.verb:set package 'livox_sdk_vendor' build argument 'cmake_clean_first' from command line to 'False'
[1.160s] Level 5:colcon.colcon_core.verb:set package 'livox_sdk_vendor' build argument 'cmake_force_configure' from command line to 'False'
[1.160s] Level 5:colcon.colcon_core.verb:set package 'livox_sdk_vendor' build argument 'ament_cmake_args' from command line to 'None'
[1.160s] Level 5:colcon.colcon_core.verb:set package 'livox_sdk_vendor' build argument 'catkin_cmake_args' from command line to 'None'
[1.160s] Level 5:colcon.colcon_core.verb:set package 'livox_sdk_vendor' build argument 'catkin_skip_building_tests' from command line to 'False'
[1.160s] DEBUG:colcon.colcon_core.verb:Building package 'livox_sdk_vendor' with the following arguments: {'ament_cmake_args': None, 'build_base': '/home/lx/ros2/ros/mid-70_ws/build/livox_sdk_vendor', 'catkin_cmake_args': None, 'catkin_skip_building_tests': False, 'cmake_args': None, 'cmake_clean_cache': False, 'cmake_clean_first': False, 'cmake_force_configure': False, 'cmake_target': None, 'cmake_target_skip_unavailable': False, 'install_base': '/home/lx/ros2/ros/mid-70_ws/install/livox_sdk_vendor', 'merge_install': False, 'path': '/home/lx/ros2/ros/mid-70_ws/src/livox_ros2_driver/livox_sdk_vendor', 'symlink_install': False, 'test_result_base': None}
[1.172s] Level 5:colcon.colcon_core.verb:set package 'fast_lio' build argument 'cmake_args' from command line to 'None'
[1.172s] Level 5:colcon.colcon_core.verb:set package 'fast_lio' build argument 'cmake_target' from command line to 'None'
[1.172s] Level 5:colcon.colcon_core.verb:set package 'fast_lio' build argument 'cmake_target_skip_unavailable' from command line to 'False'
[1.172s] Level 5:colcon.colcon_core.verb:set package 'fast_lio' build argument 'cmake_clean_cache' from command line to 'False'
[1.172s] Level 5:colcon.colcon_core.verb:set package 'fast_lio' build argument 'cmake_clean_first' from command line to 'False'
[1.172s] Level 5:colcon.colcon_core.verb:set package 'fast_lio' build argument 'cmake_force_configure' from command line to 'False'
[1.172s] Level 5:colcon.colcon_core.verb:set package 'fast_lio' build argument 'ament_cmake_args' from command line to 'None'
[1.172s] Level 5:colcon.colcon_core.verb:set package 'fast_lio' build argument 'catkin_cmake_args' from command line to 'None'
[1.172s] Level 5:colcon.colcon_core.verb:set package 'fast_lio' build argument 'catkin_skip_building_tests' from command line to 'False'
[1.172s] DEBUG:colcon.colcon_core.verb:Building package 'fast_lio' with the following arguments: {'ament_cmake_args': None, 'build_base': '/home/lx/ros2/ros/mid-70_ws/build/fast_lio', 'catkin_cmake_args': None, 'catkin_skip_building_tests': False, 'cmake_args': None, 'cmake_clean_cache': False, 'cmake_clean_first': False, 'cmake_force_configure': False, 'cmake_target': None, 'cmake_target_skip_unavailable': False, 'install_base': '/home/lx/ros2/ros/mid-70_ws/install/fast_lio', 'merge_install': False, 'path': '/home/lx/ros2/ros/mid-70_ws/src/FAST_LIO', 'symlink_install': False, 'test_result_base': None}
[1.184s] Level 5:colcon.colcon_core.verb:set package 'livox_ros2_driver' build argument 'cmake_args' from command line to 'None'
[1.184s] Level 5:colcon.colcon_core.verb:set package 'livox_ros2_driver' build argument 'cmake_target' from command line to 'None'
[1.185s] Level 5:colcon.colcon_core.verb:set package 'livox_ros2_driver' build argument 'cmake_target_skip_unavailable' from command line to 'False'
[1.185s] Level 5:colcon.colcon_core.verb:set package 'livox_ros2_driver' build argument 'cmake_clean_cache' from command line to 'False'
[1.185s] Level 5:colcon.colcon_core.verb:set package 'livox_ros2_driver' build argument 'cmake_clean_first' from command line to 'False'
[1.185s] Level 5:colcon.colcon_core.verb:set package 'livox_ros2_driver' build argument 'cmake_force_configure' from command line to 'False'
[1.185s] Level 5:colcon.colcon_core.verb:set package 'livox_ros2_driver' build argument 'ament_cmake_args' from command line to 'None'
[1.185s] Level 5:colcon.colcon_core.verb:set package 'livox_ros2_driver' build argument 'catkin_cmake_args' from command line to 'None'
[1.185s] Level 5:colcon.colcon_core.verb:set package 'livox_ros2_driver' build argument 'catkin_skip_building_tests' from command line to 'False'
[1.185s] DEBUG:colcon.colcon_core.verb:Building package 'livox_ros2_driver' with the following arguments: {'ament_cmake_args': None, 'build_base': '/home/lx/ros2/ros/mid-70_ws/build/livox_ros2_driver', 'catkin_cmake_args': None, 'catkin_skip_building_tests': False, 'cmake_args': None, 'cmake_clean_cache': False, 'cmake_clean_first': False, 'cmake_force_configure': False, 'cmake_target': None, 'cmake_target_skip_unavailable': False, 'install_base': '/home/lx/ros2/ros/mid-70_ws/install/livox_ros2_driver', 'merge_install': False, 'path': '/home/lx/ros2/ros/mid-70_ws/src/livox_ros2_driver/livox_ros2_driver', 'symlink_install': False, 'test_result_base': None}
[1.196s] INFO:colcon.colcon_core.executor:Executing jobs using 'parallel' executor
[1.208s] DEBUG:colcon.colcon_parallel_executor.executor.parallel:run_until_complete
[1.209s] INFO:colcon.colcon_ros.task.ament_cmake.build:Building ROS package in '/home/lx/ros2/ros/mid-70_ws/src/livox_ros2_driver/livox_interfaces' with build type 'ament_cmake'
[1.209s] INFO:colcon.colcon_cmake.task.cmake.build:Building CMake package in '/home/lx/ros2/ros/mid-70_ws/src/livox_ros2_driver/livox_interfaces'
[1.222s] INFO:colcon.colcon_core.plugin_system:Skipping extension 'colcon_core.shell.bat': Not used on non-Windows systems
[1.222s] INFO:colcon.colcon_core.shell:Skip shell extension 'powershell' for command environment: Not usable outside of PowerShell
[1.222s] DEBUG:colcon.colcon_core.shell:Skip shell extension 'dsv' for command environment
[1.261s] INFO:colcon.colcon_ros.task.ament_cmake.build:Building ROS package in '/home/lx/ros2/ros/mid-70_ws/src/livox_ros2_driver/livox_sdk_vendor' with build type 'ament_cmake'
[1.261s] INFO:colcon.colcon_cmake.task.cmake.build:Building CMake package in '/home/lx/ros2/ros/mid-70_ws/src/livox_ros2_driver/livox_sdk_vendor'
[1.274s] INFO:colcon.colcon_core.shell:Skip shell extension 'powershell' for command environment: Not usable outside of PowerShell
[1.274s] DEBUG:colcon.colcon_core.shell:Skip shell extension 'dsv' for command environment
[1.317s] DEBUG:colcon.colcon_core.event_handler.log_command:Invoking command in '/home/lx/ros2/ros/mid-70_ws/build/livox_interfaces': CMAKE_PREFIX_PATH=${CMAKE_PREFIX_PATH}:/opt/ros/humble /usr/bin/cmake --build /home/lx/ros2/ros/mid-70_ws/build/livox_interfaces -- -j12 -l12
[1.320s] DEBUG:colcon.colcon_core.event_handler.log_command:Invoking command in '/home/lx/ros2/ros/mid-70_ws/build/livox_sdk_vendor': CMAKE_PREFIX_PATH=${CMAKE_PREFIX_PATH}:/opt/ros/humble /usr/bin/cmake --build /home/lx/ros2/ros/mid-70_ws/build/livox_sdk_vendor -- -j12 -l12
[1.350s] DEBUG:colcon.colcon_core.event_handler.log_command:Invoked command in '/home/lx/ros2/ros/mid-70_ws/build/livox_sdk_vendor' returned '0': CMAKE_PREFIX_PATH=${CMAKE_PREFIX_PATH}:/opt/ros/humble /usr/bin/cmake --build /home/lx/ros2/ros/mid-70_ws/build/livox_sdk_vendor -- -j12 -l12
[1.379s] DEBUG:colcon.colcon_core.event_handler.log_command:Invoking command in '/home/lx/ros2/ros/mid-70_ws/build/livox_sdk_vendor': CMAKE_PREFIX_PATH=${CMAKE_PREFIX_PATH}:/opt/ros/humble /usr/bin/cmake --install /home/lx/ros2/ros/mid-70_ws/build/livox_sdk_vendor
[1.393s] Level 1:colcon.colcon_core.environment:create_environment_scripts_only(livox_sdk_vendor)
[1.394s] DEBUG:colcon.colcon_core.event_handler.log_command:Invoked command in '/home/lx/ros2/ros/mid-70_ws/build/livox_sdk_vendor' returned '0': CMAKE_PREFIX_PATH=${CMAKE_PREFIX_PATH}:/opt/ros/humble /usr/bin/cmake --install /home/lx/ros2/ros/mid-70_ws/build/livox_sdk_vendor
[1.419s] Level 1:colcon.colcon_core.environment:checking '/home/lx/ros2/ros/mid-70_ws/install/livox_sdk_vendor' for CMake module files
[1.420s] Level 1:colcon.colcon_core.environment:checking '/home/lx/ros2/ros/mid-70_ws/install/livox_sdk_vendor' for CMake config files
[1.421s] Level 1:colcon.colcon_core.shell:create_environment_hook('livox_sdk_vendor', 'cmake_prefix_path')
[1.444s] INFO:colcon.colcon_core.shell:Creating environment hook '/home/lx/ros2/ros/mid-70_ws/install/livox_sdk_vendor/share/livox_sdk_vendor/hook/cmake_prefix_path.ps1'
[1.445s] INFO:colcon.colcon_core.shell:Creating environment descriptor '/home/lx/ros2/ros/mid-70_ws/install/livox_sdk_vendor/share/livox_sdk_vendor/hook/cmake_prefix_path.dsv'
[1.445s] INFO:colcon.colcon_core.shell:Creating environment hook '/home/lx/ros2/ros/mid-70_ws/install/livox_sdk_vendor/share/livox_sdk_vendor/hook/cmake_prefix_path.sh'
[1.446s] Level 1:colcon.colcon_core.environment:checking '/home/lx/ros2/ros/mid-70_ws/install/livox_sdk_vendor/bin'
[1.446s] Level 1:colcon.colcon_core.environment:checking '/home/lx/ros2/ros/mid-70_ws/install/livox_sdk_vendor/lib/pkgconfig/livox_sdk_vendor.pc'
[1.446s] Level 1:colcon.colcon_core.environment:checking '/home/lx/ros2/ros/mid-70_ws/install/livox_sdk_vendor/lib/python3.10/site-packages'
[1.447s] Level 1:colcon.colcon_core.environment:checking '/home/lx/ros2/ros/mid-70_ws/install/livox_sdk_vendor/bin'
[1.470s] INFO:colcon.colcon_core.shell:Creating package script '/home/lx/ros2/ros/mid-70_ws/install/livox_sdk_vendor/share/livox_sdk_vendor/package.ps1'
[1.471s] INFO:colcon.colcon_core.shell:Creating package descriptor '/home/lx/ros2/ros/mid-70_ws/install/livox_sdk_vendor/share/livox_sdk_vendor/package.dsv'
[1.472s] INFO:colcon.colcon_core.shell:Creating package script '/home/lx/ros2/ros/mid-70_ws/install/livox_sdk_vendor/share/livox_sdk_vendor/package.sh'
[1.473s] INFO:colcon.colcon_core.shell:Creating package script '/home/lx/ros2/ros/mid-70_ws/install/livox_sdk_vendor/share/livox_sdk_vendor/package.bash'
[1.474s] INFO:colcon.colcon_core.shell:Creating package script '/home/lx/ros2/ros/mid-70_ws/install/livox_sdk_vendor/share/livox_sdk_vendor/package.zsh'
[1.475s] Level 1:colcon.colcon_core.environment:create_file_with_runtime_dependencies(/home/lx/ros2/ros/mid-70_ws/install/livox_sdk_vendor/share/colcon-core/packages/livox_sdk_vendor)
[1.506s] Level 1:colcon.colcon_core.environment:create_environment_scripts_only(livox_sdk_vendor)
[1.520s] Level 1:colcon.colcon_core.environment:checking '/home/lx/ros2/ros/mid-70_ws/install/livox_sdk_vendor' for CMake module files
[1.520s] Level 1:colcon.colcon_core.environment:checking '/home/lx/ros2/ros/mid-70_ws/install/livox_sdk_vendor' for CMake config files
[1.520s] Level 1:colcon.colcon_core.shell:create_environment_hook('livox_sdk_vendor', 'cmake_prefix_path')
[1.536s] INFO:colcon.colcon_core.shell:Creating environment hook '/home/lx/ros2/ros/mid-70_ws/install/livox_sdk_vendor/share/livox_sdk_vendor/hook/cmake_prefix_path.ps1'
[1.536s] INFO:colcon.colcon_core.shell:Creating environment descriptor '/home/lx/ros2/ros/mid-70_ws/install/livox_sdk_vendor/share/livox_sdk_vendor/hook/cmake_prefix_path.dsv'
[1.536s] INFO:colcon.colcon_core.shell:Creating environment hook '/home/lx/ros2/ros/mid-70_ws/install/livox_sdk_vendor/share/livox_sdk_vendor/hook/cmake_prefix_path.sh'
[1.537s] Level 1:colcon.colcon_core.environment:checking '/home/lx/ros2/ros/mid-70_ws/install/livox_sdk_vendor/bin'
[1.537s] Level 1:colcon.colcon_core.environment:checking '/home/lx/ros2/ros/mid-70_ws/install/livox_sdk_vendor/lib/pkgconfig/livox_sdk_vendor.pc'
[1.537s] Level 1:colcon.colcon_core.environment:checking '/home/lx/ros2/ros/mid-70_ws/install/livox_sdk_vendor/lib/python3.10/site-packages'
[1.537s] Level 1:colcon.colcon_core.environment:checking '/home/lx/ros2/ros/mid-70_ws/install/livox_sdk_vendor/bin'
[1.551s] INFO:colcon.colcon_core.shell:Creating package script '/home/lx/ros2/ros/mid-70_ws/install/livox_sdk_vendor/share/livox_sdk_vendor/package.ps1'
[1.551s] INFO:colcon.colcon_core.shell:Creating package descriptor '/home/lx/ros2/ros/mid-70_ws/install/livox_sdk_vendor/share/livox_sdk_vendor/package.dsv'
[1.551s] INFO:colcon.colcon_core.shell:Creating package script '/home/lx/ros2/ros/mid-70_ws/install/livox_sdk_vendor/share/livox_sdk_vendor/package.sh'
[1.552s] INFO:colcon.colcon_core.shell:Creating package script '/home/lx/ros2/ros/mid-70_ws/install/livox_sdk_vendor/share/livox_sdk_vendor/package.bash'
[1.552s] INFO:colcon.colcon_core.shell:Creating package script '/home/lx/ros2/ros/mid-70_ws/install/livox_sdk_vendor/share/livox_sdk_vendor/package.zsh'
[1.552s] Level 1:colcon.colcon_core.environment:create_file_with_runtime_dependencies(/home/lx/ros2/ros/mid-70_ws/install/livox_sdk_vendor/share/colcon-core/packages/livox_sdk_vendor)
[1.642s] DEBUG:colcon.colcon_core.event_handler.log_command:Invoked command in '/home/lx/ros2/ros/mid-70_ws/build/livox_interfaces' returned '0': CMAKE_PREFIX_PATH=${CMAKE_PREFIX_PATH}:/opt/ros/humble /usr/bin/cmake --build /home/lx/ros2/ros/mid-70_ws/build/livox_interfaces -- -j12 -l12
[1.693s] DEBUG:colcon.colcon_core.event_handler.log_command:Invoking command in '/home/lx/ros2/ros/mid-70_ws/build/livox_interfaces': CMAKE_PREFIX_PATH=${CMAKE_PREFIX_PATH}:/opt/ros/humble /usr/bin/cmake --install /home/lx/ros2/ros/mid-70_ws/build/livox_interfaces
[1.741s] Level 1:colcon.colcon_core.environment:create_environment_scripts_only(livox_interfaces)
[1.742s] DEBUG:colcon.colcon_core.event_handler.log_command:Invoked command in '/home/lx/ros2/ros/mid-70_ws/build/livox_interfaces' returned '0': CMAKE_PREFIX_PATH=${CMAKE_PREFIX_PATH}:/opt/ros/humble /usr/bin/cmake --install /home/lx/ros2/ros/mid-70_ws/build/livox_interfaces
[1.754s] Level 1:colcon.colcon_core.environment:checking '/home/lx/ros2/ros/mid-70_ws/install/livox_interfaces' for CMake module files
[1.755s] Level 1:colcon.colcon_core.environment:checking '/home/lx/ros2/ros/mid-70_ws/install/livox_interfaces' for CMake config files
[1.755s] Level 1:colcon.colcon_core.shell:create_environment_hook('livox_interfaces', 'cmake_prefix_path')
[1.768s] INFO:colcon.colcon_core.shell:Creating environment hook '/home/lx/ros2/ros/mid-70_ws/install/livox_interfaces/share/livox_interfaces/hook/cmake_prefix_path.ps1'
[1.768s] INFO:colcon.colcon_core.shell:Creating environment descriptor '/home/lx/ros2/ros/mid-70_ws/install/livox_interfaces/share/livox_interfaces/hook/cmake_prefix_path.dsv'
[1.769s] INFO:colcon.colcon_core.shell:Creating environment hook '/home/lx/ros2/ros/mid-70_ws/install/livox_interfaces/share/livox_interfaces/hook/cmake_prefix_path.sh'
[1.769s] Level 1:colcon.colcon_core.environment:checking '/home/lx/ros2/ros/mid-70_ws/install/livox_interfaces/lib'
[1.769s] Level 1:colcon.colcon_core.shell:create_environment_hook('livox_interfaces', 'ld_library_path_lib')
[1.782s] INFO:colcon.colcon_core.shell:Creating environment hook '/home/lx/ros2/ros/mid-70_ws/install/livox_interfaces/share/livox_interfaces/hook/ld_library_path_lib.ps1'
[1.782s] INFO:colcon.colcon_core.shell:Creating environment descriptor '/home/lx/ros2/ros/mid-70_ws/install/livox_interfaces/share/livox_interfaces/hook/ld_library_path_lib.dsv'
[1.782s] INFO:colcon.colcon_core.shell:Creating environment hook '/home/lx/ros2/ros/mid-70_ws/install/livox_interfaces/share/livox_interfaces/hook/ld_library_path_lib.sh'
[1.782s] Level 1:colcon.colcon_core.environment:checking '/home/lx/ros2/ros/mid-70_ws/install/livox_interfaces/bin'
[1.782s] Level 1:colcon.colcon_core.environment:checking '/home/lx/ros2/ros/mid-70_ws/install/livox_interfaces/lib/pkgconfig/livox_interfaces.pc'
[1.783s] Level 1:colcon.colcon_core.environment:checking '/home/lx/ros2/ros/mid-70_ws/install/livox_interfaces/lib/python3.10/site-packages'
[1.783s] Level 1:colcon.colcon_core.environment:checking '/home/lx/ros2/ros/mid-70_ws/install/livox_interfaces/bin'
[1.795s] INFO:colcon.colcon_core.shell:Creating package script '/home/lx/ros2/ros/mid-70_ws/install/livox_interfaces/share/livox_interfaces/package.ps1'
[1.795s] INFO:colcon.colcon_core.shell:Creating package descriptor '/home/lx/ros2/ros/mid-70_ws/install/livox_interfaces/share/livox_interfaces/package.dsv'
[1.796s] INFO:colcon.colcon_core.shell:Creating package script '/home/lx/ros2/ros/mid-70_ws/install/livox_interfaces/share/livox_interfaces/package.sh'
[1.796s] INFO:colcon.colcon_core.shell:Creating package script '/home/lx/ros2/ros/mid-70_ws/install/livox_interfaces/share/livox_interfaces/package.bash'
[1.796s] INFO:colcon.colcon_core.shell:Creating package script '/home/lx/ros2/ros/mid-70_ws/install/livox_interfaces/share/livox_interfaces/package.zsh'
[1.796s] Level 1:colcon.colcon_core.environment:create_file_with_runtime_dependencies(/home/lx/ros2/ros/mid-70_ws/install/livox_interfaces/share/colcon-core/packages/livox_interfaces)
[1.856s] Level 1:colcon.colcon_core.environment:create_environment_scripts_only(livox_interfaces)
[1.869s] Level 1:colcon.colcon_core.environment:checking '/home/lx/ros2/ros/mid-70_ws/install/livox_interfaces' for CMake module files
[1.869s] Level 1:colcon.colcon_core.environment:checking '/home/lx/ros2/ros/mid-70_ws/install/livox_interfaces' for CMake config files
[1.870s] Level 1:colcon.colcon_core.shell:create_environment_hook('livox_interfaces', 'cmake_prefix_path')
[1.882s] INFO:colcon.colcon_core.shell:Creating environment hook '/home/lx/ros2/ros/mid-70_ws/install/livox_interfaces/share/livox_interfaces/hook/cmake_prefix_path.ps1'
[1.882s] INFO:colcon.colcon_core.shell:Creating environment descriptor '/home/lx/ros2/ros/mid-70_ws/install/livox_interfaces/share/livox_interfaces/hook/cmake_prefix_path.dsv'
[1.882s] INFO:colcon.colcon_core.shell:Creating environment hook '/home/lx/ros2/ros/mid-70_ws/install/livox_interfaces/share/livox_interfaces/hook/cmake_prefix_path.sh'
[1.883s] Level 1:colcon.colcon_core.environment:checking '/home/lx/ros2/ros/mid-70_ws/install/livox_interfaces/lib'
[1.883s] Level 1:colcon.colcon_core.shell:create_environment_hook('livox_interfaces', 'ld_library_path_lib')
[1.895s] INFO:colcon.colcon_core.shell:Creating environment hook '/home/lx/ros2/ros/mid-70_ws/install/livox_interfaces/share/livox_interfaces/hook/ld_library_path_lib.ps1'
[1.895s] INFO:colcon.colcon_core.shell:Creating environment descriptor '/home/lx/ros2/ros/mid-70_ws/install/livox_interfaces/share/livox_interfaces/hook/ld_library_path_lib.dsv'
[1.895s] INFO:colcon.colcon_core.shell:Creating environment hook '/home/lx/ros2/ros/mid-70_ws/install/livox_interfaces/share/livox_interfaces/hook/ld_library_path_lib.sh'
[1.896s] Level 1:colcon.colcon_core.environment:checking '/home/lx/ros2/ros/mid-70_ws/install/livox_interfaces/bin'
[1.896s] Level 1:colcon.colcon_core.environment:checking '/home/lx/ros2/ros/mid-70_ws/install/livox_interfaces/lib/pkgconfig/livox_interfaces.pc'
[1.896s] Level 1:colcon.colcon_core.environment:checking '/home/lx/ros2/ros/mid-70_ws/install/livox_interfaces/lib/python3.10/site-packages'
[1.896s] Level 1:colcon.colcon_core.environment:checking '/home/lx/ros2/ros/mid-70_ws/install/livox_interfaces/bin'
[1.908s] INFO:colcon.colcon_core.shell:Creating package script '/home/lx/ros2/ros/mid-70_ws/install/livox_interfaces/share/livox_interfaces/package.ps1'
[1.909s] INFO:colcon.colcon_core.shell:Creating package descriptor '/home/lx/ros2/ros/mid-70_ws/install/livox_interfaces/share/livox_interfaces/package.dsv'
[1.909s] INFO:colcon.colcon_core.shell:Creating package script '/home/lx/ros2/ros/mid-70_ws/install/livox_interfaces/share/livox_interfaces/package.sh'
[1.910s] INFO:colcon.colcon_core.shell:Creating package script '/home/lx/ros2/ros/mid-70_ws/install/livox_interfaces/share/livox_interfaces/package.bash'
[1.910s] INFO:colcon.colcon_core.shell:Creating package script '/home/lx/ros2/ros/mid-70_ws/install/livox_interfaces/share/livox_interfaces/package.zsh'
[1.910s] Level 1:colcon.colcon_core.environment:create_file_with_runtime_dependencies(/home/lx/ros2/ros/mid-70_ws/install/livox_interfaces/share/colcon-core/packages/livox_interfaces)
[1.911s] INFO:colcon.colcon_ros.task.ament_cmake.build:Building ROS package in '/home/lx/ros2/ros/mid-70_ws/src/FAST_LIO' with build type 'ament_cmake'
[1.911s] INFO:colcon.colcon_cmake.task.cmake.build:Building CMake package in '/home/lx/ros2/ros/mid-70_ws/src/FAST_LIO'
[1.924s] INFO:colcon.colcon_core.shell:Skip shell extension 'powershell' for command environment: Not usable outside of PowerShell
[1.924s] DEBUG:colcon.colcon_core.shell:Skip shell extension 'dsv' for command environment
[1.969s] INFO:colcon.colcon_ros.task.ament_cmake.build:Building ROS package in '/home/lx/ros2/ros/mid-70_ws/src/livox_ros2_driver/livox_ros2_driver' with build type 'ament_cmake'
[1.969s] INFO:colcon.colcon_cmake.task.cmake.build:Building CMake package in '/home/lx/ros2/ros/mid-70_ws/src/livox_ros2_driver/livox_ros2_driver'
[1.984s] INFO:colcon.colcon_core.shell:Skip shell extension 'powershell' for command environment: Not usable outside of PowerShell
[1.984s] DEBUG:colcon.colcon_core.shell:Skip shell extension 'dsv' for command environment
[2.033s] DEBUG:colcon.colcon_core.event_handler.log_command:Invoking command in '/home/lx/ros2/ros/mid-70_ws/build/fast_lio': CMAKE_PREFIX_PATH=/home/lx/ros2/ros/mid-70_ws/install/livox_interfaces:/home/lx/ros2/ros/mid-70_ws/install/livox_ros2_driver:/home/lx/ros2/ros/mid-70_ws/install/livox_sdk_vendor:/opt/ros/humble LD_LIBRARY_PATH=/home/lx/ros2/ros/mid-70_ws/install/livox_interfaces/lib:/home/lx/ros2/ros/mid-70_ws/install/livox_ros2_driver/lib:/usr/lib/x86_64-linux-gnu/gazebo-11/plugins:/opt/ros/humble/opt/rviz_ogre_vendor/lib:/opt/ros/humble/lib/x86_64-linux-gnu:/opt/ros/humble/lib /usr/bin/cmake --build /home/lx/ros2/ros/mid-70_ws/build/fast_lio -- -j12 -l12
[2.035s] DEBUG:colcon.colcon_core.event_handler.log_command:Invoking command in '/home/lx/ros2/ros/mid-70_ws/build/livox_ros2_driver': CMAKE_PREFIX_PATH=/home/lx/ros2/ros/mid-70_ws/install/livox_sdk_vendor:/home/lx/ros2/ros/mid-70_ws/install/livox_interfaces:/home/lx/ros2/ros/mid-70_ws/install/livox_ros2_driver:/opt/ros/humble LD_LIBRARY_PATH=/home/lx/ros2/ros/mid-70_ws/install/livox_interfaces/lib:/home/lx/ros2/ros/mid-70_ws/install/livox_ros2_driver/lib:/usr/lib/x86_64-linux-gnu/gazebo-11/plugins:/opt/ros/humble/opt/rviz_ogre_vendor/lib:/opt/ros/humble/lib/x86_64-linux-gnu:/opt/ros/humble/lib /usr/bin/cmake --build /home/lx/ros2/ros/mid-70_ws/build/livox_ros2_driver -- -j12 -l12
[2.099s] DEBUG:colcon.colcon_core.event_handler.log_command:Invoked command in '/home/lx/ros2/ros/mid-70_ws/build/livox_ros2_driver' returned '0': CMAKE_PREFIX_PATH=/home/lx/ros2/ros/mid-70_ws/install/livox_sdk_vendor:/home/lx/ros2/ros/mid-70_ws/install/livox_interfaces:/home/lx/ros2/ros/mid-70_ws/install/livox_ros2_driver:/opt/ros/humble LD_LIBRARY_PATH=/home/lx/ros2/ros/mid-70_ws/install/livox_interfaces/lib:/home/lx/ros2/ros/mid-70_ws/install/livox_ros2_driver/lib:/usr/lib/x86_64-linux-gnu/gazebo-11/plugins:/opt/ros/humble/opt/rviz_ogre_vendor/lib:/opt/ros/humble/lib/x86_64-linux-gnu:/opt/ros/humble/lib /usr/bin/cmake --build /home/lx/ros2/ros/mid-70_ws/build/livox_ros2_driver -- -j12 -l12
[2.137s] DEBUG:colcon.colcon_core.event_handler.log_command:Invoking command in '/home/lx/ros2/ros/mid-70_ws/build/livox_ros2_driver': CMAKE_PREFIX_PATH=/home/lx/ros2/ros/mid-70_ws/install/livox_sdk_vendor:/home/lx/ros2/ros/mid-70_ws/install/livox_interfaces:/home/lx/ros2/ros/mid-70_ws/install/livox_ros2_driver:/opt/ros/humble LD_LIBRARY_PATH=/home/lx/ros2/ros/mid-70_ws/install/livox_interfaces/lib:/home/lx/ros2/ros/mid-70_ws/install/livox_ros2_driver/lib:/usr/lib/x86_64-linux-gnu/gazebo-11/plugins:/opt/ros/humble/opt/rviz_ogre_vendor/lib:/opt/ros/humble/lib/x86_64-linux-gnu:/opt/ros/humble/lib /usr/bin/cmake --install /home/lx/ros2/ros/mid-70_ws/build/livox_ros2_driver
[2.147s] Level 1:colcon.colcon_core.environment:create_environment_scripts_only(livox_ros2_driver)
[2.147s] DEBUG:colcon.colcon_core.event_handler.log_command:Invoked command in '/home/lx/ros2/ros/mid-70_ws/build/livox_ros2_driver' returned '0': CMAKE_PREFIX_PATH=/home/lx/ros2/ros/mid-70_ws/install/livox_sdk_vendor:/home/lx/ros2/ros/mid-70_ws/install/livox_interfaces:/home/lx/ros2/ros/mid-70_ws/install/livox_ros2_driver:/opt/ros/humble LD_LIBRARY_PATH=/home/lx/ros2/ros/mid-70_ws/install/livox_interfaces/lib:/home/lx/ros2/ros/mid-70_ws/install/livox_ros2_driver/lib:/usr/lib/x86_64-linux-gnu/gazebo-11/plugins:/opt/ros/humble/opt/rviz_ogre_vendor/lib:/opt/ros/humble/lib/x86_64-linux-gnu:/opt/ros/humble/lib /usr/bin/cmake --install /home/lx/ros2/ros/mid-70_ws/build/livox_ros2_driver
[2.166s] Level 1:colcon.colcon_core.environment:checking '/home/lx/ros2/ros/mid-70_ws/install/livox_ros2_driver' for CMake module files
[2.167s] Level 1:colcon.colcon_core.environment:checking '/home/lx/ros2/ros/mid-70_ws/install/livox_ros2_driver' for CMake config files
[2.167s] Level 1:colcon.colcon_core.shell:create_environment_hook('livox_ros2_driver', 'cmake_prefix_path')
[2.181s] INFO:colcon.colcon_core.shell:Creating environment hook '/home/lx/ros2/ros/mid-70_ws/install/livox_ros2_driver/share/livox_ros2_driver/hook/cmake_prefix_path.ps1'
[2.181s] INFO:colcon.colcon_core.shell:Creating environment descriptor '/home/lx/ros2/ros/mid-70_ws/install/livox_ros2_driver/share/livox_ros2_driver/hook/cmake_prefix_path.dsv'
[2.181s] INFO:colcon.colcon_core.shell:Creating environment hook '/home/lx/ros2/ros/mid-70_ws/install/livox_ros2_driver/share/livox_ros2_driver/hook/cmake_prefix_path.sh'
[2.182s] Level 1:colcon.colcon_core.environment:checking '/home/lx/ros2/ros/mid-70_ws/install/livox_ros2_driver/lib'
[2.182s] Level 1:colcon.colcon_core.shell:create_environment_hook('livox_ros2_driver', 'ld_library_path_lib')
[2.195s] INFO:colcon.colcon_core.shell:Creating environment hook '/home/lx/ros2/ros/mid-70_ws/install/livox_ros2_driver/share/livox_ros2_driver/hook/ld_library_path_lib.ps1'
[2.195s] INFO:colcon.colcon_core.shell:Creating environment descriptor '/home/lx/ros2/ros/mid-70_ws/install/livox_ros2_driver/share/livox_ros2_driver/hook/ld_library_path_lib.dsv'
[2.195s] INFO:colcon.colcon_core.shell:Creating environment hook '/home/lx/ros2/ros/mid-70_ws/install/livox_ros2_driver/share/livox_ros2_driver/hook/ld_library_path_lib.sh'
[2.196s] Level 1:colcon.colcon_core.environment:checking '/home/lx/ros2/ros/mid-70_ws/install/livox_ros2_driver/bin'
[2.196s] Level 1:colcon.colcon_core.environment:checking '/home/lx/ros2/ros/mid-70_ws/install/livox_ros2_driver/lib/pkgconfig/livox_ros2_driver.pc'
[2.196s] Level 1:colcon.colcon_core.environment:checking '/home/lx/ros2/ros/mid-70_ws/install/livox_ros2_driver/lib/python3.10/site-packages'
[2.196s] Level 1:colcon.colcon_core.environment:checking '/home/lx/ros2/ros/mid-70_ws/install/livox_ros2_driver/bin'
[2.210s] INFO:colcon.colcon_core.shell:Creating package script '/home/lx/ros2/ros/mid-70_ws/install/livox_ros2_driver/share/livox_ros2_driver/package.ps1'
[2.211s] INFO:colcon.colcon_core.shell:Creating package descriptor '/home/lx/ros2/ros/mid-70_ws/install/livox_ros2_driver/share/livox_ros2_driver/package.dsv'
[2.212s] INFO:colcon.colcon_core.shell:Creating package script '/home/lx/ros2/ros/mid-70_ws/install/livox_ros2_driver/share/livox_ros2_driver/package.sh'
[2.212s] INFO:colcon.colcon_core.shell:Creating package script '/home/lx/ros2/ros/mid-70_ws/install/livox_ros2_driver/share/livox_ros2_driver/package.bash'
[2.212s] INFO:colcon.colcon_core.shell:Creating package script '/home/lx/ros2/ros/mid-70_ws/install/livox_ros2_driver/share/livox_ros2_driver/package.zsh'
[2.213s] Level 1:colcon.colcon_core.environment:create_file_with_runtime_dependencies(/home/lx/ros2/ros/mid-70_ws/install/livox_ros2_driver/share/colcon-core/packages/livox_ros2_driver)
[2.271s] Level 1:colcon.colcon_core.environment:create_environment_scripts_only(livox_ros2_driver)
[2.292s] Level 1:colcon.colcon_core.environment:checking '/home/lx/ros2/ros/mid-70_ws/install/livox_ros2_driver' for CMake module files
[2.292s] Level 1:colcon.colcon_core.environment:checking '/home/lx/ros2/ros/mid-70_ws/install/livox_ros2_driver' for CMake config files
[2.293s] Level 1:colcon.colcon_core.shell:create_environment_hook('livox_ros2_driver', 'cmake_prefix_path')
[2.308s] INFO:colcon.colcon_core.shell:Creating environment hook '/home/lx/ros2/ros/mid-70_ws/install/livox_ros2_driver/share/livox_ros2_driver/hook/cmake_prefix_path.ps1'
[2.309s] INFO:colcon.colcon_core.shell:Creating environment descriptor '/home/lx/ros2/ros/mid-70_ws/install/livox_ros2_driver/share/livox_ros2_driver/hook/cmake_prefix_path.dsv'
[2.310s] INFO:colcon.colcon_core.shell:Creating environment hook '/home/lx/ros2/ros/mid-70_ws/install/livox_ros2_driver/share/livox_ros2_driver/hook/cmake_prefix_path.sh'
[2.311s] Level 1:colcon.colcon_core.environment:checking '/home/lx/ros2/ros/mid-70_ws/install/livox_ros2_driver/lib'
[2.311s] Level 1:colcon.colcon_core.shell:create_environment_hook('livox_ros2_driver', 'ld_library_path_lib')
[2.326s] INFO:colcon.colcon_core.shell:Creating environment hook '/home/lx/ros2/ros/mid-70_ws/install/livox_ros2_driver/share/livox_ros2_driver/hook/ld_library_path_lib.ps1'
[2.326s] INFO:colcon.colcon_core.shell:Creating environment descriptor '/home/lx/ros2/ros/mid-70_ws/install/livox_ros2_driver/share/livox_ros2_driver/hook/ld_library_path_lib.dsv'
[2.326s] INFO:colcon.colcon_core.shell:Creating environment hook '/home/lx/ros2/ros/mid-70_ws/install/livox_ros2_driver/share/livox_ros2_driver/hook/ld_library_path_lib.sh'
[2.327s] Level 1:colcon.colcon_core.environment:checking '/home/lx/ros2/ros/mid-70_ws/install/livox_ros2_driver/bin'
[2.327s] Level 1:colcon.colcon_core.environment:checking '/home/lx/ros2/ros/mid-70_ws/install/livox_ros2_driver/lib/pkgconfig/livox_ros2_driver.pc'
[2.327s] Level 1:colcon.colcon_core.environment:checking '/home/lx/ros2/ros/mid-70_ws/install/livox_ros2_driver/lib/python3.10/site-packages'
[2.327s] Level 1:colcon.colcon_core.environment:checking '/home/lx/ros2/ros/mid-70_ws/install/livox_ros2_driver/bin'
[2.343s] INFO:colcon.colcon_core.shell:Creating package script '/home/lx/ros2/ros/mid-70_ws/install/livox_ros2_driver/share/livox_ros2_driver/package.ps1'
[2.344s] INFO:colcon.colcon_core.shell:Creating package descriptor '/home/lx/ros2/ros/mid-70_ws/install/livox_ros2_driver/share/livox_ros2_driver/package.dsv'
[2.344s] INFO:colcon.colcon_core.shell:Creating package script '/home/lx/ros2/ros/mid-70_ws/install/livox_ros2_driver/share/livox_ros2_driver/package.sh'
[2.345s] INFO:colcon.colcon_core.shell:Creating package script '/home/lx/ros2/ros/mid-70_ws/install/livox_ros2_driver/share/livox_ros2_driver/package.bash'
[2.345s] INFO:colcon.colcon_core.shell:Creating package script '/home/lx/ros2/ros/mid-70_ws/install/livox_ros2_driver/share/livox_ros2_driver/package.zsh'
[2.346s] Level 1:colcon.colcon_core.environment:create_file_with_runtime_dependencies(/home/lx/ros2/ros/mid-70_ws/install/livox_ros2_driver/share/colcon-core/packages/livox_ros2_driver)
[38.082s] DEBUG:colcon.colcon_core.event_handler.log_command:Invoked command in '/home/lx/ros2/ros/mid-70_ws/build/fast_lio' returned '2': CMAKE_PREFIX_PATH=/home/lx/ros2/ros/mid-70_ws/install/livox_interfaces:/home/lx/ros2/ros/mid-70_ws/install/livox_ros2_driver:/home/lx/ros2/ros/mid-70_ws/install/livox_sdk_vendor:/opt/ros/humble LD_LIBRARY_PATH=/home/lx/ros2/ros/mid-70_ws/install/livox_interfaces/lib:/home/lx/ros2/ros/mid-70_ws/install/livox_ros2_driver/lib:/usr/lib/x86_64-linux-gnu/gazebo-11/plugins:/opt/ros/humble/opt/rviz_ogre_vendor/lib:/opt/ros/humble/lib/x86_64-linux-gnu:/opt/ros/humble/lib /usr/bin/cmake --build /home/lx/ros2/ros/mid-70_ws/build/fast_lio -- -j12 -l12
[38.138s] Level 1:colcon.colcon_core.environment:create_environment_scripts_only(fast_lio)
[38.151s] Level 1:colcon.colcon_core.environment:checking '/home/lx/ros2/ros/mid-70_ws/install/fast_lio' for CMake module files
[38.151s] Level 1:colcon.colcon_core.environment:checking '/home/lx/ros2/ros/mid-70_ws/install/fast_lio' for CMake config files
[38.151s] Level 1:colcon.colcon_core.environment:checking '/home/lx/ros2/ros/mid-70_ws/install/fast_lio/bin'
[38.151s] Level 1:colcon.colcon_core.environment:checking '/home/lx/ros2/ros/mid-70_ws/install/fast_lio/lib/pkgconfig/fast_lio.pc'
[38.151s] Level 1:colcon.colcon_core.environment:checking '/home/lx/ros2/ros/mid-70_ws/install/fast_lio/lib/python3.10/site-packages'
[38.152s] Level 1:colcon.colcon_core.environment:checking '/home/lx/ros2/ros/mid-70_ws/install/fast_lio/bin'
[38.164s] INFO:colcon.colcon_core.shell:Creating package script '/home/lx/ros2/ros/mid-70_ws/install/fast_lio/share/fast_lio/package.ps1'
[38.165s] INFO:colcon.colcon_core.shell:Creating package descriptor '/home/lx/ros2/ros/mid-70_ws/install/fast_lio/share/fast_lio/package.dsv'
[38.165s] INFO:colcon.colcon_core.shell:Creating package script '/home/lx/ros2/ros/mid-70_ws/install/fast_lio/share/fast_lio/package.sh'
[38.165s] INFO:colcon.colcon_core.shell:Creating package script '/home/lx/ros2/ros/mid-70_ws/install/fast_lio/share/fast_lio/package.bash'
[38.166s] INFO:colcon.colcon_core.shell:Creating package script '/home/lx/ros2/ros/mid-70_ws/install/fast_lio/share/fast_lio/package.zsh'
[38.166s] Level 1:colcon.colcon_core.environment:create_file_with_runtime_dependencies(/home/lx/ros2/ros/mid-70_ws/install/fast_lio/share/colcon-core/packages/fast_lio)
[38.176s] DEBUG:colcon.colcon_parallel_executor.executor.parallel:closing loop
[38.176s] DEBUG:colcon.colcon_parallel_executor.executor.parallel:loop closed
[38.176s] DEBUG:colcon.colcon_parallel_executor.executor.parallel:run_until_complete finished with '2'
[38.177s] DEBUG:colcon.colcon_core.event_reactor:joining thread
[38.193s] INFO:colcon.colcon_core.plugin_system:Skipping extension 'colcon_notification.desktop_notification.terminal_notifier': Not used on non-Darwin systems
[38.193s] INFO:colcon.colcon_core.plugin_system:Skipping extension 'colcon_notification.desktop_notification.win32': Not used on non-Windows systems
[38.193s] INFO:colcon.colcon_notification.desktop_notification:Sending desktop notification using 'notify2'
[38.205s] DEBUG:colcon.colcon_core.event_reactor:joined thread
[38.218s] INFO:colcon.colcon_core.shell:Creating prefix script '/home/lx/ros2/ros/mid-70_ws/install/local_setup.ps1'
[38.219s] INFO:colcon.colcon_core.shell:Creating prefix util module '/home/lx/ros2/ros/mid-70_ws/install/_local_setup_util_ps1.py'
[38.220s] INFO:colcon.colcon_core.shell:Creating prefix chain script '/home/lx/ros2/ros/mid-70_ws/install/setup.ps1'
[38.234s] INFO:colcon.colcon_core.shell:Creating prefix script '/home/lx/ros2/ros/mid-70_ws/install/local_setup.sh'
[38.235s] INFO:colcon.colcon_core.shell:Creating prefix util module '/home/lx/ros2/ros/mid-70_ws/install/_local_setup_util_sh.py'
[38.235s] INFO:colcon.colcon_core.shell:Creating prefix chain script '/home/lx/ros2/ros/mid-70_ws/install/setup.sh'
[38.249s] INFO:colcon.colcon_core.shell:Creating prefix script '/home/lx/ros2/ros/mid-70_ws/install/local_setup.bash'
[38.249s] INFO:colcon.colcon_core.shell:Creating prefix chain script '/home/lx/ros2/ros/mid-70_ws/install/setup.bash'
[38.263s] INFO:colcon.colcon_core.shell:Creating prefix script '/home/lx/ros2/ros/mid-70_ws/install/local_setup.zsh'
[38.263s] INFO:colcon.colcon_core.shell:Creating prefix chain script '/home/lx/ros2/ros/mid-70_ws/install/setup.zsh'
