[0.080s] Invoking command in '/home/lx/ros2/ros/xiao_ying/build/linefit_ground_segmentation_ros': AMENT_PREFIX_PATH=/home/lx/ros2/ros/xiao_ying/install/linefit_ground_segmentation:${AMENT_PREFIX_PATH} CMAKE_PREFIX_PATH=/home/lx/ros2/ros/xiao_ying/install/linefit_ground_segmentation:/opt/ros/humble LD_LIBRARY_PATH=/home/lx/ros2/ros/xiao_ying/install/linefit_ground_segmentation/lib:${LD_LIBRARY_PATH} /usr/bin/cmake /home/lx/ros2/ros/xiao_ying/src/linefit_ground_segmentation_ros2/linefit_ground_segmentation_ros -DCMAKE_INSTALL_PREFIX=/home/lx/ros2/ros/xiao_ying/install/linefit_ground_segmentation_ros
[0.090s] -- Found ament_cmake_auto: 1.3.5 (/opt/ros/humble/share/ament_cmake_auto/cmake)
[0.285s] -- Found rosidl_generator_c: 3.1.5 (/opt/ros/humble/share/rosidl_generator_c/cmake)
[0.287s] -- Found rosidl_adapter: 3.1.5 (/opt/ros/humble/share/rosidl_adapter/cmake)
[0.294s] -- Found rosidl_generator_cpp: 3.1.5 (/opt/ros/humble/share/rosidl_generator_cpp/cmake)
[0.301s] -- Using all available rosidl_typesupport_c: rosidl_typesupport_fastrtps_c;rosidl_typesupport_introspection_c
[0.315s] -- Using all available rosidl_typesupport_cpp: rosidl_typesupport_fastrtps_cpp;rosidl_typesupport_introspection_cpp
[0.380s] -- Found rmw_implementation_cmake: 6.1.1 (/opt/ros/humble/share/rmw_implementation_cmake/cmake)
[0.381s] -- Found rmw_fastrtps_cpp: 6.2.4 (/opt/ros/humble/share/rmw_fastrtps_cpp/cmake)
[0.477s] -- Using RMW implementation 'rmw_fastrtps_cpp' as default
[1.266s] -- Found eigen3_cmake_module: 0.1.1 (/opt/ros/humble/share/eigen3_cmake_module/cmake)
[1.266s] -- Ensuring Eigen3 include directory is part of orocos-kdl CMake target
[1.292s] -- Eigen found (include: /usr/include/eigen3, version: 3.4.0)
[1.315s] -- FLANN found (include: /usr/include, lib: /usr/lib/x86_64-linux-gnu/libflann_cpp.so)
[1.540s] -- OpenNI found (version: 1.5.4.0, include: /usr/include/ni, lib: /usr/lib/libOpenNI.so;libusb::libusb)
[1.544s] -- OpenNI2 found (version: 2.2.0.33, include: /usr/include/openni2, lib: /usr/lib/x86_64-linux-gnu/libOpenNI2.so;libusb::libusb)
[1.665s] -- Eigen found (include: /usr/include/eigen3, version: 3.4.0)
[1.669s] -- OpenNI found (version: 1.5.4.0, include: /usr/include/ni, lib: /usr/lib/libOpenNI.so;libusb::libusb)
[1.674s] -- OpenNI2 found (version: 2.2.0.33, include: /usr/include/openni2, lib: /usr/lib/x86_64-linux-gnu/libOpenNI2.so;libusb::libusb)
[1.784s] -- Found Qhull version 8.0.2
[1.896s] -- OpenNI found (version: 1.5.4.0, include: /usr/include/ni, lib: /usr/lib/libOpenNI.so;libusb::libusb)
[2.296s] -- Configuring done
[2.347s] -- Generating done
[2.352s] -- Build files have been written to: /home/lx/ros2/ros/xiao_ying/build/linefit_ground_segmentation_ros
[2.367s] Invoked command in '/home/lx/ros2/ros/xiao_ying/build/linefit_ground_segmentation_ros' returned '0': AMENT_PREFIX_PATH=/home/lx/ros2/ros/xiao_ying/install/linefit_ground_segmentation:${AMENT_PREFIX_PATH} CMAKE_PREFIX_PATH=/home/lx/ros2/ros/xiao_ying/install/linefit_ground_segmentation:/opt/ros/humble LD_LIBRARY_PATH=/home/lx/ros2/ros/xiao_ying/install/linefit_ground_segmentation/lib:${LD_LIBRARY_PATH} /usr/bin/cmake /home/lx/ros2/ros/xiao_ying/src/linefit_ground_segmentation_ros2/linefit_ground_segmentation_ros -DCMAKE_INSTALL_PREFIX=/home/lx/ros2/ros/xiao_ying/install/linefit_ground_segmentation_ros
[2.369s] Invoking command in '/home/lx/ros2/ros/xiao_ying/build/linefit_ground_segmentation_ros': AMENT_PREFIX_PATH=/home/lx/ros2/ros/xiao_ying/install/linefit_ground_segmentation:${AMENT_PREFIX_PATH} CMAKE_PREFIX_PATH=/home/lx/ros2/ros/xiao_ying/install/linefit_ground_segmentation:/opt/ros/humble LD_LIBRARY_PATH=/home/lx/ros2/ros/xiao_ying/install/linefit_ground_segmentation/lib:${LD_LIBRARY_PATH} /usr/bin/cmake --build /home/lx/ros2/ros/xiao_ying/build/linefit_ground_segmentation_ros -- -j12 -l12
[2.403s] [35m[1mConsolidate compiler generated dependencies of target ground_segmentation_test_node[0m
[2.404s] [35m[1mConsolidate compiler generated dependencies of target ground_segmentation_node[0m
[2.431s] [ 50%] Built target ground_segmentation_test_node
[2.438s] [100%] Built target ground_segmentation_node
[2.446s] Invoked command in '/home/lx/ros2/ros/xiao_ying/build/linefit_ground_segmentation_ros' returned '0': AMENT_PREFIX_PATH=/home/lx/ros2/ros/xiao_ying/install/linefit_ground_segmentation:${AMENT_PREFIX_PATH} CMAKE_PREFIX_PATH=/home/lx/ros2/ros/xiao_ying/install/linefit_ground_segmentation:/opt/ros/humble LD_LIBRARY_PATH=/home/lx/ros2/ros/xiao_ying/install/linefit_ground_segmentation/lib:${LD_LIBRARY_PATH} /usr/bin/cmake --build /home/lx/ros2/ros/xiao_ying/build/linefit_ground_segmentation_ros -- -j12 -l12
[2.468s] Invoking command in '/home/lx/ros2/ros/xiao_ying/build/linefit_ground_segmentation_ros': AMENT_PREFIX_PATH=/home/lx/ros2/ros/xiao_ying/install/linefit_ground_segmentation:${AMENT_PREFIX_PATH} CMAKE_PREFIX_PATH=/home/lx/ros2/ros/xiao_ying/install/linefit_ground_segmentation:/opt/ros/humble LD_LIBRARY_PATH=/home/lx/ros2/ros/xiao_ying/install/linefit_ground_segmentation/lib:${LD_LIBRARY_PATH} /usr/bin/cmake --install /home/lx/ros2/ros/xiao_ying/build/linefit_ground_segmentation_ros
[2.474s] -- Install configuration: ""
[2.474s] -- Up-to-date: /home/lx/ros2/ros/xiao_ying/install/linefit_ground_segmentation_ros/lib/linefit_ground_segmentation_ros/ground_segmentation_node
[2.474s] -- Up-to-date: /home/lx/ros2/ros/xiao_ying/install/linefit_ground_segmentation_ros/lib/linefit_ground_segmentation_ros/ground_segmentation_test_node
[2.475s] -- Up-to-date: /home/lx/ros2/ros/xiao_ying/install/linefit_ground_segmentation_ros/share/linefit_ground_segmentation_ros/launch
[2.475s] -- Up-to-date: /home/lx/ros2/ros/xiao_ying/install/linefit_ground_segmentation_ros/share/linefit_ground_segmentation_ros/launch/test.launch.py
[2.475s] -- Up-to-date: /home/lx/ros2/ros/xiao_ying/install/linefit_ground_segmentation_ros/share/linefit_ground_segmentation_ros/launch/segmentation.launch.py
[2.475s] -- Up-to-date: /home/lx/ros2/ros/xiao_ying/install/linefit_ground_segmentation_ros/share/linefit_ground_segmentation_ros/launch/segmentation_params.yaml
[2.475s] -- Up-to-date: /home/lx/ros2/ros/xiao_ying/install/linefit_ground_segmentation_ros/share/ament_index/resource_index/package_run_dependencies/linefit_ground_segmentation_ros
[2.475s] -- Up-to-date: /home/lx/ros2/ros/xiao_ying/install/linefit_ground_segmentation_ros/share/ament_index/resource_index/parent_prefix_path/linefit_ground_segmentation_ros
[2.475s] -- Up-to-date: /home/lx/ros2/ros/xiao_ying/install/linefit_ground_segmentation_ros/share/linefit_ground_segmentation_ros/environment/ament_prefix_path.sh
[2.475s] -- Installing: /home/lx/ros2/ros/xiao_ying/install/linefit_ground_segmentation_ros/share/linefit_ground_segmentation_ros/environment/ament_prefix_path.dsv
[2.475s] -- Up-to-date: /home/lx/ros2/ros/xiao_ying/install/linefit_ground_segmentation_ros/share/linefit_ground_segmentation_ros/environment/path.sh
[2.475s] -- Installing: /home/lx/ros2/ros/xiao_ying/install/linefit_ground_segmentation_ros/share/linefit_ground_segmentation_ros/environment/path.dsv
[2.475s] -- Up-to-date: /home/lx/ros2/ros/xiao_ying/install/linefit_ground_segmentation_ros/share/linefit_ground_segmentation_ros/local_setup.bash
[2.476s] -- Up-to-date: /home/lx/ros2/ros/xiao_ying/install/linefit_ground_segmentation_ros/share/linefit_ground_segmentation_ros/local_setup.sh
[2.476s] -- Up-to-date: /home/lx/ros2/ros/xiao_ying/install/linefit_ground_segmentation_ros/share/linefit_ground_segmentation_ros/local_setup.zsh
[2.476s] -- Installing: /home/lx/ros2/ros/xiao_ying/install/linefit_ground_segmentation_ros/share/linefit_ground_segmentation_ros/local_setup.dsv
[2.476s] -- Installing: /home/lx/ros2/ros/xiao_ying/install/linefit_ground_segmentation_ros/share/linefit_ground_segmentation_ros/package.dsv
[2.476s] -- Up-to-date: /home/lx/ros2/ros/xiao_ying/install/linefit_ground_segmentation_ros/share/ament_index/resource_index/packages/linefit_ground_segmentation_ros
[2.476s] -- Up-to-date: /home/lx/ros2/ros/xiao_ying/install/linefit_ground_segmentation_ros/share/linefit_ground_segmentation_ros/cmake/ament_cmake_export_dependencies-extras.cmake
[2.476s] -- Up-to-date: /home/lx/ros2/ros/xiao_ying/install/linefit_ground_segmentation_ros/share/linefit_ground_segmentation_ros/cmake/linefit_ground_segmentation_rosConfig.cmake
[2.476s] -- Up-to-date: /home/lx/ros2/ros/xiao_ying/install/linefit_ground_segmentation_ros/share/linefit_ground_segmentation_ros/cmake/linefit_ground_segmentation_rosConfig-version.cmake
[2.476s] -- Up-to-date: /home/lx/ros2/ros/xiao_ying/install/linefit_ground_segmentation_ros/share/linefit_ground_segmentation_ros/package.xml
[2.477s] Invoked command in '/home/lx/ros2/ros/xiao_ying/build/linefit_ground_segmentation_ros' returned '0': AMENT_PREFIX_PATH=/home/lx/ros2/ros/xiao_ying/install/linefit_ground_segmentation:${AMENT_PREFIX_PATH} CMAKE_PREFIX_PATH=/home/lx/ros2/ros/xiao_ying/install/linefit_ground_segmentation:/opt/ros/humble LD_LIBRARY_PATH=/home/lx/ros2/ros/xiao_ying/install/linefit_ground_segmentation/lib:${LD_LIBRARY_PATH} /usr/bin/cmake --install /home/lx/ros2/ros/xiao_ying/build/linefit_ground_segmentation_ros
