[0.232s] Invoking command in '/home/lx/ros2/demo1/build/turtlebot3_navigation2': CMAKE_PREFIX_PATH=${CMAKE_PREFIX_PATH}:/opt/ros/humble /usr/bin/cmake /home/lx/ros2/demo1/src/turtlebot3/turtlebot3_navigation2 -DAMENT_CMAKE_SYMLINK_INSTALL=1 -DCMAKE_INSTALL_PREFIX=/home/lx/ros2/demo1/install/turtlebot3_navigation2
[0.272s] -- The C compiler identification is GNU 11.4.0
[0.317s] -- The CXX compiler identification is GNU 11.4.0
[0.322s] -- Detecting C compiler ABI info
[0.372s] -- Detecting C compiler ABI info - done
[0.384s] -- Check for working C compiler: /usr/bin/cc - skipped
[0.384s] -- Detecting C compile features
[0.385s] -- Detecting C compile features - done
[0.388s] -- Detecting CXX compiler ABI info
[0.450s] -- Detecting CXX compiler ABI info - done
[0.456s] -- Check for working CXX compiler: /usr/bin/c++ - skipped
[0.457s] -- Detecting CXX compile features
[0.457s] -- Detecting CXX compile features - done
[0.459s] -- Found ament_cmake: 1.3.5 (/opt/ros/humble/share/ament_cmake/cmake)
[0.591s] -- Found Python3: /usr/bin/python3.10 (found version "3.10.12") found components: Interpreter 
[0.644s] -- Override CMake install command with custom implementation using symlinks instead of copying resources
[0.721s] -- Configuring done
[0.723s] -- Generating done
[0.723s] -- Build files have been written to: /home/lx/ros2/demo1/build/turtlebot3_navigation2
[0.727s] Invoked command in '/home/lx/ros2/demo1/build/turtlebot3_navigation2' returned '0': CMAKE_PREFIX_PATH=${CMAKE_PREFIX_PATH}:/opt/ros/humble /usr/bin/cmake /home/lx/ros2/demo1/src/turtlebot3/turtlebot3_navigation2 -DAMENT_CMAKE_SYMLINK_INSTALL=1 -DCMAKE_INSTALL_PREFIX=/home/lx/ros2/demo1/install/turtlebot3_navigation2
[0.728s] Invoking command in '/home/lx/ros2/demo1/build/turtlebot3_navigation2': CMAKE_PREFIX_PATH=${CMAKE_PREFIX_PATH}:/opt/ros/humble /usr/bin/cmake --build /home/lx/ros2/demo1/build/turtlebot3_navigation2 -- -j12 -l12
[0.756s] Invoked command in '/home/lx/ros2/demo1/build/turtlebot3_navigation2' returned '0': CMAKE_PREFIX_PATH=${CMAKE_PREFIX_PATH}:/opt/ros/humble /usr/bin/cmake --build /home/lx/ros2/demo1/build/turtlebot3_navigation2 -- -j12 -l12
[0.771s] Invoking command in '/home/lx/ros2/demo1/build/turtlebot3_navigation2': CMAKE_PREFIX_PATH=${CMAKE_PREFIX_PATH}:/opt/ros/humble /usr/bin/cmake --install /home/lx/ros2/demo1/build/turtlebot3_navigation2
[0.777s] -- Install configuration: ""
[0.777s] -- Execute custom install script
[0.778s] -- Symlinking: /home/lx/ros2/demo1/install/turtlebot3_navigation2/share/turtlebot3_navigation2/launch/navigation2.launch.py
[0.785s] -- Symlinking: /home/lx/ros2/demo1/install/turtlebot3_navigation2/share/turtlebot3_navigation2/map/map.pgm
[0.792s] -- Symlinking: /home/lx/ros2/demo1/install/turtlebot3_navigation2/share/turtlebot3_navigation2/map/map.yaml
[0.800s] -- Symlinking: /home/lx/ros2/demo1/install/turtlebot3_navigation2/share/turtlebot3_navigation2/param/burger.yaml
[0.807s] -- Symlinking: /home/lx/ros2/demo1/install/turtlebot3_navigation2/share/turtlebot3_navigation2/param/waffle.yaml
[0.814s] -- Symlinking: /home/lx/ros2/demo1/install/turtlebot3_navigation2/share/turtlebot3_navigation2/param/waffle_pi.yaml
[0.820s] -- Symlinking: /home/lx/ros2/demo1/install/turtlebot3_navigation2/share/turtlebot3_navigation2/rviz/tb3_navigation2.rviz
[0.827s] -- Symlinking: /home/lx/ros2/demo1/install/turtlebot3_navigation2/share/ament_index/resource_index/package_run_dependencies/turtlebot3_navigation2
[0.833s] -- Symlinking: /home/lx/ros2/demo1/install/turtlebot3_navigation2/share/ament_index/resource_index/parent_prefix_path/turtlebot3_navigation2
[0.840s] -- Symlinking: /home/lx/ros2/demo1/install/turtlebot3_navigation2/share/turtlebot3_navigation2/environment/ament_prefix_path.sh
[0.848s] -- Symlinking: /home/lx/ros2/demo1/install/turtlebot3_navigation2/share/turtlebot3_navigation2/environment/ament_prefix_path.dsv
[0.853s] -- Symlinking: /home/lx/ros2/demo1/install/turtlebot3_navigation2/share/turtlebot3_navigation2/environment/path.sh
[0.860s] -- Symlinking: /home/lx/ros2/demo1/install/turtlebot3_navigation2/share/turtlebot3_navigation2/environment/path.dsv
[0.869s] -- Symlinking: /home/lx/ros2/demo1/install/turtlebot3_navigation2/share/turtlebot3_navigation2/local_setup.bash
[0.873s] -- Symlinking: /home/lx/ros2/demo1/install/turtlebot3_navigation2/share/turtlebot3_navigation2/local_setup.sh
[0.879s] -- Symlinking: /home/lx/ros2/demo1/install/turtlebot3_navigation2/share/turtlebot3_navigation2/local_setup.zsh
[0.885s] -- Symlinking: /home/lx/ros2/demo1/install/turtlebot3_navigation2/share/turtlebot3_navigation2/local_setup.dsv
[0.892s] -- Symlinking: /home/lx/ros2/demo1/install/turtlebot3_navigation2/share/turtlebot3_navigation2/package.dsv
[0.899s] -- Symlinking: /home/lx/ros2/demo1/install/turtlebot3_navigation2/share/ament_index/resource_index/packages/turtlebot3_navigation2
[0.905s] -- Symlinking: /home/lx/ros2/demo1/install/turtlebot3_navigation2/share/turtlebot3_navigation2/cmake/turtlebot3_navigation2Config.cmake
[0.911s] -- Symlinking: /home/lx/ros2/demo1/install/turtlebot3_navigation2/share/turtlebot3_navigation2/cmake/turtlebot3_navigation2Config-version.cmake
[0.918s] -- Symlinking: /home/lx/ros2/demo1/install/turtlebot3_navigation2/share/turtlebot3_navigation2/package.xml
[0.927s] Invoked command in '/home/lx/ros2/demo1/build/turtlebot3_navigation2' returned '0': CMAKE_PREFIX_PATH=${CMAKE_PREFIX_PATH}:/opt/ros/humble /usr/bin/cmake --install /home/lx/ros2/demo1/build/turtlebot3_navigation2
