[0.027s] Invoking command in '/home/johan/ws_fast/build/pointcloud_to_laserscan': CMAKE_PREFIX_PATH=/opt/ros/humble /usr/bin/cmake /home/johan/ws_fast/src/pointcloud_to_laserscan-rolling -DCMAKE_INSTALL_PREFIX=/home/johan/ws_fast/install/pointcloud_to_laserscan
[0.035s] -- Found ament_cmake_auto: 1.3.5 (/opt/ros/humble/share/ament_cmake_auto/cmake)
[0.199s] -- Found rosidl_generator_c: 3.1.5 (/opt/ros/humble/share/rosidl_generator_c/cmake)
[0.200s] -- Found rosidl_adapter: 3.1.5 (/opt/ros/humble/share/rosidl_adapter/cmake)
[0.204s] -- Found rosidl_generator_cpp: 3.1.5 (/opt/ros/humble/share/rosidl_generator_cpp/cmake)
[0.211s] -- Using all available rosidl_typesupport_c: rosidl_typesupport_fastrtps_c;rosidl_typesupport_introspection_c
[0.222s] -- Using all available rosidl_typesupport_cpp: rosidl_typesupport_fastrtps_cpp;rosidl_typesupport_introspection_cpp
[0.258s] -- Found rmw_implementation_cmake: 6.1.1 (/opt/ros/humble/share/rmw_implementation_cmake/cmake)
[0.259s] -- Found rmw_fastrtps_cpp: 6.2.4 (/opt/ros/humble/share/rmw_fastrtps_cpp/cmake)
[0.331s] -- Using RMW implementation 'rmw_fastrtps_cpp' as default
[0.814s] -- Found ament_lint_auto: 0.12.8 (/opt/ros/humble/share/ament_lint_auto/cmake)
[0.819s] -- Added test 'cppcheck' to perform static code analysis on C / C++ code
[0.819s] -- Configured cppcheck include dirs: /home/johan/ws_fast/src/pointcloud_to_laserscan-rolling/include
[0.819s] -- Configured cppcheck exclude dirs and/or files: 
[0.819s] -- Added test 'cpplint' to check C / C++ code against the Google style
[0.819s] -- Configured cpplint exclude dirs and/or files: 
[0.820s] -- Added test 'flake8' to check Python code syntax and style conventions
[0.820s] -- Added test 'lint_cmake' to check CMake code style
[0.820s] -- Added test 'pep257' to check Python code against some of the docstring style conventions in PEP 257
[0.821s] -- Added test 'uncrustify' to check C / C++ code style
[0.821s] -- Configured uncrustify additional arguments: 
[0.821s] -- Added test 'xmllint' to check XML markup files
[0.822s] -- Configuring done
[0.841s] -- Generating done
[0.842s] -- Build files have been written to: /home/johan/ws_fast/build/pointcloud_to_laserscan
[0.884s] Invoked command in '/home/johan/ws_fast/build/pointcloud_to_laserscan' returned '0': CMAKE_PREFIX_PATH=/opt/ros/humble /usr/bin/cmake /home/johan/ws_fast/src/pointcloud_to_laserscan-rolling -DCMAKE_INSTALL_PREFIX=/home/johan/ws_fast/install/pointcloud_to_laserscan
[0.884s] Invoking command in '/home/johan/ws_fast/build/pointcloud_to_laserscan': CMAKE_PREFIX_PATH=/opt/ros/humble /usr/bin/cmake --build /home/johan/ws_fast/build/pointcloud_to_laserscan -- -j16 -l16
[0.916s] [ 30%] [32mBuilding CXX object CMakeFiles/laserscan_to_pointcloud_node.dir/rclcpp_components/node_main_laserscan_to_pointcloud_node.cpp.o[0m
[0.916s] [ 30%] [32mBuilding CXX object CMakeFiles/pointcloud_to_laserscan_node.dir/rclcpp_components/node_main_pointcloud_to_laserscan_node.cpp.o[0m
[0.916s] [ 30%] [32mBuilding CXX object CMakeFiles/laserscan_to_pointcloud.dir/src/laserscan_to_pointcloud_node.cpp.o[0m
[3.008s] [ 50%] [32m[1mLinking CXX executable pointcloud_to_laserscan_node[0m
[3.008s] [ 50%] [32m[1mLinking CXX executable laserscan_to_pointcloud_node[0m
[3.077s] [ 50%] Built target pointcloud_to_laserscan_node
[3.077s] [ 50%] Built target laserscan_to_pointcloud_node
[10.231s] [ 60%] [32m[1mLinking CXX shared library liblaserscan_to_pointcloud.so[0m
[10.344s] [ 60%] Built target laserscan_to_pointcloud
[10.358s] [ 70%] [32mBuilding CXX object CMakeFiles/pointcloud_to_laserscan.dir/src/pointcloud_to_laserscan_node.cpp.o[0m
[19.656s] [ 80%] [32m[1mLinking CXX shared library libpointcloud_to_laserscan.so[0m
[19.774s] [ 80%] Built target pointcloud_to_laserscan
[19.787s] [ 90%] [32mBuilding CXX object CMakeFiles/dummy_pointcloud_publisher.dir/src/dummy_pointcloud_publisher.cpp.o[0m
[23.117s] [100%] [32m[1mLinking CXX executable dummy_pointcloud_publisher[0m
[23.214s] [100%] Built target dummy_pointcloud_publisher
[23.221s] Invoked command in '/home/johan/ws_fast/build/pointcloud_to_laserscan' returned '0': CMAKE_PREFIX_PATH=/opt/ros/humble /usr/bin/cmake --build /home/johan/ws_fast/build/pointcloud_to_laserscan -- -j16 -l16
[23.244s] Invoking command in '/home/johan/ws_fast/build/pointcloud_to_laserscan': CMAKE_PREFIX_PATH=/opt/ros/humble /usr/bin/cmake --install /home/johan/ws_fast/build/pointcloud_to_laserscan
[23.251s] -- Install configuration: ""
[23.251s] -- Installing: /home/johan/ws_fast/install/pointcloud_to_laserscan/lib/pointcloud_to_laserscan/laserscan_to_pointcloud_node
[23.251s] -- Set runtime path of "/home/johan/ws_fast/install/pointcloud_to_laserscan/lib/pointcloud_to_laserscan/laserscan_to_pointcloud_node" to ""
[23.251s] -- Installing: /home/johan/ws_fast/install/pointcloud_to_laserscan/lib/pointcloud_to_laserscan/pointcloud_to_laserscan_node
[23.251s] -- Set runtime path of "/home/johan/ws_fast/install/pointcloud_to_laserscan/lib/pointcloud_to_laserscan/pointcloud_to_laserscan_node" to ""
[23.251s] -- Installing: /home/johan/ws_fast/install/pointcloud_to_laserscan/include
[23.252s] -- Installing: /home/johan/ws_fast/install/pointcloud_to_laserscan/include/pointcloud_to_laserscan
[23.252s] -- Installing: /home/johan/ws_fast/install/pointcloud_to_laserscan/include/pointcloud_to_laserscan/pointcloud_to_laserscan_node.hpp
[23.252s] -- Installing: /home/johan/ws_fast/install/pointcloud_to_laserscan/include/pointcloud_to_laserscan/visibility_control.h
[23.252s] -- Installing: /home/johan/ws_fast/install/pointcloud_to_laserscan/include/pointcloud_to_laserscan/laserscan_to_pointcloud_node.hpp
[23.252s] -- Installing: /home/johan/ws_fast/install/pointcloud_to_laserscan/share/pointcloud_to_laserscan/environment/library_path.sh
[23.252s] -- Installing: /home/johan/ws_fast/install/pointcloud_to_laserscan/share/pointcloud_to_laserscan/environment/library_path.dsv
[23.252s] -- Installing: /home/johan/ws_fast/install/pointcloud_to_laserscan/lib/liblaserscan_to_pointcloud.so
[23.254s] -- Set runtime path of "/home/johan/ws_fast/install/pointcloud_to_laserscan/lib/liblaserscan_to_pointcloud.so" to ""
[23.254s] -- Installing: /home/johan/ws_fast/install/pointcloud_to_laserscan/lib/libpointcloud_to_laserscan.so
[23.255s] -- Set runtime path of "/home/johan/ws_fast/install/pointcloud_to_laserscan/lib/libpointcloud_to_laserscan.so" to ""
[23.255s] -- Installing: /home/johan/ws_fast/install/pointcloud_to_laserscan/lib/pointcloud_to_laserscan/dummy_pointcloud_publisher
[23.256s] -- Set runtime path of "/home/johan/ws_fast/install/pointcloud_to_laserscan/lib/pointcloud_to_laserscan/dummy_pointcloud_publisher" to ""
[23.256s] -- Installing: /home/johan/ws_fast/install/pointcloud_to_laserscan/share/pointcloud_to_laserscan/launch
[23.256s] -- Installing: /home/johan/ws_fast/install/pointcloud_to_laserscan/share/pointcloud_to_laserscan/launch/sample_laserscan_to_pointcloud_launch.py
[23.256s] -- Installing: /home/johan/ws_fast/install/pointcloud_to_laserscan/share/pointcloud_to_laserscan/launch/pointcloud_to_laserscan_launch.py
[23.256s] -- Installing: /home/johan/ws_fast/install/pointcloud_to_laserscan/share/pointcloud_to_laserscan/launch/sample_pointcloud_to_laserscan_launch.py
[23.256s] -- Installing: /home/johan/ws_fast/install/pointcloud_to_laserscan/share/ament_index/resource_index/package_run_dependencies/pointcloud_to_laserscan
[23.256s] -- Installing: /home/johan/ws_fast/install/pointcloud_to_laserscan/share/ament_index/resource_index/parent_prefix_path/pointcloud_to_laserscan
[23.256s] -- Installing: /home/johan/ws_fast/install/pointcloud_to_laserscan/share/pointcloud_to_laserscan/environment/ament_prefix_path.sh
[23.256s] -- Installing: /home/johan/ws_fast/install/pointcloud_to_laserscan/share/pointcloud_to_laserscan/environment/ament_prefix_path.dsv
[23.257s] -- Installing: /home/johan/ws_fast/install/pointcloud_to_laserscan/share/pointcloud_to_laserscan/environment/path.sh
[23.257s] -- Installing: /home/johan/ws_fast/install/pointcloud_to_laserscan/share/pointcloud_to_laserscan/environment/path.dsv
[23.257s] -- Installing: /home/johan/ws_fast/install/pointcloud_to_laserscan/share/pointcloud_to_laserscan/local_setup.bash
[23.257s] -- Installing: /home/johan/ws_fast/install/pointcloud_to_laserscan/share/pointcloud_to_laserscan/local_setup.sh
[23.257s] -- Installing: /home/johan/ws_fast/install/pointcloud_to_laserscan/share/pointcloud_to_laserscan/local_setup.zsh
[23.257s] -- Installing: /home/johan/ws_fast/install/pointcloud_to_laserscan/share/pointcloud_to_laserscan/local_setup.dsv
[23.257s] -- Installing: /home/johan/ws_fast/install/pointcloud_to_laserscan/share/pointcloud_to_laserscan/package.dsv
[23.257s] -- Installing: /home/johan/ws_fast/install/pointcloud_to_laserscan/share/ament_index/resource_index/packages/pointcloud_to_laserscan
[23.257s] -- Installing: /home/johan/ws_fast/install/pointcloud_to_laserscan/share/ament_index/resource_index/rclcpp_components/pointcloud_to_laserscan
[23.257s] -- Installing: /home/johan/ws_fast/install/pointcloud_to_laserscan/share/pointcloud_to_laserscan/cmake/ament_cmake_export_dependencies-extras.cmake
[23.257s] -- Installing: /home/johan/ws_fast/install/pointcloud_to_laserscan/share/pointcloud_to_laserscan/cmake/ament_cmake_export_include_directories-extras.cmake
[23.257s] -- Installing: /home/johan/ws_fast/install/pointcloud_to_laserscan/share/pointcloud_to_laserscan/cmake/ament_cmake_export_libraries-extras.cmake
[23.257s] -- Installing: /home/johan/ws_fast/install/pointcloud_to_laserscan/share/pointcloud_to_laserscan/cmake/pointcloud_to_laserscanConfig.cmake
[23.257s] -- Installing: /home/johan/ws_fast/install/pointcloud_to_laserscan/share/pointcloud_to_laserscan/cmake/pointcloud_to_laserscanConfig-version.cmake
[23.257s] -- Installing: /home/johan/ws_fast/install/pointcloud_to_laserscan/share/pointcloud_to_laserscan/package.xml
[23.259s] Invoked command in '/home/johan/ws_fast/build/pointcloud_to_laserscan' returned '0': CMAKE_PREFIX_PATH=/opt/ros/humble /usr/bin/cmake --install /home/johan/ws_fast/build/pointcloud_to_laserscan
