[0.057s] Invoking command in '/home/lx/ros2/ros/mid-70_ws/build/livox_ros2_driver': CMAKE_PREFIX_PATH=/home/lx/ros2/ros/mid-70_ws/install/livox_sdk_vendor:/home/lx/ros2/ros/mid-70_ws/install/livox_interfaces:/home/lx/ros2/ros/mid-70_ws/install/livox_ros2_driver:/opt/ros/humble LD_LIBRARY_PATH=/home/lx/ros2/ros/mid-70_ws/install/livox_interfaces/lib:/home/lx/ros2/ros/mid-70_ws/install/livox_ros2_driver/lib:/usr/lib/x86_64-linux-gnu/gazebo-11/plugins:/opt/ros/humble/opt/rviz_ogre_vendor/lib:/opt/ros/humble/lib/x86_64-linux-gnu:/opt/ros/humble/lib /usr/bin/cmake --build /home/lx/ros2/ros/mid-70_ws/build/livox_ros2_driver -- -j12 -l12
[0.105s] [ 12%] Built target livox_ros2_driver_node
[0.116s] [100%] Built target livox_ros2_driver
[0.125s] Invoked command in '/home/lx/ros2/ros/mid-70_ws/build/livox_ros2_driver' returned '0': CMAKE_PREFIX_PATH=/home/lx/ros2/ros/mid-70_ws/install/livox_sdk_vendor:/home/lx/ros2/ros/mid-70_ws/install/livox_interfaces:/home/lx/ros2/ros/mid-70_ws/install/livox_ros2_driver:/opt/ros/humble LD_LIBRARY_PATH=/home/lx/ros2/ros/mid-70_ws/install/livox_interfaces/lib:/home/lx/ros2/ros/mid-70_ws/install/livox_ros2_driver/lib:/usr/lib/x86_64-linux-gnu/gazebo-11/plugins:/opt/ros/humble/opt/rviz_ogre_vendor/lib:/opt/ros/humble/lib/x86_64-linux-gnu:/opt/ros/humble/lib /usr/bin/cmake --build /home/lx/ros2/ros/mid-70_ws/build/livox_ros2_driver -- -j12 -l12
[0.160s] Invoking command in '/home/lx/ros2/ros/mid-70_ws/build/livox_ros2_driver': CMAKE_PREFIX_PATH=/home/lx/ros2/ros/mid-70_ws/install/livox_sdk_vendor:/home/lx/ros2/ros/mid-70_ws/install/livox_interfaces:/home/lx/ros2/ros/mid-70_ws/install/livox_ros2_driver:/opt/ros/humble LD_LIBRARY_PATH=/home/lx/ros2/ros/mid-70_ws/install/livox_interfaces/lib:/home/lx/ros2/ros/mid-70_ws/install/livox_ros2_driver/lib:/usr/lib/x86_64-linux-gnu/gazebo-11/plugins:/opt/ros/humble/opt/rviz_ogre_vendor/lib:/opt/ros/humble/lib/x86_64-linux-gnu:/opt/ros/humble/lib /usr/bin/cmake --install /home/lx/ros2/ros/mid-70_ws/build/livox_ros2_driver
[0.165s] -- Install configuration: ""
[0.165s] -- Up-to-date: /home/lx/ros2/ros/mid-70_ws/install/livox_ros2_driver/lib/livox_ros2_driver/livox_ros2_driver_node
[0.165s] -- Up-to-date: /home/lx/ros2/ros/mid-70_ws/install/livox_ros2_driver/share/livox_ros2_driver/environment/library_path.sh
[0.165s] -- Up-to-date: /home/lx/ros2/ros/mid-70_ws/install/livox_ros2_driver/share/livox_ros2_driver/environment/library_path.dsv
[0.166s] -- Up-to-date: /home/lx/ros2/ros/mid-70_ws/install/livox_ros2_driver/lib/liblivox_ros2_driver.so
[0.166s] -- Up-to-date: /home/lx/ros2/ros/mid-70_ws/install/livox_ros2_driver/share/livox_ros2_driver/config
[0.166s] -- Up-to-date: /home/lx/ros2/ros/mid-70_ws/install/livox_ros2_driver/share/livox_ros2_driver/config/livox_lidar_config.json
[0.166s] -- Up-to-date: /home/lx/ros2/ros/mid-70_ws/install/livox_ros2_driver/share/livox_ros2_driver/config/livox_hub_config.json
[0.166s] -- Up-to-date: /home/lx/ros2/ros/mid-70_ws/install/livox_ros2_driver/share/livox_ros2_driver/config/livox_lidar.rviz
[0.166s] -- Up-to-date: /home/lx/ros2/ros/mid-70_ws/install/livox_ros2_driver/share/livox_ros2_driver/config/livox_hub.rviz
[0.166s] -- Up-to-date: /home/lx/ros2/ros/mid-70_ws/install/livox_ros2_driver/share/livox_ros2_driver/launch
[0.166s] -- Up-to-date: /home/lx/ros2/ros/mid-70_ws/install/livox_ros2_driver/share/livox_ros2_driver/launch/livox_hub_msg_launch .py
[0.166s] -- Up-to-date: /home/lx/ros2/ros/mid-70_ws/install/livox_ros2_driver/share/livox_ros2_driver/launch/livox_hub_launch.py
[0.166s] -- Up-to-date: /home/lx/ros2/ros/mid-70_ws/install/livox_ros2_driver/share/livox_ros2_driver/launch/livox_lidar_msg_launch.py
[0.166s] -- Up-to-date: /home/lx/ros2/ros/mid-70_ws/install/livox_ros2_driver/share/livox_ros2_driver/launch/livox_hub_rviz_launch.py
[0.166s] -- Up-to-date: /home/lx/ros2/ros/mid-70_ws/install/livox_ros2_driver/share/livox_ros2_driver/launch/livox_lidar_launch.py
[0.166s] -- Up-to-date: /home/lx/ros2/ros/mid-70_ws/install/livox_ros2_driver/share/livox_ros2_driver/launch/livox_lidar_rviz_launch.py
[0.166s] -- Up-to-date: /home/lx/ros2/ros/mid-70_ws/install/livox_ros2_driver/share/livox_ros2_driver/launch/livox_template_launch.py
[0.166s] -- Up-to-date: /home/lx/ros2/ros/mid-70_ws/install/livox_ros2_driver/share/livox_ros2_driver/launch/livox_lidar_composition_launch.py
[0.166s] -- Up-to-date: /home/lx/ros2/ros/mid-70_ws/install/livox_ros2_driver/share/ament_index/resource_index/package_run_dependencies/livox_ros2_driver
[0.167s] -- Up-to-date: /home/lx/ros2/ros/mid-70_ws/install/livox_ros2_driver/share/ament_index/resource_index/parent_prefix_path/livox_ros2_driver
[0.167s] -- Up-to-date: /home/lx/ros2/ros/mid-70_ws/install/livox_ros2_driver/share/livox_ros2_driver/environment/ament_prefix_path.sh
[0.167s] -- Up-to-date: /home/lx/ros2/ros/mid-70_ws/install/livox_ros2_driver/share/livox_ros2_driver/environment/ament_prefix_path.dsv
[0.167s] -- Up-to-date: /home/lx/ros2/ros/mid-70_ws/install/livox_ros2_driver/share/livox_ros2_driver/environment/path.sh
[0.167s] -- Up-to-date: /home/lx/ros2/ros/mid-70_ws/install/livox_ros2_driver/share/livox_ros2_driver/environment/path.dsv
[0.167s] -- Up-to-date: /home/lx/ros2/ros/mid-70_ws/install/livox_ros2_driver/share/livox_ros2_driver/local_setup.bash
[0.167s] -- Up-to-date: /home/lx/ros2/ros/mid-70_ws/install/livox_ros2_driver/share/livox_ros2_driver/local_setup.sh
[0.167s] -- Up-to-date: /home/lx/ros2/ros/mid-70_ws/install/livox_ros2_driver/share/livox_ros2_driver/local_setup.zsh
[0.167s] -- Up-to-date: /home/lx/ros2/ros/mid-70_ws/install/livox_ros2_driver/share/livox_ros2_driver/local_setup.dsv
[0.167s] -- Installing: /home/lx/ros2/ros/mid-70_ws/install/livox_ros2_driver/share/livox_ros2_driver/package.dsv
[0.167s] -- Up-to-date: /home/lx/ros2/ros/mid-70_ws/install/livox_ros2_driver/share/ament_index/resource_index/packages/livox_ros2_driver
[0.167s] -- Up-to-date: /home/lx/ros2/ros/mid-70_ws/install/livox_ros2_driver/share/ament_index/resource_index/rclcpp_components/livox_ros2_driver
[0.167s] -- Up-to-date: /home/lx/ros2/ros/mid-70_ws/install/livox_ros2_driver/share/livox_ros2_driver/cmake/ament_cmake_export_dependencies-extras.cmake
[0.167s] -- Up-to-date: /home/lx/ros2/ros/mid-70_ws/install/livox_ros2_driver/share/livox_ros2_driver/cmake/ament_cmake_export_libraries-extras.cmake
[0.168s] -- Up-to-date: /home/lx/ros2/ros/mid-70_ws/install/livox_ros2_driver/share/livox_ros2_driver/cmake/livox_ros2_driverConfig.cmake
[0.168s] -- Up-to-date: /home/lx/ros2/ros/mid-70_ws/install/livox_ros2_driver/share/livox_ros2_driver/cmake/livox_ros2_driverConfig-version.cmake
[0.168s] -- Up-to-date: /home/lx/ros2/ros/mid-70_ws/install/livox_ros2_driver/share/livox_ros2_driver/package.xml
[0.168s] Invoked command in '/home/lx/ros2/ros/mid-70_ws/build/livox_ros2_driver' returned '0': CMAKE_PREFIX_PATH=/home/lx/ros2/ros/mid-70_ws/install/livox_sdk_vendor:/home/lx/ros2/ros/mid-70_ws/install/livox_interfaces:/home/lx/ros2/ros/mid-70_ws/install/livox_ros2_driver:/opt/ros/humble LD_LIBRARY_PATH=/home/lx/ros2/ros/mid-70_ws/install/livox_interfaces/lib:/home/lx/ros2/ros/mid-70_ws/install/livox_ros2_driver/lib:/usr/lib/x86_64-linux-gnu/gazebo-11/plugins:/opt/ros/humble/opt/rviz_ogre_vendor/lib:/opt/ros/humble/lib/x86_64-linux-gnu:/opt/ros/humble/lib /usr/bin/cmake --install /home/lx/ros2/ros/mid-70_ws/build/livox_ros2_driver
