[0.084s] Invoking command in '/home/lx/ros2/ros/nav2_ws/build/nav2_common': CMAKE_PREFIX_PATH=/opt/ros/humble /usr/bin/cmake /home/lx/ros2/ros/nav2_ws/src/navigation2/nav2_common -DCMAKE_INSTALL_PREFIX=/home/lx/ros2/ros/nav2_ws/install/nav2_common
[0.099s] -- Found ament_cmake_core: 1.3.5 (/opt/ros/humble/share/ament_cmake_core/cmake)
[0.237s] -- Found Python3: /usr/bin/python3.10 (found version "3.10.12") found components: Interpreter 
[0.287s] -- Found ament_cmake_python: 1.3.5 (/opt/ros/humble/share/ament_cmake_python/cmake)
[0.399s] -- Configuring done
[0.401s] -- Generating done
[0.401s] -- Build files have been written to: /home/lx/ros2/ros/nav2_ws/build/nav2_common
[0.403s] Invoked command in '/home/lx/ros2/ros/nav2_ws/build/nav2_common' returned '0': CMAKE_PREFIX_PATH=/opt/ros/humble /usr/bin/cmake /home/lx/ros2/ros/nav2_ws/src/navigation2/nav2_common -DCMAKE_INSTALL_PREFIX=/home/lx/ros2/ros/nav2_ws/install/nav2_common
[0.404s] Invoking command in '/home/lx/ros2/ros/nav2_ws/build/nav2_common': CMAKE_PREFIX_PATH=/opt/ros/humble /usr/bin/cmake --build /home/lx/ros2/ros/nav2_ws/build/nav2_common -- -j12 -l12
[0.442s] Built target ament_cmake_python_copy_nav2_common
[0.630s] running egg_info
[0.630s] creating nav2_common.egg-info
[0.631s] writing nav2_common.egg-info/PKG-INFO
[0.631s] writing dependency_links to nav2_common.egg-info/dependency_links.txt
[0.631s] writing top-level names to nav2_common.egg-info/top_level.txt
[0.631s] writing manifest file 'nav2_common.egg-info/SOURCES.txt'
[0.633s] reading manifest file 'nav2_common.egg-info/SOURCES.txt'
[0.633s] writing manifest file 'nav2_common.egg-info/SOURCES.txt'
[0.652s] Built target ament_cmake_python_build_nav2_common_egg
[0.659s] Invoked command in '/home/lx/ros2/ros/nav2_ws/build/nav2_common' returned '0': CMAKE_PREFIX_PATH=/opt/ros/humble /usr/bin/cmake --build /home/lx/ros2/ros/nav2_ws/build/nav2_common -- -j12 -l12
[0.678s] Invoking command in '/home/lx/ros2/ros/nav2_ws/build/nav2_common': CMAKE_PREFIX_PATH=/opt/ros/humble /usr/bin/cmake --install /home/lx/ros2/ros/nav2_ws/build/nav2_common
[0.684s] -- Install configuration: ""
[0.684s] -- Installing: /home/lx/ros2/ros/nav2_ws/install/nav2_common/share/nav2_common/environment/pythonpath.sh
[0.684s] -- Installing: /home/lx/ros2/ros/nav2_ws/install/nav2_common/share/nav2_common/environment/pythonpath.dsv
[0.684s] -- Installing: /home/lx/ros2/ros/nav2_ws/install/nav2_common/local/lib/python3.10/dist-packages/nav2_common-1.1.12-py3.10.egg-info
[0.684s] -- Installing: /home/lx/ros2/ros/nav2_ws/install/nav2_common/local/lib/python3.10/dist-packages/nav2_common-1.1.12-py3.10.egg-info/top_level.txt
[0.684s] -- Installing: /home/lx/ros2/ros/nav2_ws/install/nav2_common/local/lib/python3.10/dist-packages/nav2_common-1.1.12-py3.10.egg-info/PKG-INFO
[0.684s] -- Installing: /home/lx/ros2/ros/nav2_ws/install/nav2_common/local/lib/python3.10/dist-packages/nav2_common-1.1.12-py3.10.egg-info/SOURCES.txt
[0.684s] -- Installing: /home/lx/ros2/ros/nav2_ws/install/nav2_common/local/lib/python3.10/dist-packages/nav2_common-1.1.12-py3.10.egg-info/dependency_links.txt
[0.684s] -- Installing: /home/lx/ros2/ros/nav2_ws/install/nav2_common/local/lib/python3.10/dist-packages/nav2_common
[0.684s] -- Installing: /home/lx/ros2/ros/nav2_ws/install/nav2_common/local/lib/python3.10/dist-packages/nav2_common/launch
[0.684s] -- Installing: /home/lx/ros2/ros/nav2_ws/install/nav2_common/local/lib/python3.10/dist-packages/nav2_common/launch/rewritten_yaml.py
[0.685s] -- Installing: /home/lx/ros2/ros/nav2_ws/install/nav2_common/local/lib/python3.10/dist-packages/nav2_common/launch/has_node_params.py
[0.685s] -- Installing: /home/lx/ros2/ros/nav2_ws/install/nav2_common/local/lib/python3.10/dist-packages/nav2_common/launch/replace_string.py
[0.685s] -- Installing: /home/lx/ros2/ros/nav2_ws/install/nav2_common/local/lib/python3.10/dist-packages/nav2_common/launch/parse_multirobot_pose.py
[0.685s] -- Installing: /home/lx/ros2/ros/nav2_ws/install/nav2_common/local/lib/python3.10/dist-packages/nav2_common/launch/__init__.py
[0.685s] -- Installing: /home/lx/ros2/ros/nav2_ws/install/nav2_common/local/lib/python3.10/dist-packages/nav2_common/__init__.py
[0.710s] Listing '/home/lx/ros2/ros/nav2_ws/install/nav2_common/local/lib/python3.10/dist-packages/nav2_common'...
[0.710s] Compiling '/home/lx/ros2/ros/nav2_ws/install/nav2_common/local/lib/python3.10/dist-packages/nav2_common/__init__.py'...
[0.710s] Listing '/home/lx/ros2/ros/nav2_ws/install/nav2_common/local/lib/python3.10/dist-packages/nav2_common/launch'...
[0.710s] Compiling '/home/lx/ros2/ros/nav2_ws/install/nav2_common/local/lib/python3.10/dist-packages/nav2_common/launch/__init__.py'...
[0.710s] Compiling '/home/lx/ros2/ros/nav2_ws/install/nav2_common/local/lib/python3.10/dist-packages/nav2_common/launch/has_node_params.py'...
[0.710s] Compiling '/home/lx/ros2/ros/nav2_ws/install/nav2_common/local/lib/python3.10/dist-packages/nav2_common/launch/parse_multirobot_pose.py'...
[0.710s] Compiling '/home/lx/ros2/ros/nav2_ws/install/nav2_common/local/lib/python3.10/dist-packages/nav2_common/launch/replace_string.py'...
[0.710s] Compiling '/home/lx/ros2/ros/nav2_ws/install/nav2_common/local/lib/python3.10/dist-packages/nav2_common/launch/rewritten_yaml.py'...
[0.713s] -- Installing: /home/lx/ros2/ros/nav2_ws/install/nav2_common/share/ament_index/resource_index/package_run_dependencies/nav2_common
[0.713s] -- Installing: /home/lx/ros2/ros/nav2_ws/install/nav2_common/share/ament_index/resource_index/parent_prefix_path/nav2_common
[0.713s] -- Installing: /home/lx/ros2/ros/nav2_ws/install/nav2_common/share/nav2_common/environment/ament_prefix_path.sh
[0.713s] -- Installing: /home/lx/ros2/ros/nav2_ws/install/nav2_common/share/nav2_common/environment/ament_prefix_path.dsv
[0.713s] -- Installing: /home/lx/ros2/ros/nav2_ws/install/nav2_common/share/nav2_common/environment/path.sh
[0.713s] -- Installing: /home/lx/ros2/ros/nav2_ws/install/nav2_common/share/nav2_common/environment/path.dsv
[0.713s] -- Installing: /home/lx/ros2/ros/nav2_ws/install/nav2_common/share/nav2_common/local_setup.bash
[0.714s] -- Installing: /home/lx/ros2/ros/nav2_ws/install/nav2_common/share/nav2_common/local_setup.sh
[0.714s] -- Installing: /home/lx/ros2/ros/nav2_ws/install/nav2_common/share/nav2_common/local_setup.zsh
[0.714s] -- Installing: /home/lx/ros2/ros/nav2_ws/install/nav2_common/share/nav2_common/local_setup.dsv
[0.714s] -- Installing: /home/lx/ros2/ros/nav2_ws/install/nav2_common/share/nav2_common/package.dsv
[0.714s] -- Installing: /home/lx/ros2/ros/nav2_ws/install/nav2_common/share/ament_index/resource_index/packages/nav2_common
[0.714s] -- Installing: /home/lx/ros2/ros/nav2_ws/install/nav2_common/share/nav2_common/cmake/nav2_common-extras.cmake
[0.714s] -- Installing: /home/lx/ros2/ros/nav2_ws/install/nav2_common/share/nav2_common/cmake/nav2_commonConfig.cmake
[0.714s] -- Installing: /home/lx/ros2/ros/nav2_ws/install/nav2_common/share/nav2_common/cmake/nav2_commonConfig-version.cmake
[0.714s] -- Installing: /home/lx/ros2/ros/nav2_ws/install/nav2_common/share/nav2_common/package.xml
[0.714s] -- Up-to-date: /home/lx/ros2/ros/nav2_ws/install/nav2_common/share/nav2_common/cmake
[0.714s] -- Installing: /home/lx/ros2/ros/nav2_ws/install/nav2_common/share/nav2_common/cmake/nav2_package.cmake
[0.716s] Invoked command in '/home/lx/ros2/ros/nav2_ws/build/nav2_common' returned '0': CMAKE_PREFIX_PATH=/opt/ros/humble /usr/bin/cmake --install /home/lx/ros2/ros/nav2_ws/build/nav2_common
