[0.798s] DEBUG:colcon:Command line arguments: ['/usr/bin/colcon', 'build']
[0.798s] DEBUG:colcon:Parsed command line arguments: Namespace(log_base=None, log_level=None, verb_name='build', build_base='build', install_base='install', merge_install=False, symlink_install=False, test_result_base=None, continue_on_error=False, executor='parallel', parallel_workers=12, event_handlers=None, ignore_user_meta=False, metas=['./colcon.meta'], base_paths=['.'], packages_ignore=None, packages_ignore_regex=None, paths=None, packages_up_to=None, packages_up_to_regex=None, packages_above=None, packages_above_and_dependencies=None, packages_above_depth=None, packages_select_by_dep=None, packages_skip_by_dep=None, packages_skip_up_to=None, packages_select_build_failed=False, packages_skip_build_finished=False, packages_select_test_failures=False, packages_skip_test_passed=False, packages_select=None, packages_skip=None, packages_select_regex=None, packages_skip_regex=None, packages_start=None, packages_end=None, allow_overriding=[], cmake_args=None, cmake_target=None, cmake_target_skip_unavailable=False, cmake_clean_cache=False, cmake_clean_first=False, cmake_force_configure=False, ament_cmake_args=None, catkin_cmake_args=None, catkin_skip_building_tests=False, verb_parser=<colcon_defaults.argument_parser.defaults.DefaultArgumentsDecorator object at 0x7f353e855bd0>, verb_extension=<colcon_core.verb.build.BuildVerb object at 0x7f353ecdfa00>, main=<bound method BuildVerb.main of <colcon_core.verb.build.BuildVerb object at 0x7f353ecdfa00>>)
[0.835s] Level 1:colcon.colcon_core.package_discovery:discover_packages(colcon_meta) check parameters
[0.835s] Level 1:colcon.colcon_core.package_discovery:discover_packages(recursive) check parameters
[0.835s] Level 1:colcon.colcon_core.package_discovery:discover_packages(ignore) check parameters
[0.835s] Level 1:colcon.colcon_core.package_discovery:discover_packages(path) check parameters
[0.835s] Level 1:colcon.colcon_core.package_discovery:discover_packages(colcon_meta) discover
[0.835s] Level 1:colcon.colcon_core.package_discovery:discover_packages(recursive) discover
[0.835s] INFO:colcon.colcon_core.package_discovery:Crawling recursively for packages in '/home/lx/ros2/ros/mid-70_ws'
[0.835s] Level 1:colcon.colcon_core.package_identification:_identify(.) by extensions ['ignore', 'ignore_ament_install']
[0.835s] Level 1:colcon.colcon_core.package_identification:_identify(.) by extension 'ignore'
[0.835s] Level 1:colcon.colcon_core.package_identification:_identify(.) by extension 'ignore_ament_install'
[0.836s] Level 1:colcon.colcon_core.package_identification:_identify(.) by extensions ['colcon_pkg']
[0.836s] Level 1:colcon.colcon_core.package_identification:_identify(.) by extension 'colcon_pkg'
[0.836s] Level 1:colcon.colcon_core.package_identification:_identify(.) by extensions ['colcon_meta']
[0.836s] Level 1:colcon.colcon_core.package_identification:_identify(.) by extension 'colcon_meta'
[0.836s] Level 1:colcon.colcon_core.package_identification:_identify(.) by extensions ['ros']
[0.836s] Level 1:colcon.colcon_core.package_identification:_identify(.) by extension 'ros'
[0.844s] Level 1:colcon.colcon_core.package_identification:_identify(.) by extensions ['cmake', 'python']
[0.844s] Level 1:colcon.colcon_core.package_identification:_identify(.) by extension 'cmake'
[0.844s] Level 1:colcon.colcon_core.package_identification:_identify(.) by extension 'python'
[0.844s] Level 1:colcon.colcon_core.package_identification:_identify(.) by extensions ['python_setup_py']
[0.844s] Level 1:colcon.colcon_core.package_identification:_identify(.) by extension 'python_setup_py'
[0.844s] Level 1:colcon.colcon_core.package_identification:_identify(build) by extensions ['ignore', 'ignore_ament_install']
[0.844s] Level 1:colcon.colcon_core.package_identification:_identify(build) by extension 'ignore'
[0.845s] Level 1:colcon.colcon_core.package_identification:_identify(build) ignored
[0.845s] Level 1:colcon.colcon_core.package_identification:_identify(install) by extensions ['ignore', 'ignore_ament_install']
[0.845s] Level 1:colcon.colcon_core.package_identification:_identify(install) by extension 'ignore'
[0.845s] Level 1:colcon.colcon_core.package_identification:_identify(install) ignored
[0.845s] Level 1:colcon.colcon_core.package_identification:_identify(log) by extensions ['ignore', 'ignore_ament_install']
[0.845s] Level 1:colcon.colcon_core.package_identification:_identify(log) by extension 'ignore'
[0.845s] Level 1:colcon.colcon_core.package_identification:_identify(log) ignored
[0.845s] Level 1:colcon.colcon_core.package_identification:_identify(src) by extensions ['ignore', 'ignore_ament_install']
[0.845s] Level 1:colcon.colcon_core.package_identification:_identify(src) by extension 'ignore'
[0.845s] Level 1:colcon.colcon_core.package_identification:_identify(src) by extension 'ignore_ament_install'
[0.845s] Level 1:colcon.colcon_core.package_identification:_identify(src) by extensions ['colcon_pkg']
[0.845s] Level 1:colcon.colcon_core.package_identification:_identify(src) by extension 'colcon_pkg'
[0.845s] Level 1:colcon.colcon_core.package_identification:_identify(src) by extensions ['colcon_meta']
[0.845s] Level 1:colcon.colcon_core.package_identification:_identify(src) by extension 'colcon_meta'
[0.845s] Level 1:colcon.colcon_core.package_identification:_identify(src) by extensions ['ros']
[0.846s] Level 1:colcon.colcon_core.package_identification:_identify(src) by extension 'ros'
[0.846s] Level 1:colcon.colcon_core.package_identification:_identify(src) by extensions ['cmake', 'python']
[0.846s] Level 1:colcon.colcon_core.package_identification:_identify(src) by extension 'cmake'
[0.846s] Level 1:colcon.colcon_core.package_identification:_identify(src) by extension 'python'
[0.846s] Level 1:colcon.colcon_core.package_identification:_identify(src) by extensions ['python_setup_py']
[0.846s] Level 1:colcon.colcon_core.package_identification:_identify(src) by extension 'python_setup_py'
[0.846s] Level 1:colcon.colcon_core.package_identification:_identify(src/FAST_LIO) by extensions ['ignore', 'ignore_ament_install']
[0.846s] Level 1:colcon.colcon_core.package_identification:_identify(src/FAST_LIO) by extension 'ignore'
[0.846s] Level 1:colcon.colcon_core.package_identification:_identify(src/FAST_LIO) by extension 'ignore_ament_install'
[0.846s] Level 1:colcon.colcon_core.package_identification:_identify(src/FAST_LIO) by extensions ['colcon_pkg']
[0.846s] Level 1:colcon.colcon_core.package_identification:_identify(src/FAST_LIO) by extension 'colcon_pkg'
[0.846s] Level 1:colcon.colcon_core.package_identification:_identify(src/FAST_LIO) by extensions ['colcon_meta']
[0.846s] Level 1:colcon.colcon_core.package_identification:_identify(src/FAST_LIO) by extension 'colcon_meta'
[0.846s] Level 1:colcon.colcon_core.package_identification:_identify(src/FAST_LIO) by extensions ['ros']
[0.846s] Level 1:colcon.colcon_core.package_identification:_identify(src/FAST_LIO) by extension 'ros'
[0.849s] DEBUG:colcon.colcon_core.package_identification:Package 'src/FAST_LIO' with type 'ros.ament_cmake' and name 'fast_lio'
[0.849s] Level 1:colcon.colcon_core.package_identification:_identify(src/livox_ros2_driver) by extensions ['ignore', 'ignore_ament_install']
[0.849s] Level 1:colcon.colcon_core.package_identification:_identify(src/livox_ros2_driver) by extension 'ignore'
[0.849s] Level 1:colcon.colcon_core.package_identification:_identify(src/livox_ros2_driver) by extension 'ignore_ament_install'
[0.849s] Level 1:colcon.colcon_core.package_identification:_identify(src/livox_ros2_driver) by extensions ['colcon_pkg']
[0.849s] Level 1:colcon.colcon_core.package_identification:_identify(src/livox_ros2_driver) by extension 'colcon_pkg'
[0.849s] Level 1:colcon.colcon_core.package_identification:_identify(src/livox_ros2_driver) by extensions ['colcon_meta']
[0.849s] Level 1:colcon.colcon_core.package_identification:_identify(src/livox_ros2_driver) by extension 'colcon_meta'
[0.849s] Level 1:colcon.colcon_core.package_identification:_identify(src/livox_ros2_driver) by extensions ['ros']
[0.849s] Level 1:colcon.colcon_core.package_identification:_identify(src/livox_ros2_driver) by extension 'ros'
[0.849s] Level 1:colcon.colcon_core.package_identification:_identify(src/livox_ros2_driver) by extensions ['cmake', 'python']
[0.849s] Level 1:colcon.colcon_core.package_identification:_identify(src/livox_ros2_driver) by extension 'cmake'
[0.849s] Level 1:colcon.colcon_core.package_identification:_identify(src/livox_ros2_driver) by extension 'python'
[0.849s] Level 1:colcon.colcon_core.package_identification:_identify(src/livox_ros2_driver) by extensions ['python_setup_py']
[0.849s] Level 1:colcon.colcon_core.package_identification:_identify(src/livox_ros2_driver) by extension 'python_setup_py'
[0.849s] Level 1:colcon.colcon_core.package_identification:_identify(src/livox_ros2_driver/images) by extensions ['ignore', 'ignore_ament_install']
[0.849s] Level 1:colcon.colcon_core.package_identification:_identify(src/livox_ros2_driver/images) by extension 'ignore'
[0.849s] Level 1:colcon.colcon_core.package_identification:_identify(src/livox_ros2_driver/images) by extension 'ignore_ament_install'
[0.850s] Level 1:colcon.colcon_core.package_identification:_identify(src/livox_ros2_driver/images) by extensions ['colcon_pkg']
[0.850s] Level 1:colcon.colcon_core.package_identification:_identify(src/livox_ros2_driver/images) by extension 'colcon_pkg'
[0.850s] Level 1:colcon.colcon_core.package_identification:_identify(src/livox_ros2_driver/images) by extensions ['colcon_meta']
[0.850s] Level 1:colcon.colcon_core.package_identification:_identify(src/livox_ros2_driver/images) by extension 'colcon_meta'
[0.850s] Level 1:colcon.colcon_core.package_identification:_identify(src/livox_ros2_driver/images) by extensions ['ros']
[0.850s] Level 1:colcon.colcon_core.package_identification:_identify(src/livox_ros2_driver/images) by extension 'ros'
[0.850s] Level 1:colcon.colcon_core.package_identification:_identify(src/livox_ros2_driver/images) by extensions ['cmake', 'python']
[0.850s] Level 1:colcon.colcon_core.package_identification:_identify(src/livox_ros2_driver/images) by extension 'cmake'
[0.850s] Level 1:colcon.colcon_core.package_identification:_identify(src/livox_ros2_driver/images) by extension 'python'
[0.850s] Level 1:colcon.colcon_core.package_identification:_identify(src/livox_ros2_driver/images) by extensions ['python_setup_py']
[0.850s] Level 1:colcon.colcon_core.package_identification:_identify(src/livox_ros2_driver/images) by extension 'python_setup_py'
[0.850s] Level 1:colcon.colcon_core.package_identification:_identify(src/livox_ros2_driver/livox_interfaces) by extensions ['ignore', 'ignore_ament_install']
[0.850s] Level 1:colcon.colcon_core.package_identification:_identify(src/livox_ros2_driver/livox_interfaces) by extension 'ignore'
[0.850s] Level 1:colcon.colcon_core.package_identification:_identify(src/livox_ros2_driver/livox_interfaces) by extension 'ignore_ament_install'
[0.850s] Level 1:colcon.colcon_core.package_identification:_identify(src/livox_ros2_driver/livox_interfaces) by extensions ['colcon_pkg']
[0.850s] Level 1:colcon.colcon_core.package_identification:_identify(src/livox_ros2_driver/livox_interfaces) by extension 'colcon_pkg'
[0.850s] Level 1:colcon.colcon_core.package_identification:_identify(src/livox_ros2_driver/livox_interfaces) by extensions ['colcon_meta']
[0.850s] Level 1:colcon.colcon_core.package_identification:_identify(src/livox_ros2_driver/livox_interfaces) by extension 'colcon_meta'
[0.850s] Level 1:colcon.colcon_core.package_identification:_identify(src/livox_ros2_driver/livox_interfaces) by extensions ['ros']
[0.850s] Level 1:colcon.colcon_core.package_identification:_identify(src/livox_ros2_driver/livox_interfaces) by extension 'ros'
[0.851s] DEBUG:colcon.colcon_core.package_identification:Package 'src/livox_ros2_driver/livox_interfaces' with type 'ros.ament_cmake' and name 'livox_interfaces'
[0.851s] Level 1:colcon.colcon_core.package_identification:_identify(src/livox_ros2_driver/livox_ros2_driver) by extensions ['ignore', 'ignore_ament_install']
[0.851s] Level 1:colcon.colcon_core.package_identification:_identify(src/livox_ros2_driver/livox_ros2_driver) by extension 'ignore'
[0.851s] Level 1:colcon.colcon_core.package_identification:_identify(src/livox_ros2_driver/livox_ros2_driver) by extension 'ignore_ament_install'
[0.851s] Level 1:colcon.colcon_core.package_identification:_identify(src/livox_ros2_driver/livox_ros2_driver) by extensions ['colcon_pkg']
[0.851s] Level 1:colcon.colcon_core.package_identification:_identify(src/livox_ros2_driver/livox_ros2_driver) by extension 'colcon_pkg'
[0.851s] Level 1:colcon.colcon_core.package_identification:_identify(src/livox_ros2_driver/livox_ros2_driver) by extensions ['colcon_meta']
[0.851s] Level 1:colcon.colcon_core.package_identification:_identify(src/livox_ros2_driver/livox_ros2_driver) by extension 'colcon_meta'
[0.851s] Level 1:colcon.colcon_core.package_identification:_identify(src/livox_ros2_driver/livox_ros2_driver) by extensions ['ros']
[0.851s] Level 1:colcon.colcon_core.package_identification:_identify(src/livox_ros2_driver/livox_ros2_driver) by extension 'ros'
[0.852s] DEBUG:colcon.colcon_core.package_identification:Package 'src/livox_ros2_driver/livox_ros2_driver' with type 'ros.ament_cmake' and name 'livox_ros2_driver'
[0.852s] Level 1:colcon.colcon_core.package_identification:_identify(src/livox_ros2_driver/livox_sdk_vendor) by extensions ['ignore', 'ignore_ament_install']
[0.852s] Level 1:colcon.colcon_core.package_identification:_identify(src/livox_ros2_driver/livox_sdk_vendor) by extension 'ignore'
[0.852s] Level 1:colcon.colcon_core.package_identification:_identify(src/livox_ros2_driver/livox_sdk_vendor) by extension 'ignore_ament_install'
[0.852s] Level 1:colcon.colcon_core.package_identification:_identify(src/livox_ros2_driver/livox_sdk_vendor) by extensions ['colcon_pkg']
[0.853s] Level 1:colcon.colcon_core.package_identification:_identify(src/livox_ros2_driver/livox_sdk_vendor) by extension 'colcon_pkg'
[0.853s] Level 1:colcon.colcon_core.package_identification:_identify(src/livox_ros2_driver/livox_sdk_vendor) by extensions ['colcon_meta']
[0.853s] Level 1:colcon.colcon_core.package_identification:_identify(src/livox_ros2_driver/livox_sdk_vendor) by extension 'colcon_meta'
[0.853s] Level 1:colcon.colcon_core.package_identification:_identify(src/livox_ros2_driver/livox_sdk_vendor) by extensions ['ros']
[0.853s] Level 1:colcon.colcon_core.package_identification:_identify(src/livox_ros2_driver/livox_sdk_vendor) by extension 'ros'
[0.853s] DEBUG:colcon.colcon_core.package_identification:Package 'src/livox_ros2_driver/livox_sdk_vendor' with type 'ros.ament_cmake' and name 'livox_sdk_vendor'
[0.853s] Level 1:colcon.colcon_core.package_discovery:discover_packages(recursive) using defaults
[0.853s] Level 1:colcon.colcon_core.package_discovery:discover_packages(ignore) discover
[0.853s] Level 1:colcon.colcon_core.package_discovery:discover_packages(ignore) using defaults
[0.853s] Level 1:colcon.colcon_core.package_discovery:discover_packages(path) discover
[0.853s] Level 1:colcon.colcon_core.package_discovery:discover_packages(path) using defaults
[0.928s] Level 1:colcon.colcon_core.package_discovery:discover_packages(prefix_path) check parameters
[0.928s] Level 1:colcon.colcon_core.package_discovery:discover_packages(prefix_path) discover
[0.952s] DEBUG:colcon.colcon_installed_package_information.package_discovery:Found 5 installed packages in /home/lx/ros2/ros/mid-70_ws/install
[0.965s] DEBUG:colcon.colcon_installed_package_information.package_discovery:Found 387 installed packages in /opt/ros/humble
[0.966s] Level 1:colcon.colcon_core.package_discovery:discover_packages(prefix_path) using defaults
[1.061s] Level 5:colcon.colcon_core.verb:set package 'fast_lio' build argument 'cmake_args' from command line to 'None'
[1.061s] Level 5:colcon.colcon_core.verb:set package 'fast_lio' build argument 'cmake_target' from command line to 'None'
[1.061s] Level 5:colcon.colcon_core.verb:set package 'fast_lio' build argument 'cmake_target_skip_unavailable' from command line to 'False'
[1.061s] Level 5:colcon.colcon_core.verb:set package 'fast_lio' build argument 'cmake_clean_cache' from command line to 'False'
[1.061s] Level 5:colcon.colcon_core.verb:set package 'fast_lio' build argument 'cmake_clean_first' from command line to 'False'
[1.061s] Level 5:colcon.colcon_core.verb:set package 'fast_lio' build argument 'cmake_force_configure' from command line to 'False'
[1.061s] Level 5:colcon.colcon_core.verb:set package 'fast_lio' build argument 'ament_cmake_args' from command line to 'None'
[1.061s] Level 5:colcon.colcon_core.verb:set package 'fast_lio' build argument 'catkin_cmake_args' from command line to 'None'
[1.061s] Level 5:colcon.colcon_core.verb:set package 'fast_lio' build argument 'catkin_skip_building_tests' from command line to 'False'
[1.061s] DEBUG:colcon.colcon_core.verb:Building package 'fast_lio' with the following arguments: {'ament_cmake_args': None, 'build_base': '/home/lx/ros2/ros/mid-70_ws/build/fast_lio', 'catkin_cmake_args': None, 'catkin_skip_building_tests': False, 'cmake_args': None, 'cmake_clean_cache': False, 'cmake_clean_first': False, 'cmake_force_configure': False, 'cmake_target': None, 'cmake_target_skip_unavailable': False, 'install_base': '/home/lx/ros2/ros/mid-70_ws/install/fast_lio', 'merge_install': False, 'path': '/home/lx/ros2/ros/mid-70_ws/src/FAST_LIO', 'symlink_install': False, 'test_result_base': None}
[1.074s] Level 5:colcon.colcon_core.verb:set package 'livox_interfaces' build argument 'cmake_args' from command line to 'None'
[1.074s] Level 5:colcon.colcon_core.verb:set package 'livox_interfaces' build argument 'cmake_target' from command line to 'None'
[1.074s] Level 5:colcon.colcon_core.verb:set package 'livox_interfaces' build argument 'cmake_target_skip_unavailable' from command line to 'False'
[1.074s] Level 5:colcon.colcon_core.verb:set package 'livox_interfaces' build argument 'cmake_clean_cache' from command line to 'False'
[1.074s] Level 5:colcon.colcon_core.verb:set package 'livox_interfaces' build argument 'cmake_clean_first' from command line to 'False'
[1.074s] Level 5:colcon.colcon_core.verb:set package 'livox_interfaces' build argument 'cmake_force_configure' from command line to 'False'
[1.074s] Level 5:colcon.colcon_core.verb:set package 'livox_interfaces' build argument 'ament_cmake_args' from command line to 'None'
[1.074s] Level 5:colcon.colcon_core.verb:set package 'livox_interfaces' build argument 'catkin_cmake_args' from command line to 'None'
[1.074s] Level 5:colcon.colcon_core.verb:set package 'livox_interfaces' build argument 'catkin_skip_building_tests' from command line to 'False'
[1.074s] DEBUG:colcon.colcon_core.verb:Building package 'livox_interfaces' with the following arguments: {'ament_cmake_args': None, 'build_base': '/home/lx/ros2/ros/mid-70_ws/build/livox_interfaces', 'catkin_cmake_args': None, 'catkin_skip_building_tests': False, 'cmake_args': None, 'cmake_clean_cache': False, 'cmake_clean_first': False, 'cmake_force_configure': False, 'cmake_target': None, 'cmake_target_skip_unavailable': False, 'install_base': '/home/lx/ros2/ros/mid-70_ws/install/livox_interfaces', 'merge_install': False, 'path': '/home/lx/ros2/ros/mid-70_ws/src/livox_ros2_driver/livox_interfaces', 'symlink_install': False, 'test_result_base': None}
[1.086s] Level 5:colcon.colcon_core.verb:set package 'livox_sdk_vendor' build argument 'cmake_args' from command line to 'None'
[1.086s] Level 5:colcon.colcon_core.verb:set package 'livox_sdk_vendor' build argument 'cmake_target' from command line to 'None'
[1.086s] Level 5:colcon.colcon_core.verb:set package 'livox_sdk_vendor' build argument 'cmake_target_skip_unavailable' from command line to 'False'
[1.086s] Level 5:colcon.colcon_core.verb:set package 'livox_sdk_vendor' build argument 'cmake_clean_cache' from command line to 'False'
[1.086s] Level 5:colcon.colcon_core.verb:set package 'livox_sdk_vendor' build argument 'cmake_clean_first' from command line to 'False'
[1.086s] Level 5:colcon.colcon_core.verb:set package 'livox_sdk_vendor' build argument 'cmake_force_configure' from command line to 'False'
[1.086s] Level 5:colcon.colcon_core.verb:set package 'livox_sdk_vendor' build argument 'ament_cmake_args' from command line to 'None'
[1.086s] Level 5:colcon.colcon_core.verb:set package 'livox_sdk_vendor' build argument 'catkin_cmake_args' from command line to 'None'
[1.086s] Level 5:colcon.colcon_core.verb:set package 'livox_sdk_vendor' build argument 'catkin_skip_building_tests' from command line to 'False'
[1.086s] DEBUG:colcon.colcon_core.verb:Building package 'livox_sdk_vendor' with the following arguments: {'ament_cmake_args': None, 'build_base': '/home/lx/ros2/ros/mid-70_ws/build/livox_sdk_vendor', 'catkin_cmake_args': None, 'catkin_skip_building_tests': False, 'cmake_args': None, 'cmake_clean_cache': False, 'cmake_clean_first': False, 'cmake_force_configure': False, 'cmake_target': None, 'cmake_target_skip_unavailable': False, 'install_base': '/home/lx/ros2/ros/mid-70_ws/install/livox_sdk_vendor', 'merge_install': False, 'path': '/home/lx/ros2/ros/mid-70_ws/src/livox_ros2_driver/livox_sdk_vendor', 'symlink_install': False, 'test_result_base': None}
[1.098s] Level 5:colcon.colcon_core.verb:set package 'livox_ros2_driver' build argument 'cmake_args' from command line to 'None'
[1.098s] Level 5:colcon.colcon_core.verb:set package 'livox_ros2_driver' build argument 'cmake_target' from command line to 'None'
[1.098s] Level 5:colcon.colcon_core.verb:set package 'livox_ros2_driver' build argument 'cmake_target_skip_unavailable' from command line to 'False'
[1.098s] Level 5:colcon.colcon_core.verb:set package 'livox_ros2_driver' build argument 'cmake_clean_cache' from command line to 'False'
[1.098s] Level 5:colcon.colcon_core.verb:set package 'livox_ros2_driver' build argument 'cmake_clean_first' from command line to 'False'
[1.098s] Level 5:colcon.colcon_core.verb:set package 'livox_ros2_driver' build argument 'cmake_force_configure' from command line to 'False'
[1.098s] Level 5:colcon.colcon_core.verb:set package 'livox_ros2_driver' build argument 'ament_cmake_args' from command line to 'None'
[1.098s] Level 5:colcon.colcon_core.verb:set package 'livox_ros2_driver' build argument 'catkin_cmake_args' from command line to 'None'
[1.098s] Level 5:colcon.colcon_core.verb:set package 'livox_ros2_driver' build argument 'catkin_skip_building_tests' from command line to 'False'
[1.098s] DEBUG:colcon.colcon_core.verb:Building package 'livox_ros2_driver' with the following arguments: {'ament_cmake_args': None, 'build_base': '/home/lx/ros2/ros/mid-70_ws/build/livox_ros2_driver', 'catkin_cmake_args': None, 'catkin_skip_building_tests': False, 'cmake_args': None, 'cmake_clean_cache': False, 'cmake_clean_first': False, 'cmake_force_configure': False, 'cmake_target': None, 'cmake_target_skip_unavailable': False, 'install_base': '/home/lx/ros2/ros/mid-70_ws/install/livox_ros2_driver', 'merge_install': False, 'path': '/home/lx/ros2/ros/mid-70_ws/src/livox_ros2_driver/livox_ros2_driver', 'symlink_install': False, 'test_result_base': None}
[1.110s] INFO:colcon.colcon_core.executor:Executing jobs using 'parallel' executor
[1.122s] DEBUG:colcon.colcon_parallel_executor.executor.parallel:run_until_complete
[1.122s] INFO:colcon.colcon_ros.task.ament_cmake.build:Building ROS package in '/home/lx/ros2/ros/mid-70_ws/src/livox_ros2_driver/livox_interfaces' with build type 'ament_cmake'
[1.122s] INFO:colcon.colcon_cmake.task.cmake.build:Building CMake package in '/home/lx/ros2/ros/mid-70_ws/src/livox_ros2_driver/livox_interfaces'
[1.136s] INFO:colcon.colcon_core.plugin_system:Skipping extension 'colcon_core.shell.bat': Not used on non-Windows systems
[1.137s] INFO:colcon.colcon_core.shell:Skip shell extension 'powershell' for command environment: Not usable outside of PowerShell
[1.137s] DEBUG:colcon.colcon_core.shell:Skip shell extension 'dsv' for command environment
[1.176s] INFO:colcon.colcon_ros.task.ament_cmake.build:Building ROS package in '/home/lx/ros2/ros/mid-70_ws/src/livox_ros2_driver/livox_sdk_vendor' with build type 'ament_cmake'
[1.176s] INFO:colcon.colcon_cmake.task.cmake.build:Building CMake package in '/home/lx/ros2/ros/mid-70_ws/src/livox_ros2_driver/livox_sdk_vendor'
[1.190s] INFO:colcon.colcon_core.shell:Skip shell extension 'powershell' for command environment: Not usable outside of PowerShell
[1.190s] DEBUG:colcon.colcon_core.shell:Skip shell extension 'dsv' for command environment
[1.228s] INFO:colcon.colcon_ros.task.ament_cmake.build:Building ROS package in '/home/lx/ros2/ros/mid-70_ws/src/FAST_LIO' with build type 'ament_cmake'
[1.228s] INFO:colcon.colcon_cmake.task.cmake.build:Building CMake package in '/home/lx/ros2/ros/mid-70_ws/src/FAST_LIO'
[1.241s] INFO:colcon.colcon_core.shell:Skip shell extension 'powershell' for command environment: Not usable outside of PowerShell
[1.241s] DEBUG:colcon.colcon_core.shell:Skip shell extension 'dsv' for command environment
[1.283s] DEBUG:colcon.colcon_core.event_handler.log_command:Invoking command in '/home/lx/ros2/ros/mid-70_ws/build/livox_interfaces': CMAKE_PREFIX_PATH=${CMAKE_PREFIX_PATH}:/opt/ros/humble /usr/bin/cmake --build /home/lx/ros2/ros/mid-70_ws/build/livox_interfaces -- -j12 -l12
[1.284s] DEBUG:colcon.colcon_core.event_handler.log_command:Invoking command in '/home/lx/ros2/ros/mid-70_ws/build/livox_sdk_vendor': CMAKE_PREFIX_PATH=${CMAKE_PREFIX_PATH}:/opt/ros/humble /usr/bin/cmake --build /home/lx/ros2/ros/mid-70_ws/build/livox_sdk_vendor -- -j12 -l12
[1.287s] DEBUG:colcon.colcon_core.event_handler.log_command:Invoking command in '/home/lx/ros2/ros/mid-70_ws/build/fast_lio': CMAKE_PREFIX_PATH=${CMAKE_PREFIX_PATH}:/opt/ros/humble /usr/bin/cmake /home/lx/ros2/ros/mid-70_ws/src/FAST_LIO -DCMAKE_INSTALL_PREFIX=/home/lx/ros2/ros/mid-70_ws/install/fast_lio
[1.310s] DEBUG:colcon.colcon_core.event_handler.log_command:Invoked command in '/home/lx/ros2/ros/mid-70_ws/build/livox_sdk_vendor' returned '0': CMAKE_PREFIX_PATH=${CMAKE_PREFIX_PATH}:/opt/ros/humble /usr/bin/cmake --build /home/lx/ros2/ros/mid-70_ws/build/livox_sdk_vendor -- -j12 -l12
[1.337s] DEBUG:colcon.colcon_core.event_handler.log_command:Invoking command in '/home/lx/ros2/ros/mid-70_ws/build/livox_sdk_vendor': CMAKE_PREFIX_PATH=${CMAKE_PREFIX_PATH}:/opt/ros/humble /usr/bin/cmake --install /home/lx/ros2/ros/mid-70_ws/build/livox_sdk_vendor
[1.353s] Level 1:colcon.colcon_core.environment:create_environment_scripts_only(livox_sdk_vendor)
[1.353s] DEBUG:colcon.colcon_core.event_handler.log_command:Invoked command in '/home/lx/ros2/ros/mid-70_ws/build/livox_sdk_vendor' returned '0': CMAKE_PREFIX_PATH=${CMAKE_PREFIX_PATH}:/opt/ros/humble /usr/bin/cmake --install /home/lx/ros2/ros/mid-70_ws/build/livox_sdk_vendor
[1.379s] Level 1:colcon.colcon_core.environment:checking '/home/lx/ros2/ros/mid-70_ws/install/livox_sdk_vendor' for CMake module files
[1.379s] Level 1:colcon.colcon_core.environment:checking '/home/lx/ros2/ros/mid-70_ws/install/livox_sdk_vendor' for CMake config files
[1.380s] Level 1:colcon.colcon_core.shell:create_environment_hook('livox_sdk_vendor', 'cmake_prefix_path')
[1.402s] INFO:colcon.colcon_core.shell:Creating environment hook '/home/lx/ros2/ros/mid-70_ws/install/livox_sdk_vendor/share/livox_sdk_vendor/hook/cmake_prefix_path.ps1'
[1.403s] INFO:colcon.colcon_core.shell:Creating environment descriptor '/home/lx/ros2/ros/mid-70_ws/install/livox_sdk_vendor/share/livox_sdk_vendor/hook/cmake_prefix_path.dsv'
[1.404s] INFO:colcon.colcon_core.shell:Creating environment hook '/home/lx/ros2/ros/mid-70_ws/install/livox_sdk_vendor/share/livox_sdk_vendor/hook/cmake_prefix_path.sh'
[1.405s] Level 1:colcon.colcon_core.environment:checking '/home/lx/ros2/ros/mid-70_ws/install/livox_sdk_vendor/bin'
[1.405s] Level 1:colcon.colcon_core.environment:checking '/home/lx/ros2/ros/mid-70_ws/install/livox_sdk_vendor/lib/pkgconfig/livox_sdk_vendor.pc'
[1.405s] Level 1:colcon.colcon_core.environment:checking '/home/lx/ros2/ros/mid-70_ws/install/livox_sdk_vendor/lib/python3.10/site-packages'
[1.406s] Level 1:colcon.colcon_core.environment:checking '/home/lx/ros2/ros/mid-70_ws/install/livox_sdk_vendor/bin'
[1.422s] INFO:colcon.colcon_core.shell:Creating package script '/home/lx/ros2/ros/mid-70_ws/install/livox_sdk_vendor/share/livox_sdk_vendor/package.ps1'
[1.422s] INFO:colcon.colcon_core.shell:Creating package descriptor '/home/lx/ros2/ros/mid-70_ws/install/livox_sdk_vendor/share/livox_sdk_vendor/package.dsv'
[1.423s] INFO:colcon.colcon_core.shell:Creating package script '/home/lx/ros2/ros/mid-70_ws/install/livox_sdk_vendor/share/livox_sdk_vendor/package.sh'
[1.423s] INFO:colcon.colcon_core.shell:Creating package script '/home/lx/ros2/ros/mid-70_ws/install/livox_sdk_vendor/share/livox_sdk_vendor/package.bash'
[1.424s] INFO:colcon.colcon_core.shell:Creating package script '/home/lx/ros2/ros/mid-70_ws/install/livox_sdk_vendor/share/livox_sdk_vendor/package.zsh'
[1.425s] Level 1:colcon.colcon_core.environment:create_file_with_runtime_dependencies(/home/lx/ros2/ros/mid-70_ws/install/livox_sdk_vendor/share/colcon-core/packages/livox_sdk_vendor)
[1.462s] Level 1:colcon.colcon_core.environment:create_environment_scripts_only(livox_sdk_vendor)
[1.483s] Level 1:colcon.colcon_core.environment:checking '/home/lx/ros2/ros/mid-70_ws/install/livox_sdk_vendor' for CMake module files
[1.484s] Level 1:colcon.colcon_core.environment:checking '/home/lx/ros2/ros/mid-70_ws/install/livox_sdk_vendor' for CMake config files
[1.484s] Level 1:colcon.colcon_core.shell:create_environment_hook('livox_sdk_vendor', 'cmake_prefix_path')
[1.500s] INFO:colcon.colcon_core.shell:Creating environment hook '/home/lx/ros2/ros/mid-70_ws/install/livox_sdk_vendor/share/livox_sdk_vendor/hook/cmake_prefix_path.ps1'
[1.501s] INFO:colcon.colcon_core.shell:Creating environment descriptor '/home/lx/ros2/ros/mid-70_ws/install/livox_sdk_vendor/share/livox_sdk_vendor/hook/cmake_prefix_path.dsv'
[1.501s] INFO:colcon.colcon_core.shell:Creating environment hook '/home/lx/ros2/ros/mid-70_ws/install/livox_sdk_vendor/share/livox_sdk_vendor/hook/cmake_prefix_path.sh'
[1.501s] Level 1:colcon.colcon_core.environment:checking '/home/lx/ros2/ros/mid-70_ws/install/livox_sdk_vendor/bin'
[1.502s] Level 1:colcon.colcon_core.environment:checking '/home/lx/ros2/ros/mid-70_ws/install/livox_sdk_vendor/lib/pkgconfig/livox_sdk_vendor.pc'
[1.502s] Level 1:colcon.colcon_core.environment:checking '/home/lx/ros2/ros/mid-70_ws/install/livox_sdk_vendor/lib/python3.10/site-packages'
[1.502s] Level 1:colcon.colcon_core.environment:checking '/home/lx/ros2/ros/mid-70_ws/install/livox_sdk_vendor/bin'
[1.514s] INFO:colcon.colcon_core.shell:Creating package script '/home/lx/ros2/ros/mid-70_ws/install/livox_sdk_vendor/share/livox_sdk_vendor/package.ps1'
[1.515s] INFO:colcon.colcon_core.shell:Creating package descriptor '/home/lx/ros2/ros/mid-70_ws/install/livox_sdk_vendor/share/livox_sdk_vendor/package.dsv'
[1.515s] INFO:colcon.colcon_core.shell:Creating package script '/home/lx/ros2/ros/mid-70_ws/install/livox_sdk_vendor/share/livox_sdk_vendor/package.sh'
[1.516s] INFO:colcon.colcon_core.shell:Creating package script '/home/lx/ros2/ros/mid-70_ws/install/livox_sdk_vendor/share/livox_sdk_vendor/package.bash'
[1.516s] INFO:colcon.colcon_core.shell:Creating package script '/home/lx/ros2/ros/mid-70_ws/install/livox_sdk_vendor/share/livox_sdk_vendor/package.zsh'
[1.516s] Level 1:colcon.colcon_core.environment:create_file_with_runtime_dependencies(/home/lx/ros2/ros/mid-70_ws/install/livox_sdk_vendor/share/colcon-core/packages/livox_sdk_vendor)
[1.595s] DEBUG:colcon.colcon_core.event_handler.log_command:Invoked command in '/home/lx/ros2/ros/mid-70_ws/build/livox_interfaces' returned '0': CMAKE_PREFIX_PATH=${CMAKE_PREFIX_PATH}:/opt/ros/humble /usr/bin/cmake --build /home/lx/ros2/ros/mid-70_ws/build/livox_interfaces -- -j12 -l12
[1.643s] DEBUG:colcon.colcon_core.event_handler.log_command:Invoking command in '/home/lx/ros2/ros/mid-70_ws/build/livox_interfaces': CMAKE_PREFIX_PATH=${CMAKE_PREFIX_PATH}:/opt/ros/humble /usr/bin/cmake --install /home/lx/ros2/ros/mid-70_ws/build/livox_interfaces
[1.681s] Level 1:colcon.colcon_core.environment:create_environment_scripts_only(livox_interfaces)
[1.681s] DEBUG:colcon.colcon_core.event_handler.log_command:Invoked command in '/home/lx/ros2/ros/mid-70_ws/build/livox_interfaces' returned '0': CMAKE_PREFIX_PATH=${CMAKE_PREFIX_PATH}:/opt/ros/humble /usr/bin/cmake --install /home/lx/ros2/ros/mid-70_ws/build/livox_interfaces
[1.702s] Level 1:colcon.colcon_core.environment:checking '/home/lx/ros2/ros/mid-70_ws/install/livox_interfaces' for CMake module files
[1.703s] Level 1:colcon.colcon_core.environment:checking '/home/lx/ros2/ros/mid-70_ws/install/livox_interfaces' for CMake config files
[1.703s] Level 1:colcon.colcon_core.shell:create_environment_hook('livox_interfaces', 'cmake_prefix_path')
[1.722s] INFO:colcon.colcon_core.shell:Creating environment hook '/home/lx/ros2/ros/mid-70_ws/install/livox_interfaces/share/livox_interfaces/hook/cmake_prefix_path.ps1'
[1.723s] INFO:colcon.colcon_core.shell:Creating environment descriptor '/home/lx/ros2/ros/mid-70_ws/install/livox_interfaces/share/livox_interfaces/hook/cmake_prefix_path.dsv'
[1.723s] INFO:colcon.colcon_core.shell:Creating environment hook '/home/lx/ros2/ros/mid-70_ws/install/livox_interfaces/share/livox_interfaces/hook/cmake_prefix_path.sh'
[1.723s] Level 1:colcon.colcon_core.environment:checking '/home/lx/ros2/ros/mid-70_ws/install/livox_interfaces/lib'
[1.723s] Level 1:colcon.colcon_core.shell:create_environment_hook('livox_interfaces', 'ld_library_path_lib')
[1.735s] INFO:colcon.colcon_core.shell:Creating environment hook '/home/lx/ros2/ros/mid-70_ws/install/livox_interfaces/share/livox_interfaces/hook/ld_library_path_lib.ps1'
[1.736s] INFO:colcon.colcon_core.shell:Creating environment descriptor '/home/lx/ros2/ros/mid-70_ws/install/livox_interfaces/share/livox_interfaces/hook/ld_library_path_lib.dsv'
[1.736s] INFO:colcon.colcon_core.shell:Creating environment hook '/home/lx/ros2/ros/mid-70_ws/install/livox_interfaces/share/livox_interfaces/hook/ld_library_path_lib.sh'
[1.736s] Level 1:colcon.colcon_core.environment:checking '/home/lx/ros2/ros/mid-70_ws/install/livox_interfaces/bin'
[1.736s] Level 1:colcon.colcon_core.environment:checking '/home/lx/ros2/ros/mid-70_ws/install/livox_interfaces/lib/pkgconfig/livox_interfaces.pc'
[1.736s] Level 1:colcon.colcon_core.environment:checking '/home/lx/ros2/ros/mid-70_ws/install/livox_interfaces/lib/python3.10/site-packages'
[1.736s] Level 1:colcon.colcon_core.environment:checking '/home/lx/ros2/ros/mid-70_ws/install/livox_interfaces/bin'
[1.748s] INFO:colcon.colcon_core.shell:Creating package script '/home/lx/ros2/ros/mid-70_ws/install/livox_interfaces/share/livox_interfaces/package.ps1'
[1.749s] INFO:colcon.colcon_core.shell:Creating package descriptor '/home/lx/ros2/ros/mid-70_ws/install/livox_interfaces/share/livox_interfaces/package.dsv'
[1.749s] INFO:colcon.colcon_core.shell:Creating package script '/home/lx/ros2/ros/mid-70_ws/install/livox_interfaces/share/livox_interfaces/package.sh'
[1.749s] INFO:colcon.colcon_core.shell:Creating package script '/home/lx/ros2/ros/mid-70_ws/install/livox_interfaces/share/livox_interfaces/package.bash'
[1.749s] INFO:colcon.colcon_core.shell:Creating package script '/home/lx/ros2/ros/mid-70_ws/install/livox_interfaces/share/livox_interfaces/package.zsh'
[1.750s] Level 1:colcon.colcon_core.environment:create_file_with_runtime_dependencies(/home/lx/ros2/ros/mid-70_ws/install/livox_interfaces/share/colcon-core/packages/livox_interfaces)
[1.808s] Level 1:colcon.colcon_core.environment:create_environment_scripts_only(livox_interfaces)
[1.820s] Level 1:colcon.colcon_core.environment:checking '/home/lx/ros2/ros/mid-70_ws/install/livox_interfaces' for CMake module files
[1.821s] Level 1:colcon.colcon_core.environment:checking '/home/lx/ros2/ros/mid-70_ws/install/livox_interfaces' for CMake config files
[1.821s] Level 1:colcon.colcon_core.shell:create_environment_hook('livox_interfaces', 'cmake_prefix_path')
[1.834s] INFO:colcon.colcon_core.shell:Creating environment hook '/home/lx/ros2/ros/mid-70_ws/install/livox_interfaces/share/livox_interfaces/hook/cmake_prefix_path.ps1'
[1.834s] INFO:colcon.colcon_core.shell:Creating environment descriptor '/home/lx/ros2/ros/mid-70_ws/install/livox_interfaces/share/livox_interfaces/hook/cmake_prefix_path.dsv'
[1.834s] INFO:colcon.colcon_core.shell:Creating environment hook '/home/lx/ros2/ros/mid-70_ws/install/livox_interfaces/share/livox_interfaces/hook/cmake_prefix_path.sh'
[1.835s] Level 1:colcon.colcon_core.environment:checking '/home/lx/ros2/ros/mid-70_ws/install/livox_interfaces/lib'
[1.835s] Level 1:colcon.colcon_core.shell:create_environment_hook('livox_interfaces', 'ld_library_path_lib')
[1.848s] INFO:colcon.colcon_core.shell:Creating environment hook '/home/lx/ros2/ros/mid-70_ws/install/livox_interfaces/share/livox_interfaces/hook/ld_library_path_lib.ps1'
[1.849s] INFO:colcon.colcon_core.shell:Creating environment descriptor '/home/lx/ros2/ros/mid-70_ws/install/livox_interfaces/share/livox_interfaces/hook/ld_library_path_lib.dsv'
[1.849s] INFO:colcon.colcon_core.shell:Creating environment hook '/home/lx/ros2/ros/mid-70_ws/install/livox_interfaces/share/livox_interfaces/hook/ld_library_path_lib.sh'
[1.849s] Level 1:colcon.colcon_core.environment:checking '/home/lx/ros2/ros/mid-70_ws/install/livox_interfaces/bin'
[1.849s] Level 1:colcon.colcon_core.environment:checking '/home/lx/ros2/ros/mid-70_ws/install/livox_interfaces/lib/pkgconfig/livox_interfaces.pc'
[1.850s] Level 1:colcon.colcon_core.environment:checking '/home/lx/ros2/ros/mid-70_ws/install/livox_interfaces/lib/python3.10/site-packages'
[1.850s] Level 1:colcon.colcon_core.environment:checking '/home/lx/ros2/ros/mid-70_ws/install/livox_interfaces/bin'
[1.865s] INFO:colcon.colcon_core.shell:Creating package script '/home/lx/ros2/ros/mid-70_ws/install/livox_interfaces/share/livox_interfaces/package.ps1'
[1.866s] INFO:colcon.colcon_core.shell:Creating package descriptor '/home/lx/ros2/ros/mid-70_ws/install/livox_interfaces/share/livox_interfaces/package.dsv'
[1.866s] INFO:colcon.colcon_core.shell:Creating package script '/home/lx/ros2/ros/mid-70_ws/install/livox_interfaces/share/livox_interfaces/package.sh'
[1.867s] INFO:colcon.colcon_core.shell:Creating package script '/home/lx/ros2/ros/mid-70_ws/install/livox_interfaces/share/livox_interfaces/package.bash'
[1.867s] INFO:colcon.colcon_core.shell:Creating package script '/home/lx/ros2/ros/mid-70_ws/install/livox_interfaces/share/livox_interfaces/package.zsh'
[1.867s] Level 1:colcon.colcon_core.environment:create_file_with_runtime_dependencies(/home/lx/ros2/ros/mid-70_ws/install/livox_interfaces/share/colcon-core/packages/livox_interfaces)
[1.868s] INFO:colcon.colcon_ros.task.ament_cmake.build:Building ROS package in '/home/lx/ros2/ros/mid-70_ws/src/livox_ros2_driver/livox_ros2_driver' with build type 'ament_cmake'
[1.868s] INFO:colcon.colcon_cmake.task.cmake.build:Building CMake package in '/home/lx/ros2/ros/mid-70_ws/src/livox_ros2_driver/livox_ros2_driver'
[1.881s] INFO:colcon.colcon_core.shell:Skip shell extension 'powershell' for command environment: Not usable outside of PowerShell
[1.881s] DEBUG:colcon.colcon_core.shell:Skip shell extension 'dsv' for command environment
[1.925s] DEBUG:colcon.colcon_core.event_handler.log_command:Invoking command in '/home/lx/ros2/ros/mid-70_ws/build/livox_ros2_driver': CMAKE_PREFIX_PATH=/home/lx/ros2/ros/mid-70_ws/install/livox_sdk_vendor:/home/lx/ros2/ros/mid-70_ws/install/livox_interfaces:/home/lx/ros2/ros/mid-70_ws/install/livox_ros2_driver:/opt/ros/humble LD_LIBRARY_PATH=/home/lx/ros2/ros/mid-70_ws/install/livox_interfaces/lib:/home/lx/ros2/ros/mid-70_ws/install/livox_ros2_driver/lib:/usr/lib/x86_64-linux-gnu/gazebo-11/plugins:/opt/ros/humble/opt/rviz_ogre_vendor/lib:/opt/ros/humble/lib/x86_64-linux-gnu:/opt/ros/humble/lib /usr/bin/cmake --build /home/lx/ros2/ros/mid-70_ws/build/livox_ros2_driver -- -j12 -l12
[1.983s] DEBUG:colcon.colcon_core.event_handler.log_command:Invoked command in '/home/lx/ros2/ros/mid-70_ws/build/livox_ros2_driver' returned '0': CMAKE_PREFIX_PATH=/home/lx/ros2/ros/mid-70_ws/install/livox_sdk_vendor:/home/lx/ros2/ros/mid-70_ws/install/livox_interfaces:/home/lx/ros2/ros/mid-70_ws/install/livox_ros2_driver:/opt/ros/humble LD_LIBRARY_PATH=/home/lx/ros2/ros/mid-70_ws/install/livox_interfaces/lib:/home/lx/ros2/ros/mid-70_ws/install/livox_ros2_driver/lib:/usr/lib/x86_64-linux-gnu/gazebo-11/plugins:/opt/ros/humble/opt/rviz_ogre_vendor/lib:/opt/ros/humble/lib/x86_64-linux-gnu:/opt/ros/humble/lib /usr/bin/cmake --build /home/lx/ros2/ros/mid-70_ws/build/livox_ros2_driver -- -j12 -l12
[2.019s] DEBUG:colcon.colcon_core.event_handler.log_command:Invoking command in '/home/lx/ros2/ros/mid-70_ws/build/livox_ros2_driver': CMAKE_PREFIX_PATH=/home/lx/ros2/ros/mid-70_ws/install/livox_sdk_vendor:/home/lx/ros2/ros/mid-70_ws/install/livox_interfaces:/home/lx/ros2/ros/mid-70_ws/install/livox_ros2_driver:/opt/ros/humble LD_LIBRARY_PATH=/home/lx/ros2/ros/mid-70_ws/install/livox_interfaces/lib:/home/lx/ros2/ros/mid-70_ws/install/livox_ros2_driver/lib:/usr/lib/x86_64-linux-gnu/gazebo-11/plugins:/opt/ros/humble/opt/rviz_ogre_vendor/lib:/opt/ros/humble/lib/x86_64-linux-gnu:/opt/ros/humble/lib /usr/bin/cmake --install /home/lx/ros2/ros/mid-70_ws/build/livox_ros2_driver
[2.026s] Level 1:colcon.colcon_core.environment:create_environment_scripts_only(livox_ros2_driver)
[2.032s] DEBUG:colcon.colcon_core.event_handler.log_command:Invoked command in '/home/lx/ros2/ros/mid-70_ws/build/livox_ros2_driver' returned '0': CMAKE_PREFIX_PATH=/home/lx/ros2/ros/mid-70_ws/install/livox_sdk_vendor:/home/lx/ros2/ros/mid-70_ws/install/livox_interfaces:/home/lx/ros2/ros/mid-70_ws/install/livox_ros2_driver:/opt/ros/humble LD_LIBRARY_PATH=/home/lx/ros2/ros/mid-70_ws/install/livox_interfaces/lib:/home/lx/ros2/ros/mid-70_ws/install/livox_ros2_driver/lib:/usr/lib/x86_64-linux-gnu/gazebo-11/plugins:/opt/ros/humble/opt/rviz_ogre_vendor/lib:/opt/ros/humble/lib/x86_64-linux-gnu:/opt/ros/humble/lib /usr/bin/cmake --install /home/lx/ros2/ros/mid-70_ws/build/livox_ros2_driver
[2.042s] Level 1:colcon.colcon_core.environment:checking '/home/lx/ros2/ros/mid-70_ws/install/livox_ros2_driver' for CMake module files
[2.043s] Level 1:colcon.colcon_core.environment:checking '/home/lx/ros2/ros/mid-70_ws/install/livox_ros2_driver' for CMake config files
[2.043s] Level 1:colcon.colcon_core.shell:create_environment_hook('livox_ros2_driver', 'cmake_prefix_path')
[2.055s] INFO:colcon.colcon_core.shell:Creating environment hook '/home/lx/ros2/ros/mid-70_ws/install/livox_ros2_driver/share/livox_ros2_driver/hook/cmake_prefix_path.ps1'
[2.055s] INFO:colcon.colcon_core.shell:Creating environment descriptor '/home/lx/ros2/ros/mid-70_ws/install/livox_ros2_driver/share/livox_ros2_driver/hook/cmake_prefix_path.dsv'
[2.056s] INFO:colcon.colcon_core.shell:Creating environment hook '/home/lx/ros2/ros/mid-70_ws/install/livox_ros2_driver/share/livox_ros2_driver/hook/cmake_prefix_path.sh'
[2.056s] Level 1:colcon.colcon_core.environment:checking '/home/lx/ros2/ros/mid-70_ws/install/livox_ros2_driver/lib'
[2.056s] Level 1:colcon.colcon_core.shell:create_environment_hook('livox_ros2_driver', 'ld_library_path_lib')
[2.068s] INFO:colcon.colcon_core.shell:Creating environment hook '/home/lx/ros2/ros/mid-70_ws/install/livox_ros2_driver/share/livox_ros2_driver/hook/ld_library_path_lib.ps1'
[2.068s] INFO:colcon.colcon_core.shell:Creating environment descriptor '/home/lx/ros2/ros/mid-70_ws/install/livox_ros2_driver/share/livox_ros2_driver/hook/ld_library_path_lib.dsv'
[2.069s] INFO:colcon.colcon_core.shell:Creating environment hook '/home/lx/ros2/ros/mid-70_ws/install/livox_ros2_driver/share/livox_ros2_driver/hook/ld_library_path_lib.sh'
[2.069s] Level 1:colcon.colcon_core.environment:checking '/home/lx/ros2/ros/mid-70_ws/install/livox_ros2_driver/bin'
[2.069s] Level 1:colcon.colcon_core.environment:checking '/home/lx/ros2/ros/mid-70_ws/install/livox_ros2_driver/lib/pkgconfig/livox_ros2_driver.pc'
[2.069s] Level 1:colcon.colcon_core.environment:checking '/home/lx/ros2/ros/mid-70_ws/install/livox_ros2_driver/lib/python3.10/site-packages'
[2.069s] Level 1:colcon.colcon_core.environment:checking '/home/lx/ros2/ros/mid-70_ws/install/livox_ros2_driver/bin'
[2.081s] INFO:colcon.colcon_core.shell:Creating package script '/home/lx/ros2/ros/mid-70_ws/install/livox_ros2_driver/share/livox_ros2_driver/package.ps1'
[2.082s] INFO:colcon.colcon_core.shell:Creating package descriptor '/home/lx/ros2/ros/mid-70_ws/install/livox_ros2_driver/share/livox_ros2_driver/package.dsv'
[2.082s] INFO:colcon.colcon_core.shell:Creating package script '/home/lx/ros2/ros/mid-70_ws/install/livox_ros2_driver/share/livox_ros2_driver/package.sh'
[2.082s] INFO:colcon.colcon_core.shell:Creating package script '/home/lx/ros2/ros/mid-70_ws/install/livox_ros2_driver/share/livox_ros2_driver/package.bash'
[2.082s] INFO:colcon.colcon_core.shell:Creating package script '/home/lx/ros2/ros/mid-70_ws/install/livox_ros2_driver/share/livox_ros2_driver/package.zsh'
[2.083s] Level 1:colcon.colcon_core.environment:create_file_with_runtime_dependencies(/home/lx/ros2/ros/mid-70_ws/install/livox_ros2_driver/share/colcon-core/packages/livox_ros2_driver)
[2.129s] Level 1:colcon.colcon_core.environment:create_environment_scripts_only(livox_ros2_driver)
[2.141s] Level 1:colcon.colcon_core.environment:checking '/home/lx/ros2/ros/mid-70_ws/install/livox_ros2_driver' for CMake module files
[2.142s] Level 1:colcon.colcon_core.environment:checking '/home/lx/ros2/ros/mid-70_ws/install/livox_ros2_driver' for CMake config files
[2.142s] Level 1:colcon.colcon_core.shell:create_environment_hook('livox_ros2_driver', 'cmake_prefix_path')
[2.154s] INFO:colcon.colcon_core.shell:Creating environment hook '/home/lx/ros2/ros/mid-70_ws/install/livox_ros2_driver/share/livox_ros2_driver/hook/cmake_prefix_path.ps1'
[2.155s] INFO:colcon.colcon_core.shell:Creating environment descriptor '/home/lx/ros2/ros/mid-70_ws/install/livox_ros2_driver/share/livox_ros2_driver/hook/cmake_prefix_path.dsv'
[2.155s] INFO:colcon.colcon_core.shell:Creating environment hook '/home/lx/ros2/ros/mid-70_ws/install/livox_ros2_driver/share/livox_ros2_driver/hook/cmake_prefix_path.sh'
[2.155s] Level 1:colcon.colcon_core.environment:checking '/home/lx/ros2/ros/mid-70_ws/install/livox_ros2_driver/lib'
[2.155s] Level 1:colcon.colcon_core.shell:create_environment_hook('livox_ros2_driver', 'ld_library_path_lib')
[2.172s] INFO:colcon.colcon_core.shell:Creating environment hook '/home/lx/ros2/ros/mid-70_ws/install/livox_ros2_driver/share/livox_ros2_driver/hook/ld_library_path_lib.ps1'
[2.173s] INFO:colcon.colcon_core.shell:Creating environment descriptor '/home/lx/ros2/ros/mid-70_ws/install/livox_ros2_driver/share/livox_ros2_driver/hook/ld_library_path_lib.dsv'
[2.173s] INFO:colcon.colcon_core.shell:Creating environment hook '/home/lx/ros2/ros/mid-70_ws/install/livox_ros2_driver/share/livox_ros2_driver/hook/ld_library_path_lib.sh'
[2.173s] Level 1:colcon.colcon_core.environment:checking '/home/lx/ros2/ros/mid-70_ws/install/livox_ros2_driver/bin'
[2.173s] Level 1:colcon.colcon_core.environment:checking '/home/lx/ros2/ros/mid-70_ws/install/livox_ros2_driver/lib/pkgconfig/livox_ros2_driver.pc'
[2.173s] Level 1:colcon.colcon_core.environment:checking '/home/lx/ros2/ros/mid-70_ws/install/livox_ros2_driver/lib/python3.10/site-packages'
[2.173s] Level 1:colcon.colcon_core.environment:checking '/home/lx/ros2/ros/mid-70_ws/install/livox_ros2_driver/bin'
[2.186s] INFO:colcon.colcon_core.shell:Creating package script '/home/lx/ros2/ros/mid-70_ws/install/livox_ros2_driver/share/livox_ros2_driver/package.ps1'
[2.186s] INFO:colcon.colcon_core.shell:Creating package descriptor '/home/lx/ros2/ros/mid-70_ws/install/livox_ros2_driver/share/livox_ros2_driver/package.dsv'
[2.187s] INFO:colcon.colcon_core.shell:Creating package script '/home/lx/ros2/ros/mid-70_ws/install/livox_ros2_driver/share/livox_ros2_driver/package.sh'
[2.187s] INFO:colcon.colcon_core.shell:Creating package script '/home/lx/ros2/ros/mid-70_ws/install/livox_ros2_driver/share/livox_ros2_driver/package.bash'
[2.187s] INFO:colcon.colcon_core.shell:Creating package script '/home/lx/ros2/ros/mid-70_ws/install/livox_ros2_driver/share/livox_ros2_driver/package.zsh'
[2.188s] Level 1:colcon.colcon_core.environment:create_file_with_runtime_dependencies(/home/lx/ros2/ros/mid-70_ws/install/livox_ros2_driver/share/colcon-core/packages/livox_ros2_driver)
[4.451s] DEBUG:colcon.colcon_core.event_handler.log_command:Invoked command in '/home/lx/ros2/ros/mid-70_ws/build/fast_lio' returned '1': CMAKE_PREFIX_PATH=${CMAKE_PREFIX_PATH}:/opt/ros/humble /usr/bin/cmake /home/lx/ros2/ros/mid-70_ws/src/FAST_LIO -DCMAKE_INSTALL_PREFIX=/home/lx/ros2/ros/mid-70_ws/install/fast_lio
[4.461s] Level 1:colcon.colcon_core.environment:create_environment_scripts_only(fast_lio)
[4.475s] Level 1:colcon.colcon_core.environment:checking '/home/lx/ros2/ros/mid-70_ws/install/fast_lio' for CMake module files
[4.475s] Level 1:colcon.colcon_core.environment:checking '/home/lx/ros2/ros/mid-70_ws/install/fast_lio' for CMake config files
[4.475s] Level 1:colcon.colcon_core.environment:checking '/home/lx/ros2/ros/mid-70_ws/install/fast_lio/bin'
[4.475s] Level 1:colcon.colcon_core.environment:checking '/home/lx/ros2/ros/mid-70_ws/install/fast_lio/lib/pkgconfig/fast_lio.pc'
[4.476s] Level 1:colcon.colcon_core.environment:checking '/home/lx/ros2/ros/mid-70_ws/install/fast_lio/lib/python3.10/site-packages'
[4.476s] Level 1:colcon.colcon_core.environment:checking '/home/lx/ros2/ros/mid-70_ws/install/fast_lio/bin'
[4.488s] INFO:colcon.colcon_core.shell:Creating package script '/home/lx/ros2/ros/mid-70_ws/install/fast_lio/share/fast_lio/package.ps1'
[4.488s] INFO:colcon.colcon_core.shell:Creating package descriptor '/home/lx/ros2/ros/mid-70_ws/install/fast_lio/share/fast_lio/package.dsv'
[4.489s] INFO:colcon.colcon_core.shell:Creating package script '/home/lx/ros2/ros/mid-70_ws/install/fast_lio/share/fast_lio/package.sh'
[4.489s] INFO:colcon.colcon_core.shell:Creating package script '/home/lx/ros2/ros/mid-70_ws/install/fast_lio/share/fast_lio/package.bash'
[4.489s] INFO:colcon.colcon_core.shell:Creating package script '/home/lx/ros2/ros/mid-70_ws/install/fast_lio/share/fast_lio/package.zsh'
[4.489s] Level 1:colcon.colcon_core.environment:create_file_with_runtime_dependencies(/home/lx/ros2/ros/mid-70_ws/install/fast_lio/share/colcon-core/packages/fast_lio)
[4.500s] DEBUG:colcon.colcon_parallel_executor.executor.parallel:closing loop
[4.500s] DEBUG:colcon.colcon_parallel_executor.executor.parallel:loop closed
[4.500s] DEBUG:colcon.colcon_parallel_executor.executor.parallel:run_until_complete finished with '1'
[4.500s] DEBUG:colcon.colcon_core.event_reactor:joining thread
[4.516s] INFO:colcon.colcon_core.plugin_system:Skipping extension 'colcon_notification.desktop_notification.terminal_notifier': Not used on non-Darwin systems
[4.516s] INFO:colcon.colcon_core.plugin_system:Skipping extension 'colcon_notification.desktop_notification.win32': Not used on non-Windows systems
[4.516s] INFO:colcon.colcon_notification.desktop_notification:Sending desktop notification using 'notify2'
[4.525s] DEBUG:colcon.colcon_core.event_reactor:joined thread
[4.538s] INFO:colcon.colcon_core.shell:Creating prefix script '/home/lx/ros2/ros/mid-70_ws/install/local_setup.ps1'
[4.539s] INFO:colcon.colcon_core.shell:Creating prefix util module '/home/lx/ros2/ros/mid-70_ws/install/_local_setup_util_ps1.py'
[4.539s] INFO:colcon.colcon_core.shell:Creating prefix chain script '/home/lx/ros2/ros/mid-70_ws/install/setup.ps1'
[4.553s] INFO:colcon.colcon_core.shell:Creating prefix script '/home/lx/ros2/ros/mid-70_ws/install/local_setup.sh'
[4.553s] INFO:colcon.colcon_core.shell:Creating prefix util module '/home/lx/ros2/ros/mid-70_ws/install/_local_setup_util_sh.py'
[4.554s] INFO:colcon.colcon_core.shell:Creating prefix chain script '/home/lx/ros2/ros/mid-70_ws/install/setup.sh'
[4.566s] INFO:colcon.colcon_core.shell:Creating prefix script '/home/lx/ros2/ros/mid-70_ws/install/local_setup.bash'
[4.567s] INFO:colcon.colcon_core.shell:Creating prefix chain script '/home/lx/ros2/ros/mid-70_ws/install/setup.bash'
[4.580s] INFO:colcon.colcon_core.shell:Creating prefix script '/home/lx/ros2/ros/mid-70_ws/install/local_setup.zsh'
[4.580s] INFO:colcon.colcon_core.shell:Creating prefix chain script '/home/lx/ros2/ros/mid-70_ws/install/setup.zsh'
