[1.307s] Invoking command in '/home/lx/ros2/ros/turtlebot3_ws/src/turtlebot3/turtlebot3_example': PYTHONPATH=/home/lx/ros2/ros/turtlebot3_ws/build/turtlebot3_example/prefix_override:/home/lx/ros2/ros/turtlebot3_ws/install/turtlebot3_example/lib/python3.10/site-packages:${PYTHONPATH} /usr/bin/python3 setup.py egg_info --egg-base ../../../build/turtlebot3_example build --build-base /home/lx/ros2/ros/turtlebot3_ws/build/turtlebot3_example/build install --record /home/lx/ros2/ros/turtlebot3_ws/build/turtlebot3_example/install.log --single-version-externally-managed
[1.512s] running egg_info
[1.513s] writing ../../../build/turtlebot3_example/turtlebot3_example.egg-info/PKG-INFO
[1.513s] writing dependency_links to ../../../build/turtlebot3_example/turtlebot3_example.egg-info/dependency_links.txt
[1.514s] writing entry points to ../../../build/turtlebot3_example/turtlebot3_example.egg-info/entry_points.txt
[1.514s] writing requirements to ../../../build/turtlebot3_example/turtlebot3_example.egg-info/requires.txt
[1.514s] writing top-level names to ../../../build/turtlebot3_example/turtlebot3_example.egg-info/top_level.txt
[1.515s] reading manifest file '../../../build/turtlebot3_example/turtlebot3_example.egg-info/SOURCES.txt'
[1.516s] writing manifest file '../../../build/turtlebot3_example/turtlebot3_example.egg-info/SOURCES.txt'
[1.517s] running build
[1.517s] running build_py
[1.518s] running install
[1.518s] /usr/lib/python3/dist-packages/setuptools/command/install.py:34: SetuptoolsDeprecationWarning: setup.py install is deprecated. Use build and pip and other standards-based tools.
[1.519s]   warnings.warn(
[1.519s] running install_lib
[1.520s] running install_data
[1.521s] running install_egg_info
[1.524s] removing '/home/lx/ros2/ros/turtlebot3_ws/install/turtlebot3_example/lib/python3.10/site-packages/turtlebot3_example-2.1.5-py3.10.egg-info' (and everything under it)
[1.524s] Copying ../../../build/turtlebot3_example/turtlebot3_example.egg-info to /home/lx/ros2/ros/turtlebot3_ws/install/turtlebot3_example/lib/python3.10/site-packages/turtlebot3_example-2.1.5-py3.10.egg-info
[1.525s] running install_scripts
[1.543s] Installing turtlebot3_obstacle_detection script to /home/lx/ros2/ros/turtlebot3_ws/install/turtlebot3_example/lib/turtlebot3_example
[1.543s] Installing turtlebot3_patrol_client script to /home/lx/ros2/ros/turtlebot3_ws/install/turtlebot3_example/lib/turtlebot3_example
[1.543s] Installing turtlebot3_patrol_server script to /home/lx/ros2/ros/turtlebot3_ws/install/turtlebot3_example/lib/turtlebot3_example
[1.543s] Installing turtlebot3_position_control script to /home/lx/ros2/ros/turtlebot3_ws/install/turtlebot3_example/lib/turtlebot3_example
[1.544s] writing list of installed files to '/home/lx/ros2/ros/turtlebot3_ws/build/turtlebot3_example/install.log'
[1.576s] Invoked command in '/home/lx/ros2/ros/turtlebot3_ws/src/turtlebot3/turtlebot3_example' returned '0': PYTHONPATH=/home/lx/ros2/ros/turtlebot3_ws/build/turtlebot3_example/prefix_override:/home/lx/ros2/ros/turtlebot3_ws/install/turtlebot3_example/lib/python3.10/site-packages:${PYTHONPATH} /usr/bin/python3 setup.py egg_info --egg-base ../../../build/turtlebot3_example build --build-base /home/lx/ros2/ros/turtlebot3_ws/build/turtlebot3_example/build install --record /home/lx/ros2/ros/turtlebot3_ws/build/turtlebot3_example/install.log --single-version-externally-managed
