[0.888s] DEBUG:colcon:Command line arguments: ['/usr/bin/colcon', 'build']
[0.889s] DEBUG:colcon:Parsed command line arguments: Namespace(log_base=None, log_level=None, verb_name='build', build_base='build', install_base='install', merge_install=False, symlink_install=False, test_result_base=None, continue_on_error=False, executor='parallel', parallel_workers=12, event_handlers=None, ignore_user_meta=False, metas=['./colcon.meta'], base_paths=['.'], packages_ignore=None, packages_ignore_regex=None, paths=None, packages_up_to=None, packages_up_to_regex=None, packages_above=None, packages_above_and_dependencies=None, packages_above_depth=None, packages_select_by_dep=None, packages_skip_by_dep=None, packages_skip_up_to=None, packages_select_build_failed=False, packages_skip_build_finished=False, packages_select_test_failures=False, packages_skip_test_passed=False, packages_select=None, packages_skip=None, packages_select_regex=None, packages_skip_regex=None, packages_start=None, packages_end=None, allow_overriding=[], cmake_args=None, cmake_target=None, cmake_target_skip_unavailable=False, cmake_clean_cache=False, cmake_clean_first=False, cmake_force_configure=False, ament_cmake_args=None, catkin_cmake_args=None, catkin_skip_building_tests=False, verb_parser=<colcon_defaults.argument_parser.defaults.DefaultArgumentsDecorator object at 0x7fe9db198a30>, verb_extension=<colcon_core.verb.build.BuildVerb object at 0x7fe9db5cb430>, main=<bound method BuildVerb.main of <colcon_core.verb.build.BuildVerb object at 0x7fe9db5cb430>>)
[0.929s] Level 1:colcon.colcon_core.package_discovery:discover_packages(colcon_meta) check parameters
[0.930s] Level 1:colcon.colcon_core.package_discovery:discover_packages(recursive) check parameters
[0.930s] Level 1:colcon.colcon_core.package_discovery:discover_packages(ignore) check parameters
[0.930s] Level 1:colcon.colcon_core.package_discovery:discover_packages(path) check parameters
[0.930s] Level 1:colcon.colcon_core.package_discovery:discover_packages(colcon_meta) discover
[0.930s] Level 1:colcon.colcon_core.package_discovery:discover_packages(recursive) discover
[0.930s] INFO:colcon.colcon_core.package_discovery:Crawling recursively for packages in '/home/lx/ros2/ros/turtlebot3_ws'
[0.930s] Level 1:colcon.colcon_core.package_identification:_identify(.) by extensions ['ignore', 'ignore_ament_install']
[0.930s] Level 1:colcon.colcon_core.package_identification:_identify(.) by extension 'ignore'
[0.930s] Level 1:colcon.colcon_core.package_identification:_identify(.) by extension 'ignore_ament_install'
[0.930s] Level 1:colcon.colcon_core.package_identification:_identify(.) by extensions ['colcon_pkg']
[0.930s] Level 1:colcon.colcon_core.package_identification:_identify(.) by extension 'colcon_pkg'
[0.930s] Level 1:colcon.colcon_core.package_identification:_identify(.) by extensions ['colcon_meta']
[0.930s] Level 1:colcon.colcon_core.package_identification:_identify(.) by extension 'colcon_meta'
[0.930s] Level 1:colcon.colcon_core.package_identification:_identify(.) by extensions ['ros']
[0.930s] Level 1:colcon.colcon_core.package_identification:_identify(.) by extension 'ros'
[0.939s] Level 1:colcon.colcon_core.package_identification:_identify(.) by extensions ['cmake', 'python']
[0.939s] Level 1:colcon.colcon_core.package_identification:_identify(.) by extension 'cmake'
[0.939s] Level 1:colcon.colcon_core.package_identification:_identify(.) by extension 'python'
[0.939s] Level 1:colcon.colcon_core.package_identification:_identify(.) by extensions ['python_setup_py']
[0.939s] Level 1:colcon.colcon_core.package_identification:_identify(.) by extension 'python_setup_py'
[0.939s] Level 1:colcon.colcon_core.package_identification:_identify(build) by extensions ['ignore', 'ignore_ament_install']
[0.940s] Level 1:colcon.colcon_core.package_identification:_identify(build) by extension 'ignore'
[0.940s] Level 1:colcon.colcon_core.package_identification:_identify(build) ignored
[0.940s] Level 1:colcon.colcon_core.package_identification:_identify(install) by extensions ['ignore', 'ignore_ament_install']
[0.940s] Level 1:colcon.colcon_core.package_identification:_identify(install) by extension 'ignore'
[0.940s] Level 1:colcon.colcon_core.package_identification:_identify(install) ignored
[0.940s] Level 1:colcon.colcon_core.package_identification:_identify(log) by extensions ['ignore', 'ignore_ament_install']
[0.940s] Level 1:colcon.colcon_core.package_identification:_identify(log) by extension 'ignore'
[0.940s] Level 1:colcon.colcon_core.package_identification:_identify(log) ignored
[0.940s] Level 1:colcon.colcon_core.package_identification:_identify(src) by extensions ['ignore', 'ignore_ament_install']
[0.940s] Level 1:colcon.colcon_core.package_identification:_identify(src) by extension 'ignore'
[0.940s] Level 1:colcon.colcon_core.package_identification:_identify(src) by extension 'ignore_ament_install'
[0.940s] Level 1:colcon.colcon_core.package_identification:_identify(src) by extensions ['colcon_pkg']
[0.940s] Level 1:colcon.colcon_core.package_identification:_identify(src) by extension 'colcon_pkg'
[0.940s] Level 1:colcon.colcon_core.package_identification:_identify(src) by extensions ['colcon_meta']
[0.940s] Level 1:colcon.colcon_core.package_identification:_identify(src) by extension 'colcon_meta'
[0.940s] Level 1:colcon.colcon_core.package_identification:_identify(src) by extensions ['ros']
[0.940s] Level 1:colcon.colcon_core.package_identification:_identify(src) by extension 'ros'
[0.940s] Level 1:colcon.colcon_core.package_identification:_identify(src) by extensions ['cmake', 'python']
[0.940s] Level 1:colcon.colcon_core.package_identification:_identify(src) by extension 'cmake'
[0.940s] Level 1:colcon.colcon_core.package_identification:_identify(src) by extension 'python'
[0.940s] Level 1:colcon.colcon_core.package_identification:_identify(src) by extensions ['python_setup_py']
[0.940s] Level 1:colcon.colcon_core.package_identification:_identify(src) by extension 'python_setup_py'
[0.941s] Level 1:colcon.colcon_core.package_identification:_identify(src/turtlebot3) by extensions ['ignore', 'ignore_ament_install']
[0.941s] Level 1:colcon.colcon_core.package_identification:_identify(src/turtlebot3) by extension 'ignore'
[0.941s] Level 1:colcon.colcon_core.package_identification:_identify(src/turtlebot3) by extension 'ignore_ament_install'
[0.941s] Level 1:colcon.colcon_core.package_identification:_identify(src/turtlebot3) by extensions ['colcon_pkg']
[0.941s] Level 1:colcon.colcon_core.package_identification:_identify(src/turtlebot3) by extension 'colcon_pkg'
[0.941s] Level 1:colcon.colcon_core.package_identification:_identify(src/turtlebot3) by extensions ['colcon_meta']
[0.941s] Level 1:colcon.colcon_core.package_identification:_identify(src/turtlebot3) by extension 'colcon_meta'
[0.941s] Level 1:colcon.colcon_core.package_identification:_identify(src/turtlebot3) by extensions ['ros']
[0.941s] Level 1:colcon.colcon_core.package_identification:_identify(src/turtlebot3) by extension 'ros'
[0.941s] Level 1:colcon.colcon_core.package_identification:_identify(src/turtlebot3) by extensions ['cmake', 'python']
[0.941s] Level 1:colcon.colcon_core.package_identification:_identify(src/turtlebot3) by extension 'cmake'
[0.941s] Level 1:colcon.colcon_core.package_identification:_identify(src/turtlebot3) by extension 'python'
[0.941s] Level 1:colcon.colcon_core.package_identification:_identify(src/turtlebot3) by extensions ['python_setup_py']
[0.941s] Level 1:colcon.colcon_core.package_identification:_identify(src/turtlebot3) by extension 'python_setup_py'
[0.941s] Level 1:colcon.colcon_core.package_identification:_identify(src/turtlebot3/turtlebot3) by extensions ['ignore', 'ignore_ament_install']
[0.941s] Level 1:colcon.colcon_core.package_identification:_identify(src/turtlebot3/turtlebot3) by extension 'ignore'
[0.941s] Level 1:colcon.colcon_core.package_identification:_identify(src/turtlebot3/turtlebot3) by extension 'ignore_ament_install'
[0.941s] Level 1:colcon.colcon_core.package_identification:_identify(src/turtlebot3/turtlebot3) by extensions ['colcon_pkg']
[0.941s] Level 1:colcon.colcon_core.package_identification:_identify(src/turtlebot3/turtlebot3) by extension 'colcon_pkg'
[0.941s] Level 1:colcon.colcon_core.package_identification:_identify(src/turtlebot3/turtlebot3) by extensions ['colcon_meta']
[0.941s] Level 1:colcon.colcon_core.package_identification:_identify(src/turtlebot3/turtlebot3) by extension 'colcon_meta'
[0.941s] Level 1:colcon.colcon_core.package_identification:_identify(src/turtlebot3/turtlebot3) by extensions ['ros']
[0.941s] Level 1:colcon.colcon_core.package_identification:_identify(src/turtlebot3/turtlebot3) by extension 'ros'
[0.945s] DEBUG:colcon.colcon_core.package_identification:Package 'src/turtlebot3/turtlebot3' with type 'ros.ament_cmake' and name 'turtlebot3'
[0.945s] Level 1:colcon.colcon_core.package_identification:_identify(src/turtlebot3/turtlebot3_bringup) by extensions ['ignore', 'ignore_ament_install']
[0.945s] Level 1:colcon.colcon_core.package_identification:_identify(src/turtlebot3/turtlebot3_bringup) by extension 'ignore'
[0.945s] Level 1:colcon.colcon_core.package_identification:_identify(src/turtlebot3/turtlebot3_bringup) by extension 'ignore_ament_install'
[0.945s] Level 1:colcon.colcon_core.package_identification:_identify(src/turtlebot3/turtlebot3_bringup) by extensions ['colcon_pkg']
[0.945s] Level 1:colcon.colcon_core.package_identification:_identify(src/turtlebot3/turtlebot3_bringup) by extension 'colcon_pkg'
[0.945s] Level 1:colcon.colcon_core.package_identification:_identify(src/turtlebot3/turtlebot3_bringup) by extensions ['colcon_meta']
[0.945s] Level 1:colcon.colcon_core.package_identification:_identify(src/turtlebot3/turtlebot3_bringup) by extension 'colcon_meta'
[0.945s] Level 1:colcon.colcon_core.package_identification:_identify(src/turtlebot3/turtlebot3_bringup) by extensions ['ros']
[0.945s] Level 1:colcon.colcon_core.package_identification:_identify(src/turtlebot3/turtlebot3_bringup) by extension 'ros'
[0.946s] DEBUG:colcon.colcon_core.package_identification:Package 'src/turtlebot3/turtlebot3_bringup' with type 'ros.ament_cmake' and name 'turtlebot3_bringup'
[0.946s] Level 1:colcon.colcon_core.package_identification:_identify(src/turtlebot3/turtlebot3_cartographer) by extensions ['ignore', 'ignore_ament_install']
[0.946s] Level 1:colcon.colcon_core.package_identification:_identify(src/turtlebot3/turtlebot3_cartographer) by extension 'ignore'
[0.946s] Level 1:colcon.colcon_core.package_identification:_identify(src/turtlebot3/turtlebot3_cartographer) by extension 'ignore_ament_install'
[0.946s] Level 1:colcon.colcon_core.package_identification:_identify(src/turtlebot3/turtlebot3_cartographer) by extensions ['colcon_pkg']
[0.946s] Level 1:colcon.colcon_core.package_identification:_identify(src/turtlebot3/turtlebot3_cartographer) by extension 'colcon_pkg'
[0.946s] Level 1:colcon.colcon_core.package_identification:_identify(src/turtlebot3/turtlebot3_cartographer) by extensions ['colcon_meta']
[0.946s] Level 1:colcon.colcon_core.package_identification:_identify(src/turtlebot3/turtlebot3_cartographer) by extension 'colcon_meta'
[0.946s] Level 1:colcon.colcon_core.package_identification:_identify(src/turtlebot3/turtlebot3_cartographer) by extensions ['ros']
[0.946s] Level 1:colcon.colcon_core.package_identification:_identify(src/turtlebot3/turtlebot3_cartographer) by extension 'ros'
[0.946s] DEBUG:colcon.colcon_core.package_identification:Package 'src/turtlebot3/turtlebot3_cartographer' with type 'ros.ament_cmake' and name 'turtlebot3_cartographer'
[0.946s] Level 1:colcon.colcon_core.package_identification:_identify(src/turtlebot3/turtlebot3_description) by extensions ['ignore', 'ignore_ament_install']
[0.947s] Level 1:colcon.colcon_core.package_identification:_identify(src/turtlebot3/turtlebot3_description) by extension 'ignore'
[0.947s] Level 1:colcon.colcon_core.package_identification:_identify(src/turtlebot3/turtlebot3_description) by extension 'ignore_ament_install'
[0.947s] Level 1:colcon.colcon_core.package_identification:_identify(src/turtlebot3/turtlebot3_description) by extensions ['colcon_pkg']
[0.947s] Level 1:colcon.colcon_core.package_identification:_identify(src/turtlebot3/turtlebot3_description) by extension 'colcon_pkg'
[0.947s] Level 1:colcon.colcon_core.package_identification:_identify(src/turtlebot3/turtlebot3_description) by extensions ['colcon_meta']
[0.947s] Level 1:colcon.colcon_core.package_identification:_identify(src/turtlebot3/turtlebot3_description) by extension 'colcon_meta'
[0.947s] Level 1:colcon.colcon_core.package_identification:_identify(src/turtlebot3/turtlebot3_description) by extensions ['ros']
[0.947s] Level 1:colcon.colcon_core.package_identification:_identify(src/turtlebot3/turtlebot3_description) by extension 'ros'
[0.947s] DEBUG:colcon.colcon_core.package_identification:Package 'src/turtlebot3/turtlebot3_description' with type 'ros.ament_cmake' and name 'turtlebot3_description'
[0.947s] Level 1:colcon.colcon_core.package_identification:_identify(src/turtlebot3/turtlebot3_example) by extensions ['ignore', 'ignore_ament_install']
[0.947s] Level 1:colcon.colcon_core.package_identification:_identify(src/turtlebot3/turtlebot3_example) by extension 'ignore'
[0.948s] Level 1:colcon.colcon_core.package_identification:_identify(src/turtlebot3/turtlebot3_example) by extension 'ignore_ament_install'
[0.948s] Level 1:colcon.colcon_core.package_identification:_identify(src/turtlebot3/turtlebot3_example) by extensions ['colcon_pkg']
[0.948s] Level 1:colcon.colcon_core.package_identification:_identify(src/turtlebot3/turtlebot3_example) by extension 'colcon_pkg'
[0.948s] Level 1:colcon.colcon_core.package_identification:_identify(src/turtlebot3/turtlebot3_example) by extensions ['colcon_meta']
[0.948s] Level 1:colcon.colcon_core.package_identification:_identify(src/turtlebot3/turtlebot3_example) by extension 'colcon_meta'
[0.948s] Level 1:colcon.colcon_core.package_identification:_identify(src/turtlebot3/turtlebot3_example) by extensions ['ros']
[0.948s] Level 1:colcon.colcon_core.package_identification:_identify(src/turtlebot3/turtlebot3_example) by extension 'ros'
[0.948s] DEBUG:colcon.colcon_core.package_identification:Package 'src/turtlebot3/turtlebot3_example' with type 'ros.ament_python' and name 'turtlebot3_example'
[0.948s] Level 1:colcon.colcon_core.package_identification:_identify(src/turtlebot3/turtlebot3_navigation2) by extensions ['ignore', 'ignore_ament_install']
[0.949s] Level 1:colcon.colcon_core.package_identification:_identify(src/turtlebot3/turtlebot3_navigation2) by extension 'ignore'
[0.949s] Level 1:colcon.colcon_core.package_identification:_identify(src/turtlebot3/turtlebot3_navigation2) by extension 'ignore_ament_install'
[0.949s] Level 1:colcon.colcon_core.package_identification:_identify(src/turtlebot3/turtlebot3_navigation2) by extensions ['colcon_pkg']
[0.949s] Level 1:colcon.colcon_core.package_identification:_identify(src/turtlebot3/turtlebot3_navigation2) by extension 'colcon_pkg'
[0.949s] Level 1:colcon.colcon_core.package_identification:_identify(src/turtlebot3/turtlebot3_navigation2) by extensions ['colcon_meta']
[0.949s] Level 1:colcon.colcon_core.package_identification:_identify(src/turtlebot3/turtlebot3_navigation2) by extension 'colcon_meta'
[0.949s] Level 1:colcon.colcon_core.package_identification:_identify(src/turtlebot3/turtlebot3_navigation2) by extensions ['ros']
[0.949s] Level 1:colcon.colcon_core.package_identification:_identify(src/turtlebot3/turtlebot3_navigation2) by extension 'ros'
[0.949s] DEBUG:colcon.colcon_core.package_identification:Package 'src/turtlebot3/turtlebot3_navigation2' with type 'ros.ament_cmake' and name 'turtlebot3_navigation2'
[0.949s] Level 1:colcon.colcon_core.package_identification:_identify(src/turtlebot3/turtlebot3_node) by extensions ['ignore', 'ignore_ament_install']
[0.949s] Level 1:colcon.colcon_core.package_identification:_identify(src/turtlebot3/turtlebot3_node) by extension 'ignore'
[0.949s] Level 1:colcon.colcon_core.package_identification:_identify(src/turtlebot3/turtlebot3_node) by extension 'ignore_ament_install'
[0.949s] Level 1:colcon.colcon_core.package_identification:_identify(src/turtlebot3/turtlebot3_node) by extensions ['colcon_pkg']
[0.949s] Level 1:colcon.colcon_core.package_identification:_identify(src/turtlebot3/turtlebot3_node) by extension 'colcon_pkg'
[0.949s] Level 1:colcon.colcon_core.package_identification:_identify(src/turtlebot3/turtlebot3_node) by extensions ['colcon_meta']
[0.949s] Level 1:colcon.colcon_core.package_identification:_identify(src/turtlebot3/turtlebot3_node) by extension 'colcon_meta'
[0.950s] Level 1:colcon.colcon_core.package_identification:_identify(src/turtlebot3/turtlebot3_node) by extensions ['ros']
[0.950s] Level 1:colcon.colcon_core.package_identification:_identify(src/turtlebot3/turtlebot3_node) by extension 'ros'
[0.951s] DEBUG:colcon.colcon_core.package_identification:Package 'src/turtlebot3/turtlebot3_node' with type 'ros.ament_cmake' and name 'turtlebot3_node'
[0.951s] Level 1:colcon.colcon_core.package_identification:_identify(src/turtlebot3/turtlebot3_teleop) by extensions ['ignore', 'ignore_ament_install']
[0.951s] Level 1:colcon.colcon_core.package_identification:_identify(src/turtlebot3/turtlebot3_teleop) by extension 'ignore'
[0.951s] Level 1:colcon.colcon_core.package_identification:_identify(src/turtlebot3/turtlebot3_teleop) by extension 'ignore_ament_install'
[0.951s] Level 1:colcon.colcon_core.package_identification:_identify(src/turtlebot3/turtlebot3_teleop) by extensions ['colcon_pkg']
[0.951s] Level 1:colcon.colcon_core.package_identification:_identify(src/turtlebot3/turtlebot3_teleop) by extension 'colcon_pkg'
[0.951s] Level 1:colcon.colcon_core.package_identification:_identify(src/turtlebot3/turtlebot3_teleop) by extensions ['colcon_meta']
[0.951s] Level 1:colcon.colcon_core.package_identification:_identify(src/turtlebot3/turtlebot3_teleop) by extension 'colcon_meta'
[0.951s] Level 1:colcon.colcon_core.package_identification:_identify(src/turtlebot3/turtlebot3_teleop) by extensions ['ros']
[0.951s] Level 1:colcon.colcon_core.package_identification:_identify(src/turtlebot3/turtlebot3_teleop) by extension 'ros'
[0.951s] DEBUG:colcon.colcon_core.package_identification:Package 'src/turtlebot3/turtlebot3_teleop' with type 'ros.ament_python' and name 'turtlebot3_teleop'
[0.951s] Level 1:colcon.colcon_core.package_discovery:discover_packages(recursive) using defaults
[0.952s] Level 1:colcon.colcon_core.package_discovery:discover_packages(ignore) discover
[0.952s] Level 1:colcon.colcon_core.package_discovery:discover_packages(ignore) using defaults
[0.952s] Level 1:colcon.colcon_core.package_discovery:discover_packages(path) discover
[0.952s] Level 1:colcon.colcon_core.package_discovery:discover_packages(path) using defaults
[1.033s] Level 1:colcon.colcon_core.package_discovery:discover_packages(prefix_path) check parameters
[1.033s] Level 1:colcon.colcon_core.package_discovery:discover_packages(prefix_path) discover
[1.060s] DEBUG:colcon.colcon_installed_package_information.package_discovery:Found 8 installed packages in /home/lx/ros2/ros/turtlebot3_ws/install
[1.074s] DEBUG:colcon.colcon_installed_package_information.package_discovery:Found 389 installed packages in /opt/ros/humble
[1.076s] Level 1:colcon.colcon_core.package_discovery:discover_packages(prefix_path) using defaults
[1.181s] Level 5:colcon.colcon_core.verb:set package 'turtlebot3_cartographer' build argument 'cmake_args' from command line to 'None'
[1.181s] Level 5:colcon.colcon_core.verb:set package 'turtlebot3_cartographer' build argument 'cmake_target' from command line to 'None'
[1.181s] Level 5:colcon.colcon_core.verb:set package 'turtlebot3_cartographer' build argument 'cmake_target_skip_unavailable' from command line to 'False'
[1.181s] Level 5:colcon.colcon_core.verb:set package 'turtlebot3_cartographer' build argument 'cmake_clean_cache' from command line to 'False'
[1.181s] Level 5:colcon.colcon_core.verb:set package 'turtlebot3_cartographer' build argument 'cmake_clean_first' from command line to 'False'
[1.181s] Level 5:colcon.colcon_core.verb:set package 'turtlebot3_cartographer' build argument 'cmake_force_configure' from command line to 'False'
[1.181s] Level 5:colcon.colcon_core.verb:set package 'turtlebot3_cartographer' build argument 'ament_cmake_args' from command line to 'None'
[1.181s] Level 5:colcon.colcon_core.verb:set package 'turtlebot3_cartographer' build argument 'catkin_cmake_args' from command line to 'None'
[1.181s] Level 5:colcon.colcon_core.verb:set package 'turtlebot3_cartographer' build argument 'catkin_skip_building_tests' from command line to 'False'
[1.181s] DEBUG:colcon.colcon_core.verb:Building package 'turtlebot3_cartographer' with the following arguments: {'ament_cmake_args': None, 'build_base': '/home/lx/ros2/ros/turtlebot3_ws/build/turtlebot3_cartographer', 'catkin_cmake_args': None, 'catkin_skip_building_tests': False, 'cmake_args': None, 'cmake_clean_cache': False, 'cmake_clean_first': False, 'cmake_force_configure': False, 'cmake_target': None, 'cmake_target_skip_unavailable': False, 'install_base': '/home/lx/ros2/ros/turtlebot3_ws/install/turtlebot3_cartographer', 'merge_install': False, 'path': '/home/lx/ros2/ros/turtlebot3_ws/src/turtlebot3/turtlebot3_cartographer', 'symlink_install': False, 'test_result_base': None}
[1.194s] Level 5:colcon.colcon_core.verb:set package 'turtlebot3_description' build argument 'cmake_args' from command line to 'None'
[1.194s] Level 5:colcon.colcon_core.verb:set package 'turtlebot3_description' build argument 'cmake_target' from command line to 'None'
[1.194s] Level 5:colcon.colcon_core.verb:set package 'turtlebot3_description' build argument 'cmake_target_skip_unavailable' from command line to 'False'
[1.194s] Level 5:colcon.colcon_core.verb:set package 'turtlebot3_description' build argument 'cmake_clean_cache' from command line to 'False'
[1.194s] Level 5:colcon.colcon_core.verb:set package 'turtlebot3_description' build argument 'cmake_clean_first' from command line to 'False'
[1.194s] Level 5:colcon.colcon_core.verb:set package 'turtlebot3_description' build argument 'cmake_force_configure' from command line to 'False'
[1.194s] Level 5:colcon.colcon_core.verb:set package 'turtlebot3_description' build argument 'ament_cmake_args' from command line to 'None'
[1.194s] Level 5:colcon.colcon_core.verb:set package 'turtlebot3_description' build argument 'catkin_cmake_args' from command line to 'None'
[1.194s] Level 5:colcon.colcon_core.verb:set package 'turtlebot3_description' build argument 'catkin_skip_building_tests' from command line to 'False'
[1.194s] DEBUG:colcon.colcon_core.verb:Building package 'turtlebot3_description' with the following arguments: {'ament_cmake_args': None, 'build_base': '/home/lx/ros2/ros/turtlebot3_ws/build/turtlebot3_description', 'catkin_cmake_args': None, 'catkin_skip_building_tests': False, 'cmake_args': None, 'cmake_clean_cache': False, 'cmake_clean_first': False, 'cmake_force_configure': False, 'cmake_target': None, 'cmake_target_skip_unavailable': False, 'install_base': '/home/lx/ros2/ros/turtlebot3_ws/install/turtlebot3_description', 'merge_install': False, 'path': '/home/lx/ros2/ros/turtlebot3_ws/src/turtlebot3/turtlebot3_description', 'symlink_install': False, 'test_result_base': None}
[1.207s] Level 5:colcon.colcon_core.verb:set package 'turtlebot3_example' build argument 'cmake_args' from command line to 'None'
[1.207s] Level 5:colcon.colcon_core.verb:set package 'turtlebot3_example' build argument 'cmake_target' from command line to 'None'
[1.207s] Level 5:colcon.colcon_core.verb:set package 'turtlebot3_example' build argument 'cmake_target_skip_unavailable' from command line to 'False'
[1.207s] Level 5:colcon.colcon_core.verb:set package 'turtlebot3_example' build argument 'cmake_clean_cache' from command line to 'False'
[1.207s] Level 5:colcon.colcon_core.verb:set package 'turtlebot3_example' build argument 'cmake_clean_first' from command line to 'False'
[1.207s] Level 5:colcon.colcon_core.verb:set package 'turtlebot3_example' build argument 'cmake_force_configure' from command line to 'False'
[1.208s] Level 5:colcon.colcon_core.verb:set package 'turtlebot3_example' build argument 'ament_cmake_args' from command line to 'None'
[1.208s] Level 5:colcon.colcon_core.verb:set package 'turtlebot3_example' build argument 'catkin_cmake_args' from command line to 'None'
[1.208s] Level 5:colcon.colcon_core.verb:set package 'turtlebot3_example' build argument 'catkin_skip_building_tests' from command line to 'False'
[1.208s] DEBUG:colcon.colcon_core.verb:Building package 'turtlebot3_example' with the following arguments: {'ament_cmake_args': None, 'build_base': '/home/lx/ros2/ros/turtlebot3_ws/build/turtlebot3_example', 'catkin_cmake_args': None, 'catkin_skip_building_tests': False, 'cmake_args': None, 'cmake_clean_cache': False, 'cmake_clean_first': False, 'cmake_force_configure': False, 'cmake_target': None, 'cmake_target_skip_unavailable': False, 'install_base': '/home/lx/ros2/ros/turtlebot3_ws/install/turtlebot3_example', 'merge_install': False, 'path': '/home/lx/ros2/ros/turtlebot3_ws/src/turtlebot3/turtlebot3_example', 'symlink_install': False, 'test_result_base': None}
[1.221s] Level 5:colcon.colcon_core.verb:set package 'turtlebot3_navigation2' build argument 'cmake_args' from command line to 'None'
[1.221s] Level 5:colcon.colcon_core.verb:set package 'turtlebot3_navigation2' build argument 'cmake_target' from command line to 'None'
[1.221s] Level 5:colcon.colcon_core.verb:set package 'turtlebot3_navigation2' build argument 'cmake_target_skip_unavailable' from command line to 'False'
[1.221s] Level 5:colcon.colcon_core.verb:set package 'turtlebot3_navigation2' build argument 'cmake_clean_cache' from command line to 'False'
[1.221s] Level 5:colcon.colcon_core.verb:set package 'turtlebot3_navigation2' build argument 'cmake_clean_first' from command line to 'False'
[1.221s] Level 5:colcon.colcon_core.verb:set package 'turtlebot3_navigation2' build argument 'cmake_force_configure' from command line to 'False'
[1.221s] Level 5:colcon.colcon_core.verb:set package 'turtlebot3_navigation2' build argument 'ament_cmake_args' from command line to 'None'
[1.221s] Level 5:colcon.colcon_core.verb:set package 'turtlebot3_navigation2' build argument 'catkin_cmake_args' from command line to 'None'
[1.221s] Level 5:colcon.colcon_core.verb:set package 'turtlebot3_navigation2' build argument 'catkin_skip_building_tests' from command line to 'False'
[1.221s] DEBUG:colcon.colcon_core.verb:Building package 'turtlebot3_navigation2' with the following arguments: {'ament_cmake_args': None, 'build_base': '/home/lx/ros2/ros/turtlebot3_ws/build/turtlebot3_navigation2', 'catkin_cmake_args': None, 'catkin_skip_building_tests': False, 'cmake_args': None, 'cmake_clean_cache': False, 'cmake_clean_first': False, 'cmake_force_configure': False, 'cmake_target': None, 'cmake_target_skip_unavailable': False, 'install_base': '/home/lx/ros2/ros/turtlebot3_ws/install/turtlebot3_navigation2', 'merge_install': False, 'path': '/home/lx/ros2/ros/turtlebot3_ws/src/turtlebot3/turtlebot3_navigation2', 'symlink_install': False, 'test_result_base': None}
[1.234s] Level 5:colcon.colcon_core.verb:set package 'turtlebot3_node' build argument 'cmake_args' from command line to 'None'
[1.234s] Level 5:colcon.colcon_core.verb:set package 'turtlebot3_node' build argument 'cmake_target' from command line to 'None'
[1.234s] Level 5:colcon.colcon_core.verb:set package 'turtlebot3_node' build argument 'cmake_target_skip_unavailable' from command line to 'False'
[1.234s] Level 5:colcon.colcon_core.verb:set package 'turtlebot3_node' build argument 'cmake_clean_cache' from command line to 'False'
[1.234s] Level 5:colcon.colcon_core.verb:set package 'turtlebot3_node' build argument 'cmake_clean_first' from command line to 'False'
[1.234s] Level 5:colcon.colcon_core.verb:set package 'turtlebot3_node' build argument 'cmake_force_configure' from command line to 'False'
[1.234s] Level 5:colcon.colcon_core.verb:set package 'turtlebot3_node' build argument 'ament_cmake_args' from command line to 'None'
[1.234s] Level 5:colcon.colcon_core.verb:set package 'turtlebot3_node' build argument 'catkin_cmake_args' from command line to 'None'
[1.234s] Level 5:colcon.colcon_core.verb:set package 'turtlebot3_node' build argument 'catkin_skip_building_tests' from command line to 'False'
[1.234s] DEBUG:colcon.colcon_core.verb:Building package 'turtlebot3_node' with the following arguments: {'ament_cmake_args': None, 'build_base': '/home/lx/ros2/ros/turtlebot3_ws/build/turtlebot3_node', 'catkin_cmake_args': None, 'catkin_skip_building_tests': False, 'cmake_args': None, 'cmake_clean_cache': False, 'cmake_clean_first': False, 'cmake_force_configure': False, 'cmake_target': None, 'cmake_target_skip_unavailable': False, 'install_base': '/home/lx/ros2/ros/turtlebot3_ws/install/turtlebot3_node', 'merge_install': False, 'path': '/home/lx/ros2/ros/turtlebot3_ws/src/turtlebot3/turtlebot3_node', 'symlink_install': False, 'test_result_base': None}
[1.247s] Level 5:colcon.colcon_core.verb:set package 'turtlebot3_teleop' build argument 'cmake_args' from command line to 'None'
[1.247s] Level 5:colcon.colcon_core.verb:set package 'turtlebot3_teleop' build argument 'cmake_target' from command line to 'None'
[1.248s] Level 5:colcon.colcon_core.verb:set package 'turtlebot3_teleop' build argument 'cmake_target_skip_unavailable' from command line to 'False'
[1.248s] Level 5:colcon.colcon_core.verb:set package 'turtlebot3_teleop' build argument 'cmake_clean_cache' from command line to 'False'
[1.248s] Level 5:colcon.colcon_core.verb:set package 'turtlebot3_teleop' build argument 'cmake_clean_first' from command line to 'False'
[1.248s] Level 5:colcon.colcon_core.verb:set package 'turtlebot3_teleop' build argument 'cmake_force_configure' from command line to 'False'
[1.248s] Level 5:colcon.colcon_core.verb:set package 'turtlebot3_teleop' build argument 'ament_cmake_args' from command line to 'None'
[1.248s] Level 5:colcon.colcon_core.verb:set package 'turtlebot3_teleop' build argument 'catkin_cmake_args' from command line to 'None'
[1.248s] Level 5:colcon.colcon_core.verb:set package 'turtlebot3_teleop' build argument 'catkin_skip_building_tests' from command line to 'False'
[1.248s] DEBUG:colcon.colcon_core.verb:Building package 'turtlebot3_teleop' with the following arguments: {'ament_cmake_args': None, 'build_base': '/home/lx/ros2/ros/turtlebot3_ws/build/turtlebot3_teleop', 'catkin_cmake_args': None, 'catkin_skip_building_tests': False, 'cmake_args': None, 'cmake_clean_cache': False, 'cmake_clean_first': False, 'cmake_force_configure': False, 'cmake_target': None, 'cmake_target_skip_unavailable': False, 'install_base': '/home/lx/ros2/ros/turtlebot3_ws/install/turtlebot3_teleop', 'merge_install': False, 'path': '/home/lx/ros2/ros/turtlebot3_ws/src/turtlebot3/turtlebot3_teleop', 'symlink_install': False, 'test_result_base': None}
[1.261s] Level 5:colcon.colcon_core.verb:set package 'turtlebot3_bringup' build argument 'cmake_args' from command line to 'None'
[1.261s] Level 5:colcon.colcon_core.verb:set package 'turtlebot3_bringup' build argument 'cmake_target' from command line to 'None'
[1.261s] Level 5:colcon.colcon_core.verb:set package 'turtlebot3_bringup' build argument 'cmake_target_skip_unavailable' from command line to 'False'
[1.261s] Level 5:colcon.colcon_core.verb:set package 'turtlebot3_bringup' build argument 'cmake_clean_cache' from command line to 'False'
[1.261s] Level 5:colcon.colcon_core.verb:set package 'turtlebot3_bringup' build argument 'cmake_clean_first' from command line to 'False'
[1.261s] Level 5:colcon.colcon_core.verb:set package 'turtlebot3_bringup' build argument 'cmake_force_configure' from command line to 'False'
[1.261s] Level 5:colcon.colcon_core.verb:set package 'turtlebot3_bringup' build argument 'ament_cmake_args' from command line to 'None'
[1.261s] Level 5:colcon.colcon_core.verb:set package 'turtlebot3_bringup' build argument 'catkin_cmake_args' from command line to 'None'
[1.261s] Level 5:colcon.colcon_core.verb:set package 'turtlebot3_bringup' build argument 'catkin_skip_building_tests' from command line to 'False'
[1.261s] DEBUG:colcon.colcon_core.verb:Building package 'turtlebot3_bringup' with the following arguments: {'ament_cmake_args': None, 'build_base': '/home/lx/ros2/ros/turtlebot3_ws/build/turtlebot3_bringup', 'catkin_cmake_args': None, 'catkin_skip_building_tests': False, 'cmake_args': None, 'cmake_clean_cache': False, 'cmake_clean_first': False, 'cmake_force_configure': False, 'cmake_target': None, 'cmake_target_skip_unavailable': False, 'install_base': '/home/lx/ros2/ros/turtlebot3_ws/install/turtlebot3_bringup', 'merge_install': False, 'path': '/home/lx/ros2/ros/turtlebot3_ws/src/turtlebot3/turtlebot3_bringup', 'symlink_install': False, 'test_result_base': None}
[1.273s] Level 5:colcon.colcon_core.verb:set package 'turtlebot3' build argument 'cmake_args' from command line to 'None'
[1.274s] Level 5:colcon.colcon_core.verb:set package 'turtlebot3' build argument 'cmake_target' from command line to 'None'
[1.274s] Level 5:colcon.colcon_core.verb:set package 'turtlebot3' build argument 'cmake_target_skip_unavailable' from command line to 'False'
[1.274s] Level 5:colcon.colcon_core.verb:set package 'turtlebot3' build argument 'cmake_clean_cache' from command line to 'False'
[1.274s] Level 5:colcon.colcon_core.verb:set package 'turtlebot3' build argument 'cmake_clean_first' from command line to 'False'
[1.274s] Level 5:colcon.colcon_core.verb:set package 'turtlebot3' build argument 'cmake_force_configure' from command line to 'False'
[1.274s] Level 5:colcon.colcon_core.verb:set package 'turtlebot3' build argument 'ament_cmake_args' from command line to 'None'
[1.274s] Level 5:colcon.colcon_core.verb:set package 'turtlebot3' build argument 'catkin_cmake_args' from command line to 'None'
[1.274s] Level 5:colcon.colcon_core.verb:set package 'turtlebot3' build argument 'catkin_skip_building_tests' from command line to 'False'
[1.274s] DEBUG:colcon.colcon_core.verb:Building package 'turtlebot3' with the following arguments: {'ament_cmake_args': None, 'build_base': '/home/lx/ros2/ros/turtlebot3_ws/build/turtlebot3', 'catkin_cmake_args': None, 'catkin_skip_building_tests': False, 'cmake_args': None, 'cmake_clean_cache': False, 'cmake_clean_first': False, 'cmake_force_configure': False, 'cmake_target': None, 'cmake_target_skip_unavailable': False, 'install_base': '/home/lx/ros2/ros/turtlebot3_ws/install/turtlebot3', 'merge_install': False, 'path': '/home/lx/ros2/ros/turtlebot3_ws/src/turtlebot3/turtlebot3', 'symlink_install': False, 'test_result_base': None}
[1.287s] INFO:colcon.colcon_core.executor:Executing jobs using 'parallel' executor
[1.300s] DEBUG:colcon.colcon_parallel_executor.executor.parallel:run_until_complete
[1.301s] INFO:colcon.colcon_ros.task.ament_cmake.build:Building ROS package in '/home/lx/ros2/ros/turtlebot3_ws/src/turtlebot3/turtlebot3_description' with build type 'ament_cmake'
[1.301s] INFO:colcon.colcon_cmake.task.cmake.build:Building CMake package in '/home/lx/ros2/ros/turtlebot3_ws/src/turtlebot3/turtlebot3_description'
[1.316s] INFO:colcon.colcon_core.plugin_system:Skipping extension 'colcon_core.shell.bat': Not used on non-Windows systems
[1.316s] INFO:colcon.colcon_core.shell:Skip shell extension 'powershell' for command environment: Not usable outside of PowerShell
[1.316s] DEBUG:colcon.colcon_core.shell:Skip shell extension 'dsv' for command environment
[1.362s] INFO:colcon.colcon_ros.task.ament_cmake.build:Building ROS package in '/home/lx/ros2/ros/turtlebot3_ws/src/turtlebot3/turtlebot3_node' with build type 'ament_cmake'
[1.362s] INFO:colcon.colcon_cmake.task.cmake.build:Building CMake package in '/home/lx/ros2/ros/turtlebot3_ws/src/turtlebot3/turtlebot3_node'
[1.379s] INFO:colcon.colcon_core.shell:Skip shell extension 'powershell' for command environment: Not usable outside of PowerShell
[1.379s] DEBUG:colcon.colcon_core.shell:Skip shell extension 'dsv' for command environment
[1.428s] INFO:colcon.colcon_ros.task.ament_cmake.build:Building ROS package in '/home/lx/ros2/ros/turtlebot3_ws/src/turtlebot3/turtlebot3_cartographer' with build type 'ament_cmake'
[1.429s] INFO:colcon.colcon_cmake.task.cmake.build:Building CMake package in '/home/lx/ros2/ros/turtlebot3_ws/src/turtlebot3/turtlebot3_cartographer'
[1.442s] INFO:colcon.colcon_core.shell:Skip shell extension 'powershell' for command environment: Not usable outside of PowerShell
[1.442s] DEBUG:colcon.colcon_core.shell:Skip shell extension 'dsv' for command environment
[1.485s] INFO:colcon.colcon_ros.task.ament_python.build:Building ROS package in '/home/lx/ros2/ros/turtlebot3_ws/src/turtlebot3/turtlebot3_example' with build type 'ament_python'
[1.485s] Level 1:colcon.colcon_core.shell:create_environment_hook('turtlebot3_example', 'ament_prefix_path')
[1.498s] INFO:colcon.colcon_core.shell:Creating environment hook '/home/lx/ros2/ros/turtlebot3_ws/install/turtlebot3_example/share/turtlebot3_example/hook/ament_prefix_path.ps1'
[1.499s] INFO:colcon.colcon_core.shell:Creating environment descriptor '/home/lx/ros2/ros/turtlebot3_ws/install/turtlebot3_example/share/turtlebot3_example/hook/ament_prefix_path.dsv'
[1.499s] INFO:colcon.colcon_core.shell:Creating environment hook '/home/lx/ros2/ros/turtlebot3_ws/install/turtlebot3_example/share/turtlebot3_example/hook/ament_prefix_path.sh'
[1.513s] INFO:colcon.colcon_core.shell:Skip shell extension 'powershell' for command environment: Not usable outside of PowerShell
[1.513s] DEBUG:colcon.colcon_core.shell:Skip shell extension 'dsv' for command environment
[1.556s] INFO:colcon.colcon_ros.task.ament_cmake.build:Building ROS package in '/home/lx/ros2/ros/turtlebot3_ws/src/turtlebot3/turtlebot3_navigation2' with build type 'ament_cmake'
[1.556s] INFO:colcon.colcon_cmake.task.cmake.build:Building CMake package in '/home/lx/ros2/ros/turtlebot3_ws/src/turtlebot3/turtlebot3_navigation2'
[1.569s] INFO:colcon.colcon_core.shell:Skip shell extension 'powershell' for command environment: Not usable outside of PowerShell
[1.569s] DEBUG:colcon.colcon_core.shell:Skip shell extension 'dsv' for command environment
[1.613s] INFO:colcon.colcon_ros.task.ament_python.build:Building ROS package in '/home/lx/ros2/ros/turtlebot3_ws/src/turtlebot3/turtlebot3_teleop' with build type 'ament_python'
[1.613s] Level 1:colcon.colcon_core.shell:create_environment_hook('turtlebot3_teleop', 'ament_prefix_path')
[1.628s] INFO:colcon.colcon_core.shell:Creating environment hook '/home/lx/ros2/ros/turtlebot3_ws/install/turtlebot3_teleop/share/turtlebot3_teleop/hook/ament_prefix_path.ps1'
[1.628s] INFO:colcon.colcon_core.shell:Creating environment descriptor '/home/lx/ros2/ros/turtlebot3_ws/install/turtlebot3_teleop/share/turtlebot3_teleop/hook/ament_prefix_path.dsv'
[1.629s] INFO:colcon.colcon_core.shell:Creating environment hook '/home/lx/ros2/ros/turtlebot3_ws/install/turtlebot3_teleop/share/turtlebot3_teleop/hook/ament_prefix_path.sh'
[1.642s] INFO:colcon.colcon_core.shell:Skip shell extension 'powershell' for command environment: Not usable outside of PowerShell
[1.642s] DEBUG:colcon.colcon_core.shell:Skip shell extension 'dsv' for command environment
[1.689s] DEBUG:colcon.colcon_core.event_handler.log_command:Invoking command in '/home/lx/ros2/ros/turtlebot3_ws/build/turtlebot3_description': CMAKE_PREFIX_PATH=${CMAKE_PREFIX_PATH}:/home/lx/ros2/ros/turtlebot3_ws/install/turtlebot3_teleop:/home/lx/ros2/ros/turtlebot3_ws/install/turtlebot3_example:/opt/ros/humble /usr/bin/cmake --build /home/lx/ros2/ros/turtlebot3_ws/build/turtlebot3_description -- -j12 -l12
[1.692s] DEBUG:colcon.colcon_core.event_handler.log_command:Invoking command in '/home/lx/ros2/ros/turtlebot3_ws/build/turtlebot3_node': CMAKE_PREFIX_PATH=${CMAKE_PREFIX_PATH}:/home/lx/ros2/ros/turtlebot3_ws/install/turtlebot3_teleop:/home/lx/ros2/ros/turtlebot3_ws/install/turtlebot3_example:/opt/ros/humble /usr/bin/cmake --build /home/lx/ros2/ros/turtlebot3_ws/build/turtlebot3_node -- -j12 -l12
[1.695s] DEBUG:colcon.colcon_core.event_handler.log_command:Invoking command in '/home/lx/ros2/ros/turtlebot3_ws/build/turtlebot3_cartographer': CMAKE_PREFIX_PATH=${CMAKE_PREFIX_PATH}:/home/lx/ros2/ros/turtlebot3_ws/install/turtlebot3_teleop:/home/lx/ros2/ros/turtlebot3_ws/install/turtlebot3_example:/opt/ros/humble /usr/bin/cmake --build /home/lx/ros2/ros/turtlebot3_ws/build/turtlebot3_cartographer -- -j12 -l12
[1.929s] INFO:colcon.colcon_core.task.python.build:Building Python package in '/home/lx/ros2/ros/turtlebot3_ws/src/turtlebot3/turtlebot3_example'
[1.943s] INFO:colcon.colcon_core.shell:Skip shell extension 'powershell' for command environment: Not usable outside of PowerShell
[1.943s] DEBUG:colcon.colcon_core.shell:Skip shell extension 'dsv' for command environment
[1.989s] DEBUG:colcon.colcon_core.event_handler.log_command:Invoking command in '/home/lx/ros2/ros/turtlebot3_ws/build/turtlebot3_navigation2': CMAKE_PREFIX_PATH=${CMAKE_PREFIX_PATH}:/home/lx/ros2/ros/turtlebot3_ws/install/turtlebot3_teleop:/home/lx/ros2/ros/turtlebot3_ws/install/turtlebot3_example:/opt/ros/humble /usr/bin/cmake --build /home/lx/ros2/ros/turtlebot3_ws/build/turtlebot3_navigation2 -- -j12 -l12
[2.217s] INFO:colcon.colcon_core.task.python.build:Building Python package in '/home/lx/ros2/ros/turtlebot3_ws/src/turtlebot3/turtlebot3_teleop'
[2.231s] INFO:colcon.colcon_core.shell:Skip shell extension 'powershell' for command environment: Not usable outside of PowerShell
[2.232s] DEBUG:colcon.colcon_core.shell:Skip shell extension 'dsv' for command environment
[2.276s] DEBUG:colcon.colcon_core.event_handler.log_command:Invoked command in '/home/lx/ros2/ros/turtlebot3_ws/build/turtlebot3_cartographer' returned '0': CMAKE_PREFIX_PATH=${CMAKE_PREFIX_PATH}:/home/lx/ros2/ros/turtlebot3_ws/install/turtlebot3_teleop:/home/lx/ros2/ros/turtlebot3_ws/install/turtlebot3_example:/opt/ros/humble /usr/bin/cmake --build /home/lx/ros2/ros/turtlebot3_ws/build/turtlebot3_cartographer -- -j12 -l12
[2.278s] DEBUG:colcon.colcon_core.event_handler.log_command:Invoked command in '/home/lx/ros2/ros/turtlebot3_ws/build/turtlebot3_description' returned '0': CMAKE_PREFIX_PATH=${CMAKE_PREFIX_PATH}:/home/lx/ros2/ros/turtlebot3_ws/install/turtlebot3_teleop:/home/lx/ros2/ros/turtlebot3_ws/install/turtlebot3_example:/opt/ros/humble /usr/bin/cmake --build /home/lx/ros2/ros/turtlebot3_ws/build/turtlebot3_description -- -j12 -l12
[2.279s] DEBUG:colcon.colcon_core.event_handler.log_command:Invoked command in '/home/lx/ros2/ros/turtlebot3_ws/build/turtlebot3_node' returned '0': CMAKE_PREFIX_PATH=${CMAKE_PREFIX_PATH}:/home/lx/ros2/ros/turtlebot3_ws/install/turtlebot3_teleop:/home/lx/ros2/ros/turtlebot3_ws/install/turtlebot3_example:/opt/ros/humble /usr/bin/cmake --build /home/lx/ros2/ros/turtlebot3_ws/build/turtlebot3_node -- -j12 -l12
[2.282s] DEBUG:colcon.colcon_core.event_handler.log_command:Invoked command in '/home/lx/ros2/ros/turtlebot3_ws/build/turtlebot3_navigation2' returned '0': CMAKE_PREFIX_PATH=${CMAKE_PREFIX_PATH}:/home/lx/ros2/ros/turtlebot3_ws/install/turtlebot3_teleop:/home/lx/ros2/ros/turtlebot3_ws/install/turtlebot3_example:/opt/ros/humble /usr/bin/cmake --build /home/lx/ros2/ros/turtlebot3_ws/build/turtlebot3_navigation2 -- -j12 -l12
[2.302s] DEBUG:colcon.colcon_core.event_handler.log_command:Invoking command in '/home/lx/ros2/ros/turtlebot3_ws/build/turtlebot3_cartographer': CMAKE_PREFIX_PATH=${CMAKE_PREFIX_PATH}:/home/lx/ros2/ros/turtlebot3_ws/install/turtlebot3_teleop:/home/lx/ros2/ros/turtlebot3_ws/install/turtlebot3_example:/opt/ros/humble /usr/bin/cmake --install /home/lx/ros2/ros/turtlebot3_ws/build/turtlebot3_cartographer
[2.304s] DEBUG:colcon.colcon_core.event_handler.log_command:Invoking command in '/home/lx/ros2/ros/turtlebot3_ws/build/turtlebot3_description': CMAKE_PREFIX_PATH=${CMAKE_PREFIX_PATH}:/home/lx/ros2/ros/turtlebot3_ws/install/turtlebot3_teleop:/home/lx/ros2/ros/turtlebot3_ws/install/turtlebot3_example:/opt/ros/humble /usr/bin/cmake --install /home/lx/ros2/ros/turtlebot3_ws/build/turtlebot3_description
[2.306s] DEBUG:colcon.colcon_core.event_handler.log_command:Invoking command in '/home/lx/ros2/ros/turtlebot3_ws/build/turtlebot3_navigation2': CMAKE_PREFIX_PATH=${CMAKE_PREFIX_PATH}:/home/lx/ros2/ros/turtlebot3_ws/install/turtlebot3_teleop:/home/lx/ros2/ros/turtlebot3_ws/install/turtlebot3_example:/opt/ros/humble /usr/bin/cmake --install /home/lx/ros2/ros/turtlebot3_ws/build/turtlebot3_navigation2
[2.313s] Level 1:colcon.colcon_core.environment:create_environment_scripts_only(turtlebot3_cartographer)
[2.315s] DEBUG:colcon.colcon_core.event_handler.log_command:Invoked command in '/home/lx/ros2/ros/turtlebot3_ws/build/turtlebot3_cartographer' returned '0': CMAKE_PREFIX_PATH=${CMAKE_PREFIX_PATH}:/home/lx/ros2/ros/turtlebot3_ws/install/turtlebot3_teleop:/home/lx/ros2/ros/turtlebot3_ws/install/turtlebot3_example:/opt/ros/humble /usr/bin/cmake --install /home/lx/ros2/ros/turtlebot3_ws/build/turtlebot3_cartographer
[2.336s] Level 1:colcon.colcon_core.environment:checking '/home/lx/ros2/ros/turtlebot3_ws/install/turtlebot3_cartographer' for CMake module files
[2.336s] Level 1:colcon.colcon_core.environment:checking '/home/lx/ros2/ros/turtlebot3_ws/install/turtlebot3_cartographer' for CMake config files
[2.337s] Level 1:colcon.colcon_core.shell:create_environment_hook('turtlebot3_cartographer', 'cmake_prefix_path')
[2.352s] INFO:colcon.colcon_core.shell:Creating environment hook '/home/lx/ros2/ros/turtlebot3_ws/install/turtlebot3_cartographer/share/turtlebot3_cartographer/hook/cmake_prefix_path.ps1'
[2.352s] INFO:colcon.colcon_core.shell:Creating environment descriptor '/home/lx/ros2/ros/turtlebot3_ws/install/turtlebot3_cartographer/share/turtlebot3_cartographer/hook/cmake_prefix_path.dsv'
[2.353s] INFO:colcon.colcon_core.shell:Creating environment hook '/home/lx/ros2/ros/turtlebot3_ws/install/turtlebot3_cartographer/share/turtlebot3_cartographer/hook/cmake_prefix_path.sh'
[2.353s] Level 1:colcon.colcon_core.environment:checking '/home/lx/ros2/ros/turtlebot3_ws/install/turtlebot3_cartographer/bin'
[2.353s] Level 1:colcon.colcon_core.environment:checking '/home/lx/ros2/ros/turtlebot3_ws/install/turtlebot3_cartographer/lib/pkgconfig/turtlebot3_cartographer.pc'
[2.353s] Level 1:colcon.colcon_core.environment:checking '/home/lx/ros2/ros/turtlebot3_ws/install/turtlebot3_cartographer/lib/python3.10/site-packages'
[2.354s] Level 1:colcon.colcon_core.environment:checking '/home/lx/ros2/ros/turtlebot3_ws/install/turtlebot3_cartographer/bin'
[2.369s] INFO:colcon.colcon_core.shell:Creating package script '/home/lx/ros2/ros/turtlebot3_ws/install/turtlebot3_cartographer/share/turtlebot3_cartographer/package.ps1'
[2.370s] INFO:colcon.colcon_core.shell:Creating package descriptor '/home/lx/ros2/ros/turtlebot3_ws/install/turtlebot3_cartographer/share/turtlebot3_cartographer/package.dsv'
[2.371s] INFO:colcon.colcon_core.shell:Creating package script '/home/lx/ros2/ros/turtlebot3_ws/install/turtlebot3_cartographer/share/turtlebot3_cartographer/package.sh'
[2.371s] INFO:colcon.colcon_core.shell:Creating package script '/home/lx/ros2/ros/turtlebot3_ws/install/turtlebot3_cartographer/share/turtlebot3_cartographer/package.bash'
[2.372s] INFO:colcon.colcon_core.shell:Creating package script '/home/lx/ros2/ros/turtlebot3_ws/install/turtlebot3_cartographer/share/turtlebot3_cartographer/package.zsh'
[2.372s] Level 1:colcon.colcon_core.environment:create_file_with_runtime_dependencies(/home/lx/ros2/ros/turtlebot3_ws/install/turtlebot3_cartographer/share/colcon-core/packages/turtlebot3_cartographer)
[2.374s] DEBUG:colcon.colcon_core.event_handler.log_command:Invoking command in '/home/lx/ros2/ros/turtlebot3_ws/build/turtlebot3_node': CMAKE_PREFIX_PATH=${CMAKE_PREFIX_PATH}:/home/lx/ros2/ros/turtlebot3_ws/install/turtlebot3_teleop:/home/lx/ros2/ros/turtlebot3_ws/install/turtlebot3_example:/opt/ros/humble /usr/bin/cmake --install /home/lx/ros2/ros/turtlebot3_ws/build/turtlebot3_node
[2.375s] Level 1:colcon.colcon_core.environment:create_environment_scripts_only(turtlebot3_description)
[2.376s] DEBUG:colcon.colcon_core.event_handler.log_command:Invoked command in '/home/lx/ros2/ros/turtlebot3_ws/build/turtlebot3_description' returned '0': CMAKE_PREFIX_PATH=${CMAKE_PREFIX_PATH}:/home/lx/ros2/ros/turtlebot3_ws/install/turtlebot3_teleop:/home/lx/ros2/ros/turtlebot3_ws/install/turtlebot3_example:/opt/ros/humble /usr/bin/cmake --install /home/lx/ros2/ros/turtlebot3_ws/build/turtlebot3_description
[2.397s] Level 1:colcon.colcon_core.environment:checking '/home/lx/ros2/ros/turtlebot3_ws/install/turtlebot3_description' for CMake module files
[2.398s] Level 1:colcon.colcon_core.environment:checking '/home/lx/ros2/ros/turtlebot3_ws/install/turtlebot3_description' for CMake config files
[2.398s] Level 1:colcon.colcon_core.shell:create_environment_hook('turtlebot3_description', 'cmake_prefix_path')
[2.421s] INFO:colcon.colcon_core.shell:Creating environment hook '/home/lx/ros2/ros/turtlebot3_ws/install/turtlebot3_description/share/turtlebot3_description/hook/cmake_prefix_path.ps1'
[2.422s] INFO:colcon.colcon_core.shell:Creating environment descriptor '/home/lx/ros2/ros/turtlebot3_ws/install/turtlebot3_description/share/turtlebot3_description/hook/cmake_prefix_path.dsv'
[2.422s] INFO:colcon.colcon_core.shell:Creating environment hook '/home/lx/ros2/ros/turtlebot3_ws/install/turtlebot3_description/share/turtlebot3_description/hook/cmake_prefix_path.sh'
[2.423s] Level 1:colcon.colcon_core.environment:checking '/home/lx/ros2/ros/turtlebot3_ws/install/turtlebot3_description/bin'
[2.423s] Level 1:colcon.colcon_core.environment:checking '/home/lx/ros2/ros/turtlebot3_ws/install/turtlebot3_description/lib/pkgconfig/turtlebot3_description.pc'
[2.423s] Level 1:colcon.colcon_core.environment:checking '/home/lx/ros2/ros/turtlebot3_ws/install/turtlebot3_description/lib/python3.10/site-packages'
[2.423s] Level 1:colcon.colcon_core.environment:checking '/home/lx/ros2/ros/turtlebot3_ws/install/turtlebot3_description/bin'
[2.441s] INFO:colcon.colcon_core.shell:Creating package script '/home/lx/ros2/ros/turtlebot3_ws/install/turtlebot3_description/share/turtlebot3_description/package.ps1'
[2.442s] INFO:colcon.colcon_core.shell:Creating package descriptor '/home/lx/ros2/ros/turtlebot3_ws/install/turtlebot3_description/share/turtlebot3_description/package.dsv'
[2.442s] INFO:colcon.colcon_core.shell:Creating package script '/home/lx/ros2/ros/turtlebot3_ws/install/turtlebot3_description/share/turtlebot3_description/package.sh'
[2.442s] INFO:colcon.colcon_core.shell:Creating package script '/home/lx/ros2/ros/turtlebot3_ws/install/turtlebot3_description/share/turtlebot3_description/package.bash'
[2.443s] INFO:colcon.colcon_core.shell:Creating package script '/home/lx/ros2/ros/turtlebot3_ws/install/turtlebot3_description/share/turtlebot3_description/package.zsh'
[2.443s] Level 1:colcon.colcon_core.environment:create_file_with_runtime_dependencies(/home/lx/ros2/ros/turtlebot3_ws/install/turtlebot3_description/share/colcon-core/packages/turtlebot3_description)
[2.445s] Level 1:colcon.colcon_core.environment:create_environment_scripts_only(turtlebot3_navigation2)
[2.446s] DEBUG:colcon.colcon_core.event_handler.log_command:Invoked command in '/home/lx/ros2/ros/turtlebot3_ws/build/turtlebot3_navigation2' returned '0': CMAKE_PREFIX_PATH=${CMAKE_PREFIX_PATH}:/home/lx/ros2/ros/turtlebot3_ws/install/turtlebot3_teleop:/home/lx/ros2/ros/turtlebot3_ws/install/turtlebot3_example:/opt/ros/humble /usr/bin/cmake --install /home/lx/ros2/ros/turtlebot3_ws/build/turtlebot3_navigation2
[2.471s] Level 1:colcon.colcon_core.environment:checking '/home/lx/ros2/ros/turtlebot3_ws/install/turtlebot3_navigation2' for CMake module files
[2.472s] Level 1:colcon.colcon_core.environment:checking '/home/lx/ros2/ros/turtlebot3_ws/install/turtlebot3_navigation2' for CMake config files
[2.472s] Level 1:colcon.colcon_core.shell:create_environment_hook('turtlebot3_navigation2', 'cmake_prefix_path')
[2.487s] INFO:colcon.colcon_core.shell:Creating environment hook '/home/lx/ros2/ros/turtlebot3_ws/install/turtlebot3_navigation2/share/turtlebot3_navigation2/hook/cmake_prefix_path.ps1'
[2.487s] INFO:colcon.colcon_core.shell:Creating environment descriptor '/home/lx/ros2/ros/turtlebot3_ws/install/turtlebot3_navigation2/share/turtlebot3_navigation2/hook/cmake_prefix_path.dsv'
[2.487s] INFO:colcon.colcon_core.shell:Creating environment hook '/home/lx/ros2/ros/turtlebot3_ws/install/turtlebot3_navigation2/share/turtlebot3_navigation2/hook/cmake_prefix_path.sh'
[2.488s] Level 1:colcon.colcon_core.environment:checking '/home/lx/ros2/ros/turtlebot3_ws/install/turtlebot3_navigation2/bin'
[2.488s] Level 1:colcon.colcon_core.environment:checking '/home/lx/ros2/ros/turtlebot3_ws/install/turtlebot3_navigation2/lib/pkgconfig/turtlebot3_navigation2.pc'
[2.488s] Level 1:colcon.colcon_core.environment:checking '/home/lx/ros2/ros/turtlebot3_ws/install/turtlebot3_navigation2/lib/python3.10/site-packages'
[2.488s] Level 1:colcon.colcon_core.environment:checking '/home/lx/ros2/ros/turtlebot3_ws/install/turtlebot3_navigation2/bin'
[2.502s] INFO:colcon.colcon_core.shell:Creating package script '/home/lx/ros2/ros/turtlebot3_ws/install/turtlebot3_navigation2/share/turtlebot3_navigation2/package.ps1'
[2.503s] INFO:colcon.colcon_core.shell:Creating package descriptor '/home/lx/ros2/ros/turtlebot3_ws/install/turtlebot3_navigation2/share/turtlebot3_navigation2/package.dsv'
[2.503s] INFO:colcon.colcon_core.shell:Creating package script '/home/lx/ros2/ros/turtlebot3_ws/install/turtlebot3_navigation2/share/turtlebot3_navigation2/package.sh'
[2.503s] INFO:colcon.colcon_core.shell:Creating package script '/home/lx/ros2/ros/turtlebot3_ws/install/turtlebot3_navigation2/share/turtlebot3_navigation2/package.bash'
[2.504s] INFO:colcon.colcon_core.shell:Creating package script '/home/lx/ros2/ros/turtlebot3_ws/install/turtlebot3_navigation2/share/turtlebot3_navigation2/package.zsh'
[2.504s] Level 1:colcon.colcon_core.environment:create_file_with_runtime_dependencies(/home/lx/ros2/ros/turtlebot3_ws/install/turtlebot3_navigation2/share/colcon-core/packages/turtlebot3_navigation2)
[2.505s] Level 1:colcon.colcon_core.environment:create_environment_scripts_only(turtlebot3_node)
[2.506s] DEBUG:colcon.colcon_core.event_handler.log_command:Invoked command in '/home/lx/ros2/ros/turtlebot3_ws/build/turtlebot3_node' returned '0': CMAKE_PREFIX_PATH=${CMAKE_PREFIX_PATH}:/home/lx/ros2/ros/turtlebot3_ws/install/turtlebot3_teleop:/home/lx/ros2/ros/turtlebot3_ws/install/turtlebot3_example:/opt/ros/humble /usr/bin/cmake --install /home/lx/ros2/ros/turtlebot3_ws/build/turtlebot3_node
[2.523s] Level 1:colcon.colcon_core.environment:checking '/home/lx/ros2/ros/turtlebot3_ws/install/turtlebot3_node' for CMake module files
[2.523s] Level 1:colcon.colcon_core.environment:checking '/home/lx/ros2/ros/turtlebot3_ws/install/turtlebot3_node' for CMake config files
[2.523s] Level 1:colcon.colcon_core.shell:create_environment_hook('turtlebot3_node', 'cmake_prefix_path')
[2.537s] INFO:colcon.colcon_core.shell:Creating environment hook '/home/lx/ros2/ros/turtlebot3_ws/install/turtlebot3_node/share/turtlebot3_node/hook/cmake_prefix_path.ps1'
[2.537s] INFO:colcon.colcon_core.shell:Creating environment descriptor '/home/lx/ros2/ros/turtlebot3_ws/install/turtlebot3_node/share/turtlebot3_node/hook/cmake_prefix_path.dsv'
[2.537s] INFO:colcon.colcon_core.shell:Creating environment hook '/home/lx/ros2/ros/turtlebot3_ws/install/turtlebot3_node/share/turtlebot3_node/hook/cmake_prefix_path.sh'
[2.538s] Level 1:colcon.colcon_core.environment:checking '/home/lx/ros2/ros/turtlebot3_ws/install/turtlebot3_node/lib'
[2.538s] Level 1:colcon.colcon_core.environment:checking '/home/lx/ros2/ros/turtlebot3_ws/install/turtlebot3_node/bin'
[2.538s] Level 1:colcon.colcon_core.environment:checking '/home/lx/ros2/ros/turtlebot3_ws/install/turtlebot3_node/lib/pkgconfig/turtlebot3_node.pc'
[2.538s] Level 1:colcon.colcon_core.environment:checking '/home/lx/ros2/ros/turtlebot3_ws/install/turtlebot3_node/lib/python3.10/site-packages'
[2.538s] Level 1:colcon.colcon_core.environment:checking '/home/lx/ros2/ros/turtlebot3_ws/install/turtlebot3_node/bin'
[2.553s] INFO:colcon.colcon_core.shell:Creating package script '/home/lx/ros2/ros/turtlebot3_ws/install/turtlebot3_node/share/turtlebot3_node/package.ps1'
[2.553s] INFO:colcon.colcon_core.shell:Creating package descriptor '/home/lx/ros2/ros/turtlebot3_ws/install/turtlebot3_node/share/turtlebot3_node/package.dsv'
[2.553s] INFO:colcon.colcon_core.shell:Creating package script '/home/lx/ros2/ros/turtlebot3_ws/install/turtlebot3_node/share/turtlebot3_node/package.sh'
[2.554s] INFO:colcon.colcon_core.shell:Creating package script '/home/lx/ros2/ros/turtlebot3_ws/install/turtlebot3_node/share/turtlebot3_node/package.bash'
[2.554s] INFO:colcon.colcon_core.shell:Creating package script '/home/lx/ros2/ros/turtlebot3_ws/install/turtlebot3_node/share/turtlebot3_node/package.zsh'
[2.554s] Level 1:colcon.colcon_core.environment:create_file_with_runtime_dependencies(/home/lx/ros2/ros/turtlebot3_ws/install/turtlebot3_node/share/colcon-core/packages/turtlebot3_node)
[2.568s] Level 1:colcon.colcon_core.environment:create_environment_scripts_only(turtlebot3_cartographer)
[2.582s] Level 1:colcon.colcon_core.environment:checking '/home/lx/ros2/ros/turtlebot3_ws/install/turtlebot3_cartographer' for CMake module files
[2.582s] Level 1:colcon.colcon_core.environment:checking '/home/lx/ros2/ros/turtlebot3_ws/install/turtlebot3_cartographer' for CMake config files
[2.583s] Level 1:colcon.colcon_core.shell:create_environment_hook('turtlebot3_cartographer', 'cmake_prefix_path')
[2.596s] INFO:colcon.colcon_core.shell:Creating environment hook '/home/lx/ros2/ros/turtlebot3_ws/install/turtlebot3_cartographer/share/turtlebot3_cartographer/hook/cmake_prefix_path.ps1'
[2.597s] INFO:colcon.colcon_core.shell:Creating environment descriptor '/home/lx/ros2/ros/turtlebot3_ws/install/turtlebot3_cartographer/share/turtlebot3_cartographer/hook/cmake_prefix_path.dsv'
[2.597s] INFO:colcon.colcon_core.shell:Creating environment hook '/home/lx/ros2/ros/turtlebot3_ws/install/turtlebot3_cartographer/share/turtlebot3_cartographer/hook/cmake_prefix_path.sh'
[2.597s] Level 1:colcon.colcon_core.environment:checking '/home/lx/ros2/ros/turtlebot3_ws/install/turtlebot3_cartographer/bin'
[2.597s] Level 1:colcon.colcon_core.environment:checking '/home/lx/ros2/ros/turtlebot3_ws/install/turtlebot3_cartographer/lib/pkgconfig/turtlebot3_cartographer.pc'
[2.598s] Level 1:colcon.colcon_core.environment:checking '/home/lx/ros2/ros/turtlebot3_ws/install/turtlebot3_cartographer/lib/python3.10/site-packages'
[2.598s] Level 1:colcon.colcon_core.environment:checking '/home/lx/ros2/ros/turtlebot3_ws/install/turtlebot3_cartographer/bin'
[2.612s] INFO:colcon.colcon_core.shell:Creating package script '/home/lx/ros2/ros/turtlebot3_ws/install/turtlebot3_cartographer/share/turtlebot3_cartographer/package.ps1'
[2.612s] INFO:colcon.colcon_core.shell:Creating package descriptor '/home/lx/ros2/ros/turtlebot3_ws/install/turtlebot3_cartographer/share/turtlebot3_cartographer/package.dsv'
[2.612s] INFO:colcon.colcon_core.shell:Creating package script '/home/lx/ros2/ros/turtlebot3_ws/install/turtlebot3_cartographer/share/turtlebot3_cartographer/package.sh'
[2.613s] INFO:colcon.colcon_core.shell:Creating package script '/home/lx/ros2/ros/turtlebot3_ws/install/turtlebot3_cartographer/share/turtlebot3_cartographer/package.bash'
[2.613s] INFO:colcon.colcon_core.shell:Creating package script '/home/lx/ros2/ros/turtlebot3_ws/install/turtlebot3_cartographer/share/turtlebot3_cartographer/package.zsh'
[2.613s] Level 1:colcon.colcon_core.environment:create_file_with_runtime_dependencies(/home/lx/ros2/ros/turtlebot3_ws/install/turtlebot3_cartographer/share/colcon-core/packages/turtlebot3_cartographer)
[2.628s] Level 1:colcon.colcon_core.environment:create_environment_scripts_only(turtlebot3_description)
[2.642s] Level 1:colcon.colcon_core.environment:checking '/home/lx/ros2/ros/turtlebot3_ws/install/turtlebot3_description' for CMake module files
[2.643s] Level 1:colcon.colcon_core.environment:checking '/home/lx/ros2/ros/turtlebot3_ws/install/turtlebot3_description' for CMake config files
[2.643s] Level 1:colcon.colcon_core.shell:create_environment_hook('turtlebot3_description', 'cmake_prefix_path')
[2.657s] INFO:colcon.colcon_core.shell:Creating environment hook '/home/lx/ros2/ros/turtlebot3_ws/install/turtlebot3_description/share/turtlebot3_description/hook/cmake_prefix_path.ps1'
[2.658s] INFO:colcon.colcon_core.shell:Creating environment descriptor '/home/lx/ros2/ros/turtlebot3_ws/install/turtlebot3_description/share/turtlebot3_description/hook/cmake_prefix_path.dsv'
[2.658s] INFO:colcon.colcon_core.shell:Creating environment hook '/home/lx/ros2/ros/turtlebot3_ws/install/turtlebot3_description/share/turtlebot3_description/hook/cmake_prefix_path.sh'
[2.658s] Level 1:colcon.colcon_core.environment:checking '/home/lx/ros2/ros/turtlebot3_ws/install/turtlebot3_description/bin'
[2.659s] Level 1:colcon.colcon_core.environment:checking '/home/lx/ros2/ros/turtlebot3_ws/install/turtlebot3_description/lib/pkgconfig/turtlebot3_description.pc'
[2.659s] Level 1:colcon.colcon_core.environment:checking '/home/lx/ros2/ros/turtlebot3_ws/install/turtlebot3_description/lib/python3.10/site-packages'
[2.659s] Level 1:colcon.colcon_core.environment:checking '/home/lx/ros2/ros/turtlebot3_ws/install/turtlebot3_description/bin'
[2.673s] INFO:colcon.colcon_core.shell:Creating package script '/home/lx/ros2/ros/turtlebot3_ws/install/turtlebot3_description/share/turtlebot3_description/package.ps1'
[2.673s] INFO:colcon.colcon_core.shell:Creating package descriptor '/home/lx/ros2/ros/turtlebot3_ws/install/turtlebot3_description/share/turtlebot3_description/package.dsv'
[2.673s] INFO:colcon.colcon_core.shell:Creating package script '/home/lx/ros2/ros/turtlebot3_ws/install/turtlebot3_description/share/turtlebot3_description/package.sh'
[2.674s] INFO:colcon.colcon_core.shell:Creating package script '/home/lx/ros2/ros/turtlebot3_ws/install/turtlebot3_description/share/turtlebot3_description/package.bash'
[2.674s] INFO:colcon.colcon_core.shell:Creating package script '/home/lx/ros2/ros/turtlebot3_ws/install/turtlebot3_description/share/turtlebot3_description/package.zsh'
[2.674s] Level 1:colcon.colcon_core.environment:create_file_with_runtime_dependencies(/home/lx/ros2/ros/turtlebot3_ws/install/turtlebot3_description/share/colcon-core/packages/turtlebot3_description)
[2.688s] Level 1:colcon.colcon_core.environment:create_environment_scripts_only(turtlebot3_navigation2)
[2.701s] Level 1:colcon.colcon_core.environment:checking '/home/lx/ros2/ros/turtlebot3_ws/install/turtlebot3_navigation2' for CMake module files
[2.702s] Level 1:colcon.colcon_core.environment:checking '/home/lx/ros2/ros/turtlebot3_ws/install/turtlebot3_navigation2' for CMake config files
[2.702s] Level 1:colcon.colcon_core.shell:create_environment_hook('turtlebot3_navigation2', 'cmake_prefix_path')
[2.715s] INFO:colcon.colcon_core.shell:Creating environment hook '/home/lx/ros2/ros/turtlebot3_ws/install/turtlebot3_navigation2/share/turtlebot3_navigation2/hook/cmake_prefix_path.ps1'
[2.716s] INFO:colcon.colcon_core.shell:Creating environment descriptor '/home/lx/ros2/ros/turtlebot3_ws/install/turtlebot3_navigation2/share/turtlebot3_navigation2/hook/cmake_prefix_path.dsv'
[2.716s] INFO:colcon.colcon_core.shell:Creating environment hook '/home/lx/ros2/ros/turtlebot3_ws/install/turtlebot3_navigation2/share/turtlebot3_navigation2/hook/cmake_prefix_path.sh'
[2.716s] Level 1:colcon.colcon_core.environment:checking '/home/lx/ros2/ros/turtlebot3_ws/install/turtlebot3_navigation2/bin'
[2.716s] Level 1:colcon.colcon_core.environment:checking '/home/lx/ros2/ros/turtlebot3_ws/install/turtlebot3_navigation2/lib/pkgconfig/turtlebot3_navigation2.pc'
[2.717s] Level 1:colcon.colcon_core.environment:checking '/home/lx/ros2/ros/turtlebot3_ws/install/turtlebot3_navigation2/lib/python3.10/site-packages'
[2.717s] Level 1:colcon.colcon_core.environment:checking '/home/lx/ros2/ros/turtlebot3_ws/install/turtlebot3_navigation2/bin'
[2.730s] INFO:colcon.colcon_core.shell:Creating package script '/home/lx/ros2/ros/turtlebot3_ws/install/turtlebot3_navigation2/share/turtlebot3_navigation2/package.ps1'
[2.730s] INFO:colcon.colcon_core.shell:Creating package descriptor '/home/lx/ros2/ros/turtlebot3_ws/install/turtlebot3_navigation2/share/turtlebot3_navigation2/package.dsv'
[2.731s] INFO:colcon.colcon_core.shell:Creating package script '/home/lx/ros2/ros/turtlebot3_ws/install/turtlebot3_navigation2/share/turtlebot3_navigation2/package.sh'
[2.731s] INFO:colcon.colcon_core.shell:Creating package script '/home/lx/ros2/ros/turtlebot3_ws/install/turtlebot3_navigation2/share/turtlebot3_navigation2/package.bash'
[2.731s] INFO:colcon.colcon_core.shell:Creating package script '/home/lx/ros2/ros/turtlebot3_ws/install/turtlebot3_navigation2/share/turtlebot3_navigation2/package.zsh'
[2.731s] Level 1:colcon.colcon_core.environment:create_file_with_runtime_dependencies(/home/lx/ros2/ros/turtlebot3_ws/install/turtlebot3_navigation2/share/colcon-core/packages/turtlebot3_navigation2)
[2.745s] Level 1:colcon.colcon_core.environment:create_environment_scripts_only(turtlebot3_node)
[2.758s] Level 1:colcon.colcon_core.environment:checking '/home/lx/ros2/ros/turtlebot3_ws/install/turtlebot3_node' for CMake module files
[2.758s] Level 1:colcon.colcon_core.environment:checking '/home/lx/ros2/ros/turtlebot3_ws/install/turtlebot3_node' for CMake config files
[2.758s] Level 1:colcon.colcon_core.shell:create_environment_hook('turtlebot3_node', 'cmake_prefix_path')
[2.771s] INFO:colcon.colcon_core.shell:Creating environment hook '/home/lx/ros2/ros/turtlebot3_ws/install/turtlebot3_node/share/turtlebot3_node/hook/cmake_prefix_path.ps1'
[2.772s] INFO:colcon.colcon_core.shell:Creating environment descriptor '/home/lx/ros2/ros/turtlebot3_ws/install/turtlebot3_node/share/turtlebot3_node/hook/cmake_prefix_path.dsv'
[2.772s] INFO:colcon.colcon_core.shell:Creating environment hook '/home/lx/ros2/ros/turtlebot3_ws/install/turtlebot3_node/share/turtlebot3_node/hook/cmake_prefix_path.sh'
[2.772s] Level 1:colcon.colcon_core.environment:checking '/home/lx/ros2/ros/turtlebot3_ws/install/turtlebot3_node/lib'
[2.772s] Level 1:colcon.colcon_core.environment:checking '/home/lx/ros2/ros/turtlebot3_ws/install/turtlebot3_node/bin'
[2.772s] Level 1:colcon.colcon_core.environment:checking '/home/lx/ros2/ros/turtlebot3_ws/install/turtlebot3_node/lib/pkgconfig/turtlebot3_node.pc'
[2.773s] Level 1:colcon.colcon_core.environment:checking '/home/lx/ros2/ros/turtlebot3_ws/install/turtlebot3_node/lib/python3.10/site-packages'
[2.773s] Level 1:colcon.colcon_core.environment:checking '/home/lx/ros2/ros/turtlebot3_ws/install/turtlebot3_node/bin'
[2.786s] INFO:colcon.colcon_core.shell:Creating package script '/home/lx/ros2/ros/turtlebot3_ws/install/turtlebot3_node/share/turtlebot3_node/package.ps1'
[2.786s] INFO:colcon.colcon_core.shell:Creating package descriptor '/home/lx/ros2/ros/turtlebot3_ws/install/turtlebot3_node/share/turtlebot3_node/package.dsv'
[2.787s] INFO:colcon.colcon_core.shell:Creating package script '/home/lx/ros2/ros/turtlebot3_ws/install/turtlebot3_node/share/turtlebot3_node/package.sh'
[2.787s] INFO:colcon.colcon_core.shell:Creating package script '/home/lx/ros2/ros/turtlebot3_ws/install/turtlebot3_node/share/turtlebot3_node/package.bash'
[2.787s] INFO:colcon.colcon_core.shell:Creating package script '/home/lx/ros2/ros/turtlebot3_ws/install/turtlebot3_node/share/turtlebot3_node/package.zsh'
[2.787s] Level 1:colcon.colcon_core.environment:create_file_with_runtime_dependencies(/home/lx/ros2/ros/turtlebot3_ws/install/turtlebot3_node/share/colcon-core/packages/turtlebot3_node)
[2.790s] INFO:colcon.colcon_ros.task.ament_cmake.build:Building ROS package in '/home/lx/ros2/ros/turtlebot3_ws/src/turtlebot3/turtlebot3_bringup' with build type 'ament_cmake'
[2.790s] INFO:colcon.colcon_cmake.task.cmake.build:Building CMake package in '/home/lx/ros2/ros/turtlebot3_ws/src/turtlebot3/turtlebot3_bringup'
[2.790s] DEBUG:colcon.colcon_core.event_handler.log_command:Invoking command in '/home/lx/ros2/ros/turtlebot3_ws/src/turtlebot3/turtlebot3_teleop': PYTHONPATH=/home/lx/ros2/ros/turtlebot3_ws/build/turtlebot3_teleop/prefix_override:/home/lx/ros2/ros/turtlebot3_ws/install/turtlebot3_teleop/lib/python3.10/site-packages:${PYTHONPATH} /usr/bin/python3 setup.py egg_info --egg-base ../../../build/turtlebot3_teleop build --build-base /home/lx/ros2/ros/turtlebot3_ws/build/turtlebot3_teleop/build install --record /home/lx/ros2/ros/turtlebot3_ws/build/turtlebot3_teleop/install.log --single-version-externally-managed
[2.793s] DEBUG:colcon.colcon_core.event_handler.log_command:Invoking command in '/home/lx/ros2/ros/turtlebot3_ws/src/turtlebot3/turtlebot3_example': PYTHONPATH=/home/lx/ros2/ros/turtlebot3_ws/build/turtlebot3_example/prefix_override:/home/lx/ros2/ros/turtlebot3_ws/install/turtlebot3_example/lib/python3.10/site-packages:${PYTHONPATH} /usr/bin/python3 setup.py egg_info --egg-base ../../../build/turtlebot3_example build --build-base /home/lx/ros2/ros/turtlebot3_ws/build/turtlebot3_example/build install --record /home/lx/ros2/ros/turtlebot3_ws/build/turtlebot3_example/install.log --single-version-externally-managed
[2.807s] INFO:colcon.colcon_core.shell:Skip shell extension 'powershell' for command environment: Not usable outside of PowerShell
[2.807s] DEBUG:colcon.colcon_core.shell:Skip shell extension 'dsv' for command environment
[2.858s] DEBUG:colcon.colcon_core.event_handler.log_command:Invoking command in '/home/lx/ros2/ros/turtlebot3_ws/build/turtlebot3_bringup': CMAKE_PREFIX_PATH=/home/lx/ros2/ros/turtlebot3_ws/install/turtlebot3_node:/home/lx/ros2/ros/turtlebot3_ws/install/turtlebot3_description:/home/lx/ros2/ros/turtlebot3_ws/install/turtlebot3:/home/lx/ros2/ros/turtlebot3_ws/install/turtlebot3_bringup:/home/lx/ros2/ros/turtlebot3_ws/install/turtlebot3_navigation2:/home/lx/ros2/ros/turtlebot3_ws/install/turtlebot3_cartographer:/home/lx/ros2/ros/turtlebot3_ws/install/turtlebot3_teleop:/home/lx/ros2/ros/turtlebot3_ws/install/turtlebot3_example:/opt/ros/humble /usr/bin/cmake --build /home/lx/ros2/ros/turtlebot3_ws/build/turtlebot3_bringup -- -j12 -l12
[2.890s] DEBUG:colcon.colcon_core.event_handler.log_command:Invoked command in '/home/lx/ros2/ros/turtlebot3_ws/build/turtlebot3_bringup' returned '0': CMAKE_PREFIX_PATH=/home/lx/ros2/ros/turtlebot3_ws/install/turtlebot3_node:/home/lx/ros2/ros/turtlebot3_ws/install/turtlebot3_description:/home/lx/ros2/ros/turtlebot3_ws/install/turtlebot3:/home/lx/ros2/ros/turtlebot3_ws/install/turtlebot3_bringup:/home/lx/ros2/ros/turtlebot3_ws/install/turtlebot3_navigation2:/home/lx/ros2/ros/turtlebot3_ws/install/turtlebot3_cartographer:/home/lx/ros2/ros/turtlebot3_ws/install/turtlebot3_teleop:/home/lx/ros2/ros/turtlebot3_ws/install/turtlebot3_example:/opt/ros/humble /usr/bin/cmake --build /home/lx/ros2/ros/turtlebot3_ws/build/turtlebot3_bringup -- -j12 -l12
[2.906s] DEBUG:colcon.colcon_core.event_handler.log_command:Invoking command in '/home/lx/ros2/ros/turtlebot3_ws/build/turtlebot3_bringup': CMAKE_PREFIX_PATH=/home/lx/ros2/ros/turtlebot3_ws/install/turtlebot3_node:/home/lx/ros2/ros/turtlebot3_ws/install/turtlebot3_description:/home/lx/ros2/ros/turtlebot3_ws/install/turtlebot3:/home/lx/ros2/ros/turtlebot3_ws/install/turtlebot3_bringup:/home/lx/ros2/ros/turtlebot3_ws/install/turtlebot3_navigation2:/home/lx/ros2/ros/turtlebot3_ws/install/turtlebot3_cartographer:/home/lx/ros2/ros/turtlebot3_ws/install/turtlebot3_teleop:/home/lx/ros2/ros/turtlebot3_ws/install/turtlebot3_example:/opt/ros/humble /usr/bin/cmake --install /home/lx/ros2/ros/turtlebot3_ws/build/turtlebot3_bringup
[2.916s] Level 1:colcon.colcon_core.environment:create_environment_scripts_only(turtlebot3_bringup)
[2.917s] DEBUG:colcon.colcon_core.event_handler.log_command:Invoked command in '/home/lx/ros2/ros/turtlebot3_ws/build/turtlebot3_bringup' returned '0': CMAKE_PREFIX_PATH=/home/lx/ros2/ros/turtlebot3_ws/install/turtlebot3_node:/home/lx/ros2/ros/turtlebot3_ws/install/turtlebot3_description:/home/lx/ros2/ros/turtlebot3_ws/install/turtlebot3:/home/lx/ros2/ros/turtlebot3_ws/install/turtlebot3_bringup:/home/lx/ros2/ros/turtlebot3_ws/install/turtlebot3_navigation2:/home/lx/ros2/ros/turtlebot3_ws/install/turtlebot3_cartographer:/home/lx/ros2/ros/turtlebot3_ws/install/turtlebot3_teleop:/home/lx/ros2/ros/turtlebot3_ws/install/turtlebot3_example:/opt/ros/humble /usr/bin/cmake --install /home/lx/ros2/ros/turtlebot3_ws/build/turtlebot3_bringup
[2.932s] Level 1:colcon.colcon_core.environment:checking '/home/lx/ros2/ros/turtlebot3_ws/install/turtlebot3_bringup' for CMake module files
[2.932s] Level 1:colcon.colcon_core.environment:checking '/home/lx/ros2/ros/turtlebot3_ws/install/turtlebot3_bringup' for CMake config files
[2.932s] Level 1:colcon.colcon_core.shell:create_environment_hook('turtlebot3_bringup', 'cmake_prefix_path')
[2.945s] INFO:colcon.colcon_core.shell:Creating environment hook '/home/lx/ros2/ros/turtlebot3_ws/install/turtlebot3_bringup/share/turtlebot3_bringup/hook/cmake_prefix_path.ps1'
[2.946s] INFO:colcon.colcon_core.shell:Creating environment descriptor '/home/lx/ros2/ros/turtlebot3_ws/install/turtlebot3_bringup/share/turtlebot3_bringup/hook/cmake_prefix_path.dsv'
[2.946s] INFO:colcon.colcon_core.shell:Creating environment hook '/home/lx/ros2/ros/turtlebot3_ws/install/turtlebot3_bringup/share/turtlebot3_bringup/hook/cmake_prefix_path.sh'
[2.946s] Level 1:colcon.colcon_core.environment:checking '/home/lx/ros2/ros/turtlebot3_ws/install/turtlebot3_bringup/bin'
[2.947s] Level 1:colcon.colcon_core.environment:checking '/home/lx/ros2/ros/turtlebot3_ws/install/turtlebot3_bringup/lib/pkgconfig/turtlebot3_bringup.pc'
[2.947s] Level 1:colcon.colcon_core.environment:checking '/home/lx/ros2/ros/turtlebot3_ws/install/turtlebot3_bringup/lib/python3.10/site-packages'
[2.947s] Level 1:colcon.colcon_core.environment:checking '/home/lx/ros2/ros/turtlebot3_ws/install/turtlebot3_bringup/bin'
[2.961s] INFO:colcon.colcon_core.shell:Creating package script '/home/lx/ros2/ros/turtlebot3_ws/install/turtlebot3_bringup/share/turtlebot3_bringup/package.ps1'
[2.961s] INFO:colcon.colcon_core.shell:Creating package descriptor '/home/lx/ros2/ros/turtlebot3_ws/install/turtlebot3_bringup/share/turtlebot3_bringup/package.dsv'
[2.962s] INFO:colcon.colcon_core.shell:Creating package script '/home/lx/ros2/ros/turtlebot3_ws/install/turtlebot3_bringup/share/turtlebot3_bringup/package.sh'
[2.962s] INFO:colcon.colcon_core.shell:Creating package script '/home/lx/ros2/ros/turtlebot3_ws/install/turtlebot3_bringup/share/turtlebot3_bringup/package.bash'
[2.962s] INFO:colcon.colcon_core.shell:Creating package script '/home/lx/ros2/ros/turtlebot3_ws/install/turtlebot3_bringup/share/turtlebot3_bringup/package.zsh'
[2.962s] Level 1:colcon.colcon_core.environment:create_file_with_runtime_dependencies(/home/lx/ros2/ros/turtlebot3_ws/install/turtlebot3_bringup/share/colcon-core/packages/turtlebot3_bringup)
[2.991s] Level 1:colcon.colcon_core.environment:create_environment_scripts_only(turtlebot3_bringup)
[3.009s] Level 1:colcon.colcon_core.environment:checking '/home/lx/ros2/ros/turtlebot3_ws/install/turtlebot3_bringup' for CMake module files
[3.010s] Level 1:colcon.colcon_core.environment:checking '/home/lx/ros2/ros/turtlebot3_ws/install/turtlebot3_bringup' for CMake config files
[3.011s] Level 1:colcon.colcon_core.shell:create_environment_hook('turtlebot3_bringup', 'cmake_prefix_path')
[3.025s] INFO:colcon.colcon_core.shell:Creating environment hook '/home/lx/ros2/ros/turtlebot3_ws/install/turtlebot3_bringup/share/turtlebot3_bringup/hook/cmake_prefix_path.ps1'
[3.025s] INFO:colcon.colcon_core.shell:Creating environment descriptor '/home/lx/ros2/ros/turtlebot3_ws/install/turtlebot3_bringup/share/turtlebot3_bringup/hook/cmake_prefix_path.dsv'
[3.025s] INFO:colcon.colcon_core.shell:Creating environment hook '/home/lx/ros2/ros/turtlebot3_ws/install/turtlebot3_bringup/share/turtlebot3_bringup/hook/cmake_prefix_path.sh'
[3.026s] Level 1:colcon.colcon_core.environment:checking '/home/lx/ros2/ros/turtlebot3_ws/install/turtlebot3_bringup/bin'
[3.026s] Level 1:colcon.colcon_core.environment:checking '/home/lx/ros2/ros/turtlebot3_ws/install/turtlebot3_bringup/lib/pkgconfig/turtlebot3_bringup.pc'
[3.026s] Level 1:colcon.colcon_core.environment:checking '/home/lx/ros2/ros/turtlebot3_ws/install/turtlebot3_bringup/lib/python3.10/site-packages'
[3.026s] Level 1:colcon.colcon_core.environment:checking '/home/lx/ros2/ros/turtlebot3_ws/install/turtlebot3_bringup/bin'
[3.043s] INFO:colcon.colcon_core.shell:Creating package script '/home/lx/ros2/ros/turtlebot3_ws/install/turtlebot3_bringup/share/turtlebot3_bringup/package.ps1'
[3.044s] INFO:colcon.colcon_core.shell:Creating package descriptor '/home/lx/ros2/ros/turtlebot3_ws/install/turtlebot3_bringup/share/turtlebot3_bringup/package.dsv'
[3.045s] INFO:colcon.colcon_core.shell:Creating package script '/home/lx/ros2/ros/turtlebot3_ws/install/turtlebot3_bringup/share/turtlebot3_bringup/package.sh'
[3.045s] INFO:colcon.colcon_core.shell:Creating package script '/home/lx/ros2/ros/turtlebot3_ws/install/turtlebot3_bringup/share/turtlebot3_bringup/package.bash'
[3.046s] INFO:colcon.colcon_core.shell:Creating package script '/home/lx/ros2/ros/turtlebot3_ws/install/turtlebot3_bringup/share/turtlebot3_bringup/package.zsh'
[3.046s] Level 1:colcon.colcon_core.environment:create_file_with_runtime_dependencies(/home/lx/ros2/ros/turtlebot3_ws/install/turtlebot3_bringup/share/colcon-core/packages/turtlebot3_bringup)
[3.062s] DEBUG:colcon.colcon_core.event_handler.log_command:Invoked command in '/home/lx/ros2/ros/turtlebot3_ws/src/turtlebot3/turtlebot3_example' returned '0': PYTHONPATH=/home/lx/ros2/ros/turtlebot3_ws/build/turtlebot3_example/prefix_override:/home/lx/ros2/ros/turtlebot3_ws/install/turtlebot3_example/lib/python3.10/site-packages:${PYTHONPATH} /usr/bin/python3 setup.py egg_info --egg-base ../../../build/turtlebot3_example build --build-base /home/lx/ros2/ros/turtlebot3_ws/build/turtlebot3_example/build install --record /home/lx/ros2/ros/turtlebot3_ws/build/turtlebot3_example/install.log --single-version-externally-managed
[3.076s] Level 1:colcon.colcon_core.environment:checking '/home/lx/ros2/ros/turtlebot3_ws/install/turtlebot3_example' for CMake module files
[3.076s] Level 1:colcon.colcon_core.environment:checking '/home/lx/ros2/ros/turtlebot3_ws/install/turtlebot3_example' for CMake config files
[3.077s] Level 1:colcon.colcon_core.environment:checking '/home/lx/ros2/ros/turtlebot3_ws/install/turtlebot3_example/lib'
[3.077s] Level 1:colcon.colcon_core.environment:checking '/home/lx/ros2/ros/turtlebot3_ws/install/turtlebot3_example/bin'
[3.077s] Level 1:colcon.colcon_core.environment:checking '/home/lx/ros2/ros/turtlebot3_ws/install/turtlebot3_example/lib/pkgconfig/turtlebot3_example.pc'
[3.078s] Level 1:colcon.colcon_core.environment:checking '/home/lx/ros2/ros/turtlebot3_ws/install/turtlebot3_example/lib/python3.10/site-packages'
[3.078s] Level 1:colcon.colcon_core.shell:create_environment_hook('turtlebot3_example', 'pythonpath')
[3.091s] INFO:colcon.colcon_core.shell:Creating environment hook '/home/lx/ros2/ros/turtlebot3_ws/install/turtlebot3_example/share/turtlebot3_example/hook/pythonpath.ps1'
[3.091s] INFO:colcon.colcon_core.shell:Creating environment descriptor '/home/lx/ros2/ros/turtlebot3_ws/install/turtlebot3_example/share/turtlebot3_example/hook/pythonpath.dsv'
[3.091s] INFO:colcon.colcon_core.shell:Creating environment hook '/home/lx/ros2/ros/turtlebot3_ws/install/turtlebot3_example/share/turtlebot3_example/hook/pythonpath.sh'
[3.092s] Level 1:colcon.colcon_core.environment:checking '/home/lx/ros2/ros/turtlebot3_ws/install/turtlebot3_example/bin'
[3.092s] Level 1:colcon.colcon_core.environment:create_environment_scripts_only(turtlebot3_example)
[3.105s] INFO:colcon.colcon_core.shell:Creating package script '/home/lx/ros2/ros/turtlebot3_ws/install/turtlebot3_example/share/turtlebot3_example/package.ps1'
[3.106s] INFO:colcon.colcon_core.shell:Creating package descriptor '/home/lx/ros2/ros/turtlebot3_ws/install/turtlebot3_example/share/turtlebot3_example/package.dsv'
[3.106s] INFO:colcon.colcon_core.shell:Creating package script '/home/lx/ros2/ros/turtlebot3_ws/install/turtlebot3_example/share/turtlebot3_example/package.sh'
[3.106s] INFO:colcon.colcon_core.shell:Creating package script '/home/lx/ros2/ros/turtlebot3_ws/install/turtlebot3_example/share/turtlebot3_example/package.bash'
[3.107s] INFO:colcon.colcon_core.shell:Creating package script '/home/lx/ros2/ros/turtlebot3_ws/install/turtlebot3_example/share/turtlebot3_example/package.zsh'
[3.107s] Level 1:colcon.colcon_core.environment:create_file_with_runtime_dependencies(/home/lx/ros2/ros/turtlebot3_ws/install/turtlebot3_example/share/colcon-core/packages/turtlebot3_example)
[3.108s] DEBUG:colcon.colcon_core.event_handler.log_command:Invoked command in '/home/lx/ros2/ros/turtlebot3_ws/src/turtlebot3/turtlebot3_teleop' returned '0': PYTHONPATH=/home/lx/ros2/ros/turtlebot3_ws/build/turtlebot3_teleop/prefix_override:/home/lx/ros2/ros/turtlebot3_ws/install/turtlebot3_teleop/lib/python3.10/site-packages:${PYTHONPATH} /usr/bin/python3 setup.py egg_info --egg-base ../../../build/turtlebot3_teleop build --build-base /home/lx/ros2/ros/turtlebot3_ws/build/turtlebot3_teleop/build install --record /home/lx/ros2/ros/turtlebot3_ws/build/turtlebot3_teleop/install.log --single-version-externally-managed
[3.122s] Level 1:colcon.colcon_core.environment:checking '/home/lx/ros2/ros/turtlebot3_ws/install/turtlebot3_teleop' for CMake module files
[3.122s] Level 1:colcon.colcon_core.environment:checking '/home/lx/ros2/ros/turtlebot3_ws/install/turtlebot3_teleop' for CMake config files
[3.123s] Level 1:colcon.colcon_core.environment:checking '/home/lx/ros2/ros/turtlebot3_ws/install/turtlebot3_teleop/lib'
[3.123s] Level 1:colcon.colcon_core.environment:checking '/home/lx/ros2/ros/turtlebot3_ws/install/turtlebot3_teleop/bin'
[3.123s] Level 1:colcon.colcon_core.environment:checking '/home/lx/ros2/ros/turtlebot3_ws/install/turtlebot3_teleop/lib/pkgconfig/turtlebot3_teleop.pc'
[3.123s] Level 1:colcon.colcon_core.environment:checking '/home/lx/ros2/ros/turtlebot3_ws/install/turtlebot3_teleop/lib/python3.10/site-packages'
[3.123s] Level 1:colcon.colcon_core.shell:create_environment_hook('turtlebot3_teleop', 'pythonpath')
[3.137s] INFO:colcon.colcon_core.shell:Creating environment hook '/home/lx/ros2/ros/turtlebot3_ws/install/turtlebot3_teleop/share/turtlebot3_teleop/hook/pythonpath.ps1'
[3.137s] INFO:colcon.colcon_core.shell:Creating environment descriptor '/home/lx/ros2/ros/turtlebot3_ws/install/turtlebot3_teleop/share/turtlebot3_teleop/hook/pythonpath.dsv'
[3.137s] INFO:colcon.colcon_core.shell:Creating environment hook '/home/lx/ros2/ros/turtlebot3_ws/install/turtlebot3_teleop/share/turtlebot3_teleop/hook/pythonpath.sh'
[3.138s] Level 1:colcon.colcon_core.environment:checking '/home/lx/ros2/ros/turtlebot3_ws/install/turtlebot3_teleop/bin'
[3.138s] Level 1:colcon.colcon_core.environment:create_environment_scripts_only(turtlebot3_teleop)
[3.151s] INFO:colcon.colcon_core.shell:Creating package script '/home/lx/ros2/ros/turtlebot3_ws/install/turtlebot3_teleop/share/turtlebot3_teleop/package.ps1'
[3.152s] INFO:colcon.colcon_core.shell:Creating package descriptor '/home/lx/ros2/ros/turtlebot3_ws/install/turtlebot3_teleop/share/turtlebot3_teleop/package.dsv'
[3.152s] INFO:colcon.colcon_core.shell:Creating package script '/home/lx/ros2/ros/turtlebot3_ws/install/turtlebot3_teleop/share/turtlebot3_teleop/package.sh'
[3.152s] INFO:colcon.colcon_core.shell:Creating package script '/home/lx/ros2/ros/turtlebot3_ws/install/turtlebot3_teleop/share/turtlebot3_teleop/package.bash'
[3.153s] INFO:colcon.colcon_core.shell:Creating package script '/home/lx/ros2/ros/turtlebot3_ws/install/turtlebot3_teleop/share/turtlebot3_teleop/package.zsh'
[3.153s] Level 1:colcon.colcon_core.environment:create_file_with_runtime_dependencies(/home/lx/ros2/ros/turtlebot3_ws/install/turtlebot3_teleop/share/colcon-core/packages/turtlebot3_teleop)
[3.153s] INFO:colcon.colcon_ros.task.ament_cmake.build:Building ROS package in '/home/lx/ros2/ros/turtlebot3_ws/src/turtlebot3/turtlebot3' with build type 'ament_cmake'
[3.153s] INFO:colcon.colcon_cmake.task.cmake.build:Building CMake package in '/home/lx/ros2/ros/turtlebot3_ws/src/turtlebot3/turtlebot3'
[3.167s] INFO:colcon.colcon_core.shell:Skip shell extension 'powershell' for command environment: Not usable outside of PowerShell
[3.167s] DEBUG:colcon.colcon_core.shell:Skip shell extension 'dsv' for command environment
[3.219s] DEBUG:colcon.colcon_core.event_handler.log_command:Invoking command in '/home/lx/ros2/ros/turtlebot3_ws/build/turtlebot3': AMENT_PREFIX_PATH=/home/lx/ros2/ros/turtlebot3_ws/install/turtlebot3_teleop:/home/lx/ros2/ros/turtlebot3_ws/install/turtlebot3_example:/home/lx/ros2/ros/turtlebot3_ws/install/turtlebot3:/home/lx/ros2/ros/turtlebot3_ws/install/turtlebot3_bringup:/home/lx/ros2/ros/turtlebot3_ws/install/turtlebot3_node:/home/lx/ros2/ros/turtlebot3_ws/install/turtlebot3_navigation2:/home/lx/ros2/ros/turtlebot3_ws/install/turtlebot3_description:/home/lx/ros2/ros/turtlebot3_ws/install/turtlebot3_cartographer:/opt/ros/humble CMAKE_PREFIX_PATH=/home/lx/ros2/ros/turtlebot3_ws/install/turtlebot3_bringup:/home/lx/ros2/ros/turtlebot3_ws/install/turtlebot3_node:/home/lx/ros2/ros/turtlebot3_ws/install/turtlebot3_navigation2:/home/lx/ros2/ros/turtlebot3_ws/install/turtlebot3_description:/home/lx/ros2/ros/turtlebot3_ws/install/turtlebot3_cartographer:/home/lx/ros2/ros/turtlebot3_ws/install/turtlebot3:/home/lx/ros2/ros/turtlebot3_ws/install/turtlebot3_teleop:/home/lx/ros2/ros/turtlebot3_ws/install/turtlebot3_example:/opt/ros/humble /usr/bin/cmake --build /home/lx/ros2/ros/turtlebot3_ws/build/turtlebot3 -- -j12 -l12
[3.250s] DEBUG:colcon.colcon_core.event_handler.log_command:Invoked command in '/home/lx/ros2/ros/turtlebot3_ws/build/turtlebot3' returned '0': AMENT_PREFIX_PATH=/home/lx/ros2/ros/turtlebot3_ws/install/turtlebot3_teleop:/home/lx/ros2/ros/turtlebot3_ws/install/turtlebot3_example:/home/lx/ros2/ros/turtlebot3_ws/install/turtlebot3:/home/lx/ros2/ros/turtlebot3_ws/install/turtlebot3_bringup:/home/lx/ros2/ros/turtlebot3_ws/install/turtlebot3_node:/home/lx/ros2/ros/turtlebot3_ws/install/turtlebot3_navigation2:/home/lx/ros2/ros/turtlebot3_ws/install/turtlebot3_description:/home/lx/ros2/ros/turtlebot3_ws/install/turtlebot3_cartographer:/opt/ros/humble CMAKE_PREFIX_PATH=/home/lx/ros2/ros/turtlebot3_ws/install/turtlebot3_bringup:/home/lx/ros2/ros/turtlebot3_ws/install/turtlebot3_node:/home/lx/ros2/ros/turtlebot3_ws/install/turtlebot3_navigation2:/home/lx/ros2/ros/turtlebot3_ws/install/turtlebot3_description:/home/lx/ros2/ros/turtlebot3_ws/install/turtlebot3_cartographer:/home/lx/ros2/ros/turtlebot3_ws/install/turtlebot3:/home/lx/ros2/ros/turtlebot3_ws/install/turtlebot3_teleop:/home/lx/ros2/ros/turtlebot3_ws/install/turtlebot3_example:/opt/ros/humble /usr/bin/cmake --build /home/lx/ros2/ros/turtlebot3_ws/build/turtlebot3 -- -j12 -l12
[3.266s] DEBUG:colcon.colcon_core.event_handler.log_command:Invoking command in '/home/lx/ros2/ros/turtlebot3_ws/build/turtlebot3': AMENT_PREFIX_PATH=/home/lx/ros2/ros/turtlebot3_ws/install/turtlebot3_teleop:/home/lx/ros2/ros/turtlebot3_ws/install/turtlebot3_example:/home/lx/ros2/ros/turtlebot3_ws/install/turtlebot3:/home/lx/ros2/ros/turtlebot3_ws/install/turtlebot3_bringup:/home/lx/ros2/ros/turtlebot3_ws/install/turtlebot3_node:/home/lx/ros2/ros/turtlebot3_ws/install/turtlebot3_navigation2:/home/lx/ros2/ros/turtlebot3_ws/install/turtlebot3_description:/home/lx/ros2/ros/turtlebot3_ws/install/turtlebot3_cartographer:/opt/ros/humble CMAKE_PREFIX_PATH=/home/lx/ros2/ros/turtlebot3_ws/install/turtlebot3_bringup:/home/lx/ros2/ros/turtlebot3_ws/install/turtlebot3_node:/home/lx/ros2/ros/turtlebot3_ws/install/turtlebot3_navigation2:/home/lx/ros2/ros/turtlebot3_ws/install/turtlebot3_description:/home/lx/ros2/ros/turtlebot3_ws/install/turtlebot3_cartographer:/home/lx/ros2/ros/turtlebot3_ws/install/turtlebot3:/home/lx/ros2/ros/turtlebot3_ws/install/turtlebot3_teleop:/home/lx/ros2/ros/turtlebot3_ws/install/turtlebot3_example:/opt/ros/humble /usr/bin/cmake --install /home/lx/ros2/ros/turtlebot3_ws/build/turtlebot3
[3.273s] Level 1:colcon.colcon_core.environment:create_environment_scripts_only(turtlebot3)
[3.273s] DEBUG:colcon.colcon_core.event_handler.log_command:Invoked command in '/home/lx/ros2/ros/turtlebot3_ws/build/turtlebot3' returned '0': AMENT_PREFIX_PATH=/home/lx/ros2/ros/turtlebot3_ws/install/turtlebot3_teleop:/home/lx/ros2/ros/turtlebot3_ws/install/turtlebot3_example:/home/lx/ros2/ros/turtlebot3_ws/install/turtlebot3:/home/lx/ros2/ros/turtlebot3_ws/install/turtlebot3_bringup:/home/lx/ros2/ros/turtlebot3_ws/install/turtlebot3_node:/home/lx/ros2/ros/turtlebot3_ws/install/turtlebot3_navigation2:/home/lx/ros2/ros/turtlebot3_ws/install/turtlebot3_description:/home/lx/ros2/ros/turtlebot3_ws/install/turtlebot3_cartographer:/opt/ros/humble CMAKE_PREFIX_PATH=/home/lx/ros2/ros/turtlebot3_ws/install/turtlebot3_bringup:/home/lx/ros2/ros/turtlebot3_ws/install/turtlebot3_node:/home/lx/ros2/ros/turtlebot3_ws/install/turtlebot3_navigation2:/home/lx/ros2/ros/turtlebot3_ws/install/turtlebot3_description:/home/lx/ros2/ros/turtlebot3_ws/install/turtlebot3_cartographer:/home/lx/ros2/ros/turtlebot3_ws/install/turtlebot3:/home/lx/ros2/ros/turtlebot3_ws/install/turtlebot3_teleop:/home/lx/ros2/ros/turtlebot3_ws/install/turtlebot3_example:/opt/ros/humble /usr/bin/cmake --install /home/lx/ros2/ros/turtlebot3_ws/build/turtlebot3
[3.286s] Level 1:colcon.colcon_core.environment:checking '/home/lx/ros2/ros/turtlebot3_ws/install/turtlebot3' for CMake module files
[3.287s] Level 1:colcon.colcon_core.environment:checking '/home/lx/ros2/ros/turtlebot3_ws/install/turtlebot3' for CMake config files
[3.287s] Level 1:colcon.colcon_core.shell:create_environment_hook('turtlebot3', 'cmake_prefix_path')
[3.300s] INFO:colcon.colcon_core.shell:Creating environment hook '/home/lx/ros2/ros/turtlebot3_ws/install/turtlebot3/share/turtlebot3/hook/cmake_prefix_path.ps1'
[3.301s] INFO:colcon.colcon_core.shell:Creating environment descriptor '/home/lx/ros2/ros/turtlebot3_ws/install/turtlebot3/share/turtlebot3/hook/cmake_prefix_path.dsv'
[3.301s] INFO:colcon.colcon_core.shell:Creating environment hook '/home/lx/ros2/ros/turtlebot3_ws/install/turtlebot3/share/turtlebot3/hook/cmake_prefix_path.sh'
[3.301s] Level 1:colcon.colcon_core.environment:checking '/home/lx/ros2/ros/turtlebot3_ws/install/turtlebot3/bin'
[3.301s] Level 1:colcon.colcon_core.environment:checking '/home/lx/ros2/ros/turtlebot3_ws/install/turtlebot3/lib/pkgconfig/turtlebot3.pc'
[3.302s] Level 1:colcon.colcon_core.environment:checking '/home/lx/ros2/ros/turtlebot3_ws/install/turtlebot3/lib/python3.10/site-packages'
[3.302s] Level 1:colcon.colcon_core.environment:checking '/home/lx/ros2/ros/turtlebot3_ws/install/turtlebot3/bin'
[3.316s] INFO:colcon.colcon_core.shell:Creating package script '/home/lx/ros2/ros/turtlebot3_ws/install/turtlebot3/share/turtlebot3/package.ps1'
[3.316s] INFO:colcon.colcon_core.shell:Creating package descriptor '/home/lx/ros2/ros/turtlebot3_ws/install/turtlebot3/share/turtlebot3/package.dsv'
[3.316s] INFO:colcon.colcon_core.shell:Creating package script '/home/lx/ros2/ros/turtlebot3_ws/install/turtlebot3/share/turtlebot3/package.sh'
[3.317s] INFO:colcon.colcon_core.shell:Creating package script '/home/lx/ros2/ros/turtlebot3_ws/install/turtlebot3/share/turtlebot3/package.bash'
[3.317s] INFO:colcon.colcon_core.shell:Creating package script '/home/lx/ros2/ros/turtlebot3_ws/install/turtlebot3/share/turtlebot3/package.zsh'
[3.317s] Level 1:colcon.colcon_core.environment:create_file_with_runtime_dependencies(/home/lx/ros2/ros/turtlebot3_ws/install/turtlebot3/share/colcon-core/packages/turtlebot3)
[3.346s] Level 1:colcon.colcon_core.environment:create_environment_scripts_only(turtlebot3)
[3.359s] Level 1:colcon.colcon_core.environment:checking '/home/lx/ros2/ros/turtlebot3_ws/install/turtlebot3' for CMake module files
[3.360s] Level 1:colcon.colcon_core.environment:checking '/home/lx/ros2/ros/turtlebot3_ws/install/turtlebot3' for CMake config files
[3.360s] Level 1:colcon.colcon_core.shell:create_environment_hook('turtlebot3', 'cmake_prefix_path')
[3.374s] INFO:colcon.colcon_core.shell:Creating environment hook '/home/lx/ros2/ros/turtlebot3_ws/install/turtlebot3/share/turtlebot3/hook/cmake_prefix_path.ps1'
[3.374s] INFO:colcon.colcon_core.shell:Creating environment descriptor '/home/lx/ros2/ros/turtlebot3_ws/install/turtlebot3/share/turtlebot3/hook/cmake_prefix_path.dsv'
[3.374s] INFO:colcon.colcon_core.shell:Creating environment hook '/home/lx/ros2/ros/turtlebot3_ws/install/turtlebot3/share/turtlebot3/hook/cmake_prefix_path.sh'
[3.375s] Level 1:colcon.colcon_core.environment:checking '/home/lx/ros2/ros/turtlebot3_ws/install/turtlebot3/bin'
[3.375s] Level 1:colcon.colcon_core.environment:checking '/home/lx/ros2/ros/turtlebot3_ws/install/turtlebot3/lib/pkgconfig/turtlebot3.pc'
[3.375s] Level 1:colcon.colcon_core.environment:checking '/home/lx/ros2/ros/turtlebot3_ws/install/turtlebot3/lib/python3.10/site-packages'
[3.375s] Level 1:colcon.colcon_core.environment:checking '/home/lx/ros2/ros/turtlebot3_ws/install/turtlebot3/bin'
[3.389s] INFO:colcon.colcon_core.shell:Creating package script '/home/lx/ros2/ros/turtlebot3_ws/install/turtlebot3/share/turtlebot3/package.ps1'
[3.389s] INFO:colcon.colcon_core.shell:Creating package descriptor '/home/lx/ros2/ros/turtlebot3_ws/install/turtlebot3/share/turtlebot3/package.dsv'
[3.389s] INFO:colcon.colcon_core.shell:Creating package script '/home/lx/ros2/ros/turtlebot3_ws/install/turtlebot3/share/turtlebot3/package.sh'
[3.390s] INFO:colcon.colcon_core.shell:Creating package script '/home/lx/ros2/ros/turtlebot3_ws/install/turtlebot3/share/turtlebot3/package.bash'
[3.390s] INFO:colcon.colcon_core.shell:Creating package script '/home/lx/ros2/ros/turtlebot3_ws/install/turtlebot3/share/turtlebot3/package.zsh'
[3.390s] Level 1:colcon.colcon_core.environment:create_file_with_runtime_dependencies(/home/lx/ros2/ros/turtlebot3_ws/install/turtlebot3/share/colcon-core/packages/turtlebot3)
[3.390s] DEBUG:colcon.colcon_parallel_executor.executor.parallel:closing loop
[3.391s] DEBUG:colcon.colcon_parallel_executor.executor.parallel:loop closed
[3.391s] DEBUG:colcon.colcon_parallel_executor.executor.parallel:run_until_complete finished with '0'
[3.391s] DEBUG:colcon.colcon_core.event_reactor:joining thread
[3.410s] INFO:colcon.colcon_core.plugin_system:Skipping extension 'colcon_notification.desktop_notification.terminal_notifier': Not used on non-Darwin systems
[3.410s] INFO:colcon.colcon_core.plugin_system:Skipping extension 'colcon_notification.desktop_notification.win32': Not used on non-Windows systems
[3.410s] INFO:colcon.colcon_notification.desktop_notification:Sending desktop notification using 'notify2'
[3.419s] DEBUG:colcon.colcon_core.event_reactor:joined thread
[3.434s] INFO:colcon.colcon_core.shell:Creating prefix script '/home/lx/ros2/ros/turtlebot3_ws/install/local_setup.ps1'
[3.434s] INFO:colcon.colcon_core.shell:Creating prefix util module '/home/lx/ros2/ros/turtlebot3_ws/install/_local_setup_util_ps1.py'
[3.435s] INFO:colcon.colcon_core.shell:Creating prefix chain script '/home/lx/ros2/ros/turtlebot3_ws/install/setup.ps1'
[3.450s] INFO:colcon.colcon_core.shell:Creating prefix script '/home/lx/ros2/ros/turtlebot3_ws/install/local_setup.sh'
[3.450s] INFO:colcon.colcon_core.shell:Creating prefix util module '/home/lx/ros2/ros/turtlebot3_ws/install/_local_setup_util_sh.py'
[3.451s] INFO:colcon.colcon_core.shell:Creating prefix chain script '/home/lx/ros2/ros/turtlebot3_ws/install/setup.sh'
[3.465s] INFO:colcon.colcon_core.shell:Creating prefix script '/home/lx/ros2/ros/turtlebot3_ws/install/local_setup.bash'
[3.465s] INFO:colcon.colcon_core.shell:Creating prefix chain script '/home/lx/ros2/ros/turtlebot3_ws/install/setup.bash'
[3.480s] INFO:colcon.colcon_core.shell:Creating prefix script '/home/lx/ros2/ros/turtlebot3_ws/install/local_setup.zsh'
[3.480s] INFO:colcon.colcon_core.shell:Creating prefix chain script '/home/lx/ros2/ros/turtlebot3_ws/install/setup.zsh'
