[0.009s] Invoking command in '/home/lx/ros2/ros2_slam_3d_ws/build/graph_based_slam': AMENT_PREFIX_PATH=/home/lx/ros2/ros2_slam_3d_ws/install/lidarslam_msgs:${AMENT_PREFIX_PATH} CMAKE_PREFIX_PATH=/home/lx/ros2/ros2_slam_3d_ws/install/lidarslam_msgs:/opt/ros/humble LD_LIBRARY_PATH=/home/lx/ros2/ros2_slam_3d_ws/install/lidarslam_msgs/lib:${LD_LIBRARY_PATH} PYTHONPATH=/home/lx/ros2/ros2_slam_3d_ws/install/lidarslam_msgs/local/lib/python3.10/dist-packages:${PYTHONPATH} /usr/bin/cmake /home/lx/ros2/ros2_slam_3d_ws/src/lidarslam_ros2/graph_based_slam -DCMAKE_INSTALL_PREFIX=/home/lx/ros2/ros2_slam_3d_ws/install/graph_based_slam
[0.048s] -- The C compiler identification is GNU 11.4.0
[0.092s] -- The CXX compiler identification is GNU 11.4.0
[0.097s] -- Detecting C compiler ABI info
[0.148s] -- Detecting C compiler ABI info - done
[0.154s] -- Check for working C compiler: /usr/bin/cc - skipped
[0.154s] -- Detecting C compile features
[0.155s] -- Detecting C compile features - done
[0.157s] -- Detecting CXX compiler ABI info
[0.218s] -- Detecting CXX compiler ABI info - done
[0.225s] -- Check for working CXX compiler: /usr/bin/c++ - skipped
[0.225s] -- Detecting CXX compile features
[0.225s] -- Detecting CXX compile features - done
[0.227s] -- Found ament_cmake: 1.3.5 (/opt/ros/humble/share/ament_cmake/cmake)
[0.361s] -- Found Python3: /usr/bin/python3.10 (found version "3.10.12") found components: Interpreter 
[0.429s] -- Found rclcpp: 16.0.4 (/opt/ros/humble/share/rclcpp/cmake)
[0.463s] -- Found rosidl_generator_c: 3.1.4 (/opt/ros/humble/share/rosidl_generator_c/cmake)
[0.467s] -- Found rosidl_adapter: 3.1.4 (/opt/ros/humble/share/rosidl_adapter/cmake)
[0.474s] -- Found rosidl_generator_cpp: 3.1.4 (/opt/ros/humble/share/rosidl_generator_cpp/cmake)
[0.486s] -- Using all available rosidl_typesupport_c: rosidl_typesupport_fastrtps_c;rosidl_typesupport_introspection_c
[0.503s] -- Using all available rosidl_typesupport_cpp: rosidl_typesupport_fastrtps_cpp;rosidl_typesupport_introspection_cpp
[0.566s] -- Found rmw_implementation_cmake: 6.1.1 (/opt/ros/humble/share/rmw_implementation_cmake/cmake)
[0.568s] -- Found rmw_fastrtps_cpp: 6.2.2 (/opt/ros/humble/share/rmw_fastrtps_cpp/cmake)
[0.640s] -- Found OpenSSL: /usr/lib/x86_64-linux-gnu/libcrypto.so (found version "3.0.2")  
[0.660s] -- Found FastRTPS: /opt/ros/humble/include  
[0.696s] -- Using RMW implementation 'rmw_fastrtps_cpp' as default
[0.703s] -- Looking for pthread.h
[0.752s] -- Looking for pthread.h - found
[0.752s] -- Performing Test CMAKE_HAVE_LIBC_PTHREAD
[0.803s] -- Performing Test CMAKE_HAVE_LIBC_PTHREAD - Success
[0.804s] -- Found Threads: TRUE  
[0.950s] -- Found rclcpp_components: 16.0.4 (/opt/ros/humble/share/rclcpp_components/cmake)
[1.008s] -- Found geometry_msgs: 4.2.3 (/opt/ros/humble/share/geometry_msgs/cmake)
[1.047s] -- Found sensor_msgs: 4.2.3 (/opt/ros/humble/share/sensor_msgs/cmake)
[1.123s] -- Found nav_msgs: 4.2.3 (/opt/ros/humble/share/nav_msgs/cmake)
[1.197s] -- Found std_srvs: 4.2.3 (/opt/ros/humble/share/std_srvs/cmake)
[1.212s] -- Found tf2_ros: 0.25.2 (/opt/ros/humble/share/tf2_ros/cmake)
[1.448s] -- Found tf2_eigen: 0.25.2 (/opt/ros/humble/share/tf2_eigen/cmake)
[1.454s] -- Found tf2_geometry_msgs: 0.25.2 (/opt/ros/humble/share/tf2_geometry_msgs/cmake)
[1.460s] -- Found eigen3_cmake_module: 0.1.1 (/opt/ros/humble/share/eigen3_cmake_module/cmake)
[1.461s] -- Found Eigen3: TRUE (found version "3.4.0") 
[1.461s] -- Ensuring Eigen3 include directory is part of orocos-kdl CMake target
[1.470s] -- Found tf2_sensor_msgs: 0.25.2 (/opt/ros/humble/share/tf2_sensor_msgs/cmake)
[1.488s] -- Found pcl_conversions: 2.4.0 (/opt/ros/humble/share/pcl_conversions/cmake)
[1.597s] -- Found lidarslam_msgs: 0.0.0 (/home/lx/ros2/ros2_slam_3d_ws/install/lidarslam_msgs/share/lidarslam_msgs/cmake)
[1.723s] [31mCMake Error at CMakeLists.txt:36 (find_package):
[1.723s]   By not providing "Findndt_omp_ros2.cmake" in CMAKE_MODULE_PATH this project
[1.723s]   has asked CMake to find a package configuration file provided by
[1.723s]   "ndt_omp_ros2", but CMake did not find one.
[1.723s] 
[1.723s]   Could not find a package configuration file provided by "ndt_omp_ros2" with
[1.723s]   any of the following names:
[1.723s] 
[1.723s]     ndt_omp_ros2Config.cmake
[1.723s]     ndt_omp_ros2-config.cmake
[1.723s] 
[1.723s]   Add the installation prefix of "ndt_omp_ros2" to CMAKE_PREFIX_PATH or set
[1.723s]   "ndt_omp_ros2_DIR" to a directory containing one of the above files.  If
[1.723s]   "ndt_omp_ros2" provides a separate development package or SDK, be sure it
[1.723s]   has been installed.
[1.723s] 
[1.724s] [0m
[1.724s] -- Configuring incomplete, errors occurred!
[1.724s] See also "/home/lx/ros2/ros2_slam_3d_ws/build/graph_based_slam/CMakeFiles/CMakeOutput.log".
[1.730s] Invoked command in '/home/lx/ros2/ros2_slam_3d_ws/build/graph_based_slam' returned '1': AMENT_PREFIX_PATH=/home/lx/ros2/ros2_slam_3d_ws/install/lidarslam_msgs:${AMENT_PREFIX_PATH} CMAKE_PREFIX_PATH=/home/lx/ros2/ros2_slam_3d_ws/install/lidarslam_msgs:/opt/ros/humble LD_LIBRARY_PATH=/home/lx/ros2/ros2_slam_3d_ws/install/lidarslam_msgs/lib:${LD_LIBRARY_PATH} PYTHONPATH=/home/lx/ros2/ros2_slam_3d_ws/install/lidarslam_msgs/local/lib/python3.10/dist-packages:${PYTHONPATH} /usr/bin/cmake /home/lx/ros2/ros2_slam_3d_ws/src/lidarslam_ros2/graph_based_slam -DCMAKE_INSTALL_PREFIX=/home/lx/ros2/ros2_slam_3d_ws/install/graph_based_slam
