[0.070s] Invoking command in '/home/lx/ros2/ros/xiao_ying/build/xiao_ying_navigation': CMAKE_PREFIX_PATH=/opt/ros/humble /usr/bin/cmake /home/lx/ros2/ros/xiao_ying/src/xiao_ying_navigation -DCMAKE_INSTALL_PREFIX=/home/lx/ros2/ros/xiao_ying/install/xiao_ying_navigation
[0.081s] -- Found ament_cmake: 1.3.5 (/opt/ros/humble/share/ament_cmake/cmake)
[0.277s] -- Found rclcpp: 16.0.6 (/opt/ros/humble/share/rclcpp/cmake)
[0.316s] -- Found rosidl_generator_c: 3.1.5 (/opt/ros/humble/share/rosidl_generator_c/cmake)
[0.320s] -- Found rosidl_adapter: 3.1.5 (/opt/ros/humble/share/rosidl_adapter/cmake)
[0.328s] -- Found rosidl_generator_cpp: 3.1.5 (/opt/ros/humble/share/rosidl_generator_cpp/cmake)
[0.344s] -- Using all available rosidl_typesupport_c: rosidl_typesupport_fastrtps_c;rosidl_typesupport_introspection_c
[0.367s] -- Using all available rosidl_typesupport_cpp: rosidl_typesupport_fastrtps_cpp;rosidl_typesupport_introspection_cpp
[0.451s] -- Found rmw_implementation_cmake: 6.1.1 (/opt/ros/humble/share/rmw_implementation_cmake/cmake)
[0.453s] -- Found rmw_fastrtps_cpp: 6.2.4 (/opt/ros/humble/share/rmw_fastrtps_cpp/cmake)
[0.597s] -- Using RMW implementation 'rmw_fastrtps_cpp' as default
[0.746s] -- Found ament_lint_auto: 0.12.8 (/opt/ros/humble/share/ament_lint_auto/cmake)
[0.816s] -- Added test 'flake8' to check Python code syntax and style conventions
[0.816s] -- Added test 'lint_cmake' to check CMake code style
[0.817s] -- Added test 'pep257' to check Python code against some of the docstring style conventions in PEP 257
[0.818s] -- Added test 'xmllint' to check XML markup files
[0.820s] -- Configuring done
[0.825s] -- Generating done
[0.827s] -- Build files have been written to: /home/lx/ros2/ros/xiao_ying/build/xiao_ying_navigation
[0.873s] Invoked command in '/home/lx/ros2/ros/xiao_ying/build/xiao_ying_navigation' returned '0': CMAKE_PREFIX_PATH=/opt/ros/humble /usr/bin/cmake /home/lx/ros2/ros/xiao_ying/src/xiao_ying_navigation -DCMAKE_INSTALL_PREFIX=/home/lx/ros2/ros/xiao_ying/install/xiao_ying_navigation
[0.874s] Invoking command in '/home/lx/ros2/ros/xiao_ying/build/xiao_ying_navigation': CMAKE_PREFIX_PATH=/opt/ros/humble /usr/bin/cmake --build /home/lx/ros2/ros/xiao_ying/build/xiao_ying_navigation -- -j12 -l12
[0.949s] Invoked command in '/home/lx/ros2/ros/xiao_ying/build/xiao_ying_navigation' returned '0': CMAKE_PREFIX_PATH=/opt/ros/humble /usr/bin/cmake --build /home/lx/ros2/ros/xiao_ying/build/xiao_ying_navigation -- -j12 -l12
[0.964s] Invoking command in '/home/lx/ros2/ros/xiao_ying/build/xiao_ying_navigation': CMAKE_PREFIX_PATH=/opt/ros/humble /usr/bin/cmake --install /home/lx/ros2/ros/xiao_ying/build/xiao_ying_navigation
[0.969s] -- Install configuration: ""
[0.970s] -- Up-to-date: /home/lx/ros2/ros/xiao_ying/install/xiao_ying_navigation/share/xiao_ying_navigation/launch
[0.970s] -- Up-to-date: /home/lx/ros2/ros/xiao_ying/install/xiao_ying_navigation/share/xiao_ying_navigation/launch/navigation.launch.py
[0.970s] -- Up-to-date: /home/lx/ros2/ros/xiao_ying/install/xiao_ying_navigation/share/xiao_ying_navigation/map
[0.970s] -- Up-to-date: /home/lx/ros2/ros/xiao_ying/install/xiao_ying_navigation/share/xiao_ying_navigation/map/map.pgm
[0.970s] -- Up-to-date: /home/lx/ros2/ros/xiao_ying/install/xiao_ying_navigation/share/xiao_ying_navigation/map/map.yaml
[0.970s] -- Up-to-date: /home/lx/ros2/ros/xiao_ying/install/xiao_ying_navigation/share/xiao_ying_navigation/param
[0.970s] -- Up-to-date: /home/lx/ros2/ros/xiao_ying/install/xiao_ying_navigation/share/xiao_ying_navigation/param/xiao_ying.yaml
[0.970s] -- Up-to-date: /home/lx/ros2/ros/xiao_ying/install/xiao_ying_navigation/share/xiao_ying_navigation/rviz
[0.971s] -- Up-to-date: /home/lx/ros2/ros/xiao_ying/install/xiao_ying_navigation/share/xiao_ying_navigation/rviz/show.rviz
[0.971s] -- Up-to-date: /home/lx/ros2/ros/xiao_ying/install/xiao_ying_navigation/share/ament_index/resource_index/package_run_dependencies/xiao_ying_navigation
[0.971s] -- Up-to-date: /home/lx/ros2/ros/xiao_ying/install/xiao_ying_navigation/share/ament_index/resource_index/parent_prefix_path/xiao_ying_navigation
[0.971s] -- Up-to-date: /home/lx/ros2/ros/xiao_ying/install/xiao_ying_navigation/share/xiao_ying_navigation/environment/ament_prefix_path.sh
[0.971s] -- Installing: /home/lx/ros2/ros/xiao_ying/install/xiao_ying_navigation/share/xiao_ying_navigation/environment/ament_prefix_path.dsv
[0.971s] -- Up-to-date: /home/lx/ros2/ros/xiao_ying/install/xiao_ying_navigation/share/xiao_ying_navigation/environment/path.sh
[0.972s] -- Installing: /home/lx/ros2/ros/xiao_ying/install/xiao_ying_navigation/share/xiao_ying_navigation/environment/path.dsv
[0.972s] -- Up-to-date: /home/lx/ros2/ros/xiao_ying/install/xiao_ying_navigation/share/xiao_ying_navigation/local_setup.bash
[0.972s] -- Up-to-date: /home/lx/ros2/ros/xiao_ying/install/xiao_ying_navigation/share/xiao_ying_navigation/local_setup.sh
[0.972s] -- Up-to-date: /home/lx/ros2/ros/xiao_ying/install/xiao_ying_navigation/share/xiao_ying_navigation/local_setup.zsh
[0.972s] -- Installing: /home/lx/ros2/ros/xiao_ying/install/xiao_ying_navigation/share/xiao_ying_navigation/local_setup.dsv
[0.972s] -- Installing: /home/lx/ros2/ros/xiao_ying/install/xiao_ying_navigation/share/xiao_ying_navigation/package.dsv
[0.972s] -- Up-to-date: /home/lx/ros2/ros/xiao_ying/install/xiao_ying_navigation/share/ament_index/resource_index/packages/xiao_ying_navigation
[0.972s] -- Up-to-date: /home/lx/ros2/ros/xiao_ying/install/xiao_ying_navigation/share/xiao_ying_navigation/cmake/xiao_ying_navigationConfig.cmake
[0.972s] -- Up-to-date: /home/lx/ros2/ros/xiao_ying/install/xiao_ying_navigation/share/xiao_ying_navigation/cmake/xiao_ying_navigationConfig-version.cmake
[0.973s] -- Up-to-date: /home/lx/ros2/ros/xiao_ying/install/xiao_ying_navigation/share/xiao_ying_navigation/package.xml
[0.973s] Invoked command in '/home/lx/ros2/ros/xiao_ying/build/xiao_ying_navigation' returned '0': CMAKE_PREFIX_PATH=/opt/ros/humble /usr/bin/cmake --install /home/lx/ros2/ros/xiao_ying/build/xiao_ying_navigation
