[0.025s] Invoking command in '/home/johan/ws_fast/build/livox_ros_driver2': CMAKE_PREFIX_PATH=/opt/ros/humble /usr/bin/cmake /home/johan/ws_fast/src/livox_ros_driver2 -DCMAKE_INSTALL_PREFIX=/home/johan/ws_fast/install/livox_ros_driver2
[0.034s] -- livox_ros_driver2 version: 1.0.0
[0.034s] -- Found ament_cmake_auto: 1.3.5 (/opt/ros/humble/share/ament_cmake_auto/cmake)
[0.164s] -- Using all available rosidl_typesupport_c: rosidl_typesupport_fastrtps_c;rosidl_typesupport_introspection_c
[0.166s] -- Found rosidl_adapter: 3.1.5 (/opt/ros/humble/share/rosidl_adapter/cmake)
[0.185s] -- Using all available rosidl_typesupport_cpp: rosidl_typesupport_fastrtps_cpp;rosidl_typesupport_introspection_cpp
[0.246s] -- Found rmw_implementation_cmake: 6.1.1 (/opt/ros/humble/share/rmw_implementation_cmake/cmake)
[0.247s] -- Found rmw_fastrtps_cpp: 6.2.4 (/opt/ros/humble/share/rmw_fastrtps_cpp/cmake)
[0.318s] -- Using RMW implementation 'rmw_fastrtps_cpp' as default
[0.655s] -- Eigen found (include: /usr/include/eigen3, version: 3.4.0)
[0.673s] -- FLANN found (include: /usr/include, lib: /usr/lib/x86_64-linux-gnu/libflann_cpp.so)
[0.858s] -- OpenNI found (version: 1.5.4.0, include: /usr/include/ni, lib: /usr/lib/libOpenNI.so;libusb::libusb)
[0.862s] -- OpenNI2 found (version: 2.2.0.33, include: /usr/include/openni2, lib: /usr/lib/x86_64-linux-gnu/libOpenNI2.so;libusb::libusb)
[0.862s] [0m** WARNING ** io features related to pcap will be disabled[0m
[0.961s] -- Eigen found (include: /usr/include/eigen3, version: 3.4.0)
[0.965s] -- OpenNI found (version: 1.5.4.0, include: /usr/include/ni, lib: /usr/lib/libOpenNI.so;libusb::libusb)
[0.969s] -- OpenNI2 found (version: 2.2.0.33, include: /usr/include/openni2, lib: /usr/lib/x86_64-linux-gnu/libOpenNI2.so;libusb::libusb)
[1.062s] -- Found Qhull version 8.0.2
[1.158s] -- OpenNI found (version: 1.5.4.0, include: /usr/include/ni, lib: /usr/lib/libOpenNI.so;libusb::libusb)
[1.250s] -- looking for PCL_COMMON
[1.250s] -- looking for PCL_KDTREE
[1.250s] -- looking for PCL_OCTREE
[1.250s] -- looking for PCL_SEARCH
[1.250s] -- looking for PCL_SAMPLE_CONSENSUS
[1.251s] -- looking for PCL_FILTERS
[1.251s] -- looking for PCL_2D
[1.251s] -- looking for PCL_GEOMETRY
[1.251s] -- looking for PCL_IO
[1.251s] -- looking for PCL_FEATURES
[1.252s] -- looking for PCL_ML
[1.252s] -- looking for PCL_SEGMENTATION
[1.252s] -- looking for PCL_VISUALIZATION
[1.252s] -- looking for PCL_SURFACE
[1.253s] -- looking for PCL_REGISTRATION
[1.253s] -- looking for PCL_KEYPOINTS
[1.253s] -- looking for PCL_TRACKING
[1.253s] -- looking for PCL_RECOGNITION
[1.254s] -- looking for PCL_STEREO
[1.254s] -- looking for PCL_APPS
[1.254s] -- looking for PCL_IN_HAND_SCANNER
[1.254s] -- looking for PCL_MODELER
[1.255s] -- looking for PCL_POINT_CLOUD_EDITOR
[1.255s] -- looking for PCL_OUTOFCORE
[1.255s] -- looking for PCL_PEOPLE
[1.260s] -- Checking for module 'apr-1'
[1.262s] --   No package 'apr-1' found
[1.396s] -- Found ament_cmake_ros: 0.10.0 (/opt/ros/humble/share/ament_cmake_ros/cmake)
[1.535s] -- Using all available rosidl_typesupport_c: rosidl_typesupport_fastrtps_c;rosidl_typesupport_introspection_c
[1.716s] -- Using all available rosidl_typesupport_cpp: rosidl_typesupport_fastrtps_cpp;rosidl_typesupport_introspection_cpp
[1.731s] -- Found python_cmake_module: 0.10.0 (/opt/ros/humble/share/python_cmake_module/cmake)
[1.747s] -- Using PYTHON_EXECUTABLE: /usr/bin/python3
[1.747s] -- Using PYTHON_INCLUDE_DIRS: /usr/include/python3.10
[1.747s] -- Using PYTHON_LIBRARIES: /usr/lib/x86_64-linux-gnu/libpython3.10.so
[1.821s] -- Found ament_lint_auto: 0.12.8 (/opt/ros/humble/share/ament_lint_auto/cmake)
[1.827s] -- Added test 'copyright' to check source files copyright and LICENSE
[1.828s] -- Added test 'cppcheck' to perform static code analysis on C / C++ code
[1.829s] -- Configured cppcheck include dirs: /home/johan/ws_fast/src/livox_ros_driver2/3rdparty;/home/johan/ws_fast/src/livox_ros_driver2/src
[1.829s] -- Configured cppcheck exclude dirs and/or files: 
[1.831s] -- Added test 'cpplint' to check C / C++ code against the Google style
[1.831s] -- Configured cpplint exclude dirs and/or files: 
[1.831s] -- Added test 'flake8' to check Python code syntax and style conventions
[1.832s] -- Added test 'lint_cmake' to check CMake code style
[1.832s] -- Added test 'pep257' to check Python code against some of the docstring style conventions in PEP 257
[1.834s] -- Added test 'uncrustify' to check C / C++ code style
[1.834s] -- Configured uncrustify additional arguments: 
[1.834s] -- Added test 'xmllint' to check XML markup files
[1.835s] -- Configuring done
[1.872s] -- Generating done
[1.874s] -- Build files have been written to: /home/johan/ws_fast/build/livox_ros_driver2
[1.886s] Invoked command in '/home/johan/ws_fast/build/livox_ros_driver2' returned '0': CMAKE_PREFIX_PATH=/opt/ros/humble /usr/bin/cmake /home/johan/ws_fast/src/livox_ros_driver2 -DCMAKE_INSTALL_PREFIX=/home/johan/ws_fast/install/livox_ros_driver2
[1.887s] Invoking command in '/home/johan/ws_fast/build/livox_ros_driver2': CMAKE_PREFIX_PATH=/opt/ros/humble /usr/bin/cmake --build /home/johan/ws_fast/build/livox_ros_driver2 -- -j16 -l16
[1.913s] [35m[1mConsolidate compiler generated dependencies of target livox_interfaces2__rosidl_generator_c[0m
[1.914s] [35m[1mConsolidate compiler generated dependencies of target livox_ros_driver2_node[0m
[1.919s] [  1%] Built target livox_interfaces2__cpp
[1.919s] [  8%] Built target livox_interfaces2__rosidl_generator_c
[1.923s] [ 12%] Built target livox_ros_driver2_node
[1.924s] [ 12%] Built target ament_cmake_python_copy_livox_ros_driver2
[1.924s] [35m[1mConsolidate compiler generated dependencies of target livox_interfaces2__rosidl_typesupport_cpp[0m
[1.925s] [35m[1mConsolidate compiler generated dependencies of target livox_interfaces2__rosidl_typesupport_fastrtps_cpp[0m
[1.929s] [35m[1mConsolidate compiler generated dependencies of target livox_interfaces2__rosidl_typesupport_fastrtps_c[0m
[1.930s] [35m[1mConsolidate compiler generated dependencies of target livox_interfaces2__rosidl_typesupport_introspection_cpp[0m
[1.930s] [35m[1mConsolidate compiler generated dependencies of target livox_interfaces2__rosidl_typesupport_introspection_c[0m
[1.934s] [ 19%] Built target livox_interfaces2__rosidl_typesupport_fastrtps_cpp
[1.934s] [35m[1mConsolidate compiler generated dependencies of target livox_interfaces2__rosidl_typesupport_c[0m
[1.937s] [ 26%] Built target livox_interfaces2__rosidl_typesupport_fastrtps_c
[1.937s] [ 33%] Built target livox_interfaces2__rosidl_typesupport_introspection_c
[1.938s] [ 40%] Built target livox_interfaces2__rosidl_typesupport_cpp
[1.938s] [ 47%] Built target livox_interfaces2__rosidl_typesupport_introspection_cpp
[1.942s] [ 54%] Built target livox_interfaces2__rosidl_typesupport_c
[1.949s] [35m[1mConsolidate compiler generated dependencies of target livox_ros_driver2[0m
[1.953s] [ 54%] Built target livox_interfaces2
[1.966s] [ 56%] Built target livox_interfaces2__py
[1.972s] [35m[1mConsolidate compiler generated dependencies of target livox_interfaces2__rosidl_generator_py[0m
[1.974s] [ 84%] Built target livox_ros_driver2
[1.980s] [ 89%] Built target livox_interfaces2__rosidl_generator_py
[1.987s] [35m[1mConsolidate compiler generated dependencies of target livox_ros_driver2__rosidl_typesupport_fastrtps_c__pyext[0m
[1.987s] [35m[1mConsolidate compiler generated dependencies of target livox_ros_driver2__rosidl_typesupport_introspection_c__pyext[0m
[1.987s] [35m[1mConsolidate compiler generated dependencies of target livox_ros_driver2__rosidl_typesupport_c__pyext[0m
[1.994s] [ 92%] Built target livox_ros_driver2__rosidl_typesupport_fastrtps_c__pyext
[1.994s] [ 96%] Built target livox_ros_driver2__rosidl_typesupport_introspection_c__pyext
[1.994s] [100%] Built target livox_ros_driver2__rosidl_typesupport_c__pyext
[2.056s] running egg_info
[2.056s] writing livox_ros_driver2.egg-info/PKG-INFO
[2.056s] writing dependency_links to livox_ros_driver2.egg-info/dependency_links.txt
[2.056s] writing top-level names to livox_ros_driver2.egg-info/top_level.txt
[2.057s] reading manifest file 'livox_ros_driver2.egg-info/SOURCES.txt'
[2.058s] writing manifest file 'livox_ros_driver2.egg-info/SOURCES.txt'
[2.074s] [100%] Built target ament_cmake_python_build_livox_ros_driver2_egg
[2.082s] Invoked command in '/home/johan/ws_fast/build/livox_ros_driver2' returned '0': CMAKE_PREFIX_PATH=/opt/ros/humble /usr/bin/cmake --build /home/johan/ws_fast/build/livox_ros_driver2 -- -j16 -l16
[2.145s] Invoking command in '/home/johan/ws_fast/build/livox_ros_driver2': CMAKE_PREFIX_PATH=/opt/ros/humble /usr/bin/cmake --install /home/johan/ws_fast/build/livox_ros_driver2
[2.150s] -- Install configuration: ""
[2.150s] -- Up-to-date: /home/johan/ws_fast/install/livox_ros_driver2/share/ament_index/resource_index/rosidl_interfaces/livox_ros_driver2
[2.150s] -- Up-to-date: /home/johan/ws_fast/install/livox_ros_driver2/include/livox_ros_driver2/livox_ros_driver2
[2.150s] -- Up-to-date: /home/johan/ws_fast/install/livox_ros_driver2/include/livox_ros_driver2/livox_ros_driver2/msg
[2.150s] -- Up-to-date: /home/johan/ws_fast/install/livox_ros_driver2/include/livox_ros_driver2/livox_ros_driver2/msg/custom_msg.h
[2.150s] -- Up-to-date: /home/johan/ws_fast/install/livox_ros_driver2/include/livox_ros_driver2/livox_ros_driver2/msg/detail
[2.150s] -- Up-to-date: /home/johan/ws_fast/install/livox_ros_driver2/include/livox_ros_driver2/livox_ros_driver2/msg/detail/custom_point__type_support.h
[2.151s] -- Up-to-date: /home/johan/ws_fast/install/livox_ros_driver2/include/livox_ros_driver2/livox_ros_driver2/msg/detail/custom_msg__struct.h
[2.151s] -- Up-to-date: /home/johan/ws_fast/install/livox_ros_driver2/include/livox_ros_driver2/livox_ros_driver2/msg/detail/custom_point__functions.h
[2.151s] -- Up-to-date: /home/johan/ws_fast/install/livox_ros_driver2/include/livox_ros_driver2/livox_ros_driver2/msg/detail/custom_msg__functions.c
[2.151s] -- Up-to-date: /home/johan/ws_fast/install/livox_ros_driver2/include/livox_ros_driver2/livox_ros_driver2/msg/detail/custom_point__functions.c
[2.151s] -- Up-to-date: /home/johan/ws_fast/install/livox_ros_driver2/include/livox_ros_driver2/livox_ros_driver2/msg/detail/custom_msg__type_support.h
[2.151s] -- Up-to-date: /home/johan/ws_fast/install/livox_ros_driver2/include/livox_ros_driver2/livox_ros_driver2/msg/detail/custom_msg__functions.h
[2.151s] -- Up-to-date: /home/johan/ws_fast/install/livox_ros_driver2/include/livox_ros_driver2/livox_ros_driver2/msg/detail/custom_point__struct.h
[2.151s] -- Up-to-date: /home/johan/ws_fast/install/livox_ros_driver2/include/livox_ros_driver2/livox_ros_driver2/msg/rosidl_generator_c__visibility_control.h
[2.151s] -- Up-to-date: /home/johan/ws_fast/install/livox_ros_driver2/include/livox_ros_driver2/livox_ros_driver2/msg/custom_point.h
[2.151s] -- Up-to-date: /home/johan/ws_fast/install/livox_ros_driver2/share/livox_ros_driver2/environment/library_path.sh
[2.152s] -- Installing: /home/johan/ws_fast/install/livox_ros_driver2/share/livox_ros_driver2/environment/library_path.dsv
[2.152s] -- Up-to-date: /home/johan/ws_fast/install/livox_ros_driver2/lib/liblivox_ros_driver2__rosidl_generator_c.so
[2.152s] -- Up-to-date: /home/johan/ws_fast/install/livox_ros_driver2/include/livox_ros_driver2/livox_ros_driver2
[2.152s] -- Up-to-date: /home/johan/ws_fast/install/livox_ros_driver2/include/livox_ros_driver2/livox_ros_driver2/msg
[2.152s] -- Up-to-date: /home/johan/ws_fast/install/livox_ros_driver2/include/livox_ros_driver2/livox_ros_driver2/msg/detail
[2.152s] -- Up-to-date: /home/johan/ws_fast/install/livox_ros_driver2/include/livox_ros_driver2/livox_ros_driver2/msg/detail/custom_point__rosidl_typesupport_fastrtps_c.h
[2.152s] -- Up-to-date: /home/johan/ws_fast/install/livox_ros_driver2/include/livox_ros_driver2/livox_ros_driver2/msg/detail/custom_msg__rosidl_typesupport_fastrtps_c.h
[2.152s] -- Up-to-date: /home/johan/ws_fast/install/livox_ros_driver2/include/livox_ros_driver2/livox_ros_driver2/msg/rosidl_typesupport_fastrtps_c__visibility_control.h
[2.152s] -- Up-to-date: /home/johan/ws_fast/install/livox_ros_driver2/lib/liblivox_ros_driver2__rosidl_typesupport_fastrtps_c.so
[2.152s] -- Up-to-date: /home/johan/ws_fast/install/livox_ros_driver2/include/livox_ros_driver2/livox_ros_driver2
[2.152s] -- Up-to-date: /home/johan/ws_fast/install/livox_ros_driver2/include/livox_ros_driver2/livox_ros_driver2/msg
[2.152s] -- Up-to-date: /home/johan/ws_fast/install/livox_ros_driver2/include/livox_ros_driver2/livox_ros_driver2/msg/rosidl_typesupport_introspection_c__visibility_control.h
[2.153s] -- Up-to-date: /home/johan/ws_fast/install/livox_ros_driver2/include/livox_ros_driver2/livox_ros_driver2/msg/detail
[2.153s] -- Up-to-date: /home/johan/ws_fast/install/livox_ros_driver2/include/livox_ros_driver2/livox_ros_driver2/msg/detail/custom_point__rosidl_typesupport_introspection_c.h
[2.153s] -- Up-to-date: /home/johan/ws_fast/install/livox_ros_driver2/include/livox_ros_driver2/livox_ros_driver2/msg/detail/custom_msg__type_support.c
[2.153s] -- Up-to-date: /home/johan/ws_fast/install/livox_ros_driver2/include/livox_ros_driver2/livox_ros_driver2/msg/detail/custom_point__type_support.c
[2.153s] -- Up-to-date: /home/johan/ws_fast/install/livox_ros_driver2/include/livox_ros_driver2/livox_ros_driver2/msg/detail/custom_msg__rosidl_typesupport_introspection_c.h
[2.153s] -- Up-to-date: /home/johan/ws_fast/install/livox_ros_driver2/lib/liblivox_ros_driver2__rosidl_typesupport_introspection_c.so
[2.153s] -- Up-to-date: /home/johan/ws_fast/install/livox_ros_driver2/lib/liblivox_ros_driver2__rosidl_typesupport_c.so
[2.153s] -- Up-to-date: /home/johan/ws_fast/install/livox_ros_driver2/include/livox_ros_driver2/livox_ros_driver2
[2.153s] -- Up-to-date: /home/johan/ws_fast/install/livox_ros_driver2/include/livox_ros_driver2/livox_ros_driver2/msg
[2.153s] -- Up-to-date: /home/johan/ws_fast/install/livox_ros_driver2/include/livox_ros_driver2/livox_ros_driver2/msg/custom_msg.hpp
[2.153s] -- Up-to-date: /home/johan/ws_fast/install/livox_ros_driver2/include/livox_ros_driver2/livox_ros_driver2/msg/detail
[2.153s] -- Up-to-date: /home/johan/ws_fast/install/livox_ros_driver2/include/livox_ros_driver2/livox_ros_driver2/msg/detail/custom_msg__traits.hpp
[2.153s] -- Up-to-date: /home/johan/ws_fast/install/livox_ros_driver2/include/livox_ros_driver2/livox_ros_driver2/msg/detail/custom_point__traits.hpp
[2.154s] -- Up-to-date: /home/johan/ws_fast/install/livox_ros_driver2/include/livox_ros_driver2/livox_ros_driver2/msg/detail/custom_msg__builder.hpp
[2.154s] -- Up-to-date: /home/johan/ws_fast/install/livox_ros_driver2/include/livox_ros_driver2/livox_ros_driver2/msg/detail/custom_point__builder.hpp
[2.154s] -- Up-to-date: /home/johan/ws_fast/install/livox_ros_driver2/include/livox_ros_driver2/livox_ros_driver2/msg/detail/custom_point__struct.hpp
[2.154s] -- Up-to-date: /home/johan/ws_fast/install/livox_ros_driver2/include/livox_ros_driver2/livox_ros_driver2/msg/detail/custom_msg__struct.hpp
[2.154s] -- Up-to-date: /home/johan/ws_fast/install/livox_ros_driver2/include/livox_ros_driver2/livox_ros_driver2/msg/custom_point.hpp
[2.154s] -- Up-to-date: /home/johan/ws_fast/install/livox_ros_driver2/include/livox_ros_driver2/livox_ros_driver2
[2.154s] -- Up-to-date: /home/johan/ws_fast/install/livox_ros_driver2/include/livox_ros_driver2/livox_ros_driver2/msg
[2.154s] -- Up-to-date: /home/johan/ws_fast/install/livox_ros_driver2/include/livox_ros_driver2/livox_ros_driver2/msg/detail
[2.154s] -- Up-to-date: /home/johan/ws_fast/install/livox_ros_driver2/include/livox_ros_driver2/livox_ros_driver2/msg/detail/custom_point__rosidl_typesupport_fastrtps_cpp.hpp
[2.154s] -- Up-to-date: /home/johan/ws_fast/install/livox_ros_driver2/include/livox_ros_driver2/livox_ros_driver2/msg/detail/dds_fastrtps
[2.154s] -- Up-to-date: /home/johan/ws_fast/install/livox_ros_driver2/include/livox_ros_driver2/livox_ros_driver2/msg/detail/custom_msg__rosidl_typesupport_fastrtps_cpp.hpp
[2.154s] -- Up-to-date: /home/johan/ws_fast/install/livox_ros_driver2/include/livox_ros_driver2/livox_ros_driver2/msg/rosidl_typesupport_fastrtps_cpp__visibility_control.h
[2.154s] -- Up-to-date: /home/johan/ws_fast/install/livox_ros_driver2/lib/liblivox_ros_driver2__rosidl_typesupport_fastrtps_cpp.so
[2.155s] -- Up-to-date: /home/johan/ws_fast/install/livox_ros_driver2/include/livox_ros_driver2/livox_ros_driver2
[2.155s] -- Up-to-date: /home/johan/ws_fast/install/livox_ros_driver2/include/livox_ros_driver2/livox_ros_driver2/msg
[2.155s] -- Up-to-date: /home/johan/ws_fast/install/livox_ros_driver2/include/livox_ros_driver2/livox_ros_driver2/msg/detail
[2.155s] -- Up-to-date: /home/johan/ws_fast/install/livox_ros_driver2/include/livox_ros_driver2/livox_ros_driver2/msg/detail/custom_point__rosidl_typesupport_introspection_cpp.hpp
[2.155s] -- Up-to-date: /home/johan/ws_fast/install/livox_ros_driver2/include/livox_ros_driver2/livox_ros_driver2/msg/detail/custom_msg__type_support.cpp
[2.155s] -- Up-to-date: /home/johan/ws_fast/install/livox_ros_driver2/include/livox_ros_driver2/livox_ros_driver2/msg/detail/custom_msg__rosidl_typesupport_introspection_cpp.hpp
[2.155s] -- Up-to-date: /home/johan/ws_fast/install/livox_ros_driver2/include/livox_ros_driver2/livox_ros_driver2/msg/detail/custom_point__type_support.cpp
[2.155s] -- Up-to-date: /home/johan/ws_fast/install/livox_ros_driver2/lib/liblivox_ros_driver2__rosidl_typesupport_introspection_cpp.so
[2.155s] -- Up-to-date: /home/johan/ws_fast/install/livox_ros_driver2/lib/liblivox_ros_driver2__rosidl_typesupport_cpp.so
[2.155s] -- Up-to-date: /home/johan/ws_fast/install/livox_ros_driver2/share/livox_ros_driver2/environment/pythonpath.sh
[2.155s] -- Installing: /home/johan/ws_fast/install/livox_ros_driver2/share/livox_ros_driver2/environment/pythonpath.dsv
[2.155s] -- Up-to-date: /home/johan/ws_fast/install/livox_ros_driver2/local/lib/python3.10/dist-packages/livox_ros_driver2-1.0.0-py3.10.egg-info
[2.155s] -- Installing: /home/johan/ws_fast/install/livox_ros_driver2/local/lib/python3.10/dist-packages/livox_ros_driver2-1.0.0-py3.10.egg-info/SOURCES.txt
[2.155s] -- Installing: /home/johan/ws_fast/install/livox_ros_driver2/local/lib/python3.10/dist-packages/livox_ros_driver2-1.0.0-py3.10.egg-info/top_level.txt
[2.155s] -- Installing: /home/johan/ws_fast/install/livox_ros_driver2/local/lib/python3.10/dist-packages/livox_ros_driver2-1.0.0-py3.10.egg-info/PKG-INFO
[2.155s] -- Installing: /home/johan/ws_fast/install/livox_ros_driver2/local/lib/python3.10/dist-packages/livox_ros_driver2-1.0.0-py3.10.egg-info/dependency_links.txt
[2.155s] -- Up-to-date: /home/johan/ws_fast/install/livox_ros_driver2/local/lib/python3.10/dist-packages/livox_ros_driver2
[2.155s] -- Installing: /home/johan/ws_fast/install/livox_ros_driver2/local/lib/python3.10/dist-packages/livox_ros_driver2/__init__.py
[2.155s] -- Up-to-date: /home/johan/ws_fast/install/livox_ros_driver2/local/lib/python3.10/dist-packages/livox_ros_driver2/msg
[2.155s] -- Up-to-date: /home/johan/ws_fast/install/livox_ros_driver2/local/lib/python3.10/dist-packages/livox_ros_driver2/msg/__init__.py
[2.155s] -- Up-to-date: /home/johan/ws_fast/install/livox_ros_driver2/local/lib/python3.10/dist-packages/livox_ros_driver2/msg/_custom_msg_s.c
[2.155s] -- Up-to-date: /home/johan/ws_fast/install/livox_ros_driver2/local/lib/python3.10/dist-packages/livox_ros_driver2/msg/_custom_point.py
[2.155s] -- Up-to-date: /home/johan/ws_fast/install/livox_ros_driver2/local/lib/python3.10/dist-packages/livox_ros_driver2/msg/_custom_msg.py
[2.155s] -- Up-to-date: /home/johan/ws_fast/install/livox_ros_driver2/local/lib/python3.10/dist-packages/livox_ros_driver2/msg/_custom_point_s.c
[2.155s] -- Up-to-date: /home/johan/ws_fast/install/livox_ros_driver2/local/lib/python3.10/dist-packages/livox_ros_driver2/_livox_ros_driver2_s.ep.rosidl_typesupport_fastrtps_c.c
[2.155s] -- Up-to-date: /home/johan/ws_fast/install/livox_ros_driver2/local/lib/python3.10/dist-packages/livox_ros_driver2/livox_ros_driver2_s__rosidl_typesupport_introspection_c.cpython-310-x86_64-linux-gnu.so
[2.155s] -- Up-to-date: /home/johan/ws_fast/install/livox_ros_driver2/local/lib/python3.10/dist-packages/livox_ros_driver2/_livox_ros_driver2_s.ep.rosidl_typesupport_introspection_c.c
[2.155s] -- Up-to-date: /home/johan/ws_fast/install/livox_ros_driver2/local/lib/python3.10/dist-packages/livox_ros_driver2/livox_ros_driver2_s__rosidl_typesupport_c.cpython-310-x86_64-linux-gnu.so
[2.155s] -- Up-to-date: /home/johan/ws_fast/install/livox_ros_driver2/local/lib/python3.10/dist-packages/livox_ros_driver2/liblivox_interfaces2__rosidl_generator_py.so
[2.155s] -- Up-to-date: /home/johan/ws_fast/install/livox_ros_driver2/local/lib/python3.10/dist-packages/livox_ros_driver2/_livox_ros_driver2_s.ep.rosidl_typesupport_c.c
[2.155s] -- Up-to-date: /home/johan/ws_fast/install/livox_ros_driver2/local/lib/python3.10/dist-packages/livox_ros_driver2/livox_ros_driver2_s__rosidl_typesupport_fastrtps_c.cpython-310-x86_64-linux-gnu.so
[2.172s] Listing '/home/johan/ws_fast/install/livox_ros_driver2/local/lib/python3.10/dist-packages/livox_ros_driver2'...
[2.172s] Compiling '/home/johan/ws_fast/install/livox_ros_driver2/local/lib/python3.10/dist-packages/livox_ros_driver2/__init__.py'...
[2.172s] Listing '/home/johan/ws_fast/install/livox_ros_driver2/local/lib/python3.10/dist-packages/livox_ros_driver2/msg'...
[2.175s] -- Up-to-date: /home/johan/ws_fast/install/livox_ros_driver2/local/lib/python3.10/dist-packages/livox_ros_driver2/livox_ros_driver2_s__rosidl_typesupport_fastrtps_c.cpython-310-x86_64-linux-gnu.so
[2.175s] -- Up-to-date: /home/johan/ws_fast/install/livox_ros_driver2/local/lib/python3.10/dist-packages/livox_ros_driver2/livox_ros_driver2_s__rosidl_typesupport_introspection_c.cpython-310-x86_64-linux-gnu.so
[2.175s] -- Up-to-date: /home/johan/ws_fast/install/livox_ros_driver2/local/lib/python3.10/dist-packages/livox_ros_driver2/livox_ros_driver2_s__rosidl_typesupport_c.cpython-310-x86_64-linux-gnu.so
[2.176s] -- Up-to-date: /home/johan/ws_fast/install/livox_ros_driver2/lib/liblivox_interfaces2__rosidl_generator_py.so
[2.176s] -- Up-to-date: /home/johan/ws_fast/install/livox_ros_driver2/share/livox_ros_driver2/msg/CustomPoint.idl
[2.176s] -- Up-to-date: /home/johan/ws_fast/install/livox_ros_driver2/share/livox_ros_driver2/msg/CustomMsg.idl
[2.176s] -- Up-to-date: /home/johan/ws_fast/install/livox_ros_driver2/share/livox_ros_driver2/msg/CustomPoint.msg
[2.176s] -- Up-to-date: /home/johan/ws_fast/install/livox_ros_driver2/share/livox_ros_driver2/msg/CustomMsg.msg
[2.176s] -- Up-to-date: /home/johan/ws_fast/install/livox_ros_driver2/lib/livox_ros_driver2/livox_ros_driver2_node
[2.176s] -- Up-to-date: /home/johan/ws_fast/install/livox_ros_driver2/lib/liblivox_ros_driver2.so
[2.176s] -- Up-to-date: /home/johan/ws_fast/install/livox_ros_driver2/share/livox_ros_driver2/config
[2.176s] -- Up-to-date: /home/johan/ws_fast/install/livox_ros_driver2/share/livox_ros_driver2/config/HAP_config.json
[2.176s] -- Up-to-date: /home/johan/ws_fast/install/livox_ros_driver2/share/livox_ros_driver2/config/display_point_cloud_ROS2.rviz
[2.176s] -- Up-to-date: /home/johan/ws_fast/install/livox_ros_driver2/share/livox_ros_driver2/config/MID360_config.json
[2.177s] -- Up-to-date: /home/johan/ws_fast/install/livox_ros_driver2/share/livox_ros_driver2/config/mixed_HAP_MID360_config.json
[2.177s] -- Up-to-date: /home/johan/ws_fast/install/livox_ros_driver2/share/livox_ros_driver2/config/display_point_cloud_ROS1.rviz
[2.177s] -- Up-to-date: /home/johan/ws_fast/install/livox_ros_driver2/share/livox_ros_driver2/launch_ROS2
[2.177s] -- Up-to-date: /home/johan/ws_fast/install/livox_ros_driver2/share/livox_ros_driver2/launch_ROS2/msg_MID360_launch.py
[2.177s] -- Up-to-date: /home/johan/ws_fast/install/livox_ros_driver2/share/livox_ros_driver2/launch_ROS2/rviz_HAP_launch.py
[2.177s] -- Up-to-date: /home/johan/ws_fast/install/livox_ros_driver2/share/livox_ros_driver2/launch_ROS2/rviz_mixed.py
[2.177s] -- Up-to-date: /home/johan/ws_fast/install/livox_ros_driver2/share/livox_ros_driver2/launch_ROS2/rviz_MID360_launch.py
[2.177s] -- Up-to-date: /home/johan/ws_fast/install/livox_ros_driver2/share/livox_ros_driver2/launch_ROS2/msg_HAP_launch.py
[2.177s] -- Up-to-date: /home/johan/ws_fast/install/livox_ros_driver2/share/ament_index/resource_index/package_run_dependencies/livox_ros_driver2
[2.177s] -- Up-to-date: /home/johan/ws_fast/install/livox_ros_driver2/share/ament_index/resource_index/parent_prefix_path/livox_ros_driver2
[2.177s] -- Up-to-date: /home/johan/ws_fast/install/livox_ros_driver2/share/livox_ros_driver2/environment/ament_prefix_path.sh
[2.177s] -- Installing: /home/johan/ws_fast/install/livox_ros_driver2/share/livox_ros_driver2/environment/ament_prefix_path.dsv
[2.177s] -- Up-to-date: /home/johan/ws_fast/install/livox_ros_driver2/share/livox_ros_driver2/environment/path.sh
[2.177s] -- Installing: /home/johan/ws_fast/install/livox_ros_driver2/share/livox_ros_driver2/environment/path.dsv
[2.177s] -- Up-to-date: /home/johan/ws_fast/install/livox_ros_driver2/share/livox_ros_driver2/local_setup.bash
[2.177s] -- Up-to-date: /home/johan/ws_fast/install/livox_ros_driver2/share/livox_ros_driver2/local_setup.sh
[2.177s] -- Up-to-date: /home/johan/ws_fast/install/livox_ros_driver2/share/livox_ros_driver2/local_setup.zsh
[2.177s] -- Installing: /home/johan/ws_fast/install/livox_ros_driver2/share/livox_ros_driver2/local_setup.dsv
[2.177s] -- Installing: /home/johan/ws_fast/install/livox_ros_driver2/share/livox_ros_driver2/package.dsv
[2.177s] -- Up-to-date: /home/johan/ws_fast/install/livox_ros_driver2/share/ament_index/resource_index/packages/livox_ros_driver2
[2.177s] -- Up-to-date: /home/johan/ws_fast/install/livox_ros_driver2/share/livox_ros_driver2/cmake/export_livox_interfaces2__rosidl_generator_cExport.cmake
[2.177s] -- Up-to-date: /home/johan/ws_fast/install/livox_ros_driver2/share/livox_ros_driver2/cmake/export_livox_interfaces2__rosidl_generator_cExport-noconfig.cmake
[2.177s] -- Up-to-date: /home/johan/ws_fast/install/livox_ros_driver2/share/livox_ros_driver2/cmake/export_livox_interfaces2__rosidl_typesupport_fastrtps_cExport.cmake
[2.177s] -- Up-to-date: /home/johan/ws_fast/install/livox_ros_driver2/share/livox_ros_driver2/cmake/export_livox_interfaces2__rosidl_typesupport_fastrtps_cExport-noconfig.cmake
[2.178s] -- Up-to-date: /home/johan/ws_fast/install/livox_ros_driver2/share/livox_ros_driver2/cmake/livox_interfaces2__rosidl_typesupport_introspection_cExport.cmake
[2.178s] -- Up-to-date: /home/johan/ws_fast/install/livox_ros_driver2/share/livox_ros_driver2/cmake/livox_interfaces2__rosidl_typesupport_introspection_cExport-noconfig.cmake
[2.178s] -- Up-to-date: /home/johan/ws_fast/install/livox_ros_driver2/share/livox_ros_driver2/cmake/livox_interfaces2__rosidl_typesupport_cExport.cmake
[2.178s] -- Up-to-date: /home/johan/ws_fast/install/livox_ros_driver2/share/livox_ros_driver2/cmake/livox_interfaces2__rosidl_typesupport_cExport-noconfig.cmake
[2.178s] -- Up-to-date: /home/johan/ws_fast/install/livox_ros_driver2/share/livox_ros_driver2/cmake/export_livox_interfaces2__rosidl_generator_cppExport.cmake
[2.178s] -- Up-to-date: /home/johan/ws_fast/install/livox_ros_driver2/share/livox_ros_driver2/cmake/export_livox_interfaces2__rosidl_typesupport_fastrtps_cppExport.cmake
[2.178s] -- Up-to-date: /home/johan/ws_fast/install/livox_ros_driver2/share/livox_ros_driver2/cmake/export_livox_interfaces2__rosidl_typesupport_fastrtps_cppExport-noconfig.cmake
[2.178s] -- Up-to-date: /home/johan/ws_fast/install/livox_ros_driver2/share/livox_ros_driver2/cmake/livox_interfaces2__rosidl_typesupport_introspection_cppExport.cmake
[2.178s] -- Up-to-date: /home/johan/ws_fast/install/livox_ros_driver2/share/livox_ros_driver2/cmake/livox_interfaces2__rosidl_typesupport_introspection_cppExport-noconfig.cmake
[2.178s] -- Up-to-date: /home/johan/ws_fast/install/livox_ros_driver2/share/livox_ros_driver2/cmake/livox_interfaces2__rosidl_typesupport_cppExport.cmake
[2.178s] -- Up-to-date: /home/johan/ws_fast/install/livox_ros_driver2/share/livox_ros_driver2/cmake/livox_interfaces2__rosidl_typesupport_cppExport-noconfig.cmake
[2.178s] -- Up-to-date: /home/johan/ws_fast/install/livox_ros_driver2/share/livox_ros_driver2/cmake/export_livox_interfaces2__rosidl_generator_pyExport.cmake
[2.178s] -- Up-to-date: /home/johan/ws_fast/install/livox_ros_driver2/share/livox_ros_driver2/cmake/export_livox_interfaces2__rosidl_generator_pyExport-noconfig.cmake
[2.178s] -- Up-to-date: /home/johan/ws_fast/install/livox_ros_driver2/share/ament_index/resource_index/rclcpp_components/livox_ros_driver2
[2.178s] -- Up-to-date: /home/johan/ws_fast/install/livox_ros_driver2/share/livox_ros_driver2/cmake/rosidl_cmake-extras.cmake
[2.178s] -- Up-to-date: /home/johan/ws_fast/install/livox_ros_driver2/share/livox_ros_driver2/cmake/ament_cmake_export_dependencies-extras.cmake
[2.178s] -- Up-to-date: /home/johan/ws_fast/install/livox_ros_driver2/share/livox_ros_driver2/cmake/ament_cmake_export_include_directories-extras.cmake
[2.178s] -- Up-to-date: /home/johan/ws_fast/install/livox_ros_driver2/share/livox_ros_driver2/cmake/ament_cmake_export_libraries-extras.cmake
[2.178s] -- Up-to-date: /home/johan/ws_fast/install/livox_ros_driver2/share/livox_ros_driver2/cmake/ament_cmake_export_targets-extras.cmake
[2.179s] -- Up-to-date: /home/johan/ws_fast/install/livox_ros_driver2/share/livox_ros_driver2/cmake/rosidl_cmake_export_typesupport_targets-extras.cmake
[2.179s] -- Up-to-date: /home/johan/ws_fast/install/livox_ros_driver2/share/livox_ros_driver2/cmake/rosidl_cmake_export_typesupport_libraries-extras.cmake
[2.179s] -- Up-to-date: /home/johan/ws_fast/install/livox_ros_driver2/share/livox_ros_driver2/cmake/livox_ros_driver2Config.cmake
[2.179s] -- Up-to-date: /home/johan/ws_fast/install/livox_ros_driver2/share/livox_ros_driver2/cmake/livox_ros_driver2Config-version.cmake
[2.179s] -- Up-to-date: /home/johan/ws_fast/install/livox_ros_driver2/share/livox_ros_driver2/package.xml
[2.179s] Invoked command in '/home/johan/ws_fast/build/livox_ros_driver2' returned '0': CMAKE_PREFIX_PATH=/opt/ros/humble /usr/bin/cmake --install /home/johan/ws_fast/build/livox_ros_driver2
