[0.055s] Invoking command in '/home/lx/ros2/ros/xiao_ying/build/linefit_ground_segmentation_ros': AMENT_PREFIX_PATH=/home/lx/ros2/ros/xiao_ying/install/linefit_ground_segmentation:${AMENT_PREFIX_PATH} CMAKE_PREFIX_PATH=/home/lx/ros2/ros/xiao_ying/install/linefit_ground_segmentation:/opt/ros/humble LD_LIBRARY_PATH=/home/lx/ros2/ros/xiao_ying/install/linefit_ground_segmentation/lib:${LD_LIBRARY_PATH} /usr/bin/cmake /home/lx/ros2/ros/xiao_ying/src/linefit_ground_segmentation_ros2/linefit_ground_segmentation_ros -DROS_EDITION=ROS2 -DHUMBLE_ROS=humble -DCMAKE_INSTALL_PREFIX=/home/lx/ros2/ros/xiao_ying/install/linefit_ground_segmentation_ros
[0.099s] -- The C compiler identification is GNU 11.4.0
[0.143s] -- The CXX compiler identification is GNU 11.4.0
[0.148s] -- Detecting C compiler ABI info
[0.201s] -- Detecting C compiler ABI info - done
[0.208s] -- Check for working C compiler: /usr/bin/cc - skipped
[0.208s] -- Detecting C compile features
[0.208s] -- Detecting C compile features - done
[0.211s] -- Detecting CXX compiler ABI info
[0.279s] -- Detecting CXX compiler ABI info - done
[0.285s] -- Check for working CXX compiler: /usr/bin/c++ - skipped
[0.285s] -- Detecting CXX compile features
[0.286s] -- Detecting CXX compile features - done
[0.287s] -- Found ament_cmake_auto: 1.3.5 (/opt/ros/humble/share/ament_cmake_auto/cmake)
[0.432s] -- Found Python3: /usr/bin/python3.10 (found version "3.10.12") found components: Interpreter 
[0.633s] -- Found rosidl_generator_c: 3.1.5 (/opt/ros/humble/share/rosidl_generator_c/cmake)
[0.640s] -- Found rosidl_adapter: 3.1.5 (/opt/ros/humble/share/rosidl_adapter/cmake)
[0.652s] -- Found rosidl_generator_cpp: 3.1.5 (/opt/ros/humble/share/rosidl_generator_cpp/cmake)
[0.671s] -- Using all available rosidl_typesupport_c: rosidl_typesupport_fastrtps_c;rosidl_typesupport_introspection_c
[0.700s] -- Using all available rosidl_typesupport_cpp: rosidl_typesupport_fastrtps_cpp;rosidl_typesupport_introspection_cpp
[0.802s] -- Found rmw_implementation_cmake: 6.1.1 (/opt/ros/humble/share/rmw_implementation_cmake/cmake)
[0.805s] -- Found rmw_fastrtps_cpp: 6.2.4 (/opt/ros/humble/share/rmw_fastrtps_cpp/cmake)
[0.914s] -- Found OpenSSL: /usr/lib/x86_64-linux-gnu/libcrypto.so (found version "3.0.2")  
[0.941s] -- Found FastRTPS: /opt/ros/humble/include  
[0.987s] -- Using RMW implementation 'rmw_fastrtps_cpp' as default
[0.995s] -- Looking for pthread.h
[1.051s] -- Looking for pthread.h - found
[1.051s] -- Performing Test CMAKE_HAVE_LIBC_PTHREAD
[1.108s] -- Performing Test CMAKE_HAVE_LIBC_PTHREAD - Success
[1.109s] -- Found Threads: TRUE  
[1.966s] -- Found eigen3_cmake_module: 0.1.1 (/opt/ros/humble/share/eigen3_cmake_module/cmake)
[1.967s] -- Found Eigen3: TRUE (found version "3.4.0") 
[1.968s] -- Ensuring Eigen3 include directory is part of orocos-kdl CMake target
[1.997s] -- Checking for module 'eigen3'
[2.010s] --   Found eigen3, version 3.4.0
[2.036s] -- Found Eigen: /usr/include/eigen3 (Required is at least version "3.1") 
[2.036s] -- Eigen found (include: /usr/include/eigen3, version: 3.4.0)
[2.066s] -- Checking for module 'flann'
[2.078s] --   Found flann, version 1.9.1
[2.117s] -- Found FLANN: /usr/lib/x86_64-linux-gnu/libflann_cpp.so  
[2.117s] -- FLANN found (include: /usr/include, lib: /usr/lib/x86_64-linux-gnu/libflann_cpp.so)
[2.929s] -- Checking for module 'libusb-1.0'
[2.951s] --   Found libusb-1.0, version 1.0.25
[3.001s] -- Found libusb: /usr/lib/x86_64-linux-gnu/libusb-1.0.so  
[3.002s] -- OpenNI found (version: 1.5.4.0, include: /usr/include/ni, lib: /usr/lib/libOpenNI.so;libusb::libusb)
[3.074s] -- OpenNI2 found (version: 2.2.0.33, include: /usr/include/openni2, lib: /usr/lib/x86_64-linux-gnu/libOpenNI2.so;libusb::libusb)
[3.222s] -- Eigen found (include: /usr/include/eigen3, version: 3.4.0)
[3.228s] -- OpenNI found (version: 1.5.4.0, include: /usr/include/ni, lib: /usr/lib/libOpenNI.so;libusb::libusb)
[3.234s] -- OpenNI2 found (version: 2.2.0.33, include: /usr/include/openni2, lib: /usr/lib/x86_64-linux-gnu/libOpenNI2.so;libusb::libusb)
[3.363s] -- Found Qhull version 8.0.2
[3.497s] -- OpenNI found (version: 1.5.4.0, include: /usr/include/ni, lib: /usr/lib/libOpenNI.so;libusb::libusb)
[3.647s] -- Found PCL_COMMON: /usr/lib/x86_64-linux-gnu/libpcl_common.so  
[3.648s] -- Found PCL_KDTREE: /usr/lib/x86_64-linux-gnu/libpcl_kdtree.so  
[3.649s] -- Found PCL_OCTREE: /usr/lib/x86_64-linux-gnu/libpcl_octree.so  
[3.650s] -- Found PCL_SEARCH: /usr/lib/x86_64-linux-gnu/libpcl_search.so  
[3.650s] -- Found PCL_SAMPLE_CONSENSUS: /usr/lib/x86_64-linux-gnu/libpcl_sample_consensus.so  
[3.651s] -- Found PCL_FILTERS: /usr/lib/x86_64-linux-gnu/libpcl_filters.so  
[3.652s] -- Found PCL_2D: /usr/include/pcl-1.12  
[3.652s] -- Found PCL_GEOMETRY: /usr/include/pcl-1.12  
[3.653s] -- Found PCL_IO: /usr/lib/x86_64-linux-gnu/libpcl_io.so  
[3.654s] -- Found PCL_FEATURES: /usr/lib/x86_64-linux-gnu/libpcl_features.so  
[3.655s] -- Found PCL_ML: /usr/lib/x86_64-linux-gnu/libpcl_ml.so  
[3.655s] -- Found PCL_SEGMENTATION: /usr/lib/x86_64-linux-gnu/libpcl_segmentation.so  
[3.656s] -- Found PCL_VISUALIZATION: /usr/lib/x86_64-linux-gnu/libpcl_visualization.so  
[3.657s] -- Found PCL_SURFACE: /usr/lib/x86_64-linux-gnu/libpcl_surface.so  
[3.658s] -- Found PCL_REGISTRATION: /usr/lib/x86_64-linux-gnu/libpcl_registration.so  
[3.659s] -- Found PCL_KEYPOINTS: /usr/lib/x86_64-linux-gnu/libpcl_keypoints.so  
[3.660s] -- Found PCL_TRACKING: /usr/lib/x86_64-linux-gnu/libpcl_tracking.so  
[3.661s] -- Found PCL_RECOGNITION: /usr/lib/x86_64-linux-gnu/libpcl_recognition.so  
[3.662s] -- Found PCL_STEREO: /usr/lib/x86_64-linux-gnu/libpcl_stereo.so  
[3.663s] -- Found PCL_APPS: /usr/lib/x86_64-linux-gnu/libpcl_apps.so  
[3.664s] -- Found PCL_IN_HAND_SCANNER: /usr/include/pcl-1.12  
[3.664s] -- Found PCL_MODELER: /usr/include/pcl-1.12  
[3.664s] -- Found PCL_POINT_CLOUD_EDITOR: /usr/include/pcl-1.12  
[3.665s] -- Found PCL_OUTOFCORE: /usr/lib/x86_64-linux-gnu/libpcl_outofcore.so  
[3.666s] -- Found PCL_PEOPLE: /usr/lib/x86_64-linux-gnu/libpcl_people.so  
[3.953s] -- Configuring done
[4.018s] -- Generating done
[4.020s] [33mCMake Warning:
[4.021s]   Manually-specified variables were not used by the project:
[4.021s] 
[4.021s]     HUMBLE_ROS
[4.021s]     ROS_EDITION
[4.021s] 
[4.021s] [0m
[4.022s] -- Build files have been written to: /home/lx/ros2/ros/xiao_ying/build/linefit_ground_segmentation_ros
[4.046s] Invoked command in '/home/lx/ros2/ros/xiao_ying/build/linefit_ground_segmentation_ros' returned '0': AMENT_PREFIX_PATH=/home/lx/ros2/ros/xiao_ying/install/linefit_ground_segmentation:${AMENT_PREFIX_PATH} CMAKE_PREFIX_PATH=/home/lx/ros2/ros/xiao_ying/install/linefit_ground_segmentation:/opt/ros/humble LD_LIBRARY_PATH=/home/lx/ros2/ros/xiao_ying/install/linefit_ground_segmentation/lib:${LD_LIBRARY_PATH} /usr/bin/cmake /home/lx/ros2/ros/xiao_ying/src/linefit_ground_segmentation_ros2/linefit_ground_segmentation_ros -DROS_EDITION=ROS2 -DHUMBLE_ROS=humble -DCMAKE_INSTALL_PREFIX=/home/lx/ros2/ros/xiao_ying/install/linefit_ground_segmentation_ros
[4.048s] Invoking command in '/home/lx/ros2/ros/xiao_ying/build/linefit_ground_segmentation_ros': AMENT_PREFIX_PATH=/home/lx/ros2/ros/xiao_ying/install/linefit_ground_segmentation:${AMENT_PREFIX_PATH} CMAKE_PREFIX_PATH=/home/lx/ros2/ros/xiao_ying/install/linefit_ground_segmentation:/opt/ros/humble LD_LIBRARY_PATH=/home/lx/ros2/ros/xiao_ying/install/linefit_ground_segmentation/lib:${LD_LIBRARY_PATH} /usr/bin/cmake --build /home/lx/ros2/ros/xiao_ying/build/linefit_ground_segmentation_ros -- -j12 -l12
[4.091s] [ 25%] [32mBuilding CXX object CMakeFiles/ground_segmentation_test_node.dir/src/ground_segmentation_test_node.cc.o[0m
[4.091s] [ 50%] [32mBuilding CXX object CMakeFiles/ground_segmentation_node.dir/src/ground_segmentation_node.cc.o[0m
[16.942s] [ 75%] [32m[1mLinking CXX executable ground_segmentation_test_node[0m
[17.823s] [ 75%] Built target ground_segmentation_test_node
[23.929s] [100%] [32m[1mLinking CXX executable ground_segmentation_node[0m
[24.522s] [100%] Built target ground_segmentation_node
[24.539s] Invoked command in '/home/lx/ros2/ros/xiao_ying/build/linefit_ground_segmentation_ros' returned '0': AMENT_PREFIX_PATH=/home/lx/ros2/ros/xiao_ying/install/linefit_ground_segmentation:${AMENT_PREFIX_PATH} CMAKE_PREFIX_PATH=/home/lx/ros2/ros/xiao_ying/install/linefit_ground_segmentation:/opt/ros/humble LD_LIBRARY_PATH=/home/lx/ros2/ros/xiao_ying/install/linefit_ground_segmentation/lib:${LD_LIBRARY_PATH} /usr/bin/cmake --build /home/lx/ros2/ros/xiao_ying/build/linefit_ground_segmentation_ros -- -j12 -l12
[24.563s] Invoking command in '/home/lx/ros2/ros/xiao_ying/build/linefit_ground_segmentation_ros': AMENT_PREFIX_PATH=/home/lx/ros2/ros/xiao_ying/install/linefit_ground_segmentation:${AMENT_PREFIX_PATH} CMAKE_PREFIX_PATH=/home/lx/ros2/ros/xiao_ying/install/linefit_ground_segmentation:/opt/ros/humble LD_LIBRARY_PATH=/home/lx/ros2/ros/xiao_ying/install/linefit_ground_segmentation/lib:${LD_LIBRARY_PATH} /usr/bin/cmake --install /home/lx/ros2/ros/xiao_ying/build/linefit_ground_segmentation_ros
[24.570s] -- Install configuration: ""
[24.570s] -- Installing: /home/lx/ros2/ros/xiao_ying/install/linefit_ground_segmentation_ros/lib/linefit_ground_segmentation_ros/ground_segmentation_node
[24.571s] -- Set runtime path of "/home/lx/ros2/ros/xiao_ying/install/linefit_ground_segmentation_ros/lib/linefit_ground_segmentation_ros/ground_segmentation_node" to ""
[24.572s] -- Installing: /home/lx/ros2/ros/xiao_ying/install/linefit_ground_segmentation_ros/lib/linefit_ground_segmentation_ros/ground_segmentation_test_node
[24.572s] -- Set runtime path of "/home/lx/ros2/ros/xiao_ying/install/linefit_ground_segmentation_ros/lib/linefit_ground_segmentation_ros/ground_segmentation_test_node" to ""
[24.572s] -- Installing: /home/lx/ros2/ros/xiao_ying/install/linefit_ground_segmentation_ros/share/linefit_ground_segmentation_ros/launch
[24.572s] -- Installing: /home/lx/ros2/ros/xiao_ying/install/linefit_ground_segmentation_ros/share/linefit_ground_segmentation_ros/launch/test.launch.py
[24.572s] -- Installing: /home/lx/ros2/ros/xiao_ying/install/linefit_ground_segmentation_ros/share/linefit_ground_segmentation_ros/launch/segmentation.launch.py
[24.572s] -- Installing: /home/lx/ros2/ros/xiao_ying/install/linefit_ground_segmentation_ros/share/linefit_ground_segmentation_ros/launch/segmentation_params.yaml
[24.572s] -- Installing: /home/lx/ros2/ros/xiao_ying/install/linefit_ground_segmentation_ros/share/ament_index/resource_index/package_run_dependencies/linefit_ground_segmentation_ros
[24.572s] -- Installing: /home/lx/ros2/ros/xiao_ying/install/linefit_ground_segmentation_ros/share/ament_index/resource_index/parent_prefix_path/linefit_ground_segmentation_ros
[24.572s] -- Installing: /home/lx/ros2/ros/xiao_ying/install/linefit_ground_segmentation_ros/share/linefit_ground_segmentation_ros/environment/ament_prefix_path.sh
[24.572s] -- Installing: /home/lx/ros2/ros/xiao_ying/install/linefit_ground_segmentation_ros/share/linefit_ground_segmentation_ros/environment/ament_prefix_path.dsv
[24.572s] -- Installing: /home/lx/ros2/ros/xiao_ying/install/linefit_ground_segmentation_ros/share/linefit_ground_segmentation_ros/environment/path.sh
[24.573s] -- Installing: /home/lx/ros2/ros/xiao_ying/install/linefit_ground_segmentation_ros/share/linefit_ground_segmentation_ros/environment/path.dsv
[24.573s] -- Installing: /home/lx/ros2/ros/xiao_ying/install/linefit_ground_segmentation_ros/share/linefit_ground_segmentation_ros/local_setup.bash
[24.573s] -- Installing: /home/lx/ros2/ros/xiao_ying/install/linefit_ground_segmentation_ros/share/linefit_ground_segmentation_ros/local_setup.sh
[24.573s] -- Installing: /home/lx/ros2/ros/xiao_ying/install/linefit_ground_segmentation_ros/share/linefit_ground_segmentation_ros/local_setup.zsh
[24.573s] -- Installing: /home/lx/ros2/ros/xiao_ying/install/linefit_ground_segmentation_ros/share/linefit_ground_segmentation_ros/local_setup.dsv
[24.573s] -- Installing: /home/lx/ros2/ros/xiao_ying/install/linefit_ground_segmentation_ros/share/linefit_ground_segmentation_ros/package.dsv
[24.573s] -- Installing: /home/lx/ros2/ros/xiao_ying/install/linefit_ground_segmentation_ros/share/ament_index/resource_index/packages/linefit_ground_segmentation_ros
[24.573s] -- Installing: /home/lx/ros2/ros/xiao_ying/install/linefit_ground_segmentation_ros/share/linefit_ground_segmentation_ros/cmake/ament_cmake_export_dependencies-extras.cmake
[24.573s] -- Installing: /home/lx/ros2/ros/xiao_ying/install/linefit_ground_segmentation_ros/share/linefit_ground_segmentation_ros/cmake/linefit_ground_segmentation_rosConfig.cmake
[24.573s] -- Installing: /home/lx/ros2/ros/xiao_ying/install/linefit_ground_segmentation_ros/share/linefit_ground_segmentation_ros/cmake/linefit_ground_segmentation_rosConfig-version.cmake
[24.573s] -- Installing: /home/lx/ros2/ros/xiao_ying/install/linefit_ground_segmentation_ros/share/linefit_ground_segmentation_ros/package.xml
[24.576s] Invoked command in '/home/lx/ros2/ros/xiao_ying/build/linefit_ground_segmentation_ros' returned '0': AMENT_PREFIX_PATH=/home/lx/ros2/ros/xiao_ying/install/linefit_ground_segmentation:${AMENT_PREFIX_PATH} CMAKE_PREFIX_PATH=/home/lx/ros2/ros/xiao_ying/install/linefit_ground_segmentation:/opt/ros/humble LD_LIBRARY_PATH=/home/lx/ros2/ros/xiao_ying/install/linefit_ground_segmentation/lib:${LD_LIBRARY_PATH} /usr/bin/cmake --install /home/lx/ros2/ros/xiao_ying/build/linefit_ground_segmentation_ros
