[0.170s] Invoking command in '/home/lx/ros2/ros/nav2_ws/build/nav2_behaviors': AMENT_PREFIX_PATH=/home/lx/ros2/ros/nav2_ws/install/nav2_core:/home/lx/ros2/ros/nav2_ws/install/nav2_costmap_2d:/home/lx/ros2/ros/nav2_ws/install/nav2_behavior_tree:/home/lx/ros2/ros/nav2_ws/install/nav2_util:/home/lx/ros2/ros/nav2_ws/install/nav2_voxel_grid:/home/lx/ros2/ros/nav2_ws/install/nav2_msgs:/home/lx/ros2/ros/nav2_ws/install/nav2_common:${AMENT_PREFIX_PATH} CMAKE_PREFIX_PATH=/home/lx/ros2/ros/nav2_ws/install/nav2_core:/home/lx/ros2/ros/nav2_ws/install/nav2_costmap_2d:/home/lx/ros2/ros/nav2_ws/install/nav2_behavior_tree:/home/lx/ros2/ros/nav2_ws/install/nav2_util:/home/lx/ros2/ros/nav2_ws/install/nav2_voxel_grid:/home/lx/ros2/ros/nav2_ws/install/nav2_msgs:/home/lx/ros2/ros/nav2_ws/install/nav2_common:/opt/ros/humble LD_LIBRARY_PATH=/home/lx/ros2/ros/nav2_ws/install/nav2_costmap_2d/lib:/home/lx/ros2/ros/nav2_ws/install/nav2_behavior_tree/lib:/home/lx/ros2/ros/nav2_ws/install/nav2_util/lib:/home/lx/ros2/ros/nav2_ws/install/nav2_voxel_grid/lib:/home/lx/ros2/ros/nav2_ws/install/nav2_msgs/lib:${LD_LIBRARY_PATH} PYTHONPATH=/home/lx/ros2/ros/nav2_ws/install/nav2_msgs/local/lib/python3.10/dist-packages:/home/lx/ros2/ros/nav2_ws/install/nav2_common/local/lib/python3.10/dist-packages:${PYTHONPATH} /usr/bin/cmake /home/lx/ros2/ros/nav2_ws/src/navigation2/nav2_behaviors -DCMAKE_INSTALL_PREFIX=/home/lx/ros2/ros/nav2_ws/install/nav2_behaviors
[0.246s] -- The C compiler identification is GNU 11.4.0
[0.328s] -- The CXX compiler identification is GNU 11.4.0
[0.337s] -- Detecting C compiler ABI info
[0.432s] -- Detecting C compiler ABI info - done
[0.445s] -- Check for working C compiler: /usr/bin/cc - skipped
[0.446s] -- Detecting C compile features
[0.446s] -- Detecting C compile features - done
[0.451s] -- Detecting CXX compiler ABI info
[0.564s] -- Detecting CXX compiler ABI info - done
[0.578s] -- Check for working CXX compiler: /usr/bin/c++ - skipped
[0.578s] -- Detecting CXX compile features
[0.579s] -- Detecting CXX compile features - done
[0.583s] -- Found ament_cmake: 1.3.5 (/opt/ros/humble/share/ament_cmake/cmake)
[0.859s] -- Found Python3: /usr/bin/python3.10 (found version "3.10.12") found components: Interpreter 
[1.006s] -- Found nav2_common: 1.1.12 (/home/lx/ros2/ros/nav2_ws/install/nav2_common/share/nav2_common/cmake)
[1.009s] -- Found rclcpp: 16.0.6 (/opt/ros/humble/share/rclcpp/cmake)
[1.084s] -- Found rosidl_generator_c: 3.1.5 (/opt/ros/humble/share/rosidl_generator_c/cmake)
[1.093s] -- Found rosidl_adapter: 3.1.5 (/opt/ros/humble/share/rosidl_adapter/cmake)
[1.108s] -- Found rosidl_generator_cpp: 3.1.5 (/opt/ros/humble/share/rosidl_generator_cpp/cmake)
[1.133s] -- Using all available rosidl_typesupport_c: rosidl_typesupport_fastrtps_c;rosidl_typesupport_introspection_c
[1.169s] -- Using all available rosidl_typesupport_cpp: rosidl_typesupport_fastrtps_cpp;rosidl_typesupport_introspection_cpp
[1.298s] -- Found rmw_implementation_cmake: 6.1.1 (/opt/ros/humble/share/rmw_implementation_cmake/cmake)
[1.303s] -- Found rmw_fastrtps_cpp: 6.2.4 (/opt/ros/humble/share/rmw_fastrtps_cpp/cmake)
[1.461s] -- Found OpenSSL: /usr/lib/x86_64-linux-gnu/libcrypto.so (found version "3.0.2")  
[1.499s] -- Found FastRTPS: /opt/ros/humble/include  
[1.552s] -- Using RMW implementation 'rmw_fastrtps_cpp' as default
[1.564s] -- Looking for pthread.h
[1.634s] -- Looking for pthread.h - found
[1.634s] -- Performing Test CMAKE_HAVE_LIBC_PTHREAD
[1.717s] -- Performing Test CMAKE_HAVE_LIBC_PTHREAD - Success
[1.718s] -- Found Threads: TRUE  
[2.016s] -- Found rclcpp_action: 16.0.6 (/opt/ros/humble/share/rclcpp_action/cmake)
[2.187s] -- Found rclcpp_lifecycle: 16.0.6 (/opt/ros/humble/share/rclcpp_lifecycle/cmake)
[2.263s] -- Found rclcpp_components: 16.0.6 (/opt/ros/humble/share/rclcpp_components/cmake)
[2.385s] -- Found nav2_behavior_tree: 1.1.12 (/home/lx/ros2/ros/nav2_ws/install/nav2_behavior_tree/share/nav2_behavior_tree/cmake)
[3.496s] -- Found eigen3_cmake_module: 0.1.1 (/opt/ros/humble/share/eigen3_cmake_module/cmake)
[3.497s] -- Found Eigen3: TRUE (found version "3.4.0") 
[3.498s] -- Ensuring Eigen3 include directory is part of orocos-kdl CMake target
[4.817s] -- Found nav2_costmap_2d: 1.1.12 (/home/lx/ros2/ros/nav2_ws/install/nav2_costmap_2d/share/nav2_costmap_2d/cmake)
[6.495s] -- Found nav2_core: 1.1.12 (/home/lx/ros2/ros/nav2_ws/install/nav2_core/share/nav2_core/cmake)
[7.981s] -- Setting build type to Release as none was specified.
[63.022s] -- Found ament_lint_auto: 0.12.8 (/opt/ros/humble/share/ament_lint_auto/cmake)
[63.093s] -- Found gtest sources under '/opt/ros/humble/src/gtest_vendor': C++ tests using 'Google Test' will be built
[70.250s] -- Added test 'copyright' to check source files copyright and LICENSE
[70.254s] -- Added test 'cppcheck' to perform static code analysis on C / C++ code
[70.256s] -- Configured cppcheck include dirs: /home/lx/ros2/ros/nav2_ws/src/navigation2/nav2_behaviors/include
[70.256s] -- Configured cppcheck exclude dirs and/or files: 
[70.257s] -- Added test 'cpplint' to check C / C++ code against the Google style
[70.257s] -- Configured cpplint exclude dirs and/or files: 
[70.258s] -- Added test 'lint_cmake' to check CMake code style
[70.259s] -- Added test 'uncrustify' to check C / C++ code style
[70.259s] -- Configured uncrustify additional arguments: 
[70.259s] -- Added test 'xmllint' to check XML markup files
[70.261s] -- Configuring done
[70.476s] -- Generating done
[70.478s] -- Build files have been written to: /home/lx/ros2/ros/nav2_ws/build/nav2_behaviors
