[0.064s] Invoking command in '/home/lx/ros2/ros/mid-70_ws/build/fast_lio': CMAKE_PREFIX_PATH=${CMAKE_PREFIX_PATH}:/opt/ros/humble /usr/bin/cmake /home/lx/ros2/ros/mid-70_ws/src/FAST_LIO -DCMAKE_INSTALL_PREFIX=/home/lx/ros2/ros/mid-70_ws/install/fast_lio
[0.073s] [0mCurrent CPU archtecture: x86_64[0m
[0.075s] [0mProcesser number:  12[0m
[0.075s] [0mcore for MP: 3[0m
[0.078s] -- Found PythonLibs: /usr/lib/x86_64-linux-gnu/libpython3.10.so (found version "3.10.12") 
[0.078s] -- Found ament_cmake: 1.3.5 (/opt/ros/humble/share/ament_cmake/cmake)
[0.201s] -- Override CMake install command with custom implementation using symlinks instead of copying resources
[0.207s] -- Found rclcpp: 16.0.6 (/opt/ros/humble/share/rclcpp/cmake)
[0.230s] -- Found rosidl_generator_c: 3.1.5 (/opt/ros/humble/share/rosidl_generator_c/cmake)
[0.233s] -- Found rosidl_adapter: 3.1.5 (/opt/ros/humble/share/rosidl_adapter/cmake)
[0.239s] -- Found rosidl_generator_cpp: 3.1.5 (/opt/ros/humble/share/rosidl_generator_cpp/cmake)
[0.247s] -- Using all available rosidl_typesupport_c: rosidl_typesupport_fastrtps_c;rosidl_typesupport_introspection_c
[0.259s] -- Using all available rosidl_typesupport_cpp: rosidl_typesupport_fastrtps_cpp;rosidl_typesupport_introspection_cpp
[0.308s] -- Found rmw_implementation_cmake: 6.1.1 (/opt/ros/humble/share/rmw_implementation_cmake/cmake)
[0.309s] -- Found rmw_fastrtps_cpp: 6.2.4 (/opt/ros/humble/share/rmw_fastrtps_cpp/cmake)
[0.405s] -- Using RMW implementation 'rmw_fastrtps_cpp' as default
[0.556s] -- Found rclcpp_components: 16.0.6 (/opt/ros/humble/share/rclcpp_components/cmake)
[0.605s] -- Found geometry_msgs: 4.2.3 (/opt/ros/humble/share/geometry_msgs/cmake)
[0.643s] -- Found nav_msgs: 4.2.3 (/opt/ros/humble/share/nav_msgs/cmake)
[0.717s] -- Found sensor_msgs: 4.2.3 (/opt/ros/humble/share/sensor_msgs/cmake)
[0.793s] -- Found std_srvs: 4.2.3 (/opt/ros/humble/share/std_srvs/cmake)
[0.807s] -- Found visualization_msgs: 4.2.3 (/opt/ros/humble/share/visualization_msgs/cmake)
[0.914s] -- Found pcl_ros: 2.4.0 (/opt/ros/humble/share/pcl_ros/cmake)
[1.162s] -- Found eigen3_cmake_module: 0.1.1 (/opt/ros/humble/share/eigen3_cmake_module/cmake)
[1.163s] -- Ensuring Eigen3 include directory is part of orocos-kdl CMake target
[1.425s] -- Eigen found (include: /usr/include/eigen3, version: 3.4.0)
[1.447s] -- FLANN found (include: /usr/include, lib: /usr/lib/x86_64-linux-gnu/libflann_cpp.so)
[1.655s] -- OpenNI found (version: 1.5.4.0, include: /usr/include/ni, lib: /usr/lib/libOpenNI.so;libusb::libusb)
[1.659s] -- OpenNI2 found (version: 2.2.0.33, include: /usr/include/openni2, lib: /usr/lib/x86_64-linux-gnu/libOpenNI2.so;libusb::libusb)
[1.785s] -- Eigen found (include: /usr/include/eigen3, version: 3.4.0)
[1.790s] -- OpenNI found (version: 1.5.4.0, include: /usr/include/ni, lib: /usr/lib/libOpenNI.so;libusb::libusb)
[1.795s] -- OpenNI2 found (version: 2.2.0.33, include: /usr/include/openni2, lib: /usr/lib/x86_64-linux-gnu/libOpenNI2.so;libusb::libusb)
[1.901s] -- Found Qhull version 8.0.2
[2.008s] -- OpenNI found (version: 1.5.4.0, include: /usr/include/ni, lib: /usr/lib/libOpenNI.so;libusb::libusb)
[2.133s] -- Found livox_ros2_driver: 0.0.1 (/home/lx/ros2/ros/mid-70_ws/install/livox_ros2_driver/share/livox_ros2_driver/cmake)
[2.296s] -- Found rosidl_default_generators: 1.2.0 (/opt/ros/humble/share/rosidl_default_generators/cmake)
[2.303s] [33mCMake Warning (dev) at CMakeLists.txt:81 (find_package):
[2.303s]   Policy CMP0074 is not set: find_package uses <PackageName>_ROOT variables.
[2.303s]   Run "cmake --help-policy CMP0074" for policy details.  Use the cmake_policy
[2.303s]   command to set the policy and suppress this warning.
[2.303s] 
[2.303s]   CMake variable PCL_ROOT is set to:
[2.303s] 
[2.303s]     /usr
[2.303s] 
[2.303s]   For compatibility, CMake is ignoring the variable.
[2.304s] This warning is for project developers.  Use -Wno-dev to suppress it.
[2.304s] [0m
[2.308s] [0mEigen:/usr/local/include/eigen3[0m
[2.308s] -- PCL: /usr/include/pcl-1.12
[2.491s] -- Found ament_cmake_ros: 0.10.0 (/opt/ros/humble/share/ament_cmake_ros/cmake)
[2.709s] -- Using all available rosidl_typesupport_c: rosidl_typesupport_fastrtps_c;rosidl_typesupport_introspection_c
[2.794s] -- Using all available rosidl_typesupport_cpp: rosidl_typesupport_fastrtps_cpp;rosidl_typesupport_introspection_cpp
[2.811s] -- Found python_cmake_module: 0.10.0 (/opt/ros/humble/share/python_cmake_module/cmake)
[2.828s] -- Found PythonLibs: /usr/lib/x86_64-linux-gnu/libpython3.10.so (found suitable version "3.10.12", minimum required is "3.5") 
[2.828s] -- Using PYTHON_EXECUTABLE: /usr/bin/python3
[2.828s] -- Using PYTHON_INCLUDE_DIRS: /usr/include/python3.10
[2.828s] -- Using PYTHON_LIBRARIES: /usr/lib/x86_64-linux-gnu/libpython3.10.so
[3.202s] -- Configuring done
[3.252s] -- Generating done
[3.255s] -- Build files have been written to: /home/lx/ros2/ros/mid-70_ws/build/fast_lio
[3.269s] Invoked command in '/home/lx/ros2/ros/mid-70_ws/build/fast_lio' returned '0': CMAKE_PREFIX_PATH=${CMAKE_PREFIX_PATH}:/opt/ros/humble /usr/bin/cmake /home/lx/ros2/ros/mid-70_ws/src/FAST_LIO -DCMAKE_INSTALL_PREFIX=/home/lx/ros2/ros/mid-70_ws/install/fast_lio
[3.269s] Invoking command in '/home/lx/ros2/ros/mid-70_ws/build/fast_lio': CMAKE_PREFIX_PATH=${CMAKE_PREFIX_PATH}:/opt/ros/humble /usr/bin/cmake --build /home/lx/ros2/ros/mid-70_ws/build/fast_lio -- -j12 -l12
[3.299s] [  2%] [34m[1mGenerating C code for ROS interfaces[0m
[3.306s] [  5%] [34m[1mGenerating C++ code for ROS interfaces[0m
[3.312s] [  5%] Built target ament_cmake_python_symlink_fast_lio
[3.514s] running egg_info
[3.515s] creating fast_lio.egg-info
[3.515s] writing fast_lio.egg-info/PKG-INFO
[3.515s] writing dependency_links to fast_lio.egg-info/dependency_links.txt
[3.515s] writing top-level names to fast_lio.egg-info/top_level.txt
[3.515s] writing manifest file 'fast_lio.egg-info/SOURCES.txt'
[3.516s] reading manifest file 'fast_lio.egg-info/SOURCES.txt'
[3.517s] writing manifest file 'fast_lio.egg-info/SOURCES.txt'
[3.542s] [  5%] Built target ament_cmake_python_build_fast_lio_egg
[3.560s] [  5%] Built target fast_lio__cpp
[3.564s] [  8%] [32mBuilding C object CMakeFiles/fast_lio__rosidl_generator_c.dir/rosidl_generator_c/fast_lio/msg/detail/pose6_d__functions.c.o[0m
[3.566s] [ 17%] [34m[1mGenerating C++ type support for eProsima Fast-RTPS[0m
[3.567s] [ 17%] [34m[1mGenerating C++ type support dispatch for ROS interfaces[0m
[3.567s] [ 17%] [34m[1mGenerating C++ introspection for ROS interfaces[0m
[3.644s] [ 20%] [32m[1mLinking C shared library libfast_lio__rosidl_generator_c.so[0m
[3.671s] [ 20%] Built target fast_lio__rosidl_generator_c
[3.678s] [ 28%] [34m[1mGenerating C type support for eProsima Fast-RTPS[0m
[3.678s] [ 28%] [34m[1mGenerating C introspection for ROS interfaces[0m
[3.678s] [ 28%] [34m[1mGenerating C type support dispatch for ROS interfaces[0m
[3.818s] [ 31%] [32mBuilding CXX object CMakeFiles/fast_lio__rosidl_typesupport_introspection_cpp.dir/rosidl_typesupport_introspection_cpp/fast_lio/msg/detail/pose6_d__type_support.cpp.o[0m
[3.823s] [ 34%] [32mBuilding CXX object CMakeFiles/fast_lio__rosidl_typesupport_fastrtps_cpp.dir/rosidl_typesupport_fastrtps_cpp/fast_lio/msg/detail/dds_fastrtps/pose6_d__type_support.cpp.o[0m
[3.893s] [ 37%] [32mBuilding CXX object CMakeFiles/fast_lio__rosidl_typesupport_cpp.dir/rosidl_typesupport_cpp/fast_lio/msg/pose6_d__type_support.cpp.o[0m
[3.938s] [ 40%] [32mBuilding CXX object CMakeFiles/fast_lio__rosidl_typesupport_fastrtps_c.dir/rosidl_typesupport_fastrtps_c/fast_lio/msg/detail/pose6_d__type_support_c.cpp.o[0m
[3.963s] [ 42%] [32mBuilding C object CMakeFiles/fast_lio__rosidl_typesupport_introspection_c.dir/rosidl_typesupport_introspection_c/fast_lio/msg/detail/pose6_d__type_support.c.o[0m
[4.008s] [ 45%] [32mBuilding CXX object CMakeFiles/fast_lio__rosidl_typesupport_c.dir/rosidl_typesupport_c/fast_lio/msg/pose6_d__type_support.cpp.o[0m
[4.009s] [ 48%] [32m[1mLinking C shared library libfast_lio__rosidl_typesupport_introspection_c.so[0m
[4.030s] [ 51%] [32m[1mLinking CXX shared library libfast_lio__rosidl_typesupport_c.so[0m
[4.034s] [ 51%] Built target fast_lio__rosidl_typesupport_introspection_c
[4.063s] [ 51%] Built target fast_lio__rosidl_typesupport_c
[4.129s] [ 54%] [32m[1mLinking CXX shared library libfast_lio__rosidl_typesupport_cpp.so[0m
[4.158s] [ 60%] [32m[1mLinking CXX shared library libfast_lio__rosidl_typesupport_introspection_cpp.so[0m
[4.158s] [ 60%] [32m[1mLinking CXX shared library libfast_lio__rosidl_typesupport_fastrtps_cpp.so[0m
[4.161s] [ 60%] Built target fast_lio__rosidl_typesupport_cpp
[4.177s] [ 62%] [32mBuilding CXX object CMakeFiles/fastlio_mapping.dir/include/ikd-Tree/ikd_Tree.cpp.o[0m
[4.179s] [ 65%] [32mBuilding CXX object CMakeFiles/fastlio_mapping.dir/src/preprocess.cpp.o[0m
[4.179s] [ 68%] [32mBuilding CXX object CMakeFiles/fastlio_mapping.dir/src/laserMapping.cpp.o[0m
[4.191s] [ 68%] Built target fast_lio__rosidl_typesupport_introspection_cpp
[4.225s] [ 68%] Built target fast_lio__rosidl_typesupport_fastrtps_cpp
[4.228s] [ 71%] [32m[1mLinking CXX shared library libfast_lio__rosidl_typesupport_fastrtps_c.so[0m
[4.283s] [ 71%] Built target fast_lio__rosidl_typesupport_fastrtps_c
[4.297s] [ 71%] Built target fast_lio
[4.311s] [ 74%] [34m[1mGenerating Python code for ROS interfaces[0m
[4.673s] [ 74%] Built target fast_lio__py
[4.688s] [ 77%] [32mBuilding C object CMakeFiles/fast_lio__rosidl_generator_py.dir/rosidl_generator_py/fast_lio/msg/_pose6_d_s.c.o[0m
[4.801s] [ 80%] [32m[1mLinking C shared library rosidl_generator_py/fast_lio/libfast_lio__rosidl_generator_py.so[0m
[4.831s] [ 80%] Built target fast_lio__rosidl_generator_py
[4.846s] [ 88%] [32mBuilding C object CMakeFiles/fast_lio__rosidl_typesupport_introspection_c__pyext.dir/rosidl_generator_py/fast_lio/_fast_lio_s.ep.rosidl_typesupport_introspection_c.c.o[0m
[4.846s] [ 88%] [32mBuilding C object CMakeFiles/fast_lio__rosidl_typesupport_fastrtps_c__pyext.dir/rosidl_generator_py/fast_lio/_fast_lio_s.ep.rosidl_typesupport_fastrtps_c.c.o[0m
[4.846s] [ 88%] [32mBuilding C object CMakeFiles/fast_lio__rosidl_typesupport_c__pyext.dir/rosidl_generator_py/fast_lio/_fast_lio_s.ep.rosidl_typesupport_c.c.o[0m
[4.932s] [ 91%] [32m[1mLinking C shared library rosidl_generator_py/fast_lio/fast_lio_s__rosidl_typesupport_c.cpython-310-x86_64-linux-gnu.so[0m
[4.932s] [ 97%] [32m[1mLinking C shared library rosidl_generator_py/fast_lio/fast_lio_s__rosidl_typesupport_introspection_c.cpython-310-x86_64-linux-gnu.so[0m
[4.932s] [ 97%] [32m[1mLinking C shared library rosidl_generator_py/fast_lio/fast_lio_s__rosidl_typesupport_fastrtps_c.cpython-310-x86_64-linux-gnu.so[0m
[4.957s] [ 97%] Built target fast_lio__rosidl_typesupport_introspection_c__pyext
[4.958s] [ 97%] Built target fast_lio__rosidl_typesupport_c__pyext
[4.959s] [ 97%] Built target fast_lio__rosidl_typesupport_fastrtps_c__pyext
[5.391s] In file included from [01m[K/home/lx/ros2/ros/mid-70_ws/src/FAST_LIO/src/preprocess.cpp:1[m[K:
[5.391s] [01m[K/home/lx/ros2/ros/mid-70_ws/src/FAST_LIO/src/preprocess.h:5:10:[m[K [01;31m[Kfatal error: [m[Klivox_ros_driver2/msg/custom_msg.hpp: 没有那个文件或目录
[5.391s]     5 | #include [01;31m[K<livox_ros_driver2/msg/custom_msg.hpp>[m[K
[5.391s]       |          [01;31m[K^~~~~~~~~~~~~~~~~~~~~~~~~~~~~~~~~~~~~~[m[K
[5.391s] compilation terminated.
[5.400s] gmake[2]: *** [CMakeFiles/fastlio_mapping.dir/build.make:104：CMakeFiles/fastlio_mapping.dir/src/preprocess.cpp.o] 错误 1
[5.400s] gmake[2]: *** 正在等待未完成的任务....
[5.748s] [01m[K/home/lx/ros2/ros/mid-70_ws/src/FAST_LIO/src/laserMapping.cpp:62:10:[m[K [01;31m[Kfatal error: [m[Klivox_ros_driver2/msg/custom_msg.hpp: 没有那个文件或目录
[5.748s]    62 | #include [01;31m[K<livox_ros_driver2/msg/custom_msg.hpp>[m[K
[5.748s]       |          [01;31m[K^~~~~~~~~~~~~~~~~~~~~~~~~~~~~~~~~~~~~~[m[K
[5.748s] compilation terminated.
[5.761s] gmake[2]: *** [CMakeFiles/fastlio_mapping.dir/build.make:76：CMakeFiles/fastlio_mapping.dir/src/laserMapping.cpp.o] 错误 1
[8.046s] gmake[1]: *** [CMakeFiles/Makefile2:593：CMakeFiles/fastlio_mapping.dir/all] 错误 2
[8.046s] gmake: *** [Makefile:146：all] 错误 2
[8.049s] Invoked command in '/home/lx/ros2/ros/mid-70_ws/build/fast_lio' returned '2': CMAKE_PREFIX_PATH=${CMAKE_PREFIX_PATH}:/opt/ros/humble /usr/bin/cmake --build /home/lx/ros2/ros/mid-70_ws/build/fast_lio -- -j12 -l12
