[0.061s] Invoking command in '/home/lx/ros2/ros/mid-70_ws/build/livox_mapping': /usr/bin/cmake /home/lx/ros2/ros/mid-70_ws/src/livox_mapping -DCATKIN_INSTALL_INTO_PREFIX_ROOT=0 -DCMAKE_INSTALL_PREFIX=/home/lx/ros2/ros/mid-70_ws/install/livox_mapping
[0.066s] [0mCMake Deprecation Warning at CMakeLists.txt:1 (cmake_minimum_required):
[0.067s]   Compatibility with CMake < 2.8.12 will be removed from a future version of
[0.067s]   CMake.
[0.067s] 
[0.067s]   Update the VERSION argument <min> value or use a ...<max> suffix to tell
[0.067s]   CMake that the project does not need compatibility with older versions.
[0.067s] 
[0.067s] [0m
[0.111s] -- The C compiler identification is GNU 11.4.0
[0.160s] -- The CXX compiler identification is GNU 11.4.0
[0.167s] -- Detecting C compiler ABI info
[0.216s] -- Detecting C compiler ABI info - done
[0.223s] -- Check for working C compiler: /usr/bin/cc - skipped
[0.223s] -- Detecting C compile features
[0.224s] -- Detecting C compile features - done
[0.227s] -- Detecting CXX compiler ABI info
[0.282s] -- Detecting CXX compiler ABI info - done
[0.289s] -- Check for working CXX compiler: /usr/bin/c++ - skipped
[0.289s] -- Detecting CXX compile features
[0.290s] -- Detecting CXX compile features - done
[0.534s] [31mCMake Error at CMakeLists.txt:16 (find_package):
[0.535s]   By not providing "Findcatkin.cmake" in CMAKE_MODULE_PATH this project has
[0.535s]   asked CMake to find a package configuration file provided by "catkin", but
[0.535s]   CMake did not find one.
[0.536s] 
[0.536s]   Could not find a package configuration file provided by "catkin" with any
[0.536s]   of the following names:
[0.536s] 
[0.537s]     catkinConfig.cmake
[0.537s]     catkin-config.cmake
[0.537s] 
[0.538s]   Add the installation prefix of "catkin" to CMAKE_PREFIX_PATH or set
[0.538s]   "catkin_DIR" to a directory containing one of the above files.  If "catkin"
[0.538s]   provides a separate development package or SDK, be sure it has been
[0.538s]   installed.
[0.539s] 
[0.539s] [0m
[0.540s] -- Configuring incomplete, errors occurred!
[0.540s] See also "/home/lx/ros2/ros/mid-70_ws/build/livox_mapping/CMakeFiles/CMakeOutput.log".
[0.653s] Invoked command in '/home/lx/ros2/ros/mid-70_ws/build/livox_mapping' returned '1': /usr/bin/cmake /home/lx/ros2/ros/mid-70_ws/src/livox_mapping -DCATKIN_INSTALL_INTO_PREFIX_ROOT=0 -DCMAKE_INSTALL_PREFIX=/home/lx/ros2/ros/mid-70_ws/install/livox_mapping
