[0.262s] Invoking command in '/home/lx/ros2/ros/xiao_ying/build/livox_ros_driver2': CMAKE_PREFIX_PATH=/opt/ros/humble /usr/bin/cmake /home/lx/ros2/ros/xiao_ying/src/livox_ros_driver2 -DROS_EDITION=ROS2 -DHUMBLE_ROS=humble -DCMAKE_INSTALL_PREFIX=/home/lx/ros2/ros/xiao_ying/install/livox_ros_driver2
[0.311s] -- The C compiler identification is GNU 11.4.0
[0.358s] -- The CXX compiler identification is GNU 11.4.0
[0.368s] -- Detecting C compiler ABI info
[0.435s] -- Detecting C compiler ABI info - done
[0.447s] -- Check for working C compiler: /usr/bin/cc - skipped
[0.447s] -- Detecting C compile features
[0.447s] -- Detecting C compile features - done
[0.451s] -- Detecting CXX compiler ABI info
[0.518s] -- Detecting CXX compiler ABI info - done
[0.530s] -- Check for working CXX compiler: /usr/bin/c++ - skipped
[0.530s] -- Detecting CXX compile features
[0.531s] -- Detecting CXX compile features - done
[0.532s] -- livox_ros_driver2 version: 1.0.0
[0.534s] -- Found ament_cmake_auto: 1.3.5 (/opt/ros/humble/share/ament_cmake_auto/cmake)
[0.749s] -- Found Python3: /usr/bin/python3.10 (found version "3.10.12") found components: Interpreter 
[0.892s] -- Using all available rosidl_typesupport_c: rosidl_typesupport_fastrtps_c;rosidl_typesupport_introspection_c
[0.898s] -- Found rosidl_adapter: 3.1.5 (/opt/ros/humble/share/rosidl_adapter/cmake)
[0.936s] -- Using all available rosidl_typesupport_cpp: rosidl_typesupport_fastrtps_cpp;rosidl_typesupport_introspection_cpp
[1.043s] -- Found rmw_implementation_cmake: 6.1.1 (/opt/ros/humble/share/rmw_implementation_cmake/cmake)
[1.045s] -- Found rmw_fastrtps_cpp: 6.2.4 (/opt/ros/humble/share/rmw_fastrtps_cpp/cmake)
[1.131s] -- Found OpenSSL: /usr/lib/x86_64-linux-gnu/libcrypto.so (found version "3.0.2")  
[1.153s] -- Found FastRTPS: /opt/ros/humble/include  
[1.210s] -- Using RMW implementation 'rmw_fastrtps_cpp' as default
[1.221s] -- Looking for pthread.h
[1.284s] -- Looking for pthread.h - found
[1.284s] -- Performing Test CMAKE_HAVE_LIBC_PTHREAD
[1.347s] -- Performing Test CMAKE_HAVE_LIBC_PTHREAD - Success
[1.348s] -- Found Threads: TRUE  
[1.938s] -- Checking for module 'eigen3'
[1.946s] --   Found eigen3, version 3.4.0
[1.965s] -- Found Eigen: /usr/include/eigen3 (Required is at least version "3.1") 
[1.965s] -- Eigen found (include: /usr/include/eigen3, version: 3.4.0)
[1.981s] -- Found Boost: /usr/lib/x86_64-linux-gnu/cmake/Boost-1.74.0/BoostConfig.cmake (found suitable version "1.74.0", minimum required is "1.65.0") found components: system filesystem date_time iostreams serialization 
[1.993s] -- Checking for module 'flann'
[2.000s] --   Found flann, version 1.9.1
[2.024s] -- Found FLANN: /usr/lib/x86_64-linux-gnu/libflann_cpp.so  
[2.025s] -- FLANN found (include: /usr/include, lib: /usr/lib/x86_64-linux-gnu/libflann_cpp.so)
[2.054s] -- Found GLEW: /usr/lib/x86_64-linux-gnu/libGLEW.so  
[2.058s] -- Found OpenGL: /usr/lib/x86_64-linux-gnu/libOpenGL.so  found components: OpenGL GLX 
[2.179s] -- Found MPI_C: /usr/lib/x86_64-linux-gnu/libmpi.so (found version "3.1") 
[2.180s] -- Found MPI: TRUE (found version "3.1") found components: C 
[2.183s] -- Found JsonCpp: /usr/lib/x86_64-linux-gnu/libjsoncpp.so (found suitable version "1.9.5", minimum required is "0.7.0") 
[2.194s] -- Found ZLIB: /usr/lib/x86_64-linux-gnu/libz.so (found version "1.2.11") 
[2.209s] -- Found PNG: /usr/lib/x86_64-linux-gnu/libpng.so (found version "1.6.37") 
[2.219s] -- Found Eigen3: /usr/include/eigen3 (found version "3.4.0") 
[2.290s] -- Found X11: /usr/include   
[2.290s] -- Looking for XOpenDisplay in /usr/lib/x86_64-linux-gnu/libX11.so;/usr/lib/x86_64-linux-gnu/libXext.so
[2.362s] -- Looking for XOpenDisplay in /usr/lib/x86_64-linux-gnu/libX11.so;/usr/lib/x86_64-linux-gnu/libXext.so - found
[2.362s] -- Looking for gethostbyname
[2.416s] -- Looking for gethostbyname - found
[2.417s] -- Looking for connect
[2.472s] -- Looking for connect - found
[2.472s] -- Looking for remove
[2.527s] -- Looking for remove - found
[2.528s] -- Looking for shmat
[2.579s] -- Looking for shmat - found
[2.579s] -- Looking for IceConnectionNumber in ICE
[2.651s] -- Looking for IceConnectionNumber in ICE - found
[2.760s] -- Found EXPAT: /usr/lib/x86_64-linux-gnu/libexpat.so (found version "2.4.7") 
[2.762s] -- Found double-conversion: /usr/lib/x86_64-linux-gnu/libdouble-conversion.so  
[2.765s] -- Found LZ4: /usr/lib/x86_64-linux-gnu/liblz4.so (found version "1.9.3") 
[2.768s] -- Found LZMA: /usr/lib/x86_64-linux-gnu/liblzma.so (found version "5.2.5") 
[2.787s] -- Found JPEG: /usr/lib/x86_64-linux-gnu/libjpeg.so (found version "80") 
[2.798s] -- Found TIFF: /usr/lib/x86_64-linux-gnu/libtiff.so (found version "4.3.0")  
[2.802s] -- Found Freetype: /usr/lib/x86_64-linux-gnu/libfreetype.so (found version "2.11.1") 
[2.807s] -- Found utf8cpp: /usr/include/utf8cpp  
[2.883s] -- Checking for module 'libusb-1.0'
[2.900s] --   Found libusb-1.0, version 1.0.25
[2.939s] -- Found libusb: /usr/lib/x86_64-linux-gnu/libusb-1.0.so  
[2.941s] -- Found OpenNI: /usr/lib/libOpenNI.so;libusb::libusb (found version "1.5.4.0") 
[2.941s] -- OpenNI found (version: 1.5.4.0, include: /usr/include/ni, lib: /usr/lib/libOpenNI.so;libusb::libusb)
[3.004s] -- Found OpenNI2: /usr/lib/x86_64-linux-gnu/libOpenNI2.so;libusb::libusb (found version "2.2.0.33") 
[3.004s] -- OpenNI2 found (version: 2.2.0.33, include: /usr/include/openni2, lib: /usr/lib/x86_64-linux-gnu/libOpenNI2.so;libusb::libusb)
[3.004s] [0m** WARNING ** io features related to pcap will be disabled[0m
[3.151s] -- Eigen found (include: /usr/include/eigen3, version: 3.4.0)
[3.157s] -- OpenNI found (version: 1.5.4.0, include: /usr/include/ni, lib: /usr/lib/libOpenNI.so;libusb::libusb)
[3.163s] -- OpenNI2 found (version: 2.2.0.33, include: /usr/include/openni2, lib: /usr/lib/x86_64-linux-gnu/libOpenNI2.so;libusb::libusb)
[3.342s] -- Found Qhull version 8.0.2
[3.559s] -- OpenNI found (version: 1.5.4.0, include: /usr/include/ni, lib: /usr/lib/libOpenNI.so;libusb::libusb)
[3.764s] -- looking for PCL_COMMON
[3.766s] -- Found PCL_COMMON: /usr/lib/x86_64-linux-gnu/libpcl_common.so  
[3.766s] -- looking for PCL_KDTREE
[3.768s] -- Found PCL_KDTREE: /usr/lib/x86_64-linux-gnu/libpcl_kdtree.so  
[3.768s] -- looking for PCL_OCTREE
[3.769s] -- Found PCL_OCTREE: /usr/lib/x86_64-linux-gnu/libpcl_octree.so  
[3.770s] -- looking for PCL_SEARCH
[3.771s] -- Found PCL_SEARCH: /usr/lib/x86_64-linux-gnu/libpcl_search.so  
[3.771s] -- looking for PCL_SAMPLE_CONSENSUS
[3.773s] -- Found PCL_SAMPLE_CONSENSUS: /usr/lib/x86_64-linux-gnu/libpcl_sample_consensus.so  
[3.773s] -- looking for PCL_FILTERS
[3.775s] -- Found PCL_FILTERS: /usr/lib/x86_64-linux-gnu/libpcl_filters.so  
[3.775s] -- looking for PCL_2D
[3.775s] -- Found PCL_2D: /usr/include/pcl-1.12  
[3.776s] -- looking for PCL_GEOMETRY
[3.776s] -- Found PCL_GEOMETRY: /usr/include/pcl-1.12  
[3.776s] -- looking for PCL_IO
[3.778s] -- Found PCL_IO: /usr/lib/x86_64-linux-gnu/libpcl_io.so  
[3.778s] -- looking for PCL_FEATURES
[3.780s] -- Found PCL_FEATURES: /usr/lib/x86_64-linux-gnu/libpcl_features.so  
[3.780s] -- looking for PCL_ML
[3.782s] -- Found PCL_ML: /usr/lib/x86_64-linux-gnu/libpcl_ml.so  
[3.782s] -- looking for PCL_SEGMENTATION
[3.784s] -- Found PCL_SEGMENTATION: /usr/lib/x86_64-linux-gnu/libpcl_segmentation.so  
[3.784s] -- looking for PCL_VISUALIZATION
[3.787s] -- Found PCL_VISUALIZATION: /usr/lib/x86_64-linux-gnu/libpcl_visualization.so  
[3.787s] -- looking for PCL_SURFACE
[3.789s] -- Found PCL_SURFACE: /usr/lib/x86_64-linux-gnu/libpcl_surface.so  
[3.789s] -- looking for PCL_REGISTRATION
[3.792s] -- Found PCL_REGISTRATION: /usr/lib/x86_64-linux-gnu/libpcl_registration.so  
[3.792s] -- looking for PCL_KEYPOINTS
[3.794s] -- Found PCL_KEYPOINTS: /usr/lib/x86_64-linux-gnu/libpcl_keypoints.so  
[3.794s] -- looking for PCL_TRACKING
[3.796s] -- Found PCL_TRACKING: /usr/lib/x86_64-linux-gnu/libpcl_tracking.so  
[3.796s] -- looking for PCL_RECOGNITION
[3.798s] -- Found PCL_RECOGNITION: /usr/lib/x86_64-linux-gnu/libpcl_recognition.so  
[3.799s] -- looking for PCL_STEREO
[3.801s] -- Found PCL_STEREO: /usr/lib/x86_64-linux-gnu/libpcl_stereo.so  
[3.801s] -- looking for PCL_APPS
[3.803s] -- Found PCL_APPS: /usr/lib/x86_64-linux-gnu/libpcl_apps.so  
[3.803s] -- looking for PCL_IN_HAND_SCANNER
[3.806s] -- Found PCL_IN_HAND_SCANNER: /usr/include/pcl-1.12  
[3.807s] -- looking for PCL_MODELER
[3.807s] -- Found PCL_MODELER: /usr/include/pcl-1.12  
[3.807s] -- looking for PCL_POINT_CLOUD_EDITOR
[3.807s] -- Found PCL_POINT_CLOUD_EDITOR: /usr/include/pcl-1.12  
[3.807s] -- looking for PCL_OUTOFCORE
[3.807s] -- Found PCL_OUTOFCORE: /usr/lib/x86_64-linux-gnu/libpcl_outofcore.so  
[3.808s] -- looking for PCL_PEOPLE
[3.808s] -- Found PCL_PEOPLE: /usr/lib/x86_64-linux-gnu/libpcl_people.so  
[3.809s] -- Found PCL: pcl_common;pcl_kdtree;pcl_octree;pcl_search;pcl_sample_consensus;pcl_filters;pcl_io;pcl_features;pcl_ml;pcl_segmentation;pcl_visualization;pcl_surface;pcl_registration;pcl_keypoints;pcl_tracking;pcl_recognition;pcl_stereo;pcl_apps;pcl_outofcore;pcl_people;Boost::system;Boost::filesystem;Boost::date_time;Boost::iostreams;Boost::serialization;/usr/lib/libOpenNI.so;libusb::libusb;/usr/lib/x86_64-linux-gnu/libOpenNI2.so;libusb::libusb;VTK::ChartsCore;VTK::CommonColor;VTK::CommonComputationalGeometry;VTK::CommonCore;VTK::CommonDataModel;VTK::CommonExecutionModel;VTK::CommonMath;VTK::CommonMisc;VTK::CommonTransforms;VTK::FiltersCore;VTK::FiltersExtraction;VTK::FiltersGeneral;VTK::FiltersGeometry;VTK::FiltersModeling;VTK::FiltersSources;VTK::ImagingCore;VTK::ImagingSources;VTK::InteractionImage;VTK::InteractionStyle;VTK::InteractionWidgets;VTK::IOCore;VTK::IOGeometry;VTK::IOImage;VTK::IOLegacy;VTK::IOPLY;VTK::RenderingAnnotation;VTK::RenderingCore;VTK::RenderingContext2D;VTK::RenderingLOD;VTK::RenderingFreeType;VTK::ViewsCore;VTK::ViewsContext2D;VTK::RenderingOpenGL2;VTK::GUISupportQt;FLANN::FLANN;QHULL::QHULL  
[3.815s] -- Found PkgConfig: /usr/bin/pkg-config (found version "0.29.2") 
[3.816s] -- Checking for module 'apr-1'
[3.833s] --   Found apr-1, version 1.7.0
[3.870s] [0m/usr/include/apr-1.0[0m
[3.870s] [0mapr-1[0m
[4.130s] -- Found ament_cmake_ros: 0.10.0 (/opt/ros/humble/share/ament_cmake_ros/cmake)
[4.462s] -- Using all available rosidl_typesupport_c: rosidl_typesupport_fastrtps_c;rosidl_typesupport_introspection_c
[4.874s] -- Using all available rosidl_typesupport_cpp: rosidl_typesupport_fastrtps_cpp;rosidl_typesupport_introspection_cpp
[4.914s] -- Found PythonInterp: /usr/bin/python3 (found suitable version "3.10.12", minimum required is "3.6") 
[4.918s] -- Found python_cmake_module: 0.10.0 (/opt/ros/humble/share/python_cmake_module/cmake)
[4.959s] -- Found PythonLibs: /usr/lib/x86_64-linux-gnu/libpython3.10.so (found suitable version "3.10.12", minimum required is "3.5") 
[4.961s] -- Using PYTHON_EXECUTABLE: /usr/bin/python3
[4.961s] -- Using PYTHON_INCLUDE_DIRS: /usr/include/python3.10
[4.962s] -- Using PYTHON_LIBRARIES: /usr/lib/x86_64-linux-gnu/libpython3.10.so
[5.009s] -- Found PythonExtra: .so  
[5.252s] -- Found ament_lint_auto: 0.12.8 (/opt/ros/humble/share/ament_lint_auto/cmake)
[5.285s] -- Added test 'copyright' to check source files copyright and LICENSE
[5.291s] -- Added test 'cppcheck' to perform static code analysis on C / C++ code
[5.293s] -- Configured cppcheck include dirs: /home/lx/ros2/ros/xiao_ying/src/livox_ros_driver2/3rdparty;/home/lx/ros2/ros/xiao_ying/src/livox_ros_driver2/src
[5.293s] -- Configured cppcheck exclude dirs and/or files: 
[5.301s] -- Added test 'cpplint' to check C / C++ code against the Google style
[5.301s] -- Configured cpplint exclude dirs and/or files: 
[5.303s] -- Added test 'flake8' to check Python code syntax and style conventions
[5.306s] -- Added test 'lint_cmake' to check CMake code style
[5.308s] -- Added test 'pep257' to check Python code against some of the docstring style conventions in PEP 257
[5.316s] -- Added test 'uncrustify' to check C / C++ code style
[5.317s] -- Configured uncrustify additional arguments: 
[5.318s] -- Added test 'xmllint' to check XML markup files
[5.323s] -- Configuring done
[5.422s] -- Generating done
[5.428s] -- Build files have been written to: /home/lx/ros2/ros/xiao_ying/build/livox_ros_driver2
[5.466s] Invoked command in '/home/lx/ros2/ros/xiao_ying/build/livox_ros_driver2' returned '0': CMAKE_PREFIX_PATH=/opt/ros/humble /usr/bin/cmake /home/lx/ros2/ros/xiao_ying/src/livox_ros_driver2 -DROS_EDITION=ROS2 -DHUMBLE_ROS=humble -DCMAKE_INSTALL_PREFIX=/home/lx/ros2/ros/xiao_ying/install/livox_ros_driver2
[5.466s] Invoking command in '/home/lx/ros2/ros/xiao_ying/build/livox_ros_driver2': CMAKE_PREFIX_PATH=/opt/ros/humble /usr/bin/cmake --build /home/lx/ros2/ros/xiao_ying/build/livox_ros_driver2 -- -j12 -l12
[5.538s] [  1%] [34m[1mGenerating C code for ROS interfaces[0m
[5.552s] [  3%] [32mBuilding CXX object CMakeFiles/livox_ros_driver2_node.dir/rclcpp_components/node_main_livox_ros_driver2_node.cpp.o[0m
[5.575s] [  5%] [34m[1mGenerating C++ code for ROS interfaces[0m
[5.619s] [  5%] Built target ament_cmake_python_copy_livox_ros_driver2
[6.307s] running egg_info
[6.308s] creating livox_ros_driver2.egg-info
[6.310s] writing livox_ros_driver2.egg-info/PKG-INFO
[6.310s] writing dependency_links to livox_ros_driver2.egg-info/dependency_links.txt
[6.311s] writing top-level names to livox_ros_driver2.egg-info/top_level.txt
[6.311s] writing manifest file 'livox_ros_driver2.egg-info/SOURCES.txt'
[6.325s] reading manifest file 'livox_ros_driver2.egg-info/SOURCES.txt'
[6.326s] writing manifest file 'livox_ros_driver2.egg-info/SOURCES.txt'
[6.471s] [  5%] Built target ament_cmake_python_build_livox_ros_driver2_egg
[6.505s] [  7%] [32mBuilding C object CMakeFiles/livox_interfaces2__rosidl_generator_c.dir/rosidl_generator_c/livox_ros_driver2/msg/detail/custom_point__functions.c.o[0m
[6.518s] [  8%] [32mBuilding C object CMakeFiles/livox_interfaces2__rosidl_generator_c.dir/rosidl_generator_c/livox_ros_driver2/msg/detail/custom_msg__functions.c.o[0m
[6.588s] [ 10%] [32m[1mLinking C shared library liblivox_ros_driver2__rosidl_generator_c.so[0m
[6.655s] [ 10%] Built target livox_interfaces2__rosidl_generator_c
[6.716s] [ 12%] [34m[1mGenerating C introspection for ROS interfaces[0m
[6.717s] [ 14%] [34m[1mGenerating C type support for eProsima Fast-RTPS[0m
[6.738s] [ 15%] [34m[1mGenerating C type support dispatch for ROS interfaces[0m
[6.825s] [ 15%] Built target livox_interfaces2__cpp
[6.839s] [ 17%] [34m[1mGenerating C++ type support dispatch for ROS interfaces[0m
[6.849s] [ 19%] [34m[1mGenerating C++ type support for eProsima Fast-RTPS[0m
[6.867s] [ 21%] [34m[1mGenerating C++ introspection for ROS interfaces[0m
[7.644s] [ 22%] [32mBuilding CXX object CMakeFiles/livox_interfaces2__rosidl_typesupport_introspection_cpp.dir/rosidl_typesupport_introspection_cpp/livox_ros_driver2/msg/detail/custom_point__type_support.cpp.o[0m
[7.644s] [ 24%] [32mBuilding CXX object CMakeFiles/livox_interfaces2__rosidl_typesupport_cpp.dir/rosidl_typesupport_cpp/livox_ros_driver2/msg/custom_msg__type_support.cpp.o[0m
[7.658s] [ 26%] [32mBuilding CXX object CMakeFiles/livox_interfaces2__rosidl_typesupport_cpp.dir/rosidl_typesupport_cpp/livox_ros_driver2/msg/custom_point__type_support.cpp.o[0m
[7.658s] [ 28%] [32mBuilding CXX object CMakeFiles/livox_interfaces2__rosidl_typesupport_introspection_cpp.dir/rosidl_typesupport_introspection_cpp/livox_ros_driver2/msg/detail/custom_msg__type_support.cpp.o[0m
[7.692s] [ 29%] [32mBuilding CXX object CMakeFiles/livox_interfaces2__rosidl_typesupport_fastrtps_cpp.dir/rosidl_typesupport_fastrtps_cpp/livox_ros_driver2/msg/detail/dds_fastrtps/custom_point__type_support.cpp.o[0m
[7.707s] [ 31%] [32mBuilding CXX object CMakeFiles/livox_interfaces2__rosidl_typesupport_fastrtps_cpp.dir/rosidl_typesupport_fastrtps_cpp/livox_ros_driver2/msg/detail/dds_fastrtps/custom_msg__type_support.cpp.o[0m
[8.142s] [ 33%] [32mBuilding C object CMakeFiles/livox_interfaces2__rosidl_typesupport_introspection_c.dir/rosidl_typesupport_introspection_c/livox_ros_driver2/msg/detail/custom_point__type_support.c.o[0m
[8.155s] [ 35%] [32mBuilding C object CMakeFiles/livox_interfaces2__rosidl_typesupport_introspection_c.dir/rosidl_typesupport_introspection_c/livox_ros_driver2/msg/detail/custom_msg__type_support.c.o[0m
[8.221s] [ 36%] [32mBuilding CXX object CMakeFiles/livox_interfaces2__rosidl_typesupport_c.dir/rosidl_typesupport_c/livox_ros_driver2/msg/custom_point__type_support.cpp.o[0m
[8.260s] [ 38%] [32mBuilding CXX object CMakeFiles/livox_interfaces2__rosidl_typesupport_c.dir/rosidl_typesupport_c/livox_ros_driver2/msg/custom_msg__type_support.cpp.o[0m
[8.266s] [ 40%] [32mBuilding CXX object CMakeFiles/livox_interfaces2__rosidl_typesupport_fastrtps_c.dir/rosidl_typesupport_fastrtps_c/livox_ros_driver2/msg/detail/custom_point__type_support_c.cpp.o[0m
[8.302s] [ 42%] [32mBuilding CXX object CMakeFiles/livox_interfaces2__rosidl_typesupport_fastrtps_c.dir/rosidl_typesupport_fastrtps_c/livox_ros_driver2/msg/detail/custom_msg__type_support_c.cpp.o[0m
[8.303s] [ 43%] [32m[1mLinking C shared library liblivox_ros_driver2__rosidl_typesupport_introspection_c.so[0m
[8.372s] [ 45%] [32m[1mLinking CXX shared library liblivox_ros_driver2__rosidl_typesupport_c.so[0m
[8.419s] [ 47%] [32m[1mLinking CXX shared library liblivox_ros_driver2__rosidl_typesupport_cpp.so[0m
[8.452s] [ 47%] Built target livox_interfaces2__rosidl_typesupport_introspection_c
[8.578s] [ 47%] Built target livox_interfaces2__rosidl_typesupport_c
[8.585s] [ 47%] Built target livox_interfaces2__rosidl_typesupport_cpp
[8.680s] [ 49%] [32m[1mLinking CXX shared library liblivox_ros_driver2__rosidl_typesupport_fastrtps_cpp.so[0m
[8.689s] [ 50%] [32mBuilding CXX object CMakeFiles/livox_ros_driver2.dir/src/lddc.cpp.o[0m
[8.690s] [ 52%] [32mBuilding CXX object CMakeFiles/livox_ros_driver2.dir/src/livox_ros_driver2.cpp.o[0m
[8.709s] [ 54%] [32mBuilding CXX object CMakeFiles/livox_ros_driver2.dir/src/driver_node.cpp.o[0m
[8.710s] [ 56%] [32m[1mLinking CXX shared library liblivox_ros_driver2__rosidl_typesupport_introspection_cpp.so[0m
[8.757s] [ 57%] [32mBuilding CXX object CMakeFiles/livox_ros_driver2.dir/src/lds.cpp.o[0m
[8.815s] [ 59%] [32mBuilding CXX object CMakeFiles/livox_ros_driver2.dir/src/lds_lidar.cpp.o[0m
[8.832s] [ 61%] [32mBuilding CXX object CMakeFiles/livox_ros_driver2.dir/src/comm/comm.cpp.o[0m
[8.861s] [ 63%] [32mBuilding CXX object CMakeFiles/livox_ros_driver2.dir/src/comm/ldq.cpp.o[0m
[8.882s] [ 64%] [32mBuilding CXX object CMakeFiles/livox_ros_driver2.dir/src/comm/semaphore.cpp.o[0m
[8.900s] [ 64%] Built target livox_interfaces2__rosidl_typesupport_introspection_cpp
[8.947s] [ 66%] [32mBuilding CXX object CMakeFiles/livox_ros_driver2.dir/src/comm/lidar_imu_data_queue.cpp.o[0m
[9.038s] [ 66%] Built target livox_interfaces2__rosidl_typesupport_fastrtps_cpp
[9.095s] [ 68%] [32mBuilding CXX object CMakeFiles/livox_ros_driver2.dir/src/comm/cache_index.cpp.o[0m
[9.253s] [ 70%] [32m[1mLinking CXX shared library liblivox_ros_driver2__rosidl_typesupport_fastrtps_c.so[0m
[9.613s] [ 70%] Built target livox_interfaces2__rosidl_typesupport_fastrtps_c
[9.655s] [ 70%] Built target livox_interfaces2
[9.681s] [ 71%] [32mBuilding CXX object CMakeFiles/livox_ros_driver2.dir/src/comm/pub_handler.cpp.o[0m
[9.688s] [ 73%] [34m[1mGenerating Python code for ROS interfaces[0m
[9.802s] [ 75%] [32mBuilding CXX object CMakeFiles/livox_ros_driver2.dir/src/parse_cfg_file/parse_cfg_file.cpp.o[0m
[10.004s] [ 77%] [32mBuilding CXX object CMakeFiles/livox_ros_driver2.dir/src/parse_cfg_file/parse_livox_lidar_cfg.cpp.o[0m
[10.386s] [ 78%] [32mBuilding CXX object CMakeFiles/livox_ros_driver2.dir/src/call_back/lidar_common_callback.cpp.o[0m
[10.958s] [ 80%] [32mBuilding CXX object CMakeFiles/livox_ros_driver2.dir/src/call_back/livox_lidar_callback.cpp.o[0m
[11.936s] [ 80%] Built target livox_interfaces2__py
[12.043s] [ 82%] [32mBuilding C object CMakeFiles/livox_interfaces2__rosidl_generator_py.dir/rosidl_generator_py/livox_ros_driver2/msg/_custom_point_s.c.o[0m
[12.067s] [ 84%] [32mBuilding C object CMakeFiles/livox_interfaces2__rosidl_generator_py.dir/rosidl_generator_py/livox_ros_driver2/msg/_custom_msg_s.c.o[0m
[12.267s] [ 85%] [32m[1mLinking C shared library rosidl_generator_py/livox_ros_driver2/liblivox_interfaces2__rosidl_generator_py.so[0m
[12.325s] [ 87%] [32m[1mLinking CXX executable livox_ros_driver2_node[0m
[12.335s] [ 87%] Built target livox_interfaces2__rosidl_generator_py
[12.375s] [ 89%] [32mBuilding C object CMakeFiles/livox_ros_driver2__rosidl_typesupport_fastrtps_c__pyext.dir/rosidl_generator_py/livox_ros_driver2/_livox_ros_driver2_s.ep.rosidl_typesupport_fastrtps_c.c.o[0m
[12.380s] [ 91%] [32mBuilding C object CMakeFiles/livox_ros_driver2__rosidl_typesupport_c__pyext.dir/rosidl_generator_py/livox_ros_driver2/_livox_ros_driver2_s.ep.rosidl_typesupport_c.c.o[0m
[12.397s] [ 92%] [32mBuilding C object CMakeFiles/livox_ros_driver2__rosidl_typesupport_introspection_c__pyext.dir/rosidl_generator_py/livox_ros_driver2/_livox_ros_driver2_s.ep.rosidl_typesupport_introspection_c.c.o[0m
[12.529s] [ 94%] [32m[1mLinking C shared library rosidl_generator_py/livox_ros_driver2/livox_ros_driver2_s__rosidl_typesupport_c.cpython-310-x86_64-linux-gnu.so[0m
[12.581s] [ 94%] Built target livox_ros_driver2__rosidl_typesupport_c__pyext
[12.628s] [ 94%] Built target livox_ros_driver2_node
[12.642s] [ 96%] [32m[1mLinking C shared library rosidl_generator_py/livox_ros_driver2/livox_ros_driver2_s__rosidl_typesupport_introspection_c.cpython-310-x86_64-linux-gnu.so[0m
[12.660s] [ 98%] [32m[1mLinking C shared library rosidl_generator_py/livox_ros_driver2/livox_ros_driver2_s__rosidl_typesupport_fastrtps_c.cpython-310-x86_64-linux-gnu.so[0m
[12.703s] [ 98%] Built target livox_ros_driver2__rosidl_typesupport_introspection_c__pyext
[12.719s] [ 98%] Built target livox_ros_driver2__rosidl_typesupport_fastrtps_c__pyext
[20.696s] [100%] [32m[1mLinking CXX shared library liblivox_ros_driver2.so[0m
[21.543s] [100%] Built target livox_ros_driver2
[21.552s] Invoked command in '/home/lx/ros2/ros/xiao_ying/build/livox_ros_driver2' returned '0': CMAKE_PREFIX_PATH=/opt/ros/humble /usr/bin/cmake --build /home/lx/ros2/ros/xiao_ying/build/livox_ros_driver2 -- -j12 -l12
[21.622s] Invoking command in '/home/lx/ros2/ros/xiao_ying/build/livox_ros_driver2': CMAKE_PREFIX_PATH=/opt/ros/humble /usr/bin/cmake --install /home/lx/ros2/ros/xiao_ying/build/livox_ros_driver2
[21.628s] -- Install configuration: ""
[21.628s] -- Installing: /home/lx/ros2/ros/xiao_ying/install/livox_ros_driver2/share/ament_index/resource_index/rosidl_interfaces/livox_ros_driver2
[21.629s] -- Installing: /home/lx/ros2/ros/xiao_ying/install/livox_ros_driver2/include/livox_ros_driver2/livox_ros_driver2
[21.629s] -- Installing: /home/lx/ros2/ros/xiao_ying/install/livox_ros_driver2/include/livox_ros_driver2/livox_ros_driver2/msg
[21.629s] -- Installing: /home/lx/ros2/ros/xiao_ying/install/livox_ros_driver2/include/livox_ros_driver2/livox_ros_driver2/msg/detail
[21.629s] -- Installing: /home/lx/ros2/ros/xiao_ying/install/livox_ros_driver2/include/livox_ros_driver2/livox_ros_driver2/msg/detail/custom_point__struct.h
[21.629s] -- Installing: /home/lx/ros2/ros/xiao_ying/install/livox_ros_driver2/include/livox_ros_driver2/livox_ros_driver2/msg/detail/custom_msg__functions.c
[21.629s] -- Installing: /home/lx/ros2/ros/xiao_ying/install/livox_ros_driver2/include/livox_ros_driver2/livox_ros_driver2/msg/detail/custom_msg__struct.h
[21.629s] -- Installing: /home/lx/ros2/ros/xiao_ying/install/livox_ros_driver2/include/livox_ros_driver2/livox_ros_driver2/msg/detail/custom_msg__type_support.h
[21.629s] -- Installing: /home/lx/ros2/ros/xiao_ying/install/livox_ros_driver2/include/livox_ros_driver2/livox_ros_driver2/msg/detail/custom_point__type_support.h
[21.629s] -- Installing: /home/lx/ros2/ros/xiao_ying/install/livox_ros_driver2/include/livox_ros_driver2/livox_ros_driver2/msg/detail/custom_point__functions.h
[21.630s] -- Installing: /home/lx/ros2/ros/xiao_ying/install/livox_ros_driver2/include/livox_ros_driver2/livox_ros_driver2/msg/detail/custom_point__functions.c
[21.630s] -- Installing: /home/lx/ros2/ros/xiao_ying/install/livox_ros_driver2/include/livox_ros_driver2/livox_ros_driver2/msg/detail/custom_msg__functions.h
[21.630s] -- Installing: /home/lx/ros2/ros/xiao_ying/install/livox_ros_driver2/include/livox_ros_driver2/livox_ros_driver2/msg/custom_msg.h
[21.630s] -- Installing: /home/lx/ros2/ros/xiao_ying/install/livox_ros_driver2/include/livox_ros_driver2/livox_ros_driver2/msg/custom_point.h
[21.630s] -- Installing: /home/lx/ros2/ros/xiao_ying/install/livox_ros_driver2/include/livox_ros_driver2/livox_ros_driver2/msg/rosidl_generator_c__visibility_control.h
[21.630s] -- Installing: /home/lx/ros2/ros/xiao_ying/install/livox_ros_driver2/share/livox_ros_driver2/environment/library_path.sh
[21.630s] -- Installing: /home/lx/ros2/ros/xiao_ying/install/livox_ros_driver2/share/livox_ros_driver2/environment/library_path.dsv
[21.630s] -- Installing: /home/lx/ros2/ros/xiao_ying/install/livox_ros_driver2/lib/liblivox_ros_driver2__rosidl_generator_c.so
[21.630s] -- Set runtime path of "/home/lx/ros2/ros/xiao_ying/install/livox_ros_driver2/lib/liblivox_ros_driver2__rosidl_generator_c.so" to ""
[21.631s] -- Up-to-date: /home/lx/ros2/ros/xiao_ying/install/livox_ros_driver2/include/livox_ros_driver2/livox_ros_driver2
[21.631s] -- Up-to-date: /home/lx/ros2/ros/xiao_ying/install/livox_ros_driver2/include/livox_ros_driver2/livox_ros_driver2/msg
[21.631s] -- Up-to-date: /home/lx/ros2/ros/xiao_ying/install/livox_ros_driver2/include/livox_ros_driver2/livox_ros_driver2/msg/detail
[21.631s] -- Installing: /home/lx/ros2/ros/xiao_ying/install/livox_ros_driver2/include/livox_ros_driver2/livox_ros_driver2/msg/detail/custom_point__rosidl_typesupport_fastrtps_c.h
[21.631s] -- Installing: /home/lx/ros2/ros/xiao_ying/install/livox_ros_driver2/include/livox_ros_driver2/livox_ros_driver2/msg/detail/custom_msg__rosidl_typesupport_fastrtps_c.h
[21.631s] -- Installing: /home/lx/ros2/ros/xiao_ying/install/livox_ros_driver2/include/livox_ros_driver2/livox_ros_driver2/msg/rosidl_typesupport_fastrtps_c__visibility_control.h
[21.631s] -- Installing: /home/lx/ros2/ros/xiao_ying/install/livox_ros_driver2/lib/liblivox_ros_driver2__rosidl_typesupport_fastrtps_c.so
[21.631s] -- Set runtime path of "/home/lx/ros2/ros/xiao_ying/install/livox_ros_driver2/lib/liblivox_ros_driver2__rosidl_typesupport_fastrtps_c.so" to ""
[21.631s] -- Up-to-date: /home/lx/ros2/ros/xiao_ying/install/livox_ros_driver2/include/livox_ros_driver2/livox_ros_driver2
[21.632s] -- Up-to-date: /home/lx/ros2/ros/xiao_ying/install/livox_ros_driver2/include/livox_ros_driver2/livox_ros_driver2/msg
[21.632s] -- Up-to-date: /home/lx/ros2/ros/xiao_ying/install/livox_ros_driver2/include/livox_ros_driver2/livox_ros_driver2/msg/detail
[21.632s] -- Installing: /home/lx/ros2/ros/xiao_ying/install/livox_ros_driver2/include/livox_ros_driver2/livox_ros_driver2/msg/detail/custom_msg__type_support.c
[21.632s] -- Installing: /home/lx/ros2/ros/xiao_ying/install/livox_ros_driver2/include/livox_ros_driver2/livox_ros_driver2/msg/detail/custom_point__type_support.c
[21.632s] -- Installing: /home/lx/ros2/ros/xiao_ying/install/livox_ros_driver2/include/livox_ros_driver2/livox_ros_driver2/msg/detail/custom_point__rosidl_typesupport_introspection_c.h
[21.632s] -- Installing: /home/lx/ros2/ros/xiao_ying/install/livox_ros_driver2/include/livox_ros_driver2/livox_ros_driver2/msg/detail/custom_msg__rosidl_typesupport_introspection_c.h
[21.632s] -- Installing: /home/lx/ros2/ros/xiao_ying/install/livox_ros_driver2/include/livox_ros_driver2/livox_ros_driver2/msg/rosidl_typesupport_introspection_c__visibility_control.h
[21.632s] -- Installing: /home/lx/ros2/ros/xiao_ying/install/livox_ros_driver2/lib/liblivox_ros_driver2__rosidl_typesupport_introspection_c.so
[21.632s] -- Set runtime path of "/home/lx/ros2/ros/xiao_ying/install/livox_ros_driver2/lib/liblivox_ros_driver2__rosidl_typesupport_introspection_c.so" to ""
[21.632s] -- Installing: /home/lx/ros2/ros/xiao_ying/install/livox_ros_driver2/lib/liblivox_ros_driver2__rosidl_typesupport_c.so
[21.633s] -- Set runtime path of "/home/lx/ros2/ros/xiao_ying/install/livox_ros_driver2/lib/liblivox_ros_driver2__rosidl_typesupport_c.so" to ""
[21.633s] -- Up-to-date: /home/lx/ros2/ros/xiao_ying/install/livox_ros_driver2/include/livox_ros_driver2/livox_ros_driver2
[21.633s] -- Up-to-date: /home/lx/ros2/ros/xiao_ying/install/livox_ros_driver2/include/livox_ros_driver2/livox_ros_driver2/msg
[21.633s] -- Up-to-date: /home/lx/ros2/ros/xiao_ying/install/livox_ros_driver2/include/livox_ros_driver2/livox_ros_driver2/msg/detail
[21.633s] -- Installing: /home/lx/ros2/ros/xiao_ying/install/livox_ros_driver2/include/livox_ros_driver2/livox_ros_driver2/msg/detail/custom_point__builder.hpp
[21.633s] -- Installing: /home/lx/ros2/ros/xiao_ying/install/livox_ros_driver2/include/livox_ros_driver2/livox_ros_driver2/msg/detail/custom_point__traits.hpp
[21.633s] -- Installing: /home/lx/ros2/ros/xiao_ying/install/livox_ros_driver2/include/livox_ros_driver2/livox_ros_driver2/msg/detail/custom_msg__struct.hpp
[21.633s] -- Installing: /home/lx/ros2/ros/xiao_ying/install/livox_ros_driver2/include/livox_ros_driver2/livox_ros_driver2/msg/detail/custom_point__struct.hpp
[21.633s] -- Installing: /home/lx/ros2/ros/xiao_ying/install/livox_ros_driver2/include/livox_ros_driver2/livox_ros_driver2/msg/detail/custom_msg__traits.hpp
[21.634s] -- Installing: /home/lx/ros2/ros/xiao_ying/install/livox_ros_driver2/include/livox_ros_driver2/livox_ros_driver2/msg/detail/custom_msg__builder.hpp
[21.634s] -- Installing: /home/lx/ros2/ros/xiao_ying/install/livox_ros_driver2/include/livox_ros_driver2/livox_ros_driver2/msg/custom_msg.hpp
[21.634s] -- Installing: /home/lx/ros2/ros/xiao_ying/install/livox_ros_driver2/include/livox_ros_driver2/livox_ros_driver2/msg/custom_point.hpp
[21.634s] -- Up-to-date: /home/lx/ros2/ros/xiao_ying/install/livox_ros_driver2/include/livox_ros_driver2/livox_ros_driver2
[21.634s] -- Up-to-date: /home/lx/ros2/ros/xiao_ying/install/livox_ros_driver2/include/livox_ros_driver2/livox_ros_driver2/msg
[21.634s] -- Up-to-date: /home/lx/ros2/ros/xiao_ying/install/livox_ros_driver2/include/livox_ros_driver2/livox_ros_driver2/msg/detail
[21.634s] -- Installing: /home/lx/ros2/ros/xiao_ying/install/livox_ros_driver2/include/livox_ros_driver2/livox_ros_driver2/msg/detail/custom_point__rosidl_typesupport_fastrtps_cpp.hpp
[21.634s] -- Installing: /home/lx/ros2/ros/xiao_ying/install/livox_ros_driver2/include/livox_ros_driver2/livox_ros_driver2/msg/detail/dds_fastrtps
[21.634s] -- Installing: /home/lx/ros2/ros/xiao_ying/install/livox_ros_driver2/include/livox_ros_driver2/livox_ros_driver2/msg/detail/custom_msg__rosidl_typesupport_fastrtps_cpp.hpp
[21.635s] -- Installing: /home/lx/ros2/ros/xiao_ying/install/livox_ros_driver2/include/livox_ros_driver2/livox_ros_driver2/msg/rosidl_typesupport_fastrtps_cpp__visibility_control.h
[21.635s] -- Installing: /home/lx/ros2/ros/xiao_ying/install/livox_ros_driver2/lib/liblivox_ros_driver2__rosidl_typesupport_fastrtps_cpp.so
[21.635s] -- Set runtime path of "/home/lx/ros2/ros/xiao_ying/install/livox_ros_driver2/lib/liblivox_ros_driver2__rosidl_typesupport_fastrtps_cpp.so" to ""
[21.635s] -- Up-to-date: /home/lx/ros2/ros/xiao_ying/install/livox_ros_driver2/include/livox_ros_driver2/livox_ros_driver2
[21.635s] -- Up-to-date: /home/lx/ros2/ros/xiao_ying/install/livox_ros_driver2/include/livox_ros_driver2/livox_ros_driver2/msg
[21.635s] -- Up-to-date: /home/lx/ros2/ros/xiao_ying/install/livox_ros_driver2/include/livox_ros_driver2/livox_ros_driver2/msg/detail
[21.635s] -- Installing: /home/lx/ros2/ros/xiao_ying/install/livox_ros_driver2/include/livox_ros_driver2/livox_ros_driver2/msg/detail/custom_point__rosidl_typesupport_introspection_cpp.hpp
[21.635s] -- Installing: /home/lx/ros2/ros/xiao_ying/install/livox_ros_driver2/include/livox_ros_driver2/livox_ros_driver2/msg/detail/custom_msg__type_support.cpp
[21.635s] -- Installing: /home/lx/ros2/ros/xiao_ying/install/livox_ros_driver2/include/livox_ros_driver2/livox_ros_driver2/msg/detail/custom_point__type_support.cpp
[21.636s] -- Installing: /home/lx/ros2/ros/xiao_ying/install/livox_ros_driver2/include/livox_ros_driver2/livox_ros_driver2/msg/detail/custom_msg__rosidl_typesupport_introspection_cpp.hpp
[21.636s] -- Installing: /home/lx/ros2/ros/xiao_ying/install/livox_ros_driver2/lib/liblivox_ros_driver2__rosidl_typesupport_introspection_cpp.so
[21.636s] -- Set runtime path of "/home/lx/ros2/ros/xiao_ying/install/livox_ros_driver2/lib/liblivox_ros_driver2__rosidl_typesupport_introspection_cpp.so" to ""
[21.636s] -- Installing: /home/lx/ros2/ros/xiao_ying/install/livox_ros_driver2/lib/liblivox_ros_driver2__rosidl_typesupport_cpp.so
[21.636s] -- Set runtime path of "/home/lx/ros2/ros/xiao_ying/install/livox_ros_driver2/lib/liblivox_ros_driver2__rosidl_typesupport_cpp.so" to ""
[21.636s] -- Installing: /home/lx/ros2/ros/xiao_ying/install/livox_ros_driver2/share/livox_ros_driver2/environment/pythonpath.sh
[21.636s] -- Installing: /home/lx/ros2/ros/xiao_ying/install/livox_ros_driver2/share/livox_ros_driver2/environment/pythonpath.dsv
[21.636s] -- Installing: /home/lx/ros2/ros/xiao_ying/install/livox_ros_driver2/local/lib/python3.10/dist-packages/livox_ros_driver2-1.0.0-py3.10.egg-info
[21.637s] -- Installing: /home/lx/ros2/ros/xiao_ying/install/livox_ros_driver2/local/lib/python3.10/dist-packages/livox_ros_driver2-1.0.0-py3.10.egg-info/top_level.txt
[21.637s] -- Installing: /home/lx/ros2/ros/xiao_ying/install/livox_ros_driver2/local/lib/python3.10/dist-packages/livox_ros_driver2-1.0.0-py3.10.egg-info/PKG-INFO
[21.637s] -- Installing: /home/lx/ros2/ros/xiao_ying/install/livox_ros_driver2/local/lib/python3.10/dist-packages/livox_ros_driver2-1.0.0-py3.10.egg-info/SOURCES.txt
[21.637s] -- Installing: /home/lx/ros2/ros/xiao_ying/install/livox_ros_driver2/local/lib/python3.10/dist-packages/livox_ros_driver2-1.0.0-py3.10.egg-info/dependency_links.txt
[21.637s] -- Installing: /home/lx/ros2/ros/xiao_ying/install/livox_ros_driver2/local/lib/python3.10/dist-packages/livox_ros_driver2
[21.637s] -- Installing: /home/lx/ros2/ros/xiao_ying/install/livox_ros_driver2/local/lib/python3.10/dist-packages/livox_ros_driver2/livox_ros_driver2_s__rosidl_typesupport_introspection_c.cpython-310-x86_64-linux-gnu.so
[21.637s] -- Installing: /home/lx/ros2/ros/xiao_ying/install/livox_ros_driver2/local/lib/python3.10/dist-packages/livox_ros_driver2/livox_ros_driver2_s__rosidl_typesupport_c.cpython-310-x86_64-linux-gnu.so
[21.637s] -- Installing: /home/lx/ros2/ros/xiao_ying/install/livox_ros_driver2/local/lib/python3.10/dist-packages/livox_ros_driver2/_livox_ros_driver2_s.ep.rosidl_typesupport_c.c
[21.637s] -- Installing: /home/lx/ros2/ros/xiao_ying/install/livox_ros_driver2/local/lib/python3.10/dist-packages/livox_ros_driver2/livox_ros_driver2_s__rosidl_typesupport_fastrtps_c.cpython-310-x86_64-linux-gnu.so
[21.637s] -- Installing: /home/lx/ros2/ros/xiao_ying/install/livox_ros_driver2/local/lib/python3.10/dist-packages/livox_ros_driver2/msg
[21.637s] -- Installing: /home/lx/ros2/ros/xiao_ying/install/livox_ros_driver2/local/lib/python3.10/dist-packages/livox_ros_driver2/msg/_custom_point.py
[21.637s] -- Installing: /home/lx/ros2/ros/xiao_ying/install/livox_ros_driver2/local/lib/python3.10/dist-packages/livox_ros_driver2/msg/_custom_point_s.c
[21.638s] -- Installing: /home/lx/ros2/ros/xiao_ying/install/livox_ros_driver2/local/lib/python3.10/dist-packages/livox_ros_driver2/msg/_custom_msg_s.c
[21.638s] -- Installing: /home/lx/ros2/ros/xiao_ying/install/livox_ros_driver2/local/lib/python3.10/dist-packages/livox_ros_driver2/msg/_custom_msg.py
[21.638s] -- Installing: /home/lx/ros2/ros/xiao_ying/install/livox_ros_driver2/local/lib/python3.10/dist-packages/livox_ros_driver2/msg/__init__.py
[21.638s] -- Installing: /home/lx/ros2/ros/xiao_ying/install/livox_ros_driver2/local/lib/python3.10/dist-packages/livox_ros_driver2/_livox_ros_driver2_s.ep.rosidl_typesupport_introspection_c.c
[21.638s] -- Installing: /home/lx/ros2/ros/xiao_ying/install/livox_ros_driver2/local/lib/python3.10/dist-packages/livox_ros_driver2/liblivox_interfaces2__rosidl_generator_py.so
[21.638s] -- Installing: /home/lx/ros2/ros/xiao_ying/install/livox_ros_driver2/local/lib/python3.10/dist-packages/livox_ros_driver2/__init__.py
[21.638s] -- Installing: /home/lx/ros2/ros/xiao_ying/install/livox_ros_driver2/local/lib/python3.10/dist-packages/livox_ros_driver2/_livox_ros_driver2_s.ep.rosidl_typesupport_fastrtps_c.c
[21.666s] Listing '/home/lx/ros2/ros/xiao_ying/install/livox_ros_driver2/local/lib/python3.10/dist-packages/livox_ros_driver2'...
[21.667s] Compiling '/home/lx/ros2/ros/xiao_ying/install/livox_ros_driver2/local/lib/python3.10/dist-packages/livox_ros_driver2/__init__.py'...
[21.667s] Listing '/home/lx/ros2/ros/xiao_ying/install/livox_ros_driver2/local/lib/python3.10/dist-packages/livox_ros_driver2/msg'...
[21.667s] Compiling '/home/lx/ros2/ros/xiao_ying/install/livox_ros_driver2/local/lib/python3.10/dist-packages/livox_ros_driver2/msg/__init__.py'...
[21.667s] Compiling '/home/lx/ros2/ros/xiao_ying/install/livox_ros_driver2/local/lib/python3.10/dist-packages/livox_ros_driver2/msg/_custom_msg.py'...
[21.667s] Compiling '/home/lx/ros2/ros/xiao_ying/install/livox_ros_driver2/local/lib/python3.10/dist-packages/livox_ros_driver2/msg/_custom_point.py'...
[21.672s] -- Installing: /home/lx/ros2/ros/xiao_ying/install/livox_ros_driver2/local/lib/python3.10/dist-packages/livox_ros_driver2/livox_ros_driver2_s__rosidl_typesupport_fastrtps_c.cpython-310-x86_64-linux-gnu.so
[21.672s] -- Set runtime path of "/home/lx/ros2/ros/xiao_ying/install/livox_ros_driver2/local/lib/python3.10/dist-packages/livox_ros_driver2/livox_ros_driver2_s__rosidl_typesupport_fastrtps_c.cpython-310-x86_64-linux-gnu.so" to ""
[21.672s] -- Installing: /home/lx/ros2/ros/xiao_ying/install/livox_ros_driver2/local/lib/python3.10/dist-packages/livox_ros_driver2/livox_ros_driver2_s__rosidl_typesupport_introspection_c.cpython-310-x86_64-linux-gnu.so
[21.672s] -- Set runtime path of "/home/lx/ros2/ros/xiao_ying/install/livox_ros_driver2/local/lib/python3.10/dist-packages/livox_ros_driver2/livox_ros_driver2_s__rosidl_typesupport_introspection_c.cpython-310-x86_64-linux-gnu.so" to ""
[21.672s] -- Installing: /home/lx/ros2/ros/xiao_ying/install/livox_ros_driver2/local/lib/python3.10/dist-packages/livox_ros_driver2/livox_ros_driver2_s__rosidl_typesupport_c.cpython-310-x86_64-linux-gnu.so
[21.672s] -- Set runtime path of "/home/lx/ros2/ros/xiao_ying/install/livox_ros_driver2/local/lib/python3.10/dist-packages/livox_ros_driver2/livox_ros_driver2_s__rosidl_typesupport_c.cpython-310-x86_64-linux-gnu.so" to ""
[21.672s] -- Installing: /home/lx/ros2/ros/xiao_ying/install/livox_ros_driver2/lib/liblivox_interfaces2__rosidl_generator_py.so
[21.673s] -- Set runtime path of "/home/lx/ros2/ros/xiao_ying/install/livox_ros_driver2/lib/liblivox_interfaces2__rosidl_generator_py.so" to ""
[21.673s] -- Installing: /home/lx/ros2/ros/xiao_ying/install/livox_ros_driver2/share/livox_ros_driver2/msg/CustomPoint.idl
[21.673s] -- Installing: /home/lx/ros2/ros/xiao_ying/install/livox_ros_driver2/share/livox_ros_driver2/msg/CustomMsg.idl
[21.673s] -- Installing: /home/lx/ros2/ros/xiao_ying/install/livox_ros_driver2/share/livox_ros_driver2/msg/CustomPoint.msg
[21.673s] -- Installing: /home/lx/ros2/ros/xiao_ying/install/livox_ros_driver2/share/livox_ros_driver2/msg/CustomMsg.msg
[21.673s] -- Installing: /home/lx/ros2/ros/xiao_ying/install/livox_ros_driver2/lib/livox_ros_driver2/livox_ros_driver2_node
[21.674s] -- Set runtime path of "/home/lx/ros2/ros/xiao_ying/install/livox_ros_driver2/lib/livox_ros_driver2/livox_ros_driver2_node" to ""
[21.674s] -- Installing: /home/lx/ros2/ros/xiao_ying/install/livox_ros_driver2/lib/liblivox_ros_driver2.so
[21.678s] -- Set runtime path of "/home/lx/ros2/ros/xiao_ying/install/livox_ros_driver2/lib/liblivox_ros_driver2.so" to ""
[21.678s] -- Installing: /home/lx/ros2/ros/xiao_ying/install/livox_ros_driver2/share/livox_ros_driver2/config
[21.678s] -- Installing: /home/lx/ros2/ros/xiao_ying/install/livox_ros_driver2/share/livox_ros_driver2/config/display_point_cloud_ROS2.rviz
[21.678s] -- Installing: /home/lx/ros2/ros/xiao_ying/install/livox_ros_driver2/share/livox_ros_driver2/config/mixed_HAP_MID360_config.json
[21.678s] -- Installing: /home/lx/ros2/ros/xiao_ying/install/livox_ros_driver2/share/livox_ros_driver2/config/HAP_config.json
[21.678s] -- Installing: /home/lx/ros2/ros/xiao_ying/install/livox_ros_driver2/share/livox_ros_driver2/config/display_point_cloud_ROS1.rviz
[21.678s] -- Installing: /home/lx/ros2/ros/xiao_ying/install/livox_ros_driver2/share/livox_ros_driver2/config/MID360_config.json
[21.678s] -- Installing: /home/lx/ros2/ros/xiao_ying/install/livox_ros_driver2/share/livox_ros_driver2/launch_ROS2
[21.678s] -- Installing: /home/lx/ros2/ros/xiao_ying/install/livox_ros_driver2/share/livox_ros_driver2/launch_ROS2/rviz_MID360_launch.py
[21.678s] -- Installing: /home/lx/ros2/ros/xiao_ying/install/livox_ros_driver2/share/livox_ros_driver2/launch_ROS2/msg_MID360_launch.py
[21.678s] -- Installing: /home/lx/ros2/ros/xiao_ying/install/livox_ros_driver2/share/livox_ros_driver2/launch_ROS2/rviz_HAP_launch.py
[21.678s] -- Installing: /home/lx/ros2/ros/xiao_ying/install/livox_ros_driver2/share/livox_ros_driver2/launch_ROS2/msg_HAP_launch.py
[21.679s] -- Installing: /home/lx/ros2/ros/xiao_ying/install/livox_ros_driver2/share/livox_ros_driver2/launch_ROS2/rviz_mixed.py
[21.679s] -- Installing: /home/lx/ros2/ros/xiao_ying/install/livox_ros_driver2/share/ament_index/resource_index/package_run_dependencies/livox_ros_driver2
[21.679s] -- Installing: /home/lx/ros2/ros/xiao_ying/install/livox_ros_driver2/share/ament_index/resource_index/parent_prefix_path/livox_ros_driver2
[21.679s] -- Installing: /home/lx/ros2/ros/xiao_ying/install/livox_ros_driver2/share/livox_ros_driver2/environment/ament_prefix_path.sh
[21.679s] -- Installing: /home/lx/ros2/ros/xiao_ying/install/livox_ros_driver2/share/livox_ros_driver2/environment/ament_prefix_path.dsv
[21.679s] -- Installing: /home/lx/ros2/ros/xiao_ying/install/livox_ros_driver2/share/livox_ros_driver2/environment/path.sh
[21.679s] -- Installing: /home/lx/ros2/ros/xiao_ying/install/livox_ros_driver2/share/livox_ros_driver2/environment/path.dsv
[21.679s] -- Installing: /home/lx/ros2/ros/xiao_ying/install/livox_ros_driver2/share/livox_ros_driver2/local_setup.bash
[21.680s] -- Installing: /home/lx/ros2/ros/xiao_ying/install/livox_ros_driver2/share/livox_ros_driver2/local_setup.sh
[21.680s] -- Installing: /home/lx/ros2/ros/xiao_ying/install/livox_ros_driver2/share/livox_ros_driver2/local_setup.zsh
[21.680s] -- Installing: /home/lx/ros2/ros/xiao_ying/install/livox_ros_driver2/share/livox_ros_driver2/local_setup.dsv
[21.680s] -- Installing: /home/lx/ros2/ros/xiao_ying/install/livox_ros_driver2/share/livox_ros_driver2/package.dsv
[21.680s] -- Installing: /home/lx/ros2/ros/xiao_ying/install/livox_ros_driver2/share/ament_index/resource_index/packages/livox_ros_driver2
[21.680s] -- Installing: /home/lx/ros2/ros/xiao_ying/install/livox_ros_driver2/share/livox_ros_driver2/cmake/export_livox_interfaces2__rosidl_generator_cExport.cmake
[21.680s] -- Installing: /home/lx/ros2/ros/xiao_ying/install/livox_ros_driver2/share/livox_ros_driver2/cmake/export_livox_interfaces2__rosidl_generator_cExport-noconfig.cmake
[21.680s] -- Installing: /home/lx/ros2/ros/xiao_ying/install/livox_ros_driver2/share/livox_ros_driver2/cmake/export_livox_interfaces2__rosidl_typesupport_fastrtps_cExport.cmake
[21.681s] -- Installing: /home/lx/ros2/ros/xiao_ying/install/livox_ros_driver2/share/livox_ros_driver2/cmake/export_livox_interfaces2__rosidl_typesupport_fastrtps_cExport-noconfig.cmake
[21.681s] -- Installing: /home/lx/ros2/ros/xiao_ying/install/livox_ros_driver2/share/livox_ros_driver2/cmake/livox_interfaces2__rosidl_typesupport_introspection_cExport.cmake
[21.681s] -- Installing: /home/lx/ros2/ros/xiao_ying/install/livox_ros_driver2/share/livox_ros_driver2/cmake/livox_interfaces2__rosidl_typesupport_introspection_cExport-noconfig.cmake
[21.681s] -- Installing: /home/lx/ros2/ros/xiao_ying/install/livox_ros_driver2/share/livox_ros_driver2/cmake/livox_interfaces2__rosidl_typesupport_cExport.cmake
[21.681s] -- Installing: /home/lx/ros2/ros/xiao_ying/install/livox_ros_driver2/share/livox_ros_driver2/cmake/livox_interfaces2__rosidl_typesupport_cExport-noconfig.cmake
[21.681s] -- Installing: /home/lx/ros2/ros/xiao_ying/install/livox_ros_driver2/share/livox_ros_driver2/cmake/export_livox_interfaces2__rosidl_generator_cppExport.cmake
[21.681s] -- Installing: /home/lx/ros2/ros/xiao_ying/install/livox_ros_driver2/share/livox_ros_driver2/cmake/export_livox_interfaces2__rosidl_typesupport_fastrtps_cppExport.cmake
[21.681s] -- Installing: /home/lx/ros2/ros/xiao_ying/install/livox_ros_driver2/share/livox_ros_driver2/cmake/export_livox_interfaces2__rosidl_typesupport_fastrtps_cppExport-noconfig.cmake
[21.682s] -- Installing: /home/lx/ros2/ros/xiao_ying/install/livox_ros_driver2/share/livox_ros_driver2/cmake/livox_interfaces2__rosidl_typesupport_introspection_cppExport.cmake
[21.682s] -- Installing: /home/lx/ros2/ros/xiao_ying/install/livox_ros_driver2/share/livox_ros_driver2/cmake/livox_interfaces2__rosidl_typesupport_introspection_cppExport-noconfig.cmake
[21.682s] -- Installing: /home/lx/ros2/ros/xiao_ying/install/livox_ros_driver2/share/livox_ros_driver2/cmake/livox_interfaces2__rosidl_typesupport_cppExport.cmake
[21.682s] -- Installing: /home/lx/ros2/ros/xiao_ying/install/livox_ros_driver2/share/livox_ros_driver2/cmake/livox_interfaces2__rosidl_typesupport_cppExport-noconfig.cmake
[21.682s] -- Installing: /home/lx/ros2/ros/xiao_ying/install/livox_ros_driver2/share/livox_ros_driver2/cmake/export_livox_interfaces2__rosidl_generator_pyExport.cmake
[21.682s] -- Installing: /home/lx/ros2/ros/xiao_ying/install/livox_ros_driver2/share/livox_ros_driver2/cmake/export_livox_interfaces2__rosidl_generator_pyExport-noconfig.cmake
[21.682s] -- Installing: /home/lx/ros2/ros/xiao_ying/install/livox_ros_driver2/share/ament_index/resource_index/rclcpp_components/livox_ros_driver2
[21.683s] -- Installing: /home/lx/ros2/ros/xiao_ying/install/livox_ros_driver2/share/livox_ros_driver2/cmake/rosidl_cmake-extras.cmake
[21.683s] -- Installing: /home/lx/ros2/ros/xiao_ying/install/livox_ros_driver2/share/livox_ros_driver2/cmake/ament_cmake_export_dependencies-extras.cmake
[21.683s] -- Installing: /home/lx/ros2/ros/xiao_ying/install/livox_ros_driver2/share/livox_ros_driver2/cmake/ament_cmake_export_include_directories-extras.cmake
[21.683s] -- Installing: /home/lx/ros2/ros/xiao_ying/install/livox_ros_driver2/share/livox_ros_driver2/cmake/ament_cmake_export_libraries-extras.cmake
[21.683s] -- Installing: /home/lx/ros2/ros/xiao_ying/install/livox_ros_driver2/share/livox_ros_driver2/cmake/ament_cmake_export_targets-extras.cmake
[21.683s] -- Installing: /home/lx/ros2/ros/xiao_ying/install/livox_ros_driver2/share/livox_ros_driver2/cmake/rosidl_cmake_export_typesupport_targets-extras.cmake
[21.683s] -- Installing: /home/lx/ros2/ros/xiao_ying/install/livox_ros_driver2/share/livox_ros_driver2/cmake/rosidl_cmake_export_typesupport_libraries-extras.cmake
[21.683s] -- Installing: /home/lx/ros2/ros/xiao_ying/install/livox_ros_driver2/share/livox_ros_driver2/cmake/livox_ros_driver2Config.cmake
[21.684s] -- Installing: /home/lx/ros2/ros/xiao_ying/install/livox_ros_driver2/share/livox_ros_driver2/cmake/livox_ros_driver2Config-version.cmake
[21.684s] -- Installing: /home/lx/ros2/ros/xiao_ying/install/livox_ros_driver2/share/livox_ros_driver2/package.xml
[21.686s] Invoked command in '/home/lx/ros2/ros/xiao_ying/build/livox_ros_driver2' returned '0': CMAKE_PREFIX_PATH=/opt/ros/humble /usr/bin/cmake --install /home/lx/ros2/ros/xiao_ying/build/livox_ros_driver2
