[35m[1mConsolidate compiler generated dependencies of target joint_control[0m
[ 50%] [32mBuilding CXX object CMakeFiles/joint_control.dir/src/joint_control.cpp.o[0m
[100%] [32m[1mLinking CXX executable joint_control[0m
[100%] Built target joint_control
-- Install configuration: ""
-- Up-to-date: /home/lx/ros2/gezebo_ws/install/my_car/share/ament_index/resource_index/package_run_dependencies/my_car
-- Up-to-date: /home/lx/ros2/gezebo_ws/install/my_car/share/ament_index/resource_index/parent_prefix_path/my_car
-- Up-to-date: /home/lx/ros2/gezebo_ws/install/my_car/share/my_car/environment/ament_prefix_path.sh
-- Up-to-date: /home/lx/ros2/gezebo_ws/install/my_car/share/my_car/environment/ament_prefix_path.dsv
-- Up-to-date: /home/lx/ros2/gezebo_ws/install/my_car/share/my_car/environment/path.sh
-- Up-to-date: /home/lx/ros2/gezebo_ws/install/my_car/share/my_car/environment/path.dsv
-- Up-to-date: /home/lx/ros2/gezebo_ws/install/my_car/share/my_car/local_setup.bash
-- Up-to-date: /home/lx/ros2/gezebo_ws/install/my_car/share/my_car/local_setup.sh
-- Up-to-date: /home/lx/ros2/gezebo_ws/install/my_car/share/my_car/local_setup.zsh
-- Up-to-date: /home/lx/ros2/gezebo_ws/install/my_car/share/my_car/local_setup.dsv
-- Installing: /home/lx/ros2/gezebo_ws/install/my_car/share/my_car/package.dsv
-- Up-to-date: /home/lx/ros2/gezebo_ws/install/my_car/share/ament_index/resource_index/packages/my_car
-- Up-to-date: /home/lx/ros2/gezebo_ws/install/my_car/share/my_car/cmake/my_carConfig.cmake
-- Up-to-date: /home/lx/ros2/gezebo_ws/install/my_car/share/my_car/cmake/my_carConfig-version.cmake
-- Up-to-date: /home/lx/ros2/gezebo_ws/install/my_car/share/my_car/package.xml
-- Up-to-date: /home/lx/ros2/gezebo_ws/install/my_car/share/my_car/launch
-- Up-to-date: /home/lx/ros2/gezebo_ws/install/my_car/share/my_car/launch/start.launch.py
-- Up-to-date: /home/lx/ros2/gezebo_ws/install/my_car/share/my_car/urdf
-- Up-to-date: /home/lx/ros2/gezebo_ws/install/my_car/share/my_car/urdf/my_car.urdf
-- Up-to-date: /home/lx/ros2/gezebo_ws/install/my_car/share/my_car/rviz
-- Up-to-date: /home/lx/ros2/gezebo_ws/install/my_car/share/my_car/rviz/show.rviz
