[0.008s] Invoking command in '/home/lx/ros/service_ws/build/server': CMAKE_PREFIX_PATH=${CMAKE_PREFIX_PATH}:/opt/ros/humble /usr/bin/cmake /home/lx/ros/service_ws/src/server -DCMAKE_INSTALL_PREFIX=/home/lx/ros/service_ws/install/server
[0.042s] -- The C compiler identification is GNU 11.3.0
[0.081s] -- The CXX compiler identification is GNU 11.3.0
[0.085s] -- Detecting C compiler ABI info
[0.127s] -- Detecting C compiler ABI info - done
[0.133s] -- Check for working C compiler: /usr/bin/cc - skipped
[0.133s] -- Detecting C compile features
[0.133s] -- Detecting C compile features - done
[0.135s] -- Detecting CXX compiler ABI info
[0.184s] -- Detecting CXX compiler ABI info - done
[0.190s] -- Check for working CXX compiler: /usr/bin/c++ - skipped
[0.190s] -- Detecting CXX compile features
[0.191s] -- Detecting CXX compile features - done
[0.192s] -- Found ament_cmake: 1.3.5 (/opt/ros/humble/share/ament_cmake/cmake)
[0.308s] -- Found Python3: /usr/bin/python3.10 (found version "3.10.6") found components: Interpreter 
[0.370s] -- Found rclcpp: 16.0.4 (/opt/ros/humble/share/rclcpp/cmake)
[0.398s] -- Found rosidl_generator_c: 3.1.4 (/opt/ros/humble/share/rosidl_generator_c/cmake)
[0.401s] -- Found rosidl_adapter: 3.1.4 (/opt/ros/humble/share/rosidl_adapter/cmake)
[0.407s] -- Found rosidl_generator_cpp: 3.1.4 (/opt/ros/humble/share/rosidl_generator_cpp/cmake)
[0.417s] -- Using all available rosidl_typesupport_c: rosidl_typesupport_fastrtps_c;rosidl_typesupport_introspection_c
[0.432s] -- Using all available rosidl_typesupport_cpp: rosidl_typesupport_fastrtps_cpp;rosidl_typesupport_introspection_cpp
[0.485s] -- Found rmw_implementation_cmake: 6.1.1 (/opt/ros/humble/share/rmw_implementation_cmake/cmake)
[0.486s] -- Found rmw_fastrtps_cpp: 6.2.2 (/opt/ros/humble/share/rmw_fastrtps_cpp/cmake)
[0.546s] -- Found OpenSSL: /usr/lib/x86_64-linux-gnu/libcrypto.so (found version "3.0.2")  
[0.564s] -- Found FastRTPS: /opt/ros/humble/include  
[0.595s] -- Using RMW implementation 'rmw_fastrtps_cpp' as default
[0.602s] -- Looking for pthread.h
[0.646s] -- Looking for pthread.h - found
[0.646s] -- Performing Test CMAKE_HAVE_LIBC_PTHREAD
[0.690s] -- Performing Test CMAKE_HAVE_LIBC_PTHREAD - Success
[0.690s] -- Found Threads: TRUE  
[0.823s] -- Found ament_lint_auto: 0.12.6 (/opt/ros/humble/share/ament_lint_auto/cmake)
[0.877s] -- Added test 'lint_cmake' to check CMake code style
[0.878s] -- Added test 'xmllint' to check XML markup files
[0.878s] -- Configuring done
[0.881s] -- Generating done
[0.882s] -- Build files have been written to: /home/lx/ros/service_ws/build/server
[0.889s] Invoked command in '/home/lx/ros/service_ws/build/server' returned '0': CMAKE_PREFIX_PATH=${CMAKE_PREFIX_PATH}:/opt/ros/humble /usr/bin/cmake /home/lx/ros/service_ws/src/server -DCMAKE_INSTALL_PREFIX=/home/lx/ros/service_ws/install/server
[0.889s] Invoking command in '/home/lx/ros/service_ws/build/server': CMAKE_PREFIX_PATH=${CMAKE_PREFIX_PATH}:/opt/ros/humble /usr/bin/cmake --build /home/lx/ros/service_ws/build/server -- -j12 -l12
[0.911s] Invoked command in '/home/lx/ros/service_ws/build/server' returned '0': CMAKE_PREFIX_PATH=${CMAKE_PREFIX_PATH}:/opt/ros/humble /usr/bin/cmake --build /home/lx/ros/service_ws/build/server -- -j12 -l12
[0.923s] Invoking command in '/home/lx/ros/service_ws/build/server': CMAKE_PREFIX_PATH=${CMAKE_PREFIX_PATH}:/opt/ros/humble /usr/bin/cmake --install /home/lx/ros/service_ws/build/server
[0.928s] -- Install configuration: ""
[0.928s] -- Installing: /home/lx/ros/service_ws/install/server/share/ament_index/resource_index/package_run_dependencies/server
[0.928s] -- Installing: /home/lx/ros/service_ws/install/server/share/ament_index/resource_index/parent_prefix_path/server
[0.928s] -- Installing: /home/lx/ros/service_ws/install/server/share/server/environment/ament_prefix_path.sh
[0.928s] -- Installing: /home/lx/ros/service_ws/install/server/share/server/environment/ament_prefix_path.dsv
[0.928s] -- Installing: /home/lx/ros/service_ws/install/server/share/server/environment/path.sh
[0.928s] -- Installing: /home/lx/ros/service_ws/install/server/share/server/environment/path.dsv
[0.928s] -- Installing: /home/lx/ros/service_ws/install/server/share/server/local_setup.bash
[0.928s] -- Installing: /home/lx/ros/service_ws/install/server/share/server/local_setup.sh
[0.928s] -- Installing: /home/lx/ros/service_ws/install/server/share/server/local_setup.zsh
[0.928s] -- Installing: /home/lx/ros/service_ws/install/server/share/server/local_setup.dsv
[0.928s] -- Installing: /home/lx/ros/service_ws/install/server/share/server/package.dsv
[0.929s] -- Installing: /home/lx/ros/service_ws/install/server/share/ament_index/resource_index/packages/server
[0.929s] -- Installing: /home/lx/ros/service_ws/install/server/share/server/cmake/serverConfig.cmake
[0.929s] -- Installing: /home/lx/ros/service_ws/install/server/share/server/cmake/serverConfig-version.cmake
[0.929s] -- Installing: /home/lx/ros/service_ws/install/server/share/server/package.xml
[0.930s] Invoked command in '/home/lx/ros/service_ws/build/server' returned '0': CMAKE_PREFIX_PATH=${CMAKE_PREFIX_PATH}:/opt/ros/humble /usr/bin/cmake --install /home/lx/ros/service_ws/build/server
