[0.067s] Invoking command in '/home/lx/ros2/ros/mid-360_ws/build/pointcloud_to_laserscan': CMAKE_PREFIX_PATH=${CMAKE_PREFIX_PATH}:/opt/ros/humble /usr/bin/cmake /home/lx/ros2/ros/mid-360_ws/src/pointcloud_to_laserscan -DCMAKE_INSTALL_PREFIX=/home/lx/ros2/ros/mid-360_ws/install/pointcloud_to_laserscan
[0.075s] -- Found ament_cmake: 1.3.5 (/opt/ros/humble/share/ament_cmake/cmake)
[0.208s] -- Found laser_geometry: 2.4.0 (/opt/ros/humble/share/laser_geometry/cmake)
[0.242s] -- Found rosidl_generator_c: 3.1.5 (/opt/ros/humble/share/rosidl_generator_c/cmake)
[0.246s] -- Found rosidl_adapter: 3.1.5 (/opt/ros/humble/share/rosidl_adapter/cmake)
[0.252s] -- Found rosidl_generator_cpp: 3.1.5 (/opt/ros/humble/share/rosidl_generator_cpp/cmake)
[0.265s] -- Using all available rosidl_typesupport_c: rosidl_typesupport_fastrtps_c;rosidl_typesupport_introspection_c
[0.280s] -- Using all available rosidl_typesupport_cpp: rosidl_typesupport_fastrtps_cpp;rosidl_typesupport_introspection_cpp
[0.340s] -- Found rmw_implementation_cmake: 6.1.1 (/opt/ros/humble/share/rmw_implementation_cmake/cmake)
[0.341s] -- Found rmw_fastrtps_cpp: 6.2.4 (/opt/ros/humble/share/rmw_fastrtps_cpp/cmake)
[0.464s] -- Using RMW implementation 'rmw_fastrtps_cpp' as default
[0.782s] -- Found message_filters: 4.3.3 (/opt/ros/humble/share/message_filters/cmake)
[0.788s] -- Found rclcpp_components: 16.0.6 (/opt/ros/humble/share/rclcpp_components/cmake)
[0.849s] -- Found tf2_ros: 0.25.4 (/opt/ros/humble/share/tf2_ros/cmake)
[1.163s] -- Found tf2_sensor_msgs: 0.25.4 (/opt/ros/humble/share/tf2_sensor_msgs/cmake)
[1.198s] -- Found ament_lint_auto: 0.12.8 (/opt/ros/humble/share/ament_lint_auto/cmake)
[1.276s] -- Added test 'cppcheck' to perform static code analysis on C / C++ code
[1.276s] -- Configured cppcheck include dirs: $<BUILD_INTERFACE:/home/lx/ros2/ros/mid-360_ws/src/pointcloud_to_laserscan/include>
[1.276s] -- Configured cppcheck exclude dirs and/or files: 
[1.279s] -- Added test 'cpplint' to check C / C++ code against the Google style
[1.279s] -- Configured cpplint exclude dirs and/or files: 
[1.279s] -- Added test 'flake8' to check Python code syntax and style conventions
[1.281s] -- Added test 'lint_cmake' to check CMake code style
[1.281s] -- Added test 'pep257' to check Python code against some of the docstring style conventions in PEP 257
[1.285s] -- Added test 'uncrustify' to check C / C++ code style
[1.285s] -- Configured uncrustify additional arguments: 
[1.285s] -- Added test 'xmllint' to check XML markup files
[1.287s] -- Configuring done
[1.295s] [31mCMake Error at CMakeLists.txt:15 (add_library):
[1.295s]   Target "laserscan_to_pointcloud" links to target
[1.295s]   "tf2_sensor_msgs::tf2_sensor_msgs" but the target was not found.  Perhaps a
[1.295s]   find_package() call is missing for an IMPORTED target, or an ALIAS target
[1.295s]   is missing?
[1.295s] 
[1.295s] [0m
[1.295s] [31mCMake Error at CMakeLists.txt:36 (add_library):
[1.295s]   Target "pointcloud_to_laserscan" links to target
[1.295s]   "tf2_sensor_msgs::tf2_sensor_msgs" but the target was not found.  Perhaps a
[1.296s]   find_package() call is missing for an IMPORTED target, or an ALIAS target
[1.296s]   is missing?
[1.296s] 
[1.296s] [0m
[1.317s] -- Generating done
[1.320s] [0mCMake Generate step failed.  Build files cannot be regenerated correctly.[0m
[1.329s] Invoked command in '/home/lx/ros2/ros/mid-360_ws/build/pointcloud_to_laserscan' returned '1': CMAKE_PREFIX_PATH=${CMAKE_PREFIX_PATH}:/opt/ros/humble /usr/bin/cmake /home/lx/ros2/ros/mid-360_ws/src/pointcloud_to_laserscan -DCMAKE_INSTALL_PREFIX=/home/lx/ros2/ros/mid-360_ws/install/pointcloud_to_laserscan
