[0.089s] Invoking command in '/home/lx/ros2/ros/mid-70_ws/build/fast_lio': AMENT_PREFIX_PATH=/home/lx/ros2/ros/mid-70_ws/install/livox_interfaces:${AMENT_PREFIX_PATH} CMAKE_PREFIX_PATH=/home/lx/ros2/ros/mid-70_ws/install/livox_interfaces:/opt/ros/humble LD_LIBRARY_PATH=/home/lx/ros2/ros/mid-70_ws/install/livox_interfaces/lib:${LD_LIBRARY_PATH} PYTHONPATH=/home/lx/ros2/ros/mid-70_ws/install/livox_interfaces/local/lib/python3.10/dist-packages:${PYTHONPATH} /usr/bin/cmake --build /home/lx/ros2/ros/mid-70_ws/build/fast_lio -- -j12 -l12
[0.136s] [  2%] Built target fast_lio__cpp
[0.142s] [ 11%] Built target fast_lio__rosidl_generator_c
[0.146s] [ 11%] Built target ament_cmake_python_symlink_fast_lio
[0.157s] [ 20%] Built target fast_lio__rosidl_typesupport_fastrtps_cpp
[0.158s] [ 28%] Built target fast_lio__rosidl_typesupport_cpp
[0.158s] [ 37%] Built target fast_lio__rosidl_typesupport_introspection_cpp
[0.163s] [ 45%] Built target fast_lio__rosidl_typesupport_c
[0.164s] [ 54%] Built target fast_lio__rosidl_typesupport_introspection_c
[0.164s] [ 62%] Built target fast_lio__rosidl_typesupport_fastrtps_c
[0.185s] [ 62%] Built target fast_lio
[0.194s] [ 74%] Built target fastlio_mapping
[0.200s] [ 77%] Built target fast_lio__py
[0.216s] [ 82%] Built target fast_lio__rosidl_generator_py
[0.233s] [100%] Built target fast_lio__rosidl_typesupport_introspection_c__pyext
[0.234s] [100%] Built target fast_lio__rosidl_typesupport_fastrtps_c__pyext
[0.234s] [100%] Built target fast_lio__rosidl_typesupport_c__pyext
[0.460s] running egg_info
[0.460s] writing fast_lio.egg-info/PKG-INFO
[0.460s] writing dependency_links to fast_lio.egg-info/dependency_links.txt
[0.461s] writing top-level names to fast_lio.egg-info/top_level.txt
[0.462s] reading manifest file 'fast_lio.egg-info/SOURCES.txt'
[0.463s] writing manifest file 'fast_lio.egg-info/SOURCES.txt'
[0.494s] [100%] Built target ament_cmake_python_build_fast_lio_egg
[0.503s] Invoked command in '/home/lx/ros2/ros/mid-70_ws/build/fast_lio' returned '0': AMENT_PREFIX_PATH=/home/lx/ros2/ros/mid-70_ws/install/livox_interfaces:${AMENT_PREFIX_PATH} CMAKE_PREFIX_PATH=/home/lx/ros2/ros/mid-70_ws/install/livox_interfaces:/opt/ros/humble LD_LIBRARY_PATH=/home/lx/ros2/ros/mid-70_ws/install/livox_interfaces/lib:${LD_LIBRARY_PATH} PYTHONPATH=/home/lx/ros2/ros/mid-70_ws/install/livox_interfaces/local/lib/python3.10/dist-packages:${PYTHONPATH} /usr/bin/cmake --build /home/lx/ros2/ros/mid-70_ws/build/fast_lio -- -j12 -l12
[0.546s] Invoking command in '/home/lx/ros2/ros/mid-70_ws/build/fast_lio': AMENT_PREFIX_PATH=/home/lx/ros2/ros/mid-70_ws/install/livox_interfaces:${AMENT_PREFIX_PATH} CMAKE_PREFIX_PATH=/home/lx/ros2/ros/mid-70_ws/install/livox_interfaces:/opt/ros/humble LD_LIBRARY_PATH=/home/lx/ros2/ros/mid-70_ws/install/livox_interfaces/lib:${LD_LIBRARY_PATH} PYTHONPATH=/home/lx/ros2/ros/mid-70_ws/install/livox_interfaces/local/lib/python3.10/dist-packages:${PYTHONPATH} /usr/bin/cmake --install /home/lx/ros2/ros/mid-70_ws/build/fast_lio
[0.552s] -- Install configuration: "Release"
[0.553s] -- Execute custom install script
[0.553s] -- Up-to-date symlink: /home/lx/ros2/ros/mid-70_ws/install/fast_lio/share/ament_index/resource_index/rosidl_interfaces/fast_lio
[0.553s] -- Up-to-date symlink: /home/lx/ros2/ros/mid-70_ws/install/fast_lio/include/fast_lio/fast_lio/msg/detail/pose6_d__functions.h
[0.553s] -- Up-to-date symlink: /home/lx/ros2/ros/mid-70_ws/install/fast_lio/include/fast_lio/fast_lio/msg/detail/pose6_d__struct.h
[0.553s] -- Up-to-date symlink: /home/lx/ros2/ros/mid-70_ws/install/fast_lio/include/fast_lio/fast_lio/msg/detail/pose6_d__type_support.h
[0.554s] -- Up-to-date symlink: /home/lx/ros2/ros/mid-70_ws/install/fast_lio/include/fast_lio/fast_lio/msg/pose6_d.h
[0.554s] -- Up-to-date symlink: /home/lx/ros2/ros/mid-70_ws/install/fast_lio/include/fast_lio/fast_lio/msg/rosidl_generator_c__visibility_control.h
[0.554s] -- Up-to-date symlink: /home/lx/ros2/ros/mid-70_ws/install/fast_lio/share/fast_lio/environment/library_path.sh
[0.554s] -- Up-to-date symlink: /home/lx/ros2/ros/mid-70_ws/install/fast_lio/share/fast_lio/environment/library_path.dsv
[0.554s] -- Up-to-date symlink: /home/lx/ros2/ros/mid-70_ws/install/fast_lio/include/fast_lio/fast_lio/msg/detail/pose6_d__rosidl_typesupport_fastrtps_c.h
[0.554s] -- Up-to-date symlink: /home/lx/ros2/ros/mid-70_ws/install/fast_lio/include/fast_lio/fast_lio/msg/rosidl_typesupport_fastrtps_c__visibility_control.h
[0.554s] -- Up-to-date symlink: /home/lx/ros2/ros/mid-70_ws/install/fast_lio/include/fast_lio/fast_lio/msg/detail/pose6_d__builder.hpp
[0.554s] -- Up-to-date symlink: /home/lx/ros2/ros/mid-70_ws/install/fast_lio/include/fast_lio/fast_lio/msg/detail/pose6_d__struct.hpp
[0.555s] -- Up-to-date symlink: /home/lx/ros2/ros/mid-70_ws/install/fast_lio/include/fast_lio/fast_lio/msg/detail/pose6_d__traits.hpp
[0.555s] -- Up-to-date symlink: /home/lx/ros2/ros/mid-70_ws/install/fast_lio/include/fast_lio/fast_lio/msg/pose6_d.hpp
[0.555s] -- Up-to-date symlink: /home/lx/ros2/ros/mid-70_ws/install/fast_lio/include/fast_lio/fast_lio/msg/detail/pose6_d__rosidl_typesupport_fastrtps_cpp.hpp
[0.555s] -- Up-to-date symlink: /home/lx/ros2/ros/mid-70_ws/install/fast_lio/include/fast_lio/fast_lio/msg/rosidl_typesupport_fastrtps_cpp__visibility_control.h
[0.555s] -- Up-to-date symlink: /home/lx/ros2/ros/mid-70_ws/install/fast_lio/include/fast_lio/fast_lio/msg/detail/pose6_d__rosidl_typesupport_introspection_c.h
[0.555s] -- Up-to-date symlink: /home/lx/ros2/ros/mid-70_ws/install/fast_lio/include/fast_lio/fast_lio/msg/rosidl_typesupport_introspection_c__visibility_control.h
[0.556s] -- Up-to-date symlink: /home/lx/ros2/ros/mid-70_ws/install/fast_lio/include/fast_lio/fast_lio/msg/detail/pose6_d__rosidl_typesupport_introspection_cpp.hpp
[0.556s] -- Up-to-date symlink: /home/lx/ros2/ros/mid-70_ws/install/fast_lio/share/fast_lio/environment/pythonpath.sh
[0.556s] -- Up-to-date symlink: /home/lx/ros2/ros/mid-70_ws/install/fast_lio/share/fast_lio/environment/pythonpath.dsv
[0.556s] -- Up-to-date symlink: /home/lx/ros2/ros/mid-70_ws/install/fast_lio/local/lib/python3.10/dist-packages/fast_lio-0.0.0-py3.10.egg-info/PKG-INFO
[0.556s] -- Up-to-date symlink: /home/lx/ros2/ros/mid-70_ws/install/fast_lio/local/lib/python3.10/dist-packages/fast_lio-0.0.0-py3.10.egg-info/SOURCES.txt
[0.556s] -- Up-to-date symlink: /home/lx/ros2/ros/mid-70_ws/install/fast_lio/local/lib/python3.10/dist-packages/fast_lio-0.0.0-py3.10.egg-info/dependency_links.txt
[0.556s] -- Up-to-date symlink: /home/lx/ros2/ros/mid-70_ws/install/fast_lio/local/lib/python3.10/dist-packages/fast_lio-0.0.0-py3.10.egg-info/top_level.txt
[0.557s] -- Up-to-date symlink: /home/lx/ros2/ros/mid-70_ws/install/fast_lio/local/lib/python3.10/dist-packages/fast_lio/__init__.py
[0.557s] -- Up-to-date symlink: /home/lx/ros2/ros/mid-70_ws/install/fast_lio/local/lib/python3.10/dist-packages/fast_lio/_fast_lio_s.ep.rosidl_typesupport_c.c
[0.557s] -- Up-to-date symlink: /home/lx/ros2/ros/mid-70_ws/install/fast_lio/local/lib/python3.10/dist-packages/fast_lio/_fast_lio_s.ep.rosidl_typesupport_fastrtps_c.c
[0.557s] -- Up-to-date symlink: /home/lx/ros2/ros/mid-70_ws/install/fast_lio/local/lib/python3.10/dist-packages/fast_lio/_fast_lio_s.ep.rosidl_typesupport_introspection_c.c
[0.557s] -- Up-to-date symlink: /home/lx/ros2/ros/mid-70_ws/install/fast_lio/local/lib/python3.10/dist-packages/fast_lio/fast_lio_s__rosidl_typesupport_c.cpython-310-x86_64-linux-gnu.so
[0.557s] -- Up-to-date symlink: /home/lx/ros2/ros/mid-70_ws/install/fast_lio/local/lib/python3.10/dist-packages/fast_lio/fast_lio_s__rosidl_typesupport_fastrtps_c.cpython-310-x86_64-linux-gnu.so
[0.557s] -- Up-to-date symlink: /home/lx/ros2/ros/mid-70_ws/install/fast_lio/local/lib/python3.10/dist-packages/fast_lio/fast_lio_s__rosidl_typesupport_introspection_c.cpython-310-x86_64-linux-gnu.so
[0.557s] -- Up-to-date symlink: /home/lx/ros2/ros/mid-70_ws/install/fast_lio/local/lib/python3.10/dist-packages/fast_lio/libfast_lio__rosidl_generator_py.so
[0.558s] -- Up-to-date symlink: /home/lx/ros2/ros/mid-70_ws/install/fast_lio/local/lib/python3.10/dist-packages/fast_lio/msg/__init__.py
[0.558s] -- Up-to-date symlink: /home/lx/ros2/ros/mid-70_ws/install/fast_lio/local/lib/python3.10/dist-packages/fast_lio/msg/_pose6_d.py
[0.558s] -- Up-to-date symlink: /home/lx/ros2/ros/mid-70_ws/install/fast_lio/local/lib/python3.10/dist-packages/fast_lio/msg/_pose6_d_s.c
[0.558s] -- Up-to-date symlink: /home/lx/ros2/ros/mid-70_ws/install/fast_lio/local/lib/python3.10/dist-packages/fast_lio/fast_lio_s__rosidl_typesupport_fastrtps_c.cpython-310-x86_64-linux-gnu.so
[0.558s] -- Up-to-date symlink: /home/lx/ros2/ros/mid-70_ws/install/fast_lio/local/lib/python3.10/dist-packages/fast_lio/fast_lio_s__rosidl_typesupport_introspection_c.cpython-310-x86_64-linux-gnu.so
[0.559s] -- Up-to-date symlink: /home/lx/ros2/ros/mid-70_ws/install/fast_lio/local/lib/python3.10/dist-packages/fast_lio/fast_lio_s__rosidl_typesupport_c.cpython-310-x86_64-linux-gnu.so
[0.559s] -- Up-to-date symlink: /home/lx/ros2/ros/mid-70_ws/install/fast_lio/share/fast_lio/msg/Pose6D.idl
[0.559s] -- Up-to-date symlink: /home/lx/ros2/ros/mid-70_ws/install/fast_lio/share/fast_lio/msg/Pose6D.msg
[0.559s] -- Up-to-date symlink: /home/lx/ros2/ros/mid-70_ws/install/fast_lio/lib/fast_lio/fastlio_mapping
[0.559s] -- Up-to-date symlink: /home/lx/ros2/ros/mid-70_ws/install/fast_lio/share/fast_lio/config/avia.yaml
[0.559s] -- Up-to-date symlink: /home/lx/ros2/ros/mid-70_ws/install/fast_lio/share/fast_lio/config/horizon.yaml
[0.559s] -- Up-to-date symlink: /home/lx/ros2/ros/mid-70_ws/install/fast_lio/share/fast_lio/config/mid360.yaml
[0.560s] -- Up-to-date symlink: /home/lx/ros2/ros/mid-70_ws/install/fast_lio/share/fast_lio/config/ouster64.yaml
[0.560s] -- Up-to-date symlink: /home/lx/ros2/ros/mid-70_ws/install/fast_lio/share/fast_lio/config/velodyne.yaml
[0.560s] -- Up-to-date symlink: /home/lx/ros2/ros/mid-70_ws/install/fast_lio/share/fast_lio/launch/gdb_debug_example.launch
[0.560s] -- Up-to-date symlink: /home/lx/ros2/ros/mid-70_ws/install/fast_lio/share/fast_lio/launch/mapping.launch.py
[0.560s] -- Up-to-date symlink: /home/lx/ros2/ros/mid-70_ws/install/fast_lio/share/fast_lio/launch/mapping_avia.launch
[0.560s] -- Up-to-date symlink: /home/lx/ros2/ros/mid-70_ws/install/fast_lio/share/fast_lio/launch/mapping_horizon.launch
[0.560s] -- Up-to-date symlink: /home/lx/ros2/ros/mid-70_ws/install/fast_lio/share/fast_lio/launch/mapping_ouster64.launch
[0.560s] -- Up-to-date symlink: /home/lx/ros2/ros/mid-70_ws/install/fast_lio/share/fast_lio/launch/mapping_velodyne.launch
[0.560s] -- Up-to-date symlink: /home/lx/ros2/ros/mid-70_ws/install/fast_lio/share/fast_lio/rviz/fastlio.rviz
[0.561s] -- Up-to-date symlink: /home/lx/ros2/ros/mid-70_ws/install/fast_lio/share/ament_index/resource_index/package_run_dependencies/fast_lio
[0.561s] -- Up-to-date symlink: /home/lx/ros2/ros/mid-70_ws/install/fast_lio/share/ament_index/resource_index/parent_prefix_path/fast_lio
[0.561s] -- Up-to-date symlink: /home/lx/ros2/ros/mid-70_ws/install/fast_lio/share/fast_lio/environment/ament_prefix_path.sh
[0.561s] -- Up-to-date symlink: /home/lx/ros2/ros/mid-70_ws/install/fast_lio/share/fast_lio/environment/ament_prefix_path.dsv
[0.561s] -- Up-to-date symlink: /home/lx/ros2/ros/mid-70_ws/install/fast_lio/share/fast_lio/environment/path.sh
[0.561s] -- Up-to-date symlink: /home/lx/ros2/ros/mid-70_ws/install/fast_lio/share/fast_lio/environment/path.dsv
[0.562s] -- Up-to-date symlink: /home/lx/ros2/ros/mid-70_ws/install/fast_lio/share/fast_lio/local_setup.bash
[0.562s] -- Up-to-date symlink: /home/lx/ros2/ros/mid-70_ws/install/fast_lio/share/fast_lio/local_setup.sh
[0.562s] -- Up-to-date symlink: /home/lx/ros2/ros/mid-70_ws/install/fast_lio/share/fast_lio/local_setup.zsh
[0.562s] -- Up-to-date symlink: /home/lx/ros2/ros/mid-70_ws/install/fast_lio/share/fast_lio/local_setup.dsv
[0.562s] -- Symlinking: /home/lx/ros2/ros/mid-70_ws/install/fast_lio/share/fast_lio/package.dsv
[0.573s] -- Up-to-date symlink: /home/lx/ros2/ros/mid-70_ws/install/fast_lio/share/ament_index/resource_index/packages/fast_lio
[0.573s] -- Up-to-date symlink: /home/lx/ros2/ros/mid-70_ws/install/fast_lio/share/fast_lio/cmake/rosidl_cmake-extras.cmake
[0.573s] -- Up-to-date symlink: /home/lx/ros2/ros/mid-70_ws/install/fast_lio/share/fast_lio/cmake/ament_cmake_export_include_directories-extras.cmake
[0.573s] -- Up-to-date symlink: /home/lx/ros2/ros/mid-70_ws/install/fast_lio/share/fast_lio/cmake/ament_cmake_export_libraries-extras.cmake
[0.573s] -- Up-to-date symlink: /home/lx/ros2/ros/mid-70_ws/install/fast_lio/share/fast_lio/cmake/ament_cmake_export_targets-extras.cmake
[0.574s] -- Up-to-date symlink: /home/lx/ros2/ros/mid-70_ws/install/fast_lio/share/fast_lio/cmake/rosidl_cmake_export_typesupport_targets-extras.cmake
[0.574s] -- Up-to-date symlink: /home/lx/ros2/ros/mid-70_ws/install/fast_lio/share/fast_lio/cmake/ament_cmake_export_dependencies-extras.cmake
[0.574s] -- Up-to-date symlink: /home/lx/ros2/ros/mid-70_ws/install/fast_lio/share/fast_lio/cmake/rosidl_cmake_export_typesupport_libraries-extras.cmake
[0.574s] -- Up-to-date symlink: /home/lx/ros2/ros/mid-70_ws/install/fast_lio/share/fast_lio/cmake/fast_lioConfig.cmake
[0.574s] -- Up-to-date symlink: /home/lx/ros2/ros/mid-70_ws/install/fast_lio/share/fast_lio/cmake/fast_lioConfig-version.cmake
[0.574s] -- Up-to-date symlink: /home/lx/ros2/ros/mid-70_ws/install/fast_lio/share/fast_lio/package.xml
[0.575s] -- Up-to-date: /home/lx/ros2/ros/mid-70_ws/install/fast_lio/lib/libfast_lio__rosidl_generator_c.so
[0.575s] -- Up-to-date: /home/lx/ros2/ros/mid-70_ws/install/fast_lio/lib/libfast_lio__rosidl_typesupport_fastrtps_c.so
[0.576s] -- Up-to-date: /home/lx/ros2/ros/mid-70_ws/install/fast_lio/lib/libfast_lio__rosidl_typesupport_fastrtps_cpp.so
[0.576s] -- Up-to-date: /home/lx/ros2/ros/mid-70_ws/install/fast_lio/lib/libfast_lio__rosidl_typesupport_introspection_c.so
[0.576s] -- Up-to-date: /home/lx/ros2/ros/mid-70_ws/install/fast_lio/lib/libfast_lio__rosidl_typesupport_c.so
[0.577s] -- Up-to-date: /home/lx/ros2/ros/mid-70_ws/install/fast_lio/lib/libfast_lio__rosidl_typesupport_introspection_cpp.so
[0.577s] -- Up-to-date: /home/lx/ros2/ros/mid-70_ws/install/fast_lio/lib/libfast_lio__rosidl_typesupport_cpp.so
[0.607s] Listing '/home/lx/ros2/ros/mid-70_ws/install/fast_lio/local/lib/python3.10/dist-packages/fast_lio'...
[0.608s] Listing '/home/lx/ros2/ros/mid-70_ws/install/fast_lio/local/lib/python3.10/dist-packages/fast_lio/msg'...
[0.614s] -- Up-to-date: /home/lx/ros2/ros/mid-70_ws/install/fast_lio/lib/libfast_lio__rosidl_generator_py.so
[0.614s] -- Up-to-date: /home/lx/ros2/ros/mid-70_ws/install/fast_lio/share/fast_lio/cmake/export_fast_lio__rosidl_generator_cExport.cmake
[0.614s] -- Up-to-date: /home/lx/ros2/ros/mid-70_ws/install/fast_lio/share/fast_lio/cmake/export_fast_lio__rosidl_generator_cExport-release.cmake
[0.614s] -- Up-to-date: /home/lx/ros2/ros/mid-70_ws/install/fast_lio/share/fast_lio/cmake/export_fast_lio__rosidl_typesupport_fastrtps_cExport.cmake
[0.614s] -- Up-to-date: /home/lx/ros2/ros/mid-70_ws/install/fast_lio/share/fast_lio/cmake/export_fast_lio__rosidl_typesupport_fastrtps_cExport-release.cmake
[0.614s] -- Up-to-date: /home/lx/ros2/ros/mid-70_ws/install/fast_lio/share/fast_lio/cmake/export_fast_lio__rosidl_generator_cppExport.cmake
[0.614s] -- Up-to-date: /home/lx/ros2/ros/mid-70_ws/install/fast_lio/share/fast_lio/cmake/export_fast_lio__rosidl_typesupport_fastrtps_cppExport.cmake
[0.614s] -- Up-to-date: /home/lx/ros2/ros/mid-70_ws/install/fast_lio/share/fast_lio/cmake/export_fast_lio__rosidl_typesupport_fastrtps_cppExport-release.cmake
[0.614s] -- Up-to-date: /home/lx/ros2/ros/mid-70_ws/install/fast_lio/share/fast_lio/cmake/fast_lio__rosidl_typesupport_introspection_cExport.cmake
[0.615s] -- Up-to-date: /home/lx/ros2/ros/mid-70_ws/install/fast_lio/share/fast_lio/cmake/fast_lio__rosidl_typesupport_introspection_cExport-release.cmake
[0.615s] -- Up-to-date: /home/lx/ros2/ros/mid-70_ws/install/fast_lio/share/fast_lio/cmake/fast_lio__rosidl_typesupport_cExport.cmake
[0.615s] -- Up-to-date: /home/lx/ros2/ros/mid-70_ws/install/fast_lio/share/fast_lio/cmake/fast_lio__rosidl_typesupport_cExport-release.cmake
[0.615s] -- Up-to-date: /home/lx/ros2/ros/mid-70_ws/install/fast_lio/share/fast_lio/cmake/fast_lio__rosidl_typesupport_introspection_cppExport.cmake
[0.615s] -- Up-to-date: /home/lx/ros2/ros/mid-70_ws/install/fast_lio/share/fast_lio/cmake/fast_lio__rosidl_typesupport_introspection_cppExport-release.cmake
[0.615s] -- Up-to-date: /home/lx/ros2/ros/mid-70_ws/install/fast_lio/share/fast_lio/cmake/fast_lio__rosidl_typesupport_cppExport.cmake
[0.615s] -- Up-to-date: /home/lx/ros2/ros/mid-70_ws/install/fast_lio/share/fast_lio/cmake/fast_lio__rosidl_typesupport_cppExport-release.cmake
[0.615s] -- Up-to-date: /home/lx/ros2/ros/mid-70_ws/install/fast_lio/share/fast_lio/cmake/export_fast_lio__rosidl_generator_pyExport.cmake
[0.615s] -- Up-to-date: /home/lx/ros2/ros/mid-70_ws/install/fast_lio/share/fast_lio/cmake/export_fast_lio__rosidl_generator_pyExport-release.cmake
[0.617s] Invoked command in '/home/lx/ros2/ros/mid-70_ws/build/fast_lio' returned '0': AMENT_PREFIX_PATH=/home/lx/ros2/ros/mid-70_ws/install/livox_interfaces:${AMENT_PREFIX_PATH} CMAKE_PREFIX_PATH=/home/lx/ros2/ros/mid-70_ws/install/livox_interfaces:/opt/ros/humble LD_LIBRARY_PATH=/home/lx/ros2/ros/mid-70_ws/install/livox_interfaces/lib:${LD_LIBRARY_PATH} PYTHONPATH=/home/lx/ros2/ros/mid-70_ws/install/livox_interfaces/local/lib/python3.10/dist-packages:${PYTHONPATH} /usr/bin/cmake --install /home/lx/ros2/ros/mid-70_ws/build/fast_lio
