[0.011s] Invoking command in '/home/lx/ros2/gezebo_ws/build/my_car': CMAKE_PREFIX_PATH=${CMAKE_PREFIX_PATH}:/home/lx/ros2/gezebo_ws/install/lesson_urdf:/opt/ros/humble /usr/bin/cmake --build /home/lx/ros2/gezebo_ws/build/my_car -- -j12 -l12
[0.042s] [35m[1mConsolidate compiler generated dependencies of target joint_control[0m
[0.061s] [ 50%] [32mBuilding CXX object CMakeFiles/joint_control.dir/src/joint_control.cpp.o[0m
[1.885s] [01m[K/home/lx/ros2/gezebo_ws/src/my_car/src/joint_control.cpp:26:5:[m[K [01;35m[Kwarning: [m[Ksecond argument of ‘[01m[Kint main(int, char***)[m[K’ should be ‘[01m[Kchar **[m[K’ [[01;35m[K]8;;https://gcc.gnu.org/onlinedocs/gcc/Warning-Options.html#index-Wmain-Wmain]8;;[m[K]
[1.885s]    26 | int [01;35m[Kmain[m[K(int argc, char **argv[])
[1.885s]       |     [01;35m[K^~~~[m[K
[1.885s] [01m[K/home/lx/ros2/gezebo_ws/src/my_car/src/joint_control.cpp:[m[K In function ‘[01m[Kint main(int, char***)[m[K’:
[1.885s] [01m[K/home/lx/ros2/gezebo_ws/src/my_car/src/joint_control.cpp:28:24:[m[K [01;31m[Kerror: [m[Kcannot convert ‘[01m[Kchar***[m[K’ to ‘[01m[Kconst char* const*[m[K’
[1.885s]    28 |     rclcpp::init(argc, [01;31m[Kargv[m[K);
[1.885s]       |                        [01;31m[K^~~~[m[K
[1.886s]       |                        [01;31m[K|[m[K
[1.886s]       |                        [01;31m[Kchar***[m[K
[1.886s] In file included from [01m[K/opt/ros/humble/include/rclcpp/rclcpp/logging.hpp:25[m[K,
[1.886s]                  from [01m[K/opt/ros/humble/include/rclcpp/rclcpp/client.hpp:40[m[K,
[1.886s]                  from [01m[K/opt/ros/humble/include/rclcpp/rclcpp/callback_group.hpp:24[m[K,
[1.886s]                  from [01m[K/opt/ros/humble/include/rclcpp/rclcpp/any_executable.hpp:20[m[K,
[1.886s]                  from [01m[K/opt/ros/humble/include/rclcpp/rclcpp/memory_strategy.hpp:25[m[K,
[1.886s]                  from [01m[K/opt/ros/humble/include/rclcpp/rclcpp/memory_strategies.hpp:18[m[K,
[1.886s]                  from [01m[K/opt/ros/humble/include/rclcpp/rclcpp/executor_options.hpp:20[m[K,
[1.886s]                  from [01m[K/opt/ros/humble/include/rclcpp/rclcpp/executor.hpp:37[m[K,
[1.886s]                  from [01m[K/opt/ros/humble/include/rclcpp/rclcpp/executors/multi_threaded_executor.hpp:25[m[K,
[1.886s]                  from [01m[K/opt/ros/humble/include/rclcpp/rclcpp/executors.hpp:21[m[K,
[1.886s]                  from [01m[K/opt/ros/humble/include/rclcpp/rclcpp/rclcpp.hpp:155[m[K,
[1.886s]                  from [01m[K/home/lx/ros2/gezebo_ws/src/my_car/src/joint_control.cpp:1[m[K:
[1.886s] [01m[K/opt/ros/humble/include/rclcpp/rclcpp/utilities.hpp:77:24:[m[K [01;36m[Knote: [m[K  initializing argument 2 of ‘[01m[Kvoid rclcpp::init(int, const char* const*, const rclcpp::InitOptions&, rclcpp::SignalHandlerOptions)[m[K’
[1.886s]    77 |   [01;36m[Kchar const * const * argv[m[K,
[1.886s]       |   [01;36m[K~~~~~~~~~~~~~~~~~~~~~^~~~[m[K
[2.509s] gmake[2]: *** [CMakeFiles/joint_control.dir/build.make:76：CMakeFiles/joint_control.dir/src/joint_control.cpp.o] 错误 1
[2.509s] gmake[1]: *** [CMakeFiles/Makefile2:137：CMakeFiles/joint_control.dir/all] 错误 2
[2.509s] gmake: *** [Makefile:146：all] 错误 2
[2.511s] Invoked command in '/home/lx/ros2/gezebo_ws/build/my_car' returned '2': CMAKE_PREFIX_PATH=${CMAKE_PREFIX_PATH}:/home/lx/ros2/gezebo_ws/install/lesson_urdf:/opt/ros/humble /usr/bin/cmake --build /home/lx/ros2/gezebo_ws/build/my_car -- -j12 -l12
