[0.395s] Invoking command in '/home/lx/ros2/ros/nav2_ws/build/nav2_navfn_planner': AMENT_PREFIX_PATH=/home/lx/ros2/ros/nav2_ws/install/nav2_core:/home/lx/ros2/ros/nav2_ws/install/nav2_costmap_2d:/home/lx/ros2/ros/nav2_ws/install/nav2_util:/home/lx/ros2/ros/nav2_ws/install/nav2_voxel_grid:/home/lx/ros2/ros/nav2_ws/install/nav2_msgs:/home/lx/ros2/ros/nav2_ws/install/nav2_common:${AMENT_PREFIX_PATH} CMAKE_PREFIX_PATH=/home/lx/ros2/ros/nav2_ws/install/nav2_core:/home/lx/ros2/ros/nav2_ws/install/nav2_costmap_2d:/home/lx/ros2/ros/nav2_ws/install/nav2_util:/home/lx/ros2/ros/nav2_ws/install/nav2_voxel_grid:/home/lx/ros2/ros/nav2_ws/install/nav2_msgs:/home/lx/ros2/ros/nav2_ws/install/nav2_common:/opt/ros/humble LD_LIBRARY_PATH=/home/lx/ros2/ros/nav2_ws/install/nav2_costmap_2d/lib:/home/lx/ros2/ros/nav2_ws/install/nav2_util/lib:/home/lx/ros2/ros/nav2_ws/install/nav2_voxel_grid/lib:/home/lx/ros2/ros/nav2_ws/install/nav2_msgs/lib:${LD_LIBRARY_PATH} PYTHONPATH=/home/lx/ros2/ros/nav2_ws/install/nav2_msgs/local/lib/python3.10/dist-packages:/home/lx/ros2/ros/nav2_ws/install/nav2_common/local/lib/python3.10/dist-packages:${PYTHONPATH} /usr/bin/cmake /home/lx/ros2/ros/nav2_ws/src/navigation2/nav2_navfn_planner -DCMAKE_INSTALL_PREFIX=/home/lx/ros2/ros/nav2_ws/install/nav2_navfn_planner
[2.472s] -- The C compiler identification is GNU 11.4.0
[2.473s] -- The CXX compiler identification is GNU 11.4.0
[2.473s] -- Detecting C compiler ABI info
[2.474s] -- Detecting C compiler ABI info - done
[2.476s] -- Check for working C compiler: /usr/bin/cc - skipped
[2.476s] -- Detecting C compile features
[2.476s] -- Detecting C compile features - done
[2.476s] -- Detecting CXX compiler ABI info
[2.476s] -- Detecting CXX compiler ABI info - done
[2.476s] -- Check for working CXX compiler: /usr/bin/c++ - skipped
[2.476s] -- Detecting CXX compile features
[2.476s] -- Detecting CXX compile features - done
[2.476s] -- Found ament_cmake: 1.3.5 (/opt/ros/humble/share/ament_cmake/cmake)
[2.477s] -- Found Python3: /usr/bin/python3.10 (found version "3.10.12") found components: Interpreter 
[2.477s] -- Found nav2_common: 1.1.12 (/home/lx/ros2/ros/nav2_ws/install/nav2_common/share/nav2_common/cmake)
[2.477s] -- Found rclcpp: 16.0.6 (/opt/ros/humble/share/rclcpp/cmake)
[2.477s] -- Found rosidl_generator_c: 3.1.5 (/opt/ros/humble/share/rosidl_generator_c/cmake)
[2.477s] -- Found rosidl_adapter: 3.1.5 (/opt/ros/humble/share/rosidl_adapter/cmake)
[2.477s] -- Found rosidl_generator_cpp: 3.1.5 (/opt/ros/humble/share/rosidl_generator_cpp/cmake)
[2.477s] -- Using all available rosidl_typesupport_c: rosidl_typesupport_fastrtps_c;rosidl_typesupport_introspection_c
[2.477s] -- Using all available rosidl_typesupport_cpp: rosidl_typesupport_fastrtps_cpp;rosidl_typesupport_introspection_cpp
[2.477s] -- Found rmw_implementation_cmake: 6.1.1 (/opt/ros/humble/share/rmw_implementation_cmake/cmake)
[2.477s] -- Found rmw_fastrtps_cpp: 6.2.4 (/opt/ros/humble/share/rmw_fastrtps_cpp/cmake)
[2.487s] -- Found OpenSSL: /usr/lib/x86_64-linux-gnu/libcrypto.so (found version "3.0.2")  
[2.543s] -- Found FastRTPS: /opt/ros/humble/include  
[2.643s] -- Using RMW implementation 'rmw_fastrtps_cpp' as default
[2.660s] -- Looking for pthread.h
[2.794s] -- Looking for pthread.h - found
[2.794s] -- Performing Test CMAKE_HAVE_LIBC_PTHREAD
[2.903s] -- Performing Test CMAKE_HAVE_LIBC_PTHREAD - Success
[2.905s] -- Found Threads: TRUE  
[3.231s] -- Found rclcpp_action: 16.0.6 (/opt/ros/humble/share/rclcpp_action/cmake)
[3.422s] -- Found rclcpp_lifecycle: 16.0.6 (/opt/ros/humble/share/rclcpp_lifecycle/cmake)
[3.506s] -- Found visualization_msgs: 4.2.3 (/opt/ros/humble/share/visualization_msgs/cmake)
[4.024s] -- Found nav2_util: 1.1.12 (/home/lx/ros2/ros/nav2_ws/install/nav2_util/share/nav2_util/cmake)
[5.010s] -- Found eigen3_cmake_module: 0.1.1 (/opt/ros/humble/share/eigen3_cmake_module/cmake)
[5.012s] -- Found Eigen3: TRUE (found version "3.4.0") 
[5.012s] -- Ensuring Eigen3 include directory is part of orocos-kdl CMake target
[5.334s] -- Found nav2_core: 1.1.12 (/home/lx/ros2/ros/nav2_ws/install/nav2_core/share/nav2_core/cmake)
[7.989s] -- Setting build type to Release as none was specified.
[16.541s] -- Found ament_lint_auto: 0.12.8 (/opt/ros/humble/share/ament_lint_auto/cmake)
[16.545s] -- Found ament_cmake_gtest: 1.3.5 (/opt/ros/humble/share/ament_cmake_gtest/cmake)
[16.693s] -- Found gtest sources under '/opt/ros/humble/src/gtest_vendor': C++ tests using 'Google Test' will be built
[24.840s] -- Added test 'copyright' to check source files copyright and LICENSE
[24.842s] -- Added test 'cppcheck' to perform static code analysis on C / C++ code
[24.843s] -- Configured cppcheck include dirs: /home/lx/ros2/ros/nav2_ws/src/navigation2/nav2_navfn_planner/include
[24.843s] -- Configured cppcheck exclude dirs and/or files: 
[24.845s] -- Added test 'cpplint' to check C / C++ code against the Google style
[24.845s] -- Configured cpplint exclude dirs and/or files: 
[24.847s] -- Added test 'lint_cmake' to check CMake code style
[24.849s] -- Added test 'uncrustify' to check C / C++ code style
[24.849s] -- Configured uncrustify additional arguments: 
[24.850s] -- Added test 'xmllint' to check XML markup files
[24.854s] -- Configuring done
[24.968s] -- Generating done
[24.973s] -- Build files have been written to: /home/lx/ros2/ros/nav2_ws/build/nav2_navfn_planner
[25.001s] Invoked command in '/home/lx/ros2/ros/nav2_ws/build/nav2_navfn_planner' returned '0': AMENT_PREFIX_PATH=/home/lx/ros2/ros/nav2_ws/install/nav2_core:/home/lx/ros2/ros/nav2_ws/install/nav2_costmap_2d:/home/lx/ros2/ros/nav2_ws/install/nav2_util:/home/lx/ros2/ros/nav2_ws/install/nav2_voxel_grid:/home/lx/ros2/ros/nav2_ws/install/nav2_msgs:/home/lx/ros2/ros/nav2_ws/install/nav2_common:${AMENT_PREFIX_PATH} CMAKE_PREFIX_PATH=/home/lx/ros2/ros/nav2_ws/install/nav2_core:/home/lx/ros2/ros/nav2_ws/install/nav2_costmap_2d:/home/lx/ros2/ros/nav2_ws/install/nav2_util:/home/lx/ros2/ros/nav2_ws/install/nav2_voxel_grid:/home/lx/ros2/ros/nav2_ws/install/nav2_msgs:/home/lx/ros2/ros/nav2_ws/install/nav2_common:/opt/ros/humble LD_LIBRARY_PATH=/home/lx/ros2/ros/nav2_ws/install/nav2_costmap_2d/lib:/home/lx/ros2/ros/nav2_ws/install/nav2_util/lib:/home/lx/ros2/ros/nav2_ws/install/nav2_voxel_grid/lib:/home/lx/ros2/ros/nav2_ws/install/nav2_msgs/lib:${LD_LIBRARY_PATH} PYTHONPATH=/home/lx/ros2/ros/nav2_ws/install/nav2_msgs/local/lib/python3.10/dist-packages:/home/lx/ros2/ros/nav2_ws/install/nav2_common/local/lib/python3.10/dist-packages:${PYTHONPATH} /usr/bin/cmake /home/lx/ros2/ros/nav2_ws/src/navigation2/nav2_navfn_planner -DCMAKE_INSTALL_PREFIX=/home/lx/ros2/ros/nav2_ws/install/nav2_navfn_planner
[25.001s] Invoking command in '/home/lx/ros2/ros/nav2_ws/build/nav2_navfn_planner': AMENT_PREFIX_PATH=/home/lx/ros2/ros/nav2_ws/install/nav2_core:/home/lx/ros2/ros/nav2_ws/install/nav2_costmap_2d:/home/lx/ros2/ros/nav2_ws/install/nav2_util:/home/lx/ros2/ros/nav2_ws/install/nav2_voxel_grid:/home/lx/ros2/ros/nav2_ws/install/nav2_msgs:/home/lx/ros2/ros/nav2_ws/install/nav2_common:${AMENT_PREFIX_PATH} CMAKE_PREFIX_PATH=/home/lx/ros2/ros/nav2_ws/install/nav2_core:/home/lx/ros2/ros/nav2_ws/install/nav2_costmap_2d:/home/lx/ros2/ros/nav2_ws/install/nav2_util:/home/lx/ros2/ros/nav2_ws/install/nav2_voxel_grid:/home/lx/ros2/ros/nav2_ws/install/nav2_msgs:/home/lx/ros2/ros/nav2_ws/install/nav2_common:/opt/ros/humble LD_LIBRARY_PATH=/home/lx/ros2/ros/nav2_ws/install/nav2_costmap_2d/lib:/home/lx/ros2/ros/nav2_ws/install/nav2_util/lib:/home/lx/ros2/ros/nav2_ws/install/nav2_voxel_grid/lib:/home/lx/ros2/ros/nav2_ws/install/nav2_msgs/lib:${LD_LIBRARY_PATH} PYTHONPATH=/home/lx/ros2/ros/nav2_ws/install/nav2_msgs/local/lib/python3.10/dist-packages:/home/lx/ros2/ros/nav2_ws/install/nav2_common/local/lib/python3.10/dist-packages:${PYTHONPATH} /usr/bin/cmake --build /home/lx/ros2/ros/nav2_ws/build/nav2_navfn_planner -- -j12 -l12
[59.636s] [ 11%] [32mBuilding CXX object CMakeFiles/nav2_navfn_planner.dir/src/navfn_planner.cpp.o[0m
[59.636s] [ 22%] [32mBuilding CXX object CMakeFiles/nav2_navfn_planner.dir/src/navfn.cpp.o[0m
[59.636s] [ 33%] [32m[1mLinking CXX shared library libnav2_navfn_planner.so[0m
[59.636s] [ 33%] Built target nav2_navfn_planner
[59.636s] [ 44%] [32mBuilding CXX object gtest/CMakeFiles/gtest.dir/src/gtest-all.cc.o[0m
[59.636s] [ 55%] [32m[1mLinking CXX static library libgtest.a[0m
[59.636s] [ 55%] Built target gtest
[59.637s] [ 66%] [32mBuilding CXX object gtest/CMakeFiles/gtest_main.dir/src/gtest_main.cc.o[0m
[59.637s] [ 77%] [32m[1mLinking CXX static library libgtest_main.a[0m
[59.637s] [ 77%] Built target gtest_main
[59.637s] [ 88%] [32mBuilding CXX object test/CMakeFiles/test_dynamic_parameters.dir/test_dynamic_parameters.cpp.o[0m
[67.287s] [100%] [32m[1mLinking CXX executable test_dynamic_parameters[0m
[68.097s] [100%] Built target test_dynamic_parameters
[68.118s] Invoked command in '/home/lx/ros2/ros/nav2_ws/build/nav2_navfn_planner' returned '0': AMENT_PREFIX_PATH=/home/lx/ros2/ros/nav2_ws/install/nav2_core:/home/lx/ros2/ros/nav2_ws/install/nav2_costmap_2d:/home/lx/ros2/ros/nav2_ws/install/nav2_util:/home/lx/ros2/ros/nav2_ws/install/nav2_voxel_grid:/home/lx/ros2/ros/nav2_ws/install/nav2_msgs:/home/lx/ros2/ros/nav2_ws/install/nav2_common:${AMENT_PREFIX_PATH} CMAKE_PREFIX_PATH=/home/lx/ros2/ros/nav2_ws/install/nav2_core:/home/lx/ros2/ros/nav2_ws/install/nav2_costmap_2d:/home/lx/ros2/ros/nav2_ws/install/nav2_util:/home/lx/ros2/ros/nav2_ws/install/nav2_voxel_grid:/home/lx/ros2/ros/nav2_ws/install/nav2_msgs:/home/lx/ros2/ros/nav2_ws/install/nav2_common:/opt/ros/humble LD_LIBRARY_PATH=/home/lx/ros2/ros/nav2_ws/install/nav2_costmap_2d/lib:/home/lx/ros2/ros/nav2_ws/install/nav2_util/lib:/home/lx/ros2/ros/nav2_ws/install/nav2_voxel_grid/lib:/home/lx/ros2/ros/nav2_ws/install/nav2_msgs/lib:${LD_LIBRARY_PATH} PYTHONPATH=/home/lx/ros2/ros/nav2_ws/install/nav2_msgs/local/lib/python3.10/dist-packages:/home/lx/ros2/ros/nav2_ws/install/nav2_common/local/lib/python3.10/dist-packages:${PYTHONPATH} /usr/bin/cmake --build /home/lx/ros2/ros/nav2_ws/build/nav2_navfn_planner -- -j12 -l12
[68.158s] Invoking command in '/home/lx/ros2/ros/nav2_ws/build/nav2_navfn_planner': AMENT_PREFIX_PATH=/home/lx/ros2/ros/nav2_ws/install/nav2_core:/home/lx/ros2/ros/nav2_ws/install/nav2_costmap_2d:/home/lx/ros2/ros/nav2_ws/install/nav2_util:/home/lx/ros2/ros/nav2_ws/install/nav2_voxel_grid:/home/lx/ros2/ros/nav2_ws/install/nav2_msgs:/home/lx/ros2/ros/nav2_ws/install/nav2_common:${AMENT_PREFIX_PATH} CMAKE_PREFIX_PATH=/home/lx/ros2/ros/nav2_ws/install/nav2_core:/home/lx/ros2/ros/nav2_ws/install/nav2_costmap_2d:/home/lx/ros2/ros/nav2_ws/install/nav2_util:/home/lx/ros2/ros/nav2_ws/install/nav2_voxel_grid:/home/lx/ros2/ros/nav2_ws/install/nav2_msgs:/home/lx/ros2/ros/nav2_ws/install/nav2_common:/opt/ros/humble LD_LIBRARY_PATH=/home/lx/ros2/ros/nav2_ws/install/nav2_costmap_2d/lib:/home/lx/ros2/ros/nav2_ws/install/nav2_util/lib:/home/lx/ros2/ros/nav2_ws/install/nav2_voxel_grid/lib:/home/lx/ros2/ros/nav2_ws/install/nav2_msgs/lib:${LD_LIBRARY_PATH} PYTHONPATH=/home/lx/ros2/ros/nav2_ws/install/nav2_msgs/local/lib/python3.10/dist-packages:/home/lx/ros2/ros/nav2_ws/install/nav2_common/local/lib/python3.10/dist-packages:${PYTHONPATH} /usr/bin/cmake --install /home/lx/ros2/ros/nav2_ws/build/nav2_navfn_planner
[100.539s] -- Install configuration: "Release"
[100.540s] -- Installing: /home/lx/ros2/ros/nav2_ws/install/nav2_navfn_planner/share/nav2_navfn_planner/global_planner_plugin.xml
[100.541s] -- Installing: /home/lx/ros2/ros/nav2_ws/install/nav2_navfn_planner/lib/libnav2_navfn_planner.so
[100.541s] -- Set runtime path of "/home/lx/ros2/ros/nav2_ws/install/nav2_navfn_planner/lib/libnav2_navfn_planner.so" to ""
[100.541s] -- Installing: /home/lx/ros2/ros/nav2_ws/install/nav2_navfn_planner/include/
[100.541s] -- Installing: /home/lx/ros2/ros/nav2_ws/install/nav2_navfn_planner/include//nav2_navfn_planner
[100.541s] -- Installing: /home/lx/ros2/ros/nav2_ws/install/nav2_navfn_planner/include//nav2_navfn_planner/navfn.hpp
[100.541s] -- Installing: /home/lx/ros2/ros/nav2_ws/install/nav2_navfn_planner/include//nav2_navfn_planner/navfn_planner.hpp
[100.541s] -- Up-to-date: /home/lx/ros2/ros/nav2_ws/install/nav2_navfn_planner/share/nav2_navfn_planner/global_planner_plugin.xml
[100.542s] -- Installing: /home/lx/ros2/ros/nav2_ws/install/nav2_navfn_planner/share/nav2_navfn_planner/environment/library_path.sh
[100.542s] -- Installing: /home/lx/ros2/ros/nav2_ws/install/nav2_navfn_planner/share/nav2_navfn_planner/environment/library_path.dsv
[100.542s] -- Installing: /home/lx/ros2/ros/nav2_ws/install/nav2_navfn_planner/share/ament_index/resource_index/package_run_dependencies/nav2_navfn_planner
[100.542s] -- Installing: /home/lx/ros2/ros/nav2_ws/install/nav2_navfn_planner/share/ament_index/resource_index/parent_prefix_path/nav2_navfn_planner
[100.542s] -- Installing: /home/lx/ros2/ros/nav2_ws/install/nav2_navfn_planner/share/nav2_navfn_planner/environment/ament_prefix_path.sh
[100.542s] -- Installing: /home/lx/ros2/ros/nav2_ws/install/nav2_navfn_planner/share/nav2_navfn_planner/environment/ament_prefix_path.dsv
[100.542s] -- Installing: /home/lx/ros2/ros/nav2_ws/install/nav2_navfn_planner/share/nav2_navfn_planner/environment/path.sh
[100.542s] -- Installing: /home/lx/ros2/ros/nav2_ws/install/nav2_navfn_planner/share/nav2_navfn_planner/environment/path.dsv
[100.542s] -- Installing: /home/lx/ros2/ros/nav2_ws/install/nav2_navfn_planner/share/nav2_navfn_planner/local_setup.bash
[100.542s] -- Installing: /home/lx/ros2/ros/nav2_ws/install/nav2_navfn_planner/share/nav2_navfn_planner/local_setup.sh
[100.542s] -- Installing: /home/lx/ros2/ros/nav2_ws/install/nav2_navfn_planner/share/nav2_navfn_planner/local_setup.zsh
[100.543s] -- Installing: /home/lx/ros2/ros/nav2_ws/install/nav2_navfn_planner/share/nav2_navfn_planner/local_setup.dsv
[100.543s] -- Installing: /home/lx/ros2/ros/nav2_ws/install/nav2_navfn_planner/share/nav2_navfn_planner/package.dsv
[100.543s] -- Installing: /home/lx/ros2/ros/nav2_ws/install/nav2_navfn_planner/share/ament_index/resource_index/packages/nav2_navfn_planner
[100.543s] -- Installing: /home/lx/ros2/ros/nav2_ws/install/nav2_navfn_planner/share/ament_index/resource_index/nav2_core__pluginlib__plugin/nav2_navfn_planner
[100.543s] -- Installing: /home/lx/ros2/ros/nav2_ws/install/nav2_navfn_planner/share/nav2_navfn_planner/cmake/ament_cmake_export_include_directories-extras.cmake
[100.543s] -- Installing: /home/lx/ros2/ros/nav2_ws/install/nav2_navfn_planner/share/nav2_navfn_planner/cmake/ament_cmake_export_libraries-extras.cmake
[100.543s] -- Installing: /home/lx/ros2/ros/nav2_ws/install/nav2_navfn_planner/share/nav2_navfn_planner/cmake/ament_cmake_export_dependencies-extras.cmake
[100.543s] -- Installing: /home/lx/ros2/ros/nav2_ws/install/nav2_navfn_planner/share/nav2_navfn_planner/cmake/nav2_navfn_plannerConfig.cmake
[100.543s] -- Installing: /home/lx/ros2/ros/nav2_ws/install/nav2_navfn_planner/share/nav2_navfn_planner/cmake/nav2_navfn_plannerConfig-version.cmake
[100.543s] -- Installing: /home/lx/ros2/ros/nav2_ws/install/nav2_navfn_planner/share/nav2_navfn_planner/package.xml
[100.567s] Invoked command in '/home/lx/ros2/ros/nav2_ws/build/nav2_navfn_planner' returned '0': AMENT_PREFIX_PATH=/home/lx/ros2/ros/nav2_ws/install/nav2_core:/home/lx/ros2/ros/nav2_ws/install/nav2_costmap_2d:/home/lx/ros2/ros/nav2_ws/install/nav2_util:/home/lx/ros2/ros/nav2_ws/install/nav2_voxel_grid:/home/lx/ros2/ros/nav2_ws/install/nav2_msgs:/home/lx/ros2/ros/nav2_ws/install/nav2_common:${AMENT_PREFIX_PATH} CMAKE_PREFIX_PATH=/home/lx/ros2/ros/nav2_ws/install/nav2_core:/home/lx/ros2/ros/nav2_ws/install/nav2_costmap_2d:/home/lx/ros2/ros/nav2_ws/install/nav2_util:/home/lx/ros2/ros/nav2_ws/install/nav2_voxel_grid:/home/lx/ros2/ros/nav2_ws/install/nav2_msgs:/home/lx/ros2/ros/nav2_ws/install/nav2_common:/opt/ros/humble LD_LIBRARY_PATH=/home/lx/ros2/ros/nav2_ws/install/nav2_costmap_2d/lib:/home/lx/ros2/ros/nav2_ws/install/nav2_util/lib:/home/lx/ros2/ros/nav2_ws/install/nav2_voxel_grid/lib:/home/lx/ros2/ros/nav2_ws/install/nav2_msgs/lib:${LD_LIBRARY_PATH} PYTHONPATH=/home/lx/ros2/ros/nav2_ws/install/nav2_msgs/local/lib/python3.10/dist-packages:/home/lx/ros2/ros/nav2_ws/install/nav2_common/local/lib/python3.10/dist-packages:${PYTHONPATH} /usr/bin/cmake --install /home/lx/ros2/ros/nav2_ws/build/nav2_navfn_planner
