[0.056s] Invoking command in '/home/lx/ros2/ros/mid-360_ws/build/pointcloud_to_laserscan': CMAKE_PREFIX_PATH=${CMAKE_PREFIX_PATH}:/opt/ros/humble /usr/bin/cmake /home/lx/ros2/ros/mid-360_ws/src/pointcloud_to_laserscan -DCMAKE_INSTALL_PREFIX=/home/lx/ros2/ros/mid-360_ws/install/pointcloud_to_laserscan
[0.066s] -- Found ament_cmake: 1.3.5 (/opt/ros/humble/share/ament_cmake/cmake)
[0.194s] -- Found laser_geometry: 2.4.0 (/opt/ros/humble/share/laser_geometry/cmake)
[0.222s] -- Found rosidl_generator_c: 3.1.5 (/opt/ros/humble/share/rosidl_generator_c/cmake)
[0.225s] -- Found rosidl_adapter: 3.1.5 (/opt/ros/humble/share/rosidl_adapter/cmake)
[0.231s] -- Found rosidl_generator_cpp: 3.1.5 (/opt/ros/humble/share/rosidl_generator_cpp/cmake)
[0.240s] -- Using all available rosidl_typesupport_c: rosidl_typesupport_fastrtps_c;rosidl_typesupport_introspection_c
[0.254s] -- Using all available rosidl_typesupport_cpp: rosidl_typesupport_fastrtps_cpp;rosidl_typesupport_introspection_cpp
[0.307s] -- Found rmw_implementation_cmake: 6.1.1 (/opt/ros/humble/share/rmw_implementation_cmake/cmake)
[0.309s] -- Found rmw_fastrtps_cpp: 6.2.4 (/opt/ros/humble/share/rmw_fastrtps_cpp/cmake)
[0.406s] -- Using RMW implementation 'rmw_fastrtps_cpp' as default
[0.703s] -- Found message_filters: 4.3.3 (/opt/ros/humble/share/message_filters/cmake)
[0.708s] -- Found rclcpp_components: 16.0.6 (/opt/ros/humble/share/rclcpp_components/cmake)
[0.759s] -- Found tf2_ros: 0.25.4 (/opt/ros/humble/share/tf2_ros/cmake)
[0.994s] -- Found tf2_sensor_msgs: 0.25.4 (/opt/ros/humble/share/tf2_sensor_msgs/cmake)
[1.013s] -- Found ament_lint_auto: 0.12.8 (/opt/ros/humble/share/ament_lint_auto/cmake)
[1.089s] -- Added test 'cppcheck' to perform static code analysis on C / C++ code
[1.089s] -- Configured cppcheck include dirs: $<BUILD_INTERFACE:/home/lx/ros2/ros/mid-360_ws/src/pointcloud_to_laserscan/include>
[1.089s] -- Configured cppcheck exclude dirs and/or files: 
[1.093s] -- Added test 'cpplint' to check C / C++ code against the Google style
[1.093s] -- Configured cpplint exclude dirs and/or files: 
[1.094s] -- Added test 'flake8' to check Python code syntax and style conventions
[1.095s] -- Added test 'lint_cmake' to check CMake code style
[1.096s] -- Added test 'pep257' to check Python code against some of the docstring style conventions in PEP 257
[1.098s] -- Added test 'uncrustify' to check C / C++ code style
[1.098s] -- Configured uncrustify additional arguments: 
[1.098s] -- Added test 'xmllint' to check XML markup files
[1.100s] -- Configuring done
[1.135s] -- Generating done
[1.138s] -- Build files have been written to: /home/lx/ros2/ros/mid-360_ws/build/pointcloud_to_laserscan
[1.195s] Invoked command in '/home/lx/ros2/ros/mid-360_ws/build/pointcloud_to_laserscan' returned '0': CMAKE_PREFIX_PATH=${CMAKE_PREFIX_PATH}:/opt/ros/humble /usr/bin/cmake /home/lx/ros2/ros/mid-360_ws/src/pointcloud_to_laserscan -DCMAKE_INSTALL_PREFIX=/home/lx/ros2/ros/mid-360_ws/install/pointcloud_to_laserscan
[1.196s] Invoking command in '/home/lx/ros2/ros/mid-360_ws/build/pointcloud_to_laserscan': CMAKE_PREFIX_PATH=${CMAKE_PREFIX_PATH}:/opt/ros/humble /usr/bin/cmake --build /home/lx/ros2/ros/mid-360_ws/build/pointcloud_to_laserscan -- -j12 -l12
[1.239s] [ 20%] [32mBuilding CXX object CMakeFiles/laserscan_to_pointcloud.dir/src/laserscan_to_pointcloud_node.cpp.o[0m
[1.239s] [ 20%] [32mBuilding CXX object CMakeFiles/dummy_pointcloud_publisher.dir/src/dummy_pointcloud_publisher.cpp.o[0m
[1.240s] [ 30%] [32mBuilding CXX object CMakeFiles/laserscan_to_pointcloud_node.dir/rclcpp_components/node_main_laserscan_to_pointcloud_node.cpp.o[0m
[1.241s] [ 40%] [32mBuilding CXX object CMakeFiles/pointcloud_to_laserscan_node.dir/rclcpp_components/node_main_pointcloud_to_laserscan_node.cpp.o[0m
[1.241s] [ 50%] [32mBuilding CXX object CMakeFiles/pointcloud_to_laserscan.dir/src/pointcloud_to_laserscan_node.cpp.o[0m
[4.108s] [ 60%] [32m[1mLinking CXX executable laserscan_to_pointcloud_node[0m
[4.130s] [ 70%] [32m[1mLinking CXX executable pointcloud_to_laserscan_node[0m
[4.267s] [ 70%] Built target laserscan_to_pointcloud_node
[4.278s] [ 70%] Built target pointcloud_to_laserscan_node
[5.322s] [ 80%] [32m[1mLinking CXX executable dummy_pointcloud_publisher[0m
[5.483s] [ 80%] Built target dummy_pointcloud_publisher
[11.083s] [ 90%] [32m[1mLinking CXX shared library liblaserscan_to_pointcloud.so[0m
[11.115s] [100%] [32m[1mLinking CXX shared library libpointcloud_to_laserscan.so[0m
[11.139s] /usr/bin/ld: æ‰¾ä¸åˆ° -ltf2_sensor_msgs: æ²¡æœ‰é‚£ä¸ªæ–‡ä»¶æˆ–ç›®å½•
[11.172s] /usr/bin/ld: æ‰¾ä¸åˆ° -ltf2_sensor_msgs: æ²¡æœ‰é‚£ä¸ªæ–‡ä»¶æˆ–ç›®å½•
[11.287s] collect2: error: ld returned 1 exit status
[11.288s] gmake[2]: *** [CMakeFiles/laserscan_to_pointcloud.dir/build.make:207ï¼šliblaserscan_to_pointcloud.so] é”™è¯¯ 1
[11.288s] gmake[1]: *** [CMakeFiles/Makefile2:145ï¼šCMakeFiles/laserscan_to_pointcloud.dir/all] é”™è¯¯ 2
[11.288s] gmake[1]: *** æ­£åœ¨ç­‰å¾…æœªå®Œæˆçš„ä»»åŠ¡....
[11.314s] collect2: error: ld returned 1 exit status
[11.315s] gmake[2]: *** [CMakeFiles/pointcloud_to_laserscan.dir/build.make:207ï¼šlibpointcloud_to_laserscan.so] é”™è¯¯ 1
[11.315s] gmake[1]: *** [CMakeFiles/Makefile2:197ï¼šCMakeFiles/pointcloud_to_laserscan.dir/all] é”™è¯¯ 2
[11.315s] gmake: *** [Makefile:146ï¼šall] é”™è¯¯ 2
[11.317s] Invoked command in '/home/lx/ros2/ros/mid-360_ws/build/pointcloud_to_laserscan' returned '2': CMAKE_PREFIX_PATH=${CMAKE_PREFIX_PATH}:/opt/ros/humble /usr/bin/cmake --build /home/lx/ros2/ros/mid-360_ws/build/pointcloud_to_laserscan -- -j12 -l12
