[0.009s] Invoking command in '/home/lx/ros/service_ws/build/server': CMAKE_PREFIX_PATH=${CMAKE_PREFIX_PATH}:/opt/ros/humble /usr/bin/cmake --build /home/lx/ros/service_ws/build/server -- -j12 -l12
[0.033s] Invoked command in '/home/lx/ros/service_ws/build/server' returned '0': CMAKE_PREFIX_PATH=${CMAKE_PREFIX_PATH}:/opt/ros/humble /usr/bin/cmake --build /home/lx/ros/service_ws/build/server -- -j12 -l12
[0.051s] Invoking command in '/home/lx/ros/service_ws/build/server': CMAKE_PREFIX_PATH=${CMAKE_PREFIX_PATH}:/opt/ros/humble /usr/bin/cmake --install /home/lx/ros/service_ws/build/server
[0.055s] -- Install configuration: ""
[0.055s] -- Up-to-date: /home/lx/ros/service_ws/install/server/share/ament_index/resource_index/package_run_dependencies/server
[0.055s] -- Up-to-date: /home/lx/ros/service_ws/install/server/share/ament_index/resource_index/parent_prefix_path/server
[0.056s] -- Up-to-date: /home/lx/ros/service_ws/install/server/share/server/environment/ament_prefix_path.sh
[0.056s] -- Up-to-date: /home/lx/ros/service_ws/install/server/share/server/environment/ament_prefix_path.dsv
[0.056s] -- Up-to-date: /home/lx/ros/service_ws/install/server/share/server/environment/path.sh
[0.056s] -- Up-to-date: /home/lx/ros/service_ws/install/server/share/server/environment/path.dsv
[0.056s] -- Up-to-date: /home/lx/ros/service_ws/install/server/share/server/local_setup.bash
[0.056s] -- Up-to-date: /home/lx/ros/service_ws/install/server/share/server/local_setup.sh
[0.056s] -- Up-to-date: /home/lx/ros/service_ws/install/server/share/server/local_setup.zsh
[0.056s] -- Up-to-date: /home/lx/ros/service_ws/install/server/share/server/local_setup.dsv
[0.056s] -- Up-to-date: /home/lx/ros/service_ws/install/server/share/server/package.dsv
[0.056s] -- Up-to-date: /home/lx/ros/service_ws/install/server/share/ament_index/resource_index/packages/server
[0.056s] -- Up-to-date: /home/lx/ros/service_ws/install/server/share/server/cmake/serverConfig.cmake
[0.056s] -- Up-to-date: /home/lx/ros/service_ws/install/server/share/server/cmake/serverConfig-version.cmake
[0.056s] -- Up-to-date: /home/lx/ros/service_ws/install/server/share/server/package.xml
[0.057s] Invoked command in '/home/lx/ros/service_ws/build/server' returned '0': CMAKE_PREFIX_PATH=${CMAKE_PREFIX_PATH}:/opt/ros/humble /usr/bin/cmake --install /home/lx/ros/service_ws/build/server
