[35m[1mConsolidate compiler generated dependencies of target imu_to_odom[0m
[100%] Built target imu_to_odom
-- Install configuration: ""
-- Up-to-date: /home/lx/文档/GitHub/ros/xiao_ying/install/imu_to_odom/include/
-- Up-to-date: /home/lx/文档/GitHub/ros/xiao_ying/install/imu_to_odom/include//imu_to_odom
-- Up-to-date: /home/lx/文档/GitHub/ros/xiao_ying/install/imu_to_odom/include//imu_to_odom/imu_to_odom.hpp
-- Up-to-date: /home/lx/文档/GitHub/ros/xiao_ying/install/imu_to_odom/lib/imu_to_odom/imu_to_odom
-- Up-to-date: /home/lx/文档/GitHub/ros/xiao_ying/install/imu_to_odom/share/ament_index/resource_index/package_run_dependencies/imu_to_odom
-- Up-to-date: /home/lx/文档/GitHub/ros/xiao_ying/install/imu_to_odom/share/ament_index/resource_index/parent_prefix_path/imu_to_odom
-- Up-to-date: /home/lx/文档/GitHub/ros/xiao_ying/install/imu_to_odom/share/imu_to_odom/environment/ament_prefix_path.sh
-- Up-to-date: /home/lx/文档/GitHub/ros/xiao_ying/install/imu_to_odom/share/imu_to_odom/environment/ament_prefix_path.dsv
-- Up-to-date: /home/lx/文档/GitHub/ros/xiao_ying/install/imu_to_odom/share/imu_to_odom/environment/path.sh
-- Up-to-date: /home/lx/文档/GitHub/ros/xiao_ying/install/imu_to_odom/share/imu_to_odom/environment/path.dsv
-- Up-to-date: /home/lx/文档/GitHub/ros/xiao_ying/install/imu_to_odom/share/imu_to_odom/local_setup.bash
-- Up-to-date: /home/lx/文档/GitHub/ros/xiao_ying/install/imu_to_odom/share/imu_to_odom/local_setup.sh
-- Up-to-date: /home/lx/文档/GitHub/ros/xiao_ying/install/imu_to_odom/share/imu_to_odom/local_setup.zsh
-- Up-to-date: /home/lx/文档/GitHub/ros/xiao_ying/install/imu_to_odom/share/imu_to_odom/local_setup.dsv
-- Installing: /home/lx/文档/GitHub/ros/xiao_ying/install/imu_to_odom/share/imu_to_odom/package.dsv
-- Up-to-date: /home/lx/文档/GitHub/ros/xiao_ying/install/imu_to_odom/share/ament_index/resource_index/packages/imu_to_odom
-- Up-to-date: /home/lx/文档/GitHub/ros/xiao_ying/install/imu_to_odom/share/imu_to_odom/cmake/imu_to_odomConfig.cmake
-- Up-to-date: /home/lx/文档/GitHub/ros/xiao_ying/install/imu_to_odom/share/imu_to_odom/cmake/imu_to_odomConfig-version.cmake
-- Up-to-date: /home/lx/文档/GitHub/ros/xiao_ying/install/imu_to_odom/share/imu_to_odom/package.xml
