[0.011s] Invoking command in '/home/lx/ros2/gezebo_ws/build/my_car': CMAKE_PREFIX_PATH=${CMAKE_PREFIX_PATH}:/opt/ros/humble /usr/bin/cmake --build /home/lx/ros2/gezebo_ws/build/my_car -- -j12 -l12
[0.030s] -- Found ament_cmake: 1.3.5 (/opt/ros/humble/share/ament_cmake/cmake)
[0.146s] -- Found rclcpp: 16.0.4 (/opt/ros/humble/share/rclcpp/cmake)
[0.176s] -- Found rosidl_generator_c: 3.1.4 (/opt/ros/humble/share/rosidl_generator_c/cmake)
[0.178s] -- Found rosidl_adapter: 3.1.4 (/opt/ros/humble/share/rosidl_adapter/cmake)
[0.184s] -- Found rosidl_generator_cpp: 3.1.4 (/opt/ros/humble/share/rosidl_generator_cpp/cmake)
[0.195s] -- Using all available rosidl_typesupport_c: rosidl_typesupport_fastrtps_c;rosidl_typesupport_introspection_c
[0.208s] -- Using all available rosidl_typesupport_cpp: rosidl_typesupport_fastrtps_cpp;rosidl_typesupport_introspection_cpp
[0.262s] -- Found rmw_implementation_cmake: 6.1.1 (/opt/ros/humble/share/rmw_implementation_cmake/cmake)
[0.264s] -- Found rmw_fastrtps_cpp: 6.2.2 (/opt/ros/humble/share/rmw_fastrtps_cpp/cmake)
[0.356s] -- Using RMW implementation 'rmw_fastrtps_cpp' as default
[0.505s] -- Found urdf: 2.6.0 (/opt/ros/humble/share/urdf/cmake)
[0.540s] -- Found ament_lint_auto: 0.12.6 (/opt/ros/humble/share/ament_lint_auto/cmake)
[0.597s] -- Added test 'flake8' to check Python code syntax and style conventions
[0.598s] -- Added test 'lint_cmake' to check CMake code style
[0.598s] -- Added test 'pep257' to check Python code against some of the docstring style conventions in PEP 257
[0.599s] -- Added test 'xmllint' to check XML markup files
[0.599s] -- Configuring done
[0.603s] -- Generating done
[0.604s] -- Build files have been written to: /home/lx/ros2/gezebo_ws/build/my_car
[0.621s] Invoked command in '/home/lx/ros2/gezebo_ws/build/my_car' returned '0': CMAKE_PREFIX_PATH=${CMAKE_PREFIX_PATH}:/opt/ros/humble /usr/bin/cmake --build /home/lx/ros2/gezebo_ws/build/my_car -- -j12 -l12
[0.641s] Invoking command in '/home/lx/ros2/gezebo_ws/build/my_car': CMAKE_PREFIX_PATH=${CMAKE_PREFIX_PATH}:/opt/ros/humble /usr/bin/cmake --install /home/lx/ros2/gezebo_ws/build/my_car
[0.646s] -- Install configuration: ""
[0.646s] -- Up-to-date: /home/lx/ros2/gezebo_ws/install/my_car/share/ament_index/resource_index/package_run_dependencies/my_car
[0.646s] -- Installing: /home/lx/ros2/gezebo_ws/install/my_car/share/ament_index/resource_index/parent_prefix_path/my_car
[0.646s] -- Up-to-date: /home/lx/ros2/gezebo_ws/install/my_car/share/my_car/environment/ament_prefix_path.sh
[0.646s] -- Installing: /home/lx/ros2/gezebo_ws/install/my_car/share/my_car/environment/ament_prefix_path.dsv
[0.646s] -- Up-to-date: /home/lx/ros2/gezebo_ws/install/my_car/share/my_car/environment/path.sh
[0.646s] -- Installing: /home/lx/ros2/gezebo_ws/install/my_car/share/my_car/environment/path.dsv
[0.646s] -- Up-to-date: /home/lx/ros2/gezebo_ws/install/my_car/share/my_car/local_setup.bash
[0.646s] -- Up-to-date: /home/lx/ros2/gezebo_ws/install/my_car/share/my_car/local_setup.sh
[0.646s] -- Up-to-date: /home/lx/ros2/gezebo_ws/install/my_car/share/my_car/local_setup.zsh
[0.646s] -- Installing: /home/lx/ros2/gezebo_ws/install/my_car/share/my_car/local_setup.dsv
[0.646s] -- Installing: /home/lx/ros2/gezebo_ws/install/my_car/share/my_car/package.dsv
[0.647s] -- Up-to-date: /home/lx/ros2/gezebo_ws/install/my_car/share/ament_index/resource_index/packages/my_car
[0.647s] -- Up-to-date: /home/lx/ros2/gezebo_ws/install/my_car/share/my_car/cmake/my_carConfig.cmake
[0.647s] -- Up-to-date: /home/lx/ros2/gezebo_ws/install/my_car/share/my_car/cmake/my_carConfig-version.cmake
[0.647s] -- Up-to-date: /home/lx/ros2/gezebo_ws/install/my_car/share/my_car/package.xml
[0.647s] -- Up-to-date: /home/lx/ros2/gezebo_ws/install/my_car/share/my_car/launch
[0.647s] -- Up-to-date: /home/lx/ros2/gezebo_ws/install/my_car/share/my_car/launch/start.launch.py
[0.647s] -- Up-to-date: /home/lx/ros2/gezebo_ws/install/my_car/share/my_car/urdf
[0.647s] -- Up-to-date: /home/lx/ros2/gezebo_ws/install/my_car/share/my_car/urdf/my_car.urdf
[0.648s] Invoked command in '/home/lx/ros2/gezebo_ws/build/my_car' returned '0': CMAKE_PREFIX_PATH=${CMAKE_PREFIX_PATH}:/opt/ros/humble /usr/bin/cmake --install /home/lx/ros2/gezebo_ws/build/my_car
