[0.592s] Invoking command in '/home/lx/ros2/ros/nav2_ws/src/navigation2/nav2_simple_commander': AMENT_PREFIX_PATH=/home/lx/ros2/ros/nav2_ws/install/nav2_msgs:${AMENT_PREFIX_PATH} CMAKE_PREFIX_PATH=/home/lx/ros2/ros/nav2_ws/install/nav2_msgs LD_LIBRARY_PATH=/home/lx/ros2/ros/nav2_ws/install/nav2_msgs/lib:${LD_LIBRARY_PATH} PYTHONPATH=/home/lx/ros2/ros/nav2_ws/build/nav2_simple_commander/prefix_override:/home/lx/ros2/ros/nav2_ws/install/nav2_simple_commander/lib/python3.10/site-packages:/home/lx/ros2/ros/nav2_ws/install/nav2_msgs/local/lib/python3.10/dist-packages:${PYTHONPATH} /usr/bin/python3 setup.py egg_info --egg-base ../../../build/nav2_simple_commander build --build-base /home/lx/ros2/ros/nav2_ws/build/nav2_simple_commander/build install --record /home/lx/ros2/ros/nav2_ws/build/nav2_simple_commander/install.log --single-version-externally-managed
[0.778s] running egg_info
[0.778s] writing ../../../build/nav2_simple_commander/nav2_simple_commander.egg-info/PKG-INFO
[0.779s] writing dependency_links to ../../../build/nav2_simple_commander/nav2_simple_commander.egg-info/dependency_links.txt
[0.779s] writing entry points to ../../../build/nav2_simple_commander/nav2_simple_commander.egg-info/entry_points.txt
[0.779s] writing requirements to ../../../build/nav2_simple_commander/nav2_simple_commander.egg-info/requires.txt
[0.779s] writing top-level names to ../../../build/nav2_simple_commander/nav2_simple_commander.egg-info/top_level.txt
[0.780s] reading manifest file '../../../build/nav2_simple_commander/nav2_simple_commander.egg-info/SOURCES.txt'
[0.781s] writing manifest file '../../../build/nav2_simple_commander/nav2_simple_commander.egg-info/SOURCES.txt'
[0.781s] running build
[0.781s] running build_py
[0.782s] running install
[0.782s] /usr/lib/python3/dist-packages/setuptools/command/install.py:34: SetuptoolsDeprecationWarning: setup.py install is deprecated. Use build and pip and other standards-based tools.
[0.782s]   warnings.warn(
[0.782s] running install_lib
[0.783s] running install_data
[0.784s] running install_egg_info
[0.785s] removing '/home/lx/ros2/ros/nav2_ws/install/nav2_simple_commander/lib/python3.10/site-packages/nav2_simple_commander-1.0.0-py3.10.egg-info' (and everything under it)
[0.785s] Copying ../../../build/nav2_simple_commander/nav2_simple_commander.egg-info to /home/lx/ros2/ros/nav2_ws/install/nav2_simple_commander/lib/python3.10/site-packages/nav2_simple_commander-1.0.0-py3.10.egg-info
[0.786s] running install_scripts
[0.802s] Installing demo_inspection script to /home/lx/ros2/ros/nav2_ws/install/nav2_simple_commander/lib/nav2_simple_commander
[0.802s] Installing demo_picking script to /home/lx/ros2/ros/nav2_ws/install/nav2_simple_commander/lib/nav2_simple_commander
[0.802s] Installing demo_recoveries script to /home/lx/ros2/ros/nav2_ws/install/nav2_simple_commander/lib/nav2_simple_commander
[0.802s] Installing demo_security script to /home/lx/ros2/ros/nav2_ws/install/nav2_simple_commander/lib/nav2_simple_commander
[0.802s] Installing example_assisted_teleop script to /home/lx/ros2/ros/nav2_ws/install/nav2_simple_commander/lib/nav2_simple_commander
[0.802s] Installing example_follow_path script to /home/lx/ros2/ros/nav2_ws/install/nav2_simple_commander/lib/nav2_simple_commander
[0.802s] Installing example_nav_through_poses script to /home/lx/ros2/ros/nav2_ws/install/nav2_simple_commander/lib/nav2_simple_commander
[0.802s] Installing example_nav_to_pose script to /home/lx/ros2/ros/nav2_ws/install/nav2_simple_commander/lib/nav2_simple_commander
[0.802s] Installing example_waypoint_follower script to /home/lx/ros2/ros/nav2_ws/install/nav2_simple_commander/lib/nav2_simple_commander
[0.803s] writing list of installed files to '/home/lx/ros2/ros/nav2_ws/build/nav2_simple_commander/install.log'
[0.821s] Invoked command in '/home/lx/ros2/ros/nav2_ws/src/navigation2/nav2_simple_commander' returned '0': AMENT_PREFIX_PATH=/home/lx/ros2/ros/nav2_ws/install/nav2_msgs:${AMENT_PREFIX_PATH} CMAKE_PREFIX_PATH=/home/lx/ros2/ros/nav2_ws/install/nav2_msgs LD_LIBRARY_PATH=/home/lx/ros2/ros/nav2_ws/install/nav2_msgs/lib:${LD_LIBRARY_PATH} PYTHONPATH=/home/lx/ros2/ros/nav2_ws/build/nav2_simple_commander/prefix_override:/home/lx/ros2/ros/nav2_ws/install/nav2_simple_commander/lib/python3.10/site-packages:/home/lx/ros2/ros/nav2_ws/install/nav2_msgs/local/lib/python3.10/dist-packages:${PYTHONPATH} /usr/bin/python3 setup.py egg_info --egg-base ../../../build/nav2_simple_commander build --build-base /home/lx/ros2/ros/nav2_ws/build/nav2_simple_commander/build install --record /home/lx/ros2/ros/nav2_ws/build/nav2_simple_commander/install.log --single-version-externally-managed
