[0.079s] Invoking command in '/home/lx/ros2/ros/mid-360_ws/build/pointcloud_to_laserscan': CMAKE_PREFIX_PATH=${CMAKE_PREFIX_PATH}:/opt/ros/humble /usr/bin/cmake --build /home/lx/ros2/ros/mid-360_ws/build/pointcloud_to_laserscan -- -j12 -l12
[0.127s] [ 40%] Built target pointcloud_to_laserscan_node
[0.127s] [ 40%] Built target laserscan_to_pointcloud_node
[0.129s] [ 60%] Built target laserscan_to_pointcloud
[0.158s] [ 70%] [32mBuilding CXX object CMakeFiles/pointcloud_to_laserscan.dir/src/pointcloud_to_laserscan_node.cpp.o[0m
[9.729s] [ 80%] [32m[1mLinking CXX shared library libpointcloud_to_laserscan.so[0m
[10.207s] [ 80%] Built target pointcloud_to_laserscan
[10.226s] [ 90%] [32m[1mLinking CXX executable dummy_pointcloud_publisher[0m
[10.422s] [100%] Built target dummy_pointcloud_publisher
[10.431s] Invoked command in '/home/lx/ros2/ros/mid-360_ws/build/pointcloud_to_laserscan' returned '0': CMAKE_PREFIX_PATH=${CMAKE_PREFIX_PATH}:/opt/ros/humble /usr/bin/cmake --build /home/lx/ros2/ros/mid-360_ws/build/pointcloud_to_laserscan -- -j12 -l12
[10.455s] Invoking command in '/home/lx/ros2/ros/mid-360_ws/build/pointcloud_to_laserscan': CMAKE_PREFIX_PATH=${CMAKE_PREFIX_PATH}:/opt/ros/humble /usr/bin/cmake --install /home/lx/ros2/ros/mid-360_ws/build/pointcloud_to_laserscan
[10.461s] -- Install configuration: ""
[10.461s] -- Up-to-date: /home/lx/ros2/ros/mid-360_ws/install/pointcloud_to_laserscan/lib/pointcloud_to_laserscan/laserscan_to_pointcloud_node
[10.461s] -- Up-to-date: /home/lx/ros2/ros/mid-360_ws/install/pointcloud_to_laserscan/lib/pointcloud_to_laserscan/pointcloud_to_laserscan_node
[10.461s] -- Up-to-date: /home/lx/ros2/ros/mid-360_ws/install/pointcloud_to_laserscan/include
[10.461s] -- Up-to-date: /home/lx/ros2/ros/mid-360_ws/install/pointcloud_to_laserscan/include/pointcloud_to_laserscan
[10.461s] -- Up-to-date: /home/lx/ros2/ros/mid-360_ws/install/pointcloud_to_laserscan/include/pointcloud_to_laserscan/visibility_control.h
[10.461s] -- Up-to-date: /home/lx/ros2/ros/mid-360_ws/install/pointcloud_to_laserscan/include/pointcloud_to_laserscan/pointcloud_to_laserscan_node.hpp
[10.461s] -- Up-to-date: /home/lx/ros2/ros/mid-360_ws/install/pointcloud_to_laserscan/include/pointcloud_to_laserscan/laserscan_to_pointcloud_node.hpp
[10.461s] -- Up-to-date: /home/lx/ros2/ros/mid-360_ws/install/pointcloud_to_laserscan/share/pointcloud_to_laserscan/environment/library_path.sh
[10.461s] -- Up-to-date: /home/lx/ros2/ros/mid-360_ws/install/pointcloud_to_laserscan/share/pointcloud_to_laserscan/environment/library_path.dsv
[10.462s] -- Up-to-date: /home/lx/ros2/ros/mid-360_ws/install/pointcloud_to_laserscan/lib/liblaserscan_to_pointcloud.so
[10.462s] -- Installing: /home/lx/ros2/ros/mid-360_ws/install/pointcloud_to_laserscan/lib/libpointcloud_to_laserscan.so
[10.469s] -- Set runtime path of "/home/lx/ros2/ros/mid-360_ws/install/pointcloud_to_laserscan/lib/libpointcloud_to_laserscan.so" to ""
[10.469s] -- Installing: /home/lx/ros2/ros/mid-360_ws/install/pointcloud_to_laserscan/lib/pointcloud_to_laserscan/dummy_pointcloud_publisher
[10.470s] -- Set runtime path of "/home/lx/ros2/ros/mid-360_ws/install/pointcloud_to_laserscan/lib/pointcloud_to_laserscan/dummy_pointcloud_publisher" to ""
[10.470s] -- Up-to-date: /home/lx/ros2/ros/mid-360_ws/install/pointcloud_to_laserscan/share/pointcloud_to_laserscan/launch
[10.470s] -- Up-to-date: /home/lx/ros2/ros/mid-360_ws/install/pointcloud_to_laserscan/share/pointcloud_to_laserscan/launch/sample_pointcloud_to_laserscan_launch.py
[10.470s] -- Up-to-date: /home/lx/ros2/ros/mid-360_ws/install/pointcloud_to_laserscan/share/pointcloud_to_laserscan/launch/sample_laserscan_to_pointcloud_launch.py
[10.470s] -- Up-to-date: /home/lx/ros2/ros/mid-360_ws/install/pointcloud_to_laserscan/share/ament_index/resource_index/package_run_dependencies/pointcloud_to_laserscan
[10.471s] -- Up-to-date: /home/lx/ros2/ros/mid-360_ws/install/pointcloud_to_laserscan/share/ament_index/resource_index/parent_prefix_path/pointcloud_to_laserscan
[10.471s] -- Up-to-date: /home/lx/ros2/ros/mid-360_ws/install/pointcloud_to_laserscan/share/pointcloud_to_laserscan/environment/ament_prefix_path.sh
[10.471s] -- Up-to-date: /home/lx/ros2/ros/mid-360_ws/install/pointcloud_to_laserscan/share/pointcloud_to_laserscan/environment/ament_prefix_path.dsv
[10.471s] -- Up-to-date: /home/lx/ros2/ros/mid-360_ws/install/pointcloud_to_laserscan/share/pointcloud_to_laserscan/environment/path.sh
[10.471s] -- Up-to-date: /home/lx/ros2/ros/mid-360_ws/install/pointcloud_to_laserscan/share/pointcloud_to_laserscan/environment/path.dsv
[10.471s] -- Up-to-date: /home/lx/ros2/ros/mid-360_ws/install/pointcloud_to_laserscan/share/pointcloud_to_laserscan/local_setup.bash
[10.471s] -- Up-to-date: /home/lx/ros2/ros/mid-360_ws/install/pointcloud_to_laserscan/share/pointcloud_to_laserscan/local_setup.sh
[10.471s] -- Up-to-date: /home/lx/ros2/ros/mid-360_ws/install/pointcloud_to_laserscan/share/pointcloud_to_laserscan/local_setup.zsh
[10.471s] -- Up-to-date: /home/lx/ros2/ros/mid-360_ws/install/pointcloud_to_laserscan/share/pointcloud_to_laserscan/local_setup.dsv
[10.471s] -- Installing: /home/lx/ros2/ros/mid-360_ws/install/pointcloud_to_laserscan/share/pointcloud_to_laserscan/package.dsv
[10.471s] -- Up-to-date: /home/lx/ros2/ros/mid-360_ws/install/pointcloud_to_laserscan/share/ament_index/resource_index/packages/pointcloud_to_laserscan
[10.471s] -- Up-to-date: /home/lx/ros2/ros/mid-360_ws/install/pointcloud_to_laserscan/share/ament_index/resource_index/rclcpp_components/pointcloud_to_laserscan
[10.471s] -- Up-to-date: /home/lx/ros2/ros/mid-360_ws/install/pointcloud_to_laserscan/share/pointcloud_to_laserscan/cmake/ament_cmake_export_dependencies-extras.cmake
[10.471s] -- Up-to-date: /home/lx/ros2/ros/mid-360_ws/install/pointcloud_to_laserscan/share/pointcloud_to_laserscan/cmake/ament_cmake_export_include_directories-extras.cmake
[10.471s] -- Up-to-date: /home/lx/ros2/ros/mid-360_ws/install/pointcloud_to_laserscan/share/pointcloud_to_laserscan/cmake/ament_cmake_export_libraries-extras.cmake
[10.471s] -- Up-to-date: /home/lx/ros2/ros/mid-360_ws/install/pointcloud_to_laserscan/share/pointcloud_to_laserscan/cmake/pointcloud_to_laserscanConfig.cmake
[10.471s] -- Up-to-date: /home/lx/ros2/ros/mid-360_ws/install/pointcloud_to_laserscan/share/pointcloud_to_laserscan/cmake/pointcloud_to_laserscanConfig-version.cmake
[10.472s] -- Up-to-date: /home/lx/ros2/ros/mid-360_ws/install/pointcloud_to_laserscan/share/pointcloud_to_laserscan/package.xml
[10.472s] Invoked command in '/home/lx/ros2/ros/mid-360_ws/build/pointcloud_to_laserscan' returned '0': CMAKE_PREFIX_PATH=${CMAKE_PREFIX_PATH}:/opt/ros/humble /usr/bin/cmake --install /home/lx/ros2/ros/mid-360_ws/build/pointcloud_to_laserscan
