[0.268s] DEBUG:colcon:Command line arguments: ['/usr/bin/colcon', 'list', '-p', '--base-paths', '/home/lx/ros/gezebo_ws']
[0.268s] DEBUG:colcon:Parsed command line arguments: Namespace(log_base=None, log_level=None, verb_name='list', build_base='build', ignore_user_meta=False, metas=['./colcon.meta'], base_paths=['/home/lx/ros/gezebo_ws'], packages_ignore=None, packages_ignore_regex=None, paths=None, packages_up_to=None, packages_up_to_regex=None, packages_above=None, packages_above_and_dependencies=None, packages_above_depth=None, packages_select_by_dep=None, packages_skip_by_dep=None, packages_skip_up_to=None, packages_select_build_failed=False, packages_skip_build_finished=False, packages_select_test_failures=False, packages_skip_test_passed=False, packages_select=None, packages_skip=None, packages_select_regex=None, packages_skip_regex=None, packages_start=None, packages_end=None, allow_overriding=[], topological_order=False, names_only=False, paths_only=True, topological_graph=False, topological_graph_dot=False, topological_graph_density=False, topological_graph_legend=False, topological_graph_dot_cluster=False, topological_graph_dot_include_skipped=False, verb_parser=<colcon_defaults.argument_parser.defaults.DefaultArgumentsDecorator object at 0x7f021e2ce860>, verb_extension=<colcon_package_information.verb.list.ListVerb object at 0x7f021e274250>, main=<bound method ListVerb.main of <colcon_package_information.verb.list.ListVerb object at 0x7f021e274250>>)
[0.294s] Level 1:colcon.colcon_core.package_discovery:discover_packages(colcon_meta) check parameters
[0.294s] Level 1:colcon.colcon_core.package_discovery:discover_packages(recursive) check parameters
[0.294s] Level 1:colcon.colcon_core.package_discovery:discover_packages(ignore) check parameters
[0.294s] Level 1:colcon.colcon_core.package_discovery:discover_packages(path) check parameters
[0.294s] Level 1:colcon.colcon_core.package_discovery:discover_packages(recursive) discover
[0.294s] INFO:colcon.colcon_core.package_discovery:Crawling recursively for packages in '/home/lx/ros/gezebo_ws'
[0.294s] Level 1:colcon.colcon_core.package_identification:_identify(/home/lx/ros/gezebo_ws) by extensions ['ignore', 'ignore_ament_install']
[0.294s] Level 1:colcon.colcon_core.package_identification:_identify(/home/lx/ros/gezebo_ws) by extension 'ignore'
[0.294s] Level 1:colcon.colcon_core.package_identification:_identify(/home/lx/ros/gezebo_ws) by extension 'ignore_ament_install'
[0.294s] Level 1:colcon.colcon_core.package_identification:_identify(/home/lx/ros/gezebo_ws) by extensions ['colcon_pkg']
[0.294s] Level 1:colcon.colcon_core.package_identification:_identify(/home/lx/ros/gezebo_ws) by extension 'colcon_pkg'
[0.294s] Level 1:colcon.colcon_core.package_identification:_identify(/home/lx/ros/gezebo_ws) by extensions ['colcon_meta']
[0.294s] Level 1:colcon.colcon_core.package_identification:_identify(/home/lx/ros/gezebo_ws) by extension 'colcon_meta'
[0.294s] Level 1:colcon.colcon_core.package_identification:_identify(/home/lx/ros/gezebo_ws) by extensions ['ros']
[0.294s] Level 1:colcon.colcon_core.package_identification:_identify(/home/lx/ros/gezebo_ws) by extension 'ros'
[0.317s] Level 1:colcon.colcon_core.package_identification:_identify(/home/lx/ros/gezebo_ws) by extensions ['cmake', 'python']
[0.317s] Level 1:colcon.colcon_core.package_identification:_identify(/home/lx/ros/gezebo_ws) by extension 'cmake'
[0.317s] Level 1:colcon.colcon_core.package_identification:_identify(/home/lx/ros/gezebo_ws) by extension 'python'
[0.317s] Level 1:colcon.colcon_core.package_identification:_identify(/home/lx/ros/gezebo_ws) by extensions ['python_setup_py']
[0.318s] Level 1:colcon.colcon_core.package_identification:_identify(/home/lx/ros/gezebo_ws) by extension 'python_setup_py'
[0.318s] Level 1:colcon.colcon_core.package_identification:_identify(/home/lx/ros/gezebo_ws/build) by extensions ['ignore', 'ignore_ament_install']
[0.318s] Level 1:colcon.colcon_core.package_identification:_identify(/home/lx/ros/gezebo_ws/build) by extension 'ignore'
[0.318s] Level 1:colcon.colcon_core.package_identification:_identify(/home/lx/ros/gezebo_ws/build) ignored
[0.318s] Level 1:colcon.colcon_core.package_identification:_identify(/home/lx/ros/gezebo_ws/install) by extensions ['ignore', 'ignore_ament_install']
[0.318s] Level 1:colcon.colcon_core.package_identification:_identify(/home/lx/ros/gezebo_ws/install) by extension 'ignore'
[0.318s] Level 1:colcon.colcon_core.package_identification:_identify(/home/lx/ros/gezebo_ws/install) ignored
[0.318s] Level 1:colcon.colcon_core.package_identification:_identify(/home/lx/ros/gezebo_ws/log) by extensions ['ignore', 'ignore_ament_install']
[0.318s] Level 1:colcon.colcon_core.package_identification:_identify(/home/lx/ros/gezebo_ws/log) by extension 'ignore'
[0.318s] Level 1:colcon.colcon_core.package_identification:_identify(/home/lx/ros/gezebo_ws/log) ignored
[0.318s] Level 1:colcon.colcon_core.package_identification:_identify(/home/lx/ros/gezebo_ws/src) by extensions ['ignore', 'ignore_ament_install']
[0.318s] Level 1:colcon.colcon_core.package_identification:_identify(/home/lx/ros/gezebo_ws/src) by extension 'ignore'
[0.318s] Level 1:colcon.colcon_core.package_identification:_identify(/home/lx/ros/gezebo_ws/src) by extension 'ignore_ament_install'
[0.319s] Level 1:colcon.colcon_core.package_identification:_identify(/home/lx/ros/gezebo_ws/src) by extensions ['colcon_pkg']
[0.319s] Level 1:colcon.colcon_core.package_identification:_identify(/home/lx/ros/gezebo_ws/src) by extension 'colcon_pkg'
[0.319s] Level 1:colcon.colcon_core.package_identification:_identify(/home/lx/ros/gezebo_ws/src) by extensions ['colcon_meta']
[0.319s] Level 1:colcon.colcon_core.package_identification:_identify(/home/lx/ros/gezebo_ws/src) by extension 'colcon_meta'
[0.319s] Level 1:colcon.colcon_core.package_identification:_identify(/home/lx/ros/gezebo_ws/src) by extensions ['ros']
[0.319s] Level 1:colcon.colcon_core.package_identification:_identify(/home/lx/ros/gezebo_ws/src) by extension 'ros'
[0.319s] Level 1:colcon.colcon_core.package_identification:_identify(/home/lx/ros/gezebo_ws/src) by extensions ['cmake', 'python']
[0.319s] Level 1:colcon.colcon_core.package_identification:_identify(/home/lx/ros/gezebo_ws/src) by extension 'cmake'
[0.319s] Level 1:colcon.colcon_core.package_identification:_identify(/home/lx/ros/gezebo_ws/src) by extension 'python'
[0.319s] Level 1:colcon.colcon_core.package_identification:_identify(/home/lx/ros/gezebo_ws/src) by extensions ['python_setup_py']
[0.319s] Level 1:colcon.colcon_core.package_identification:_identify(/home/lx/ros/gezebo_ws/src) by extension 'python_setup_py'
[0.319s] Level 1:colcon.colcon_core.package_identification:_identify(/home/lx/ros/gezebo_ws/src/venue) by extensions ['ignore', 'ignore_ament_install']
[0.319s] Level 1:colcon.colcon_core.package_identification:_identify(/home/lx/ros/gezebo_ws/src/venue) by extension 'ignore'
[0.319s] Level 1:colcon.colcon_core.package_identification:_identify(/home/lx/ros/gezebo_ws/src/venue) by extension 'ignore_ament_install'
[0.319s] Level 1:colcon.colcon_core.package_identification:_identify(/home/lx/ros/gezebo_ws/src/venue) by extensions ['colcon_pkg']
[0.319s] Level 1:colcon.colcon_core.package_identification:_identify(/home/lx/ros/gezebo_ws/src/venue) by extension 'colcon_pkg'
[0.319s] Level 1:colcon.colcon_core.package_identification:_identify(/home/lx/ros/gezebo_ws/src/venue) by extensions ['colcon_meta']
[0.319s] Level 1:colcon.colcon_core.package_identification:_identify(/home/lx/ros/gezebo_ws/src/venue) by extension 'colcon_meta'
[0.319s] Level 1:colcon.colcon_core.package_identification:_identify(/home/lx/ros/gezebo_ws/src/venue) by extensions ['ros']
[0.319s] Level 1:colcon.colcon_core.package_identification:_identify(/home/lx/ros/gezebo_ws/src/venue) by extension 'ros'
[0.322s] DEBUG:colcon.colcon_core.package_identification:Failed to parse potential ROS package manifest in'/home/lx/ros/gezebo_ws/src/venue': Error(s) in package '/home/lx/ros/gezebo_ws/src/venue/package.xml':
Package name "场地" does not follow naming conventions
[0.322s] Level 1:colcon.colcon_core.package_identification:_identify(/home/lx/ros/gezebo_ws/src/venue) by extensions ['cmake', 'python']
[0.322s] Level 1:colcon.colcon_core.package_identification:_identify(/home/lx/ros/gezebo_ws/src/venue) by extension 'cmake'
[0.324s] Level 1:colcon.colcon_core.package_identification:_identify(/home/lx/ros/gezebo_ws/src/venue) by extension 'python'
[0.324s] DEBUG:colcon.colcon_core.package_identification:Package '/home/lx/ros/gezebo_ws/src/venue' with type 'cmake' and name 'venue'
[0.324s] Level 1:colcon.colcon_core.package_discovery:discover_packages(recursive) using defaults
