[0.477s] DEBUG:colcon:Command line arguments: ['/usr/bin/colcon', 'build']
[0.477s] DEBUG:colcon:Parsed command line arguments: Namespace(log_base=None, log_level=None, verb_name='build', build_base='build', install_base='install', merge_install=False, symlink_install=False, test_result_base=None, continue_on_error=False, executor='parallel', parallel_workers=16, event_handlers=None, ignore_user_meta=False, metas=['./colcon.meta'], base_paths=['.'], packages_ignore=None, packages_ignore_regex=None, paths=None, packages_up_to=None, packages_up_to_regex=None, packages_above=None, packages_above_and_dependencies=None, packages_above_depth=None, packages_select_by_dep=None, packages_skip_by_dep=None, packages_skip_up_to=None, packages_select_build_failed=False, packages_skip_build_finished=False, packages_select_test_failures=False, packages_skip_test_passed=False, packages_select=None, packages_skip=None, packages_select_regex=None, packages_skip_regex=None, packages_start=None, packages_end=None, allow_overriding=[], cmake_args=None, cmake_target=None, cmake_target_skip_unavailable=False, cmake_clean_cache=False, cmake_clean_first=False, cmake_force_configure=False, ament_cmake_args=None, catkin_cmake_args=None, catkin_skip_building_tests=False, verb_parser=<colcon_defaults.argument_parser.defaults.DefaultArgumentsDecorator object at 0x7f291bcccf40>, verb_extension=<colcon_core.verb.build.BuildVerb object at 0x7f291bf29b40>, main=<bound method BuildVerb.main of <colcon_core.verb.build.BuildVerb object at 0x7f291bf29b40>>)
[0.502s] Level 1:colcon.colcon_core.package_discovery:discover_packages(colcon_meta) check parameters
[0.502s] Level 1:colcon.colcon_core.package_discovery:discover_packages(recursive) check parameters
[0.502s] Level 1:colcon.colcon_core.package_discovery:discover_packages(ignore) check parameters
[0.502s] Level 1:colcon.colcon_core.package_discovery:discover_packages(path) check parameters
[0.502s] Level 1:colcon.colcon_core.package_discovery:discover_packages(colcon_meta) discover
[0.502s] Level 1:colcon.colcon_core.package_discovery:discover_packages(recursive) discover
[0.502s] INFO:colcon.colcon_core.package_discovery:Crawling recursively for packages in '/home/johan/ws_fast'
[0.502s] Level 1:colcon.colcon_core.package_identification:_identify(.) by extensions ['ignore', 'ignore_ament_install']
[0.502s] Level 1:colcon.colcon_core.package_identification:_identify(.) by extension 'ignore'
[0.502s] Level 1:colcon.colcon_core.package_identification:_identify(.) by extension 'ignore_ament_install'
[0.502s] Level 1:colcon.colcon_core.package_identification:_identify(.) by extensions ['colcon_pkg']
[0.502s] Level 1:colcon.colcon_core.package_identification:_identify(.) by extension 'colcon_pkg'
[0.502s] Level 1:colcon.colcon_core.package_identification:_identify(.) by extensions ['colcon_meta']
[0.502s] Level 1:colcon.colcon_core.package_identification:_identify(.) by extension 'colcon_meta'
[0.502s] Level 1:colcon.colcon_core.package_identification:_identify(.) by extensions ['ros']
[0.502s] Level 1:colcon.colcon_core.package_identification:_identify(.) by extension 'ros'
[0.510s] Level 1:colcon.colcon_core.package_identification:_identify(.) by extensions ['cmake', 'python']
[0.510s] Level 1:colcon.colcon_core.package_identification:_identify(.) by extension 'cmake'
[0.510s] Level 1:colcon.colcon_core.package_identification:_identify(.) by extension 'python'
[0.510s] Level 1:colcon.colcon_core.package_identification:_identify(.) by extensions ['python_setup_py']
[0.510s] Level 1:colcon.colcon_core.package_identification:_identify(.) by extension 'python_setup_py'
[0.510s] Level 1:colcon.colcon_core.package_identification:_identify(build) by extensions ['ignore', 'ignore_ament_install']
[0.510s] Level 1:colcon.colcon_core.package_identification:_identify(build) by extension 'ignore'
[0.510s] Level 1:colcon.colcon_core.package_identification:_identify(build) ignored
[0.510s] Level 1:colcon.colcon_core.package_identification:_identify(install) by extensions ['ignore', 'ignore_ament_install']
[0.510s] Level 1:colcon.colcon_core.package_identification:_identify(install) by extension 'ignore'
[0.510s] Level 1:colcon.colcon_core.package_identification:_identify(install) ignored
[0.510s] Level 1:colcon.colcon_core.package_identification:_identify(log) by extensions ['ignore', 'ignore_ament_install']
[0.511s] Level 1:colcon.colcon_core.package_identification:_identify(log) by extension 'ignore'
[0.511s] Level 1:colcon.colcon_core.package_identification:_identify(log) ignored
[0.511s] Level 1:colcon.colcon_core.package_identification:_identify(src) by extensions ['ignore', 'ignore_ament_install']
[0.511s] Level 1:colcon.colcon_core.package_identification:_identify(src) by extension 'ignore'
[0.511s] Level 1:colcon.colcon_core.package_identification:_identify(src) by extension 'ignore_ament_install'
[0.511s] Level 1:colcon.colcon_core.package_identification:_identify(src) by extensions ['colcon_pkg']
[0.511s] Level 1:colcon.colcon_core.package_identification:_identify(src) by extension 'colcon_pkg'
[0.511s] Level 1:colcon.colcon_core.package_identification:_identify(src) by extensions ['colcon_meta']
[0.511s] Level 1:colcon.colcon_core.package_identification:_identify(src) by extension 'colcon_meta'
[0.511s] Level 1:colcon.colcon_core.package_identification:_identify(src) by extensions ['ros']
[0.511s] Level 1:colcon.colcon_core.package_identification:_identify(src) by extension 'ros'
[0.511s] Level 1:colcon.colcon_core.package_identification:_identify(src) by extensions ['cmake', 'python']
[0.511s] Level 1:colcon.colcon_core.package_identification:_identify(src) by extension 'cmake'
[0.511s] Level 1:colcon.colcon_core.package_identification:_identify(src) by extension 'python'
[0.511s] Level 1:colcon.colcon_core.package_identification:_identify(src) by extensions ['python_setup_py']
[0.511s] Level 1:colcon.colcon_core.package_identification:_identify(src) by extension 'python_setup_py'
[0.511s] Level 1:colcon.colcon_core.package_identification:_identify(src/FAST_LIO) by extensions ['ignore', 'ignore_ament_install']
[0.511s] Level 1:colcon.colcon_core.package_identification:_identify(src/FAST_LIO) by extension 'ignore'
[0.511s] Level 1:colcon.colcon_core.package_identification:_identify(src/FAST_LIO) by extension 'ignore_ament_install'
[0.511s] Level 1:colcon.colcon_core.package_identification:_identify(src/FAST_LIO) by extensions ['colcon_pkg']
[0.511s] Level 1:colcon.colcon_core.package_identification:_identify(src/FAST_LIO) by extension 'colcon_pkg'
[0.511s] Level 1:colcon.colcon_core.package_identification:_identify(src/FAST_LIO) by extensions ['colcon_meta']
[0.511s] Level 1:colcon.colcon_core.package_identification:_identify(src/FAST_LIO) by extension 'colcon_meta'
[0.511s] Level 1:colcon.colcon_core.package_identification:_identify(src/FAST_LIO) by extensions ['ros']
[0.511s] Level 1:colcon.colcon_core.package_identification:_identify(src/FAST_LIO) by extension 'ros'
[0.513s] DEBUG:colcon.colcon_core.package_identification:Package 'src/FAST_LIO' with type 'ros.ament_cmake' and name 'fast_lio'
[0.513s] Level 1:colcon.colcon_core.package_identification:_identify(src/livox_ros_driver2) by extensions ['ignore', 'ignore_ament_install']
[0.513s] Level 1:colcon.colcon_core.package_identification:_identify(src/livox_ros_driver2) by extension 'ignore'
[0.513s] Level 1:colcon.colcon_core.package_identification:_identify(src/livox_ros_driver2) by extension 'ignore_ament_install'
[0.513s] Level 1:colcon.colcon_core.package_identification:_identify(src/livox_ros_driver2) by extensions ['colcon_pkg']
[0.513s] Level 1:colcon.colcon_core.package_identification:_identify(src/livox_ros_driver2) by extension 'colcon_pkg'
[0.513s] Level 1:colcon.colcon_core.package_identification:_identify(src/livox_ros_driver2) by extensions ['colcon_meta']
[0.513s] Level 1:colcon.colcon_core.package_identification:_identify(src/livox_ros_driver2) by extension 'colcon_meta'
[0.513s] Level 1:colcon.colcon_core.package_identification:_identify(src/livox_ros_driver2) by extensions ['ros']
[0.513s] Level 1:colcon.colcon_core.package_identification:_identify(src/livox_ros_driver2) by extension 'ros'
[0.514s] DEBUG:colcon.colcon_core.package_identification:Package 'src/livox_ros_driver2' with type 'ros.ament_cmake' and name 'livox_ros_driver2'
[0.514s] Level 1:colcon.colcon_core.package_identification:_identify(src/pointcloud_to_laserscan-rolling) by extensions ['ignore', 'ignore_ament_install']
[0.514s] Level 1:colcon.colcon_core.package_identification:_identify(src/pointcloud_to_laserscan-rolling) by extension 'ignore'
[0.514s] Level 1:colcon.colcon_core.package_identification:_identify(src/pointcloud_to_laserscan-rolling) by extension 'ignore_ament_install'
[0.514s] Level 1:colcon.colcon_core.package_identification:_identify(src/pointcloud_to_laserscan-rolling) by extensions ['colcon_pkg']
[0.514s] Level 1:colcon.colcon_core.package_identification:_identify(src/pointcloud_to_laserscan-rolling) by extension 'colcon_pkg'
[0.514s] Level 1:colcon.colcon_core.package_identification:_identify(src/pointcloud_to_laserscan-rolling) by extensions ['colcon_meta']
[0.514s] Level 1:colcon.colcon_core.package_identification:_identify(src/pointcloud_to_laserscan-rolling) by extension 'colcon_meta'
[0.514s] Level 1:colcon.colcon_core.package_identification:_identify(src/pointcloud_to_laserscan-rolling) by extensions ['ros']
[0.514s] Level 1:colcon.colcon_core.package_identification:_identify(src/pointcloud_to_laserscan-rolling) by extension 'ros'
[0.515s] DEBUG:colcon.colcon_core.package_identification:Package 'src/pointcloud_to_laserscan-rolling' with type 'ros.ament_cmake' and name 'pointcloud_to_laserscan'
[0.515s] Level 1:colcon.colcon_core.package_discovery:discover_packages(recursive) using defaults
[0.515s] Level 1:colcon.colcon_core.package_discovery:discover_packages(ignore) discover
[0.515s] Level 1:colcon.colcon_core.package_discovery:discover_packages(ignore) using defaults
[0.515s] Level 1:colcon.colcon_core.package_discovery:discover_packages(path) discover
[0.515s] Level 1:colcon.colcon_core.package_discovery:discover_packages(path) using defaults
[0.561s] Level 1:colcon.colcon_core.package_discovery:discover_packages(prefix_path) check parameters
[0.561s] Level 1:colcon.colcon_core.package_discovery:discover_packages(prefix_path) discover
[0.575s] DEBUG:colcon.colcon_installed_package_information.package_discovery:Found 3 installed packages in /home/johan/ws_fast/install
[0.582s] DEBUG:colcon.colcon_installed_package_information.package_discovery:Found 271 installed packages in /opt/ros/humble
[0.583s] Level 1:colcon.colcon_core.package_discovery:discover_packages(prefix_path) using defaults
[0.631s] Level 5:colcon.colcon_core.verb:set package 'livox_ros_driver2' build argument 'cmake_args' from command line to 'None'
[0.631s] Level 5:colcon.colcon_core.verb:set package 'livox_ros_driver2' build argument 'cmake_target' from command line to 'None'
[0.631s] Level 5:colcon.colcon_core.verb:set package 'livox_ros_driver2' build argument 'cmake_target_skip_unavailable' from command line to 'False'
[0.631s] Level 5:colcon.colcon_core.verb:set package 'livox_ros_driver2' build argument 'cmake_clean_cache' from command line to 'False'
[0.631s] Level 5:colcon.colcon_core.verb:set package 'livox_ros_driver2' build argument 'cmake_clean_first' from command line to 'False'
[0.631s] Level 5:colcon.colcon_core.verb:set package 'livox_ros_driver2' build argument 'cmake_force_configure' from command line to 'False'
[0.631s] Level 5:colcon.colcon_core.verb:set package 'livox_ros_driver2' build argument 'ament_cmake_args' from command line to 'None'
[0.631s] Level 5:colcon.colcon_core.verb:set package 'livox_ros_driver2' build argument 'catkin_cmake_args' from command line to 'None'
[0.631s] Level 5:colcon.colcon_core.verb:set package 'livox_ros_driver2' build argument 'catkin_skip_building_tests' from command line to 'False'
[0.631s] DEBUG:colcon.colcon_core.verb:Building package 'livox_ros_driver2' with the following arguments: {'ament_cmake_args': None, 'build_base': '/home/johan/ws_fast/build/livox_ros_driver2', 'catkin_cmake_args': None, 'catkin_skip_building_tests': False, 'cmake_args': None, 'cmake_clean_cache': False, 'cmake_clean_first': False, 'cmake_force_configure': False, 'cmake_target': None, 'cmake_target_skip_unavailable': False, 'install_base': '/home/johan/ws_fast/install/livox_ros_driver2', 'merge_install': False, 'path': '/home/johan/ws_fast/src/livox_ros_driver2', 'symlink_install': False, 'test_result_base': None}
[0.638s] Level 5:colcon.colcon_core.verb:set package 'pointcloud_to_laserscan' build argument 'cmake_args' from command line to 'None'
[0.638s] Level 5:colcon.colcon_core.verb:set package 'pointcloud_to_laserscan' build argument 'cmake_target' from command line to 'None'
[0.638s] Level 5:colcon.colcon_core.verb:set package 'pointcloud_to_laserscan' build argument 'cmake_target_skip_unavailable' from command line to 'False'
[0.638s] Level 5:colcon.colcon_core.verb:set package 'pointcloud_to_laserscan' build argument 'cmake_clean_cache' from command line to 'False'
[0.638s] Level 5:colcon.colcon_core.verb:set package 'pointcloud_to_laserscan' build argument 'cmake_clean_first' from command line to 'False'
[0.638s] Level 5:colcon.colcon_core.verb:set package 'pointcloud_to_laserscan' build argument 'cmake_force_configure' from command line to 'False'
[0.638s] Level 5:colcon.colcon_core.verb:set package 'pointcloud_to_laserscan' build argument 'ament_cmake_args' from command line to 'None'
[0.638s] Level 5:colcon.colcon_core.verb:set package 'pointcloud_to_laserscan' build argument 'catkin_cmake_args' from command line to 'None'
[0.638s] Level 5:colcon.colcon_core.verb:set package 'pointcloud_to_laserscan' build argument 'catkin_skip_building_tests' from command line to 'False'
[0.638s] DEBUG:colcon.colcon_core.verb:Building package 'pointcloud_to_laserscan' with the following arguments: {'ament_cmake_args': None, 'build_base': '/home/johan/ws_fast/build/pointcloud_to_laserscan', 'catkin_cmake_args': None, 'catkin_skip_building_tests': False, 'cmake_args': None, 'cmake_clean_cache': False, 'cmake_clean_first': False, 'cmake_force_configure': False, 'cmake_target': None, 'cmake_target_skip_unavailable': False, 'install_base': '/home/johan/ws_fast/install/pointcloud_to_laserscan', 'merge_install': False, 'path': '/home/johan/ws_fast/src/pointcloud_to_laserscan-rolling', 'symlink_install': False, 'test_result_base': None}
[0.645s] Level 5:colcon.colcon_core.verb:set package 'fast_lio' build argument 'cmake_args' from command line to 'None'
[0.645s] Level 5:colcon.colcon_core.verb:set package 'fast_lio' build argument 'cmake_target' from command line to 'None'
[0.645s] Level 5:colcon.colcon_core.verb:set package 'fast_lio' build argument 'cmake_target_skip_unavailable' from command line to 'False'
[0.645s] Level 5:colcon.colcon_core.verb:set package 'fast_lio' build argument 'cmake_clean_cache' from command line to 'False'
[0.645s] Level 5:colcon.colcon_core.verb:set package 'fast_lio' build argument 'cmake_clean_first' from command line to 'False'
[0.645s] Level 5:colcon.colcon_core.verb:set package 'fast_lio' build argument 'cmake_force_configure' from command line to 'False'
[0.645s] Level 5:colcon.colcon_core.verb:set package 'fast_lio' build argument 'ament_cmake_args' from command line to 'None'
[0.645s] Level 5:colcon.colcon_core.verb:set package 'fast_lio' build argument 'catkin_cmake_args' from command line to 'None'
[0.645s] Level 5:colcon.colcon_core.verb:set package 'fast_lio' build argument 'catkin_skip_building_tests' from command line to 'False'
[0.645s] DEBUG:colcon.colcon_core.verb:Building package 'fast_lio' with the following arguments: {'ament_cmake_args': None, 'build_base': '/home/johan/ws_fast/build/fast_lio', 'catkin_cmake_args': None, 'catkin_skip_building_tests': False, 'cmake_args': None, 'cmake_clean_cache': False, 'cmake_clean_first': False, 'cmake_force_configure': False, 'cmake_target': None, 'cmake_target_skip_unavailable': False, 'install_base': '/home/johan/ws_fast/install/fast_lio', 'merge_install': False, 'path': '/home/johan/ws_fast/src/FAST_LIO', 'symlink_install': False, 'test_result_base': None}
[0.651s] INFO:colcon.colcon_core.executor:Executing jobs using 'parallel' executor
[0.658s] DEBUG:colcon.colcon_parallel_executor.executor.parallel:run_until_complete
[0.659s] INFO:colcon.colcon_ros.task.ament_cmake.build:Building ROS package in '/home/johan/ws_fast/src/livox_ros_driver2' with build type 'ament_cmake'
[0.659s] INFO:colcon.colcon_cmake.task.cmake.build:Building CMake package in '/home/johan/ws_fast/src/livox_ros_driver2'
[0.667s] INFO:colcon.colcon_core.plugin_system:Skipping extension 'colcon_core.shell.bat': Not used on non-Windows systems
[0.667s] INFO:colcon.colcon_core.shell:Skip shell extension 'powershell' for command environment: Not usable outside of PowerShell
[0.667s] DEBUG:colcon.colcon_core.shell:Skip shell extension 'dsv' for command environment
[0.689s] INFO:colcon.colcon_ros.task.ament_cmake.build:Building ROS package in '/home/johan/ws_fast/src/pointcloud_to_laserscan-rolling' with build type 'ament_cmake'
[0.689s] INFO:colcon.colcon_cmake.task.cmake.build:Building CMake package in '/home/johan/ws_fast/src/pointcloud_to_laserscan-rolling'
[0.696s] INFO:colcon.colcon_core.shell:Skip shell extension 'powershell' for command environment: Not usable outside of PowerShell
[0.696s] DEBUG:colcon.colcon_core.shell:Skip shell extension 'dsv' for command environment
[0.722s] DEBUG:colcon.colcon_core.event_handler.log_command:Invoking command in '/home/johan/ws_fast/build/livox_ros_driver2': CMAKE_PREFIX_PATH=${CMAKE_PREFIX_PATH}:/opt/ros/humble /usr/bin/cmake --build /home/johan/ws_fast/build/livox_ros_driver2 -- -j16 -l16
[0.724s] DEBUG:colcon.colcon_core.event_handler.log_command:Invoking command in '/home/johan/ws_fast/build/pointcloud_to_laserscan': CMAKE_PREFIX_PATH=${CMAKE_PREFIX_PATH}:/opt/ros/humble /usr/bin/cmake --build /home/johan/ws_fast/build/pointcloud_to_laserscan -- -j16 -l16
[0.817s] DEBUG:colcon.colcon_core.event_handler.log_command:Invoked command in '/home/johan/ws_fast/build/pointcloud_to_laserscan' returned '0': CMAKE_PREFIX_PATH=${CMAKE_PREFIX_PATH}:/opt/ros/humble /usr/bin/cmake --build /home/johan/ws_fast/build/pointcloud_to_laserscan -- -j16 -l16
[0.851s] DEBUG:colcon.colcon_core.event_handler.log_command:Invoking command in '/home/johan/ws_fast/build/pointcloud_to_laserscan': CMAKE_PREFIX_PATH=${CMAKE_PREFIX_PATH}:/opt/ros/humble /usr/bin/cmake --install /home/johan/ws_fast/build/pointcloud_to_laserscan
[0.858s] Level 1:colcon.colcon_core.environment:create_environment_scripts_only(pointcloud_to_laserscan)
[0.863s] DEBUG:colcon.colcon_core.event_handler.log_command:Invoked command in '/home/johan/ws_fast/build/pointcloud_to_laserscan' returned '0': CMAKE_PREFIX_PATH=${CMAKE_PREFIX_PATH}:/opt/ros/humble /usr/bin/cmake --install /home/johan/ws_fast/build/pointcloud_to_laserscan
[0.871s] Level 1:colcon.colcon_core.environment:checking '/home/johan/ws_fast/install/pointcloud_to_laserscan' for CMake module files
[0.871s] Level 1:colcon.colcon_core.environment:checking '/home/johan/ws_fast/install/pointcloud_to_laserscan' for CMake config files
[0.871s] Level 1:colcon.colcon_core.shell:create_environment_hook('pointcloud_to_laserscan', 'cmake_prefix_path')
[0.878s] INFO:colcon.colcon_core.shell:Creating environment hook '/home/johan/ws_fast/install/pointcloud_to_laserscan/share/pointcloud_to_laserscan/hook/cmake_prefix_path.ps1'
[0.878s] INFO:colcon.colcon_core.shell:Creating environment descriptor '/home/johan/ws_fast/install/pointcloud_to_laserscan/share/pointcloud_to_laserscan/hook/cmake_prefix_path.dsv'
[0.879s] INFO:colcon.colcon_core.shell:Creating environment hook '/home/johan/ws_fast/install/pointcloud_to_laserscan/share/pointcloud_to_laserscan/hook/cmake_prefix_path.sh'
[0.879s] Level 1:colcon.colcon_core.environment:checking '/home/johan/ws_fast/install/pointcloud_to_laserscan/lib'
[0.879s] Level 1:colcon.colcon_core.shell:create_environment_hook('pointcloud_to_laserscan', 'ld_library_path_lib')
[0.887s] INFO:colcon.colcon_core.shell:Creating environment hook '/home/johan/ws_fast/install/pointcloud_to_laserscan/share/pointcloud_to_laserscan/hook/ld_library_path_lib.ps1'
[0.887s] INFO:colcon.colcon_core.shell:Creating environment descriptor '/home/johan/ws_fast/install/pointcloud_to_laserscan/share/pointcloud_to_laserscan/hook/ld_library_path_lib.dsv'
[0.887s] INFO:colcon.colcon_core.shell:Creating environment hook '/home/johan/ws_fast/install/pointcloud_to_laserscan/share/pointcloud_to_laserscan/hook/ld_library_path_lib.sh'
[0.887s] Level 1:colcon.colcon_core.environment:checking '/home/johan/ws_fast/install/pointcloud_to_laserscan/bin'
[0.887s] Level 1:colcon.colcon_core.environment:checking '/home/johan/ws_fast/install/pointcloud_to_laserscan/lib/pkgconfig/pointcloud_to_laserscan.pc'
[0.888s] Level 1:colcon.colcon_core.environment:checking '/home/johan/ws_fast/install/pointcloud_to_laserscan/lib/python3.10/site-packages'
[0.888s] Level 1:colcon.colcon_core.environment:checking '/home/johan/ws_fast/install/pointcloud_to_laserscan/bin'
[0.895s] INFO:colcon.colcon_core.shell:Creating package script '/home/johan/ws_fast/install/pointcloud_to_laserscan/share/pointcloud_to_laserscan/package.ps1'
[0.895s] INFO:colcon.colcon_core.shell:Creating package descriptor '/home/johan/ws_fast/install/pointcloud_to_laserscan/share/pointcloud_to_laserscan/package.dsv'
[0.895s] INFO:colcon.colcon_core.shell:Creating package script '/home/johan/ws_fast/install/pointcloud_to_laserscan/share/pointcloud_to_laserscan/package.sh'
[0.896s] INFO:colcon.colcon_core.shell:Creating package script '/home/johan/ws_fast/install/pointcloud_to_laserscan/share/pointcloud_to_laserscan/package.bash'
[0.896s] INFO:colcon.colcon_core.shell:Creating package script '/home/johan/ws_fast/install/pointcloud_to_laserscan/share/pointcloud_to_laserscan/package.zsh'
[0.897s] Level 1:colcon.colcon_core.environment:create_file_with_runtime_dependencies(/home/johan/ws_fast/install/pointcloud_to_laserscan/share/colcon-core/packages/pointcloud_to_laserscan)
[0.926s] Level 1:colcon.colcon_core.environment:create_environment_scripts_only(pointcloud_to_laserscan)
[0.934s] Level 1:colcon.colcon_core.environment:checking '/home/johan/ws_fast/install/pointcloud_to_laserscan' for CMake module files
[0.934s] Level 1:colcon.colcon_core.environment:checking '/home/johan/ws_fast/install/pointcloud_to_laserscan' for CMake config files
[0.934s] Level 1:colcon.colcon_core.shell:create_environment_hook('pointcloud_to_laserscan', 'cmake_prefix_path')
[0.941s] INFO:colcon.colcon_core.shell:Creating environment hook '/home/johan/ws_fast/install/pointcloud_to_laserscan/share/pointcloud_to_laserscan/hook/cmake_prefix_path.ps1'
[0.941s] INFO:colcon.colcon_core.shell:Creating environment descriptor '/home/johan/ws_fast/install/pointcloud_to_laserscan/share/pointcloud_to_laserscan/hook/cmake_prefix_path.dsv'
[0.941s] INFO:colcon.colcon_core.shell:Creating environment hook '/home/johan/ws_fast/install/pointcloud_to_laserscan/share/pointcloud_to_laserscan/hook/cmake_prefix_path.sh'
[0.942s] Level 1:colcon.colcon_core.environment:checking '/home/johan/ws_fast/install/pointcloud_to_laserscan/lib'
[0.942s] Level 1:colcon.colcon_core.shell:create_environment_hook('pointcloud_to_laserscan', 'ld_library_path_lib')
[0.948s] INFO:colcon.colcon_core.shell:Creating environment hook '/home/johan/ws_fast/install/pointcloud_to_laserscan/share/pointcloud_to_laserscan/hook/ld_library_path_lib.ps1'
[0.948s] INFO:colcon.colcon_core.shell:Creating environment descriptor '/home/johan/ws_fast/install/pointcloud_to_laserscan/share/pointcloud_to_laserscan/hook/ld_library_path_lib.dsv'
[0.949s] INFO:colcon.colcon_core.shell:Creating environment hook '/home/johan/ws_fast/install/pointcloud_to_laserscan/share/pointcloud_to_laserscan/hook/ld_library_path_lib.sh'
[0.949s] Level 1:colcon.colcon_core.environment:checking '/home/johan/ws_fast/install/pointcloud_to_laserscan/bin'
[0.949s] Level 1:colcon.colcon_core.environment:checking '/home/johan/ws_fast/install/pointcloud_to_laserscan/lib/pkgconfig/pointcloud_to_laserscan.pc'
[0.949s] Level 1:colcon.colcon_core.environment:checking '/home/johan/ws_fast/install/pointcloud_to_laserscan/lib/python3.10/site-packages'
[0.949s] Level 1:colcon.colcon_core.environment:checking '/home/johan/ws_fast/install/pointcloud_to_laserscan/bin'
[0.956s] INFO:colcon.colcon_core.shell:Creating package script '/home/johan/ws_fast/install/pointcloud_to_laserscan/share/pointcloud_to_laserscan/package.ps1'
[0.956s] INFO:colcon.colcon_core.shell:Creating package descriptor '/home/johan/ws_fast/install/pointcloud_to_laserscan/share/pointcloud_to_laserscan/package.dsv'
[0.956s] INFO:colcon.colcon_core.shell:Creating package script '/home/johan/ws_fast/install/pointcloud_to_laserscan/share/pointcloud_to_laserscan/package.sh'
[0.956s] INFO:colcon.colcon_core.shell:Creating package script '/home/johan/ws_fast/install/pointcloud_to_laserscan/share/pointcloud_to_laserscan/package.bash'
[0.956s] INFO:colcon.colcon_core.shell:Creating package script '/home/johan/ws_fast/install/pointcloud_to_laserscan/share/pointcloud_to_laserscan/package.zsh'
[0.957s] Level 1:colcon.colcon_core.environment:create_file_with_runtime_dependencies(/home/johan/ws_fast/install/pointcloud_to_laserscan/share/colcon-core/packages/pointcloud_to_laserscan)
[0.958s] DEBUG:colcon.colcon_core.event_handler.log_command:Invoked command in '/home/johan/ws_fast/build/livox_ros_driver2' returned '0': CMAKE_PREFIX_PATH=${CMAKE_PREFIX_PATH}:/opt/ros/humble /usr/bin/cmake --build /home/johan/ws_fast/build/livox_ros_driver2 -- -j16 -l16
[1.025s] DEBUG:colcon.colcon_core.event_handler.log_command:Invoking command in '/home/johan/ws_fast/build/livox_ros_driver2': CMAKE_PREFIX_PATH=${CMAKE_PREFIX_PATH}:/opt/ros/humble /usr/bin/cmake --install /home/johan/ws_fast/build/livox_ros_driver2
[1.062s] Level 1:colcon.colcon_core.environment:create_environment_scripts_only(livox_ros_driver2)
[1.062s] DEBUG:colcon.colcon_core.event_handler.log_command:Invoked command in '/home/johan/ws_fast/build/livox_ros_driver2' returned '0': CMAKE_PREFIX_PATH=${CMAKE_PREFIX_PATH}:/opt/ros/humble /usr/bin/cmake --install /home/johan/ws_fast/build/livox_ros_driver2
[1.069s] Level 1:colcon.colcon_core.environment:checking '/home/johan/ws_fast/install/livox_ros_driver2' for CMake module files
[1.069s] Level 1:colcon.colcon_core.environment:checking '/home/johan/ws_fast/install/livox_ros_driver2' for CMake config files
[1.070s] Level 1:colcon.colcon_core.shell:create_environment_hook('livox_ros_driver2', 'cmake_prefix_path')
[1.076s] INFO:colcon.colcon_core.shell:Creating environment hook '/home/johan/ws_fast/install/livox_ros_driver2/share/livox_ros_driver2/hook/cmake_prefix_path.ps1'
[1.077s] INFO:colcon.colcon_core.shell:Creating environment descriptor '/home/johan/ws_fast/install/livox_ros_driver2/share/livox_ros_driver2/hook/cmake_prefix_path.dsv'
[1.077s] INFO:colcon.colcon_core.shell:Creating environment hook '/home/johan/ws_fast/install/livox_ros_driver2/share/livox_ros_driver2/hook/cmake_prefix_path.sh'
[1.077s] Level 1:colcon.colcon_core.environment:checking '/home/johan/ws_fast/install/livox_ros_driver2/lib'
[1.077s] Level 1:colcon.colcon_core.shell:create_environment_hook('livox_ros_driver2', 'ld_library_path_lib')
[1.084s] INFO:colcon.colcon_core.shell:Creating environment hook '/home/johan/ws_fast/install/livox_ros_driver2/share/livox_ros_driver2/hook/ld_library_path_lib.ps1'
[1.084s] INFO:colcon.colcon_core.shell:Creating environment descriptor '/home/johan/ws_fast/install/livox_ros_driver2/share/livox_ros_driver2/hook/ld_library_path_lib.dsv'
[1.084s] INFO:colcon.colcon_core.shell:Creating environment hook '/home/johan/ws_fast/install/livox_ros_driver2/share/livox_ros_driver2/hook/ld_library_path_lib.sh'
[1.084s] Level 1:colcon.colcon_core.environment:checking '/home/johan/ws_fast/install/livox_ros_driver2/bin'
[1.084s] Level 1:colcon.colcon_core.environment:checking '/home/johan/ws_fast/install/livox_ros_driver2/lib/pkgconfig/livox_ros_driver2.pc'
[1.085s] Level 1:colcon.colcon_core.environment:checking '/home/johan/ws_fast/install/livox_ros_driver2/lib/python3.10/site-packages'
[1.085s] Level 1:colcon.colcon_core.environment:checking '/home/johan/ws_fast/install/livox_ros_driver2/bin'
[1.092s] INFO:colcon.colcon_core.shell:Creating package script '/home/johan/ws_fast/install/livox_ros_driver2/share/livox_ros_driver2/package.ps1'
[1.092s] INFO:colcon.colcon_core.shell:Creating package descriptor '/home/johan/ws_fast/install/livox_ros_driver2/share/livox_ros_driver2/package.dsv'
[1.092s] INFO:colcon.colcon_core.shell:Creating package script '/home/johan/ws_fast/install/livox_ros_driver2/share/livox_ros_driver2/package.sh'
[1.093s] INFO:colcon.colcon_core.shell:Creating package script '/home/johan/ws_fast/install/livox_ros_driver2/share/livox_ros_driver2/package.bash'
[1.093s] INFO:colcon.colcon_core.shell:Creating package script '/home/johan/ws_fast/install/livox_ros_driver2/share/livox_ros_driver2/package.zsh'
[1.093s] Level 1:colcon.colcon_core.environment:create_file_with_runtime_dependencies(/home/johan/ws_fast/install/livox_ros_driver2/share/colcon-core/packages/livox_ros_driver2)
[1.178s] Level 1:colcon.colcon_core.environment:create_environment_scripts_only(livox_ros_driver2)
[1.185s] Level 1:colcon.colcon_core.environment:checking '/home/johan/ws_fast/install/livox_ros_driver2' for CMake module files
[1.185s] Level 1:colcon.colcon_core.environment:checking '/home/johan/ws_fast/install/livox_ros_driver2' for CMake config files
[1.185s] Level 1:colcon.colcon_core.shell:create_environment_hook('livox_ros_driver2', 'cmake_prefix_path')
[1.192s] INFO:colcon.colcon_core.shell:Creating environment hook '/home/johan/ws_fast/install/livox_ros_driver2/share/livox_ros_driver2/hook/cmake_prefix_path.ps1'
[1.192s] INFO:colcon.colcon_core.shell:Creating environment descriptor '/home/johan/ws_fast/install/livox_ros_driver2/share/livox_ros_driver2/hook/cmake_prefix_path.dsv'
[1.193s] INFO:colcon.colcon_core.shell:Creating environment hook '/home/johan/ws_fast/install/livox_ros_driver2/share/livox_ros_driver2/hook/cmake_prefix_path.sh'
[1.193s] Level 1:colcon.colcon_core.environment:checking '/home/johan/ws_fast/install/livox_ros_driver2/lib'
[1.193s] Level 1:colcon.colcon_core.shell:create_environment_hook('livox_ros_driver2', 'ld_library_path_lib')
[1.206s] INFO:colcon.colcon_core.shell:Creating environment hook '/home/johan/ws_fast/install/livox_ros_driver2/share/livox_ros_driver2/hook/ld_library_path_lib.ps1'
[1.207s] INFO:colcon.colcon_core.shell:Creating environment descriptor '/home/johan/ws_fast/install/livox_ros_driver2/share/livox_ros_driver2/hook/ld_library_path_lib.dsv'
[1.207s] INFO:colcon.colcon_core.shell:Creating environment hook '/home/johan/ws_fast/install/livox_ros_driver2/share/livox_ros_driver2/hook/ld_library_path_lib.sh'
[1.207s] Level 1:colcon.colcon_core.environment:checking '/home/johan/ws_fast/install/livox_ros_driver2/bin'
[1.207s] Level 1:colcon.colcon_core.environment:checking '/home/johan/ws_fast/install/livox_ros_driver2/lib/pkgconfig/livox_ros_driver2.pc'
[1.207s] Level 1:colcon.colcon_core.environment:checking '/home/johan/ws_fast/install/livox_ros_driver2/lib/python3.10/site-packages'
[1.207s] Level 1:colcon.colcon_core.environment:checking '/home/johan/ws_fast/install/livox_ros_driver2/bin'
[1.214s] INFO:colcon.colcon_core.shell:Creating package script '/home/johan/ws_fast/install/livox_ros_driver2/share/livox_ros_driver2/package.ps1'
[1.214s] INFO:colcon.colcon_core.shell:Creating package descriptor '/home/johan/ws_fast/install/livox_ros_driver2/share/livox_ros_driver2/package.dsv'
[1.215s] INFO:colcon.colcon_core.shell:Creating package script '/home/johan/ws_fast/install/livox_ros_driver2/share/livox_ros_driver2/package.sh'
[1.215s] INFO:colcon.colcon_core.shell:Creating package script '/home/johan/ws_fast/install/livox_ros_driver2/share/livox_ros_driver2/package.bash'
[1.215s] INFO:colcon.colcon_core.shell:Creating package script '/home/johan/ws_fast/install/livox_ros_driver2/share/livox_ros_driver2/package.zsh'
[1.215s] Level 1:colcon.colcon_core.environment:create_file_with_runtime_dependencies(/home/johan/ws_fast/install/livox_ros_driver2/share/colcon-core/packages/livox_ros_driver2)
[1.216s] INFO:colcon.colcon_ros.task.ament_cmake.build:Building ROS package in '/home/johan/ws_fast/src/FAST_LIO' with build type 'ament_cmake'
[1.216s] INFO:colcon.colcon_cmake.task.cmake.build:Building CMake package in '/home/johan/ws_fast/src/FAST_LIO'
[1.223s] INFO:colcon.colcon_core.shell:Skip shell extension 'powershell' for command environment: Not usable outside of PowerShell
[1.223s] DEBUG:colcon.colcon_core.shell:Skip shell extension 'dsv' for command environment
[1.250s] DEBUG:colcon.colcon_core.event_handler.log_command:Invoking command in '/home/johan/ws_fast/build/fast_lio': CMAKE_PREFIX_PATH=/home/johan/ws_fast/install/livox_ros_driver2:/home/johan/ws_fast/install/pointcloud_to_laserscan:/home/johan/ws_fast/install/fast_lio:/opt/ros/humble LD_LIBRARY_PATH=/home/johan/ws_fast/install/livox_ros_driver2/lib:/home/johan/ws_fast/install/pointcloud_to_laserscan/lib:/home/johan/ws_fast/install/fast_lio/lib:/opt/ros/humble/opt/rviz_ogre_vendor/lib:/opt/ros/humble/lib/x86_64-linux-gnu:/opt/ros/humble/lib:/usr/local/lib /usr/bin/cmake --build /home/johan/ws_fast/build/fast_lio -- -j16 -l16
[1.456s] DEBUG:colcon.colcon_core.event_handler.log_command:Invoked command in '/home/johan/ws_fast/build/fast_lio' returned '0': CMAKE_PREFIX_PATH=/home/johan/ws_fast/install/livox_ros_driver2:/home/johan/ws_fast/install/pointcloud_to_laserscan:/home/johan/ws_fast/install/fast_lio:/opt/ros/humble LD_LIBRARY_PATH=/home/johan/ws_fast/install/livox_ros_driver2/lib:/home/johan/ws_fast/install/pointcloud_to_laserscan/lib:/home/johan/ws_fast/install/fast_lio/lib:/opt/ros/humble/opt/rviz_ogre_vendor/lib:/opt/ros/humble/lib/x86_64-linux-gnu:/opt/ros/humble/lib:/usr/local/lib /usr/bin/cmake --build /home/johan/ws_fast/build/fast_lio -- -j16 -l16
[1.500s] DEBUG:colcon.colcon_core.event_handler.log_command:Invoking command in '/home/johan/ws_fast/build/fast_lio': CMAKE_PREFIX_PATH=/home/johan/ws_fast/install/livox_ros_driver2:/home/johan/ws_fast/install/pointcloud_to_laserscan:/home/johan/ws_fast/install/fast_lio:/opt/ros/humble LD_LIBRARY_PATH=/home/johan/ws_fast/install/livox_ros_driver2/lib:/home/johan/ws_fast/install/pointcloud_to_laserscan/lib:/home/johan/ws_fast/install/fast_lio/lib:/opt/ros/humble/opt/rviz_ogre_vendor/lib:/opt/ros/humble/lib/x86_64-linux-gnu:/opt/ros/humble/lib:/usr/local/lib /usr/bin/cmake --install /home/johan/ws_fast/build/fast_lio
[1.535s] Level 1:colcon.colcon_core.environment:create_environment_scripts_only(fast_lio)
[1.535s] DEBUG:colcon.colcon_core.event_handler.log_command:Invoked command in '/home/johan/ws_fast/build/fast_lio' returned '0': CMAKE_PREFIX_PATH=/home/johan/ws_fast/install/livox_ros_driver2:/home/johan/ws_fast/install/pointcloud_to_laserscan:/home/johan/ws_fast/install/fast_lio:/opt/ros/humble LD_LIBRARY_PATH=/home/johan/ws_fast/install/livox_ros_driver2/lib:/home/johan/ws_fast/install/pointcloud_to_laserscan/lib:/home/johan/ws_fast/install/fast_lio/lib:/opt/ros/humble/opt/rviz_ogre_vendor/lib:/opt/ros/humble/lib/x86_64-linux-gnu:/opt/ros/humble/lib:/usr/local/lib /usr/bin/cmake --install /home/johan/ws_fast/build/fast_lio
[1.542s] Level 1:colcon.colcon_core.environment:checking '/home/johan/ws_fast/install/fast_lio' for CMake module files
[1.542s] Level 1:colcon.colcon_core.environment:checking '/home/johan/ws_fast/install/fast_lio' for CMake config files
[1.543s] Level 1:colcon.colcon_core.shell:create_environment_hook('fast_lio', 'cmake_prefix_path')
[1.549s] INFO:colcon.colcon_core.shell:Creating environment hook '/home/johan/ws_fast/install/fast_lio/share/fast_lio/hook/cmake_prefix_path.ps1'
[1.550s] INFO:colcon.colcon_core.shell:Creating environment descriptor '/home/johan/ws_fast/install/fast_lio/share/fast_lio/hook/cmake_prefix_path.dsv'
[1.550s] INFO:colcon.colcon_core.shell:Creating environment hook '/home/johan/ws_fast/install/fast_lio/share/fast_lio/hook/cmake_prefix_path.sh'
[1.550s] Level 1:colcon.colcon_core.environment:checking '/home/johan/ws_fast/install/fast_lio/lib'
[1.550s] Level 1:colcon.colcon_core.shell:create_environment_hook('fast_lio', 'ld_library_path_lib')
[1.557s] INFO:colcon.colcon_core.shell:Creating environment hook '/home/johan/ws_fast/install/fast_lio/share/fast_lio/hook/ld_library_path_lib.ps1'
[1.557s] INFO:colcon.colcon_core.shell:Creating environment descriptor '/home/johan/ws_fast/install/fast_lio/share/fast_lio/hook/ld_library_path_lib.dsv'
[1.557s] INFO:colcon.colcon_core.shell:Creating environment hook '/home/johan/ws_fast/install/fast_lio/share/fast_lio/hook/ld_library_path_lib.sh'
[1.558s] Level 1:colcon.colcon_core.environment:checking '/home/johan/ws_fast/install/fast_lio/bin'
[1.558s] Level 1:colcon.colcon_core.environment:checking '/home/johan/ws_fast/install/fast_lio/lib/pkgconfig/fast_lio.pc'
[1.558s] Level 1:colcon.colcon_core.environment:checking '/home/johan/ws_fast/install/fast_lio/lib/python3.10/site-packages'
[1.558s] Level 1:colcon.colcon_core.environment:checking '/home/johan/ws_fast/install/fast_lio/bin'
[1.565s] INFO:colcon.colcon_core.shell:Creating package script '/home/johan/ws_fast/install/fast_lio/share/fast_lio/package.ps1'
[1.565s] INFO:colcon.colcon_core.shell:Creating package descriptor '/home/johan/ws_fast/install/fast_lio/share/fast_lio/package.dsv'
[1.566s] INFO:colcon.colcon_core.shell:Creating package script '/home/johan/ws_fast/install/fast_lio/share/fast_lio/package.sh'
[1.566s] INFO:colcon.colcon_core.shell:Creating package script '/home/johan/ws_fast/install/fast_lio/share/fast_lio/package.bash'
[1.566s] INFO:colcon.colcon_core.shell:Creating package script '/home/johan/ws_fast/install/fast_lio/share/fast_lio/package.zsh'
[1.566s] Level 1:colcon.colcon_core.environment:create_file_with_runtime_dependencies(/home/johan/ws_fast/install/fast_lio/share/colcon-core/packages/fast_lio)
[1.613s] Level 1:colcon.colcon_core.environment:create_environment_scripts_only(fast_lio)
[1.620s] Level 1:colcon.colcon_core.environment:checking '/home/johan/ws_fast/install/fast_lio' for CMake module files
[1.620s] Level 1:colcon.colcon_core.environment:checking '/home/johan/ws_fast/install/fast_lio' for CMake config files
[1.620s] Level 1:colcon.colcon_core.shell:create_environment_hook('fast_lio', 'cmake_prefix_path')
[1.627s] INFO:colcon.colcon_core.shell:Creating environment hook '/home/johan/ws_fast/install/fast_lio/share/fast_lio/hook/cmake_prefix_path.ps1'
[1.627s] INFO:colcon.colcon_core.shell:Creating environment descriptor '/home/johan/ws_fast/install/fast_lio/share/fast_lio/hook/cmake_prefix_path.dsv'
[1.627s] INFO:colcon.colcon_core.shell:Creating environment hook '/home/johan/ws_fast/install/fast_lio/share/fast_lio/hook/cmake_prefix_path.sh'
[1.628s] Level 1:colcon.colcon_core.environment:checking '/home/johan/ws_fast/install/fast_lio/lib'
[1.628s] Level 1:colcon.colcon_core.shell:create_environment_hook('fast_lio', 'ld_library_path_lib')
[1.634s] INFO:colcon.colcon_core.shell:Creating environment hook '/home/johan/ws_fast/install/fast_lio/share/fast_lio/hook/ld_library_path_lib.ps1'
[1.634s] INFO:colcon.colcon_core.shell:Creating environment descriptor '/home/johan/ws_fast/install/fast_lio/share/fast_lio/hook/ld_library_path_lib.dsv'
[1.635s] INFO:colcon.colcon_core.shell:Creating environment hook '/home/johan/ws_fast/install/fast_lio/share/fast_lio/hook/ld_library_path_lib.sh'
[1.635s] Level 1:colcon.colcon_core.environment:checking '/home/johan/ws_fast/install/fast_lio/bin'
[1.635s] Level 1:colcon.colcon_core.environment:checking '/home/johan/ws_fast/install/fast_lio/lib/pkgconfig/fast_lio.pc'
[1.635s] Level 1:colcon.colcon_core.environment:checking '/home/johan/ws_fast/install/fast_lio/lib/python3.10/site-packages'
[1.635s] Level 1:colcon.colcon_core.environment:checking '/home/johan/ws_fast/install/fast_lio/bin'
[1.642s] INFO:colcon.colcon_core.shell:Creating package script '/home/johan/ws_fast/install/fast_lio/share/fast_lio/package.ps1'
[1.642s] INFO:colcon.colcon_core.shell:Creating package descriptor '/home/johan/ws_fast/install/fast_lio/share/fast_lio/package.dsv'
[1.642s] INFO:colcon.colcon_core.shell:Creating package script '/home/johan/ws_fast/install/fast_lio/share/fast_lio/package.sh'
[1.643s] INFO:colcon.colcon_core.shell:Creating package script '/home/johan/ws_fast/install/fast_lio/share/fast_lio/package.bash'
[1.643s] INFO:colcon.colcon_core.shell:Creating package script '/home/johan/ws_fast/install/fast_lio/share/fast_lio/package.zsh'
[1.643s] Level 1:colcon.colcon_core.environment:create_file_with_runtime_dependencies(/home/johan/ws_fast/install/fast_lio/share/colcon-core/packages/fast_lio)
[1.643s] DEBUG:colcon.colcon_parallel_executor.executor.parallel:closing loop
[1.643s] DEBUG:colcon.colcon_parallel_executor.executor.parallel:loop closed
[1.643s] DEBUG:colcon.colcon_parallel_executor.executor.parallel:run_until_complete finished with '0'
[1.644s] DEBUG:colcon.colcon_core.event_reactor:joining thread
[1.665s] INFO:colcon.colcon_core.plugin_system:Skipping extension 'colcon_notification.desktop_notification.terminal_notifier': Not used on non-Darwin systems
[1.665s] INFO:colcon.colcon_core.plugin_system:Skipping extension 'colcon_notification.desktop_notification.win32': Not used on non-Windows systems
[1.665s] INFO:colcon.colcon_notification.desktop_notification:Sending desktop notification using 'notify2'
[1.675s] DEBUG:colcon.colcon_core.event_reactor:joined thread
[1.683s] INFO:colcon.colcon_core.shell:Creating prefix script '/home/johan/ws_fast/install/local_setup.ps1'
[1.683s] INFO:colcon.colcon_core.shell:Creating prefix util module '/home/johan/ws_fast/install/_local_setup_util_ps1.py'
[1.684s] INFO:colcon.colcon_core.shell:Creating prefix chain script '/home/johan/ws_fast/install/setup.ps1'
[1.691s] INFO:colcon.colcon_core.shell:Creating prefix script '/home/johan/ws_fast/install/local_setup.sh'
[1.692s] INFO:colcon.colcon_core.shell:Creating prefix util module '/home/johan/ws_fast/install/_local_setup_util_sh.py'
[1.692s] INFO:colcon.colcon_core.shell:Creating prefix chain script '/home/johan/ws_fast/install/setup.sh'
[1.699s] INFO:colcon.colcon_core.shell:Creating prefix script '/home/johan/ws_fast/install/local_setup.bash'
[1.699s] INFO:colcon.colcon_core.shell:Creating prefix chain script '/home/johan/ws_fast/install/setup.bash'
[1.706s] INFO:colcon.colcon_core.shell:Creating prefix script '/home/johan/ws_fast/install/local_setup.zsh'
[1.707s] INFO:colcon.colcon_core.shell:Creating prefix chain script '/home/johan/ws_fast/install/setup.zsh'
