[0.876s] DEBUG:colcon:Command line arguments: ['/usr/bin/colcon', 'build']
[0.876s] DEBUG:colcon:Parsed command line arguments: Namespace(log_base=None, log_level=None, verb_name='build', build_base='build', install_base='install', merge_install=False, symlink_install=False, test_result_base=None, continue_on_error=False, executor='parallel', parallel_workers=12, event_handlers=None, ignore_user_meta=False, metas=['./colcon.meta'], base_paths=['.'], packages_ignore=None, packages_ignore_regex=None, paths=None, packages_up_to=None, packages_up_to_regex=None, packages_above=None, packages_above_and_dependencies=None, packages_above_depth=None, packages_select_by_dep=None, packages_skip_by_dep=None, packages_skip_up_to=None, packages_select_build_failed=False, packages_skip_build_finished=False, packages_select_test_failures=False, packages_skip_test_passed=False, packages_select=None, packages_skip=None, packages_select_regex=None, packages_skip_regex=None, packages_start=None, packages_end=None, allow_overriding=[], cmake_args=None, cmake_target=None, cmake_target_skip_unavailable=False, cmake_clean_cache=False, cmake_clean_first=False, cmake_force_configure=False, ament_cmake_args=None, catkin_cmake_args=None, catkin_skip_building_tests=False, verb_parser=<colcon_defaults.argument_parser.defaults.DefaultArgumentsDecorator object at 0x7f3570fa46d0>, verb_extension=<colcon_core.verb.build.BuildVerb object at 0x7f357144b9d0>, main=<bound method BuildVerb.main of <colcon_core.verb.build.BuildVerb object at 0x7f357144b9d0>>)
[0.917s] Level 1:colcon.colcon_core.package_discovery:discover_packages(colcon_meta) check parameters
[0.917s] Level 1:colcon.colcon_core.package_discovery:discover_packages(recursive) check parameters
[0.917s] Level 1:colcon.colcon_core.package_discovery:discover_packages(ignore) check parameters
[0.918s] Level 1:colcon.colcon_core.package_discovery:discover_packages(path) check parameters
[0.918s] Level 1:colcon.colcon_core.package_discovery:discover_packages(colcon_meta) discover
[0.918s] Level 1:colcon.colcon_core.package_discovery:discover_packages(recursive) discover
[0.918s] INFO:colcon.colcon_core.package_discovery:Crawling recursively for packages in '/home/lx/ros2/ros/xiao_ying'
[0.918s] Level 1:colcon.colcon_core.package_identification:_identify(.) by extensions ['ignore', 'ignore_ament_install']
[0.918s] Level 1:colcon.colcon_core.package_identification:_identify(.) by extension 'ignore'
[0.918s] Level 1:colcon.colcon_core.package_identification:_identify(.) by extension 'ignore_ament_install'
[0.918s] Level 1:colcon.colcon_core.package_identification:_identify(.) by extensions ['colcon_pkg']
[0.918s] Level 1:colcon.colcon_core.package_identification:_identify(.) by extension 'colcon_pkg'
[0.918s] Level 1:colcon.colcon_core.package_identification:_identify(.) by extensions ['colcon_meta']
[0.918s] Level 1:colcon.colcon_core.package_identification:_identify(.) by extension 'colcon_meta'
[0.918s] Level 1:colcon.colcon_core.package_identification:_identify(.) by extensions ['ros']
[0.918s] Level 1:colcon.colcon_core.package_identification:_identify(.) by extension 'ros'
[0.928s] Level 1:colcon.colcon_core.package_identification:_identify(.) by extensions ['cmake', 'python']
[0.928s] Level 1:colcon.colcon_core.package_identification:_identify(.) by extension 'cmake'
[0.929s] Level 1:colcon.colcon_core.package_identification:_identify(.) by extension 'python'
[0.929s] Level 1:colcon.colcon_core.package_identification:_identify(.) by extensions ['python_setup_py']
[0.929s] Level 1:colcon.colcon_core.package_identification:_identify(.) by extension 'python_setup_py'
[0.929s] Level 1:colcon.colcon_core.package_identification:_identify(build) by extensions ['ignore', 'ignore_ament_install']
[0.929s] Level 1:colcon.colcon_core.package_identification:_identify(build) by extension 'ignore'
[0.929s] Level 1:colcon.colcon_core.package_identification:_identify(build) ignored
[0.929s] Level 1:colcon.colcon_core.package_identification:_identify(install) by extensions ['ignore', 'ignore_ament_install']
[0.929s] Level 1:colcon.colcon_core.package_identification:_identify(install) by extension 'ignore'
[0.929s] Level 1:colcon.colcon_core.package_identification:_identify(install) ignored
[0.930s] Level 1:colcon.colcon_core.package_identification:_identify(log) by extensions ['ignore', 'ignore_ament_install']
[0.930s] Level 1:colcon.colcon_core.package_identification:_identify(log) by extension 'ignore'
[0.930s] Level 1:colcon.colcon_core.package_identification:_identify(log) ignored
[0.930s] Level 1:colcon.colcon_core.package_identification:_identify(src) by extensions ['ignore', 'ignore_ament_install']
[0.930s] Level 1:colcon.colcon_core.package_identification:_identify(src) by extension 'ignore'
[0.930s] Level 1:colcon.colcon_core.package_identification:_identify(src) by extension 'ignore_ament_install'
[0.930s] Level 1:colcon.colcon_core.package_identification:_identify(src) by extensions ['colcon_pkg']
[0.930s] Level 1:colcon.colcon_core.package_identification:_identify(src) by extension 'colcon_pkg'
[0.930s] Level 1:colcon.colcon_core.package_identification:_identify(src) by extensions ['colcon_meta']
[0.930s] Level 1:colcon.colcon_core.package_identification:_identify(src) by extension 'colcon_meta'
[0.930s] Level 1:colcon.colcon_core.package_identification:_identify(src) by extensions ['ros']
[0.930s] Level 1:colcon.colcon_core.package_identification:_identify(src) by extension 'ros'
[0.930s] Level 1:colcon.colcon_core.package_identification:_identify(src) by extensions ['cmake', 'python']
[0.930s] Level 1:colcon.colcon_core.package_identification:_identify(src) by extension 'cmake'
[0.930s] Level 1:colcon.colcon_core.package_identification:_identify(src) by extension 'python'
[0.930s] Level 1:colcon.colcon_core.package_identification:_identify(src) by extensions ['python_setup_py']
[0.930s] Level 1:colcon.colcon_core.package_identification:_identify(src) by extension 'python_setup_py'
[0.930s] Level 1:colcon.colcon_core.package_identification:_identify(src/FAST_LIO) by extensions ['ignore', 'ignore_ament_install']
[0.931s] Level 1:colcon.colcon_core.package_identification:_identify(src/FAST_LIO) by extension 'ignore'
[0.931s] Level 1:colcon.colcon_core.package_identification:_identify(src/FAST_LIO) by extension 'ignore_ament_install'
[0.931s] Level 1:colcon.colcon_core.package_identification:_identify(src/FAST_LIO) by extensions ['colcon_pkg']
[0.931s] Level 1:colcon.colcon_core.package_identification:_identify(src/FAST_LIO) by extension 'colcon_pkg'
[0.931s] Level 1:colcon.colcon_core.package_identification:_identify(src/FAST_LIO) by extensions ['colcon_meta']
[0.931s] Level 1:colcon.colcon_core.package_identification:_identify(src/FAST_LIO) by extension 'colcon_meta'
[0.931s] Level 1:colcon.colcon_core.package_identification:_identify(src/FAST_LIO) by extensions ['ros']
[0.931s] Level 1:colcon.colcon_core.package_identification:_identify(src/FAST_LIO) by extension 'ros'
[0.935s] DEBUG:colcon.colcon_core.package_identification:Package 'src/FAST_LIO' with type 'ros.ament_cmake' and name 'fast_lio'
[0.935s] Level 1:colcon.colcon_core.package_identification:_identify(src/imu_complementary_filter) by extensions ['ignore', 'ignore_ament_install']
[0.935s] Level 1:colcon.colcon_core.package_identification:_identify(src/imu_complementary_filter) by extension 'ignore'
[0.935s] Level 1:colcon.colcon_core.package_identification:_identify(src/imu_complementary_filter) by extension 'ignore_ament_install'
[0.935s] Level 1:colcon.colcon_core.package_identification:_identify(src/imu_complementary_filter) by extensions ['colcon_pkg']
[0.935s] Level 1:colcon.colcon_core.package_identification:_identify(src/imu_complementary_filter) by extension 'colcon_pkg'
[0.935s] Level 1:colcon.colcon_core.package_identification:_identify(src/imu_complementary_filter) by extensions ['colcon_meta']
[0.935s] Level 1:colcon.colcon_core.package_identification:_identify(src/imu_complementary_filter) by extension 'colcon_meta'
[0.935s] Level 1:colcon.colcon_core.package_identification:_identify(src/imu_complementary_filter) by extensions ['ros']
[0.935s] Level 1:colcon.colcon_core.package_identification:_identify(src/imu_complementary_filter) by extension 'ros'
[0.936s] DEBUG:colcon.colcon_core.package_identification:Package 'src/imu_complementary_filter' with type 'ros.ament_cmake' and name 'imu_complementary_filter'
[0.936s] Level 1:colcon.colcon_core.package_identification:_identify(src/livox_ros_driver2) by extensions ['ignore', 'ignore_ament_install']
[0.936s] Level 1:colcon.colcon_core.package_identification:_identify(src/livox_ros_driver2) by extension 'ignore'
[0.936s] Level 1:colcon.colcon_core.package_identification:_identify(src/livox_ros_driver2) by extension 'ignore_ament_install'
[0.936s] Level 1:colcon.colcon_core.package_identification:_identify(src/livox_ros_driver2) by extensions ['colcon_pkg']
[0.936s] Level 1:colcon.colcon_core.package_identification:_identify(src/livox_ros_driver2) by extension 'colcon_pkg'
[0.936s] Level 1:colcon.colcon_core.package_identification:_identify(src/livox_ros_driver2) by extensions ['colcon_meta']
[0.936s] Level 1:colcon.colcon_core.package_identification:_identify(src/livox_ros_driver2) by extension 'colcon_meta'
[0.936s] Level 1:colcon.colcon_core.package_identification:_identify(src/livox_ros_driver2) by extensions ['ros']
[0.936s] Level 1:colcon.colcon_core.package_identification:_identify(src/livox_ros_driver2) by extension 'ros'
[0.937s] DEBUG:colcon.colcon_core.package_identification:Package 'src/livox_ros_driver2' with type 'ros.ament_cmake' and name 'livox_ros_driver2'
[0.937s] Level 1:colcon.colcon_core.package_identification:_identify(src/livox_to_pointcloud2) by extensions ['ignore', 'ignore_ament_install']
[0.937s] Level 1:colcon.colcon_core.package_identification:_identify(src/livox_to_pointcloud2) by extension 'ignore'
[0.938s] Level 1:colcon.colcon_core.package_identification:_identify(src/livox_to_pointcloud2) by extension 'ignore_ament_install'
[0.938s] Level 1:colcon.colcon_core.package_identification:_identify(src/livox_to_pointcloud2) by extensions ['colcon_pkg']
[0.938s] Level 1:colcon.colcon_core.package_identification:_identify(src/livox_to_pointcloud2) by extension 'colcon_pkg'
[0.938s] Level 1:colcon.colcon_core.package_identification:_identify(src/livox_to_pointcloud2) by extensions ['colcon_meta']
[0.938s] Level 1:colcon.colcon_core.package_identification:_identify(src/livox_to_pointcloud2) by extension 'colcon_meta'
[0.938s] Level 1:colcon.colcon_core.package_identification:_identify(src/livox_to_pointcloud2) by extensions ['ros']
[0.938s] Level 1:colcon.colcon_core.package_identification:_identify(src/livox_to_pointcloud2) by extension 'ros'
[0.944s] DEBUG:colcon.colcon_core.package_identification:Package 'src/livox_to_pointcloud2' with type 'ros.ament_cmake' and name 'livox_to_pointcloud2'
[0.944s] Level 1:colcon.colcon_core.package_identification:_identify(src/pointcloud_to_laserscan) by extensions ['ignore', 'ignore_ament_install']
[0.944s] Level 1:colcon.colcon_core.package_identification:_identify(src/pointcloud_to_laserscan) by extension 'ignore'
[0.944s] Level 1:colcon.colcon_core.package_identification:_identify(src/pointcloud_to_laserscan) by extension 'ignore_ament_install'
[0.944s] Level 1:colcon.colcon_core.package_identification:_identify(src/pointcloud_to_laserscan) by extensions ['colcon_pkg']
[0.944s] Level 1:colcon.colcon_core.package_identification:_identify(src/pointcloud_to_laserscan) by extension 'colcon_pkg'
[0.944s] Level 1:colcon.colcon_core.package_identification:_identify(src/pointcloud_to_laserscan) by extensions ['colcon_meta']
[0.944s] Level 1:colcon.colcon_core.package_identification:_identify(src/pointcloud_to_laserscan) by extension 'colcon_meta'
[0.944s] Level 1:colcon.colcon_core.package_identification:_identify(src/pointcloud_to_laserscan) by extensions ['ros']
[0.944s] Level 1:colcon.colcon_core.package_identification:_identify(src/pointcloud_to_laserscan) by extension 'ros'
[0.946s] DEBUG:colcon.colcon_core.package_identification:Package 'src/pointcloud_to_laserscan' with type 'ros.ament_cmake' and name 'pointcloud_to_laserscan'
[0.946s] Level 1:colcon.colcon_core.package_discovery:discover_packages(recursive) using defaults
[0.946s] Level 1:colcon.colcon_core.package_discovery:discover_packages(ignore) discover
[0.946s] Level 1:colcon.colcon_core.package_discovery:discover_packages(ignore) using defaults
[0.946s] Level 1:colcon.colcon_core.package_discovery:discover_packages(path) discover
[0.946s] Level 1:colcon.colcon_core.package_discovery:discover_packages(path) using defaults
[1.047s] Level 1:colcon.colcon_core.package_discovery:discover_packages(prefix_path) check parameters
[1.048s] Level 1:colcon.colcon_core.package_discovery:discover_packages(prefix_path) discover
[1.082s] DEBUG:colcon.colcon_installed_package_information.package_discovery:Found 5 installed packages in /home/lx/ros2/ros/xiao_ying/install
[1.099s] DEBUG:colcon.colcon_installed_package_information.package_discovery:Found 387 installed packages in /opt/ros/humble
[1.100s] Level 1:colcon.colcon_core.package_discovery:discover_packages(prefix_path) using defaults
[1.222s] Level 5:colcon.colcon_core.verb:set package 'imu_complementary_filter' build argument 'cmake_args' from command line to 'None'
[1.222s] Level 5:colcon.colcon_core.verb:set package 'imu_complementary_filter' build argument 'cmake_target' from command line to 'None'
[1.222s] Level 5:colcon.colcon_core.verb:set package 'imu_complementary_filter' build argument 'cmake_target_skip_unavailable' from command line to 'False'
[1.222s] Level 5:colcon.colcon_core.verb:set package 'imu_complementary_filter' build argument 'cmake_clean_cache' from command line to 'False'
[1.223s] Level 5:colcon.colcon_core.verb:set package 'imu_complementary_filter' build argument 'cmake_clean_first' from command line to 'False'
[1.223s] Level 5:colcon.colcon_core.verb:set package 'imu_complementary_filter' build argument 'cmake_force_configure' from command line to 'False'
[1.223s] Level 5:colcon.colcon_core.verb:set package 'imu_complementary_filter' build argument 'ament_cmake_args' from command line to 'None'
[1.223s] Level 5:colcon.colcon_core.verb:set package 'imu_complementary_filter' build argument 'catkin_cmake_args' from command line to 'None'
[1.223s] Level 5:colcon.colcon_core.verb:set package 'imu_complementary_filter' build argument 'catkin_skip_building_tests' from command line to 'False'
[1.223s] DEBUG:colcon.colcon_core.verb:Building package 'imu_complementary_filter' with the following arguments: {'ament_cmake_args': None, 'build_base': '/home/lx/ros2/ros/xiao_ying/build/imu_complementary_filter', 'catkin_cmake_args': None, 'catkin_skip_building_tests': False, 'cmake_args': None, 'cmake_clean_cache': False, 'cmake_clean_first': False, 'cmake_force_configure': False, 'cmake_target': None, 'cmake_target_skip_unavailable': False, 'install_base': '/home/lx/ros2/ros/xiao_ying/install/imu_complementary_filter', 'merge_install': False, 'path': '/home/lx/ros2/ros/xiao_ying/src/imu_complementary_filter', 'symlink_install': False, 'test_result_base': None}
[1.237s] Level 5:colcon.colcon_core.verb:set package 'livox_ros_driver2' build argument 'cmake_args' from command line to 'None'
[1.237s] Level 5:colcon.colcon_core.verb:set package 'livox_ros_driver2' build argument 'cmake_target' from command line to 'None'
[1.237s] Level 5:colcon.colcon_core.verb:set package 'livox_ros_driver2' build argument 'cmake_target_skip_unavailable' from command line to 'False'
[1.237s] Level 5:colcon.colcon_core.verb:set package 'livox_ros_driver2' build argument 'cmake_clean_cache' from command line to 'False'
[1.237s] Level 5:colcon.colcon_core.verb:set package 'livox_ros_driver2' build argument 'cmake_clean_first' from command line to 'False'
[1.238s] Level 5:colcon.colcon_core.verb:set package 'livox_ros_driver2' build argument 'cmake_force_configure' from command line to 'False'
[1.238s] Level 5:colcon.colcon_core.verb:set package 'livox_ros_driver2' build argument 'ament_cmake_args' from command line to 'None'
[1.238s] Level 5:colcon.colcon_core.verb:set package 'livox_ros_driver2' build argument 'catkin_cmake_args' from command line to 'None'
[1.238s] Level 5:colcon.colcon_core.verb:set package 'livox_ros_driver2' build argument 'catkin_skip_building_tests' from command line to 'False'
[1.238s] DEBUG:colcon.colcon_core.verb:Building package 'livox_ros_driver2' with the following arguments: {'ament_cmake_args': None, 'build_base': '/home/lx/ros2/ros/xiao_ying/build/livox_ros_driver2', 'catkin_cmake_args': None, 'catkin_skip_building_tests': False, 'cmake_args': None, 'cmake_clean_cache': False, 'cmake_clean_first': False, 'cmake_force_configure': False, 'cmake_target': None, 'cmake_target_skip_unavailable': False, 'install_base': '/home/lx/ros2/ros/xiao_ying/install/livox_ros_driver2', 'merge_install': False, 'path': '/home/lx/ros2/ros/xiao_ying/src/livox_ros_driver2', 'symlink_install': False, 'test_result_base': None}
[1.253s] Level 5:colcon.colcon_core.verb:set package 'pointcloud_to_laserscan' build argument 'cmake_args' from command line to 'None'
[1.253s] Level 5:colcon.colcon_core.verb:set package 'pointcloud_to_laserscan' build argument 'cmake_target' from command line to 'None'
[1.253s] Level 5:colcon.colcon_core.verb:set package 'pointcloud_to_laserscan' build argument 'cmake_target_skip_unavailable' from command line to 'False'
[1.253s] Level 5:colcon.colcon_core.verb:set package 'pointcloud_to_laserscan' build argument 'cmake_clean_cache' from command line to 'False'
[1.253s] Level 5:colcon.colcon_core.verb:set package 'pointcloud_to_laserscan' build argument 'cmake_clean_first' from command line to 'False'
[1.253s] Level 5:colcon.colcon_core.verb:set package 'pointcloud_to_laserscan' build argument 'cmake_force_configure' from command line to 'False'
[1.253s] Level 5:colcon.colcon_core.verb:set package 'pointcloud_to_laserscan' build argument 'ament_cmake_args' from command line to 'None'
[1.253s] Level 5:colcon.colcon_core.verb:set package 'pointcloud_to_laserscan' build argument 'catkin_cmake_args' from command line to 'None'
[1.253s] Level 5:colcon.colcon_core.verb:set package 'pointcloud_to_laserscan' build argument 'catkin_skip_building_tests' from command line to 'False'
[1.253s] DEBUG:colcon.colcon_core.verb:Building package 'pointcloud_to_laserscan' with the following arguments: {'ament_cmake_args': None, 'build_base': '/home/lx/ros2/ros/xiao_ying/build/pointcloud_to_laserscan', 'catkin_cmake_args': None, 'catkin_skip_building_tests': False, 'cmake_args': None, 'cmake_clean_cache': False, 'cmake_clean_first': False, 'cmake_force_configure': False, 'cmake_target': None, 'cmake_target_skip_unavailable': False, 'install_base': '/home/lx/ros2/ros/xiao_ying/install/pointcloud_to_laserscan', 'merge_install': False, 'path': '/home/lx/ros2/ros/xiao_ying/src/pointcloud_to_laserscan', 'symlink_install': False, 'test_result_base': None}
[1.268s] Level 5:colcon.colcon_core.verb:set package 'fast_lio' build argument 'cmake_args' from command line to 'None'
[1.268s] Level 5:colcon.colcon_core.verb:set package 'fast_lio' build argument 'cmake_target' from command line to 'None'
[1.268s] Level 5:colcon.colcon_core.verb:set package 'fast_lio' build argument 'cmake_target_skip_unavailable' from command line to 'False'
[1.268s] Level 5:colcon.colcon_core.verb:set package 'fast_lio' build argument 'cmake_clean_cache' from command line to 'False'
[1.268s] Level 5:colcon.colcon_core.verb:set package 'fast_lio' build argument 'cmake_clean_first' from command line to 'False'
[1.268s] Level 5:colcon.colcon_core.verb:set package 'fast_lio' build argument 'cmake_force_configure' from command line to 'False'
[1.268s] Level 5:colcon.colcon_core.verb:set package 'fast_lio' build argument 'ament_cmake_args' from command line to 'None'
[1.268s] Level 5:colcon.colcon_core.verb:set package 'fast_lio' build argument 'catkin_cmake_args' from command line to 'None'
[1.268s] Level 5:colcon.colcon_core.verb:set package 'fast_lio' build argument 'catkin_skip_building_tests' from command line to 'False'
[1.268s] DEBUG:colcon.colcon_core.verb:Building package 'fast_lio' with the following arguments: {'ament_cmake_args': None, 'build_base': '/home/lx/ros2/ros/xiao_ying/build/fast_lio', 'catkin_cmake_args': None, 'catkin_skip_building_tests': False, 'cmake_args': None, 'cmake_clean_cache': False, 'cmake_clean_first': False, 'cmake_force_configure': False, 'cmake_target': None, 'cmake_target_skip_unavailable': False, 'install_base': '/home/lx/ros2/ros/xiao_ying/install/fast_lio', 'merge_install': False, 'path': '/home/lx/ros2/ros/xiao_ying/src/FAST_LIO', 'symlink_install': False, 'test_result_base': None}
[1.287s] Level 5:colcon.colcon_core.verb:set package 'livox_to_pointcloud2' build argument 'cmake_args' from command line to 'None'
[1.287s] Level 5:colcon.colcon_core.verb:set package 'livox_to_pointcloud2' build argument 'cmake_target' from command line to 'None'
[1.287s] Level 5:colcon.colcon_core.verb:set package 'livox_to_pointcloud2' build argument 'cmake_target_skip_unavailable' from command line to 'False'
[1.287s] Level 5:colcon.colcon_core.verb:set package 'livox_to_pointcloud2' build argument 'cmake_clean_cache' from command line to 'False'
[1.287s] Level 5:colcon.colcon_core.verb:set package 'livox_to_pointcloud2' build argument 'cmake_clean_first' from command line to 'False'
[1.287s] Level 5:colcon.colcon_core.verb:set package 'livox_to_pointcloud2' build argument 'cmake_force_configure' from command line to 'False'
[1.287s] Level 5:colcon.colcon_core.verb:set package 'livox_to_pointcloud2' build argument 'ament_cmake_args' from command line to 'None'
[1.287s] Level 5:colcon.colcon_core.verb:set package 'livox_to_pointcloud2' build argument 'catkin_cmake_args' from command line to 'None'
[1.287s] Level 5:colcon.colcon_core.verb:set package 'livox_to_pointcloud2' build argument 'catkin_skip_building_tests' from command line to 'False'
[1.287s] DEBUG:colcon.colcon_core.verb:Building package 'livox_to_pointcloud2' with the following arguments: {'ament_cmake_args': None, 'build_base': '/home/lx/ros2/ros/xiao_ying/build/livox_to_pointcloud2', 'catkin_cmake_args': None, 'catkin_skip_building_tests': False, 'cmake_args': None, 'cmake_clean_cache': False, 'cmake_clean_first': False, 'cmake_force_configure': False, 'cmake_target': None, 'cmake_target_skip_unavailable': False, 'install_base': '/home/lx/ros2/ros/xiao_ying/install/livox_to_pointcloud2', 'merge_install': False, 'path': '/home/lx/ros2/ros/xiao_ying/src/livox_to_pointcloud2', 'symlink_install': False, 'test_result_base': None}
[1.305s] INFO:colcon.colcon_core.executor:Executing jobs using 'parallel' executor
[1.323s] DEBUG:colcon.colcon_parallel_executor.executor.parallel:run_until_complete
[1.323s] INFO:colcon.colcon_ros.task.ament_cmake.build:Building ROS package in '/home/lx/ros2/ros/xiao_ying/src/livox_ros_driver2' with build type 'ament_cmake'
[1.324s] INFO:colcon.colcon_cmake.task.cmake.build:Building CMake package in '/home/lx/ros2/ros/xiao_ying/src/livox_ros_driver2'
[1.348s] INFO:colcon.colcon_core.plugin_system:Skipping extension 'colcon_core.shell.bat': Not used on non-Windows systems
[1.348s] INFO:colcon.colcon_core.shell:Skip shell extension 'powershell' for command environment: Not usable outside of PowerShell
[1.348s] DEBUG:colcon.colcon_core.shell:Skip shell extension 'dsv' for command environment
[1.416s] INFO:colcon.colcon_ros.task.ament_cmake.build:Building ROS package in '/home/lx/ros2/ros/xiao_ying/src/imu_complementary_filter' with build type 'ament_cmake'
[1.416s] INFO:colcon.colcon_cmake.task.cmake.build:Building CMake package in '/home/lx/ros2/ros/xiao_ying/src/imu_complementary_filter'
[1.436s] INFO:colcon.colcon_core.shell:Skip shell extension 'powershell' for command environment: Not usable outside of PowerShell
[1.436s] DEBUG:colcon.colcon_core.shell:Skip shell extension 'dsv' for command environment
[1.492s] INFO:colcon.colcon_ros.task.ament_cmake.build:Building ROS package in '/home/lx/ros2/ros/xiao_ying/src/pointcloud_to_laserscan' with build type 'ament_cmake'
[1.492s] INFO:colcon.colcon_cmake.task.cmake.build:Building CMake package in '/home/lx/ros2/ros/xiao_ying/src/pointcloud_to_laserscan'
[1.510s] INFO:colcon.colcon_core.shell:Skip shell extension 'powershell' for command environment: Not usable outside of PowerShell
[1.510s] DEBUG:colcon.colcon_core.shell:Skip shell extension 'dsv' for command environment
[1.571s] DEBUG:colcon.colcon_core.event_handler.log_command:Invoking command in '/home/lx/ros2/ros/xiao_ying/build/livox_ros_driver2': CMAKE_PREFIX_PATH=${CMAKE_PREFIX_PATH}:/opt/ros/humble /usr/bin/cmake --build /home/lx/ros2/ros/xiao_ying/build/livox_ros_driver2 -- -j12 -l12
[1.575s] DEBUG:colcon.colcon_core.event_handler.log_command:Invoking command in '/home/lx/ros2/ros/xiao_ying/build/imu_complementary_filter': CMAKE_PREFIX_PATH=${CMAKE_PREFIX_PATH}:/opt/ros/humble /usr/bin/cmake --build /home/lx/ros2/ros/xiao_ying/build/imu_complementary_filter -- -j12 -l12
[1.581s] DEBUG:colcon.colcon_core.event_handler.log_command:Invoking command in '/home/lx/ros2/ros/xiao_ying/build/pointcloud_to_laserscan': CMAKE_PREFIX_PATH=${CMAKE_PREFIX_PATH}:/opt/ros/humble /usr/bin/cmake --build /home/lx/ros2/ros/xiao_ying/build/pointcloud_to_laserscan -- -j12 -l12
[1.768s] DEBUG:colcon.colcon_core.event_handler.log_command:Invoked command in '/home/lx/ros2/ros/xiao_ying/build/imu_complementary_filter' returned '0': CMAKE_PREFIX_PATH=${CMAKE_PREFIX_PATH}:/opt/ros/humble /usr/bin/cmake --build /home/lx/ros2/ros/xiao_ying/build/imu_complementary_filter -- -j12 -l12
[1.839s] DEBUG:colcon.colcon_core.event_handler.log_command:Invoking command in '/home/lx/ros2/ros/xiao_ying/build/imu_complementary_filter': CMAKE_PREFIX_PATH=${CMAKE_PREFIX_PATH}:/opt/ros/humble /usr/bin/cmake --install /home/lx/ros2/ros/xiao_ying/build/imu_complementary_filter
[1.851s] DEBUG:colcon.colcon_core.event_handler.log_command:Invoked command in '/home/lx/ros2/ros/xiao_ying/build/pointcloud_to_laserscan' returned '0': CMAKE_PREFIX_PATH=${CMAKE_PREFIX_PATH}:/opt/ros/humble /usr/bin/cmake --build /home/lx/ros2/ros/xiao_ying/build/pointcloud_to_laserscan -- -j12 -l12
[1.859s] Level 1:colcon.colcon_core.environment:create_environment_scripts_only(imu_complementary_filter)
[1.862s] DEBUG:colcon.colcon_core.event_handler.log_command:Invoked command in '/home/lx/ros2/ros/xiao_ying/build/imu_complementary_filter' returned '0': CMAKE_PREFIX_PATH=${CMAKE_PREFIX_PATH}:/opt/ros/humble /usr/bin/cmake --install /home/lx/ros2/ros/xiao_ying/build/imu_complementary_filter
[1.893s] Level 1:colcon.colcon_core.environment:checking '/home/lx/ros2/ros/xiao_ying/install/imu_complementary_filter' for CMake module files
[1.894s] Level 1:colcon.colcon_core.environment:checking '/home/lx/ros2/ros/xiao_ying/install/imu_complementary_filter' for CMake config files
[1.895s] Level 1:colcon.colcon_core.shell:create_environment_hook('imu_complementary_filter', 'cmake_prefix_path')
[1.921s] INFO:colcon.colcon_core.shell:Creating environment hook '/home/lx/ros2/ros/xiao_ying/install/imu_complementary_filter/share/imu_complementary_filter/hook/cmake_prefix_path.ps1'
[1.922s] INFO:colcon.colcon_core.shell:Creating environment descriptor '/home/lx/ros2/ros/xiao_ying/install/imu_complementary_filter/share/imu_complementary_filter/hook/cmake_prefix_path.dsv'
[1.922s] INFO:colcon.colcon_core.shell:Creating environment hook '/home/lx/ros2/ros/xiao_ying/install/imu_complementary_filter/share/imu_complementary_filter/hook/cmake_prefix_path.sh'
[1.923s] Level 1:colcon.colcon_core.environment:checking '/home/lx/ros2/ros/xiao_ying/install/imu_complementary_filter/lib'
[1.923s] Level 1:colcon.colcon_core.shell:create_environment_hook('imu_complementary_filter', 'ld_library_path_lib')
[1.940s] INFO:colcon.colcon_core.shell:Creating environment hook '/home/lx/ros2/ros/xiao_ying/install/imu_complementary_filter/share/imu_complementary_filter/hook/ld_library_path_lib.ps1'
[1.940s] INFO:colcon.colcon_core.shell:Creating environment descriptor '/home/lx/ros2/ros/xiao_ying/install/imu_complementary_filter/share/imu_complementary_filter/hook/ld_library_path_lib.dsv'
[1.940s] INFO:colcon.colcon_core.shell:Creating environment hook '/home/lx/ros2/ros/xiao_ying/install/imu_complementary_filter/share/imu_complementary_filter/hook/ld_library_path_lib.sh'
[1.941s] Level 1:colcon.colcon_core.environment:checking '/home/lx/ros2/ros/xiao_ying/install/imu_complementary_filter/bin'
[1.941s] Level 1:colcon.colcon_core.environment:checking '/home/lx/ros2/ros/xiao_ying/install/imu_complementary_filter/lib/pkgconfig/imu_complementary_filter.pc'
[1.941s] Level 1:colcon.colcon_core.environment:checking '/home/lx/ros2/ros/xiao_ying/install/imu_complementary_filter/lib/python3.10/site-packages'
[1.941s] Level 1:colcon.colcon_core.environment:checking '/home/lx/ros2/ros/xiao_ying/install/imu_complementary_filter/bin'
[1.961s] INFO:colcon.colcon_core.shell:Creating package script '/home/lx/ros2/ros/xiao_ying/install/imu_complementary_filter/share/imu_complementary_filter/package.ps1'
[1.962s] INFO:colcon.colcon_core.shell:Creating package descriptor '/home/lx/ros2/ros/xiao_ying/install/imu_complementary_filter/share/imu_complementary_filter/package.dsv'
[1.964s] INFO:colcon.colcon_core.shell:Creating package script '/home/lx/ros2/ros/xiao_ying/install/imu_complementary_filter/share/imu_complementary_filter/package.sh'
[1.965s] INFO:colcon.colcon_core.shell:Creating package script '/home/lx/ros2/ros/xiao_ying/install/imu_complementary_filter/share/imu_complementary_filter/package.bash'
[1.967s] INFO:colcon.colcon_core.shell:Creating package script '/home/lx/ros2/ros/xiao_ying/install/imu_complementary_filter/share/imu_complementary_filter/package.zsh'
[1.968s] Level 1:colcon.colcon_core.environment:create_file_with_runtime_dependencies(/home/lx/ros2/ros/xiao_ying/install/imu_complementary_filter/share/colcon-core/packages/imu_complementary_filter)
[1.971s] DEBUG:colcon.colcon_core.event_handler.log_command:Invoking command in '/home/lx/ros2/ros/xiao_ying/build/pointcloud_to_laserscan': CMAKE_PREFIX_PATH=${CMAKE_PREFIX_PATH}:/opt/ros/humble /usr/bin/cmake --install /home/lx/ros2/ros/xiao_ying/build/pointcloud_to_laserscan
[1.985s] Level 1:colcon.colcon_core.environment:create_environment_scripts_only(pointcloud_to_laserscan)
[1.986s] DEBUG:colcon.colcon_core.event_handler.log_command:Invoked command in '/home/lx/ros2/ros/xiao_ying/build/pointcloud_to_laserscan' returned '0': CMAKE_PREFIX_PATH=${CMAKE_PREFIX_PATH}:/opt/ros/humble /usr/bin/cmake --install /home/lx/ros2/ros/xiao_ying/build/pointcloud_to_laserscan
[2.004s] Level 1:colcon.colcon_core.environment:checking '/home/lx/ros2/ros/xiao_ying/install/pointcloud_to_laserscan' for CMake module files
[2.005s] Level 1:colcon.colcon_core.environment:checking '/home/lx/ros2/ros/xiao_ying/install/pointcloud_to_laserscan' for CMake config files
[2.005s] Level 1:colcon.colcon_core.shell:create_environment_hook('pointcloud_to_laserscan', 'cmake_prefix_path')
[2.022s] INFO:colcon.colcon_core.shell:Creating environment hook '/home/lx/ros2/ros/xiao_ying/install/pointcloud_to_laserscan/share/pointcloud_to_laserscan/hook/cmake_prefix_path.ps1'
[2.023s] INFO:colcon.colcon_core.shell:Creating environment descriptor '/home/lx/ros2/ros/xiao_ying/install/pointcloud_to_laserscan/share/pointcloud_to_laserscan/hook/cmake_prefix_path.dsv'
[2.023s] INFO:colcon.colcon_core.shell:Creating environment hook '/home/lx/ros2/ros/xiao_ying/install/pointcloud_to_laserscan/share/pointcloud_to_laserscan/hook/cmake_prefix_path.sh'
[2.024s] Level 1:colcon.colcon_core.environment:checking '/home/lx/ros2/ros/xiao_ying/install/pointcloud_to_laserscan/lib'
[2.024s] Level 1:colcon.colcon_core.shell:create_environment_hook('pointcloud_to_laserscan', 'ld_library_path_lib')
[2.045s] INFO:colcon.colcon_core.shell:Creating environment hook '/home/lx/ros2/ros/xiao_ying/install/pointcloud_to_laserscan/share/pointcloud_to_laserscan/hook/ld_library_path_lib.ps1'
[2.048s] INFO:colcon.colcon_core.shell:Creating environment descriptor '/home/lx/ros2/ros/xiao_ying/install/pointcloud_to_laserscan/share/pointcloud_to_laserscan/hook/ld_library_path_lib.dsv'
[2.049s] INFO:colcon.colcon_core.shell:Creating environment hook '/home/lx/ros2/ros/xiao_ying/install/pointcloud_to_laserscan/share/pointcloud_to_laserscan/hook/ld_library_path_lib.sh'
[2.050s] Level 1:colcon.colcon_core.environment:checking '/home/lx/ros2/ros/xiao_ying/install/pointcloud_to_laserscan/bin'
[2.050s] Level 1:colcon.colcon_core.environment:checking '/home/lx/ros2/ros/xiao_ying/install/pointcloud_to_laserscan/lib/pkgconfig/pointcloud_to_laserscan.pc'
[2.051s] Level 1:colcon.colcon_core.environment:checking '/home/lx/ros2/ros/xiao_ying/install/pointcloud_to_laserscan/lib/python3.10/site-packages'
[2.051s] Level 1:colcon.colcon_core.environment:checking '/home/lx/ros2/ros/xiao_ying/install/pointcloud_to_laserscan/bin'
[2.076s] INFO:colcon.colcon_core.shell:Creating package script '/home/lx/ros2/ros/xiao_ying/install/pointcloud_to_laserscan/share/pointcloud_to_laserscan/package.ps1'
[2.078s] INFO:colcon.colcon_core.shell:Creating package descriptor '/home/lx/ros2/ros/xiao_ying/install/pointcloud_to_laserscan/share/pointcloud_to_laserscan/package.dsv'
[2.081s] INFO:colcon.colcon_core.shell:Creating package script '/home/lx/ros2/ros/xiao_ying/install/pointcloud_to_laserscan/share/pointcloud_to_laserscan/package.sh'
[2.082s] INFO:colcon.colcon_core.shell:Creating package script '/home/lx/ros2/ros/xiao_ying/install/pointcloud_to_laserscan/share/pointcloud_to_laserscan/package.bash'
[2.083s] INFO:colcon.colcon_core.shell:Creating package script '/home/lx/ros2/ros/xiao_ying/install/pointcloud_to_laserscan/share/pointcloud_to_laserscan/package.zsh'
[2.083s] Level 1:colcon.colcon_core.environment:create_file_with_runtime_dependencies(/home/lx/ros2/ros/xiao_ying/install/pointcloud_to_laserscan/share/colcon-core/packages/pointcloud_to_laserscan)
[2.114s] Level 1:colcon.colcon_core.environment:create_environment_scripts_only(imu_complementary_filter)
[2.144s] Level 1:colcon.colcon_core.environment:checking '/home/lx/ros2/ros/xiao_ying/install/imu_complementary_filter' for CMake module files
[2.145s] Level 1:colcon.colcon_core.environment:checking '/home/lx/ros2/ros/xiao_ying/install/imu_complementary_filter' for CMake config files
[2.146s] Level 1:colcon.colcon_core.shell:create_environment_hook('imu_complementary_filter', 'cmake_prefix_path')
[2.171s] INFO:colcon.colcon_core.shell:Creating environment hook '/home/lx/ros2/ros/xiao_ying/install/imu_complementary_filter/share/imu_complementary_filter/hook/cmake_prefix_path.ps1'
[2.172s] INFO:colcon.colcon_core.shell:Creating environment descriptor '/home/lx/ros2/ros/xiao_ying/install/imu_complementary_filter/share/imu_complementary_filter/hook/cmake_prefix_path.dsv'
[2.172s] INFO:colcon.colcon_core.shell:Creating environment hook '/home/lx/ros2/ros/xiao_ying/install/imu_complementary_filter/share/imu_complementary_filter/hook/cmake_prefix_path.sh'
[2.173s] Level 1:colcon.colcon_core.environment:checking '/home/lx/ros2/ros/xiao_ying/install/imu_complementary_filter/lib'
[2.173s] Level 1:colcon.colcon_core.shell:create_environment_hook('imu_complementary_filter', 'ld_library_path_lib')
[2.196s] INFO:colcon.colcon_core.shell:Creating environment hook '/home/lx/ros2/ros/xiao_ying/install/imu_complementary_filter/share/imu_complementary_filter/hook/ld_library_path_lib.ps1'
[2.197s] INFO:colcon.colcon_core.shell:Creating environment descriptor '/home/lx/ros2/ros/xiao_ying/install/imu_complementary_filter/share/imu_complementary_filter/hook/ld_library_path_lib.dsv'
[2.197s] INFO:colcon.colcon_core.shell:Creating environment hook '/home/lx/ros2/ros/xiao_ying/install/imu_complementary_filter/share/imu_complementary_filter/hook/ld_library_path_lib.sh'
[2.198s] Level 1:colcon.colcon_core.environment:checking '/home/lx/ros2/ros/xiao_ying/install/imu_complementary_filter/bin'
[2.198s] Level 1:colcon.colcon_core.environment:checking '/home/lx/ros2/ros/xiao_ying/install/imu_complementary_filter/lib/pkgconfig/imu_complementary_filter.pc'
[2.198s] Level 1:colcon.colcon_core.environment:checking '/home/lx/ros2/ros/xiao_ying/install/imu_complementary_filter/lib/python3.10/site-packages'
[2.198s] Level 1:colcon.colcon_core.environment:checking '/home/lx/ros2/ros/xiao_ying/install/imu_complementary_filter/bin'
[2.219s] INFO:colcon.colcon_core.shell:Creating package script '/home/lx/ros2/ros/xiao_ying/install/imu_complementary_filter/share/imu_complementary_filter/package.ps1'
[2.220s] INFO:colcon.colcon_core.shell:Creating package descriptor '/home/lx/ros2/ros/xiao_ying/install/imu_complementary_filter/share/imu_complementary_filter/package.dsv'
[2.220s] INFO:colcon.colcon_core.shell:Creating package script '/home/lx/ros2/ros/xiao_ying/install/imu_complementary_filter/share/imu_complementary_filter/package.sh'
[2.221s] INFO:colcon.colcon_core.shell:Creating package script '/home/lx/ros2/ros/xiao_ying/install/imu_complementary_filter/share/imu_complementary_filter/package.bash'
[2.221s] INFO:colcon.colcon_core.shell:Creating package script '/home/lx/ros2/ros/xiao_ying/install/imu_complementary_filter/share/imu_complementary_filter/package.zsh'
[2.221s] Level 1:colcon.colcon_core.environment:create_file_with_runtime_dependencies(/home/lx/ros2/ros/xiao_ying/install/imu_complementary_filter/share/colcon-core/packages/imu_complementary_filter)
[2.242s] Level 1:colcon.colcon_core.environment:create_environment_scripts_only(pointcloud_to_laserscan)
[2.257s] Level 1:colcon.colcon_core.environment:checking '/home/lx/ros2/ros/xiao_ying/install/pointcloud_to_laserscan' for CMake module files
[2.257s] Level 1:colcon.colcon_core.environment:checking '/home/lx/ros2/ros/xiao_ying/install/pointcloud_to_laserscan' for CMake config files
[2.257s] Level 1:colcon.colcon_core.shell:create_environment_hook('pointcloud_to_laserscan', 'cmake_prefix_path')
[2.272s] INFO:colcon.colcon_core.shell:Creating environment hook '/home/lx/ros2/ros/xiao_ying/install/pointcloud_to_laserscan/share/pointcloud_to_laserscan/hook/cmake_prefix_path.ps1'
[2.272s] INFO:colcon.colcon_core.shell:Creating environment descriptor '/home/lx/ros2/ros/xiao_ying/install/pointcloud_to_laserscan/share/pointcloud_to_laserscan/hook/cmake_prefix_path.dsv'
[2.272s] INFO:colcon.colcon_core.shell:Creating environment hook '/home/lx/ros2/ros/xiao_ying/install/pointcloud_to_laserscan/share/pointcloud_to_laserscan/hook/cmake_prefix_path.sh'
[2.273s] Level 1:colcon.colcon_core.environment:checking '/home/lx/ros2/ros/xiao_ying/install/pointcloud_to_laserscan/lib'
[2.273s] Level 1:colcon.colcon_core.shell:create_environment_hook('pointcloud_to_laserscan', 'ld_library_path_lib')
[2.288s] INFO:colcon.colcon_core.shell:Creating environment hook '/home/lx/ros2/ros/xiao_ying/install/pointcloud_to_laserscan/share/pointcloud_to_laserscan/hook/ld_library_path_lib.ps1'
[2.288s] INFO:colcon.colcon_core.shell:Creating environment descriptor '/home/lx/ros2/ros/xiao_ying/install/pointcloud_to_laserscan/share/pointcloud_to_laserscan/hook/ld_library_path_lib.dsv'
[2.288s] INFO:colcon.colcon_core.shell:Creating environment hook '/home/lx/ros2/ros/xiao_ying/install/pointcloud_to_laserscan/share/pointcloud_to_laserscan/hook/ld_library_path_lib.sh'
[2.289s] Level 1:colcon.colcon_core.environment:checking '/home/lx/ros2/ros/xiao_ying/install/pointcloud_to_laserscan/bin'
[2.289s] Level 1:colcon.colcon_core.environment:checking '/home/lx/ros2/ros/xiao_ying/install/pointcloud_to_laserscan/lib/pkgconfig/pointcloud_to_laserscan.pc'
[2.289s] Level 1:colcon.colcon_core.environment:checking '/home/lx/ros2/ros/xiao_ying/install/pointcloud_to_laserscan/lib/python3.10/site-packages'
[2.289s] Level 1:colcon.colcon_core.environment:checking '/home/lx/ros2/ros/xiao_ying/install/pointcloud_to_laserscan/bin'
[2.303s] INFO:colcon.colcon_core.shell:Creating package script '/home/lx/ros2/ros/xiao_ying/install/pointcloud_to_laserscan/share/pointcloud_to_laserscan/package.ps1'
[2.304s] INFO:colcon.colcon_core.shell:Creating package descriptor '/home/lx/ros2/ros/xiao_ying/install/pointcloud_to_laserscan/share/pointcloud_to_laserscan/package.dsv'
[2.304s] INFO:colcon.colcon_core.shell:Creating package script '/home/lx/ros2/ros/xiao_ying/install/pointcloud_to_laserscan/share/pointcloud_to_laserscan/package.sh'
[2.305s] INFO:colcon.colcon_core.shell:Creating package script '/home/lx/ros2/ros/xiao_ying/install/pointcloud_to_laserscan/share/pointcloud_to_laserscan/package.bash'
[2.305s] INFO:colcon.colcon_core.shell:Creating package script '/home/lx/ros2/ros/xiao_ying/install/pointcloud_to_laserscan/share/pointcloud_to_laserscan/package.zsh'
[2.305s] Level 1:colcon.colcon_core.environment:create_file_with_runtime_dependencies(/home/lx/ros2/ros/xiao_ying/install/pointcloud_to_laserscan/share/colcon-core/packages/pointcloud_to_laserscan)
[2.307s] DEBUG:colcon.colcon_core.event_handler.log_command:Invoked command in '/home/lx/ros2/ros/xiao_ying/build/livox_ros_driver2' returned '0': CMAKE_PREFIX_PATH=${CMAKE_PREFIX_PATH}:/opt/ros/humble /usr/bin/cmake --build /home/lx/ros2/ros/xiao_ying/build/livox_ros_driver2 -- -j12 -l12
[2.395s] DEBUG:colcon.colcon_core.event_handler.log_command:Invoking command in '/home/lx/ros2/ros/xiao_ying/build/livox_ros_driver2': CMAKE_PREFIX_PATH=${CMAKE_PREFIX_PATH}:/opt/ros/humble /usr/bin/cmake --install /home/lx/ros2/ros/xiao_ying/build/livox_ros_driver2
[2.468s] Level 1:colcon.colcon_core.environment:create_environment_scripts_only(livox_ros_driver2)
[2.469s] DEBUG:colcon.colcon_core.event_handler.log_command:Invoked command in '/home/lx/ros2/ros/xiao_ying/build/livox_ros_driver2' returned '0': CMAKE_PREFIX_PATH=${CMAKE_PREFIX_PATH}:/opt/ros/humble /usr/bin/cmake --install /home/lx/ros2/ros/xiao_ying/build/livox_ros_driver2
[2.491s] Level 1:colcon.colcon_core.environment:checking '/home/lx/ros2/ros/xiao_ying/install/livox_ros_driver2' for CMake module files
[2.491s] Level 1:colcon.colcon_core.environment:checking '/home/lx/ros2/ros/xiao_ying/install/livox_ros_driver2' for CMake config files
[2.492s] Level 1:colcon.colcon_core.shell:create_environment_hook('livox_ros_driver2', 'cmake_prefix_path')
[2.505s] INFO:colcon.colcon_core.shell:Creating environment hook '/home/lx/ros2/ros/xiao_ying/install/livox_ros_driver2/share/livox_ros_driver2/hook/cmake_prefix_path.ps1'
[2.506s] INFO:colcon.colcon_core.shell:Creating environment descriptor '/home/lx/ros2/ros/xiao_ying/install/livox_ros_driver2/share/livox_ros_driver2/hook/cmake_prefix_path.dsv'
[2.506s] INFO:colcon.colcon_core.shell:Creating environment hook '/home/lx/ros2/ros/xiao_ying/install/livox_ros_driver2/share/livox_ros_driver2/hook/cmake_prefix_path.sh'
[2.507s] Level 1:colcon.colcon_core.environment:checking '/home/lx/ros2/ros/xiao_ying/install/livox_ros_driver2/lib'
[2.507s] Level 1:colcon.colcon_core.shell:create_environment_hook('livox_ros_driver2', 'ld_library_path_lib')
[2.521s] INFO:colcon.colcon_core.shell:Creating environment hook '/home/lx/ros2/ros/xiao_ying/install/livox_ros_driver2/share/livox_ros_driver2/hook/ld_library_path_lib.ps1'
[2.521s] INFO:colcon.colcon_core.shell:Creating environment descriptor '/home/lx/ros2/ros/xiao_ying/install/livox_ros_driver2/share/livox_ros_driver2/hook/ld_library_path_lib.dsv'
[2.522s] INFO:colcon.colcon_core.shell:Creating environment hook '/home/lx/ros2/ros/xiao_ying/install/livox_ros_driver2/share/livox_ros_driver2/hook/ld_library_path_lib.sh'
[2.522s] Level 1:colcon.colcon_core.environment:checking '/home/lx/ros2/ros/xiao_ying/install/livox_ros_driver2/bin'
[2.522s] Level 1:colcon.colcon_core.environment:checking '/home/lx/ros2/ros/xiao_ying/install/livox_ros_driver2/lib/pkgconfig/livox_ros_driver2.pc'
[2.522s] Level 1:colcon.colcon_core.environment:checking '/home/lx/ros2/ros/xiao_ying/install/livox_ros_driver2/lib/python3.10/site-packages'
[2.523s] Level 1:colcon.colcon_core.environment:checking '/home/lx/ros2/ros/xiao_ying/install/livox_ros_driver2/bin'
[2.538s] INFO:colcon.colcon_core.shell:Creating package script '/home/lx/ros2/ros/xiao_ying/install/livox_ros_driver2/share/livox_ros_driver2/package.ps1'
[2.538s] INFO:colcon.colcon_core.shell:Creating package descriptor '/home/lx/ros2/ros/xiao_ying/install/livox_ros_driver2/share/livox_ros_driver2/package.dsv'
[2.539s] INFO:colcon.colcon_core.shell:Creating package script '/home/lx/ros2/ros/xiao_ying/install/livox_ros_driver2/share/livox_ros_driver2/package.sh'
[2.539s] INFO:colcon.colcon_core.shell:Creating package script '/home/lx/ros2/ros/xiao_ying/install/livox_ros_driver2/share/livox_ros_driver2/package.bash'
[2.540s] INFO:colcon.colcon_core.shell:Creating package script '/home/lx/ros2/ros/xiao_ying/install/livox_ros_driver2/share/livox_ros_driver2/package.zsh'
[2.540s] Level 1:colcon.colcon_core.environment:create_file_with_runtime_dependencies(/home/lx/ros2/ros/xiao_ying/install/livox_ros_driver2/share/colcon-core/packages/livox_ros_driver2)
[2.716s] Level 1:colcon.colcon_core.environment:create_environment_scripts_only(livox_ros_driver2)
[2.733s] Level 1:colcon.colcon_core.environment:checking '/home/lx/ros2/ros/xiao_ying/install/livox_ros_driver2' for CMake module files
[2.734s] Level 1:colcon.colcon_core.environment:checking '/home/lx/ros2/ros/xiao_ying/install/livox_ros_driver2' for CMake config files
[2.735s] Level 1:colcon.colcon_core.shell:create_environment_hook('livox_ros_driver2', 'cmake_prefix_path')
[2.750s] INFO:colcon.colcon_core.shell:Creating environment hook '/home/lx/ros2/ros/xiao_ying/install/livox_ros_driver2/share/livox_ros_driver2/hook/cmake_prefix_path.ps1'
[2.751s] INFO:colcon.colcon_core.shell:Creating environment descriptor '/home/lx/ros2/ros/xiao_ying/install/livox_ros_driver2/share/livox_ros_driver2/hook/cmake_prefix_path.dsv'
[2.751s] INFO:colcon.colcon_core.shell:Creating environment hook '/home/lx/ros2/ros/xiao_ying/install/livox_ros_driver2/share/livox_ros_driver2/hook/cmake_prefix_path.sh'
[2.752s] Level 1:colcon.colcon_core.environment:checking '/home/lx/ros2/ros/xiao_ying/install/livox_ros_driver2/lib'
[2.753s] Level 1:colcon.colcon_core.shell:create_environment_hook('livox_ros_driver2', 'ld_library_path_lib')
[2.773s] INFO:colcon.colcon_core.shell:Creating environment hook '/home/lx/ros2/ros/xiao_ying/install/livox_ros_driver2/share/livox_ros_driver2/hook/ld_library_path_lib.ps1'
[2.773s] INFO:colcon.colcon_core.shell:Creating environment descriptor '/home/lx/ros2/ros/xiao_ying/install/livox_ros_driver2/share/livox_ros_driver2/hook/ld_library_path_lib.dsv'
[2.774s] INFO:colcon.colcon_core.shell:Creating environment hook '/home/lx/ros2/ros/xiao_ying/install/livox_ros_driver2/share/livox_ros_driver2/hook/ld_library_path_lib.sh'
[2.774s] Level 1:colcon.colcon_core.environment:checking '/home/lx/ros2/ros/xiao_ying/install/livox_ros_driver2/bin'
[2.774s] Level 1:colcon.colcon_core.environment:checking '/home/lx/ros2/ros/xiao_ying/install/livox_ros_driver2/lib/pkgconfig/livox_ros_driver2.pc'
[2.775s] Level 1:colcon.colcon_core.environment:checking '/home/lx/ros2/ros/xiao_ying/install/livox_ros_driver2/lib/python3.10/site-packages'
[2.775s] Level 1:colcon.colcon_core.environment:checking '/home/lx/ros2/ros/xiao_ying/install/livox_ros_driver2/bin'
[2.793s] INFO:colcon.colcon_core.shell:Creating package script '/home/lx/ros2/ros/xiao_ying/install/livox_ros_driver2/share/livox_ros_driver2/package.ps1'
[2.794s] INFO:colcon.colcon_core.shell:Creating package descriptor '/home/lx/ros2/ros/xiao_ying/install/livox_ros_driver2/share/livox_ros_driver2/package.dsv'
[2.794s] INFO:colcon.colcon_core.shell:Creating package script '/home/lx/ros2/ros/xiao_ying/install/livox_ros_driver2/share/livox_ros_driver2/package.sh'
[2.795s] INFO:colcon.colcon_core.shell:Creating package script '/home/lx/ros2/ros/xiao_ying/install/livox_ros_driver2/share/livox_ros_driver2/package.bash'
[2.795s] INFO:colcon.colcon_core.shell:Creating package script '/home/lx/ros2/ros/xiao_ying/install/livox_ros_driver2/share/livox_ros_driver2/package.zsh'
[2.795s] Level 1:colcon.colcon_core.environment:create_file_with_runtime_dependencies(/home/lx/ros2/ros/xiao_ying/install/livox_ros_driver2/share/colcon-core/packages/livox_ros_driver2)
[2.796s] INFO:colcon.colcon_ros.task.ament_cmake.build:Building ROS package in '/home/lx/ros2/ros/xiao_ying/src/FAST_LIO' with build type 'ament_cmake'
[2.796s] INFO:colcon.colcon_cmake.task.cmake.build:Building CMake package in '/home/lx/ros2/ros/xiao_ying/src/FAST_LIO'
[2.820s] INFO:colcon.colcon_core.shell:Skip shell extension 'powershell' for command environment: Not usable outside of PowerShell
[2.820s] DEBUG:colcon.colcon_core.shell:Skip shell extension 'dsv' for command environment
[2.888s] INFO:colcon.colcon_ros.task.ament_cmake.build:Building ROS package in '/home/lx/ros2/ros/xiao_ying/src/livox_to_pointcloud2' with build type 'ament_cmake'
[2.888s] INFO:colcon.colcon_cmake.task.cmake.build:Building CMake package in '/home/lx/ros2/ros/xiao_ying/src/livox_to_pointcloud2'
[2.914s] INFO:colcon.colcon_core.shell:Skip shell extension 'powershell' for command environment: Not usable outside of PowerShell
[2.914s] DEBUG:colcon.colcon_core.shell:Skip shell extension 'dsv' for command environment
[2.999s] DEBUG:colcon.colcon_core.event_handler.log_command:Invoking command in '/home/lx/ros2/ros/xiao_ying/build/fast_lio': CMAKE_PREFIX_PATH=/home/lx/ros2/ros/xiao_ying/install/livox_ros_driver2:/home/lx/ros2/ros/xiao_ying/install/pointcloud_to_laserscan:/home/lx/ros2/ros/xiao_ying/install/fast_lio:/home/lx/ros2/ros/xiao_ying/install/imu_complementary_filter:/opt/ros/humble LD_LIBRARY_PATH=/home/lx/ros2/ros/xiao_ying/install/livox_ros_driver2/lib:/home/lx/ros2/ros/xiao_ying/install/pointcloud_to_laserscan/lib:/home/lx/ros2/ros/xiao_ying/install/fast_lio/lib:/home/lx/ros2/ros/xiao_ying/install/imu_complementary_filter/lib:/usr/lib/x86_64-linux-gnu/gazebo-11/plugins:/opt/ros/humble/opt/rviz_ogre_vendor/lib:/opt/ros/humble/lib/x86_64-linux-gnu:/opt/ros/humble/lib /usr/bin/cmake --build /home/lx/ros2/ros/xiao_ying/build/fast_lio -- -j12 -l12
[3.009s] DEBUG:colcon.colcon_core.event_handler.log_command:Invoking command in '/home/lx/ros2/ros/xiao_ying/build/livox_to_pointcloud2': CMAKE_PREFIX_PATH=/home/lx/ros2/ros/xiao_ying/install/livox_ros_driver2:/home/lx/ros2/ros/xiao_ying/install/pointcloud_to_laserscan:/home/lx/ros2/ros/xiao_ying/install/fast_lio:/home/lx/ros2/ros/xiao_ying/install/imu_complementary_filter:/opt/ros/humble LD_LIBRARY_PATH=/home/lx/ros2/ros/xiao_ying/install/livox_ros_driver2/lib:/home/lx/ros2/ros/xiao_ying/install/pointcloud_to_laserscan/lib:/home/lx/ros2/ros/xiao_ying/install/fast_lio/lib:/home/lx/ros2/ros/xiao_ying/install/imu_complementary_filter/lib:/usr/lib/x86_64-linux-gnu/gazebo-11/plugins:/opt/ros/humble/opt/rviz_ogre_vendor/lib:/opt/ros/humble/lib/x86_64-linux-gnu:/opt/ros/humble/lib /usr/bin/cmake --build /home/lx/ros2/ros/xiao_ying/build/livox_to_pointcloud2 -- -j12 -l12
[3.801s] DEBUG:colcon.colcon_core.event_handler.log_command:Invoked command in '/home/lx/ros2/ros/xiao_ying/build/fast_lio' returned '0': CMAKE_PREFIX_PATH=/home/lx/ros2/ros/xiao_ying/install/livox_ros_driver2:/home/lx/ros2/ros/xiao_ying/install/pointcloud_to_laserscan:/home/lx/ros2/ros/xiao_ying/install/fast_lio:/home/lx/ros2/ros/xiao_ying/install/imu_complementary_filter:/opt/ros/humble LD_LIBRARY_PATH=/home/lx/ros2/ros/xiao_ying/install/livox_ros_driver2/lib:/home/lx/ros2/ros/xiao_ying/install/pointcloud_to_laserscan/lib:/home/lx/ros2/ros/xiao_ying/install/fast_lio/lib:/home/lx/ros2/ros/xiao_ying/install/imu_complementary_filter/lib:/usr/lib/x86_64-linux-gnu/gazebo-11/plugins:/opt/ros/humble/opt/rviz_ogre_vendor/lib:/opt/ros/humble/lib/x86_64-linux-gnu:/opt/ros/humble/lib /usr/bin/cmake --build /home/lx/ros2/ros/xiao_ying/build/fast_lio -- -j12 -l12
[3.872s] DEBUG:colcon.colcon_core.event_handler.log_command:Invoking command in '/home/lx/ros2/ros/xiao_ying/build/fast_lio': CMAKE_PREFIX_PATH=/home/lx/ros2/ros/xiao_ying/install/livox_ros_driver2:/home/lx/ros2/ros/xiao_ying/install/pointcloud_to_laserscan:/home/lx/ros2/ros/xiao_ying/install/fast_lio:/home/lx/ros2/ros/xiao_ying/install/imu_complementary_filter:/opt/ros/humble LD_LIBRARY_PATH=/home/lx/ros2/ros/xiao_ying/install/livox_ros_driver2/lib:/home/lx/ros2/ros/xiao_ying/install/pointcloud_to_laserscan/lib:/home/lx/ros2/ros/xiao_ying/install/fast_lio/lib:/home/lx/ros2/ros/xiao_ying/install/imu_complementary_filter/lib:/usr/lib/x86_64-linux-gnu/gazebo-11/plugins:/opt/ros/humble/opt/rviz_ogre_vendor/lib:/opt/ros/humble/lib/x86_64-linux-gnu:/opt/ros/humble/lib /usr/bin/cmake --install /home/lx/ros2/ros/xiao_ying/build/fast_lio
[3.938s] Level 1:colcon.colcon_core.environment:create_environment_scripts_only(fast_lio)
[3.939s] DEBUG:colcon.colcon_core.event_handler.log_command:Invoked command in '/home/lx/ros2/ros/xiao_ying/build/fast_lio' returned '0': CMAKE_PREFIX_PATH=/home/lx/ros2/ros/xiao_ying/install/livox_ros_driver2:/home/lx/ros2/ros/xiao_ying/install/pointcloud_to_laserscan:/home/lx/ros2/ros/xiao_ying/install/fast_lio:/home/lx/ros2/ros/xiao_ying/install/imu_complementary_filter:/opt/ros/humble LD_LIBRARY_PATH=/home/lx/ros2/ros/xiao_ying/install/livox_ros_driver2/lib:/home/lx/ros2/ros/xiao_ying/install/pointcloud_to_laserscan/lib:/home/lx/ros2/ros/xiao_ying/install/fast_lio/lib:/home/lx/ros2/ros/xiao_ying/install/imu_complementary_filter/lib:/usr/lib/x86_64-linux-gnu/gazebo-11/plugins:/opt/ros/humble/opt/rviz_ogre_vendor/lib:/opt/ros/humble/lib/x86_64-linux-gnu:/opt/ros/humble/lib /usr/bin/cmake --install /home/lx/ros2/ros/xiao_ying/build/fast_lio
[3.955s] Level 1:colcon.colcon_core.environment:checking '/home/lx/ros2/ros/xiao_ying/install/fast_lio' for CMake module files
[3.956s] Level 1:colcon.colcon_core.environment:checking '/home/lx/ros2/ros/xiao_ying/install/fast_lio' for CMake config files
[3.957s] Level 1:colcon.colcon_core.shell:create_environment_hook('fast_lio', 'cmake_prefix_path')
[3.972s] INFO:colcon.colcon_core.shell:Creating environment hook '/home/lx/ros2/ros/xiao_ying/install/fast_lio/share/fast_lio/hook/cmake_prefix_path.ps1'
[3.972s] INFO:colcon.colcon_core.shell:Creating environment descriptor '/home/lx/ros2/ros/xiao_ying/install/fast_lio/share/fast_lio/hook/cmake_prefix_path.dsv'
[3.973s] INFO:colcon.colcon_core.shell:Creating environment hook '/home/lx/ros2/ros/xiao_ying/install/fast_lio/share/fast_lio/hook/cmake_prefix_path.sh'
[3.973s] Level 1:colcon.colcon_core.environment:checking '/home/lx/ros2/ros/xiao_ying/install/fast_lio/lib'
[3.973s] Level 1:colcon.colcon_core.shell:create_environment_hook('fast_lio', 'ld_library_path_lib')
[3.989s] INFO:colcon.colcon_core.shell:Creating environment hook '/home/lx/ros2/ros/xiao_ying/install/fast_lio/share/fast_lio/hook/ld_library_path_lib.ps1'
[3.990s] INFO:colcon.colcon_core.shell:Creating environment descriptor '/home/lx/ros2/ros/xiao_ying/install/fast_lio/share/fast_lio/hook/ld_library_path_lib.dsv'
[3.990s] INFO:colcon.colcon_core.shell:Creating environment hook '/home/lx/ros2/ros/xiao_ying/install/fast_lio/share/fast_lio/hook/ld_library_path_lib.sh'
[3.990s] Level 1:colcon.colcon_core.environment:checking '/home/lx/ros2/ros/xiao_ying/install/fast_lio/bin'
[3.990s] Level 1:colcon.colcon_core.environment:checking '/home/lx/ros2/ros/xiao_ying/install/fast_lio/lib/pkgconfig/fast_lio.pc'
[3.991s] Level 1:colcon.colcon_core.environment:checking '/home/lx/ros2/ros/xiao_ying/install/fast_lio/lib/python3.10/site-packages'
[3.991s] Level 1:colcon.colcon_core.environment:checking '/home/lx/ros2/ros/xiao_ying/install/fast_lio/bin'
[4.005s] INFO:colcon.colcon_core.shell:Creating package script '/home/lx/ros2/ros/xiao_ying/install/fast_lio/share/fast_lio/package.ps1'
[4.005s] INFO:colcon.colcon_core.shell:Creating package descriptor '/home/lx/ros2/ros/xiao_ying/install/fast_lio/share/fast_lio/package.dsv'
[4.006s] INFO:colcon.colcon_core.shell:Creating package script '/home/lx/ros2/ros/xiao_ying/install/fast_lio/share/fast_lio/package.sh'
[4.006s] INFO:colcon.colcon_core.shell:Creating package script '/home/lx/ros2/ros/xiao_ying/install/fast_lio/share/fast_lio/package.bash'
[4.006s] INFO:colcon.colcon_core.shell:Creating package script '/home/lx/ros2/ros/xiao_ying/install/fast_lio/share/fast_lio/package.zsh'
[4.007s] Level 1:colcon.colcon_core.environment:create_file_with_runtime_dependencies(/home/lx/ros2/ros/xiao_ying/install/fast_lio/share/colcon-core/packages/fast_lio)
[4.087s] Level 1:colcon.colcon_core.environment:create_environment_scripts_only(fast_lio)
[4.109s] Level 1:colcon.colcon_core.environment:checking '/home/lx/ros2/ros/xiao_ying/install/fast_lio' for CMake module files
[4.110s] Level 1:colcon.colcon_core.environment:checking '/home/lx/ros2/ros/xiao_ying/install/fast_lio' for CMake config files
[4.110s] Level 1:colcon.colcon_core.shell:create_environment_hook('fast_lio', 'cmake_prefix_path')
[4.128s] INFO:colcon.colcon_core.shell:Creating environment hook '/home/lx/ros2/ros/xiao_ying/install/fast_lio/share/fast_lio/hook/cmake_prefix_path.ps1'
[4.129s] INFO:colcon.colcon_core.shell:Creating environment descriptor '/home/lx/ros2/ros/xiao_ying/install/fast_lio/share/fast_lio/hook/cmake_prefix_path.dsv'
[4.129s] INFO:colcon.colcon_core.shell:Creating environment hook '/home/lx/ros2/ros/xiao_ying/install/fast_lio/share/fast_lio/hook/cmake_prefix_path.sh'
[4.130s] Level 1:colcon.colcon_core.environment:checking '/home/lx/ros2/ros/xiao_ying/install/fast_lio/lib'
[4.130s] Level 1:colcon.colcon_core.shell:create_environment_hook('fast_lio', 'ld_library_path_lib')
[4.147s] INFO:colcon.colcon_core.shell:Creating environment hook '/home/lx/ros2/ros/xiao_ying/install/fast_lio/share/fast_lio/hook/ld_library_path_lib.ps1'
[4.148s] INFO:colcon.colcon_core.shell:Creating environment descriptor '/home/lx/ros2/ros/xiao_ying/install/fast_lio/share/fast_lio/hook/ld_library_path_lib.dsv'
[4.148s] INFO:colcon.colcon_core.shell:Creating environment hook '/home/lx/ros2/ros/xiao_ying/install/fast_lio/share/fast_lio/hook/ld_library_path_lib.sh'
[4.149s] Level 1:colcon.colcon_core.environment:checking '/home/lx/ros2/ros/xiao_ying/install/fast_lio/bin'
[4.149s] Level 1:colcon.colcon_core.environment:checking '/home/lx/ros2/ros/xiao_ying/install/fast_lio/lib/pkgconfig/fast_lio.pc'
[4.149s] Level 1:colcon.colcon_core.environment:checking '/home/lx/ros2/ros/xiao_ying/install/fast_lio/lib/python3.10/site-packages'
[4.149s] Level 1:colcon.colcon_core.environment:checking '/home/lx/ros2/ros/xiao_ying/install/fast_lio/bin'
[4.166s] INFO:colcon.colcon_core.shell:Creating package script '/home/lx/ros2/ros/xiao_ying/install/fast_lio/share/fast_lio/package.ps1'
[4.167s] INFO:colcon.colcon_core.shell:Creating package descriptor '/home/lx/ros2/ros/xiao_ying/install/fast_lio/share/fast_lio/package.dsv'
[4.168s] INFO:colcon.colcon_core.shell:Creating package script '/home/lx/ros2/ros/xiao_ying/install/fast_lio/share/fast_lio/package.sh'
[4.168s] INFO:colcon.colcon_core.shell:Creating package script '/home/lx/ros2/ros/xiao_ying/install/fast_lio/share/fast_lio/package.bash'
[4.169s] INFO:colcon.colcon_core.shell:Creating package script '/home/lx/ros2/ros/xiao_ying/install/fast_lio/share/fast_lio/package.zsh'
[4.169s] Level 1:colcon.colcon_core.environment:create_file_with_runtime_dependencies(/home/lx/ros2/ros/xiao_ying/install/fast_lio/share/colcon-core/packages/fast_lio)
[24.908s] DEBUG:colcon.colcon_core.event_handler.log_command:Invoked command in '/home/lx/ros2/ros/xiao_ying/build/livox_to_pointcloud2' returned '0': CMAKE_PREFIX_PATH=/home/lx/ros2/ros/xiao_ying/install/livox_ros_driver2:/home/lx/ros2/ros/xiao_ying/install/pointcloud_to_laserscan:/home/lx/ros2/ros/xiao_ying/install/fast_lio:/home/lx/ros2/ros/xiao_ying/install/imu_complementary_filter:/opt/ros/humble LD_LIBRARY_PATH=/home/lx/ros2/ros/xiao_ying/install/livox_ros_driver2/lib:/home/lx/ros2/ros/xiao_ying/install/pointcloud_to_laserscan/lib:/home/lx/ros2/ros/xiao_ying/install/fast_lio/lib:/home/lx/ros2/ros/xiao_ying/install/imu_complementary_filter/lib:/usr/lib/x86_64-linux-gnu/gazebo-11/plugins:/opt/ros/humble/opt/rviz_ogre_vendor/lib:/opt/ros/humble/lib/x86_64-linux-gnu:/opt/ros/humble/lib /usr/bin/cmake --build /home/lx/ros2/ros/xiao_ying/build/livox_to_pointcloud2 -- -j12 -l12
[24.932s] DEBUG:colcon.colcon_core.event_handler.log_command:Invoking command in '/home/lx/ros2/ros/xiao_ying/build/livox_to_pointcloud2': CMAKE_PREFIX_PATH=/home/lx/ros2/ros/xiao_ying/install/livox_ros_driver2:/home/lx/ros2/ros/xiao_ying/install/pointcloud_to_laserscan:/home/lx/ros2/ros/xiao_ying/install/fast_lio:/home/lx/ros2/ros/xiao_ying/install/imu_complementary_filter:/opt/ros/humble LD_LIBRARY_PATH=/home/lx/ros2/ros/xiao_ying/install/livox_ros_driver2/lib:/home/lx/ros2/ros/xiao_ying/install/pointcloud_to_laserscan/lib:/home/lx/ros2/ros/xiao_ying/install/fast_lio/lib:/home/lx/ros2/ros/xiao_ying/install/imu_complementary_filter/lib:/usr/lib/x86_64-linux-gnu/gazebo-11/plugins:/opt/ros/humble/opt/rviz_ogre_vendor/lib:/opt/ros/humble/lib/x86_64-linux-gnu:/opt/ros/humble/lib /usr/bin/cmake --install /home/lx/ros2/ros/xiao_ying/build/livox_to_pointcloud2
[24.957s] Level 1:colcon.colcon_core.environment:create_environment_scripts_only(livox_to_pointcloud2)
[24.957s] DEBUG:colcon.colcon_core.event_handler.log_command:Invoked command in '/home/lx/ros2/ros/xiao_ying/build/livox_to_pointcloud2' returned '0': CMAKE_PREFIX_PATH=/home/lx/ros2/ros/xiao_ying/install/livox_ros_driver2:/home/lx/ros2/ros/xiao_ying/install/pointcloud_to_laserscan:/home/lx/ros2/ros/xiao_ying/install/fast_lio:/home/lx/ros2/ros/xiao_ying/install/imu_complementary_filter:/opt/ros/humble LD_LIBRARY_PATH=/home/lx/ros2/ros/xiao_ying/install/livox_ros_driver2/lib:/home/lx/ros2/ros/xiao_ying/install/pointcloud_to_laserscan/lib:/home/lx/ros2/ros/xiao_ying/install/fast_lio/lib:/home/lx/ros2/ros/xiao_ying/install/imu_complementary_filter/lib:/usr/lib/x86_64-linux-gnu/gazebo-11/plugins:/opt/ros/humble/opt/rviz_ogre_vendor/lib:/opt/ros/humble/lib/x86_64-linux-gnu:/opt/ros/humble/lib /usr/bin/cmake --install /home/lx/ros2/ros/xiao_ying/build/livox_to_pointcloud2
[24.970s] Level 1:colcon.colcon_core.environment:checking '/home/lx/ros2/ros/xiao_ying/install/livox_to_pointcloud2' for CMake module files
[24.970s] Level 1:colcon.colcon_core.environment:checking '/home/lx/ros2/ros/xiao_ying/install/livox_to_pointcloud2' for CMake config files
[24.970s] Level 1:colcon.colcon_core.shell:create_environment_hook('livox_to_pointcloud2', 'cmake_prefix_path')
[24.983s] INFO:colcon.colcon_core.shell:Creating environment hook '/home/lx/ros2/ros/xiao_ying/install/livox_to_pointcloud2/share/livox_to_pointcloud2/hook/cmake_prefix_path.ps1'
[24.983s] INFO:colcon.colcon_core.shell:Creating environment descriptor '/home/lx/ros2/ros/xiao_ying/install/livox_to_pointcloud2/share/livox_to_pointcloud2/hook/cmake_prefix_path.dsv'
[24.984s] INFO:colcon.colcon_core.shell:Creating environment hook '/home/lx/ros2/ros/xiao_ying/install/livox_to_pointcloud2/share/livox_to_pointcloud2/hook/cmake_prefix_path.sh'
[24.984s] Level 1:colcon.colcon_core.environment:checking '/home/lx/ros2/ros/xiao_ying/install/livox_to_pointcloud2/lib'
[24.984s] Level 1:colcon.colcon_core.shell:create_environment_hook('livox_to_pointcloud2', 'ld_library_path_lib')
[24.997s] INFO:colcon.colcon_core.shell:Creating environment hook '/home/lx/ros2/ros/xiao_ying/install/livox_to_pointcloud2/share/livox_to_pointcloud2/hook/ld_library_path_lib.ps1'
[24.997s] INFO:colcon.colcon_core.shell:Creating environment descriptor '/home/lx/ros2/ros/xiao_ying/install/livox_to_pointcloud2/share/livox_to_pointcloud2/hook/ld_library_path_lib.dsv'
[24.998s] INFO:colcon.colcon_core.shell:Creating environment hook '/home/lx/ros2/ros/xiao_ying/install/livox_to_pointcloud2/share/livox_to_pointcloud2/hook/ld_library_path_lib.sh'
[24.998s] Level 1:colcon.colcon_core.environment:checking '/home/lx/ros2/ros/xiao_ying/install/livox_to_pointcloud2/bin'
[24.998s] Level 1:colcon.colcon_core.environment:checking '/home/lx/ros2/ros/xiao_ying/install/livox_to_pointcloud2/lib/pkgconfig/livox_to_pointcloud2.pc'
[24.998s] Level 1:colcon.colcon_core.environment:checking '/home/lx/ros2/ros/xiao_ying/install/livox_to_pointcloud2/lib/python3.10/site-packages'
[24.998s] Level 1:colcon.colcon_core.environment:checking '/home/lx/ros2/ros/xiao_ying/install/livox_to_pointcloud2/bin'
[25.011s] INFO:colcon.colcon_core.shell:Creating package script '/home/lx/ros2/ros/xiao_ying/install/livox_to_pointcloud2/share/livox_to_pointcloud2/package.ps1'
[25.011s] INFO:colcon.colcon_core.shell:Creating package descriptor '/home/lx/ros2/ros/xiao_ying/install/livox_to_pointcloud2/share/livox_to_pointcloud2/package.dsv'
[25.011s] INFO:colcon.colcon_core.shell:Creating package script '/home/lx/ros2/ros/xiao_ying/install/livox_to_pointcloud2/share/livox_to_pointcloud2/package.sh'
[25.012s] INFO:colcon.colcon_core.shell:Creating package script '/home/lx/ros2/ros/xiao_ying/install/livox_to_pointcloud2/share/livox_to_pointcloud2/package.bash'
[25.012s] INFO:colcon.colcon_core.shell:Creating package script '/home/lx/ros2/ros/xiao_ying/install/livox_to_pointcloud2/share/livox_to_pointcloud2/package.zsh'
[25.012s] Level 1:colcon.colcon_core.environment:create_file_with_runtime_dependencies(/home/lx/ros2/ros/xiao_ying/install/livox_to_pointcloud2/share/colcon-core/packages/livox_to_pointcloud2)
[25.046s] Level 1:colcon.colcon_core.environment:create_environment_scripts_only(livox_to_pointcloud2)
[25.059s] Level 1:colcon.colcon_core.environment:checking '/home/lx/ros2/ros/xiao_ying/install/livox_to_pointcloud2' for CMake module files
[25.059s] Level 1:colcon.colcon_core.environment:checking '/home/lx/ros2/ros/xiao_ying/install/livox_to_pointcloud2' for CMake config files
[25.060s] Level 1:colcon.colcon_core.shell:create_environment_hook('livox_to_pointcloud2', 'cmake_prefix_path')
[25.073s] INFO:colcon.colcon_core.shell:Creating environment hook '/home/lx/ros2/ros/xiao_ying/install/livox_to_pointcloud2/share/livox_to_pointcloud2/hook/cmake_prefix_path.ps1'
[25.073s] INFO:colcon.colcon_core.shell:Creating environment descriptor '/home/lx/ros2/ros/xiao_ying/install/livox_to_pointcloud2/share/livox_to_pointcloud2/hook/cmake_prefix_path.dsv'
[25.073s] INFO:colcon.colcon_core.shell:Creating environment hook '/home/lx/ros2/ros/xiao_ying/install/livox_to_pointcloud2/share/livox_to_pointcloud2/hook/cmake_prefix_path.sh'
[25.074s] Level 1:colcon.colcon_core.environment:checking '/home/lx/ros2/ros/xiao_ying/install/livox_to_pointcloud2/lib'
[25.074s] Level 1:colcon.colcon_core.shell:create_environment_hook('livox_to_pointcloud2', 'ld_library_path_lib')
[25.087s] INFO:colcon.colcon_core.shell:Creating environment hook '/home/lx/ros2/ros/xiao_ying/install/livox_to_pointcloud2/share/livox_to_pointcloud2/hook/ld_library_path_lib.ps1'
[25.087s] INFO:colcon.colcon_core.shell:Creating environment descriptor '/home/lx/ros2/ros/xiao_ying/install/livox_to_pointcloud2/share/livox_to_pointcloud2/hook/ld_library_path_lib.dsv'
[25.087s] INFO:colcon.colcon_core.shell:Creating environment hook '/home/lx/ros2/ros/xiao_ying/install/livox_to_pointcloud2/share/livox_to_pointcloud2/hook/ld_library_path_lib.sh'
[25.087s] Level 1:colcon.colcon_core.environment:checking '/home/lx/ros2/ros/xiao_ying/install/livox_to_pointcloud2/bin'
[25.087s] Level 1:colcon.colcon_core.environment:checking '/home/lx/ros2/ros/xiao_ying/install/livox_to_pointcloud2/lib/pkgconfig/livox_to_pointcloud2.pc'
[25.088s] Level 1:colcon.colcon_core.environment:checking '/home/lx/ros2/ros/xiao_ying/install/livox_to_pointcloud2/lib/python3.10/site-packages'
[25.088s] Level 1:colcon.colcon_core.environment:checking '/home/lx/ros2/ros/xiao_ying/install/livox_to_pointcloud2/bin'
[25.101s] INFO:colcon.colcon_core.shell:Creating package script '/home/lx/ros2/ros/xiao_ying/install/livox_to_pointcloud2/share/livox_to_pointcloud2/package.ps1'
[25.101s] INFO:colcon.colcon_core.shell:Creating package descriptor '/home/lx/ros2/ros/xiao_ying/install/livox_to_pointcloud2/share/livox_to_pointcloud2/package.dsv'
[25.102s] INFO:colcon.colcon_core.shell:Creating package script '/home/lx/ros2/ros/xiao_ying/install/livox_to_pointcloud2/share/livox_to_pointcloud2/package.sh'
[25.102s] INFO:colcon.colcon_core.shell:Creating package script '/home/lx/ros2/ros/xiao_ying/install/livox_to_pointcloud2/share/livox_to_pointcloud2/package.bash'
[25.102s] INFO:colcon.colcon_core.shell:Creating package script '/home/lx/ros2/ros/xiao_ying/install/livox_to_pointcloud2/share/livox_to_pointcloud2/package.zsh'
[25.102s] Level 1:colcon.colcon_core.environment:create_file_with_runtime_dependencies(/home/lx/ros2/ros/xiao_ying/install/livox_to_pointcloud2/share/colcon-core/packages/livox_to_pointcloud2)
[25.103s] DEBUG:colcon.colcon_parallel_executor.executor.parallel:closing loop
[25.103s] DEBUG:colcon.colcon_parallel_executor.executor.parallel:loop closed
[25.103s] DEBUG:colcon.colcon_parallel_executor.executor.parallel:run_until_complete finished with '0'
[25.103s] DEBUG:colcon.colcon_core.event_reactor:joining thread
[25.120s] INFO:colcon.colcon_core.plugin_system:Skipping extension 'colcon_notification.desktop_notification.terminal_notifier': Not used on non-Darwin systems
[25.121s] INFO:colcon.colcon_core.plugin_system:Skipping extension 'colcon_notification.desktop_notification.win32': Not used on non-Windows systems
[25.121s] INFO:colcon.colcon_notification.desktop_notification:Sending desktop notification using 'notify2'
[25.130s] DEBUG:colcon.colcon_core.event_reactor:joined thread
[25.145s] INFO:colcon.colcon_core.shell:Creating prefix script '/home/lx/ros2/ros/xiao_ying/install/local_setup.ps1'
[25.147s] INFO:colcon.colcon_core.shell:Creating prefix util module '/home/lx/ros2/ros/xiao_ying/install/_local_setup_util_ps1.py'
[25.149s] INFO:colcon.colcon_core.shell:Creating prefix chain script '/home/lx/ros2/ros/xiao_ying/install/setup.ps1'
[25.164s] INFO:colcon.colcon_core.shell:Creating prefix script '/home/lx/ros2/ros/xiao_ying/install/local_setup.sh'
[25.164s] INFO:colcon.colcon_core.shell:Creating prefix util module '/home/lx/ros2/ros/xiao_ying/install/_local_setup_util_sh.py'
[25.165s] INFO:colcon.colcon_core.shell:Creating prefix chain script '/home/lx/ros2/ros/xiao_ying/install/setup.sh'
[25.179s] INFO:colcon.colcon_core.shell:Creating prefix script '/home/lx/ros2/ros/xiao_ying/install/local_setup.bash'
[25.179s] INFO:colcon.colcon_core.shell:Creating prefix chain script '/home/lx/ros2/ros/xiao_ying/install/setup.bash'
[25.194s] INFO:colcon.colcon_core.shell:Creating prefix script '/home/lx/ros2/ros/xiao_ying/install/local_setup.zsh'
[25.194s] INFO:colcon.colcon_core.shell:Creating prefix chain script '/home/lx/ros2/ros/xiao_ying/install/setup.zsh'
