[0.057s] Invoking command in '/home/lx/文档/GitHub/ros/xiao_ying/build/livox_ros_driver2': CMAKE_PREFIX_PATH=${CMAKE_PREFIX_PATH}:/opt/ros/humble /usr/bin/cmake /home/lx/文档/GitHub/ros/xiao_ying/src/livox_ros_driver2 -DCMAKE_INSTALL_PREFIX=/home/lx/文档/GitHub/ros/xiao_ying/install/livox_ros_driver2
[0.093s] -- The C compiler identification is GNU 11.4.0
[0.137s] -- The CXX compiler identification is GNU 11.4.0
[0.141s] -- Detecting C compiler ABI info
[0.187s] -- Detecting C compiler ABI info - done
[0.193s] -- Check for working C compiler: /usr/bin/cc - skipped
[0.193s] -- Detecting C compile features
[0.193s] -- Detecting C compile features - done
[0.195s] -- Detecting CXX compiler ABI info
[0.251s] -- Detecting CXX compiler ABI info - done
[0.257s] -- Check for working CXX compiler: /usr/bin/c++ - skipped
[0.258s] -- Detecting CXX compile features
[0.258s] -- Detecting CXX compile features - done
[0.258s] -- livox_ros_driver2 version: 1.0.0
[0.259s] -- Found ament_cmake_auto: 1.3.5 (/opt/ros/humble/share/ament_cmake_auto/cmake)
[0.398s] -- Found Python3: /usr/bin/python3.10 (found version "3.10.12") found components: Interpreter 
[0.529s] -- Using all available rosidl_typesupport_c: rosidl_typesupport_fastrtps_c;rosidl_typesupport_introspection_c
[0.534s] -- Found rosidl_adapter: 3.1.5 (/opt/ros/humble/share/rosidl_adapter/cmake)
[0.565s] -- Using all available rosidl_typesupport_cpp: rosidl_typesupport_fastrtps_cpp;rosidl_typesupport_introspection_cpp
[0.663s] -- Found rmw_implementation_cmake: 6.1.1 (/opt/ros/humble/share/rmw_implementation_cmake/cmake)
[0.665s] -- Found rmw_fastrtps_cpp: 6.2.4 (/opt/ros/humble/share/rmw_fastrtps_cpp/cmake)
[0.735s] -- Found OpenSSL: /usr/lib/x86_64-linux-gnu/libcrypto.so (found version "3.0.2")  
[0.755s] -- Found FastRTPS: /opt/ros/humble/include  
[0.793s] -- Using RMW implementation 'rmw_fastrtps_cpp' as default
[0.800s] -- Looking for pthread.h
[0.849s] -- Looking for pthread.h - found
[0.849s] -- Performing Test CMAKE_HAVE_LIBC_PTHREAD
[0.903s] -- Performing Test CMAKE_HAVE_LIBC_PTHREAD - Success
[0.904s] -- Found Threads: TRUE  
[1.397s] -- Checking for module 'eigen3'
[1.404s] --   Found eigen3, version 3.4.0
[1.423s] -- Found Eigen: /usr/include/eigen3 (Required is at least version "3.1") 
[1.423s] -- Eigen found (include: /usr/include/eigen3, version: 3.4.0)
[1.443s] -- Found Boost: /usr/lib/x86_64-linux-gnu/cmake/Boost-1.74.0/BoostConfig.cmake (found suitable version "1.74.0", minimum required is "1.65.0") found components: system filesystem date_time iostreams serialization 
[1.455s] -- Checking for module 'flann'
[1.463s] --   Found flann, version 1.9.1
[1.487s] -- Found FLANN: /usr/lib/x86_64-linux-gnu/libflann_cpp.so  
[1.487s] -- FLANN found (include: /usr/include, lib: /usr/lib/x86_64-linux-gnu/libflann_cpp.so)
[1.521s] -- Found GLEW: /usr/lib/x86_64-linux-gnu/libGLEW.so  
[1.525s] -- Found OpenGL: /usr/lib/x86_64-linux-gnu/libOpenGL.so  found components: OpenGL GLX 
[1.633s] -- Found MPI_C: /usr/lib/x86_64-linux-gnu/libmpi.so (found version "3.1") 
[1.634s] -- Found MPI: TRUE (found version "3.1") found components: C 
[1.636s] -- Found JsonCpp: /usr/lib/x86_64-linux-gnu/libjsoncpp.so (found suitable version "1.9.5", minimum required is "0.7.0") 
[1.643s] -- Found ZLIB: /usr/lib/x86_64-linux-gnu/libz.so (found version "1.2.11") 
[1.657s] -- Found PNG: /usr/lib/x86_64-linux-gnu/libpng.so (found version "1.6.37") 
[1.672s] -- Found Eigen3: /usr/include/eigen3 (found version "3.4.0") 
[1.733s] -- Found X11: /usr/include   
[1.733s] -- Looking for XOpenDisplay in /usr/lib/x86_64-linux-gnu/libX11.so;/usr/lib/x86_64-linux-gnu/libXext.so
[1.785s] -- Looking for XOpenDisplay in /usr/lib/x86_64-linux-gnu/libX11.so;/usr/lib/x86_64-linux-gnu/libXext.so - found
[1.785s] -- Looking for gethostbyname
[1.832s] -- Looking for gethostbyname - found
[1.832s] -- Looking for connect
[1.878s] -- Looking for connect - found
[1.878s] -- Looking for remove
[1.923s] -- Looking for remove - found
[1.923s] -- Looking for shmat
[1.968s] -- Looking for shmat - found
[1.968s] -- Looking for IceConnectionNumber in ICE
[2.014s] -- Looking for IceConnectionNumber in ICE - found
[2.066s] -- Found EXPAT: /usr/lib/x86_64-linux-gnu/libexpat.so (found version "2.4.7") 
[2.067s] -- Found double-conversion: /usr/lib/x86_64-linux-gnu/libdouble-conversion.so  
[2.069s] -- Found LZ4: /usr/lib/x86_64-linux-gnu/liblz4.so (found version "1.9.3") 
[2.070s] -- Found LZMA: /usr/lib/x86_64-linux-gnu/liblzma.so (found version "5.2.5") 
[2.080s] -- Found JPEG: /usr/lib/x86_64-linux-gnu/libjpeg.so (found version "80") 
[2.085s] -- Found TIFF: /usr/lib/x86_64-linux-gnu/libtiff.so (found version "4.3.0")  
[2.088s] -- Found Freetype: /usr/lib/x86_64-linux-gnu/libfreetype.so (found version "2.11.1") 
[2.092s] -- Found utf8cpp: /usr/include/utf8cpp  
[2.147s] -- Checking for module 'libusb-1.0'
[2.155s] --   Found libusb-1.0, version 1.0.25
[2.176s] -- Found libusb: /usr/lib/x86_64-linux-gnu/libusb-1.0.so  
[2.177s] -- Found OpenNI: /usr/lib/libOpenNI.so;libusb::libusb (found version "1.5.4.0") 
[2.177s] -- OpenNI found (version: 1.5.4.0, include: /usr/include/ni, lib: /usr/lib/libOpenNI.so;libusb::libusb)
[2.209s] -- Found OpenNI2: /usr/lib/x86_64-linux-gnu/libOpenNI2.so;libusb::libusb (found version "2.2.0.33") 
[2.210s] -- OpenNI2 found (version: 2.2.0.33, include: /usr/include/openni2, lib: /usr/lib/x86_64-linux-gnu/libOpenNI2.so;libusb::libusb)
[2.210s] [0m** WARNING ** io features related to pcap will be disabled[0m
[2.318s] -- Eigen found (include: /usr/include/eigen3, version: 3.4.0)
[2.322s] -- OpenNI found (version: 1.5.4.0, include: /usr/include/ni, lib: /usr/lib/libOpenNI.so;libusb::libusb)
[2.326s] -- OpenNI2 found (version: 2.2.0.33, include: /usr/include/openni2, lib: /usr/lib/x86_64-linux-gnu/libOpenNI2.so;libusb::libusb)
[2.431s] -- Found Qhull version 8.0.2
[2.539s] -- OpenNI found (version: 1.5.4.0, include: /usr/include/ni, lib: /usr/lib/libOpenNI.so;libusb::libusb)
[2.644s] -- looking for PCL_COMMON
[2.645s] -- Found PCL_COMMON: /usr/lib/x86_64-linux-gnu/libpcl_common.so  
[2.645s] -- looking for PCL_KDTREE
[2.646s] -- Found PCL_KDTREE: /usr/lib/x86_64-linux-gnu/libpcl_kdtree.so  
[2.646s] -- looking for PCL_OCTREE
[2.646s] -- Found PCL_OCTREE: /usr/lib/x86_64-linux-gnu/libpcl_octree.so  
[2.647s] -- looking for PCL_SEARCH
[2.647s] -- Found PCL_SEARCH: /usr/lib/x86_64-linux-gnu/libpcl_search.so  
[2.647s] -- looking for PCL_SAMPLE_CONSENSUS
[2.648s] -- Found PCL_SAMPLE_CONSENSUS: /usr/lib/x86_64-linux-gnu/libpcl_sample_consensus.so  
[2.648s] -- looking for PCL_FILTERS
[2.649s] -- Found PCL_FILTERS: /usr/lib/x86_64-linux-gnu/libpcl_filters.so  
[2.649s] -- looking for PCL_2D
[2.649s] -- Found PCL_2D: /usr/include/pcl-1.12  
[2.649s] -- looking for PCL_GEOMETRY
[2.649s] -- Found PCL_GEOMETRY: /usr/include/pcl-1.12  
[2.649s] -- looking for PCL_IO
[2.650s] -- Found PCL_IO: /usr/lib/x86_64-linux-gnu/libpcl_io.so  
[2.650s] -- looking for PCL_FEATURES
[2.651s] -- Found PCL_FEATURES: /usr/lib/x86_64-linux-gnu/libpcl_features.so  
[2.651s] -- looking for PCL_ML
[2.651s] -- Found PCL_ML: /usr/lib/x86_64-linux-gnu/libpcl_ml.so  
[2.651s] -- looking for PCL_SEGMENTATION
[2.652s] -- Found PCL_SEGMENTATION: /usr/lib/x86_64-linux-gnu/libpcl_segmentation.so  
[2.652s] -- looking for PCL_VISUALIZATION
[2.653s] -- Found PCL_VISUALIZATION: /usr/lib/x86_64-linux-gnu/libpcl_visualization.so  
[2.653s] -- looking for PCL_SURFACE
[2.654s] -- Found PCL_SURFACE: /usr/lib/x86_64-linux-gnu/libpcl_surface.so  
[2.654s] -- looking for PCL_REGISTRATION
[2.654s] -- Found PCL_REGISTRATION: /usr/lib/x86_64-linux-gnu/libpcl_registration.so  
[2.655s] -- looking for PCL_KEYPOINTS
[2.655s] -- Found PCL_KEYPOINTS: /usr/lib/x86_64-linux-gnu/libpcl_keypoints.so  
[2.655s] -- looking for PCL_TRACKING
[2.656s] -- Found PCL_TRACKING: /usr/lib/x86_64-linux-gnu/libpcl_tracking.so  
[2.656s] -- looking for PCL_RECOGNITION
[2.657s] -- Found PCL_RECOGNITION: /usr/lib/x86_64-linux-gnu/libpcl_recognition.so  
[2.657s] -- looking for PCL_STEREO
[2.658s] -- Found PCL_STEREO: /usr/lib/x86_64-linux-gnu/libpcl_stereo.so  
[2.658s] -- looking for PCL_APPS
[2.658s] -- Found PCL_APPS: /usr/lib/x86_64-linux-gnu/libpcl_apps.so  
[2.659s] -- looking for PCL_IN_HAND_SCANNER
[2.659s] -- Found PCL_IN_HAND_SCANNER: /usr/include/pcl-1.12  
[2.659s] -- looking for PCL_MODELER
[2.659s] -- Found PCL_MODELER: /usr/include/pcl-1.12  
[2.659s] -- looking for PCL_POINT_CLOUD_EDITOR
[2.660s] -- Found PCL_POINT_CLOUD_EDITOR: /usr/include/pcl-1.12  
[2.660s] -- looking for PCL_OUTOFCORE
[2.660s] -- Found PCL_OUTOFCORE: /usr/lib/x86_64-linux-gnu/libpcl_outofcore.so  
[2.661s] -- looking for PCL_PEOPLE
[2.661s] -- Found PCL_PEOPLE: /usr/lib/x86_64-linux-gnu/libpcl_people.so  
[2.662s] -- Found PCL: pcl_common;pcl_kdtree;pcl_octree;pcl_search;pcl_sample_consensus;pcl_filters;pcl_io;pcl_features;pcl_ml;pcl_segmentation;pcl_visualization;pcl_surface;pcl_registration;pcl_keypoints;pcl_tracking;pcl_recognition;pcl_stereo;pcl_apps;pcl_outofcore;pcl_people;Boost::system;Boost::filesystem;Boost::date_time;Boost::iostreams;Boost::serialization;/usr/lib/libOpenNI.so;libusb::libusb;/usr/lib/x86_64-linux-gnu/libOpenNI2.so;libusb::libusb;VTK::ChartsCore;VTK::CommonColor;VTK::CommonComputationalGeometry;VTK::CommonCore;VTK::CommonDataModel;VTK::CommonExecutionModel;VTK::CommonMath;VTK::CommonMisc;VTK::CommonTransforms;VTK::FiltersCore;VTK::FiltersExtraction;VTK::FiltersGeneral;VTK::FiltersGeometry;VTK::FiltersModeling;VTK::FiltersSources;VTK::ImagingCore;VTK::ImagingSources;VTK::InteractionImage;VTK::InteractionStyle;VTK::InteractionWidgets;VTK::IOCore;VTK::IOGeometry;VTK::IOImage;VTK::IOLegacy;VTK::IOPLY;VTK::RenderingAnnotation;VTK::RenderingCore;VTK::RenderingContext2D;VTK::RenderingLOD;VTK::RenderingFreeType;VTK::ViewsCore;VTK::ViewsContext2D;VTK::RenderingOpenGL2;VTK::GUISupportQt;FLANN::FLANN;QHULL::QHULL  
[2.665s] -- Found PkgConfig: /usr/bin/pkg-config (found version "0.29.2") 
[2.666s] -- Checking for module 'apr-1'
[2.668s] --   No package 'apr-1' found
[2.772s] [31mCMake Error at /opt/ros/humble/share/rosidl_cmake/cmake/rosidl_generate_interfaces.cmake:240 (list):
[2.772s]   list index: 1 out of range (-1, 0)
[2.772s] Call Stack (most recent call first):
[2.772s]   CMakeLists.txt:241 (rosidl_generate_interfaces)
[2.772s] 
[2.772s] [0m
[2.772s] [31mCMake Error at /opt/ros/humble/share/rosidl_cmake/cmake/rosidl_generate_interfaces.cmake:240 (list):
[2.772s]   list index: 1 out of range (-1, 0)
[2.772s] Call Stack (most recent call first):
[2.772s]   CMakeLists.txt:241 (rosidl_generate_interfaces)
[2.772s] 
[2.772s] [0m
[2.783s] [31mCMake Error at /opt/ros/humble/share/rosidl_generator_c/cmake/rosidl_generator_c_generate_interfaces.cmake:69 (message):
[2.783s]   Target dependency
[2.783s]   '/GitHub/ros/xiao_ying/build/livox_ros_driver2/rosidl_adapter/livox_ros_driver2/msg/CustomPoint.idl'
[2.783s]   does not exist
[2.783s] Call Stack (most recent call first):
[2.783s]   /opt/ros/humble/share/ament_cmake_core/cmake/core/ament_execute_extensions.cmake:48 (include)
[2.783s]   /opt/ros/humble/share/rosidl_cmake/cmake/rosidl_generate_interfaces.cmake:286 (ament_execute_extensions)
[2.783s]   CMakeLists.txt:241 (rosidl_generate_interfaces)
[2.783s] 
[2.783s] [0m
[2.783s] -- Configuring incomplete, errors occurred!
[2.783s] See also "/home/lx/文档/GitHub/ros/xiao_ying/build/livox_ros_driver2/CMakeFiles/CMakeOutput.log".
[2.797s] Invoked command in '/home/lx/文档/GitHub/ros/xiao_ying/build/livox_ros_driver2' returned '1': CMAKE_PREFIX_PATH=${CMAKE_PREFIX_PATH}:/opt/ros/humble /usr/bin/cmake /home/lx/文档/GitHub/ros/xiao_ying/src/livox_ros_driver2 -DCMAKE_INSTALL_PREFIX=/home/lx/文档/GitHub/ros/xiao_ying/install/livox_ros_driver2
