[0.060s] Invoking command in '/home/lx/ros2/ros/mid-360_ws/build/pointcloud_to_laserscan': CMAKE_PREFIX_PATH=${CMAKE_PREFIX_PATH}:/opt/ros/humble /usr/bin/cmake /home/lx/ros2/ros/mid-360_ws/src/pointcloud_to_laserscan -DCMAKE_INSTALL_PREFIX=/home/lx/ros2/ros/mid-360_ws/install/pointcloud_to_laserscan
[0.072s] -- Found ament_cmake: 1.3.5 (/opt/ros/humble/share/ament_cmake/cmake)
[0.196s] -- Found laser_geometry: 2.4.0 (/opt/ros/humble/share/laser_geometry/cmake)
[0.223s] -- Found rosidl_generator_c: 3.1.5 (/opt/ros/humble/share/rosidl_generator_c/cmake)
[0.225s] -- Found rosidl_adapter: 3.1.5 (/opt/ros/humble/share/rosidl_adapter/cmake)
[0.230s] -- Found rosidl_generator_cpp: 3.1.5 (/opt/ros/humble/share/rosidl_generator_cpp/cmake)
[0.239s] -- Using all available rosidl_typesupport_c: rosidl_typesupport_fastrtps_c;rosidl_typesupport_introspection_c
[0.252s] -- Using all available rosidl_typesupport_cpp: rosidl_typesupport_fastrtps_cpp;rosidl_typesupport_introspection_cpp
[0.301s] -- Found rmw_implementation_cmake: 6.1.1 (/opt/ros/humble/share/rmw_implementation_cmake/cmake)
[0.302s] -- Found rmw_fastrtps_cpp: 6.2.4 (/opt/ros/humble/share/rmw_fastrtps_cpp/cmake)
[0.396s] -- Using RMW implementation 'rmw_fastrtps_cpp' as default
[0.662s] -- Found message_filters: 4.3.3 (/opt/ros/humble/share/message_filters/cmake)
[0.666s] -- Found rclcpp_components: 16.0.6 (/opt/ros/humble/share/rclcpp_components/cmake)
[0.718s] -- Found tf2_ros: 0.25.4 (/opt/ros/humble/share/tf2_ros/cmake)
[0.951s] -- Found tf2_sensor_msgs: 0.25.4 (/opt/ros/humble/share/tf2_sensor_msgs/cmake)
[0.970s] -- Found ament_lint_auto: 0.12.8 (/opt/ros/humble/share/ament_lint_auto/cmake)
[1.031s] -- Added test 'cppcheck' to perform static code analysis on C / C++ code
[1.031s] -- Configured cppcheck include dirs: $<BUILD_INTERFACE:/home/lx/ros2/ros/mid-360_ws/src/pointcloud_to_laserscan/include>
[1.031s] -- Configured cppcheck exclude dirs and/or files: 
[1.033s] -- Added test 'cpplint' to check C / C++ code against the Google style
[1.033s] -- Configured cpplint exclude dirs and/or files: 
[1.033s] -- Added test 'flake8' to check Python code syntax and style conventions
[1.034s] -- Added test 'lint_cmake' to check CMake code style
[1.034s] -- Added test 'pep257' to check Python code against some of the docstring style conventions in PEP 257
[1.036s] -- Added test 'uncrustify' to check C / C++ code style
[1.036s] -- Configured uncrustify additional arguments: 
[1.036s] -- Added test 'xmllint' to check XML markup files
[1.037s] -- Configuring done
[1.042s] [31mCMake Error at CMakeLists.txt:15 (add_library):
[1.042s]   Target "laserscan_to_pointcloud" links to target
[1.042s]   "tf2_sensor_msgs::tf2_sensor_msgs" but the target was not found.  Perhaps a
[1.042s]   find_package() call is missing for an IMPORTED target, or an ALIAS target
[1.042s]   is missing?
[1.042s] 
[1.042s] [0m
[1.042s] [31mCMake Error at CMakeLists.txt:36 (add_library):
[1.043s]   Target "pointcloud_to_laserscan" links to target
[1.043s]   "tf2_sensor_msgs::tf2_sensor_msgs" but the target was not found.  Perhaps a
[1.043s]   find_package() call is missing for an IMPORTED target, or an ALIAS target
[1.043s]   is missing?
[1.043s] 
[1.043s] [0m
[1.055s] -- Generating done
[1.057s] [0mCMake Generate step failed.  Build files cannot be regenerated correctly.[0m
[1.065s] Invoked command in '/home/lx/ros2/ros/mid-360_ws/build/pointcloud_to_laserscan' returned '1': CMAKE_PREFIX_PATH=${CMAKE_PREFIX_PATH}:/opt/ros/humble /usr/bin/cmake /home/lx/ros2/ros/mid-360_ws/src/pointcloud_to_laserscan -DCMAKE_INSTALL_PREFIX=/home/lx/ros2/ros/mid-360_ws/install/pointcloud_to_laserscan
