[0.891s] DEBUG:colcon:Command line arguments: ['/usr/bin/colcon', 'build']
[0.891s] DEBUG:colcon:Parsed command line arguments: Namespace(log_base=None, log_level=None, verb_name='build', build_base='build', install_base='install', merge_install=False, symlink_install=False, test_result_base=None, continue_on_error=False, executor='parallel', parallel_workers=12, event_handlers=None, ignore_user_meta=False, metas=['./colcon.meta'], base_paths=['.'], packages_ignore=None, packages_ignore_regex=None, paths=None, packages_up_to=None, packages_up_to_regex=None, packages_above=None, packages_above_and_dependencies=None, packages_above_depth=None, packages_select_by_dep=None, packages_skip_by_dep=None, packages_skip_up_to=None, packages_select_build_failed=False, packages_skip_build_finished=False, packages_select_test_failures=False, packages_skip_test_passed=False, packages_select=None, packages_skip=None, packages_select_regex=None, packages_skip_regex=None, packages_start=None, packages_end=None, allow_overriding=[], cmake_args=None, cmake_target=None, cmake_target_skip_unavailable=False, cmake_clean_cache=False, cmake_clean_first=False, cmake_force_configure=False, ament_cmake_args=None, catkin_cmake_args=None, catkin_skip_building_tests=False, verb_parser=<colcon_defaults.argument_parser.defaults.DefaultArgumentsDecorator object at 0x7f1be861d900>, verb_extension=<colcon_core.verb.build.BuildVerb object at 0x7f1be8a4b9d0>, main=<bound method BuildVerb.main of <colcon_core.verb.build.BuildVerb object at 0x7f1be8a4b9d0>>)
[0.936s] Level 1:colcon.colcon_core.package_discovery:discover_packages(colcon_meta) check parameters
[0.936s] Level 1:colcon.colcon_core.package_discovery:discover_packages(recursive) check parameters
[0.936s] Level 1:colcon.colcon_core.package_discovery:discover_packages(ignore) check parameters
[0.936s] Level 1:colcon.colcon_core.package_discovery:discover_packages(path) check parameters
[0.936s] Level 1:colcon.colcon_core.package_discovery:discover_packages(colcon_meta) discover
[0.936s] Level 1:colcon.colcon_core.package_discovery:discover_packages(recursive) discover
[0.936s] INFO:colcon.colcon_core.package_discovery:Crawling recursively for packages in '/home/lx/ros2/ros/xiao_ying'
[0.936s] Level 1:colcon.colcon_core.package_identification:_identify(.) by extensions ['ignore', 'ignore_ament_install']
[0.937s] Level 1:colcon.colcon_core.package_identification:_identify(.) by extension 'ignore'
[0.937s] Level 1:colcon.colcon_core.package_identification:_identify(.) by extension 'ignore_ament_install'
[0.937s] Level 1:colcon.colcon_core.package_identification:_identify(.) by extensions ['colcon_pkg']
[0.937s] Level 1:colcon.colcon_core.package_identification:_identify(.) by extension 'colcon_pkg'
[0.937s] Level 1:colcon.colcon_core.package_identification:_identify(.) by extensions ['colcon_meta']
[0.937s] Level 1:colcon.colcon_core.package_identification:_identify(.) by extension 'colcon_meta'
[0.937s] Level 1:colcon.colcon_core.package_identification:_identify(.) by extensions ['ros']
[0.937s] Level 1:colcon.colcon_core.package_identification:_identify(.) by extension 'ros'
[0.948s] Level 1:colcon.colcon_core.package_identification:_identify(.) by extensions ['cmake', 'python']
[0.948s] Level 1:colcon.colcon_core.package_identification:_identify(.) by extension 'cmake'
[0.948s] Level 1:colcon.colcon_core.package_identification:_identify(.) by extension 'python'
[0.948s] Level 1:colcon.colcon_core.package_identification:_identify(.) by extensions ['python_setup_py']
[0.948s] Level 1:colcon.colcon_core.package_identification:_identify(.) by extension 'python_setup_py'
[0.948s] Level 1:colcon.colcon_core.package_identification:_identify(build) by extensions ['ignore', 'ignore_ament_install']
[0.948s] Level 1:colcon.colcon_core.package_identification:_identify(build) by extension 'ignore'
[0.948s] Level 1:colcon.colcon_core.package_identification:_identify(build) ignored
[0.948s] Level 1:colcon.colcon_core.package_identification:_identify(install) by extensions ['ignore', 'ignore_ament_install']
[0.948s] Level 1:colcon.colcon_core.package_identification:_identify(install) by extension 'ignore'
[0.948s] Level 1:colcon.colcon_core.package_identification:_identify(install) ignored
[0.948s] Level 1:colcon.colcon_core.package_identification:_identify(log) by extensions ['ignore', 'ignore_ament_install']
[0.948s] Level 1:colcon.colcon_core.package_identification:_identify(log) by extension 'ignore'
[0.948s] Level 1:colcon.colcon_core.package_identification:_identify(log) ignored
[0.949s] Level 1:colcon.colcon_core.package_identification:_identify(src) by extensions ['ignore', 'ignore_ament_install']
[0.949s] Level 1:colcon.colcon_core.package_identification:_identify(src) by extension 'ignore'
[0.949s] Level 1:colcon.colcon_core.package_identification:_identify(src) by extension 'ignore_ament_install'
[0.949s] Level 1:colcon.colcon_core.package_identification:_identify(src) by extensions ['colcon_pkg']
[0.949s] Level 1:colcon.colcon_core.package_identification:_identify(src) by extension 'colcon_pkg'
[0.949s] Level 1:colcon.colcon_core.package_identification:_identify(src) by extensions ['colcon_meta']
[0.949s] Level 1:colcon.colcon_core.package_identification:_identify(src) by extension 'colcon_meta'
[0.949s] Level 1:colcon.colcon_core.package_identification:_identify(src) by extensions ['ros']
[0.949s] Level 1:colcon.colcon_core.package_identification:_identify(src) by extension 'ros'
[0.949s] Level 1:colcon.colcon_core.package_identification:_identify(src) by extensions ['cmake', 'python']
[0.949s] Level 1:colcon.colcon_core.package_identification:_identify(src) by extension 'cmake'
[0.949s] Level 1:colcon.colcon_core.package_identification:_identify(src) by extension 'python'
[0.949s] Level 1:colcon.colcon_core.package_identification:_identify(src) by extensions ['python_setup_py']
[0.949s] Level 1:colcon.colcon_core.package_identification:_identify(src) by extension 'python_setup_py'
[0.949s] Level 1:colcon.colcon_core.package_identification:_identify(src/FAST_LIO) by extensions ['ignore', 'ignore_ament_install']
[0.949s] Level 1:colcon.colcon_core.package_identification:_identify(src/FAST_LIO) by extension 'ignore'
[0.949s] Level 1:colcon.colcon_core.package_identification:_identify(src/FAST_LIO) by extension 'ignore_ament_install'
[0.949s] Level 1:colcon.colcon_core.package_identification:_identify(src/FAST_LIO) by extensions ['colcon_pkg']
[0.949s] Level 1:colcon.colcon_core.package_identification:_identify(src/FAST_LIO) by extension 'colcon_pkg'
[0.949s] Level 1:colcon.colcon_core.package_identification:_identify(src/FAST_LIO) by extensions ['colcon_meta']
[0.950s] Level 1:colcon.colcon_core.package_identification:_identify(src/FAST_LIO) by extension 'colcon_meta'
[0.950s] Level 1:colcon.colcon_core.package_identification:_identify(src/FAST_LIO) by extensions ['ros']
[0.950s] Level 1:colcon.colcon_core.package_identification:_identify(src/FAST_LIO) by extension 'ros'
[0.953s] DEBUG:colcon.colcon_core.package_identification:Package 'src/FAST_LIO' with type 'ros.ament_cmake' and name 'fast_lio'
[0.953s] Level 1:colcon.colcon_core.package_identification:_identify(src/imu_complementary_filter) by extensions ['ignore', 'ignore_ament_install']
[0.953s] Level 1:colcon.colcon_core.package_identification:_identify(src/imu_complementary_filter) by extension 'ignore'
[0.953s] Level 1:colcon.colcon_core.package_identification:_identify(src/imu_complementary_filter) by extension 'ignore_ament_install'
[0.953s] Level 1:colcon.colcon_core.package_identification:_identify(src/imu_complementary_filter) by extensions ['colcon_pkg']
[0.953s] Level 1:colcon.colcon_core.package_identification:_identify(src/imu_complementary_filter) by extension 'colcon_pkg'
[0.953s] Level 1:colcon.colcon_core.package_identification:_identify(src/imu_complementary_filter) by extensions ['colcon_meta']
[0.954s] Level 1:colcon.colcon_core.package_identification:_identify(src/imu_complementary_filter) by extension 'colcon_meta'
[0.954s] Level 1:colcon.colcon_core.package_identification:_identify(src/imu_complementary_filter) by extensions ['ros']
[0.954s] Level 1:colcon.colcon_core.package_identification:_identify(src/imu_complementary_filter) by extension 'ros'
[0.954s] DEBUG:colcon.colcon_core.package_identification:Package 'src/imu_complementary_filter' with type 'ros.ament_cmake' and name 'imu_complementary_filter'
[0.954s] Level 1:colcon.colcon_core.package_identification:_identify(src/livox_ros_driver2) by extensions ['ignore', 'ignore_ament_install']
[0.955s] Level 1:colcon.colcon_core.package_identification:_identify(src/livox_ros_driver2) by extension 'ignore'
[0.955s] Level 1:colcon.colcon_core.package_identification:_identify(src/livox_ros_driver2) by extension 'ignore_ament_install'
[0.955s] Level 1:colcon.colcon_core.package_identification:_identify(src/livox_ros_driver2) by extensions ['colcon_pkg']
[0.955s] Level 1:colcon.colcon_core.package_identification:_identify(src/livox_ros_driver2) by extension 'colcon_pkg'
[0.955s] Level 1:colcon.colcon_core.package_identification:_identify(src/livox_ros_driver2) by extensions ['colcon_meta']
[0.955s] Level 1:colcon.colcon_core.package_identification:_identify(src/livox_ros_driver2) by extension 'colcon_meta'
[0.955s] Level 1:colcon.colcon_core.package_identification:_identify(src/livox_ros_driver2) by extensions ['ros']
[0.955s] Level 1:colcon.colcon_core.package_identification:_identify(src/livox_ros_driver2) by extension 'ros'
[0.957s] DEBUG:colcon.colcon_core.package_identification:Package 'src/livox_ros_driver2' with type 'ros.ament_cmake' and name 'livox_ros_driver2'
[0.957s] Level 1:colcon.colcon_core.package_identification:_identify(src/pointcloud_to_laserscan) by extensions ['ignore', 'ignore_ament_install']
[0.958s] Level 1:colcon.colcon_core.package_identification:_identify(src/pointcloud_to_laserscan) by extension 'ignore'
[0.958s] Level 1:colcon.colcon_core.package_identification:_identify(src/pointcloud_to_laserscan) by extension 'ignore_ament_install'
[0.958s] Level 1:colcon.colcon_core.package_identification:_identify(src/pointcloud_to_laserscan) by extensions ['colcon_pkg']
[0.958s] Level 1:colcon.colcon_core.package_identification:_identify(src/pointcloud_to_laserscan) by extension 'colcon_pkg'
[0.958s] Level 1:colcon.colcon_core.package_identification:_identify(src/pointcloud_to_laserscan) by extensions ['colcon_meta']
[0.958s] Level 1:colcon.colcon_core.package_identification:_identify(src/pointcloud_to_laserscan) by extension 'colcon_meta'
[0.958s] Level 1:colcon.colcon_core.package_identification:_identify(src/pointcloud_to_laserscan) by extensions ['ros']
[0.958s] Level 1:colcon.colcon_core.package_identification:_identify(src/pointcloud_to_laserscan) by extension 'ros'
[0.960s] DEBUG:colcon.colcon_core.package_identification:Package 'src/pointcloud_to_laserscan' with type 'ros.ament_cmake' and name 'pointcloud_to_laserscan'
[0.960s] Level 1:colcon.colcon_core.package_discovery:discover_packages(recursive) using defaults
[0.960s] Level 1:colcon.colcon_core.package_discovery:discover_packages(ignore) discover
[0.960s] Level 1:colcon.colcon_core.package_discovery:discover_packages(ignore) using defaults
[0.960s] Level 1:colcon.colcon_core.package_discovery:discover_packages(path) discover
[0.960s] Level 1:colcon.colcon_core.package_discovery:discover_packages(path) using defaults
[1.049s] Level 1:colcon.colcon_core.package_discovery:discover_packages(prefix_path) check parameters
[1.049s] Level 1:colcon.colcon_core.package_discovery:discover_packages(prefix_path) discover
[1.077s] DEBUG:colcon.colcon_installed_package_information.package_discovery:Found 4 installed packages in /home/lx/ros2/ros/xiao_ying/install
[1.091s] DEBUG:colcon.colcon_installed_package_information.package_discovery:Found 387 installed packages in /opt/ros/humble
[1.093s] Level 1:colcon.colcon_core.package_discovery:discover_packages(prefix_path) using defaults
[1.212s] Level 5:colcon.colcon_core.verb:set package 'imu_complementary_filter' build argument 'cmake_args' from command line to 'None'
[1.212s] Level 5:colcon.colcon_core.verb:set package 'imu_complementary_filter' build argument 'cmake_target' from command line to 'None'
[1.212s] Level 5:colcon.colcon_core.verb:set package 'imu_complementary_filter' build argument 'cmake_target_skip_unavailable' from command line to 'False'
[1.212s] Level 5:colcon.colcon_core.verb:set package 'imu_complementary_filter' build argument 'cmake_clean_cache' from command line to 'False'
[1.212s] Level 5:colcon.colcon_core.verb:set package 'imu_complementary_filter' build argument 'cmake_clean_first' from command line to 'False'
[1.212s] Level 5:colcon.colcon_core.verb:set package 'imu_complementary_filter' build argument 'cmake_force_configure' from command line to 'False'
[1.212s] Level 5:colcon.colcon_core.verb:set package 'imu_complementary_filter' build argument 'ament_cmake_args' from command line to 'None'
[1.212s] Level 5:colcon.colcon_core.verb:set package 'imu_complementary_filter' build argument 'catkin_cmake_args' from command line to 'None'
[1.212s] Level 5:colcon.colcon_core.verb:set package 'imu_complementary_filter' build argument 'catkin_skip_building_tests' from command line to 'False'
[1.212s] DEBUG:colcon.colcon_core.verb:Building package 'imu_complementary_filter' with the following arguments: {'ament_cmake_args': None, 'build_base': '/home/lx/ros2/ros/xiao_ying/build/imu_complementary_filter', 'catkin_cmake_args': None, 'catkin_skip_building_tests': False, 'cmake_args': None, 'cmake_clean_cache': False, 'cmake_clean_first': False, 'cmake_force_configure': False, 'cmake_target': None, 'cmake_target_skip_unavailable': False, 'install_base': '/home/lx/ros2/ros/xiao_ying/install/imu_complementary_filter', 'merge_install': False, 'path': '/home/lx/ros2/ros/xiao_ying/src/imu_complementary_filter', 'symlink_install': False, 'test_result_base': None}
[1.226s] Level 5:colcon.colcon_core.verb:set package 'livox_ros_driver2' build argument 'cmake_args' from command line to 'None'
[1.226s] Level 5:colcon.colcon_core.verb:set package 'livox_ros_driver2' build argument 'cmake_target' from command line to 'None'
[1.226s] Level 5:colcon.colcon_core.verb:set package 'livox_ros_driver2' build argument 'cmake_target_skip_unavailable' from command line to 'False'
[1.226s] Level 5:colcon.colcon_core.verb:set package 'livox_ros_driver2' build argument 'cmake_clean_cache' from command line to 'False'
[1.226s] Level 5:colcon.colcon_core.verb:set package 'livox_ros_driver2' build argument 'cmake_clean_first' from command line to 'False'
[1.226s] Level 5:colcon.colcon_core.verb:set package 'livox_ros_driver2' build argument 'cmake_force_configure' from command line to 'False'
[1.226s] Level 5:colcon.colcon_core.verb:set package 'livox_ros_driver2' build argument 'ament_cmake_args' from command line to 'None'
[1.226s] Level 5:colcon.colcon_core.verb:set package 'livox_ros_driver2' build argument 'catkin_cmake_args' from command line to 'None'
[1.226s] Level 5:colcon.colcon_core.verb:set package 'livox_ros_driver2' build argument 'catkin_skip_building_tests' from command line to 'False'
[1.226s] DEBUG:colcon.colcon_core.verb:Building package 'livox_ros_driver2' with the following arguments: {'ament_cmake_args': None, 'build_base': '/home/lx/ros2/ros/xiao_ying/build/livox_ros_driver2', 'catkin_cmake_args': None, 'catkin_skip_building_tests': False, 'cmake_args': None, 'cmake_clean_cache': False, 'cmake_clean_first': False, 'cmake_force_configure': False, 'cmake_target': None, 'cmake_target_skip_unavailable': False, 'install_base': '/home/lx/ros2/ros/xiao_ying/install/livox_ros_driver2', 'merge_install': False, 'path': '/home/lx/ros2/ros/xiao_ying/src/livox_ros_driver2', 'symlink_install': False, 'test_result_base': None}
[1.240s] Level 5:colcon.colcon_core.verb:set package 'pointcloud_to_laserscan' build argument 'cmake_args' from command line to 'None'
[1.241s] Level 5:colcon.colcon_core.verb:set package 'pointcloud_to_laserscan' build argument 'cmake_target' from command line to 'None'
[1.241s] Level 5:colcon.colcon_core.verb:set package 'pointcloud_to_laserscan' build argument 'cmake_target_skip_unavailable' from command line to 'False'
[1.241s] Level 5:colcon.colcon_core.verb:set package 'pointcloud_to_laserscan' build argument 'cmake_clean_cache' from command line to 'False'
[1.241s] Level 5:colcon.colcon_core.verb:set package 'pointcloud_to_laserscan' build argument 'cmake_clean_first' from command line to 'False'
[1.241s] Level 5:colcon.colcon_core.verb:set package 'pointcloud_to_laserscan' build argument 'cmake_force_configure' from command line to 'False'
[1.241s] Level 5:colcon.colcon_core.verb:set package 'pointcloud_to_laserscan' build argument 'ament_cmake_args' from command line to 'None'
[1.241s] Level 5:colcon.colcon_core.verb:set package 'pointcloud_to_laserscan' build argument 'catkin_cmake_args' from command line to 'None'
[1.241s] Level 5:colcon.colcon_core.verb:set package 'pointcloud_to_laserscan' build argument 'catkin_skip_building_tests' from command line to 'False'
[1.241s] DEBUG:colcon.colcon_core.verb:Building package 'pointcloud_to_laserscan' with the following arguments: {'ament_cmake_args': None, 'build_base': '/home/lx/ros2/ros/xiao_ying/build/pointcloud_to_laserscan', 'catkin_cmake_args': None, 'catkin_skip_building_tests': False, 'cmake_args': None, 'cmake_clean_cache': False, 'cmake_clean_first': False, 'cmake_force_configure': False, 'cmake_target': None, 'cmake_target_skip_unavailable': False, 'install_base': '/home/lx/ros2/ros/xiao_ying/install/pointcloud_to_laserscan', 'merge_install': False, 'path': '/home/lx/ros2/ros/xiao_ying/src/pointcloud_to_laserscan', 'symlink_install': False, 'test_result_base': None}
[1.254s] Level 5:colcon.colcon_core.verb:set package 'fast_lio' build argument 'cmake_args' from command line to 'None'
[1.255s] Level 5:colcon.colcon_core.verb:set package 'fast_lio' build argument 'cmake_target' from command line to 'None'
[1.255s] Level 5:colcon.colcon_core.verb:set package 'fast_lio' build argument 'cmake_target_skip_unavailable' from command line to 'False'
[1.255s] Level 5:colcon.colcon_core.verb:set package 'fast_lio' build argument 'cmake_clean_cache' from command line to 'False'
[1.255s] Level 5:colcon.colcon_core.verb:set package 'fast_lio' build argument 'cmake_clean_first' from command line to 'False'
[1.255s] Level 5:colcon.colcon_core.verb:set package 'fast_lio' build argument 'cmake_force_configure' from command line to 'False'
[1.255s] Level 5:colcon.colcon_core.verb:set package 'fast_lio' build argument 'ament_cmake_args' from command line to 'None'
[1.255s] Level 5:colcon.colcon_core.verb:set package 'fast_lio' build argument 'catkin_cmake_args' from command line to 'None'
[1.255s] Level 5:colcon.colcon_core.verb:set package 'fast_lio' build argument 'catkin_skip_building_tests' from command line to 'False'
[1.255s] DEBUG:colcon.colcon_core.verb:Building package 'fast_lio' with the following arguments: {'ament_cmake_args': None, 'build_base': '/home/lx/ros2/ros/xiao_ying/build/fast_lio', 'catkin_cmake_args': None, 'catkin_skip_building_tests': False, 'cmake_args': None, 'cmake_clean_cache': False, 'cmake_clean_first': False, 'cmake_force_configure': False, 'cmake_target': None, 'cmake_target_skip_unavailable': False, 'install_base': '/home/lx/ros2/ros/xiao_ying/install/fast_lio', 'merge_install': False, 'path': '/home/lx/ros2/ros/xiao_ying/src/FAST_LIO', 'symlink_install': False, 'test_result_base': None}
[1.268s] INFO:colcon.colcon_core.executor:Executing jobs using 'parallel' executor
[1.282s] DEBUG:colcon.colcon_parallel_executor.executor.parallel:run_until_complete
[1.282s] INFO:colcon.colcon_ros.task.ament_cmake.build:Building ROS package in '/home/lx/ros2/ros/xiao_ying/src/livox_ros_driver2' with build type 'ament_cmake'
[1.283s] INFO:colcon.colcon_cmake.task.cmake.build:Building CMake package in '/home/lx/ros2/ros/xiao_ying/src/livox_ros_driver2'
[1.297s] INFO:colcon.colcon_core.plugin_system:Skipping extension 'colcon_core.shell.bat': Not used on non-Windows systems
[1.298s] INFO:colcon.colcon_core.shell:Skip shell extension 'powershell' for command environment: Not usable outside of PowerShell
[1.298s] DEBUG:colcon.colcon_core.shell:Skip shell extension 'dsv' for command environment
[1.340s] INFO:colcon.colcon_ros.task.ament_cmake.build:Building ROS package in '/home/lx/ros2/ros/xiao_ying/src/imu_complementary_filter' with build type 'ament_cmake'
[1.341s] INFO:colcon.colcon_cmake.task.cmake.build:Building CMake package in '/home/lx/ros2/ros/xiao_ying/src/imu_complementary_filter'
[1.354s] INFO:colcon.colcon_core.shell:Skip shell extension 'powershell' for command environment: Not usable outside of PowerShell
[1.354s] DEBUG:colcon.colcon_core.shell:Skip shell extension 'dsv' for command environment
[1.402s] INFO:colcon.colcon_ros.task.ament_cmake.build:Building ROS package in '/home/lx/ros2/ros/xiao_ying/src/pointcloud_to_laserscan' with build type 'ament_cmake'
[1.402s] INFO:colcon.colcon_cmake.task.cmake.build:Building CMake package in '/home/lx/ros2/ros/xiao_ying/src/pointcloud_to_laserscan'
[1.417s] INFO:colcon.colcon_core.shell:Skip shell extension 'powershell' for command environment: Not usable outside of PowerShell
[1.417s] DEBUG:colcon.colcon_core.shell:Skip shell extension 'dsv' for command environment
[1.466s] DEBUG:colcon.colcon_core.event_handler.log_command:Invoking command in '/home/lx/ros2/ros/xiao_ying/build/livox_ros_driver2': CMAKE_PREFIX_PATH=${CMAKE_PREFIX_PATH}:/opt/ros/humble /usr/bin/cmake --build /home/lx/ros2/ros/xiao_ying/build/livox_ros_driver2 -- -j12 -l12
[1.469s] DEBUG:colcon.colcon_core.event_handler.log_command:Invoking command in '/home/lx/ros2/ros/xiao_ying/build/imu_complementary_filter': CMAKE_PREFIX_PATH=${CMAKE_PREFIX_PATH}:/opt/ros/humble /usr/bin/cmake --build /home/lx/ros2/ros/xiao_ying/build/imu_complementary_filter -- -j12 -l12
[1.474s] DEBUG:colcon.colcon_core.event_handler.log_command:Invoking command in '/home/lx/ros2/ros/xiao_ying/build/pointcloud_to_laserscan': CMAKE_PREFIX_PATH=${CMAKE_PREFIX_PATH}:/opt/ros/humble /usr/bin/cmake --build /home/lx/ros2/ros/xiao_ying/build/pointcloud_to_laserscan -- -j12 -l12
[1.583s] DEBUG:colcon.colcon_core.event_handler.log_command:Invoked command in '/home/lx/ros2/ros/xiao_ying/build/imu_complementary_filter' returned '0': CMAKE_PREFIX_PATH=${CMAKE_PREFIX_PATH}:/opt/ros/humble /usr/bin/cmake --build /home/lx/ros2/ros/xiao_ying/build/imu_complementary_filter -- -j12 -l12
[1.624s] DEBUG:colcon.colcon_core.event_handler.log_command:Invoking command in '/home/lx/ros2/ros/xiao_ying/build/imu_complementary_filter': CMAKE_PREFIX_PATH=${CMAKE_PREFIX_PATH}:/opt/ros/humble /usr/bin/cmake --install /home/lx/ros2/ros/xiao_ying/build/imu_complementary_filter
[1.635s] Level 1:colcon.colcon_core.environment:create_environment_scripts_only(imu_complementary_filter)
[1.638s] DEBUG:colcon.colcon_core.event_handler.log_command:Invoked command in '/home/lx/ros2/ros/xiao_ying/build/imu_complementary_filter' returned '0': CMAKE_PREFIX_PATH=${CMAKE_PREFIX_PATH}:/opt/ros/humble /usr/bin/cmake --install /home/lx/ros2/ros/xiao_ying/build/imu_complementary_filter
[1.657s] Level 1:colcon.colcon_core.environment:checking '/home/lx/ros2/ros/xiao_ying/install/imu_complementary_filter' for CMake module files
[1.657s] Level 1:colcon.colcon_core.environment:checking '/home/lx/ros2/ros/xiao_ying/install/imu_complementary_filter' for CMake config files
[1.657s] Level 1:colcon.colcon_core.shell:create_environment_hook('imu_complementary_filter', 'cmake_prefix_path')
[1.674s] INFO:colcon.colcon_core.shell:Creating environment hook '/home/lx/ros2/ros/xiao_ying/install/imu_complementary_filter/share/imu_complementary_filter/hook/cmake_prefix_path.ps1'
[1.675s] INFO:colcon.colcon_core.shell:Creating environment descriptor '/home/lx/ros2/ros/xiao_ying/install/imu_complementary_filter/share/imu_complementary_filter/hook/cmake_prefix_path.dsv'
[1.675s] INFO:colcon.colcon_core.shell:Creating environment hook '/home/lx/ros2/ros/xiao_ying/install/imu_complementary_filter/share/imu_complementary_filter/hook/cmake_prefix_path.sh'
[1.676s] Level 1:colcon.colcon_core.environment:checking '/home/lx/ros2/ros/xiao_ying/install/imu_complementary_filter/lib'
[1.676s] Level 1:colcon.colcon_core.shell:create_environment_hook('imu_complementary_filter', 'ld_library_path_lib')
[1.691s] INFO:colcon.colcon_core.shell:Creating environment hook '/home/lx/ros2/ros/xiao_ying/install/imu_complementary_filter/share/imu_complementary_filter/hook/ld_library_path_lib.ps1'
[1.692s] INFO:colcon.colcon_core.shell:Creating environment descriptor '/home/lx/ros2/ros/xiao_ying/install/imu_complementary_filter/share/imu_complementary_filter/hook/ld_library_path_lib.dsv'
[1.692s] INFO:colcon.colcon_core.shell:Creating environment hook '/home/lx/ros2/ros/xiao_ying/install/imu_complementary_filter/share/imu_complementary_filter/hook/ld_library_path_lib.sh'
[1.692s] Level 1:colcon.colcon_core.environment:checking '/home/lx/ros2/ros/xiao_ying/install/imu_complementary_filter/bin'
[1.692s] Level 1:colcon.colcon_core.environment:checking '/home/lx/ros2/ros/xiao_ying/install/imu_complementary_filter/lib/pkgconfig/imu_complementary_filter.pc'
[1.692s] Level 1:colcon.colcon_core.environment:checking '/home/lx/ros2/ros/xiao_ying/install/imu_complementary_filter/lib/python3.10/site-packages'
[1.693s] Level 1:colcon.colcon_core.environment:checking '/home/lx/ros2/ros/xiao_ying/install/imu_complementary_filter/bin'
[1.707s] INFO:colcon.colcon_core.shell:Creating package script '/home/lx/ros2/ros/xiao_ying/install/imu_complementary_filter/share/imu_complementary_filter/package.ps1'
[1.708s] INFO:colcon.colcon_core.shell:Creating package descriptor '/home/lx/ros2/ros/xiao_ying/install/imu_complementary_filter/share/imu_complementary_filter/package.dsv'
[1.709s] INFO:colcon.colcon_core.shell:Creating package script '/home/lx/ros2/ros/xiao_ying/install/imu_complementary_filter/share/imu_complementary_filter/package.sh'
[1.709s] INFO:colcon.colcon_core.shell:Creating package script '/home/lx/ros2/ros/xiao_ying/install/imu_complementary_filter/share/imu_complementary_filter/package.bash'
[1.710s] INFO:colcon.colcon_core.shell:Creating package script '/home/lx/ros2/ros/xiao_ying/install/imu_complementary_filter/share/imu_complementary_filter/package.zsh'
[1.710s] Level 1:colcon.colcon_core.environment:create_file_with_runtime_dependencies(/home/lx/ros2/ros/xiao_ying/install/imu_complementary_filter/share/colcon-core/packages/imu_complementary_filter)
[1.713s] DEBUG:colcon.colcon_core.event_handler.log_command:Invoked command in '/home/lx/ros2/ros/xiao_ying/build/pointcloud_to_laserscan' returned '0': CMAKE_PREFIX_PATH=${CMAKE_PREFIX_PATH}:/opt/ros/humble /usr/bin/cmake --build /home/lx/ros2/ros/xiao_ying/build/pointcloud_to_laserscan -- -j12 -l12
[1.759s] Level 1:colcon.colcon_core.environment:create_environment_scripts_only(imu_complementary_filter)
[1.778s] Level 1:colcon.colcon_core.environment:checking '/home/lx/ros2/ros/xiao_ying/install/imu_complementary_filter' for CMake module files
[1.778s] Level 1:colcon.colcon_core.environment:checking '/home/lx/ros2/ros/xiao_ying/install/imu_complementary_filter' for CMake config files
[1.778s] Level 1:colcon.colcon_core.shell:create_environment_hook('imu_complementary_filter', 'cmake_prefix_path')
[1.792s] INFO:colcon.colcon_core.shell:Creating environment hook '/home/lx/ros2/ros/xiao_ying/install/imu_complementary_filter/share/imu_complementary_filter/hook/cmake_prefix_path.ps1'
[1.792s] INFO:colcon.colcon_core.shell:Creating environment descriptor '/home/lx/ros2/ros/xiao_ying/install/imu_complementary_filter/share/imu_complementary_filter/hook/cmake_prefix_path.dsv'
[1.792s] INFO:colcon.colcon_core.shell:Creating environment hook '/home/lx/ros2/ros/xiao_ying/install/imu_complementary_filter/share/imu_complementary_filter/hook/cmake_prefix_path.sh'
[1.793s] Level 1:colcon.colcon_core.environment:checking '/home/lx/ros2/ros/xiao_ying/install/imu_complementary_filter/lib'
[1.793s] Level 1:colcon.colcon_core.shell:create_environment_hook('imu_complementary_filter', 'ld_library_path_lib')
[1.806s] INFO:colcon.colcon_core.shell:Creating environment hook '/home/lx/ros2/ros/xiao_ying/install/imu_complementary_filter/share/imu_complementary_filter/hook/ld_library_path_lib.ps1'
[1.807s] INFO:colcon.colcon_core.shell:Creating environment descriptor '/home/lx/ros2/ros/xiao_ying/install/imu_complementary_filter/share/imu_complementary_filter/hook/ld_library_path_lib.dsv'
[1.807s] INFO:colcon.colcon_core.shell:Creating environment hook '/home/lx/ros2/ros/xiao_ying/install/imu_complementary_filter/share/imu_complementary_filter/hook/ld_library_path_lib.sh'
[1.807s] Level 1:colcon.colcon_core.environment:checking '/home/lx/ros2/ros/xiao_ying/install/imu_complementary_filter/bin'
[1.807s] Level 1:colcon.colcon_core.environment:checking '/home/lx/ros2/ros/xiao_ying/install/imu_complementary_filter/lib/pkgconfig/imu_complementary_filter.pc'
[1.807s] Level 1:colcon.colcon_core.environment:checking '/home/lx/ros2/ros/xiao_ying/install/imu_complementary_filter/lib/python3.10/site-packages'
[1.808s] Level 1:colcon.colcon_core.environment:checking '/home/lx/ros2/ros/xiao_ying/install/imu_complementary_filter/bin'
[1.823s] INFO:colcon.colcon_core.shell:Creating package script '/home/lx/ros2/ros/xiao_ying/install/imu_complementary_filter/share/imu_complementary_filter/package.ps1'
[1.824s] INFO:colcon.colcon_core.shell:Creating package descriptor '/home/lx/ros2/ros/xiao_ying/install/imu_complementary_filter/share/imu_complementary_filter/package.dsv'
[1.824s] INFO:colcon.colcon_core.shell:Creating package script '/home/lx/ros2/ros/xiao_ying/install/imu_complementary_filter/share/imu_complementary_filter/package.sh'
[1.825s] INFO:colcon.colcon_core.shell:Creating package script '/home/lx/ros2/ros/xiao_ying/install/imu_complementary_filter/share/imu_complementary_filter/package.bash'
[1.825s] INFO:colcon.colcon_core.shell:Creating package script '/home/lx/ros2/ros/xiao_ying/install/imu_complementary_filter/share/imu_complementary_filter/package.zsh'
[1.825s] Level 1:colcon.colcon_core.environment:create_file_with_runtime_dependencies(/home/lx/ros2/ros/xiao_ying/install/imu_complementary_filter/share/colcon-core/packages/imu_complementary_filter)
[1.828s] DEBUG:colcon.colcon_core.event_handler.log_command:Invoking command in '/home/lx/ros2/ros/xiao_ying/build/pointcloud_to_laserscan': CMAKE_PREFIX_PATH=${CMAKE_PREFIX_PATH}:/opt/ros/humble /usr/bin/cmake --install /home/lx/ros2/ros/xiao_ying/build/pointcloud_to_laserscan
[1.839s] Level 1:colcon.colcon_core.environment:create_environment_scripts_only(pointcloud_to_laserscan)
[1.840s] DEBUG:colcon.colcon_core.event_handler.log_command:Invoked command in '/home/lx/ros2/ros/xiao_ying/build/pointcloud_to_laserscan' returned '0': CMAKE_PREFIX_PATH=${CMAKE_PREFIX_PATH}:/opt/ros/humble /usr/bin/cmake --install /home/lx/ros2/ros/xiao_ying/build/pointcloud_to_laserscan
[1.855s] Level 1:colcon.colcon_core.environment:checking '/home/lx/ros2/ros/xiao_ying/install/pointcloud_to_laserscan' for CMake module files
[1.856s] Level 1:colcon.colcon_core.environment:checking '/home/lx/ros2/ros/xiao_ying/install/pointcloud_to_laserscan' for CMake config files
[1.856s] Level 1:colcon.colcon_core.shell:create_environment_hook('pointcloud_to_laserscan', 'cmake_prefix_path')
[1.870s] INFO:colcon.colcon_core.shell:Creating environment hook '/home/lx/ros2/ros/xiao_ying/install/pointcloud_to_laserscan/share/pointcloud_to_laserscan/hook/cmake_prefix_path.ps1'
[1.871s] INFO:colcon.colcon_core.shell:Creating environment descriptor '/home/lx/ros2/ros/xiao_ying/install/pointcloud_to_laserscan/share/pointcloud_to_laserscan/hook/cmake_prefix_path.dsv'
[1.871s] INFO:colcon.colcon_core.shell:Creating environment hook '/home/lx/ros2/ros/xiao_ying/install/pointcloud_to_laserscan/share/pointcloud_to_laserscan/hook/cmake_prefix_path.sh'
[1.871s] Level 1:colcon.colcon_core.environment:checking '/home/lx/ros2/ros/xiao_ying/install/pointcloud_to_laserscan/lib'
[1.871s] Level 1:colcon.colcon_core.shell:create_environment_hook('pointcloud_to_laserscan', 'ld_library_path_lib')
[1.885s] INFO:colcon.colcon_core.shell:Creating environment hook '/home/lx/ros2/ros/xiao_ying/install/pointcloud_to_laserscan/share/pointcloud_to_laserscan/hook/ld_library_path_lib.ps1'
[1.886s] INFO:colcon.colcon_core.shell:Creating environment descriptor '/home/lx/ros2/ros/xiao_ying/install/pointcloud_to_laserscan/share/pointcloud_to_laserscan/hook/ld_library_path_lib.dsv'
[1.886s] INFO:colcon.colcon_core.shell:Creating environment hook '/home/lx/ros2/ros/xiao_ying/install/pointcloud_to_laserscan/share/pointcloud_to_laserscan/hook/ld_library_path_lib.sh'
[1.886s] Level 1:colcon.colcon_core.environment:checking '/home/lx/ros2/ros/xiao_ying/install/pointcloud_to_laserscan/bin'
[1.886s] Level 1:colcon.colcon_core.environment:checking '/home/lx/ros2/ros/xiao_ying/install/pointcloud_to_laserscan/lib/pkgconfig/pointcloud_to_laserscan.pc'
[1.887s] Level 1:colcon.colcon_core.environment:checking '/home/lx/ros2/ros/xiao_ying/install/pointcloud_to_laserscan/lib/python3.10/site-packages'
[1.887s] Level 1:colcon.colcon_core.environment:checking '/home/lx/ros2/ros/xiao_ying/install/pointcloud_to_laserscan/bin'
[1.902s] INFO:colcon.colcon_core.shell:Creating package script '/home/lx/ros2/ros/xiao_ying/install/pointcloud_to_laserscan/share/pointcloud_to_laserscan/package.ps1'
[1.903s] INFO:colcon.colcon_core.shell:Creating package descriptor '/home/lx/ros2/ros/xiao_ying/install/pointcloud_to_laserscan/share/pointcloud_to_laserscan/package.dsv'
[1.903s] INFO:colcon.colcon_core.shell:Creating package script '/home/lx/ros2/ros/xiao_ying/install/pointcloud_to_laserscan/share/pointcloud_to_laserscan/package.sh'
[1.904s] INFO:colcon.colcon_core.shell:Creating package script '/home/lx/ros2/ros/xiao_ying/install/pointcloud_to_laserscan/share/pointcloud_to_laserscan/package.bash'
[1.904s] INFO:colcon.colcon_core.shell:Creating package script '/home/lx/ros2/ros/xiao_ying/install/pointcloud_to_laserscan/share/pointcloud_to_laserscan/package.zsh'
[1.904s] Level 1:colcon.colcon_core.environment:create_file_with_runtime_dependencies(/home/lx/ros2/ros/xiao_ying/install/pointcloud_to_laserscan/share/colcon-core/packages/pointcloud_to_laserscan)
[1.906s] DEBUG:colcon.colcon_core.event_handler.log_command:Invoked command in '/home/lx/ros2/ros/xiao_ying/build/livox_ros_driver2' returned '0': CMAKE_PREFIX_PATH=${CMAKE_PREFIX_PATH}:/opt/ros/humble /usr/bin/cmake --build /home/lx/ros2/ros/xiao_ying/build/livox_ros_driver2 -- -j12 -l12
[1.946s] Level 1:colcon.colcon_core.environment:create_environment_scripts_only(pointcloud_to_laserscan)
[1.960s] Level 1:colcon.colcon_core.environment:checking '/home/lx/ros2/ros/xiao_ying/install/pointcloud_to_laserscan' for CMake module files
[1.961s] Level 1:colcon.colcon_core.environment:checking '/home/lx/ros2/ros/xiao_ying/install/pointcloud_to_laserscan' for CMake config files
[1.961s] Level 1:colcon.colcon_core.shell:create_environment_hook('pointcloud_to_laserscan', 'cmake_prefix_path')
[1.974s] INFO:colcon.colcon_core.shell:Creating environment hook '/home/lx/ros2/ros/xiao_ying/install/pointcloud_to_laserscan/share/pointcloud_to_laserscan/hook/cmake_prefix_path.ps1'
[1.974s] INFO:colcon.colcon_core.shell:Creating environment descriptor '/home/lx/ros2/ros/xiao_ying/install/pointcloud_to_laserscan/share/pointcloud_to_laserscan/hook/cmake_prefix_path.dsv'
[1.975s] INFO:colcon.colcon_core.shell:Creating environment hook '/home/lx/ros2/ros/xiao_ying/install/pointcloud_to_laserscan/share/pointcloud_to_laserscan/hook/cmake_prefix_path.sh'
[1.975s] Level 1:colcon.colcon_core.environment:checking '/home/lx/ros2/ros/xiao_ying/install/pointcloud_to_laserscan/lib'
[1.975s] Level 1:colcon.colcon_core.shell:create_environment_hook('pointcloud_to_laserscan', 'ld_library_path_lib')
[1.989s] INFO:colcon.colcon_core.shell:Creating environment hook '/home/lx/ros2/ros/xiao_ying/install/pointcloud_to_laserscan/share/pointcloud_to_laserscan/hook/ld_library_path_lib.ps1'
[1.989s] INFO:colcon.colcon_core.shell:Creating environment descriptor '/home/lx/ros2/ros/xiao_ying/install/pointcloud_to_laserscan/share/pointcloud_to_laserscan/hook/ld_library_path_lib.dsv'
[1.990s] INFO:colcon.colcon_core.shell:Creating environment hook '/home/lx/ros2/ros/xiao_ying/install/pointcloud_to_laserscan/share/pointcloud_to_laserscan/hook/ld_library_path_lib.sh'
[1.990s] Level 1:colcon.colcon_core.environment:checking '/home/lx/ros2/ros/xiao_ying/install/pointcloud_to_laserscan/bin'
[1.990s] Level 1:colcon.colcon_core.environment:checking '/home/lx/ros2/ros/xiao_ying/install/pointcloud_to_laserscan/lib/pkgconfig/pointcloud_to_laserscan.pc'
[1.990s] Level 1:colcon.colcon_core.environment:checking '/home/lx/ros2/ros/xiao_ying/install/pointcloud_to_laserscan/lib/python3.10/site-packages'
[1.990s] Level 1:colcon.colcon_core.environment:checking '/home/lx/ros2/ros/xiao_ying/install/pointcloud_to_laserscan/bin'
[2.003s] INFO:colcon.colcon_core.shell:Creating package script '/home/lx/ros2/ros/xiao_ying/install/pointcloud_to_laserscan/share/pointcloud_to_laserscan/package.ps1'
[2.003s] INFO:colcon.colcon_core.shell:Creating package descriptor '/home/lx/ros2/ros/xiao_ying/install/pointcloud_to_laserscan/share/pointcloud_to_laserscan/package.dsv'
[2.004s] INFO:colcon.colcon_core.shell:Creating package script '/home/lx/ros2/ros/xiao_ying/install/pointcloud_to_laserscan/share/pointcloud_to_laserscan/package.sh'
[2.004s] INFO:colcon.colcon_core.shell:Creating package script '/home/lx/ros2/ros/xiao_ying/install/pointcloud_to_laserscan/share/pointcloud_to_laserscan/package.bash'
[2.004s] INFO:colcon.colcon_core.shell:Creating package script '/home/lx/ros2/ros/xiao_ying/install/pointcloud_to_laserscan/share/pointcloud_to_laserscan/package.zsh'
[2.005s] Level 1:colcon.colcon_core.environment:create_file_with_runtime_dependencies(/home/lx/ros2/ros/xiao_ying/install/pointcloud_to_laserscan/share/colcon-core/packages/pointcloud_to_laserscan)
[2.007s] DEBUG:colcon.colcon_core.event_handler.log_command:Invoking command in '/home/lx/ros2/ros/xiao_ying/build/livox_ros_driver2': CMAKE_PREFIX_PATH=${CMAKE_PREFIX_PATH}:/opt/ros/humble /usr/bin/cmake --install /home/lx/ros2/ros/xiao_ying/build/livox_ros_driver2
[2.054s] Level 1:colcon.colcon_core.environment:create_environment_scripts_only(livox_ros_driver2)
[2.057s] DEBUG:colcon.colcon_core.event_handler.log_command:Invoked command in '/home/lx/ros2/ros/xiao_ying/build/livox_ros_driver2' returned '0': CMAKE_PREFIX_PATH=${CMAKE_PREFIX_PATH}:/opt/ros/humble /usr/bin/cmake --install /home/lx/ros2/ros/xiao_ying/build/livox_ros_driver2
[2.078s] Level 1:colcon.colcon_core.environment:checking '/home/lx/ros2/ros/xiao_ying/install/livox_ros_driver2' for CMake module files
[2.079s] Level 1:colcon.colcon_core.environment:checking '/home/lx/ros2/ros/xiao_ying/install/livox_ros_driver2' for CMake config files
[2.079s] Level 1:colcon.colcon_core.shell:create_environment_hook('livox_ros_driver2', 'cmake_prefix_path')
[2.098s] INFO:colcon.colcon_core.shell:Creating environment hook '/home/lx/ros2/ros/xiao_ying/install/livox_ros_driver2/share/livox_ros_driver2/hook/cmake_prefix_path.ps1'
[2.099s] INFO:colcon.colcon_core.shell:Creating environment descriptor '/home/lx/ros2/ros/xiao_ying/install/livox_ros_driver2/share/livox_ros_driver2/hook/cmake_prefix_path.dsv'
[2.099s] INFO:colcon.colcon_core.shell:Creating environment hook '/home/lx/ros2/ros/xiao_ying/install/livox_ros_driver2/share/livox_ros_driver2/hook/cmake_prefix_path.sh'
[2.100s] Level 1:colcon.colcon_core.environment:checking '/home/lx/ros2/ros/xiao_ying/install/livox_ros_driver2/lib'
[2.100s] Level 1:colcon.colcon_core.shell:create_environment_hook('livox_ros_driver2', 'ld_library_path_lib')
[2.113s] INFO:colcon.colcon_core.shell:Creating environment hook '/home/lx/ros2/ros/xiao_ying/install/livox_ros_driver2/share/livox_ros_driver2/hook/ld_library_path_lib.ps1'
[2.114s] INFO:colcon.colcon_core.shell:Creating environment descriptor '/home/lx/ros2/ros/xiao_ying/install/livox_ros_driver2/share/livox_ros_driver2/hook/ld_library_path_lib.dsv'
[2.114s] INFO:colcon.colcon_core.shell:Creating environment hook '/home/lx/ros2/ros/xiao_ying/install/livox_ros_driver2/share/livox_ros_driver2/hook/ld_library_path_lib.sh'
[2.114s] Level 1:colcon.colcon_core.environment:checking '/home/lx/ros2/ros/xiao_ying/install/livox_ros_driver2/bin'
[2.114s] Level 1:colcon.colcon_core.environment:checking '/home/lx/ros2/ros/xiao_ying/install/livox_ros_driver2/lib/pkgconfig/livox_ros_driver2.pc'
[2.115s] Level 1:colcon.colcon_core.environment:checking '/home/lx/ros2/ros/xiao_ying/install/livox_ros_driver2/lib/python3.10/site-packages'
[2.115s] Level 1:colcon.colcon_core.environment:checking '/home/lx/ros2/ros/xiao_ying/install/livox_ros_driver2/bin'
[2.129s] INFO:colcon.colcon_core.shell:Creating package script '/home/lx/ros2/ros/xiao_ying/install/livox_ros_driver2/share/livox_ros_driver2/package.ps1'
[2.129s] INFO:colcon.colcon_core.shell:Creating package descriptor '/home/lx/ros2/ros/xiao_ying/install/livox_ros_driver2/share/livox_ros_driver2/package.dsv'
[2.130s] INFO:colcon.colcon_core.shell:Creating package script '/home/lx/ros2/ros/xiao_ying/install/livox_ros_driver2/share/livox_ros_driver2/package.sh'
[2.130s] INFO:colcon.colcon_core.shell:Creating package script '/home/lx/ros2/ros/xiao_ying/install/livox_ros_driver2/share/livox_ros_driver2/package.bash'
[2.130s] INFO:colcon.colcon_core.shell:Creating package script '/home/lx/ros2/ros/xiao_ying/install/livox_ros_driver2/share/livox_ros_driver2/package.zsh'
[2.131s] Level 1:colcon.colcon_core.environment:create_file_with_runtime_dependencies(/home/lx/ros2/ros/xiao_ying/install/livox_ros_driver2/share/colcon-core/packages/livox_ros_driver2)
[2.227s] Level 1:colcon.colcon_core.environment:create_environment_scripts_only(livox_ros_driver2)
[2.240s] Level 1:colcon.colcon_core.environment:checking '/home/lx/ros2/ros/xiao_ying/install/livox_ros_driver2' for CMake module files
[2.240s] Level 1:colcon.colcon_core.environment:checking '/home/lx/ros2/ros/xiao_ying/install/livox_ros_driver2' for CMake config files
[2.241s] Level 1:colcon.colcon_core.shell:create_environment_hook('livox_ros_driver2', 'cmake_prefix_path')
[2.254s] INFO:colcon.colcon_core.shell:Creating environment hook '/home/lx/ros2/ros/xiao_ying/install/livox_ros_driver2/share/livox_ros_driver2/hook/cmake_prefix_path.ps1'
[2.255s] INFO:colcon.colcon_core.shell:Creating environment descriptor '/home/lx/ros2/ros/xiao_ying/install/livox_ros_driver2/share/livox_ros_driver2/hook/cmake_prefix_path.dsv'
[2.255s] INFO:colcon.colcon_core.shell:Creating environment hook '/home/lx/ros2/ros/xiao_ying/install/livox_ros_driver2/share/livox_ros_driver2/hook/cmake_prefix_path.sh'
[2.256s] Level 1:colcon.colcon_core.environment:checking '/home/lx/ros2/ros/xiao_ying/install/livox_ros_driver2/lib'
[2.256s] Level 1:colcon.colcon_core.shell:create_environment_hook('livox_ros_driver2', 'ld_library_path_lib')
[2.279s] INFO:colcon.colcon_core.shell:Creating environment hook '/home/lx/ros2/ros/xiao_ying/install/livox_ros_driver2/share/livox_ros_driver2/hook/ld_library_path_lib.ps1'
[2.280s] INFO:colcon.colcon_core.shell:Creating environment descriptor '/home/lx/ros2/ros/xiao_ying/install/livox_ros_driver2/share/livox_ros_driver2/hook/ld_library_path_lib.dsv'
[2.280s] INFO:colcon.colcon_core.shell:Creating environment hook '/home/lx/ros2/ros/xiao_ying/install/livox_ros_driver2/share/livox_ros_driver2/hook/ld_library_path_lib.sh'
[2.281s] Level 1:colcon.colcon_core.environment:checking '/home/lx/ros2/ros/xiao_ying/install/livox_ros_driver2/bin'
[2.281s] Level 1:colcon.colcon_core.environment:checking '/home/lx/ros2/ros/xiao_ying/install/livox_ros_driver2/lib/pkgconfig/livox_ros_driver2.pc'
[2.281s] Level 1:colcon.colcon_core.environment:checking '/home/lx/ros2/ros/xiao_ying/install/livox_ros_driver2/lib/python3.10/site-packages'
[2.282s] Level 1:colcon.colcon_core.environment:checking '/home/lx/ros2/ros/xiao_ying/install/livox_ros_driver2/bin'
[2.303s] INFO:colcon.colcon_core.shell:Creating package script '/home/lx/ros2/ros/xiao_ying/install/livox_ros_driver2/share/livox_ros_driver2/package.ps1'
[2.304s] INFO:colcon.colcon_core.shell:Creating package descriptor '/home/lx/ros2/ros/xiao_ying/install/livox_ros_driver2/share/livox_ros_driver2/package.dsv'
[2.305s] INFO:colcon.colcon_core.shell:Creating package script '/home/lx/ros2/ros/xiao_ying/install/livox_ros_driver2/share/livox_ros_driver2/package.sh'
[2.305s] INFO:colcon.colcon_core.shell:Creating package script '/home/lx/ros2/ros/xiao_ying/install/livox_ros_driver2/share/livox_ros_driver2/package.bash'
[2.306s] INFO:colcon.colcon_core.shell:Creating package script '/home/lx/ros2/ros/xiao_ying/install/livox_ros_driver2/share/livox_ros_driver2/package.zsh'
[2.306s] Level 1:colcon.colcon_core.environment:create_file_with_runtime_dependencies(/home/lx/ros2/ros/xiao_ying/install/livox_ros_driver2/share/colcon-core/packages/livox_ros_driver2)
[2.306s] INFO:colcon.colcon_ros.task.ament_cmake.build:Building ROS package in '/home/lx/ros2/ros/xiao_ying/src/FAST_LIO' with build type 'ament_cmake'
[2.307s] INFO:colcon.colcon_cmake.task.cmake.build:Building CMake package in '/home/lx/ros2/ros/xiao_ying/src/FAST_LIO'
[2.325s] INFO:colcon.colcon_core.shell:Skip shell extension 'powershell' for command environment: Not usable outside of PowerShell
[2.325s] DEBUG:colcon.colcon_core.shell:Skip shell extension 'dsv' for command environment
[2.395s] DEBUG:colcon.colcon_core.event_handler.log_command:Invoking command in '/home/lx/ros2/ros/xiao_ying/build/fast_lio': CMAKE_PREFIX_PATH=/home/lx/ros2/ros/xiao_ying/install/livox_ros_driver2:/home/lx/ros2/ros/xiao_ying/install/pointcloud_to_laserscan:/home/lx/ros2/ros/xiao_ying/install/fast_lio:/home/lx/ros2/ros/xiao_ying/install/imu_complementary_filter:/opt/ros/humble LD_LIBRARY_PATH=/home/lx/ros2/ros/xiao_ying/install/livox_ros_driver2/lib:/home/lx/ros2/ros/xiao_ying/install/pointcloud_to_laserscan/lib:/home/lx/ros2/ros/xiao_ying/install/fast_lio/lib:/home/lx/ros2/ros/xiao_ying/install/imu_complementary_filter/lib:/usr/lib/x86_64-linux-gnu/gazebo-11/plugins:/opt/ros/humble/opt/rviz_ogre_vendor/lib:/opt/ros/humble/lib/x86_64-linux-gnu:/opt/ros/humble/lib /usr/bin/cmake --build /home/lx/ros2/ros/xiao_ying/build/fast_lio -- -j12 -l12
[2.765s] DEBUG:colcon.colcon_core.event_handler.log_command:Invoked command in '/home/lx/ros2/ros/xiao_ying/build/fast_lio' returned '0': CMAKE_PREFIX_PATH=/home/lx/ros2/ros/xiao_ying/install/livox_ros_driver2:/home/lx/ros2/ros/xiao_ying/install/pointcloud_to_laserscan:/home/lx/ros2/ros/xiao_ying/install/fast_lio:/home/lx/ros2/ros/xiao_ying/install/imu_complementary_filter:/opt/ros/humble LD_LIBRARY_PATH=/home/lx/ros2/ros/xiao_ying/install/livox_ros_driver2/lib:/home/lx/ros2/ros/xiao_ying/install/pointcloud_to_laserscan/lib:/home/lx/ros2/ros/xiao_ying/install/fast_lio/lib:/home/lx/ros2/ros/xiao_ying/install/imu_complementary_filter/lib:/usr/lib/x86_64-linux-gnu/gazebo-11/plugins:/opt/ros/humble/opt/rviz_ogre_vendor/lib:/opt/ros/humble/lib/x86_64-linux-gnu:/opt/ros/humble/lib /usr/bin/cmake --build /home/lx/ros2/ros/xiao_ying/build/fast_lio -- -j12 -l12
[2.809s] DEBUG:colcon.colcon_core.event_handler.log_command:Invoking command in '/home/lx/ros2/ros/xiao_ying/build/fast_lio': CMAKE_PREFIX_PATH=/home/lx/ros2/ros/xiao_ying/install/livox_ros_driver2:/home/lx/ros2/ros/xiao_ying/install/pointcloud_to_laserscan:/home/lx/ros2/ros/xiao_ying/install/fast_lio:/home/lx/ros2/ros/xiao_ying/install/imu_complementary_filter:/opt/ros/humble LD_LIBRARY_PATH=/home/lx/ros2/ros/xiao_ying/install/livox_ros_driver2/lib:/home/lx/ros2/ros/xiao_ying/install/pointcloud_to_laserscan/lib:/home/lx/ros2/ros/xiao_ying/install/fast_lio/lib:/home/lx/ros2/ros/xiao_ying/install/imu_complementary_filter/lib:/usr/lib/x86_64-linux-gnu/gazebo-11/plugins:/opt/ros/humble/opt/rviz_ogre_vendor/lib:/opt/ros/humble/lib/x86_64-linux-gnu:/opt/ros/humble/lib /usr/bin/cmake --install /home/lx/ros2/ros/xiao_ying/build/fast_lio
[2.854s] Level 1:colcon.colcon_core.environment:create_environment_scripts_only(fast_lio)
[2.854s] DEBUG:colcon.colcon_core.event_handler.log_command:Invoked command in '/home/lx/ros2/ros/xiao_ying/build/fast_lio' returned '0': CMAKE_PREFIX_PATH=/home/lx/ros2/ros/xiao_ying/install/livox_ros_driver2:/home/lx/ros2/ros/xiao_ying/install/pointcloud_to_laserscan:/home/lx/ros2/ros/xiao_ying/install/fast_lio:/home/lx/ros2/ros/xiao_ying/install/imu_complementary_filter:/opt/ros/humble LD_LIBRARY_PATH=/home/lx/ros2/ros/xiao_ying/install/livox_ros_driver2/lib:/home/lx/ros2/ros/xiao_ying/install/pointcloud_to_laserscan/lib:/home/lx/ros2/ros/xiao_ying/install/fast_lio/lib:/home/lx/ros2/ros/xiao_ying/install/imu_complementary_filter/lib:/usr/lib/x86_64-linux-gnu/gazebo-11/plugins:/opt/ros/humble/opt/rviz_ogre_vendor/lib:/opt/ros/humble/lib/x86_64-linux-gnu:/opt/ros/humble/lib /usr/bin/cmake --install /home/lx/ros2/ros/xiao_ying/build/fast_lio
[2.868s] Level 1:colcon.colcon_core.environment:checking '/home/lx/ros2/ros/xiao_ying/install/fast_lio' for CMake module files
[2.868s] Level 1:colcon.colcon_core.environment:checking '/home/lx/ros2/ros/xiao_ying/install/fast_lio' for CMake config files
[2.869s] Level 1:colcon.colcon_core.shell:create_environment_hook('fast_lio', 'cmake_prefix_path')
[2.882s] INFO:colcon.colcon_core.shell:Creating environment hook '/home/lx/ros2/ros/xiao_ying/install/fast_lio/share/fast_lio/hook/cmake_prefix_path.ps1'
[2.883s] INFO:colcon.colcon_core.shell:Creating environment descriptor '/home/lx/ros2/ros/xiao_ying/install/fast_lio/share/fast_lio/hook/cmake_prefix_path.dsv'
[2.883s] INFO:colcon.colcon_core.shell:Creating environment hook '/home/lx/ros2/ros/xiao_ying/install/fast_lio/share/fast_lio/hook/cmake_prefix_path.sh'
[2.883s] Level 1:colcon.colcon_core.environment:checking '/home/lx/ros2/ros/xiao_ying/install/fast_lio/lib'
[2.883s] Level 1:colcon.colcon_core.shell:create_environment_hook('fast_lio', 'ld_library_path_lib')
[2.897s] INFO:colcon.colcon_core.shell:Creating environment hook '/home/lx/ros2/ros/xiao_ying/install/fast_lio/share/fast_lio/hook/ld_library_path_lib.ps1'
[2.897s] INFO:colcon.colcon_core.shell:Creating environment descriptor '/home/lx/ros2/ros/xiao_ying/install/fast_lio/share/fast_lio/hook/ld_library_path_lib.dsv'
[2.898s] INFO:colcon.colcon_core.shell:Creating environment hook '/home/lx/ros2/ros/xiao_ying/install/fast_lio/share/fast_lio/hook/ld_library_path_lib.sh'
[2.898s] Level 1:colcon.colcon_core.environment:checking '/home/lx/ros2/ros/xiao_ying/install/fast_lio/bin'
[2.898s] Level 1:colcon.colcon_core.environment:checking '/home/lx/ros2/ros/xiao_ying/install/fast_lio/lib/pkgconfig/fast_lio.pc'
[2.898s] Level 1:colcon.colcon_core.environment:checking '/home/lx/ros2/ros/xiao_ying/install/fast_lio/lib/python3.10/site-packages'
[2.898s] Level 1:colcon.colcon_core.environment:checking '/home/lx/ros2/ros/xiao_ying/install/fast_lio/bin'
[2.912s] INFO:colcon.colcon_core.shell:Creating package script '/home/lx/ros2/ros/xiao_ying/install/fast_lio/share/fast_lio/package.ps1'
[2.912s] INFO:colcon.colcon_core.shell:Creating package descriptor '/home/lx/ros2/ros/xiao_ying/install/fast_lio/share/fast_lio/package.dsv'
[2.913s] INFO:colcon.colcon_core.shell:Creating package script '/home/lx/ros2/ros/xiao_ying/install/fast_lio/share/fast_lio/package.sh'
[2.913s] INFO:colcon.colcon_core.shell:Creating package script '/home/lx/ros2/ros/xiao_ying/install/fast_lio/share/fast_lio/package.bash'
[2.913s] INFO:colcon.colcon_core.shell:Creating package script '/home/lx/ros2/ros/xiao_ying/install/fast_lio/share/fast_lio/package.zsh'
[2.914s] Level 1:colcon.colcon_core.environment:create_file_with_runtime_dependencies(/home/lx/ros2/ros/xiao_ying/install/fast_lio/share/colcon-core/packages/fast_lio)
[2.980s] Level 1:colcon.colcon_core.environment:create_environment_scripts_only(fast_lio)
[3.001s] Level 1:colcon.colcon_core.environment:checking '/home/lx/ros2/ros/xiao_ying/install/fast_lio' for CMake module files
[3.002s] Level 1:colcon.colcon_core.environment:checking '/home/lx/ros2/ros/xiao_ying/install/fast_lio' for CMake config files
[3.003s] Level 1:colcon.colcon_core.shell:create_environment_hook('fast_lio', 'cmake_prefix_path')
[3.021s] INFO:colcon.colcon_core.shell:Creating environment hook '/home/lx/ros2/ros/xiao_ying/install/fast_lio/share/fast_lio/hook/cmake_prefix_path.ps1'
[3.021s] INFO:colcon.colcon_core.shell:Creating environment descriptor '/home/lx/ros2/ros/xiao_ying/install/fast_lio/share/fast_lio/hook/cmake_prefix_path.dsv'
[3.022s] INFO:colcon.colcon_core.shell:Creating environment hook '/home/lx/ros2/ros/xiao_ying/install/fast_lio/share/fast_lio/hook/cmake_prefix_path.sh'
[3.022s] Level 1:colcon.colcon_core.environment:checking '/home/lx/ros2/ros/xiao_ying/install/fast_lio/lib'
[3.022s] Level 1:colcon.colcon_core.shell:create_environment_hook('fast_lio', 'ld_library_path_lib')
[3.038s] INFO:colcon.colcon_core.shell:Creating environment hook '/home/lx/ros2/ros/xiao_ying/install/fast_lio/share/fast_lio/hook/ld_library_path_lib.ps1'
[3.039s] INFO:colcon.colcon_core.shell:Creating environment descriptor '/home/lx/ros2/ros/xiao_ying/install/fast_lio/share/fast_lio/hook/ld_library_path_lib.dsv'
[3.039s] INFO:colcon.colcon_core.shell:Creating environment hook '/home/lx/ros2/ros/xiao_ying/install/fast_lio/share/fast_lio/hook/ld_library_path_lib.sh'
[3.040s] Level 1:colcon.colcon_core.environment:checking '/home/lx/ros2/ros/xiao_ying/install/fast_lio/bin'
[3.040s] Level 1:colcon.colcon_core.environment:checking '/home/lx/ros2/ros/xiao_ying/install/fast_lio/lib/pkgconfig/fast_lio.pc'
[3.040s] Level 1:colcon.colcon_core.environment:checking '/home/lx/ros2/ros/xiao_ying/install/fast_lio/lib/python3.10/site-packages'
[3.040s] Level 1:colcon.colcon_core.environment:checking '/home/lx/ros2/ros/xiao_ying/install/fast_lio/bin'
[3.055s] INFO:colcon.colcon_core.shell:Creating package script '/home/lx/ros2/ros/xiao_ying/install/fast_lio/share/fast_lio/package.ps1'
[3.055s] INFO:colcon.colcon_core.shell:Creating package descriptor '/home/lx/ros2/ros/xiao_ying/install/fast_lio/share/fast_lio/package.dsv'
[3.056s] INFO:colcon.colcon_core.shell:Creating package script '/home/lx/ros2/ros/xiao_ying/install/fast_lio/share/fast_lio/package.sh'
[3.056s] INFO:colcon.colcon_core.shell:Creating package script '/home/lx/ros2/ros/xiao_ying/install/fast_lio/share/fast_lio/package.bash'
[3.056s] INFO:colcon.colcon_core.shell:Creating package script '/home/lx/ros2/ros/xiao_ying/install/fast_lio/share/fast_lio/package.zsh'
[3.057s] Level 1:colcon.colcon_core.environment:create_file_with_runtime_dependencies(/home/lx/ros2/ros/xiao_ying/install/fast_lio/share/colcon-core/packages/fast_lio)
[3.057s] DEBUG:colcon.colcon_parallel_executor.executor.parallel:closing loop
[3.057s] DEBUG:colcon.colcon_parallel_executor.executor.parallel:loop closed
[3.057s] DEBUG:colcon.colcon_parallel_executor.executor.parallel:run_until_complete finished with '0'
[3.057s] DEBUG:colcon.colcon_core.event_reactor:joining thread
[3.075s] INFO:colcon.colcon_core.plugin_system:Skipping extension 'colcon_notification.desktop_notification.terminal_notifier': Not used on non-Darwin systems
[3.075s] INFO:colcon.colcon_core.plugin_system:Skipping extension 'colcon_notification.desktop_notification.win32': Not used on non-Windows systems
[3.075s] INFO:colcon.colcon_notification.desktop_notification:Sending desktop notification using 'notify2'
[3.084s] DEBUG:colcon.colcon_core.event_reactor:joined thread
[3.100s] INFO:colcon.colcon_core.shell:Creating prefix script '/home/lx/ros2/ros/xiao_ying/install/local_setup.ps1'
[3.101s] INFO:colcon.colcon_core.shell:Creating prefix util module '/home/lx/ros2/ros/xiao_ying/install/_local_setup_util_ps1.py'
[3.104s] INFO:colcon.colcon_core.shell:Creating prefix chain script '/home/lx/ros2/ros/xiao_ying/install/setup.ps1'
[3.119s] INFO:colcon.colcon_core.shell:Creating prefix script '/home/lx/ros2/ros/xiao_ying/install/local_setup.sh'
[3.120s] INFO:colcon.colcon_core.shell:Creating prefix util module '/home/lx/ros2/ros/xiao_ying/install/_local_setup_util_sh.py'
[3.120s] INFO:colcon.colcon_core.shell:Creating prefix chain script '/home/lx/ros2/ros/xiao_ying/install/setup.sh'
[3.134s] INFO:colcon.colcon_core.shell:Creating prefix script '/home/lx/ros2/ros/xiao_ying/install/local_setup.bash'
[3.135s] INFO:colcon.colcon_core.shell:Creating prefix chain script '/home/lx/ros2/ros/xiao_ying/install/setup.bash'
[3.149s] INFO:colcon.colcon_core.shell:Creating prefix script '/home/lx/ros2/ros/xiao_ying/install/local_setup.zsh'
[3.149s] INFO:colcon.colcon_core.shell:Creating prefix chain script '/home/lx/ros2/ros/xiao_ying/install/setup.zsh'
