[0.058s] Invoking command in '/home/lx/ros2/ros/mid-70_ws/build/fast_lio': CMAKE_PREFIX_PATH=${CMAKE_PREFIX_PATH}:/opt/ros/humble /usr/bin/cmake /home/lx/ros2/ros/mid-70_ws/src/FAST_LIO -DCMAKE_INSTALL_PREFIX=/home/lx/ros2/ros/mid-70_ws/install/fast_lio
[0.066s] [0mCurrent CPU archtecture: x86_64[0m
[0.069s] [0mProcesser number:  12[0m
[0.069s] [0mcore for MP: 3[0m
[0.072s] -- Found ament_cmake: 1.3.5 (/opt/ros/humble/share/ament_cmake/cmake)
[0.181s] -- Override CMake install command with custom implementation using symlinks instead of copying resources
[0.189s] -- Found rclcpp: 16.0.6 (/opt/ros/humble/share/rclcpp/cmake)
[0.218s] -- Found rosidl_generator_c: 3.1.5 (/opt/ros/humble/share/rosidl_generator_c/cmake)
[0.220s] -- Found rosidl_adapter: 3.1.5 (/opt/ros/humble/share/rosidl_adapter/cmake)
[0.225s] -- Found rosidl_generator_cpp: 3.1.5 (/opt/ros/humble/share/rosidl_generator_cpp/cmake)
[0.236s] -- Using all available rosidl_typesupport_c: rosidl_typesupport_fastrtps_c;rosidl_typesupport_introspection_c
[0.249s] -- Using all available rosidl_typesupport_cpp: rosidl_typesupport_fastrtps_cpp;rosidl_typesupport_introspection_cpp
[0.299s] -- Found rmw_implementation_cmake: 6.1.1 (/opt/ros/humble/share/rmw_implementation_cmake/cmake)
[0.300s] -- Found rmw_fastrtps_cpp: 6.2.4 (/opt/ros/humble/share/rmw_fastrtps_cpp/cmake)
[0.395s] -- Using RMW implementation 'rmw_fastrtps_cpp' as default
[0.534s] -- Found rclcpp_components: 16.0.6 (/opt/ros/humble/share/rclcpp_components/cmake)
[0.584s] -- Found geometry_msgs: 4.2.3 (/opt/ros/humble/share/geometry_msgs/cmake)
[0.622s] -- Found nav_msgs: 4.2.3 (/opt/ros/humble/share/nav_msgs/cmake)
[0.695s] -- Found sensor_msgs: 4.2.3 (/opt/ros/humble/share/sensor_msgs/cmake)
[0.768s] -- Found std_srvs: 4.2.3 (/opt/ros/humble/share/std_srvs/cmake)
[0.782s] -- Found visualization_msgs: 4.2.3 (/opt/ros/humble/share/visualization_msgs/cmake)
[0.889s] -- Found pcl_ros: 2.4.0 (/opt/ros/humble/share/pcl_ros/cmake)
[1.127s] -- Found eigen3_cmake_module: 0.1.1 (/opt/ros/humble/share/eigen3_cmake_module/cmake)
[1.128s] -- Ensuring Eigen3 include directory is part of orocos-kdl CMake target
[1.395s] -- Eigen found (include: /usr/include/eigen3, version: 3.4.0)
[1.416s] -- FLANN found (include: /usr/include, lib: /usr/lib/x86_64-linux-gnu/libflann_cpp.so)
[1.625s] -- OpenNI found (version: 1.5.4.0, include: /usr/include/ni, lib: /usr/lib/libOpenNI.so;libusb::libusb)
[1.630s] -- OpenNI2 found (version: 2.2.0.33, include: /usr/include/openni2, lib: /usr/lib/x86_64-linux-gnu/libOpenNI2.so;libusb::libusb)
[1.741s] -- Eigen found (include: /usr/include/eigen3, version: 3.4.0)
[1.745s] -- OpenNI found (version: 1.5.4.0, include: /usr/include/ni, lib: /usr/lib/libOpenNI.so;libusb::libusb)
[1.749s] -- OpenNI2 found (version: 2.2.0.33, include: /usr/include/openni2, lib: /usr/lib/x86_64-linux-gnu/libOpenNI2.so;libusb::libusb)
[1.850s] -- Found Qhull version 8.0.2
[1.958s] -- OpenNI found (version: 1.5.4.0, include: /usr/include/ni, lib: /usr/lib/libOpenNI.so;libusb::libusb)
[2.087s] [31mCMake Error at CMakeLists.txt:62 (find_package):
[2.087s]   By not providing "Findlivox_ros_driver2.cmake" in CMAKE_MODULE_PATH this
[2.088s]   project has asked CMake to find a package configuration file provided by
[2.088s]   "livox_ros_driver2", but CMake did not find one.
[2.088s] 
[2.088s]   Could not find a package configuration file provided by "livox_ros_driver2"
[2.088s]   with any of the following names:
[2.088s] 
[2.088s]     livox_ros_driver2Config.cmake
[2.088s]     livox_ros_driver2-config.cmake
[2.088s] 
[2.088s]   Add the installation prefix of "livox_ros_driver2" to CMAKE_PREFIX_PATH or
[2.088s]   set "livox_ros_driver2_DIR" to a directory containing one of the above
[2.088s]   files.  If "livox_ros_driver2" provides a separate development package or
[2.088s]   SDK, be sure it has been installed.
[2.088s] 
[2.088s] [0m
[2.088s] -- Configuring incomplete, errors occurred!
[2.088s] See also "/home/lx/ros2/ros/mid-70_ws/build/fast_lio/CMakeFiles/CMakeOutput.log".
