[0.108s] Invoking command in '/home/lx/ros2/ros/mid-70_ws/build/livox_interfaces': CMAKE_PREFIX_PATH=${CMAKE_PREFIX_PATH}:/opt/ros/humble /usr/bin/cmake /home/lx/ros2/ros/mid-70_ws/src/livox_ros2_driver/livox_interfaces -DCMAKE_INSTALL_PREFIX=/home/lx/ros2/ros/mid-70_ws/install/livox_interfaces
[0.154s] -- The C compiler identification is GNU 11.4.0
[0.205s] -- The CXX compiler identification is GNU 11.4.0
[0.211s] -- Detecting C compiler ABI info
[0.262s] -- Detecting C compiler ABI info - done
[0.268s] -- Check for working C compiler: /usr/bin/cc - skipped
[0.268s] -- Detecting C compile features
[0.268s] -- Detecting C compile features - done
[0.271s] -- Detecting CXX compiler ABI info
[0.326s] -- Detecting CXX compiler ABI info - done
[0.333s] -- Check for working CXX compiler: /usr/bin/c++ - skipped
[0.333s] -- Detecting CXX compile features
[0.333s] -- Detecting CXX compile features - done
[0.335s] -- Found ament_cmake: 1.3.5 (/opt/ros/humble/share/ament_cmake/cmake)
[0.463s] -- Found Python3: /usr/bin/python3.10 (found version "3.10.12") found components: Interpreter 
[0.530s] -- Found std_msgs: 4.2.3 (/opt/ros/humble/share/std_msgs/cmake)
[0.559s] -- Found rosidl_generator_c: 3.1.5 (/opt/ros/humble/share/rosidl_generator_c/cmake)
[0.564s] -- Found rosidl_adapter: 3.1.5 (/opt/ros/humble/share/rosidl_adapter/cmake)
[0.571s] -- Found rosidl_generator_cpp: 3.1.5 (/opt/ros/humble/share/rosidl_generator_cpp/cmake)
[0.582s] -- Using all available rosidl_typesupport_c: rosidl_typesupport_fastrtps_c;rosidl_typesupport_introspection_c
[0.598s] -- Using all available rosidl_typesupport_cpp: rosidl_typesupport_fastrtps_cpp;rosidl_typesupport_introspection_cpp
[0.646s] -- Found rosidl_default_generators: 1.2.0 (/opt/ros/humble/share/rosidl_default_generators/cmake)
[0.856s] -- Found ament_cmake_ros: 0.10.0 (/opt/ros/humble/share/ament_cmake_ros/cmake)
[1.149s] -- Using all available rosidl_typesupport_c: rosidl_typesupport_fastrtps_c;rosidl_typesupport_introspection_c
[1.254s] -- Using all available rosidl_typesupport_cpp: rosidl_typesupport_fastrtps_cpp;rosidl_typesupport_introspection_cpp
[1.271s] -- Found PythonInterp: /usr/bin/python3 (found suitable version "3.10.12", minimum required is "3.6") 
[1.272s] -- Found python_cmake_module: 0.10.0 (/opt/ros/humble/share/python_cmake_module/cmake)
[1.290s] -- Found PythonLibs: /usr/lib/x86_64-linux-gnu/libpython3.10.so (found suitable version "3.10.12", minimum required is "3.5") 
[1.290s] -- Using PYTHON_EXECUTABLE: /usr/bin/python3
[1.291s] -- Using PYTHON_INCLUDE_DIRS: /usr/include/python3.10
[1.291s] -- Using PYTHON_LIBRARIES: /usr/lib/x86_64-linux-gnu/libpython3.10.so
[1.306s] -- Found PythonExtra: .so  
[1.343s] -- Found ament_lint_auto: 0.12.8 (/opt/ros/humble/share/ament_lint_auto/cmake)
[1.360s] -- Added test 'copyright' to check source files copyright and LICENSE
[1.361s] -- Added test 'lint_cmake' to check CMake code style
[1.361s] -- Added test 'xmllint' to check XML markup files
[1.363s] -- Configuring done
[1.392s] -- Generating done
[1.394s] -- Build files have been written to: /home/lx/ros2/ros/mid-70_ws/build/livox_interfaces
[1.400s] Invoked command in '/home/lx/ros2/ros/mid-70_ws/build/livox_interfaces' returned '0': CMAKE_PREFIX_PATH=${CMAKE_PREFIX_PATH}:/opt/ros/humble /usr/bin/cmake /home/lx/ros2/ros/mid-70_ws/src/livox_ros2_driver/livox_interfaces -DCMAKE_INSTALL_PREFIX=/home/lx/ros2/ros/mid-70_ws/install/livox_interfaces
[1.402s] Invoking command in '/home/lx/ros2/ros/mid-70_ws/build/livox_interfaces': CMAKE_PREFIX_PATH=${CMAKE_PREFIX_PATH}:/opt/ros/humble /usr/bin/cmake --build /home/lx/ros2/ros/mid-70_ws/build/livox_interfaces -- -j12 -l12
[1.431s] [  2%] [34m[1mGenerating C code for ROS interfaces[0m
[1.438s] [  5%] [34m[1mGenerating C++ code for ROS interfaces[0m
[1.445s] [  5%] Built target ament_cmake_python_copy_livox_interfaces
[1.639s] running egg_info
[1.639s] creating livox_interfaces.egg-info
[1.639s] writing livox_interfaces.egg-info/PKG-INFO
[1.640s] writing dependency_links to livox_interfaces.egg-info/dependency_links.txt
[1.640s] writing top-level names to livox_interfaces.egg-info/top_level.txt
[1.640s] writing manifest file 'livox_interfaces.egg-info/SOURCES.txt'
[1.641s] reading manifest file 'livox_interfaces.egg-info/SOURCES.txt'
[1.642s] writing manifest file 'livox_interfaces.egg-info/SOURCES.txt'
[1.662s] [  5%] Built target ament_cmake_python_build_livox_interfaces_egg
[1.801s] [  7%] [32mBuilding C object CMakeFiles/livox_interfaces__rosidl_generator_c.dir/rosidl_generator_c/livox_interfaces/msg/detail/custom_msg__functions.c.o[0m
[1.801s] [  7%] Built target livox_interfaces__cpp
[1.804s] [ 10%] [32mBuilding C object CMakeFiles/livox_interfaces__rosidl_generator_c.dir/rosidl_generator_c/livox_interfaces/msg/detail/custom_point__functions.c.o[0m
[1.808s] [ 17%] [34m[1mGenerating C++ type support dispatch for ROS interfaces[0m
[1.808s] [ 17%] [34m[1mGenerating C++ introspection for ROS interfaces[0m
[1.809s] [ 17%] [34m[1mGenerating C++ type support for eProsima Fast-RTPS[0m
[1.843s] [ 20%] [32m[1mLinking C shared library liblivox_interfaces__rosidl_generator_c.so[0m
[1.873s] [ 20%] Built target livox_interfaces__rosidl_generator_c
[1.881s] [ 25%] [34m[1mGenerating C introspection for ROS interfaces[0m
[1.881s] [ 25%] [34m[1mGenerating C type support for eProsima Fast-RTPS[0m
[1.884s] [ 28%] [34m[1mGenerating C type support dispatch for ROS interfaces[0m
[2.196s] [ 30%] [32mBuilding CXX object CMakeFiles/livox_interfaces__rosidl_typesupport_cpp.dir/rosidl_typesupport_cpp/livox_interfaces/msg/custom_point__type_support.cpp.o[0m
[2.198s] [ 33%] [32mBuilding CXX object CMakeFiles/livox_interfaces__rosidl_typesupport_cpp.dir/rosidl_typesupport_cpp/livox_interfaces/msg/custom_msg__type_support.cpp.o[0m
[2.236s] [ 35%] [32mBuilding CXX object CMakeFiles/livox_interfaces__rosidl_typesupport_introspection_cpp.dir/rosidl_typesupport_introspection_cpp/livox_interfaces/msg/detail/custom_point__type_support.cpp.o[0m
[2.236s] [ 38%] [32mBuilding CXX object CMakeFiles/livox_interfaces__rosidl_typesupport_introspection_cpp.dir/rosidl_typesupport_introspection_cpp/livox_interfaces/msg/detail/custom_msg__type_support.cpp.o[0m
[2.271s] [ 41%] [32mBuilding CXX object CMakeFiles/livox_interfaces__rosidl_typesupport_fastrtps_cpp.dir/rosidl_typesupport_fastrtps_cpp/livox_interfaces/msg/detail/dds_fastrtps/custom_point__type_support.cpp.o[0m
[2.279s] [ 43%] [32mBuilding CXX object CMakeFiles/livox_interfaces__rosidl_typesupport_fastrtps_cpp.dir/rosidl_typesupport_fastrtps_cpp/livox_interfaces/msg/detail/dds_fastrtps/custom_msg__type_support.cpp.o[0m
[2.373s] [ 48%] [32mBuilding CXX object CMakeFiles/livox_interfaces__rosidl_typesupport_c.dir/rosidl_typesupport_c/livox_interfaces/msg/custom_msg__type_support.cpp.o[0m
[2.373s] [ 48%] [32mBuilding CXX object CMakeFiles/livox_interfaces__rosidl_typesupport_c.dir/rosidl_typesupport_c/livox_interfaces/msg/custom_point__type_support.cpp.o[0m
[2.374s] [ 51%] [32mBuilding C object CMakeFiles/livox_interfaces__rosidl_typesupport_introspection_c.dir/rosidl_typesupport_introspection_c/livox_interfaces/msg/detail/custom_point__type_support.c.o[0m
[2.379s] [ 53%] [32mBuilding C object CMakeFiles/livox_interfaces__rosidl_typesupport_introspection_c.dir/rosidl_typesupport_introspection_c/livox_interfaces/msg/detail/custom_msg__type_support.c.o[0m
[2.414s] [ 56%] [32m[1mLinking CXX shared library liblivox_interfaces__rosidl_typesupport_c.so[0m
[2.442s] [ 61%] [32mBuilding CXX object CMakeFiles/livox_interfaces__rosidl_typesupport_fastrtps_c.dir/rosidl_typesupport_fastrtps_c/livox_interfaces/msg/detail/custom_point__type_support_c.cpp.o[0m
[2.443s] [ 61%] [32m[1mLinking C shared library liblivox_interfaces__rosidl_typesupport_introspection_c.so[0m
[2.444s] [ 64%] [32mBuilding CXX object CMakeFiles/livox_interfaces__rosidl_typesupport_fastrtps_c.dir/rosidl_typesupport_fastrtps_c/livox_interfaces/msg/detail/custom_msg__type_support_c.cpp.o[0m
[2.489s] [ 64%] Built target livox_interfaces__rosidl_typesupport_c
[2.501s] [ 64%] Built target livox_interfaces__rosidl_typesupport_introspection_c
[2.573s] [ 66%] [32m[1mLinking CXX shared library liblivox_interfaces__rosidl_typesupport_cpp.so[0m
[2.623s] [ 66%] Built target livox_interfaces__rosidl_typesupport_cpp
[2.793s] [ 69%] [32m[1mLinking CXX shared library liblivox_interfaces__rosidl_typesupport_introspection_cpp.so[0m
[2.837s] [ 71%] [32m[1mLinking CXX shared library liblivox_interfaces__rosidl_typesupport_fastrtps_cpp.so[0m
[2.864s] [ 71%] Built target livox_interfaces__rosidl_typesupport_introspection_cpp
[2.872s] [ 74%] [32m[1mLinking CXX shared library liblivox_interfaces__rosidl_typesupport_fastrtps_c.so[0m
[2.901s] [ 74%] Built target livox_interfaces__rosidl_typesupport_fastrtps_cpp
[2.933s] [ 74%] Built target livox_interfaces__rosidl_typesupport_fastrtps_c
[2.949s] [ 74%] Built target livox_interfaces
[2.964s] [ 76%] [34m[1mGenerating Python code for ROS interfaces[0m
[3.509s] [ 76%] Built target livox_interfaces__py
[3.523s] [ 82%] [32mBuilding C object CMakeFiles/livox_interfaces__rosidl_generator_py.dir/rosidl_generator_py/livox_interfaces/msg/_custom_msg_s.c.o[0m
[3.523s] [ 82%] [32mBuilding C object CMakeFiles/livox_interfaces__rosidl_generator_py.dir/rosidl_generator_py/livox_interfaces/msg/_custom_point_s.c.o[0m
[3.605s] [ 84%] [32m[1mLinking C shared library rosidl_generator_py/livox_interfaces/liblivox_interfaces__rosidl_generator_py.so[0m
[3.634s] [ 84%] Built target livox_interfaces__rosidl_generator_py
[3.650s] [ 92%] [32mBuilding C object CMakeFiles/livox_interfaces__rosidl_typesupport_introspection_c__pyext.dir/rosidl_generator_py/livox_interfaces/_livox_interfaces_s.ep.rosidl_typesupport_introspection_c.c.o[0m
[3.650s] [ 92%] [32mBuilding C object CMakeFiles/livox_interfaces__rosidl_typesupport_fastrtps_c__pyext.dir/rosidl_generator_py/livox_interfaces/_livox_interfaces_s.ep.rosidl_typesupport_fastrtps_c.c.o[0m
[3.650s] [ 92%] [32mBuilding C object CMakeFiles/livox_interfaces__rosidl_typesupport_c__pyext.dir/rosidl_generator_py/livox_interfaces/_livox_interfaces_s.ep.rosidl_typesupport_c.c.o[0m
[3.725s] [ 97%] [32m[1mLinking C shared library rosidl_generator_py/livox_interfaces/livox_interfaces_s__rosidl_typesupport_introspection_c.cpython-310-x86_64-linux-gnu.so[0m
[3.725s] [ 97%] [32m[1mLinking C shared library rosidl_generator_py/livox_interfaces/livox_interfaces_s__rosidl_typesupport_c.cpython-310-x86_64-linux-gnu.so[0m
[3.726s] [100%] [32m[1mLinking C shared library rosidl_generator_py/livox_interfaces/livox_interfaces_s__rosidl_typesupport_fastrtps_c.cpython-310-x86_64-linux-gnu.so[0m
[3.753s] [100%] Built target livox_interfaces__rosidl_typesupport_introspection_c__pyext
[3.753s] [100%] Built target livox_interfaces__rosidl_typesupport_fastrtps_c__pyext
[3.753s] [100%] Built target livox_interfaces__rosidl_typesupport_c__pyext
[3.761s] Invoked command in '/home/lx/ros2/ros/mid-70_ws/build/livox_interfaces' returned '0': CMAKE_PREFIX_PATH=${CMAKE_PREFIX_PATH}:/opt/ros/humble /usr/bin/cmake --build /home/lx/ros2/ros/mid-70_ws/build/livox_interfaces -- -j12 -l12
[3.809s] Invoking command in '/home/lx/ros2/ros/mid-70_ws/build/livox_interfaces': CMAKE_PREFIX_PATH=${CMAKE_PREFIX_PATH}:/opt/ros/humble /usr/bin/cmake --install /home/lx/ros2/ros/mid-70_ws/build/livox_interfaces
[3.814s] -- Install configuration: ""
[3.814s] -- Installing: /home/lx/ros2/ros/mid-70_ws/install/livox_interfaces/share/ament_index/resource_index/rosidl_interfaces/livox_interfaces
[3.815s] -- Up-to-date: /home/lx/ros2/ros/mid-70_ws/install/livox_interfaces/include/livox_interfaces/livox_interfaces
[3.815s] -- Up-to-date: /home/lx/ros2/ros/mid-70_ws/install/livox_interfaces/include/livox_interfaces/livox_interfaces/msg
[3.815s] -- Up-to-date: /home/lx/ros2/ros/mid-70_ws/install/livox_interfaces/include/livox_interfaces/livox_interfaces/msg/detail
[3.815s] -- Installing: /home/lx/ros2/ros/mid-70_ws/install/livox_interfaces/include/livox_interfaces/livox_interfaces/msg/detail/custom_point__struct.h
[3.815s] -- Installing: /home/lx/ros2/ros/mid-70_ws/install/livox_interfaces/include/livox_interfaces/livox_interfaces/msg/detail/custom_msg__functions.c
[3.815s] -- Installing: /home/lx/ros2/ros/mid-70_ws/install/livox_interfaces/include/livox_interfaces/livox_interfaces/msg/detail/custom_msg__struct.h
[3.815s] -- Installing: /home/lx/ros2/ros/mid-70_ws/install/livox_interfaces/include/livox_interfaces/livox_interfaces/msg/detail/custom_msg__type_support.h
[3.815s] -- Installing: /home/lx/ros2/ros/mid-70_ws/install/livox_interfaces/include/livox_interfaces/livox_interfaces/msg/detail/custom_point__type_support.h
[3.815s] -- Installing: /home/lx/ros2/ros/mid-70_ws/install/livox_interfaces/include/livox_interfaces/livox_interfaces/msg/detail/custom_point__functions.h
[3.815s] -- Installing: /home/lx/ros2/ros/mid-70_ws/install/livox_interfaces/include/livox_interfaces/livox_interfaces/msg/detail/custom_point__functions.c
[3.815s] -- Installing: /home/lx/ros2/ros/mid-70_ws/install/livox_interfaces/include/livox_interfaces/livox_interfaces/msg/detail/custom_msg__functions.h
[3.815s] -- Installing: /home/lx/ros2/ros/mid-70_ws/install/livox_interfaces/include/livox_interfaces/livox_interfaces/msg/custom_msg.h
[3.816s] -- Installing: /home/lx/ros2/ros/mid-70_ws/install/livox_interfaces/include/livox_interfaces/livox_interfaces/msg/custom_point.h
[3.816s] -- Installing: /home/lx/ros2/ros/mid-70_ws/install/livox_interfaces/include/livox_interfaces/livox_interfaces/msg/rosidl_generator_c__visibility_control.h
[3.816s] -- Up-to-date: /home/lx/ros2/ros/mid-70_ws/install/livox_interfaces/share/livox_interfaces/environment/library_path.sh
[3.816s] -- Installing: /home/lx/ros2/ros/mid-70_ws/install/livox_interfaces/share/livox_interfaces/environment/library_path.dsv
[3.816s] -- Installing: /home/lx/ros2/ros/mid-70_ws/install/livox_interfaces/lib/liblivox_interfaces__rosidl_generator_c.so
[3.816s] -- Set runtime path of "/home/lx/ros2/ros/mid-70_ws/install/livox_interfaces/lib/liblivox_interfaces__rosidl_generator_c.so" to ""
[3.816s] -- Up-to-date: /home/lx/ros2/ros/mid-70_ws/install/livox_interfaces/include/livox_interfaces/livox_interfaces
[3.816s] -- Up-to-date: /home/lx/ros2/ros/mid-70_ws/install/livox_interfaces/include/livox_interfaces/livox_interfaces/msg
[3.816s] -- Up-to-date: /home/lx/ros2/ros/mid-70_ws/install/livox_interfaces/include/livox_interfaces/livox_interfaces/msg/detail
[3.816s] -- Installing: /home/lx/ros2/ros/mid-70_ws/install/livox_interfaces/include/livox_interfaces/livox_interfaces/msg/detail/custom_point__rosidl_typesupport_fastrtps_c.h
[3.816s] -- Installing: /home/lx/ros2/ros/mid-70_ws/install/livox_interfaces/include/livox_interfaces/livox_interfaces/msg/detail/custom_msg__rosidl_typesupport_fastrtps_c.h
[3.816s] -- Installing: /home/lx/ros2/ros/mid-70_ws/install/livox_interfaces/include/livox_interfaces/livox_interfaces/msg/rosidl_typesupport_fastrtps_c__visibility_control.h
[3.816s] -- Installing: /home/lx/ros2/ros/mid-70_ws/install/livox_interfaces/lib/liblivox_interfaces__rosidl_typesupport_fastrtps_c.so
[3.817s] -- Set runtime path of "/home/lx/ros2/ros/mid-70_ws/install/livox_interfaces/lib/liblivox_interfaces__rosidl_typesupport_fastrtps_c.so" to ""
[3.817s] -- Up-to-date: /home/lx/ros2/ros/mid-70_ws/install/livox_interfaces/include/livox_interfaces/livox_interfaces
[3.817s] -- Up-to-date: /home/lx/ros2/ros/mid-70_ws/install/livox_interfaces/include/livox_interfaces/livox_interfaces/msg
[3.817s] -- Up-to-date: /home/lx/ros2/ros/mid-70_ws/install/livox_interfaces/include/livox_interfaces/livox_interfaces/msg/detail
[3.817s] -- Installing: /home/lx/ros2/ros/mid-70_ws/install/livox_interfaces/include/livox_interfaces/livox_interfaces/msg/detail/custom_point__builder.hpp
[3.817s] -- Installing: /home/lx/ros2/ros/mid-70_ws/install/livox_interfaces/include/livox_interfaces/livox_interfaces/msg/detail/custom_point__traits.hpp
[3.817s] -- Installing: /home/lx/ros2/ros/mid-70_ws/install/livox_interfaces/include/livox_interfaces/livox_interfaces/msg/detail/custom_msg__struct.hpp
[3.817s] -- Installing: /home/lx/ros2/ros/mid-70_ws/install/livox_interfaces/include/livox_interfaces/livox_interfaces/msg/detail/custom_point__struct.hpp
[3.817s] -- Installing: /home/lx/ros2/ros/mid-70_ws/install/livox_interfaces/include/livox_interfaces/livox_interfaces/msg/detail/custom_msg__traits.hpp
[3.817s] -- Installing: /home/lx/ros2/ros/mid-70_ws/install/livox_interfaces/include/livox_interfaces/livox_interfaces/msg/detail/custom_msg__builder.hpp
[3.817s] -- Installing: /home/lx/ros2/ros/mid-70_ws/install/livox_interfaces/include/livox_interfaces/livox_interfaces/msg/custom_msg.hpp
[3.817s] -- Installing: /home/lx/ros2/ros/mid-70_ws/install/livox_interfaces/include/livox_interfaces/livox_interfaces/msg/custom_point.hpp
[3.817s] -- Up-to-date: /home/lx/ros2/ros/mid-70_ws/install/livox_interfaces/include/livox_interfaces/livox_interfaces
[3.817s] -- Up-to-date: /home/lx/ros2/ros/mid-70_ws/install/livox_interfaces/include/livox_interfaces/livox_interfaces/msg
[3.818s] -- Up-to-date: /home/lx/ros2/ros/mid-70_ws/install/livox_interfaces/include/livox_interfaces/livox_interfaces/msg/detail
[3.818s] -- Installing: /home/lx/ros2/ros/mid-70_ws/install/livox_interfaces/include/livox_interfaces/livox_interfaces/msg/detail/custom_point__rosidl_typesupport_fastrtps_cpp.hpp
[3.818s] -- Up-to-date: /home/lx/ros2/ros/mid-70_ws/install/livox_interfaces/include/livox_interfaces/livox_interfaces/msg/detail/dds_fastrtps
[3.818s] -- Installing: /home/lx/ros2/ros/mid-70_ws/install/livox_interfaces/include/livox_interfaces/livox_interfaces/msg/detail/custom_msg__rosidl_typesupport_fastrtps_cpp.hpp
[3.818s] -- Installing: /home/lx/ros2/ros/mid-70_ws/install/livox_interfaces/include/livox_interfaces/livox_interfaces/msg/rosidl_typesupport_fastrtps_cpp__visibility_control.h
[3.818s] -- Installing: /home/lx/ros2/ros/mid-70_ws/install/livox_interfaces/lib/liblivox_interfaces__rosidl_typesupport_fastrtps_cpp.so
[3.818s] -- Set runtime path of "/home/lx/ros2/ros/mid-70_ws/install/livox_interfaces/lib/liblivox_interfaces__rosidl_typesupport_fastrtps_cpp.so" to ""
[3.818s] -- Up-to-date: /home/lx/ros2/ros/mid-70_ws/install/livox_interfaces/include/livox_interfaces/livox_interfaces
[3.818s] -- Up-to-date: /home/lx/ros2/ros/mid-70_ws/install/livox_interfaces/include/livox_interfaces/livox_interfaces/msg
[3.818s] -- Up-to-date: /home/lx/ros2/ros/mid-70_ws/install/livox_interfaces/include/livox_interfaces/livox_interfaces/msg/detail
[3.818s] -- Installing: /home/lx/ros2/ros/mid-70_ws/install/livox_interfaces/include/livox_interfaces/livox_interfaces/msg/detail/custom_msg__type_support.c
[3.818s] -- Installing: /home/lx/ros2/ros/mid-70_ws/install/livox_interfaces/include/livox_interfaces/livox_interfaces/msg/detail/custom_point__type_support.c
[3.818s] -- Installing: /home/lx/ros2/ros/mid-70_ws/install/livox_interfaces/include/livox_interfaces/livox_interfaces/msg/detail/custom_point__rosidl_typesupport_introspection_c.h
[3.818s] -- Installing: /home/lx/ros2/ros/mid-70_ws/install/livox_interfaces/include/livox_interfaces/livox_interfaces/msg/detail/custom_msg__rosidl_typesupport_introspection_c.h
[3.819s] -- Installing: /home/lx/ros2/ros/mid-70_ws/install/livox_interfaces/include/livox_interfaces/livox_interfaces/msg/rosidl_typesupport_introspection_c__visibility_control.h
[3.819s] -- Installing: /home/lx/ros2/ros/mid-70_ws/install/livox_interfaces/lib/liblivox_interfaces__rosidl_typesupport_introspection_c.so
[3.819s] -- Set runtime path of "/home/lx/ros2/ros/mid-70_ws/install/livox_interfaces/lib/liblivox_interfaces__rosidl_typesupport_introspection_c.so" to ""
[3.819s] -- Installing: /home/lx/ros2/ros/mid-70_ws/install/livox_interfaces/lib/liblivox_interfaces__rosidl_typesupport_c.so
[3.819s] -- Set runtime path of "/home/lx/ros2/ros/mid-70_ws/install/livox_interfaces/lib/liblivox_interfaces__rosidl_typesupport_c.so" to ""
[3.819s] -- Up-to-date: /home/lx/ros2/ros/mid-70_ws/install/livox_interfaces/include/livox_interfaces/livox_interfaces
[3.819s] -- Up-to-date: /home/lx/ros2/ros/mid-70_ws/install/livox_interfaces/include/livox_interfaces/livox_interfaces/msg
[3.819s] -- Up-to-date: /home/lx/ros2/ros/mid-70_ws/install/livox_interfaces/include/livox_interfaces/livox_interfaces/msg/detail
[3.819s] -- Installing: /home/lx/ros2/ros/mid-70_ws/install/livox_interfaces/include/livox_interfaces/livox_interfaces/msg/detail/custom_point__rosidl_typesupport_introspection_cpp.hpp
[3.819s] -- Installing: /home/lx/ros2/ros/mid-70_ws/install/livox_interfaces/include/livox_interfaces/livox_interfaces/msg/detail/custom_msg__type_support.cpp
[3.819s] -- Installing: /home/lx/ros2/ros/mid-70_ws/install/livox_interfaces/include/livox_interfaces/livox_interfaces/msg/detail/custom_point__type_support.cpp
[3.820s] -- Installing: /home/lx/ros2/ros/mid-70_ws/install/livox_interfaces/include/livox_interfaces/livox_interfaces/msg/detail/custom_msg__rosidl_typesupport_introspection_cpp.hpp
[3.820s] -- Installing: /home/lx/ros2/ros/mid-70_ws/install/livox_interfaces/lib/liblivox_interfaces__rosidl_typesupport_introspection_cpp.so
[3.820s] -- Set runtime path of "/home/lx/ros2/ros/mid-70_ws/install/livox_interfaces/lib/liblivox_interfaces__rosidl_typesupport_introspection_cpp.so" to ""
[3.820s] -- Installing: /home/lx/ros2/ros/mid-70_ws/install/livox_interfaces/lib/liblivox_interfaces__rosidl_typesupport_cpp.so
[3.820s] -- Set runtime path of "/home/lx/ros2/ros/mid-70_ws/install/livox_interfaces/lib/liblivox_interfaces__rosidl_typesupport_cpp.so" to ""
[3.820s] -- Installing: /home/lx/ros2/ros/mid-70_ws/install/livox_interfaces/share/livox_interfaces/environment/pythonpath.sh
[3.820s] -- Installing: /home/lx/ros2/ros/mid-70_ws/install/livox_interfaces/share/livox_interfaces/environment/pythonpath.dsv
[3.820s] -- Up-to-date: /home/lx/ros2/ros/mid-70_ws/install/livox_interfaces/local/lib/python3.10/dist-packages/livox_interfaces-0.0.1-py3.10.egg-info
[3.820s] -- Installing: /home/lx/ros2/ros/mid-70_ws/install/livox_interfaces/local/lib/python3.10/dist-packages/livox_interfaces-0.0.1-py3.10.egg-info/top_level.txt
[3.821s] -- Installing: /home/lx/ros2/ros/mid-70_ws/install/livox_interfaces/local/lib/python3.10/dist-packages/livox_interfaces-0.0.1-py3.10.egg-info/PKG-INFO
[3.821s] -- Installing: /home/lx/ros2/ros/mid-70_ws/install/livox_interfaces/local/lib/python3.10/dist-packages/livox_interfaces-0.0.1-py3.10.egg-info/SOURCES.txt
[3.821s] -- Installing: /home/lx/ros2/ros/mid-70_ws/install/livox_interfaces/local/lib/python3.10/dist-packages/livox_interfaces-0.0.1-py3.10.egg-info/dependency_links.txt
[3.821s] -- Up-to-date: /home/lx/ros2/ros/mid-70_ws/install/livox_interfaces/local/lib/python3.10/dist-packages/livox_interfaces
[3.821s] -- Installing: /home/lx/ros2/ros/mid-70_ws/install/livox_interfaces/local/lib/python3.10/dist-packages/livox_interfaces/livox_interfaces_s__rosidl_typesupport_fastrtps_c.cpython-310-x86_64-linux-gnu.so
[3.821s] -- Installing: /home/lx/ros2/ros/mid-70_ws/install/livox_interfaces/local/lib/python3.10/dist-packages/livox_interfaces/livox_interfaces_s__rosidl_typesupport_c.cpython-310-x86_64-linux-gnu.so
[3.821s] -- Installing: /home/lx/ros2/ros/mid-70_ws/install/livox_interfaces/local/lib/python3.10/dist-packages/livox_interfaces/livox_interfaces_s__rosidl_typesupport_introspection_c.cpython-310-x86_64-linux-gnu.so
[3.821s] -- Installing: /home/lx/ros2/ros/mid-70_ws/install/livox_interfaces/local/lib/python3.10/dist-packages/livox_interfaces/_livox_interfaces_s.ep.rosidl_typesupport_c.c
[3.821s] -- Up-to-date: /home/lx/ros2/ros/mid-70_ws/install/livox_interfaces/local/lib/python3.10/dist-packages/livox_interfaces/msg
[3.821s] -- Installing: /home/lx/ros2/ros/mid-70_ws/install/livox_interfaces/local/lib/python3.10/dist-packages/livox_interfaces/msg/_custom_point.py
[3.821s] -- Installing: /home/lx/ros2/ros/mid-70_ws/install/livox_interfaces/local/lib/python3.10/dist-packages/livox_interfaces/msg/_custom_point_s.c
[3.821s] -- Installing: /home/lx/ros2/ros/mid-70_ws/install/livox_interfaces/local/lib/python3.10/dist-packages/livox_interfaces/msg/_custom_msg_s.c
[3.821s] -- Installing: /home/lx/ros2/ros/mid-70_ws/install/livox_interfaces/local/lib/python3.10/dist-packages/livox_interfaces/msg/_custom_msg.py
[3.821s] -- Installing: /home/lx/ros2/ros/mid-70_ws/install/livox_interfaces/local/lib/python3.10/dist-packages/livox_interfaces/msg/__init__.py
[3.822s] -- Installing: /home/lx/ros2/ros/mid-70_ws/install/livox_interfaces/local/lib/python3.10/dist-packages/livox_interfaces/liblivox_interfaces__rosidl_generator_py.so
[3.822s] -- Installing: /home/lx/ros2/ros/mid-70_ws/install/livox_interfaces/local/lib/python3.10/dist-packages/livox_interfaces/_livox_interfaces_s.ep.rosidl_typesupport_introspection_c.c
[3.822s] -- Installing: /home/lx/ros2/ros/mid-70_ws/install/livox_interfaces/local/lib/python3.10/dist-packages/livox_interfaces/_livox_interfaces_s.ep.rosidl_typesupport_fastrtps_c.c
[3.822s] -- Installing: /home/lx/ros2/ros/mid-70_ws/install/livox_interfaces/local/lib/python3.10/dist-packages/livox_interfaces/__init__.py
[3.848s] Listing '/home/lx/ros2/ros/mid-70_ws/install/livox_interfaces/local/lib/python3.10/dist-packages/livox_interfaces'...
[3.848s] Compiling '/home/lx/ros2/ros/mid-70_ws/install/livox_interfaces/local/lib/python3.10/dist-packages/livox_interfaces/__init__.py'...
[3.848s] Listing '/home/lx/ros2/ros/mid-70_ws/install/livox_interfaces/local/lib/python3.10/dist-packages/livox_interfaces/msg'...
[3.848s] Compiling '/home/lx/ros2/ros/mid-70_ws/install/livox_interfaces/local/lib/python3.10/dist-packages/livox_interfaces/msg/__init__.py'...
[3.849s] Compiling '/home/lx/ros2/ros/mid-70_ws/install/livox_interfaces/local/lib/python3.10/dist-packages/livox_interfaces/msg/_custom_msg.py'...
[3.849s] Compiling '/home/lx/ros2/ros/mid-70_ws/install/livox_interfaces/local/lib/python3.10/dist-packages/livox_interfaces/msg/_custom_point.py'...
[3.852s] -- Installing: /home/lx/ros2/ros/mid-70_ws/install/livox_interfaces/local/lib/python3.10/dist-packages/livox_interfaces/livox_interfaces_s__rosidl_typesupport_fastrtps_c.cpython-310-x86_64-linux-gnu.so
[3.852s] -- Set runtime path of "/home/lx/ros2/ros/mid-70_ws/install/livox_interfaces/local/lib/python3.10/dist-packages/livox_interfaces/livox_interfaces_s__rosidl_typesupport_fastrtps_c.cpython-310-x86_64-linux-gnu.so" to ""
[3.852s] -- Installing: /home/lx/ros2/ros/mid-70_ws/install/livox_interfaces/local/lib/python3.10/dist-packages/livox_interfaces/livox_interfaces_s__rosidl_typesupport_introspection_c.cpython-310-x86_64-linux-gnu.so
[3.852s] -- Set runtime path of "/home/lx/ros2/ros/mid-70_ws/install/livox_interfaces/local/lib/python3.10/dist-packages/livox_interfaces/livox_interfaces_s__rosidl_typesupport_introspection_c.cpython-310-x86_64-linux-gnu.so" to ""
[3.852s] -- Installing: /home/lx/ros2/ros/mid-70_ws/install/livox_interfaces/local/lib/python3.10/dist-packages/livox_interfaces/livox_interfaces_s__rosidl_typesupport_c.cpython-310-x86_64-linux-gnu.so
[3.852s] -- Set runtime path of "/home/lx/ros2/ros/mid-70_ws/install/livox_interfaces/local/lib/python3.10/dist-packages/livox_interfaces/livox_interfaces_s__rosidl_typesupport_c.cpython-310-x86_64-linux-gnu.so" to ""
[3.852s] -- Installing: /home/lx/ros2/ros/mid-70_ws/install/livox_interfaces/lib/liblivox_interfaces__rosidl_generator_py.so
[3.853s] -- Set runtime path of "/home/lx/ros2/ros/mid-70_ws/install/livox_interfaces/lib/liblivox_interfaces__rosidl_generator_py.so" to ""
[3.853s] -- Installing: /home/lx/ros2/ros/mid-70_ws/install/livox_interfaces/share/livox_interfaces/msg/CustomPoint.idl
[3.853s] -- Installing: /home/lx/ros2/ros/mid-70_ws/install/livox_interfaces/share/livox_interfaces/msg/CustomMsg.idl
[3.853s] -- Up-to-date: /home/lx/ros2/ros/mid-70_ws/install/livox_interfaces/share/livox_interfaces/msg/CustomPoint.msg
[3.853s] -- Up-to-date: /home/lx/ros2/ros/mid-70_ws/install/livox_interfaces/share/livox_interfaces/msg/CustomMsg.msg
[3.853s] -- Installing: /home/lx/ros2/ros/mid-70_ws/install/livox_interfaces/share/ament_index/resource_index/package_run_dependencies/livox_interfaces
[3.853s] -- Installing: /home/lx/ros2/ros/mid-70_ws/install/livox_interfaces/share/ament_index/resource_index/parent_prefix_path/livox_interfaces
[3.853s] -- Up-to-date: /home/lx/ros2/ros/mid-70_ws/install/livox_interfaces/share/livox_interfaces/environment/ament_prefix_path.sh
[3.853s] -- Installing: /home/lx/ros2/ros/mid-70_ws/install/livox_interfaces/share/livox_interfaces/environment/ament_prefix_path.dsv
[3.853s] -- Up-to-date: /home/lx/ros2/ros/mid-70_ws/install/livox_interfaces/share/livox_interfaces/environment/path.sh
[3.853s] -- Installing: /home/lx/ros2/ros/mid-70_ws/install/livox_interfaces/share/livox_interfaces/environment/path.dsv
[3.853s] -- Installing: /home/lx/ros2/ros/mid-70_ws/install/livox_interfaces/share/livox_interfaces/local_setup.bash
[3.853s] -- Installing: /home/lx/ros2/ros/mid-70_ws/install/livox_interfaces/share/livox_interfaces/local_setup.sh
[3.854s] -- Installing: /home/lx/ros2/ros/mid-70_ws/install/livox_interfaces/share/livox_interfaces/local_setup.zsh
[3.854s] -- Installing: /home/lx/ros2/ros/mid-70_ws/install/livox_interfaces/share/livox_interfaces/local_setup.dsv
[3.854s] -- Installing: /home/lx/ros2/ros/mid-70_ws/install/livox_interfaces/share/livox_interfaces/package.dsv
[3.854s] -- Installing: /home/lx/ros2/ros/mid-70_ws/install/livox_interfaces/share/ament_index/resource_index/packages/livox_interfaces
[3.854s] -- Installing: /home/lx/ros2/ros/mid-70_ws/install/livox_interfaces/share/livox_interfaces/cmake/export_livox_interfaces__rosidl_generator_cExport.cmake
[3.854s] -- Installing: /home/lx/ros2/ros/mid-70_ws/install/livox_interfaces/share/livox_interfaces/cmake/export_livox_interfaces__rosidl_generator_cExport-noconfig.cmake
[3.854s] -- Installing: /home/lx/ros2/ros/mid-70_ws/install/livox_interfaces/share/livox_interfaces/cmake/export_livox_interfaces__rosidl_typesupport_fastrtps_cExport.cmake
[3.854s] -- Installing: /home/lx/ros2/ros/mid-70_ws/install/livox_interfaces/share/livox_interfaces/cmake/export_livox_interfaces__rosidl_typesupport_fastrtps_cExport-noconfig.cmake
[3.854s] -- Installing: /home/lx/ros2/ros/mid-70_ws/install/livox_interfaces/share/livox_interfaces/cmake/export_livox_interfaces__rosidl_generator_cppExport.cmake
[3.855s] -- Installing: /home/lx/ros2/ros/mid-70_ws/install/livox_interfaces/share/livox_interfaces/cmake/export_livox_interfaces__rosidl_typesupport_fastrtps_cppExport.cmake
[3.855s] -- Installing: /home/lx/ros2/ros/mid-70_ws/install/livox_interfaces/share/livox_interfaces/cmake/export_livox_interfaces__rosidl_typesupport_fastrtps_cppExport-noconfig.cmake
[3.855s] -- Installing: /home/lx/ros2/ros/mid-70_ws/install/livox_interfaces/share/livox_interfaces/cmake/livox_interfaces__rosidl_typesupport_introspection_cExport.cmake
[3.855s] -- Installing: /home/lx/ros2/ros/mid-70_ws/install/livox_interfaces/share/livox_interfaces/cmake/livox_interfaces__rosidl_typesupport_introspection_cExport-noconfig.cmake
[3.855s] -- Installing: /home/lx/ros2/ros/mid-70_ws/install/livox_interfaces/share/livox_interfaces/cmake/livox_interfaces__rosidl_typesupport_cExport.cmake
[3.855s] -- Installing: /home/lx/ros2/ros/mid-70_ws/install/livox_interfaces/share/livox_interfaces/cmake/livox_interfaces__rosidl_typesupport_cExport-noconfig.cmake
[3.855s] -- Installing: /home/lx/ros2/ros/mid-70_ws/install/livox_interfaces/share/livox_interfaces/cmake/livox_interfaces__rosidl_typesupport_introspection_cppExport.cmake
[3.855s] -- Installing: /home/lx/ros2/ros/mid-70_ws/install/livox_interfaces/share/livox_interfaces/cmake/livox_interfaces__rosidl_typesupport_introspection_cppExport-noconfig.cmake
[3.855s] -- Installing: /home/lx/ros2/ros/mid-70_ws/install/livox_interfaces/share/livox_interfaces/cmake/livox_interfaces__rosidl_typesupport_cppExport.cmake
[3.856s] -- Installing: /home/lx/ros2/ros/mid-70_ws/install/livox_interfaces/share/livox_interfaces/cmake/livox_interfaces__rosidl_typesupport_cppExport-noconfig.cmake
[3.856s] -- Installing: /home/lx/ros2/ros/mid-70_ws/install/livox_interfaces/share/livox_interfaces/cmake/export_livox_interfaces__rosidl_generator_pyExport.cmake
[3.856s] -- Installing: /home/lx/ros2/ros/mid-70_ws/install/livox_interfaces/share/livox_interfaces/cmake/export_livox_interfaces__rosidl_generator_pyExport-noconfig.cmake
[3.856s] -- Installing: /home/lx/ros2/ros/mid-70_ws/install/livox_interfaces/share/livox_interfaces/cmake/rosidl_cmake-extras.cmake
[3.856s] -- Installing: /home/lx/ros2/ros/mid-70_ws/install/livox_interfaces/share/livox_interfaces/cmake/ament_cmake_export_dependencies-extras.cmake
[3.856s] -- Installing: /home/lx/ros2/ros/mid-70_ws/install/livox_interfaces/share/livox_interfaces/cmake/ament_cmake_export_include_directories-extras.cmake
[3.856s] -- Installing: /home/lx/ros2/ros/mid-70_ws/install/livox_interfaces/share/livox_interfaces/cmake/ament_cmake_export_libraries-extras.cmake
[3.856s] -- Installing: /home/lx/ros2/ros/mid-70_ws/install/livox_interfaces/share/livox_interfaces/cmake/ament_cmake_export_targets-extras.cmake
[3.856s] -- Installing: /home/lx/ros2/ros/mid-70_ws/install/livox_interfaces/share/livox_interfaces/cmake/rosidl_cmake_export_typesupport_targets-extras.cmake
[3.856s] -- Installing: /home/lx/ros2/ros/mid-70_ws/install/livox_interfaces/share/livox_interfaces/cmake/rosidl_cmake_export_typesupport_libraries-extras.cmake
[3.857s] -- Installing: /home/lx/ros2/ros/mid-70_ws/install/livox_interfaces/share/livox_interfaces/cmake/livox_interfacesConfig.cmake
[3.857s] -- Installing: /home/lx/ros2/ros/mid-70_ws/install/livox_interfaces/share/livox_interfaces/cmake/livox_interfacesConfig-version.cmake
[3.857s] -- Up-to-date: /home/lx/ros2/ros/mid-70_ws/install/livox_interfaces/share/livox_interfaces/package.xml
[3.859s] Invoked command in '/home/lx/ros2/ros/mid-70_ws/build/livox_interfaces' returned '0': CMAKE_PREFIX_PATH=${CMAKE_PREFIX_PATH}:/opt/ros/humble /usr/bin/cmake --install /home/lx/ros2/ros/mid-70_ws/build/livox_interfaces
