[0.055s] Invoking command in '/home/lx/ros2/ros/mid-360_ws/build/fast_lio': CMAKE_PREFIX_PATH=/home/lx/ros2/ros/mid-360_ws/install/livox_ros_driver2:/home/lx/ros2/ros/mid-360_ws/install/pointcloud_to_laserscan:/home/lx/ros2/ros/mid-360_ws/install/fast_lio:/opt/ros/humble LD_LIBRARY_PATH=/home/lx/ros2/ros/mid-360_ws/install/livox_ros_driver2/lib:/home/lx/ros2/ros/mid-360_ws/install/pointcloud_to_laserscan/lib:/home/lx/ros2/ros/mid-360_ws/install/fast_lio/lib:/usr/lib/x86_64-linux-gnu/gazebo-11/plugins:/opt/ros/humble/opt/rviz_ogre_vendor/lib:/opt/ros/humble/lib/x86_64-linux-gnu:/opt/ros/humble/lib /usr/bin/cmake /home/lx/ros2/ros/mid-360_ws/src/FAST_LIO -DROS_EDITION=ROS2 -DHUMBLE_ROS=humble -DCMAKE_INSTALL_PREFIX=/home/lx/ros2/ros/mid-360_ws/install/fast_lio
[0.095s] -- The C compiler identification is GNU 11.4.0
[0.137s] -- The CXX compiler identification is GNU 11.4.0
[0.142s] -- Detecting C compiler ABI info
[0.190s] -- Detecting C compiler ABI info - done
[0.197s] -- Check for working C compiler: /usr/bin/cc - skipped
[0.197s] -- Detecting C compile features
[0.198s] -- Detecting C compile features - done
[0.200s] -- Detecting CXX compiler ABI info
[0.257s] -- Detecting CXX compiler ABI info - done
[0.263s] -- Check for working CXX compiler: /usr/bin/c++ - skipped
[0.263s] -- Detecting CXX compile features
[0.264s] -- Detecting CXX compile features - done
[0.264s] [0mCurrent CPU archtecture: x86_64[0m
[0.268s] [0mProcesser number:  12[0m
[0.268s] [0mcore for MP: 3[0m
[0.557s] -- Found PythonLibs: /usr/lib/x86_64-linux-gnu/libpython3.10.so (found version "3.10.12") 
[0.560s] -- Found ament_cmake: 1.3.5 (/opt/ros/humble/share/ament_cmake/cmake)
[0.708s] -- Found Python3: /usr/bin/python3.10 (found version "3.10.12") found components: Interpreter 
[0.779s] -- Found rclcpp: 16.0.6 (/opt/ros/humble/share/rclcpp/cmake)
[0.809s] -- Found rosidl_generator_c: 3.1.5 (/opt/ros/humble/share/rosidl_generator_c/cmake)
[0.813s] -- Found rosidl_adapter: 3.1.5 (/opt/ros/humble/share/rosidl_adapter/cmake)
[0.820s] -- Found rosidl_generator_cpp: 3.1.5 (/opt/ros/humble/share/rosidl_generator_cpp/cmake)
[0.831s] -- Using all available rosidl_typesupport_c: rosidl_typesupport_fastrtps_c;rosidl_typesupport_introspection_c
[0.848s] -- Using all available rosidl_typesupport_cpp: rosidl_typesupport_fastrtps_cpp;rosidl_typesupport_introspection_cpp
[0.908s] -- Found rmw_implementation_cmake: 6.1.1 (/opt/ros/humble/share/rmw_implementation_cmake/cmake)
[0.910s] -- Found rmw_fastrtps_cpp: 6.2.4 (/opt/ros/humble/share/rmw_fastrtps_cpp/cmake)
[0.991s] -- Found OpenSSL: /usr/lib/x86_64-linux-gnu/libcrypto.so (found version "3.0.2")  
[1.013s] -- Found FastRTPS: /opt/ros/humble/include  
[1.055s] -- Using RMW implementation 'rmw_fastrtps_cpp' as default
[1.064s] -- Looking for pthread.h
[1.146s] -- Looking for pthread.h - found
[1.146s] -- Performing Test CMAKE_HAVE_LIBC_PTHREAD
[1.206s] -- Performing Test CMAKE_HAVE_LIBC_PTHREAD - Success
[1.206s] -- Found Threads: TRUE  
[1.351s] -- Found rclcpp_components: 16.0.6 (/opt/ros/humble/share/rclcpp_components/cmake)
[1.410s] -- Found geometry_msgs: 4.2.3 (/opt/ros/humble/share/geometry_msgs/cmake)
[1.452s] -- Found nav_msgs: 4.2.3 (/opt/ros/humble/share/nav_msgs/cmake)
[1.532s] -- Found sensor_msgs: 4.2.3 (/opt/ros/humble/share/sensor_msgs/cmake)
[1.611s] -- Found std_srvs: 4.2.3 (/opt/ros/humble/share/std_srvs/cmake)
[1.633s] -- Found visualization_msgs: 4.2.3 (/opt/ros/humble/share/visualization_msgs/cmake)
[1.771s] -- Found pcl_ros: 2.4.0 (/opt/ros/humble/share/pcl_ros/cmake)
[2.060s] -- Found eigen3_cmake_module: 0.1.1 (/opt/ros/humble/share/eigen3_cmake_module/cmake)
[2.061s] -- Found Eigen3: TRUE (found version "3.4.0") 
[2.061s] -- Ensuring Eigen3 include directory is part of orocos-kdl CMake target
[2.358s] -- Checking for module 'eigen3'
[2.371s] --   Found eigen3, version 3.4.0
[2.403s] -- Found Eigen: /usr/include/eigen3 (Required is at least version "3.1") 
[2.404s] -- Eigen found (include: /usr/include/eigen3, version: 3.4.0)
[2.432s] -- Checking for module 'flann'
[2.444s] --   Found flann, version 1.9.1
[2.473s] -- Found FLANN: /usr/lib/x86_64-linux-gnu/libflann_cpp.so  
[2.473s] -- FLANN found (include: /usr/include, lib: /usr/lib/x86_64-linux-gnu/libflann_cpp.so)
[3.181s] -- Checking for module 'libusb-1.0'
[3.190s] --   Found libusb-1.0, version 1.0.25
[3.217s] -- Found libusb: /usr/lib/x86_64-linux-gnu/libusb-1.0.so  
[3.218s] -- OpenNI found (version: 1.5.4.0, include: /usr/include/ni, lib: /usr/lib/libOpenNI.so;libusb::libusb)
[3.255s] -- OpenNI2 found (version: 2.2.0.33, include: /usr/include/openni2, lib: /usr/lib/x86_64-linux-gnu/libOpenNI2.so;libusb::libusb)
[3.374s] -- Eigen found (include: /usr/include/eigen3, version: 3.4.0)
[3.378s] -- OpenNI found (version: 1.5.4.0, include: /usr/include/ni, lib: /usr/lib/libOpenNI.so;libusb::libusb)
[3.383s] -- OpenNI2 found (version: 2.2.0.33, include: /usr/include/openni2, lib: /usr/lib/x86_64-linux-gnu/libOpenNI2.so;libusb::libusb)
[3.494s] -- Found Qhull version 8.0.2
[3.625s] -- OpenNI found (version: 1.5.4.0, include: /usr/include/ni, lib: /usr/lib/libOpenNI.so;libusb::libusb)
[3.750s] -- Found PCL_COMMON: /usr/lib/x86_64-linux-gnu/libpcl_common.so  
[3.751s] -- Found PCL_KDTREE: /usr/lib/x86_64-linux-gnu/libpcl_kdtree.so  
[3.752s] -- Found PCL_OCTREE: /usr/lib/x86_64-linux-gnu/libpcl_octree.so  
[3.752s] -- Found PCL_SEARCH: /usr/lib/x86_64-linux-gnu/libpcl_search.so  
[3.753s] -- Found PCL_SAMPLE_CONSENSUS: /usr/lib/x86_64-linux-gnu/libpcl_sample_consensus.so  
[3.754s] -- Found PCL_FILTERS: /usr/lib/x86_64-linux-gnu/libpcl_filters.so  
[3.754s] -- Found PCL_2D: /usr/include/pcl-1.12  
[3.755s] -- Found PCL_GEOMETRY: /usr/include/pcl-1.12  
[3.755s] -- Found PCL_IO: /usr/lib/x86_64-linux-gnu/libpcl_io.so  
[3.756s] -- Found PCL_FEATURES: /usr/lib/x86_64-linux-gnu/libpcl_features.so  
[3.758s] -- Found PCL_ML: /usr/lib/x86_64-linux-gnu/libpcl_ml.so  
[3.759s] -- Found PCL_SEGMENTATION: /usr/lib/x86_64-linux-gnu/libpcl_segmentation.so  
[3.760s] -- Found PCL_VISUALIZATION: /usr/lib/x86_64-linux-gnu/libpcl_visualization.so  
[3.761s] -- Found PCL_SURFACE: /usr/lib/x86_64-linux-gnu/libpcl_surface.so  
[3.762s] -- Found PCL_REGISTRATION: /usr/lib/x86_64-linux-gnu/libpcl_registration.so  
[3.762s] -- Found PCL_KEYPOINTS: /usr/lib/x86_64-linux-gnu/libpcl_keypoints.so  
[3.763s] -- Found PCL_TRACKING: /usr/lib/x86_64-linux-gnu/libpcl_tracking.so  
[3.764s] -- Found PCL_RECOGNITION: /usr/lib/x86_64-linux-gnu/libpcl_recognition.so  
[3.765s] -- Found PCL_STEREO: /usr/lib/x86_64-linux-gnu/libpcl_stereo.so  
[3.766s] -- Found PCL_APPS: /usr/lib/x86_64-linux-gnu/libpcl_apps.so  
[3.767s] -- Found PCL_IN_HAND_SCANNER: /usr/include/pcl-1.12  
[3.767s] -- Found PCL_MODELER: /usr/include/pcl-1.12  
[3.769s] -- Found PCL_POINT_CLOUD_EDITOR: /usr/include/pcl-1.12  
[3.770s] -- Found PCL_OUTOFCORE: /usr/lib/x86_64-linux-gnu/libpcl_outofcore.so  
[3.771s] -- Found PCL_PEOPLE: /usr/lib/x86_64-linux-gnu/libpcl_people.so  
[3.788s] -- Found livox_ros_driver2: 1.0.0 (/home/lx/ros2/ros/mid-360_ws/install/livox_ros_driver2/share/livox_ros_driver2/cmake)
[3.973s] -- Found rosidl_default_generators: 1.2.0 (/opt/ros/humble/share/rosidl_default_generators/cmake)
[3.982s] [33mCMake Warning (dev) at CMakeLists.txt:81 (find_package):
[3.982s]   Policy CMP0074 is not set: find_package uses <PackageName>_ROOT variables.
[3.983s]   Run "cmake --help-policy CMP0074" for policy details.  Use the cmake_policy
[3.983s]   command to set the policy and suppress this warning.
[3.983s] 
[3.983s]   CMake variable PCL_ROOT is set to:
[3.983s] 
[3.983s]     /usr
[3.983s] 
[3.983s]   For compatibility, CMake is ignoring the variable.
[3.983s] This warning is for project developers.  Use -Wno-dev to suppress it.
[3.983s] [0m
[3.989s] [0mEigen:/usr/local/include/eigen3[0m
[3.989s] -- PCL: /usr/include/pcl-1.12
[4.204s] -- Found ament_cmake_ros: 0.10.0 (/opt/ros/humble/share/ament_cmake_ros/cmake)
[4.446s] -- Using all available rosidl_typesupport_c: rosidl_typesupport_fastrtps_c;rosidl_typesupport_introspection_c
[4.542s] -- Using all available rosidl_typesupport_cpp: rosidl_typesupport_fastrtps_cpp;rosidl_typesupport_introspection_cpp
[4.561s] -- Found PythonInterp: /usr/bin/python3 (found suitable version "3.10.12", minimum required is "3.6") 
[4.562s] -- Found python_cmake_module: 0.10.0 (/opt/ros/humble/share/python_cmake_module/cmake)
[4.587s] -- Found PythonLibs: /usr/lib/x86_64-linux-gnu/libpython3.10.so (found suitable version "3.10.12", minimum required is "3.5") 
[4.587s] -- Using PYTHON_EXECUTABLE: /usr/bin/python3
[4.587s] -- Using PYTHON_INCLUDE_DIRS: /usr/include/python3.10
[4.588s] -- Using PYTHON_LIBRARIES: /usr/lib/x86_64-linux-gnu/libpython3.10.so
[4.605s] -- Found PythonExtra: .so  
[4.702s] -- Configuring done
[4.767s] -- Generating done
[4.770s] [33mCMake Warning:
[4.770s]   Manually-specified variables were not used by the project:
[4.770s] 
[4.770s]     HUMBLE_ROS
[4.770s]     ROS_EDITION
[4.770s] 
[4.770s] [0m
[4.771s] -- Build files have been written to: /home/lx/ros2/ros/mid-360_ws/build/fast_lio
[4.788s] Invoked command in '/home/lx/ros2/ros/mid-360_ws/build/fast_lio' returned '0': CMAKE_PREFIX_PATH=/home/lx/ros2/ros/mid-360_ws/install/livox_ros_driver2:/home/lx/ros2/ros/mid-360_ws/install/pointcloud_to_laserscan:/home/lx/ros2/ros/mid-360_ws/install/fast_lio:/opt/ros/humble LD_LIBRARY_PATH=/home/lx/ros2/ros/mid-360_ws/install/livox_ros_driver2/lib:/home/lx/ros2/ros/mid-360_ws/install/pointcloud_to_laserscan/lib:/home/lx/ros2/ros/mid-360_ws/install/fast_lio/lib:/usr/lib/x86_64-linux-gnu/gazebo-11/plugins:/opt/ros/humble/opt/rviz_ogre_vendor/lib:/opt/ros/humble/lib/x86_64-linux-gnu:/opt/ros/humble/lib /usr/bin/cmake /home/lx/ros2/ros/mid-360_ws/src/FAST_LIO -DROS_EDITION=ROS2 -DHUMBLE_ROS=humble -DCMAKE_INSTALL_PREFIX=/home/lx/ros2/ros/mid-360_ws/install/fast_lio
[4.790s] Invoking command in '/home/lx/ros2/ros/mid-360_ws/build/fast_lio': CMAKE_PREFIX_PATH=/home/lx/ros2/ros/mid-360_ws/install/livox_ros_driver2:/home/lx/ros2/ros/mid-360_ws/install/pointcloud_to_laserscan:/home/lx/ros2/ros/mid-360_ws/install/fast_lio:/opt/ros/humble LD_LIBRARY_PATH=/home/lx/ros2/ros/mid-360_ws/install/livox_ros_driver2/lib:/home/lx/ros2/ros/mid-360_ws/install/pointcloud_to_laserscan/lib:/home/lx/ros2/ros/mid-360_ws/install/fast_lio/lib:/usr/lib/x86_64-linux-gnu/gazebo-11/plugins:/opt/ros/humble/opt/rviz_ogre_vendor/lib:/opt/ros/humble/lib/x86_64-linux-gnu:/opt/ros/humble/lib /usr/bin/cmake --build /home/lx/ros2/ros/mid-360_ws/build/fast_lio -- -j12 -l12
[4.822s] [  2%] [34m[1mGenerating C code for ROS interfaces[0m
[4.830s] [  5%] [34m[1mGenerating C++ code for ROS interfaces[0m
[4.836s] [  5%] Built target ament_cmake_python_copy_fast_lio
[5.047s] running egg_info
[5.048s] creating fast_lio.egg-info
[5.048s] writing fast_lio.egg-info/PKG-INFO
[5.048s] writing dependency_links to fast_lio.egg-info/dependency_links.txt
[5.048s] writing top-level names to fast_lio.egg-info/top_level.txt
[5.049s] writing manifest file 'fast_lio.egg-info/SOURCES.txt'
[5.050s] reading manifest file 'fast_lio.egg-info/SOURCES.txt'
[5.051s] writing manifest file 'fast_lio.egg-info/SOURCES.txt'
[5.074s] [  5%] Built target ament_cmake_python_build_fast_lio_egg
[5.104s] [  8%] [32mBuilding C object CMakeFiles/fast_lio__rosidl_generator_c.dir/rosidl_generator_c/fast_lio/msg/detail/pose6_d__functions.c.o[0m
[5.105s] [  8%] Built target fast_lio__cpp
[5.113s] [ 17%] [34m[1mGenerating C++ type support for eProsima Fast-RTPS[0m
[5.113s] [ 17%] [34m[1mGenerating C++ type support dispatch for ROS interfaces[0m
[5.113s] [ 17%] [34m[1mGenerating C++ introspection for ROS interfaces[0m
[5.189s] [ 20%] [32m[1mLinking C shared library libfast_lio__rosidl_generator_c.so[0m
[5.219s] [ 20%] Built target fast_lio__rosidl_generator_c
[5.228s] [ 25%] [34m[1mGenerating C type support dispatch for ROS interfaces[0m
[5.228s] [ 25%] [34m[1mGenerating C introspection for ROS interfaces[0m
[5.230s] [ 28%] [34m[1mGenerating C type support for eProsima Fast-RTPS[0m
[5.382s] [ 31%] [32mBuilding CXX object CMakeFiles/fast_lio__rosidl_typesupport_cpp.dir/rosidl_typesupport_cpp/fast_lio/msg/pose6_d__type_support.cpp.o[0m
[5.402s] [ 34%] [32mBuilding CXX object CMakeFiles/fast_lio__rosidl_typesupport_fastrtps_cpp.dir/rosidl_typesupport_fastrtps_cpp/fast_lio/msg/detail/dds_fastrtps/pose6_d__type_support.cpp.o[0m
[5.503s] [ 37%] [32mBuilding CXX object CMakeFiles/fast_lio__rosidl_typesupport_c.dir/rosidl_typesupport_c/fast_lio/msg/pose6_d__type_support.cpp.o[0m
[5.526s] [ 40%] [32mBuilding CXX object CMakeFiles/fast_lio__rosidl_typesupport_introspection_cpp.dir/rosidl_typesupport_introspection_cpp/fast_lio/msg/detail/pose6_d__type_support.cpp.o[0m
[5.530s] [ 42%] [32mBuilding C object CMakeFiles/fast_lio__rosidl_typesupport_introspection_c.dir/rosidl_typesupport_introspection_c/fast_lio/msg/detail/pose6_d__type_support.c.o[0m
[5.530s] [ 45%] [32m[1mLinking CXX shared library libfast_lio__rosidl_typesupport_c.so[0m
[5.565s] [ 45%] Built target fast_lio__rosidl_typesupport_c
[5.605s] [ 48%] [32m[1mLinking C shared library libfast_lio__rosidl_typesupport_introspection_c.so[0m
[5.628s] [ 51%] [32m[1mLinking CXX shared library libfast_lio__rosidl_typesupport_cpp.so[0m
[5.631s] [ 54%] [32mBuilding CXX object CMakeFiles/fast_lio__rosidl_typesupport_fastrtps_c.dir/rosidl_typesupport_fastrtps_c/fast_lio/msg/detail/pose6_d__type_support_c.cpp.o[0m
[5.632s] [ 54%] Built target fast_lio__rosidl_typesupport_introspection_c
[5.659s] [ 54%] Built target fast_lio__rosidl_typesupport_cpp
[5.679s] [ 57%] [32mBuilding CXX object CMakeFiles/fastlio_mapping.dir/include/ikd-Tree/ikd_Tree.cpp.o[0m
[5.680s] [ 62%] [32mBuilding CXX object CMakeFiles/fastlio_mapping.dir/src/laserMapping.cpp.o[0m
[5.680s] [ 62%] [32mBuilding CXX object CMakeFiles/fastlio_mapping.dir/src/preprocess.cpp.o[0m
[5.768s] [ 65%] [32m[1mLinking CXX shared library libfast_lio__rosidl_typesupport_fastrtps_cpp.so[0m
[5.854s] [ 65%] Built target fast_lio__rosidl_typesupport_fastrtps_cpp
[5.893s] [ 68%] [32m[1mLinking CXX shared library libfast_lio__rosidl_typesupport_introspection_cpp.so[0m
[5.928s] [ 68%] Built target fast_lio__rosidl_typesupport_introspection_cpp
[5.936s] [ 71%] [32m[1mLinking CXX shared library libfast_lio__rosidl_typesupport_fastrtps_c.so[0m
[6.004s] [ 71%] Built target fast_lio__rosidl_typesupport_fastrtps_c
[6.019s] [ 71%] Built target fast_lio
[6.035s] [ 74%] [34m[1mGenerating Python code for ROS interfaces[0m
[6.420s] [ 74%] Built target fast_lio__py
[6.436s] [ 77%] [32mBuilding C object CMakeFiles/fast_lio__rosidl_generator_py.dir/rosidl_generator_py/fast_lio/msg/_pose6_d_s.c.o[0m
[6.550s] [ 80%] [32m[1mLinking C shared library rosidl_generator_py/fast_lio/libfast_lio__rosidl_generator_py.so[0m
[6.581s] [ 80%] Built target fast_lio__rosidl_generator_py
[6.597s] [ 82%] [32mBuilding C object CMakeFiles/fast_lio__rosidl_typesupport_fastrtps_c__pyext.dir/rosidl_generator_py/fast_lio/_fast_lio_s.ep.rosidl_typesupport_fastrtps_c.c.o[0m
[6.597s] [ 85%] [32mBuilding C object CMakeFiles/fast_lio__rosidl_typesupport_c__pyext.dir/rosidl_generator_py/fast_lio/_fast_lio_s.ep.rosidl_typesupport_c.c.o[0m
[6.602s] [ 88%] [32mBuilding C object CMakeFiles/fast_lio__rosidl_typesupport_introspection_c__pyext.dir/rosidl_generator_py/fast_lio/_fast_lio_s.ep.rosidl_typesupport_introspection_c.c.o[0m
[6.694s] [ 94%] [32m[1mLinking C shared library rosidl_generator_py/fast_lio/fast_lio_s__rosidl_typesupport_introspection_c.cpython-310-x86_64-linux-gnu.so[0m
[6.695s] [ 94%] [32m[1mLinking C shared library rosidl_generator_py/fast_lio/fast_lio_s__rosidl_typesupport_fastrtps_c.cpython-310-x86_64-linux-gnu.so[0m
[6.725s] [ 94%] Built target fast_lio__rosidl_typesupport_introspection_c__pyext
[6.725s] [ 94%] Built target fast_lio__rosidl_typesupport_fastrtps_c__pyext
[6.745s] [ 97%] [32m[1mLinking C shared library rosidl_generator_py/fast_lio/fast_lio_s__rosidl_typesupport_c.cpython-310-x86_64-linux-gnu.so[0m
[6.772s] [ 97%] Built target fast_lio__rosidl_typesupport_c__pyext
[11.990s] In file included from [01m[K/usr/include/boost/smart_ptr/detail/sp_thread_sleep.hpp:22[m[K,
[11.990s]                  from [01m[K/usr/include/boost/smart_ptr/detail/yield_k.hpp:23[m[K,
[11.990s]                  from [01m[K/usr/include/boost/smart_ptr/detail/spinlock_gcc_atomic.hpp:14[m[K,
[11.990s]                  from [01m[K/usr/include/boost/smart_ptr/detail/spinlock.hpp:42[m[K,
[11.990s]                  from [01m[K/usr/include/boost/smart_ptr/detail/spinlock_pool.hpp:25[m[K,
[11.991s]                  from [01m[K/usr/include/boost/smart_ptr/shared_ptr.hpp:29[m[K,
[11.991s]                  from [01m[K/usr/include/boost/shared_ptr.hpp:17[m[K,
[11.991s]                  from [01m[K/usr/include/boost/date_time/microsec_time_clock.hpp:18[m[K,
[11.991s]                  from [01m[K/usr/include/boost/interprocess/detail/posix_time_types_wrk.hpp:31[m[K,
[11.991s]                  from [01m[K/usr/include/boost/interprocess/detail/os_thread_functions.hpp:36[m[K,
[11.991s]                  from [01m[K/usr/include/boost/interprocess/sync/file_lock.hpp:26[m[K,
[11.991s]                  from [01m[K/usr/include/pcl-1.12/pcl/io/pcd_io.h:46[m[K,
[11.991s]                  from [01m[K/opt/ros/humble/include/pcl_conversions/pcl_conversions.h:72[m[K,
[11.991s]                  from [01m[K/home/lx/ros2/ros/mid-360_ws/src/FAST_LIO/src/IMU_Processing.hpp:18[m[K,
[11.991s]                  from [01m[K/home/lx/ros2/ros/mid-360_ws/src/FAST_LIO/src/laserMapping.cpp:47[m[K:
[11.991s] [01m[K/usr/include/boost/bind.hpp:36:1:[m[K [01;36m[Knote: [m[K‘[01m[K#pragma message: The practice of declaring the Bind placeholders (_1, _2, ...) in the global namespace is deprecated. Please use <boost/bind/bind.hpp> + using namespace boost::placeholders, or define BOOST_BIND_GLOBAL_PLACEHOLDERS to retain the current behavior.[m[K’
[11.991s]    36 | [01;36m[KBOOST_PRAGMA_MESSAGE[m[K(
[11.991s]       | [01;36m[K^~~~~~~~~~~~~~~~~~~~[m[K
[63.141s] [100%] [32m[1mLinking CXX executable fastlio_mapping[0m
[63.983s] [100%] Built target fastlio_mapping
[63.991s] Invoked command in '/home/lx/ros2/ros/mid-360_ws/build/fast_lio' returned '0': CMAKE_PREFIX_PATH=/home/lx/ros2/ros/mid-360_ws/install/livox_ros_driver2:/home/lx/ros2/ros/mid-360_ws/install/pointcloud_to_laserscan:/home/lx/ros2/ros/mid-360_ws/install/fast_lio:/opt/ros/humble LD_LIBRARY_PATH=/home/lx/ros2/ros/mid-360_ws/install/livox_ros_driver2/lib:/home/lx/ros2/ros/mid-360_ws/install/pointcloud_to_laserscan/lib:/home/lx/ros2/ros/mid-360_ws/install/fast_lio/lib:/usr/lib/x86_64-linux-gnu/gazebo-11/plugins:/opt/ros/humble/opt/rviz_ogre_vendor/lib:/opt/ros/humble/lib/x86_64-linux-gnu:/opt/ros/humble/lib /usr/bin/cmake --build /home/lx/ros2/ros/mid-360_ws/build/fast_lio -- -j12 -l12
[64.036s] Invoking command in '/home/lx/ros2/ros/mid-360_ws/build/fast_lio': CMAKE_PREFIX_PATH=/home/lx/ros2/ros/mid-360_ws/install/livox_ros_driver2:/home/lx/ros2/ros/mid-360_ws/install/pointcloud_to_laserscan:/home/lx/ros2/ros/mid-360_ws/install/fast_lio:/opt/ros/humble LD_LIBRARY_PATH=/home/lx/ros2/ros/mid-360_ws/install/livox_ros_driver2/lib:/home/lx/ros2/ros/mid-360_ws/install/pointcloud_to_laserscan/lib:/home/lx/ros2/ros/mid-360_ws/install/fast_lio/lib:/usr/lib/x86_64-linux-gnu/gazebo-11/plugins:/opt/ros/humble/opt/rviz_ogre_vendor/lib:/opt/ros/humble/lib/x86_64-linux-gnu:/opt/ros/humble/lib /usr/bin/cmake --install /home/lx/ros2/ros/mid-360_ws/build/fast_lio
[64.041s] -- Install configuration: "Release"
[64.041s] -- Installing: /home/lx/ros2/ros/mid-360_ws/install/fast_lio/share/ament_index/resource_index/rosidl_interfaces/fast_lio
[64.041s] -- Installing: /home/lx/ros2/ros/mid-360_ws/install/fast_lio/include/fast_lio/fast_lio
[64.041s] -- Installing: /home/lx/ros2/ros/mid-360_ws/install/fast_lio/include/fast_lio/fast_lio/msg
[64.041s] -- Installing: /home/lx/ros2/ros/mid-360_ws/install/fast_lio/include/fast_lio/fast_lio/msg/detail
[64.042s] -- Installing: /home/lx/ros2/ros/mid-360_ws/install/fast_lio/include/fast_lio/fast_lio/msg/detail/pose6_d__struct.h
[64.042s] -- Installing: /home/lx/ros2/ros/mid-360_ws/install/fast_lio/include/fast_lio/fast_lio/msg/detail/pose6_d__functions.c
[64.042s] -- Installing: /home/lx/ros2/ros/mid-360_ws/install/fast_lio/include/fast_lio/fast_lio/msg/detail/pose6_d__type_support.h
[64.042s] -- Installing: /home/lx/ros2/ros/mid-360_ws/install/fast_lio/include/fast_lio/fast_lio/msg/detail/pose6_d__functions.h
[64.042s] -- Installing: /home/lx/ros2/ros/mid-360_ws/install/fast_lio/include/fast_lio/fast_lio/msg/pose6_d.h
[64.042s] -- Installing: /home/lx/ros2/ros/mid-360_ws/install/fast_lio/include/fast_lio/fast_lio/msg/rosidl_generator_c__visibility_control.h
[64.042s] -- Installing: /home/lx/ros2/ros/mid-360_ws/install/fast_lio/share/fast_lio/environment/library_path.sh
[64.042s] -- Installing: /home/lx/ros2/ros/mid-360_ws/install/fast_lio/share/fast_lio/environment/library_path.dsv
[64.042s] -- Installing: /home/lx/ros2/ros/mid-360_ws/install/fast_lio/lib/libfast_lio__rosidl_generator_c.so
[64.042s] -- Set runtime path of "/home/lx/ros2/ros/mid-360_ws/install/fast_lio/lib/libfast_lio__rosidl_generator_c.so" to ""
[64.042s] -- Up-to-date: /home/lx/ros2/ros/mid-360_ws/install/fast_lio/include/fast_lio/fast_lio
[64.042s] -- Up-to-date: /home/lx/ros2/ros/mid-360_ws/install/fast_lio/include/fast_lio/fast_lio/msg
[64.042s] -- Up-to-date: /home/lx/ros2/ros/mid-360_ws/install/fast_lio/include/fast_lio/fast_lio/msg/detail
[64.042s] -- Installing: /home/lx/ros2/ros/mid-360_ws/install/fast_lio/include/fast_lio/fast_lio/msg/detail/pose6_d__rosidl_typesupport_fastrtps_c.h
[64.042s] -- Installing: /home/lx/ros2/ros/mid-360_ws/install/fast_lio/include/fast_lio/fast_lio/msg/rosidl_typesupport_fastrtps_c__visibility_control.h
[64.043s] -- Installing: /home/lx/ros2/ros/mid-360_ws/install/fast_lio/lib/libfast_lio__rosidl_typesupport_fastrtps_c.so
[64.043s] -- Set runtime path of "/home/lx/ros2/ros/mid-360_ws/install/fast_lio/lib/libfast_lio__rosidl_typesupport_fastrtps_c.so" to ""
[64.043s] -- Up-to-date: /home/lx/ros2/ros/mid-360_ws/install/fast_lio/include/fast_lio/fast_lio
[64.043s] -- Up-to-date: /home/lx/ros2/ros/mid-360_ws/install/fast_lio/include/fast_lio/fast_lio/msg
[64.043s] -- Up-to-date: /home/lx/ros2/ros/mid-360_ws/install/fast_lio/include/fast_lio/fast_lio/msg/detail
[64.043s] -- Installing: /home/lx/ros2/ros/mid-360_ws/install/fast_lio/include/fast_lio/fast_lio/msg/detail/pose6_d__struct.hpp
[64.043s] -- Installing: /home/lx/ros2/ros/mid-360_ws/install/fast_lio/include/fast_lio/fast_lio/msg/detail/pose6_d__traits.hpp
[64.043s] -- Installing: /home/lx/ros2/ros/mid-360_ws/install/fast_lio/include/fast_lio/fast_lio/msg/detail/pose6_d__builder.hpp
[64.043s] -- Installing: /home/lx/ros2/ros/mid-360_ws/install/fast_lio/include/fast_lio/fast_lio/msg/pose6_d.hpp
[64.043s] -- Up-to-date: /home/lx/ros2/ros/mid-360_ws/install/fast_lio/include/fast_lio/fast_lio
[64.043s] -- Up-to-date: /home/lx/ros2/ros/mid-360_ws/install/fast_lio/include/fast_lio/fast_lio/msg
[64.043s] -- Up-to-date: /home/lx/ros2/ros/mid-360_ws/install/fast_lio/include/fast_lio/fast_lio/msg/detail
[64.043s] -- Installing: /home/lx/ros2/ros/mid-360_ws/install/fast_lio/include/fast_lio/fast_lio/msg/detail/dds_fastrtps
[64.043s] -- Installing: /home/lx/ros2/ros/mid-360_ws/install/fast_lio/include/fast_lio/fast_lio/msg/detail/pose6_d__rosidl_typesupport_fastrtps_cpp.hpp
[64.043s] -- Installing: /home/lx/ros2/ros/mid-360_ws/install/fast_lio/include/fast_lio/fast_lio/msg/rosidl_typesupport_fastrtps_cpp__visibility_control.h
[64.043s] -- Installing: /home/lx/ros2/ros/mid-360_ws/install/fast_lio/lib/libfast_lio__rosidl_typesupport_fastrtps_cpp.so
[64.043s] -- Set runtime path of "/home/lx/ros2/ros/mid-360_ws/install/fast_lio/lib/libfast_lio__rosidl_typesupport_fastrtps_cpp.so" to ""
[64.044s] -- Up-to-date: /home/lx/ros2/ros/mid-360_ws/install/fast_lio/include/fast_lio/fast_lio
[64.044s] -- Up-to-date: /home/lx/ros2/ros/mid-360_ws/install/fast_lio/include/fast_lio/fast_lio/msg
[64.044s] -- Up-to-date: /home/lx/ros2/ros/mid-360_ws/install/fast_lio/include/fast_lio/fast_lio/msg/detail
[64.044s] -- Installing: /home/lx/ros2/ros/mid-360_ws/install/fast_lio/include/fast_lio/fast_lio/msg/detail/pose6_d__type_support.c
[64.044s] -- Installing: /home/lx/ros2/ros/mid-360_ws/install/fast_lio/include/fast_lio/fast_lio/msg/detail/pose6_d__rosidl_typesupport_introspection_c.h
[64.044s] -- Installing: /home/lx/ros2/ros/mid-360_ws/install/fast_lio/include/fast_lio/fast_lio/msg/rosidl_typesupport_introspection_c__visibility_control.h
[64.044s] -- Installing: /home/lx/ros2/ros/mid-360_ws/install/fast_lio/lib/libfast_lio__rosidl_typesupport_introspection_c.so
[64.044s] -- Set runtime path of "/home/lx/ros2/ros/mid-360_ws/install/fast_lio/lib/libfast_lio__rosidl_typesupport_introspection_c.so" to ""
[64.044s] -- Installing: /home/lx/ros2/ros/mid-360_ws/install/fast_lio/lib/libfast_lio__rosidl_typesupport_c.so
[64.044s] -- Set runtime path of "/home/lx/ros2/ros/mid-360_ws/install/fast_lio/lib/libfast_lio__rosidl_typesupport_c.so" to ""
[64.044s] -- Up-to-date: /home/lx/ros2/ros/mid-360_ws/install/fast_lio/include/fast_lio/fast_lio
[64.044s] -- Up-to-date: /home/lx/ros2/ros/mid-360_ws/install/fast_lio/include/fast_lio/fast_lio/msg
[64.044s] -- Up-to-date: /home/lx/ros2/ros/mid-360_ws/install/fast_lio/include/fast_lio/fast_lio/msg/detail
[64.044s] -- Installing: /home/lx/ros2/ros/mid-360_ws/install/fast_lio/include/fast_lio/fast_lio/msg/detail/pose6_d__type_support.cpp
[64.044s] -- Installing: /home/lx/ros2/ros/mid-360_ws/install/fast_lio/include/fast_lio/fast_lio/msg/detail/pose6_d__rosidl_typesupport_introspection_cpp.hpp
[64.044s] -- Installing: /home/lx/ros2/ros/mid-360_ws/install/fast_lio/lib/libfast_lio__rosidl_typesupport_introspection_cpp.so
[64.045s] -- Set runtime path of "/home/lx/ros2/ros/mid-360_ws/install/fast_lio/lib/libfast_lio__rosidl_typesupport_introspection_cpp.so" to ""
[64.045s] -- Installing: /home/lx/ros2/ros/mid-360_ws/install/fast_lio/lib/libfast_lio__rosidl_typesupport_cpp.so
[64.045s] -- Set runtime path of "/home/lx/ros2/ros/mid-360_ws/install/fast_lio/lib/libfast_lio__rosidl_typesupport_cpp.so" to ""
[64.045s] -- Installing: /home/lx/ros2/ros/mid-360_ws/install/fast_lio/share/fast_lio/environment/pythonpath.sh
[64.045s] -- Installing: /home/lx/ros2/ros/mid-360_ws/install/fast_lio/share/fast_lio/environment/pythonpath.dsv
[64.045s] -- Installing: /home/lx/ros2/ros/mid-360_ws/install/fast_lio/local/lib/python3.10/dist-packages/fast_lio-0.0.0-py3.10.egg-info
[64.045s] -- Installing: /home/lx/ros2/ros/mid-360_ws/install/fast_lio/local/lib/python3.10/dist-packages/fast_lio-0.0.0-py3.10.egg-info/top_level.txt
[64.045s] -- Installing: /home/lx/ros2/ros/mid-360_ws/install/fast_lio/local/lib/python3.10/dist-packages/fast_lio-0.0.0-py3.10.egg-info/PKG-INFO
[64.045s] -- Installing: /home/lx/ros2/ros/mid-360_ws/install/fast_lio/local/lib/python3.10/dist-packages/fast_lio-0.0.0-py3.10.egg-info/SOURCES.txt
[64.045s] -- Installing: /home/lx/ros2/ros/mid-360_ws/install/fast_lio/local/lib/python3.10/dist-packages/fast_lio-0.0.0-py3.10.egg-info/dependency_links.txt
[64.045s] -- Installing: /home/lx/ros2/ros/mid-360_ws/install/fast_lio/local/lib/python3.10/dist-packages/fast_lio
[64.045s] -- Installing: /home/lx/ros2/ros/mid-360_ws/install/fast_lio/local/lib/python3.10/dist-packages/fast_lio/fast_lio_s__rosidl_typesupport_c.cpython-310-x86_64-linux-gnu.so
[64.045s] -- Installing: /home/lx/ros2/ros/mid-360_ws/install/fast_lio/local/lib/python3.10/dist-packages/fast_lio/fast_lio_s__rosidl_typesupport_fastrtps_c.cpython-310-x86_64-linux-gnu.so
[64.046s] -- Installing: /home/lx/ros2/ros/mid-360_ws/install/fast_lio/local/lib/python3.10/dist-packages/fast_lio/_fast_lio_s.ep.rosidl_typesupport_fastrtps_c.c
[64.046s] -- Installing: /home/lx/ros2/ros/mid-360_ws/install/fast_lio/local/lib/python3.10/dist-packages/fast_lio/libfast_lio__rosidl_generator_py.so
[64.046s] -- Installing: /home/lx/ros2/ros/mid-360_ws/install/fast_lio/local/lib/python3.10/dist-packages/fast_lio/_fast_lio_s.ep.rosidl_typesupport_c.c
[64.046s] -- Installing: /home/lx/ros2/ros/mid-360_ws/install/fast_lio/local/lib/python3.10/dist-packages/fast_lio/msg
[64.046s] -- Installing: /home/lx/ros2/ros/mid-360_ws/install/fast_lio/local/lib/python3.10/dist-packages/fast_lio/msg/_pose6_d.py
[64.046s] -- Installing: /home/lx/ros2/ros/mid-360_ws/install/fast_lio/local/lib/python3.10/dist-packages/fast_lio/msg/_pose6_d_s.c
[64.046s] -- Installing: /home/lx/ros2/ros/mid-360_ws/install/fast_lio/local/lib/python3.10/dist-packages/fast_lio/msg/__init__.py
[64.046s] -- Installing: /home/lx/ros2/ros/mid-360_ws/install/fast_lio/local/lib/python3.10/dist-packages/fast_lio/_fast_lio_s.ep.rosidl_typesupport_introspection_c.c
[64.046s] -- Installing: /home/lx/ros2/ros/mid-360_ws/install/fast_lio/local/lib/python3.10/dist-packages/fast_lio/__init__.py
[64.046s] -- Installing: /home/lx/ros2/ros/mid-360_ws/install/fast_lio/local/lib/python3.10/dist-packages/fast_lio/fast_lio_s__rosidl_typesupport_introspection_c.cpython-310-x86_64-linux-gnu.so
[64.072s] Listing '/home/lx/ros2/ros/mid-360_ws/install/fast_lio/local/lib/python3.10/dist-packages/fast_lio'...
[64.072s] Compiling '/home/lx/ros2/ros/mid-360_ws/install/fast_lio/local/lib/python3.10/dist-packages/fast_lio/__init__.py'...
[64.072s] Listing '/home/lx/ros2/ros/mid-360_ws/install/fast_lio/local/lib/python3.10/dist-packages/fast_lio/msg'...
[64.073s] Compiling '/home/lx/ros2/ros/mid-360_ws/install/fast_lio/local/lib/python3.10/dist-packages/fast_lio/msg/__init__.py'...
[64.073s] Compiling '/home/lx/ros2/ros/mid-360_ws/install/fast_lio/local/lib/python3.10/dist-packages/fast_lio/msg/_pose6_d.py'...
[64.077s] -- Installing: /home/lx/ros2/ros/mid-360_ws/install/fast_lio/local/lib/python3.10/dist-packages/fast_lio/fast_lio_s__rosidl_typesupport_fastrtps_c.cpython-310-x86_64-linux-gnu.so
[64.077s] -- Set runtime path of "/home/lx/ros2/ros/mid-360_ws/install/fast_lio/local/lib/python3.10/dist-packages/fast_lio/fast_lio_s__rosidl_typesupport_fastrtps_c.cpython-310-x86_64-linux-gnu.so" to ""
[64.077s] -- Installing: /home/lx/ros2/ros/mid-360_ws/install/fast_lio/local/lib/python3.10/dist-packages/fast_lio/fast_lio_s__rosidl_typesupport_introspection_c.cpython-310-x86_64-linux-gnu.so
[64.077s] -- Set runtime path of "/home/lx/ros2/ros/mid-360_ws/install/fast_lio/local/lib/python3.10/dist-packages/fast_lio/fast_lio_s__rosidl_typesupport_introspection_c.cpython-310-x86_64-linux-gnu.so" to ""
[64.078s] -- Installing: /home/lx/ros2/ros/mid-360_ws/install/fast_lio/local/lib/python3.10/dist-packages/fast_lio/fast_lio_s__rosidl_typesupport_c.cpython-310-x86_64-linux-gnu.so
[64.078s] -- Set runtime path of "/home/lx/ros2/ros/mid-360_ws/install/fast_lio/local/lib/python3.10/dist-packages/fast_lio/fast_lio_s__rosidl_typesupport_c.cpython-310-x86_64-linux-gnu.so" to ""
[64.078s] -- Installing: /home/lx/ros2/ros/mid-360_ws/install/fast_lio/lib/libfast_lio__rosidl_generator_py.so
[64.078s] -- Set runtime path of "/home/lx/ros2/ros/mid-360_ws/install/fast_lio/lib/libfast_lio__rosidl_generator_py.so" to ""
[64.078s] -- Installing: /home/lx/ros2/ros/mid-360_ws/install/fast_lio/share/fast_lio/msg/Pose6D.idl
[64.078s] -- Installing: /home/lx/ros2/ros/mid-360_ws/install/fast_lio/share/fast_lio/msg/Pose6D.msg
[64.078s] -- Installing: /home/lx/ros2/ros/mid-360_ws/install/fast_lio/lib/fast_lio/fastlio_mapping
[64.080s] -- Set runtime path of "/home/lx/ros2/ros/mid-360_ws/install/fast_lio/lib/fast_lio/fastlio_mapping" to ""
[64.080s] -- Installing: /home/lx/ros2/ros/mid-360_ws/install/fast_lio/share/fast_lio/config
[64.080s] -- Installing: /home/lx/ros2/ros/mid-360_ws/install/fast_lio/share/fast_lio/config/avia.yaml
[64.080s] -- Installing: /home/lx/ros2/ros/mid-360_ws/install/fast_lio/share/fast_lio/config/horizon.yaml
[64.080s] -- Installing: /home/lx/ros2/ros/mid-360_ws/install/fast_lio/share/fast_lio/config/mid360.yaml
[64.080s] -- Installing: /home/lx/ros2/ros/mid-360_ws/install/fast_lio/share/fast_lio/config/velodyne.yaml
[64.080s] -- Installing: /home/lx/ros2/ros/mid-360_ws/install/fast_lio/share/fast_lio/config/ouster64.yaml
[64.080s] -- Installing: /home/lx/ros2/ros/mid-360_ws/install/fast_lio/share/fast_lio/launch
[64.080s] -- Installing: /home/lx/ros2/ros/mid-360_ws/install/fast_lio/share/fast_lio/launch/mapping.launch.py
[64.080s] -- Installing: /home/lx/ros2/ros/mid-360_ws/install/fast_lio/share/fast_lio/launch/mapping_avia.launch
[64.081s] -- Installing: /home/lx/ros2/ros/mid-360_ws/install/fast_lio/share/fast_lio/launch/gdb_debug_example.launch
[64.081s] -- Installing: /home/lx/ros2/ros/mid-360_ws/install/fast_lio/share/fast_lio/launch/mapping_velodyne.launch
[64.081s] -- Installing: /home/lx/ros2/ros/mid-360_ws/install/fast_lio/share/fast_lio/launch/mapping_horizon.launch
[64.081s] -- Installing: /home/lx/ros2/ros/mid-360_ws/install/fast_lio/share/fast_lio/launch/mapping_ouster64.launch
[64.081s] -- Installing: /home/lx/ros2/ros/mid-360_ws/install/fast_lio/share/fast_lio/rviz
[64.081s] -- Installing: /home/lx/ros2/ros/mid-360_ws/install/fast_lio/share/fast_lio/rviz/fastlio.rviz
[64.081s] -- Installing: /home/lx/ros2/ros/mid-360_ws/install/fast_lio/share/ament_index/resource_index/package_run_dependencies/fast_lio
[64.081s] -- Installing: /home/lx/ros2/ros/mid-360_ws/install/fast_lio/share/ament_index/resource_index/parent_prefix_path/fast_lio
[64.082s] -- Installing: /home/lx/ros2/ros/mid-360_ws/install/fast_lio/share/fast_lio/environment/ament_prefix_path.sh
[64.082s] -- Installing: /home/lx/ros2/ros/mid-360_ws/install/fast_lio/share/fast_lio/environment/ament_prefix_path.dsv
[64.082s] -- Installing: /home/lx/ros2/ros/mid-360_ws/install/fast_lio/share/fast_lio/environment/path.sh
[64.082s] -- Installing: /home/lx/ros2/ros/mid-360_ws/install/fast_lio/share/fast_lio/environment/path.dsv
[64.082s] -- Installing: /home/lx/ros2/ros/mid-360_ws/install/fast_lio/share/fast_lio/local_setup.bash
[64.082s] -- Installing: /home/lx/ros2/ros/mid-360_ws/install/fast_lio/share/fast_lio/local_setup.sh
[64.082s] -- Installing: /home/lx/ros2/ros/mid-360_ws/install/fast_lio/share/fast_lio/local_setup.zsh
[64.082s] -- Installing: /home/lx/ros2/ros/mid-360_ws/install/fast_lio/share/fast_lio/local_setup.dsv
[64.082s] -- Installing: /home/lx/ros2/ros/mid-360_ws/install/fast_lio/share/fast_lio/package.dsv
[64.082s] -- Installing: /home/lx/ros2/ros/mid-360_ws/install/fast_lio/share/ament_index/resource_index/packages/fast_lio
[64.082s] -- Installing: /home/lx/ros2/ros/mid-360_ws/install/fast_lio/share/fast_lio/cmake/export_fast_lio__rosidl_generator_cExport.cmake
[64.082s] -- Installing: /home/lx/ros2/ros/mid-360_ws/install/fast_lio/share/fast_lio/cmake/export_fast_lio__rosidl_generator_cExport-release.cmake
[64.083s] -- Installing: /home/lx/ros2/ros/mid-360_ws/install/fast_lio/share/fast_lio/cmake/export_fast_lio__rosidl_typesupport_fastrtps_cExport.cmake
[64.083s] -- Installing: /home/lx/ros2/ros/mid-360_ws/install/fast_lio/share/fast_lio/cmake/export_fast_lio__rosidl_typesupport_fastrtps_cExport-release.cmake
[64.083s] -- Installing: /home/lx/ros2/ros/mid-360_ws/install/fast_lio/share/fast_lio/cmake/export_fast_lio__rosidl_generator_cppExport.cmake
[64.083s] -- Installing: /home/lx/ros2/ros/mid-360_ws/install/fast_lio/share/fast_lio/cmake/export_fast_lio__rosidl_typesupport_fastrtps_cppExport.cmake
[64.083s] -- Installing: /home/lx/ros2/ros/mid-360_ws/install/fast_lio/share/fast_lio/cmake/export_fast_lio__rosidl_typesupport_fastrtps_cppExport-release.cmake
[64.083s] -- Installing: /home/lx/ros2/ros/mid-360_ws/install/fast_lio/share/fast_lio/cmake/fast_lio__rosidl_typesupport_introspection_cExport.cmake
[64.083s] -- Installing: /home/lx/ros2/ros/mid-360_ws/install/fast_lio/share/fast_lio/cmake/fast_lio__rosidl_typesupport_introspection_cExport-release.cmake
[64.083s] -- Installing: /home/lx/ros2/ros/mid-360_ws/install/fast_lio/share/fast_lio/cmake/fast_lio__rosidl_typesupport_cExport.cmake
[64.083s] -- Installing: /home/lx/ros2/ros/mid-360_ws/install/fast_lio/share/fast_lio/cmake/fast_lio__rosidl_typesupport_cExport-release.cmake
[64.083s] -- Installing: /home/lx/ros2/ros/mid-360_ws/install/fast_lio/share/fast_lio/cmake/fast_lio__rosidl_typesupport_introspection_cppExport.cmake
[64.083s] -- Installing: /home/lx/ros2/ros/mid-360_ws/install/fast_lio/share/fast_lio/cmake/fast_lio__rosidl_typesupport_introspection_cppExport-release.cmake
[64.084s] -- Installing: /home/lx/ros2/ros/mid-360_ws/install/fast_lio/share/fast_lio/cmake/fast_lio__rosidl_typesupport_cppExport.cmake
[64.084s] -- Installing: /home/lx/ros2/ros/mid-360_ws/install/fast_lio/share/fast_lio/cmake/fast_lio__rosidl_typesupport_cppExport-release.cmake
[64.084s] -- Installing: /home/lx/ros2/ros/mid-360_ws/install/fast_lio/share/fast_lio/cmake/export_fast_lio__rosidl_generator_pyExport.cmake
[64.084s] -- Installing: /home/lx/ros2/ros/mid-360_ws/install/fast_lio/share/fast_lio/cmake/export_fast_lio__rosidl_generator_pyExport-release.cmake
[64.084s] -- Installing: /home/lx/ros2/ros/mid-360_ws/install/fast_lio/share/fast_lio/cmake/rosidl_cmake-extras.cmake
[64.084s] -- Installing: /home/lx/ros2/ros/mid-360_ws/install/fast_lio/share/fast_lio/cmake/ament_cmake_export_include_directories-extras.cmake
[64.084s] -- Installing: /home/lx/ros2/ros/mid-360_ws/install/fast_lio/share/fast_lio/cmake/ament_cmake_export_libraries-extras.cmake
[64.084s] -- Installing: /home/lx/ros2/ros/mid-360_ws/install/fast_lio/share/fast_lio/cmake/ament_cmake_export_targets-extras.cmake
[64.084s] -- Installing: /home/lx/ros2/ros/mid-360_ws/install/fast_lio/share/fast_lio/cmake/rosidl_cmake_export_typesupport_targets-extras.cmake
[64.084s] -- Installing: /home/lx/ros2/ros/mid-360_ws/install/fast_lio/share/fast_lio/cmake/ament_cmake_export_dependencies-extras.cmake
[64.084s] -- Installing: /home/lx/ros2/ros/mid-360_ws/install/fast_lio/share/fast_lio/cmake/rosidl_cmake_export_typesupport_libraries-extras.cmake
[64.084s] -- Installing: /home/lx/ros2/ros/mid-360_ws/install/fast_lio/share/fast_lio/cmake/fast_lioConfig.cmake
[64.085s] -- Installing: /home/lx/ros2/ros/mid-360_ws/install/fast_lio/share/fast_lio/cmake/fast_lioConfig-version.cmake
[64.085s] -- Installing: /home/lx/ros2/ros/mid-360_ws/install/fast_lio/share/fast_lio/package.xml
[64.086s] Invoked command in '/home/lx/ros2/ros/mid-360_ws/build/fast_lio' returned '0': CMAKE_PREFIX_PATH=/home/lx/ros2/ros/mid-360_ws/install/livox_ros_driver2:/home/lx/ros2/ros/mid-360_ws/install/pointcloud_to_laserscan:/home/lx/ros2/ros/mid-360_ws/install/fast_lio:/opt/ros/humble LD_LIBRARY_PATH=/home/lx/ros2/ros/mid-360_ws/install/livox_ros_driver2/lib:/home/lx/ros2/ros/mid-360_ws/install/pointcloud_to_laserscan/lib:/home/lx/ros2/ros/mid-360_ws/install/fast_lio/lib:/usr/lib/x86_64-linux-gnu/gazebo-11/plugins:/opt/ros/humble/opt/rviz_ogre_vendor/lib:/opt/ros/humble/lib/x86_64-linux-gnu:/opt/ros/humble/lib /usr/bin/cmake --install /home/lx/ros2/ros/mid-360_ws/build/fast_lio
