[0.565s] Invoking command in '/home/lx/ros2/gezebo_ws/src/lesson_urdf': PYTHONPATH=/home/lx/ros2/gezebo_ws/build/lesson_urdf/prefix_override:/home/lx/ros2/gezebo_ws/install/lesson_urdf/lib/python3.10/site-packages:${PYTHONPATH} /usr/bin/python3 setup.py egg_info --egg-base ../../build/lesson_urdf build --build-base /home/lx/ros2/gezebo_ws/build/lesson_urdf/build install --record /home/lx/ros2/gezebo_ws/build/lesson_urdf/install.log --install-scripts $base/lib/lesson_urdf2 --single-version-externally-managed
[0.748s] /usr/lib/python3/dist-packages/setuptools/dist.py:723: UserWarning: Usage of dash-separated 'script-dir' will not be supported in future versions. Please use the underscore name 'script_dir' instead
[0.748s]   warnings.warn(
[0.754s] running egg_info
[0.755s] creating ../../build/lesson_urdf/lesson_urdf.egg-info
[0.755s] writing ../../build/lesson_urdf/lesson_urdf.egg-info/PKG-INFO
[0.755s] writing dependency_links to ../../build/lesson_urdf/lesson_urdf.egg-info/dependency_links.txt
[0.755s] writing entry points to ../../build/lesson_urdf/lesson_urdf.egg-info/entry_points.txt
[0.755s] writing requirements to ../../build/lesson_urdf/lesson_urdf.egg-info/requires.txt
[0.755s] writing top-level names to ../../build/lesson_urdf/lesson_urdf.egg-info/top_level.txt
[0.756s] writing manifest file '../../build/lesson_urdf/lesson_urdf.egg-info/SOURCES.txt'
[0.757s] reading manifest file '../../build/lesson_urdf/lesson_urdf.egg-info/SOURCES.txt'
[0.757s] adding license file 'LICENSE'
[0.757s] writing manifest file '../../build/lesson_urdf/lesson_urdf.egg-info/SOURCES.txt'
[0.757s] running build
[0.758s] running build_py
[0.758s] creating /home/lx/ros2/gezebo_ws/build/lesson_urdf/build
[0.758s] creating /home/lx/ros2/gezebo_ws/build/lesson_urdf/build/lib
[0.758s] creating /home/lx/ros2/gezebo_ws/build/lesson_urdf/build/lib/lesson_urdf
[0.758s] copying lesson_urdf/__init__.py -> /home/lx/ros2/gezebo_ws/build/lesson_urdf/build/lib/lesson_urdf
[0.758s] running install
[0.760s] /usr/lib/python3/dist-packages/setuptools/command/install.py:34: SetuptoolsDeprecationWarning: setup.py install is deprecated. Use build and pip and other standards-based tools.
[0.760s]   warnings.warn(
[0.760s] running install_lib
[0.761s] creating /home/lx/ros2/gezebo_ws/install/lesson_urdf/lib/python3.10/site-packages/lesson_urdf
[0.761s] copying /home/lx/ros2/gezebo_ws/build/lesson_urdf/build/lib/lesson_urdf/__init__.py -> /home/lx/ros2/gezebo_ws/install/lesson_urdf/lib/python3.10/site-packages/lesson_urdf
[0.761s] byte-compiling /home/lx/ros2/gezebo_ws/install/lesson_urdf/lib/python3.10/site-packages/lesson_urdf/__init__.py to __init__.cpython-310.pyc
[0.761s] running install_data
[0.762s] creating /home/lx/ros2/gezebo_ws/install/lesson_urdf/share/ament_index
[0.762s] creating /home/lx/ros2/gezebo_ws/install/lesson_urdf/share/ament_index/resource_index
[0.762s] creating /home/lx/ros2/gezebo_ws/install/lesson_urdf/share/ament_index/resource_index/packages
[0.762s] copying resource/lesson_urdf -> /home/lx/ros2/gezebo_ws/install/lesson_urdf/share/ament_index/resource_index/packages
[0.762s] copying package.xml -> /home/lx/ros2/gezebo_ws/install/lesson_urdf/share/lesson_urdf
[0.762s] copying launch/view_robot_launch.py -> /home/lx/ros2/gezebo_ws/install/lesson_urdf/share/lesson_urdf
[0.762s] creating /home/lx/ros2/gezebo_ws/install/lesson_urdf/share/lesson_urdf/urdf
[0.762s] copying urdf/planar_3dof.urdf -> /home/lx/ros2/gezebo_ws/install/lesson_urdf/share/lesson_urdf/urdf/
[0.762s] creating /home/lx/ros2/gezebo_ws/install/lesson_urdf/share/lesson_urdf/rviz
[0.762s] copying rviz/view.rviz -> /home/lx/ros2/gezebo_ws/install/lesson_urdf/share/lesson_urdf/rviz/
[0.762s] creating /home/lx/ros2/gezebo_ws/install/lesson_urdf/share/lesson_urdf/meshes
[0.762s] creating /home/lx/ros2/gezebo_ws/install/lesson_urdf/share/lesson_urdf/meshes/collision
[0.763s] copying meshes/collision/gripper.stl -> /home/lx/ros2/gezebo_ws/install/lesson_urdf/share/lesson_urdf/meshes/collision/
[0.763s] copying meshes/collision/arm_link.stl -> /home/lx/ros2/gezebo_ws/install/lesson_urdf/share/lesson_urdf/meshes/collision/
[0.763s] copying meshes/collision/arm_link_twist_2.stl -> /home/lx/ros2/gezebo_ws/install/lesson_urdf/share/lesson_urdf/meshes/collision/
[0.763s] copying meshes/collision/arm_link_twist_1.stl -> /home/lx/ros2/gezebo_ws/install/lesson_urdf/share/lesson_urdf/meshes/collision/
[0.763s] creating /home/lx/ros2/gezebo_ws/install/lesson_urdf/share/lesson_urdf/meshes/visual
[0.763s] copying meshes/visual/gripper.stl -> /home/lx/ros2/gezebo_ws/install/lesson_urdf/share/lesson_urdf/meshes/visual/
[0.763s] copying meshes/visual/arm_link.stl -> /home/lx/ros2/gezebo_ws/install/lesson_urdf/share/lesson_urdf/meshes/visual/
[0.763s] copying meshes/visual/arm_link_twist_2.stl -> /home/lx/ros2/gezebo_ws/install/lesson_urdf/share/lesson_urdf/meshes/visual/
[0.763s] copying meshes/visual/arm_link_twist_1.stl -> /home/lx/ros2/gezebo_ws/install/lesson_urdf/share/lesson_urdf/meshes/visual/
[0.763s] running install_egg_info
[0.764s] Copying ../../build/lesson_urdf/lesson_urdf.egg-info to /home/lx/ros2/gezebo_ws/install/lesson_urdf/lib/python3.10/site-packages/lesson_urdf-0.0.0-py3.10.egg-info
[0.765s] running install_scripts
[0.780s] writing list of installed files to '/home/lx/ros2/gezebo_ws/build/lesson_urdf/install.log'
[0.798s] Invoked command in '/home/lx/ros2/gezebo_ws/src/lesson_urdf' returned '0': PYTHONPATH=/home/lx/ros2/gezebo_ws/build/lesson_urdf/prefix_override:/home/lx/ros2/gezebo_ws/install/lesson_urdf/lib/python3.10/site-packages:${PYTHONPATH} /usr/bin/python3 setup.py egg_info --egg-base ../../build/lesson_urdf build --build-base /home/lx/ros2/gezebo_ws/build/lesson_urdf/build install --record /home/lx/ros2/gezebo_ws/build/lesson_urdf/install.log --install-scripts $base/lib/lesson_urdf2 --single-version-externally-managed
