[0.056s] Invoking command in '/home/lx/ros2/ros/mid-360_ws/build/pointcloud_to_laserscan': CMAKE_PREFIX_PATH=${CMAKE_PREFIX_PATH}:/opt/ros/humble /usr/bin/cmake --build /home/lx/ros2/ros/mid-360_ws/build/pointcloud_to_laserscan -- -j12 -l12
[0.076s] -- Found ament_cmake_auto: 1.3.5 (/opt/ros/humble/share/ament_cmake_auto/cmake)
[0.300s] -- Found rosidl_generator_c: 3.1.5 (/opt/ros/humble/share/rosidl_generator_c/cmake)
[0.303s] -- Found rosidl_adapter: 3.1.5 (/opt/ros/humble/share/rosidl_adapter/cmake)
[0.309s] -- Found rosidl_generator_cpp: 3.1.5 (/opt/ros/humble/share/rosidl_generator_cpp/cmake)
[0.323s] -- Using all available rosidl_typesupport_c: rosidl_typesupport_fastrtps_c;rosidl_typesupport_introspection_c
[0.338s] -- Using all available rosidl_typesupport_cpp: rosidl_typesupport_fastrtps_cpp;rosidl_typesupport_introspection_cpp
[0.396s] -- Found rmw_implementation_cmake: 6.1.1 (/opt/ros/humble/share/rmw_implementation_cmake/cmake)
[0.397s] -- Found rmw_fastrtps_cpp: 6.2.4 (/opt/ros/humble/share/rmw_fastrtps_cpp/cmake)
[0.497s] -- Using RMW implementation 'rmw_fastrtps_cpp' as default
[1.259s] -- Found ament_lint_auto: 0.12.8 (/opt/ros/humble/share/ament_lint_auto/cmake)
[1.275s] -- Added test 'cppcheck' to perform static code analysis on C / C++ code
[1.276s] -- Configured cppcheck include dirs: /home/lx/ros2/ros/mid-360_ws/src/pointcloud_to_laserscan/include
[1.276s] -- Configured cppcheck exclude dirs and/or files: 
[1.279s] -- Added test 'cpplint' to check C / C++ code against the Google style
[1.279s] -- Configured cpplint exclude dirs and/or files: 
[1.279s] -- Added test 'flake8' to check Python code syntax and style conventions
[1.281s] -- Added test 'lint_cmake' to check CMake code style
[1.281s] -- Added test 'pep257' to check Python code against some of the docstring style conventions in PEP 257
[1.283s] -- Added test 'uncrustify' to check C / C++ code style
[1.283s] -- Configured uncrustify additional arguments: 
[1.283s] -- Added test 'xmllint' to check XML markup files
[1.286s] -- Configuring done
[1.313s] -- Generating done
[1.315s] -- Build files have been written to: /home/lx/ros2/ros/mid-360_ws/build/pointcloud_to_laserscan
[1.339s] [35m[1mConsolidate compiler generated dependencies of target laserscan_to_pointcloud[0m
[1.340s] [35m[1mConsolidate compiler generated dependencies of target pointcloud_to_laserscan_node[0m
[1.340s] [35m[1mConsolidate compiler generated dependencies of target laserscan_to_pointcloud_node[0m
[1.358s] [ 20%] Built target pointcloud_to_laserscan_node
[1.358s] [ 40%] Built target laserscan_to_pointcloud_node
[1.366s] [ 50%] [32mBuilding CXX object CMakeFiles/laserscan_to_pointcloud.dir/src/laserscan_to_pointcloud_node.cpp.o[0m
[10.323s] [ 60%] [32m[1mLinking CXX shared library liblaserscan_to_pointcloud.so[0m
[10.725s] [ 60%] Built target laserscan_to_pointcloud
[10.733s] [35m[1mConsolidate compiler generated dependencies of target pointcloud_to_laserscan[0m
[10.747s] [ 70%] [32mBuilding CXX object CMakeFiles/pointcloud_to_laserscan.dir/src/pointcloud_to_laserscan_node.cpp.o[0m
[20.334s] [ 80%] [32m[1mLinking CXX shared library libpointcloud_to_laserscan.so[0m
[20.879s] [ 80%] Built target pointcloud_to_laserscan
[20.887s] [35m[1mConsolidate compiler generated dependencies of target dummy_pointcloud_publisher[0m
[20.900s] [ 90%] [32mBuilding CXX object CMakeFiles/dummy_pointcloud_publisher.dir/src/dummy_pointcloud_publisher.cpp.o[0m
[24.460s] [100%] [32m[1mLinking CXX executable dummy_pointcloud_publisher[0m
[24.662s] [100%] Built target dummy_pointcloud_publisher
[24.670s] Invoked command in '/home/lx/ros2/ros/mid-360_ws/build/pointcloud_to_laserscan' returned '0': CMAKE_PREFIX_PATH=${CMAKE_PREFIX_PATH}:/opt/ros/humble /usr/bin/cmake --build /home/lx/ros2/ros/mid-360_ws/build/pointcloud_to_laserscan -- -j12 -l12
[24.695s] Invoking command in '/home/lx/ros2/ros/mid-360_ws/build/pointcloud_to_laserscan': CMAKE_PREFIX_PATH=${CMAKE_PREFIX_PATH}:/opt/ros/humble /usr/bin/cmake --install /home/lx/ros2/ros/mid-360_ws/build/pointcloud_to_laserscan
[24.700s] -- Install configuration: ""
[24.701s] -- Up-to-date: /home/lx/ros2/ros/mid-360_ws/install/pointcloud_to_laserscan/lib/pointcloud_to_laserscan/laserscan_to_pointcloud_node
[24.701s] -- Up-to-date: /home/lx/ros2/ros/mid-360_ws/install/pointcloud_to_laserscan/lib/pointcloud_to_laserscan/pointcloud_to_laserscan_node
[24.701s] -- Up-to-date: /home/lx/ros2/ros/mid-360_ws/install/pointcloud_to_laserscan/include
[24.701s] -- Up-to-date: /home/lx/ros2/ros/mid-360_ws/install/pointcloud_to_laserscan/include/pointcloud_to_laserscan
[24.701s] -- Installing: /home/lx/ros2/ros/mid-360_ws/install/pointcloud_to_laserscan/include/pointcloud_to_laserscan/visibility_control.h
[24.701s] -- Installing: /home/lx/ros2/ros/mid-360_ws/install/pointcloud_to_laserscan/include/pointcloud_to_laserscan/pointcloud_to_laserscan_node.hpp
[24.701s] -- Installing: /home/lx/ros2/ros/mid-360_ws/install/pointcloud_to_laserscan/include/pointcloud_to_laserscan/laserscan_to_pointcloud_node.hpp
[24.701s] -- Up-to-date: /home/lx/ros2/ros/mid-360_ws/install/pointcloud_to_laserscan/share/pointcloud_to_laserscan/environment/library_path.sh
[24.701s] -- Installing: /home/lx/ros2/ros/mid-360_ws/install/pointcloud_to_laserscan/share/pointcloud_to_laserscan/environment/library_path.dsv
[24.701s] -- Installing: /home/lx/ros2/ros/mid-360_ws/install/pointcloud_to_laserscan/lib/liblaserscan_to_pointcloud.so
[24.707s] -- Set runtime path of "/home/lx/ros2/ros/mid-360_ws/install/pointcloud_to_laserscan/lib/liblaserscan_to_pointcloud.so" to ""
[24.707s] -- Installing: /home/lx/ros2/ros/mid-360_ws/install/pointcloud_to_laserscan/lib/libpointcloud_to_laserscan.so
[24.713s] -- Set runtime path of "/home/lx/ros2/ros/mid-360_ws/install/pointcloud_to_laserscan/lib/libpointcloud_to_laserscan.so" to ""
[24.714s] -- Installing: /home/lx/ros2/ros/mid-360_ws/install/pointcloud_to_laserscan/lib/pointcloud_to_laserscan/dummy_pointcloud_publisher
[24.714s] -- Set runtime path of "/home/lx/ros2/ros/mid-360_ws/install/pointcloud_to_laserscan/lib/pointcloud_to_laserscan/dummy_pointcloud_publisher" to ""
[24.714s] -- Up-to-date: /home/lx/ros2/ros/mid-360_ws/install/pointcloud_to_laserscan/share/pointcloud_to_laserscan/launch
[24.715s] -- Installing: /home/lx/ros2/ros/mid-360_ws/install/pointcloud_to_laserscan/share/pointcloud_to_laserscan/launch/sample_pointcloud_to_laserscan_launch.py
[24.715s] -- Installing: /home/lx/ros2/ros/mid-360_ws/install/pointcloud_to_laserscan/share/pointcloud_to_laserscan/launch/sample_laserscan_to_pointcloud_launch.py
[24.715s] -- Up-to-date: /home/lx/ros2/ros/mid-360_ws/install/pointcloud_to_laserscan/share/ament_index/resource_index/package_run_dependencies/pointcloud_to_laserscan
[24.715s] -- Up-to-date: /home/lx/ros2/ros/mid-360_ws/install/pointcloud_to_laserscan/share/ament_index/resource_index/parent_prefix_path/pointcloud_to_laserscan
[24.715s] -- Up-to-date: /home/lx/ros2/ros/mid-360_ws/install/pointcloud_to_laserscan/share/pointcloud_to_laserscan/environment/ament_prefix_path.sh
[24.715s] -- Installing: /home/lx/ros2/ros/mid-360_ws/install/pointcloud_to_laserscan/share/pointcloud_to_laserscan/environment/ament_prefix_path.dsv
[24.715s] -- Up-to-date: /home/lx/ros2/ros/mid-360_ws/install/pointcloud_to_laserscan/share/pointcloud_to_laserscan/environment/path.sh
[24.715s] -- Installing: /home/lx/ros2/ros/mid-360_ws/install/pointcloud_to_laserscan/share/pointcloud_to_laserscan/environment/path.dsv
[24.715s] -- Up-to-date: /home/lx/ros2/ros/mid-360_ws/install/pointcloud_to_laserscan/share/pointcloud_to_laserscan/local_setup.bash
[24.716s] -- Up-to-date: /home/lx/ros2/ros/mid-360_ws/install/pointcloud_to_laserscan/share/pointcloud_to_laserscan/local_setup.sh
[24.716s] -- Up-to-date: /home/lx/ros2/ros/mid-360_ws/install/pointcloud_to_laserscan/share/pointcloud_to_laserscan/local_setup.zsh
[24.716s] -- Installing: /home/lx/ros2/ros/mid-360_ws/install/pointcloud_to_laserscan/share/pointcloud_to_laserscan/local_setup.dsv
[24.716s] -- Installing: /home/lx/ros2/ros/mid-360_ws/install/pointcloud_to_laserscan/share/pointcloud_to_laserscan/package.dsv
[24.716s] -- Up-to-date: /home/lx/ros2/ros/mid-360_ws/install/pointcloud_to_laserscan/share/ament_index/resource_index/packages/pointcloud_to_laserscan
[24.716s] -- Up-to-date: /home/lx/ros2/ros/mid-360_ws/install/pointcloud_to_laserscan/share/ament_index/resource_index/rclcpp_components/pointcloud_to_laserscan
[24.716s] -- Up-to-date: /home/lx/ros2/ros/mid-360_ws/install/pointcloud_to_laserscan/share/pointcloud_to_laserscan/cmake/ament_cmake_export_dependencies-extras.cmake
[24.716s] -- Up-to-date: /home/lx/ros2/ros/mid-360_ws/install/pointcloud_to_laserscan/share/pointcloud_to_laserscan/cmake/ament_cmake_export_include_directories-extras.cmake
[24.716s] -- Up-to-date: /home/lx/ros2/ros/mid-360_ws/install/pointcloud_to_laserscan/share/pointcloud_to_laserscan/cmake/ament_cmake_export_libraries-extras.cmake
[24.717s] -- Up-to-date: /home/lx/ros2/ros/mid-360_ws/install/pointcloud_to_laserscan/share/pointcloud_to_laserscan/cmake/pointcloud_to_laserscanConfig.cmake
[24.717s] -- Up-to-date: /home/lx/ros2/ros/mid-360_ws/install/pointcloud_to_laserscan/share/pointcloud_to_laserscan/cmake/pointcloud_to_laserscanConfig-version.cmake
[24.717s] -- Installing: /home/lx/ros2/ros/mid-360_ws/install/pointcloud_to_laserscan/share/pointcloud_to_laserscan/package.xml
[24.718s] Invoked command in '/home/lx/ros2/ros/mid-360_ws/build/pointcloud_to_laserscan' returned '0': CMAKE_PREFIX_PATH=${CMAKE_PREFIX_PATH}:/opt/ros/humble /usr/bin/cmake --install /home/lx/ros2/ros/mid-360_ws/build/pointcloud_to_laserscan
