[0.236s] DEBUG:colcon:Command line arguments: ['/usr/bin/colcon', 'build']
[0.236s] DEBUG:colcon:Parsed command line arguments: Namespace(log_base=None, log_level=None, verb_name='build', build_base='build', install_base='install', merge_install=False, symlink_install=False, test_result_base=None, continue_on_error=False, executor='parallel', parallel_workers=12, event_handlers=None, ignore_user_meta=False, metas=['./colcon.meta'], base_paths=['.'], packages_ignore=None, packages_ignore_regex=None, paths=None, packages_up_to=None, packages_up_to_regex=None, packages_above=None, packages_above_and_dependencies=None, packages_above_depth=None, packages_select_by_dep=None, packages_skip_by_dep=None, packages_skip_up_to=None, packages_select_build_failed=False, packages_skip_build_finished=False, packages_select_test_failures=False, packages_skip_test_passed=False, packages_select=None, packages_skip=None, packages_select_regex=None, packages_skip_regex=None, packages_start=None, packages_end=None, allow_overriding=[], cmake_args=None, cmake_target=None, cmake_target_skip_unavailable=False, cmake_clean_cache=False, cmake_clean_first=False, cmake_force_configure=False, ament_cmake_args=None, catkin_cmake_args=None, catkin_skip_building_tests=False, verb_parser=<colcon_defaults.argument_parser.defaults.DefaultArgumentsDecorator object at 0x7f5cb92817e0>, verb_extension=<colcon_core.verb.build.BuildVerb object at 0x7f5cb9aa3940>, main=<bound method BuildVerb.main of <colcon_core.verb.build.BuildVerb object at 0x7f5cb9aa3940>>)
[0.259s] Level 1:colcon.colcon_core.package_discovery:discover_packages(colcon_meta) check parameters
[0.259s] Level 1:colcon.colcon_core.package_discovery:discover_packages(recursive) check parameters
[0.259s] Level 1:colcon.colcon_core.package_discovery:discover_packages(ignore) check parameters
[0.259s] Level 1:colcon.colcon_core.package_discovery:discover_packages(path) check parameters
[0.259s] Level 1:colcon.colcon_core.package_discovery:discover_packages(colcon_meta) discover
[0.259s] Level 1:colcon.colcon_core.package_discovery:discover_packages(recursive) discover
[0.259s] INFO:colcon.colcon_core.package_discovery:Crawling recursively for packages in '/home/lx/ros/hellworld'
[0.259s] Level 1:colcon.colcon_core.package_identification:_identify(.) by extensions ['ignore', 'ignore_ament_install']
[0.259s] Level 1:colcon.colcon_core.package_identification:_identify(.) by extension 'ignore'
[0.259s] Level 1:colcon.colcon_core.package_identification:_identify(.) by extension 'ignore_ament_install'
[0.259s] Level 1:colcon.colcon_core.package_identification:_identify(.) by extensions ['colcon_pkg']
[0.259s] Level 1:colcon.colcon_core.package_identification:_identify(.) by extension 'colcon_pkg'
[0.259s] Level 1:colcon.colcon_core.package_identification:_identify(.) by extensions ['colcon_meta']
[0.259s] Level 1:colcon.colcon_core.package_identification:_identify(.) by extension 'colcon_meta'
[0.259s] Level 1:colcon.colcon_core.package_identification:_identify(.) by extensions ['ros']
[0.259s] Level 1:colcon.colcon_core.package_identification:_identify(.) by extension 'ros'
[0.268s] Level 1:colcon.colcon_core.package_identification:_identify(.) by extensions ['cmake', 'python']
[0.268s] Level 1:colcon.colcon_core.package_identification:_identify(.) by extension 'cmake'
[0.268s] Level 1:colcon.colcon_core.package_identification:_identify(.) by extension 'python'
[0.268s] Level 1:colcon.colcon_core.package_identification:_identify(.) by extensions ['python_setup_py']
[0.268s] Level 1:colcon.colcon_core.package_identification:_identify(.) by extension 'python_setup_py'
[0.268s] Level 1:colcon.colcon_core.package_identification:_identify(build) by extensions ['ignore', 'ignore_ament_install']
[0.268s] Level 1:colcon.colcon_core.package_identification:_identify(build) by extension 'ignore'
[0.268s] Level 1:colcon.colcon_core.package_identification:_identify(build) ignored
[0.268s] Level 1:colcon.colcon_core.package_identification:_identify(install) by extensions ['ignore', 'ignore_ament_install']
[0.268s] Level 1:colcon.colcon_core.package_identification:_identify(install) by extension 'ignore'
[0.268s] Level 1:colcon.colcon_core.package_identification:_identify(install) ignored
[0.268s] Level 1:colcon.colcon_core.package_identification:_identify(log) by extensions ['ignore', 'ignore_ament_install']
[0.268s] Level 1:colcon.colcon_core.package_identification:_identify(log) by extension 'ignore'
[0.268s] Level 1:colcon.colcon_core.package_identification:_identify(log) ignored
[0.268s] Level 1:colcon.colcon_core.package_identification:_identify(src) by extensions ['ignore', 'ignore_ament_install']
[0.268s] Level 1:colcon.colcon_core.package_identification:_identify(src) by extension 'ignore'
[0.268s] Level 1:colcon.colcon_core.package_identification:_identify(src) by extension 'ignore_ament_install'
[0.268s] Level 1:colcon.colcon_core.package_identification:_identify(src) by extensions ['colcon_pkg']
[0.268s] Level 1:colcon.colcon_core.package_identification:_identify(src) by extension 'colcon_pkg'
[0.269s] Level 1:colcon.colcon_core.package_identification:_identify(src) by extensions ['colcon_meta']
[0.269s] Level 1:colcon.colcon_core.package_identification:_identify(src) by extension 'colcon_meta'
[0.269s] Level 1:colcon.colcon_core.package_identification:_identify(src) by extensions ['ros']
[0.269s] Level 1:colcon.colcon_core.package_identification:_identify(src) by extension 'ros'
[0.269s] Level 1:colcon.colcon_core.package_identification:_identify(src) by extensions ['cmake', 'python']
[0.269s] Level 1:colcon.colcon_core.package_identification:_identify(src) by extension 'cmake'
[0.269s] Level 1:colcon.colcon_core.package_identification:_identify(src) by extension 'python'
[0.269s] Level 1:colcon.colcon_core.package_identification:_identify(src) by extensions ['python_setup_py']
[0.269s] Level 1:colcon.colcon_core.package_identification:_identify(src) by extension 'python_setup_py'
[0.269s] Level 1:colcon.colcon_core.package_identification:_identify(src/build) by extensions ['ignore', 'ignore_ament_install']
[0.269s] Level 1:colcon.colcon_core.package_identification:_identify(src/build) by extension 'ignore'
[0.269s] Level 1:colcon.colcon_core.package_identification:_identify(src/build) ignored
[0.269s] Level 1:colcon.colcon_core.package_identification:_identify(src/demo1) by extensions ['ignore', 'ignore_ament_install']
[0.269s] Level 1:colcon.colcon_core.package_identification:_identify(src/demo1) by extension 'ignore'
[0.269s] Level 1:colcon.colcon_core.package_identification:_identify(src/demo1) by extension 'ignore_ament_install'
[0.269s] Level 1:colcon.colcon_core.package_identification:_identify(src/demo1) by extensions ['colcon_pkg']
[0.269s] Level 1:colcon.colcon_core.package_identification:_identify(src/demo1) by extension 'colcon_pkg'
[0.269s] Level 1:colcon.colcon_core.package_identification:_identify(src/demo1) by extensions ['colcon_meta']
[0.269s] Level 1:colcon.colcon_core.package_identification:_identify(src/demo1) by extension 'colcon_meta'
[0.269s] Level 1:colcon.colcon_core.package_identification:_identify(src/demo1) by extensions ['ros']
[0.269s] Level 1:colcon.colcon_core.package_identification:_identify(src/demo1) by extension 'ros'
[0.271s] DEBUG:colcon.colcon_core.package_identification:Package 'src/demo1' with type 'ros.cmake' and name 'demo1'
[0.271s] Level 1:colcon.colcon_core.package_identification:_identify(src/helloworld) by extensions ['ignore', 'ignore_ament_install']
[0.271s] Level 1:colcon.colcon_core.package_identification:_identify(src/helloworld) by extension 'ignore'
[0.271s] Level 1:colcon.colcon_core.package_identification:_identify(src/helloworld) by extension 'ignore_ament_install'
[0.271s] Level 1:colcon.colcon_core.package_identification:_identify(src/helloworld) by extensions ['colcon_pkg']
[0.271s] Level 1:colcon.colcon_core.package_identification:_identify(src/helloworld) by extension 'colcon_pkg'
[0.271s] Level 1:colcon.colcon_core.package_identification:_identify(src/helloworld) by extensions ['colcon_meta']
[0.271s] Level 1:colcon.colcon_core.package_identification:_identify(src/helloworld) by extension 'colcon_meta'
[0.271s] Level 1:colcon.colcon_core.package_identification:_identify(src/helloworld) by extensions ['ros']
[0.271s] Level 1:colcon.colcon_core.package_identification:_identify(src/helloworld) by extension 'ros'
[0.272s] DEBUG:colcon.colcon_core.package_identification:Package 'src/helloworld' with type 'ros.ament_cmake' and name 'helloworld'
[0.272s] Level 1:colcon.colcon_core.package_identification:_identify(src/install) by extensions ['ignore', 'ignore_ament_install']
[0.272s] Level 1:colcon.colcon_core.package_identification:_identify(src/install) by extension 'ignore'
[0.272s] Level 1:colcon.colcon_core.package_identification:_identify(src/install) ignored
[0.272s] Level 1:colcon.colcon_core.package_identification:_identify(src/log) by extensions ['ignore', 'ignore_ament_install']
[0.272s] Level 1:colcon.colcon_core.package_identification:_identify(src/log) by extension 'ignore'
[0.272s] Level 1:colcon.colcon_core.package_identification:_identify(src/log) ignored
[0.272s] Level 1:colcon.colcon_core.package_discovery:discover_packages(recursive) using defaults
[0.272s] Level 1:colcon.colcon_core.package_discovery:discover_packages(ignore) discover
[0.272s] Level 1:colcon.colcon_core.package_discovery:discover_packages(ignore) using defaults
[0.272s] Level 1:colcon.colcon_core.package_discovery:discover_packages(path) discover
[0.272s] Level 1:colcon.colcon_core.package_discovery:discover_packages(path) using defaults
[0.289s] Level 1:colcon.colcon_core.package_discovery:discover_packages(prefix_path) check parameters
[0.289s] Level 1:colcon.colcon_core.package_discovery:discover_packages(prefix_path) discover
[0.291s] DEBUG:colcon.colcon_installed_package_information.package_discovery:Found 2 installed packages in /home/lx/ros/hellworld/install
[0.292s] DEBUG:colcon.colcon_installed_package_information.package_discovery:Found 270 installed packages in /opt/ros/humble
[0.293s] Level 1:colcon.colcon_core.package_discovery:discover_packages(prefix_path) using defaults
[0.337s] Level 5:colcon.colcon_core.verb:set package 'demo1' build argument 'cmake_args' from command line to 'None'
[0.338s] Level 5:colcon.colcon_core.verb:set package 'demo1' build argument 'cmake_target' from command line to 'None'
[0.338s] Level 5:colcon.colcon_core.verb:set package 'demo1' build argument 'cmake_target_skip_unavailable' from command line to 'False'
[0.338s] Level 5:colcon.colcon_core.verb:set package 'demo1' build argument 'cmake_clean_cache' from command line to 'False'
[0.338s] Level 5:colcon.colcon_core.verb:set package 'demo1' build argument 'cmake_clean_first' from command line to 'False'
[0.338s] Level 5:colcon.colcon_core.verb:set package 'demo1' build argument 'cmake_force_configure' from command line to 'False'
[0.338s] Level 5:colcon.colcon_core.verb:set package 'demo1' build argument 'ament_cmake_args' from command line to 'None'
[0.338s] Level 5:colcon.colcon_core.verb:set package 'demo1' build argument 'catkin_cmake_args' from command line to 'None'
[0.338s] Level 5:colcon.colcon_core.verb:set package 'demo1' build argument 'catkin_skip_building_tests' from command line to 'False'
[0.338s] DEBUG:colcon.colcon_core.verb:Building package 'demo1' with the following arguments: {'ament_cmake_args': None, 'build_base': '/home/lx/ros/hellworld/build/demo1', 'catkin_cmake_args': None, 'catkin_skip_building_tests': False, 'cmake_args': None, 'cmake_clean_cache': False, 'cmake_clean_first': False, 'cmake_force_configure': False, 'cmake_target': None, 'cmake_target_skip_unavailable': False, 'install_base': '/home/lx/ros/hellworld/install/demo1', 'merge_install': False, 'path': '/home/lx/ros/hellworld/src/demo1', 'symlink_install': False, 'test_result_base': None}
[0.338s] Level 5:colcon.colcon_core.verb:set package 'helloworld' build argument 'cmake_args' from command line to 'None'
[0.338s] Level 5:colcon.colcon_core.verb:set package 'helloworld' build argument 'cmake_target' from command line to 'None'
[0.338s] Level 5:colcon.colcon_core.verb:set package 'helloworld' build argument 'cmake_target_skip_unavailable' from command line to 'False'
[0.339s] Level 5:colcon.colcon_core.verb:set package 'helloworld' build argument 'cmake_clean_cache' from command line to 'False'
[0.339s] Level 5:colcon.colcon_core.verb:set package 'helloworld' build argument 'cmake_clean_first' from command line to 'False'
[0.339s] Level 5:colcon.colcon_core.verb:set package 'helloworld' build argument 'cmake_force_configure' from command line to 'False'
[0.339s] Level 5:colcon.colcon_core.verb:set package 'helloworld' build argument 'ament_cmake_args' from command line to 'None'
[0.339s] Level 5:colcon.colcon_core.verb:set package 'helloworld' build argument 'catkin_cmake_args' from command line to 'None'
[0.339s] Level 5:colcon.colcon_core.verb:set package 'helloworld' build argument 'catkin_skip_building_tests' from command line to 'False'
[0.339s] DEBUG:colcon.colcon_core.verb:Building package 'helloworld' with the following arguments: {'ament_cmake_args': None, 'build_base': '/home/lx/ros/hellworld/build/helloworld', 'catkin_cmake_args': None, 'catkin_skip_building_tests': False, 'cmake_args': None, 'cmake_clean_cache': False, 'cmake_clean_first': False, 'cmake_force_configure': False, 'cmake_target': None, 'cmake_target_skip_unavailable': False, 'install_base': '/home/lx/ros/hellworld/install/helloworld', 'merge_install': False, 'path': '/home/lx/ros/hellworld/src/helloworld', 'symlink_install': False, 'test_result_base': None}
[0.339s] INFO:colcon.colcon_core.executor:Executing jobs using 'parallel' executor
[0.341s] DEBUG:colcon.colcon_parallel_executor.executor.parallel:run_until_complete
[0.342s] INFO:colcon.colcon_ros.task.cmake.build:Building ROS package in '/home/lx/ros/hellworld/src/demo1' with build type 'cmake'
[0.342s] INFO:colcon.colcon_cmake.task.cmake.build:Building CMake package in '/home/lx/ros/hellworld/src/demo1'
[0.345s] INFO:colcon.colcon_core.plugin_system:Skipping extension 'colcon_core.shell.bat': Not used on non-Windows systems
[0.345s] INFO:colcon.colcon_core.shell:Skip shell extension 'powershell' for command environment: Not usable outside of PowerShell
[0.345s] DEBUG:colcon.colcon_core.shell:Skip shell extension 'dsv' for command environment
[0.348s] INFO:colcon.colcon_ros.task.ament_cmake.build:Building ROS package in '/home/lx/ros/hellworld/src/helloworld' with build type 'ament_cmake'
[0.348s] INFO:colcon.colcon_cmake.task.cmake.build:Building CMake package in '/home/lx/ros/hellworld/src/helloworld'
[0.349s] INFO:colcon.colcon_core.shell:Skip shell extension 'powershell' for command environment: Not usable outside of PowerShell
[0.349s] DEBUG:colcon.colcon_core.shell:Skip shell extension 'dsv' for command environment
[0.356s] DEBUG:colcon.colcon_core.event_handler.log_command:Invoking command in '/home/lx/ros/hellworld/build/demo1': CMAKE_PREFIX_PATH=${CMAKE_PREFIX_PATH}:/opt/ros/humble /usr/bin/cmake --build /home/lx/ros/hellworld/build/demo1 -- -j12 -l12
[0.359s] DEBUG:colcon.colcon_core.event_handler.log_command:Invoking command in '/home/lx/ros/hellworld/build/helloworld': CMAKE_PREFIX_PATH=${CMAKE_PREFIX_PATH}:/opt/ros/humble /usr/bin/cmake --build /home/lx/ros/hellworld/build/helloworld -- -j12 -l12
[0.380s] DEBUG:colcon.colcon_core.event_handler.log_command:Invoked command in '/home/lx/ros/hellworld/build/demo1' returned '0': CMAKE_PREFIX_PATH=${CMAKE_PREFIX_PATH}:/opt/ros/humble /usr/bin/cmake --build /home/lx/ros/hellworld/build/demo1 -- -j12 -l12
[0.391s] WARNING:colcon.colcon_cmake.task.cmake.build:Could not run installation step for package 'demo1' because it has no 'install' target
[0.401s] Level 1:colcon.colcon_core.environment:create_environment_scripts_only(demo1)
[0.405s] Level 1:colcon.colcon_core.environment:checking '/home/lx/ros/hellworld/install/demo1' for CMake module files
[0.405s] Level 1:colcon.colcon_core.environment:checking '/home/lx/ros/hellworld/install/demo1' for CMake config files
[0.406s] Level 1:colcon.colcon_core.environment:checking '/home/lx/ros/hellworld/install/demo1/bin'
[0.406s] Level 1:colcon.colcon_core.environment:checking '/home/lx/ros/hellworld/install/demo1/lib/pkgconfig/demo1.pc'
[0.406s] Level 1:colcon.colcon_core.environment:checking '/home/lx/ros/hellworld/install/demo1/lib/python3.10/site-packages'
[0.406s] Level 1:colcon.colcon_core.environment:checking '/home/lx/ros/hellworld/install/demo1/bin'
[0.407s] INFO:colcon.colcon_core.shell:Creating package script '/home/lx/ros/hellworld/install/demo1/share/demo1/package.ps1'
[0.407s] INFO:colcon.colcon_core.shell:Creating package descriptor '/home/lx/ros/hellworld/install/demo1/share/demo1/package.dsv'
[0.408s] INFO:colcon.colcon_core.shell:Creating package script '/home/lx/ros/hellworld/install/demo1/share/demo1/package.sh'
[0.408s] INFO:colcon.colcon_core.shell:Creating package script '/home/lx/ros/hellworld/install/demo1/share/demo1/package.bash'
[0.409s] INFO:colcon.colcon_core.shell:Creating package script '/home/lx/ros/hellworld/install/demo1/share/demo1/package.zsh'
[0.409s] Level 1:colcon.colcon_core.environment:create_file_with_runtime_dependencies(/home/lx/ros/hellworld/install/demo1/share/colcon-core/packages/demo1)
[3.505s] DEBUG:colcon.colcon_core.event_handler.log_command:Invoked command in '/home/lx/ros/hellworld/build/helloworld' returned '0': CMAKE_PREFIX_PATH=${CMAKE_PREFIX_PATH}:/opt/ros/humble /usr/bin/cmake --build /home/lx/ros/hellworld/build/helloworld -- -j12 -l12
[3.523s] DEBUG:colcon.colcon_core.event_handler.log_command:Invoking command in '/home/lx/ros/hellworld/build/helloworld': CMAKE_PREFIX_PATH=${CMAKE_PREFIX_PATH}:/opt/ros/humble /usr/bin/cmake --install /home/lx/ros/hellworld/build/helloworld
[3.536s] Level 1:colcon.colcon_core.environment:create_environment_scripts_only(helloworld)
[3.537s] Level 1:colcon.colcon_core.environment:checking '/home/lx/ros/hellworld/install/helloworld' for CMake module files
[3.538s] DEBUG:colcon.colcon_core.event_handler.log_command:Invoked command in '/home/lx/ros/hellworld/build/helloworld' returned '0': CMAKE_PREFIX_PATH=${CMAKE_PREFIX_PATH}:/opt/ros/humble /usr/bin/cmake --install /home/lx/ros/hellworld/build/helloworld
[3.538s] Level 1:colcon.colcon_core.environment:checking '/home/lx/ros/hellworld/install/helloworld' for CMake config files
[3.538s] Level 1:colcon.colcon_core.shell:create_environment_hook('helloworld', 'cmake_prefix_path')
[3.539s] INFO:colcon.colcon_core.shell:Creating environment hook '/home/lx/ros/hellworld/install/helloworld/share/helloworld/hook/cmake_prefix_path.ps1'
[3.539s] INFO:colcon.colcon_core.shell:Creating environment descriptor '/home/lx/ros/hellworld/install/helloworld/share/helloworld/hook/cmake_prefix_path.dsv'
[3.540s] INFO:colcon.colcon_core.shell:Creating environment hook '/home/lx/ros/hellworld/install/helloworld/share/helloworld/hook/cmake_prefix_path.sh'
[3.540s] Level 1:colcon.colcon_core.environment:checking '/home/lx/ros/hellworld/install/helloworld/lib'
[3.540s] Level 1:colcon.colcon_core.environment:checking '/home/lx/ros/hellworld/install/helloworld/bin'
[3.540s] Level 1:colcon.colcon_core.environment:checking '/home/lx/ros/hellworld/install/helloworld/lib/pkgconfig/helloworld.pc'
[3.541s] Level 1:colcon.colcon_core.environment:checking '/home/lx/ros/hellworld/install/helloworld/lib/python3.10/site-packages'
[3.541s] Level 1:colcon.colcon_core.environment:checking '/home/lx/ros/hellworld/install/helloworld/bin'
[3.542s] INFO:colcon.colcon_core.shell:Creating package script '/home/lx/ros/hellworld/install/helloworld/share/helloworld/package.ps1'
[3.542s] INFO:colcon.colcon_core.shell:Creating package descriptor '/home/lx/ros/hellworld/install/helloworld/share/helloworld/package.dsv'
[3.542s] INFO:colcon.colcon_core.shell:Creating package script '/home/lx/ros/hellworld/install/helloworld/share/helloworld/package.sh'
[3.542s] INFO:colcon.colcon_core.shell:Creating package script '/home/lx/ros/hellworld/install/helloworld/share/helloworld/package.bash'
[3.543s] INFO:colcon.colcon_core.shell:Creating package script '/home/lx/ros/hellworld/install/helloworld/share/helloworld/package.zsh'
[3.543s] Level 1:colcon.colcon_core.environment:create_file_with_runtime_dependencies(/home/lx/ros/hellworld/install/helloworld/share/colcon-core/packages/helloworld)
[3.557s] Level 1:colcon.colcon_core.environment:create_environment_scripts_only(helloworld)
[3.558s] Level 1:colcon.colcon_core.environment:checking '/home/lx/ros/hellworld/install/helloworld' for CMake module files
[3.558s] Level 1:colcon.colcon_core.environment:checking '/home/lx/ros/hellworld/install/helloworld' for CMake config files
[3.558s] Level 1:colcon.colcon_core.shell:create_environment_hook('helloworld', 'cmake_prefix_path')
[3.559s] INFO:colcon.colcon_core.shell:Creating environment hook '/home/lx/ros/hellworld/install/helloworld/share/helloworld/hook/cmake_prefix_path.ps1'
[3.560s] INFO:colcon.colcon_core.shell:Creating environment descriptor '/home/lx/ros/hellworld/install/helloworld/share/helloworld/hook/cmake_prefix_path.dsv'
[3.560s] INFO:colcon.colcon_core.shell:Creating environment hook '/home/lx/ros/hellworld/install/helloworld/share/helloworld/hook/cmake_prefix_path.sh'
[3.560s] Level 1:colcon.colcon_core.environment:checking '/home/lx/ros/hellworld/install/helloworld/lib'
[3.560s] Level 1:colcon.colcon_core.environment:checking '/home/lx/ros/hellworld/install/helloworld/bin'
[3.560s] Level 1:colcon.colcon_core.environment:checking '/home/lx/ros/hellworld/install/helloworld/lib/pkgconfig/helloworld.pc'
[3.560s] Level 1:colcon.colcon_core.environment:checking '/home/lx/ros/hellworld/install/helloworld/lib/python3.10/site-packages'
[3.561s] Level 1:colcon.colcon_core.environment:checking '/home/lx/ros/hellworld/install/helloworld/bin'
[3.561s] INFO:colcon.colcon_core.shell:Creating package script '/home/lx/ros/hellworld/install/helloworld/share/helloworld/package.ps1'
[3.562s] INFO:colcon.colcon_core.shell:Creating package descriptor '/home/lx/ros/hellworld/install/helloworld/share/helloworld/package.dsv'
[3.562s] INFO:colcon.colcon_core.shell:Creating package script '/home/lx/ros/hellworld/install/helloworld/share/helloworld/package.sh'
[3.562s] INFO:colcon.colcon_core.shell:Creating package script '/home/lx/ros/hellworld/install/helloworld/share/helloworld/package.bash'
[3.563s] INFO:colcon.colcon_core.shell:Creating package script '/home/lx/ros/hellworld/install/helloworld/share/helloworld/package.zsh'
[3.563s] Level 1:colcon.colcon_core.environment:create_file_with_runtime_dependencies(/home/lx/ros/hellworld/install/helloworld/share/colcon-core/packages/helloworld)
[3.563s] DEBUG:colcon.colcon_parallel_executor.executor.parallel:closing loop
[3.563s] DEBUG:colcon.colcon_parallel_executor.executor.parallel:loop closed
[3.563s] DEBUG:colcon.colcon_parallel_executor.executor.parallel:run_until_complete finished with '0'
[3.563s] DEBUG:colcon.colcon_core.event_reactor:joining thread
[3.567s] INFO:colcon.colcon_core.plugin_system:Skipping extension 'colcon_notification.desktop_notification.terminal_notifier': Not used on non-Darwin systems
[3.567s] INFO:colcon.colcon_core.plugin_system:Skipping extension 'colcon_notification.desktop_notification.win32': Not used on non-Windows systems
[3.567s] INFO:colcon.colcon_notification.desktop_notification:Sending desktop notification using 'notify2'
[3.576s] DEBUG:colcon.colcon_core.event_reactor:joined thread
[3.578s] INFO:colcon.colcon_core.shell:Creating prefix script '/home/lx/ros/hellworld/install/local_setup.ps1'
[3.579s] INFO:colcon.colcon_core.shell:Creating prefix util module '/home/lx/ros/hellworld/install/_local_setup_util_ps1.py'
[3.580s] INFO:colcon.colcon_core.shell:Creating prefix chain script '/home/lx/ros/hellworld/install/setup.ps1'
[3.581s] INFO:colcon.colcon_core.shell:Creating prefix script '/home/lx/ros/hellworld/install/local_setup.sh'
[3.582s] INFO:colcon.colcon_core.shell:Creating prefix util module '/home/lx/ros/hellworld/install/_local_setup_util_sh.py'
[3.582s] INFO:colcon.colcon_core.shell:Creating prefix chain script '/home/lx/ros/hellworld/install/setup.sh'
[3.583s] INFO:colcon.colcon_core.shell:Creating prefix script '/home/lx/ros/hellworld/install/local_setup.bash'
[3.583s] INFO:colcon.colcon_core.shell:Creating prefix chain script '/home/lx/ros/hellworld/install/setup.bash'
[3.584s] INFO:colcon.colcon_core.shell:Creating prefix script '/home/lx/ros/hellworld/install/local_setup.zsh'
[3.584s] INFO:colcon.colcon_core.shell:Creating prefix chain script '/home/lx/ros/hellworld/install/setup.zsh'
