[0.067s] Invoking command in '/home/lx/ros2/ros/xiao_ying/build/pointcloud_to_laserscan': CMAKE_PREFIX_PATH=${CMAKE_PREFIX_PATH}:/opt/ros/humble /usr/bin/cmake --build /home/lx/ros2/ros/xiao_ying/build/pointcloud_to_laserscan -- -j12 -l12
[0.138s] [ 20%] Built target laserscan_to_pointcloud_node
[0.142s] [ 40%] Built target pointcloud_to_laserscan_node
[0.149s] [ 60%] Built target laserscan_to_pointcloud
[0.188s] [ 80%] Built target pointcloud_to_laserscan
[0.215s] [100%] Built target dummy_pointcloud_publisher
[0.229s] Invoked command in '/home/lx/ros2/ros/xiao_ying/build/pointcloud_to_laserscan' returned '0': CMAKE_PREFIX_PATH=${CMAKE_PREFIX_PATH}:/opt/ros/humble /usr/bin/cmake --build /home/lx/ros2/ros/xiao_ying/build/pointcloud_to_laserscan -- -j12 -l12
[0.316s] Invoking command in '/home/lx/ros2/ros/xiao_ying/build/pointcloud_to_laserscan': CMAKE_PREFIX_PATH=${CMAKE_PREFIX_PATH}:/opt/ros/humble /usr/bin/cmake --install /home/lx/ros2/ros/xiao_ying/build/pointcloud_to_laserscan
[0.323s] -- Install configuration: ""
[0.323s] -- Up-to-date: /home/lx/ros2/ros/xiao_ying/install/pointcloud_to_laserscan/lib/pointcloud_to_laserscan/laserscan_to_pointcloud_node
[0.323s] -- Up-to-date: /home/lx/ros2/ros/xiao_ying/install/pointcloud_to_laserscan/lib/pointcloud_to_laserscan/pointcloud_to_laserscan_node
[0.324s] -- Up-to-date: /home/lx/ros2/ros/xiao_ying/install/pointcloud_to_laserscan/share/pointcloud_to_laserscan/config
[0.324s] -- Up-to-date: /home/lx/ros2/ros/xiao_ying/install/pointcloud_to_laserscan/share/pointcloud_to_laserscan/config/mid_360.lua
[0.324s] -- Up-to-date: /home/lx/ros2/ros/xiao_ying/install/pointcloud_to_laserscan/share/pointcloud_to_laserscan/launch
[0.324s] -- Up-to-date: /home/lx/ros2/ros/xiao_ying/install/pointcloud_to_laserscan/share/pointcloud_to_laserscan/launch/sample_pointcloud_to_laserscan_launch.py
[0.324s] -- Up-to-date: /home/lx/ros2/ros/xiao_ying/install/pointcloud_to_laserscan/share/pointcloud_to_laserscan/launch/occupancy_grid.launch.py
[0.324s] -- Up-to-date: /home/lx/ros2/ros/xiao_ying/install/pointcloud_to_laserscan/share/pointcloud_to_laserscan/launch/sample_laserscan_to_pointcloud_launch.py
[0.324s] -- Up-to-date: /home/lx/ros2/ros/xiao_ying/install/pointcloud_to_laserscan/include
[0.324s] -- Up-to-date: /home/lx/ros2/ros/xiao_ying/install/pointcloud_to_laserscan/include/pointcloud_to_laserscan
[0.324s] -- Up-to-date: /home/lx/ros2/ros/xiao_ying/install/pointcloud_to_laserscan/include/pointcloud_to_laserscan/visibility_control.h
[0.324s] -- Up-to-date: /home/lx/ros2/ros/xiao_ying/install/pointcloud_to_laserscan/include/pointcloud_to_laserscan/pointcloud_to_laserscan_node.hpp
[0.324s] -- Up-to-date: /home/lx/ros2/ros/xiao_ying/install/pointcloud_to_laserscan/include/pointcloud_to_laserscan/laserscan_to_pointcloud_node.hpp
[0.324s] -- Up-to-date: /home/lx/ros2/ros/xiao_ying/install/pointcloud_to_laserscan/share/pointcloud_to_laserscan/environment/library_path.sh
[0.324s] -- Up-to-date: /home/lx/ros2/ros/xiao_ying/install/pointcloud_to_laserscan/share/pointcloud_to_laserscan/environment/library_path.dsv
[0.325s] -- Up-to-date: /home/lx/ros2/ros/xiao_ying/install/pointcloud_to_laserscan/lib/liblaserscan_to_pointcloud.so
[0.325s] -- Up-to-date: /home/lx/ros2/ros/xiao_ying/install/pointcloud_to_laserscan/lib/libpointcloud_to_laserscan.so
[0.325s] -- Up-to-date: /home/lx/ros2/ros/xiao_ying/install/pointcloud_to_laserscan/lib/pointcloud_to_laserscan/dummy_pointcloud_publisher
[0.325s] -- Up-to-date: /home/lx/ros2/ros/xiao_ying/install/pointcloud_to_laserscan/share/pointcloud_to_laserscan/launch
[0.325s] -- Up-to-date: /home/lx/ros2/ros/xiao_ying/install/pointcloud_to_laserscan/share/pointcloud_to_laserscan/launch/sample_pointcloud_to_laserscan_launch.py
[0.325s] -- Up-to-date: /home/lx/ros2/ros/xiao_ying/install/pointcloud_to_laserscan/share/pointcloud_to_laserscan/launch/occupancy_grid.launch.py
[0.325s] -- Up-to-date: /home/lx/ros2/ros/xiao_ying/install/pointcloud_to_laserscan/share/pointcloud_to_laserscan/launch/sample_laserscan_to_pointcloud_launch.py
[0.325s] -- Up-to-date: /home/lx/ros2/ros/xiao_ying/install/pointcloud_to_laserscan/share/ament_index/resource_index/package_run_dependencies/pointcloud_to_laserscan
[0.325s] -- Up-to-date: /home/lx/ros2/ros/xiao_ying/install/pointcloud_to_laserscan/share/ament_index/resource_index/parent_prefix_path/pointcloud_to_laserscan
[0.325s] -- Up-to-date: /home/lx/ros2/ros/xiao_ying/install/pointcloud_to_laserscan/share/pointcloud_to_laserscan/environment/ament_prefix_path.sh
[0.326s] -- Up-to-date: /home/lx/ros2/ros/xiao_ying/install/pointcloud_to_laserscan/share/pointcloud_to_laserscan/environment/ament_prefix_path.dsv
[0.326s] -- Up-to-date: /home/lx/ros2/ros/xiao_ying/install/pointcloud_to_laserscan/share/pointcloud_to_laserscan/environment/path.sh
[0.326s] -- Up-to-date: /home/lx/ros2/ros/xiao_ying/install/pointcloud_to_laserscan/share/pointcloud_to_laserscan/environment/path.dsv
[0.326s] -- Up-to-date: /home/lx/ros2/ros/xiao_ying/install/pointcloud_to_laserscan/share/pointcloud_to_laserscan/local_setup.bash
[0.326s] -- Up-to-date: /home/lx/ros2/ros/xiao_ying/install/pointcloud_to_laserscan/share/pointcloud_to_laserscan/local_setup.sh
[0.326s] -- Up-to-date: /home/lx/ros2/ros/xiao_ying/install/pointcloud_to_laserscan/share/pointcloud_to_laserscan/local_setup.zsh
[0.326s] -- Up-to-date: /home/lx/ros2/ros/xiao_ying/install/pointcloud_to_laserscan/share/pointcloud_to_laserscan/local_setup.dsv
[0.326s] -- Installing: /home/lx/ros2/ros/xiao_ying/install/pointcloud_to_laserscan/share/pointcloud_to_laserscan/package.dsv
[0.327s] -- Up-to-date: /home/lx/ros2/ros/xiao_ying/install/pointcloud_to_laserscan/share/ament_index/resource_index/packages/pointcloud_to_laserscan
[0.327s] -- Up-to-date: /home/lx/ros2/ros/xiao_ying/install/pointcloud_to_laserscan/share/ament_index/resource_index/rclcpp_components/pointcloud_to_laserscan
[0.327s] -- Up-to-date: /home/lx/ros2/ros/xiao_ying/install/pointcloud_to_laserscan/share/pointcloud_to_laserscan/cmake/ament_cmake_export_dependencies-extras.cmake
[0.327s] -- Up-to-date: /home/lx/ros2/ros/xiao_ying/install/pointcloud_to_laserscan/share/pointcloud_to_laserscan/cmake/ament_cmake_export_include_directories-extras.cmake
[0.327s] -- Up-to-date: /home/lx/ros2/ros/xiao_ying/install/pointcloud_to_laserscan/share/pointcloud_to_laserscan/cmake/ament_cmake_export_libraries-extras.cmake
[0.327s] -- Up-to-date: /home/lx/ros2/ros/xiao_ying/install/pointcloud_to_laserscan/share/pointcloud_to_laserscan/cmake/pointcloud_to_laserscanConfig.cmake
[0.327s] -- Up-to-date: /home/lx/ros2/ros/xiao_ying/install/pointcloud_to_laserscan/share/pointcloud_to_laserscan/cmake/pointcloud_to_laserscanConfig-version.cmake
[0.327s] -- Up-to-date: /home/lx/ros2/ros/xiao_ying/install/pointcloud_to_laserscan/share/pointcloud_to_laserscan/package.xml
[0.329s] Invoked command in '/home/lx/ros2/ros/xiao_ying/build/pointcloud_to_laserscan' returned '0': CMAKE_PREFIX_PATH=${CMAKE_PREFIX_PATH}:/opt/ros/humble /usr/bin/cmake --install /home/lx/ros2/ros/xiao_ying/build/pointcloud_to_laserscan
