[0.054s] Invoking command in '/home/lx/文档/GitHub/ros/xiao_ying/build/imu_to_odom': CMAKE_PREFIX_PATH=${CMAKE_PREFIX_PATH}:/opt/ros/humble /usr/bin/cmake --build /home/lx/文档/GitHub/ros/xiao_ying/build/imu_to_odom -- -j12 -l12
[0.090s] [100%] Built target imu_to_odom
[0.097s] Invoked command in '/home/lx/文档/GitHub/ros/xiao_ying/build/imu_to_odom' returned '0': CMAKE_PREFIX_PATH=${CMAKE_PREFIX_PATH}:/opt/ros/humble /usr/bin/cmake --build /home/lx/文档/GitHub/ros/xiao_ying/build/imu_to_odom -- -j12 -l12
[0.118s] Invoking command in '/home/lx/文档/GitHub/ros/xiao_ying/build/imu_to_odom': CMAKE_PREFIX_PATH=${CMAKE_PREFIX_PATH}:/opt/ros/humble /usr/bin/cmake --install /home/lx/文档/GitHub/ros/xiao_ying/build/imu_to_odom
[0.123s] -- Install configuration: ""
[0.124s] -- Up-to-date: /home/lx/文档/GitHub/ros/xiao_ying/install/imu_to_odom/include/
[0.124s] -- Up-to-date: /home/lx/文档/GitHub/ros/xiao_ying/install/imu_to_odom/include//imu_to_odom
[0.124s] -- Up-to-date: /home/lx/文档/GitHub/ros/xiao_ying/install/imu_to_odom/include//imu_to_odom/imu_to_odom.hpp
[0.124s] -- Up-to-date: /home/lx/文档/GitHub/ros/xiao_ying/install/imu_to_odom/lib/imu_to_odom/imu_to_odom
[0.124s] -- Up-to-date: /home/lx/文档/GitHub/ros/xiao_ying/install/imu_to_odom/share/ament_index/resource_index/package_run_dependencies/imu_to_odom
[0.124s] -- Up-to-date: /home/lx/文档/GitHub/ros/xiao_ying/install/imu_to_odom/share/ament_index/resource_index/parent_prefix_path/imu_to_odom
[0.124s] -- Up-to-date: /home/lx/文档/GitHub/ros/xiao_ying/install/imu_to_odom/share/imu_to_odom/environment/ament_prefix_path.sh
[0.124s] -- Up-to-date: /home/lx/文档/GitHub/ros/xiao_ying/install/imu_to_odom/share/imu_to_odom/environment/ament_prefix_path.dsv
[0.124s] -- Up-to-date: /home/lx/文档/GitHub/ros/xiao_ying/install/imu_to_odom/share/imu_to_odom/environment/path.sh
[0.124s] -- Up-to-date: /home/lx/文档/GitHub/ros/xiao_ying/install/imu_to_odom/share/imu_to_odom/environment/path.dsv
[0.124s] -- Up-to-date: /home/lx/文档/GitHub/ros/xiao_ying/install/imu_to_odom/share/imu_to_odom/local_setup.bash
[0.124s] -- Up-to-date: /home/lx/文档/GitHub/ros/xiao_ying/install/imu_to_odom/share/imu_to_odom/local_setup.sh
[0.124s] -- Up-to-date: /home/lx/文档/GitHub/ros/xiao_ying/install/imu_to_odom/share/imu_to_odom/local_setup.zsh
[0.124s] -- Up-to-date: /home/lx/文档/GitHub/ros/xiao_ying/install/imu_to_odom/share/imu_to_odom/local_setup.dsv
[0.125s] -- Installing: /home/lx/文档/GitHub/ros/xiao_ying/install/imu_to_odom/share/imu_to_odom/package.dsv
[0.125s] -- Up-to-date: /home/lx/文档/GitHub/ros/xiao_ying/install/imu_to_odom/share/ament_index/resource_index/packages/imu_to_odom
[0.125s] -- Up-to-date: /home/lx/文档/GitHub/ros/xiao_ying/install/imu_to_odom/share/imu_to_odom/cmake/imu_to_odomConfig.cmake
[0.125s] -- Up-to-date: /home/lx/文档/GitHub/ros/xiao_ying/install/imu_to_odom/share/imu_to_odom/cmake/imu_to_odomConfig-version.cmake
[0.125s] -- Up-to-date: /home/lx/文档/GitHub/ros/xiao_ying/install/imu_to_odom/share/imu_to_odom/package.xml
[0.126s] Invoked command in '/home/lx/文档/GitHub/ros/xiao_ying/build/imu_to_odom' returned '0': CMAKE_PREFIX_PATH=${CMAKE_PREFIX_PATH}:/opt/ros/humble /usr/bin/cmake --install /home/lx/文档/GitHub/ros/xiao_ying/build/imu_to_odom
