[0.768s] DEBUG:colcon:Command line arguments: ['/usr/bin/colcon', 'list', '-p', '--base-paths', '/home/lx/文档/GitHub/ros/xiao_ying']
[0.768s] DEBUG:colcon:Parsed command line arguments: Namespace(log_base=None, log_level=None, verb_name='list', build_base='build', ignore_user_meta=False, metas=['./colcon.meta'], base_paths=['/home/lx/文档/GitHub/ros/xiao_ying'], packages_ignore=None, packages_ignore_regex=None, paths=None, packages_up_to=None, packages_up_to_regex=None, packages_above=None, packages_above_and_dependencies=None, packages_above_depth=None, packages_select_by_dep=None, packages_skip_by_dep=None, packages_skip_up_to=None, packages_select_build_failed=False, packages_skip_build_finished=False, packages_select_test_failures=False, packages_skip_test_passed=False, packages_select=None, packages_skip=None, packages_select_regex=None, packages_skip_regex=None, packages_start=None, packages_end=None, allow_overriding=[], topological_order=False, names_only=False, paths_only=True, topological_graph=False, topological_graph_dot=False, topological_graph_density=False, topological_graph_legend=False, topological_graph_dot_cluster=False, topological_graph_dot_include_skipped=False, verb_parser=<colcon_defaults.argument_parser.defaults.DefaultArgumentsDecorator object at 0x7f4ef92eb430>, verb_extension=<colcon_package_information.verb.list.ListVerb object at 0x7f4ef9256230>, main=<bound method ListVerb.main of <colcon_package_information.verb.list.ListVerb object at 0x7f4ef9256230>>)
[0.807s] Level 1:colcon.colcon_core.package_discovery:discover_packages(colcon_meta) check parameters
[0.807s] Level 1:colcon.colcon_core.package_discovery:discover_packages(recursive) check parameters
[0.807s] Level 1:colcon.colcon_core.package_discovery:discover_packages(ignore) check parameters
[0.807s] Level 1:colcon.colcon_core.package_discovery:discover_packages(path) check parameters
[0.807s] Level 1:colcon.colcon_core.package_discovery:discover_packages(recursive) discover
[0.807s] INFO:colcon.colcon_core.package_discovery:Crawling recursively for packages in '/home/lx/文档/GitHub/ros/xiao_ying'
[0.807s] Level 1:colcon.colcon_core.package_identification:_identify(/home/lx/文档/GitHub/ros/xiao_ying) by extensions ['ignore', 'ignore_ament_install']
[0.807s] Level 1:colcon.colcon_core.package_identification:_identify(/home/lx/文档/GitHub/ros/xiao_ying) by extension 'ignore'
[0.808s] Level 1:colcon.colcon_core.package_identification:_identify(/home/lx/文档/GitHub/ros/xiao_ying) by extension 'ignore_ament_install'
[0.808s] Level 1:colcon.colcon_core.package_identification:_identify(/home/lx/文档/GitHub/ros/xiao_ying) by extensions ['colcon_pkg']
[0.808s] Level 1:colcon.colcon_core.package_identification:_identify(/home/lx/文档/GitHub/ros/xiao_ying) by extension 'colcon_pkg'
[0.808s] Level 1:colcon.colcon_core.package_identification:_identify(/home/lx/文档/GitHub/ros/xiao_ying) by extensions ['colcon_meta']
[0.808s] Level 1:colcon.colcon_core.package_identification:_identify(/home/lx/文档/GitHub/ros/xiao_ying) by extension 'colcon_meta'
[0.808s] Level 1:colcon.colcon_core.package_identification:_identify(/home/lx/文档/GitHub/ros/xiao_ying) by extensions ['ros']
[0.808s] Level 1:colcon.colcon_core.package_identification:_identify(/home/lx/文档/GitHub/ros/xiao_ying) by extension 'ros'
[0.817s] Level 1:colcon.colcon_core.package_identification:_identify(/home/lx/文档/GitHub/ros/xiao_ying) by extensions ['cmake', 'python']
[0.817s] Level 1:colcon.colcon_core.package_identification:_identify(/home/lx/文档/GitHub/ros/xiao_ying) by extension 'cmake'
[0.817s] Level 1:colcon.colcon_core.package_identification:_identify(/home/lx/文档/GitHub/ros/xiao_ying) by extension 'python'
[0.817s] Level 1:colcon.colcon_core.package_identification:_identify(/home/lx/文档/GitHub/ros/xiao_ying) by extensions ['python_setup_py']
[0.817s] Level 1:colcon.colcon_core.package_identification:_identify(/home/lx/文档/GitHub/ros/xiao_ying) by extension 'python_setup_py'
[0.817s] Level 1:colcon.colcon_core.package_identification:_identify(/home/lx/文档/GitHub/ros/xiao_ying/build) by extensions ['ignore', 'ignore_ament_install']
[0.817s] Level 1:colcon.colcon_core.package_identification:_identify(/home/lx/文档/GitHub/ros/xiao_ying/build) by extension 'ignore'
[0.817s] Level 1:colcon.colcon_core.package_identification:_identify(/home/lx/文档/GitHub/ros/xiao_ying/build) ignored
[0.817s] Level 1:colcon.colcon_core.package_identification:_identify(/home/lx/文档/GitHub/ros/xiao_ying/install) by extensions ['ignore', 'ignore_ament_install']
[0.818s] Level 1:colcon.colcon_core.package_identification:_identify(/home/lx/文档/GitHub/ros/xiao_ying/install) by extension 'ignore'
[0.818s] Level 1:colcon.colcon_core.package_identification:_identify(/home/lx/文档/GitHub/ros/xiao_ying/install) ignored
[0.818s] Level 1:colcon.colcon_core.package_identification:_identify(/home/lx/文档/GitHub/ros/xiao_ying/log) by extensions ['ignore', 'ignore_ament_install']
[0.818s] Level 1:colcon.colcon_core.package_identification:_identify(/home/lx/文档/GitHub/ros/xiao_ying/log) by extension 'ignore'
[0.818s] Level 1:colcon.colcon_core.package_identification:_identify(/home/lx/文档/GitHub/ros/xiao_ying/log) ignored
[0.818s] Level 1:colcon.colcon_core.package_identification:_identify(/home/lx/文档/GitHub/ros/xiao_ying/src) by extensions ['ignore', 'ignore_ament_install']
[0.818s] Level 1:colcon.colcon_core.package_identification:_identify(/home/lx/文档/GitHub/ros/xiao_ying/src) by extension 'ignore'
[0.818s] Level 1:colcon.colcon_core.package_identification:_identify(/home/lx/文档/GitHub/ros/xiao_ying/src) by extension 'ignore_ament_install'
[0.818s] Level 1:colcon.colcon_core.package_identification:_identify(/home/lx/文档/GitHub/ros/xiao_ying/src) by extensions ['colcon_pkg']
[0.818s] Level 1:colcon.colcon_core.package_identification:_identify(/home/lx/文档/GitHub/ros/xiao_ying/src) by extension 'colcon_pkg'
[0.818s] Level 1:colcon.colcon_core.package_identification:_identify(/home/lx/文档/GitHub/ros/xiao_ying/src) by extensions ['colcon_meta']
[0.818s] Level 1:colcon.colcon_core.package_identification:_identify(/home/lx/文档/GitHub/ros/xiao_ying/src) by extension 'colcon_meta'
[0.818s] Level 1:colcon.colcon_core.package_identification:_identify(/home/lx/文档/GitHub/ros/xiao_ying/src) by extensions ['ros']
[0.818s] Level 1:colcon.colcon_core.package_identification:_identify(/home/lx/文档/GitHub/ros/xiao_ying/src) by extension 'ros'
[0.818s] Level 1:colcon.colcon_core.package_identification:_identify(/home/lx/文档/GitHub/ros/xiao_ying/src) by extensions ['cmake', 'python']
[0.818s] Level 1:colcon.colcon_core.package_identification:_identify(/home/lx/文档/GitHub/ros/xiao_ying/src) by extension 'cmake'
[0.818s] Level 1:colcon.colcon_core.package_identification:_identify(/home/lx/文档/GitHub/ros/xiao_ying/src) by extension 'python'
[0.818s] Level 1:colcon.colcon_core.package_identification:_identify(/home/lx/文档/GitHub/ros/xiao_ying/src) by extensions ['python_setup_py']
[0.818s] Level 1:colcon.colcon_core.package_identification:_identify(/home/lx/文档/GitHub/ros/xiao_ying/src) by extension 'python_setup_py'
[0.819s] Level 1:colcon.colcon_core.package_identification:_identify(/home/lx/文档/GitHub/ros/xiao_ying/src/imu_to_odom) by extensions ['ignore', 'ignore_ament_install']
[0.819s] Level 1:colcon.colcon_core.package_identification:_identify(/home/lx/文档/GitHub/ros/xiao_ying/src/imu_to_odom) by extension 'ignore'
[0.819s] Level 1:colcon.colcon_core.package_identification:_identify(/home/lx/文档/GitHub/ros/xiao_ying/src/imu_to_odom) by extension 'ignore_ament_install'
[0.819s] Level 1:colcon.colcon_core.package_identification:_identify(/home/lx/文档/GitHub/ros/xiao_ying/src/imu_to_odom) by extensions ['colcon_pkg']
[0.819s] Level 1:colcon.colcon_core.package_identification:_identify(/home/lx/文档/GitHub/ros/xiao_ying/src/imu_to_odom) by extension 'colcon_pkg'
[0.819s] Level 1:colcon.colcon_core.package_identification:_identify(/home/lx/文档/GitHub/ros/xiao_ying/src/imu_to_odom) by extensions ['colcon_meta']
[0.819s] Level 1:colcon.colcon_core.package_identification:_identify(/home/lx/文档/GitHub/ros/xiao_ying/src/imu_to_odom) by extension 'colcon_meta'
[0.819s] Level 1:colcon.colcon_core.package_identification:_identify(/home/lx/文档/GitHub/ros/xiao_ying/src/imu_to_odom) by extensions ['ros']
[0.819s] Level 1:colcon.colcon_core.package_identification:_identify(/home/lx/文档/GitHub/ros/xiao_ying/src/imu_to_odom) by extension 'ros'
[0.821s] DEBUG:colcon.colcon_core.package_identification:Package '/home/lx/文档/GitHub/ros/xiao_ying/src/imu_to_odom' with type 'ros.ament_cmake' and name 'imu_to_odom'
[0.821s] Level 1:colcon.colcon_core.package_discovery:discover_packages(recursive) using defaults
