[0.009s] Invoking command in '/home/lx/ros2/gezebo_ws/build/my_car': CMAKE_PREFIX_PATH=${CMAKE_PREFIX_PATH}:/opt/ros/humble /usr/bin/cmake /home/lx/ros2/gezebo_ws/src/my_car -DCMAKE_INSTALL_PREFIX=/home/lx/ros2/gezebo_ws/install/my_car
[0.044s] -- The C compiler identification is GNU 11.4.0
[0.082s] -- The CXX compiler identification is GNU 11.4.0
[0.087s] -- Detecting C compiler ABI info
[0.132s] -- Detecting C compiler ABI info - done
[0.138s] -- Check for working C compiler: /usr/bin/cc - skipped
[0.138s] -- Detecting C compile features
[0.138s] -- Detecting C compile features - done
[0.140s] -- Detecting CXX compiler ABI info
[0.193s] -- Detecting CXX compiler ABI info - done
[0.199s] -- Check for working CXX compiler: /usr/bin/c++ - skipped
[0.199s] -- Detecting CXX compile features
[0.200s] -- Detecting CXX compile features - done
[0.201s] -- Found ament_cmake: 1.3.5 (/opt/ros/humble/share/ament_cmake/cmake)
[0.320s] -- Found Python3: /usr/bin/python3.10 (found version "3.10.12") found components: Interpreter 
[0.381s] -- Found rclcpp: 16.0.4 (/opt/ros/humble/share/rclcpp/cmake)
[0.413s] -- Found rosidl_generator_c: 3.1.4 (/opt/ros/humble/share/rosidl_generator_c/cmake)
[0.416s] -- Found rosidl_adapter: 3.1.4 (/opt/ros/humble/share/rosidl_adapter/cmake)
[0.423s] -- Found rosidl_generator_cpp: 3.1.4 (/opt/ros/humble/share/rosidl_generator_cpp/cmake)
[0.433s] -- Using all available rosidl_typesupport_c: rosidl_typesupport_fastrtps_c;rosidl_typesupport_introspection_c
[0.448s] -- Using all available rosidl_typesupport_cpp: rosidl_typesupport_fastrtps_cpp;rosidl_typesupport_introspection_cpp
[0.504s] -- Found rmw_implementation_cmake: 6.1.1 (/opt/ros/humble/share/rmw_implementation_cmake/cmake)
[0.505s] -- Found rmw_fastrtps_cpp: 6.2.2 (/opt/ros/humble/share/rmw_fastrtps_cpp/cmake)
[0.572s] -- Found OpenSSL: /usr/lib/x86_64-linux-gnu/libcrypto.so (found version "3.0.2")  
[0.591s] -- Found FastRTPS: /opt/ros/humble/include  
[0.624s] -- Using RMW implementation 'rmw_fastrtps_cpp' as default
[0.631s] -- Looking for pthread.h
[0.678s] -- Looking for pthread.h - found
[0.679s] -- Performing Test CMAKE_HAVE_LIBC_PTHREAD
[0.727s] -- Performing Test CMAKE_HAVE_LIBC_PTHREAD - Success
[0.728s] -- Found Threads: TRUE  
[0.871s] -- Found ament_lint_auto: 0.12.6 (/opt/ros/humble/share/ament_lint_auto/cmake)
[0.929s] -- Added test 'lint_cmake' to check CMake code style
[0.930s] -- Added test 'xmllint' to check XML markup files
[0.931s] -- Configuring done
[0.934s] -- Generating done
[0.934s] -- Build files have been written to: /home/lx/ros2/gezebo_ws/build/my_car
[0.942s] Invoked command in '/home/lx/ros2/gezebo_ws/build/my_car' returned '0': CMAKE_PREFIX_PATH=${CMAKE_PREFIX_PATH}:/opt/ros/humble /usr/bin/cmake /home/lx/ros2/gezebo_ws/src/my_car -DCMAKE_INSTALL_PREFIX=/home/lx/ros2/gezebo_ws/install/my_car
[0.942s] Invoking command in '/home/lx/ros2/gezebo_ws/build/my_car': CMAKE_PREFIX_PATH=${CMAKE_PREFIX_PATH}:/opt/ros/humble /usr/bin/cmake --build /home/lx/ros2/gezebo_ws/build/my_car -- -j12 -l12
[0.968s] Invoked command in '/home/lx/ros2/gezebo_ws/build/my_car' returned '0': CMAKE_PREFIX_PATH=${CMAKE_PREFIX_PATH}:/opt/ros/humble /usr/bin/cmake --build /home/lx/ros2/gezebo_ws/build/my_car -- -j12 -l12
[0.986s] Invoking command in '/home/lx/ros2/gezebo_ws/build/my_car': CMAKE_PREFIX_PATH=${CMAKE_PREFIX_PATH}:/opt/ros/humble /usr/bin/cmake --install /home/lx/ros2/gezebo_ws/build/my_car
[0.992s] -- Install configuration: ""
[0.992s] -- Installing: /home/lx/ros2/gezebo_ws/install/my_car/share/ament_index/resource_index/package_run_dependencies/my_car
[0.992s] -- Installing: /home/lx/ros2/gezebo_ws/install/my_car/share/ament_index/resource_index/parent_prefix_path/my_car
[0.992s] -- Installing: /home/lx/ros2/gezebo_ws/install/my_car/share/my_car/environment/ament_prefix_path.sh
[0.992s] -- Installing: /home/lx/ros2/gezebo_ws/install/my_car/share/my_car/environment/ament_prefix_path.dsv
[0.992s] -- Installing: /home/lx/ros2/gezebo_ws/install/my_car/share/my_car/environment/path.sh
[0.992s] -- Installing: /home/lx/ros2/gezebo_ws/install/my_car/share/my_car/environment/path.dsv
[0.992s] -- Installing: /home/lx/ros2/gezebo_ws/install/my_car/share/my_car/local_setup.bash
[0.992s] -- Installing: /home/lx/ros2/gezebo_ws/install/my_car/share/my_car/local_setup.sh
[0.992s] -- Installing: /home/lx/ros2/gezebo_ws/install/my_car/share/my_car/local_setup.zsh
[0.993s] -- Installing: /home/lx/ros2/gezebo_ws/install/my_car/share/my_car/local_setup.dsv
[0.993s] -- Installing: /home/lx/ros2/gezebo_ws/install/my_car/share/my_car/package.dsv
[0.993s] -- Installing: /home/lx/ros2/gezebo_ws/install/my_car/share/ament_index/resource_index/packages/my_car
[0.993s] -- Installing: /home/lx/ros2/gezebo_ws/install/my_car/share/my_car/cmake/my_carConfig.cmake
[0.993s] -- Installing: /home/lx/ros2/gezebo_ws/install/my_car/share/my_car/cmake/my_carConfig-version.cmake
[0.993s] -- Installing: /home/lx/ros2/gezebo_ws/install/my_car/share/my_car/package.xml
[0.994s] Invoked command in '/home/lx/ros2/gezebo_ws/build/my_car' returned '0': CMAKE_PREFIX_PATH=${CMAKE_PREFIX_PATH}:/opt/ros/humble /usr/bin/cmake --install /home/lx/ros2/gezebo_ws/build/my_car
