[0.016s] Invoking command in '/home/lx/ros/service_ws/build/client': CMAKE_PREFIX_PATH=${CMAKE_PREFIX_PATH}:/opt/ros/humble /usr/bin/cmake --build /home/lx/ros/service_ws/build/client -- -j12 -l12
[0.052s] [100%] Built target client
[0.060s] Invoked command in '/home/lx/ros/service_ws/build/client' returned '0': CMAKE_PREFIX_PATH=${CMAKE_PREFIX_PATH}:/opt/ros/humble /usr/bin/cmake --build /home/lx/ros/service_ws/build/client -- -j12 -l12
[0.080s] Invoking command in '/home/lx/ros/service_ws/build/client': CMAKE_PREFIX_PATH=${CMAKE_PREFIX_PATH}:/opt/ros/humble /usr/bin/cmake --install /home/lx/ros/service_ws/build/client
[0.086s] -- Install configuration: "RelWithDebInfo"
[0.086s] -- Execute custom install script
[0.086s] -- Up-to-date symlink: /home/lx/ros/service_ws/install/client/share/ament_index/resource_index/package_run_dependencies/client
[0.086s] -- Up-to-date symlink: /home/lx/ros/service_ws/install/client/share/ament_index/resource_index/parent_prefix_path/client
[0.086s] -- Up-to-date symlink: /home/lx/ros/service_ws/install/client/share/client/environment/ament_prefix_path.sh
[0.086s] -- Up-to-date symlink: /home/lx/ros/service_ws/install/client/share/client/environment/ament_prefix_path.dsv
[0.086s] -- Up-to-date symlink: /home/lx/ros/service_ws/install/client/share/client/environment/path.sh
[0.087s] -- Up-to-date symlink: /home/lx/ros/service_ws/install/client/share/client/environment/path.dsv
[0.087s] -- Up-to-date symlink: /home/lx/ros/service_ws/install/client/share/client/local_setup.bash
[0.087s] -- Up-to-date symlink: /home/lx/ros/service_ws/install/client/share/client/local_setup.sh
[0.087s] -- Up-to-date symlink: /home/lx/ros/service_ws/install/client/share/client/local_setup.zsh
[0.087s] -- Up-to-date symlink: /home/lx/ros/service_ws/install/client/share/client/local_setup.dsv
[0.087s] -- Symlinking: /home/lx/ros/service_ws/install/client/share/client/package.dsv
[0.094s] -- Up-to-date symlink: /home/lx/ros/service_ws/install/client/share/ament_index/resource_index/packages/client
[0.094s] -- Up-to-date symlink: /home/lx/ros/service_ws/install/client/share/client/cmake/clientConfig.cmake
[0.094s] -- Up-to-date symlink: /home/lx/ros/service_ws/install/client/share/client/cmake/clientConfig-version.cmake
[0.094s] -- Up-to-date symlink: /home/lx/ros/service_ws/install/client/share/client/package.xml
[0.094s] -- Up-to-date symlink: /home/lx/ros/service_ws/install/client/lib/client/client
[0.095s] Invoked command in '/home/lx/ros/service_ws/build/client' returned '0': CMAKE_PREFIX_PATH=${CMAKE_PREFIX_PATH}:/opt/ros/humble /usr/bin/cmake --install /home/lx/ros/service_ws/build/client
