[0.736s] Invoking command in '/home/lx/ros2/ros/nav2_ws/build/nav2_controller': AMENT_PREFIX_PATH=/home/lx/ros2/ros/nav2_ws/install/nav2_core:/home/lx/ros2/ros/nav2_ws/install/nav2_costmap_2d:/home/lx/ros2/ros/nav2_ws/install/nav_2d_utils:/home/lx/ros2/ros/nav2_ws/install/nav2_util:/home/lx/ros2/ros/nav2_ws/install/nav2_voxel_grid:/home/lx/ros2/ros/nav2_ws/install/nav2_msgs:/home/lx/ros2/ros/nav2_ws/install/nav_2d_msgs:/home/lx/ros2/ros/nav2_ws/install/nav2_common:${AMENT_PREFIX_PATH} CMAKE_PREFIX_PATH=/home/lx/ros2/ros/nav2_ws/install/nav2_core:/home/lx/ros2/ros/nav2_ws/install/nav2_costmap_2d:/home/lx/ros2/ros/nav2_ws/install/nav_2d_utils:/home/lx/ros2/ros/nav2_ws/install/nav2_util:/home/lx/ros2/ros/nav2_ws/install/nav2_voxel_grid:/home/lx/ros2/ros/nav2_ws/install/nav2_msgs:/home/lx/ros2/ros/nav2_ws/install/nav_2d_msgs:/home/lx/ros2/ros/nav2_ws/install/nav2_common:/opt/ros/humble LD_LIBRARY_PATH=/home/lx/ros2/ros/nav2_ws/install/nav2_costmap_2d/lib:/home/lx/ros2/ros/nav2_ws/install/nav_2d_utils/lib:/home/lx/ros2/ros/nav2_ws/install/nav2_util/lib:/home/lx/ros2/ros/nav2_ws/install/nav2_voxel_grid/lib:/home/lx/ros2/ros/nav2_ws/install/nav2_msgs/lib:/home/lx/ros2/ros/nav2_ws/install/nav_2d_msgs/lib:${LD_LIBRARY_PATH} PYTHONPATH=/home/lx/ros2/ros/nav2_ws/install/nav2_msgs/local/lib/python3.10/dist-packages:/home/lx/ros2/ros/nav2_ws/install/nav_2d_msgs/local/lib/python3.10/dist-packages:/home/lx/ros2/ros/nav2_ws/install/nav2_common/local/lib/python3.10/dist-packages:${PYTHONPATH} /usr/bin/cmake /home/lx/ros2/ros/nav2_ws/src/navigation2/nav2_controller -DCMAKE_INSTALL_PREFIX=/home/lx/ros2/ros/nav2_ws/install/nav2_controller
[0.849s] -- The C compiler identification is GNU 11.4.0
[0.956s] -- The CXX compiler identification is GNU 11.4.0
[0.966s] -- Detecting C compiler ABI info
[1.119s] -- Detecting C compiler ABI info - done
[1.133s] -- Check for working C compiler: /usr/bin/cc - skipped
[1.133s] -- Detecting C compile features
[1.134s] -- Detecting C compile features - done
[1.144s] -- Detecting CXX compiler ABI info
[1.432s] -- Detecting CXX compiler ABI info - done
[1.449s] -- Check for working CXX compiler: /usr/bin/c++ - skipped
[1.450s] -- Detecting CXX compile features
[1.450s] -- Detecting CXX compile features - done
[1.457s] -- Found ament_cmake: 1.3.5 (/opt/ros/humble/share/ament_cmake/cmake)
[2.005s] -- Found Python3: /usr/bin/python3.10 (found version "3.10.12") found components: Interpreter 
[2.266s] -- Found nav2_core: 1.1.12 (/home/lx/ros2/ros/nav2_ws/install/nav2_core/share/nav2_core/cmake)
[2.354s] -- Found rosidl_generator_c: 3.1.5 (/opt/ros/humble/share/rosidl_generator_c/cmake)
[2.364s] -- Found rosidl_adapter: 3.1.5 (/opt/ros/humble/share/rosidl_adapter/cmake)
[2.379s] -- Found rosidl_generator_cpp: 3.1.5 (/opt/ros/humble/share/rosidl_generator_cpp/cmake)
[2.418s] -- Using all available rosidl_typesupport_c: rosidl_typesupport_fastrtps_c;rosidl_typesupport_introspection_c
[2.456s] -- Using all available rosidl_typesupport_cpp: rosidl_typesupport_fastrtps_cpp;rosidl_typesupport_introspection_cpp
[2.607s] -- Found rmw_implementation_cmake: 6.1.1 (/opt/ros/humble/share/rmw_implementation_cmake/cmake)
[2.613s] -- Found rmw_fastrtps_cpp: 6.2.4 (/opt/ros/humble/share/rmw_fastrtps_cpp/cmake)
[2.821s] -- Found OpenSSL: /usr/lib/x86_64-linux-gnu/libcrypto.so (found version "3.0.2")  
[2.883s] -- Found FastRTPS: /opt/ros/humble/include  
[2.981s] -- Using RMW implementation 'rmw_fastrtps_cpp' as default
[3.001s] -- Looking for pthread.h
[3.132s] -- Looking for pthread.h - found
[3.132s] -- Performing Test CMAKE_HAVE_LIBC_PTHREAD
[3.241s] -- Performing Test CMAKE_HAVE_LIBC_PTHREAD - Success
[3.243s] -- Found Threads: TRUE  
[5.544s] -- Found Eigen3: TRUE (found version "3.4.0") 
[5.544s] -- Ensuring Eigen3 include directory is part of orocos-kdl CMake target
[8.788s] -- Found nav2_common: 1.1.12 (/home/lx/ros2/ros/nav2_ws/install/nav2_common/share/nav2_common/cmake)
[8.790s] -- Found nav_2d_utils: 1.1.12 (/home/lx/ros2/ros/nav2_ws/install/nav_2d_utils/share/nav_2d_utils/cmake)
[10.055s] -- Setting build type to Release as none was specified.
[45.805s] -- Found ament_lint_auto: 0.12.8 (/opt/ros/humble/share/ament_lint_auto/cmake)
[46.105s] -- Found gtest sources under '/opt/ros/humble/src/gtest_vendor': C++ tests using 'Google Test' will be built
[53.042s] -- Found gtest sources under '/opt/ros/humble/src/gtest_vendor': C++ tests using 'Google Test' will be built
[60.157s] -- Added test 'cppcheck' to perform static code analysis on C / C++ code
[60.161s] -- Configured cppcheck include dirs: /home/lx/ros2/ros/nav2_ws/src/navigation2/nav2_controller/include
[60.161s] -- Configured cppcheck exclude dirs and/or files: 
[60.164s] -- Added test 'cpplint' to check C / C++ code against the Google style
[60.164s] -- Configured cpplint exclude dirs and/or files: 
[60.166s] -- Added test 'lint_cmake' to check CMake code style
[60.169s] -- Added test 'uncrustify' to check C / C++ code style
[60.169s] -- Configured uncrustify additional arguments: 
[60.170s] -- Added test 'xmllint' to check XML markup files
[60.175s] -- Configuring done
[60.772s] -- Generating done
[60.777s] -- Build files have been written to: /home/lx/ros2/ros/nav2_ws/build/nav2_controller
[60.813s] Invoked command in '/home/lx/ros2/ros/nav2_ws/build/nav2_controller' returned '0': AMENT_PREFIX_PATH=/home/lx/ros2/ros/nav2_ws/install/nav2_core:/home/lx/ros2/ros/nav2_ws/install/nav2_costmap_2d:/home/lx/ros2/ros/nav2_ws/install/nav_2d_utils:/home/lx/ros2/ros/nav2_ws/install/nav2_util:/home/lx/ros2/ros/nav2_ws/install/nav2_voxel_grid:/home/lx/ros2/ros/nav2_ws/install/nav2_msgs:/home/lx/ros2/ros/nav2_ws/install/nav_2d_msgs:/home/lx/ros2/ros/nav2_ws/install/nav2_common:${AMENT_PREFIX_PATH} CMAKE_PREFIX_PATH=/home/lx/ros2/ros/nav2_ws/install/nav2_core:/home/lx/ros2/ros/nav2_ws/install/nav2_costmap_2d:/home/lx/ros2/ros/nav2_ws/install/nav_2d_utils:/home/lx/ros2/ros/nav2_ws/install/nav2_util:/home/lx/ros2/ros/nav2_ws/install/nav2_voxel_grid:/home/lx/ros2/ros/nav2_ws/install/nav2_msgs:/home/lx/ros2/ros/nav2_ws/install/nav_2d_msgs:/home/lx/ros2/ros/nav2_ws/install/nav2_common:/opt/ros/humble LD_LIBRARY_PATH=/home/lx/ros2/ros/nav2_ws/install/nav2_costmap_2d/lib:/home/lx/ros2/ros/nav2_ws/install/nav_2d_utils/lib:/home/lx/ros2/ros/nav2_ws/install/nav2_util/lib:/home/lx/ros2/ros/nav2_ws/install/nav2_voxel_grid/lib:/home/lx/ros2/ros/nav2_ws/install/nav2_msgs/lib:/home/lx/ros2/ros/nav2_ws/install/nav_2d_msgs/lib:${LD_LIBRARY_PATH} PYTHONPATH=/home/lx/ros2/ros/nav2_ws/install/nav2_msgs/local/lib/python3.10/dist-packages:/home/lx/ros2/ros/nav2_ws/install/nav_2d_msgs/local/lib/python3.10/dist-packages:/home/lx/ros2/ros/nav2_ws/install/nav2_common/local/lib/python3.10/dist-packages:${PYTHONPATH} /usr/bin/cmake /home/lx/ros2/ros/nav2_ws/src/navigation2/nav2_controller -DCMAKE_INSTALL_PREFIX=/home/lx/ros2/ros/nav2_ws/install/nav2_controller
[60.814s] Invoking command in '/home/lx/ros2/ros/nav2_ws/build/nav2_controller': AMENT_PREFIX_PATH=/home/lx/ros2/ros/nav2_ws/install/nav2_core:/home/lx/ros2/ros/nav2_ws/install/nav2_costmap_2d:/home/lx/ros2/ros/nav2_ws/install/nav_2d_utils:/home/lx/ros2/ros/nav2_ws/install/nav2_util:/home/lx/ros2/ros/nav2_ws/install/nav2_voxel_grid:/home/lx/ros2/ros/nav2_ws/install/nav2_msgs:/home/lx/ros2/ros/nav2_ws/install/nav_2d_msgs:/home/lx/ros2/ros/nav2_ws/install/nav2_common:${AMENT_PREFIX_PATH} CMAKE_PREFIX_PATH=/home/lx/ros2/ros/nav2_ws/install/nav2_core:/home/lx/ros2/ros/nav2_ws/install/nav2_costmap_2d:/home/lx/ros2/ros/nav2_ws/install/nav_2d_utils:/home/lx/ros2/ros/nav2_ws/install/nav2_util:/home/lx/ros2/ros/nav2_ws/install/nav2_voxel_grid:/home/lx/ros2/ros/nav2_ws/install/nav2_msgs:/home/lx/ros2/ros/nav2_ws/install/nav_2d_msgs:/home/lx/ros2/ros/nav2_ws/install/nav2_common:/opt/ros/humble LD_LIBRARY_PATH=/home/lx/ros2/ros/nav2_ws/install/nav2_costmap_2d/lib:/home/lx/ros2/ros/nav2_ws/install/nav_2d_utils/lib:/home/lx/ros2/ros/nav2_ws/install/nav2_util/lib:/home/lx/ros2/ros/nav2_ws/install/nav2_voxel_grid/lib:/home/lx/ros2/ros/nav2_ws/install/nav2_msgs/lib:/home/lx/ros2/ros/nav2_ws/install/nav_2d_msgs/lib:${LD_LIBRARY_PATH} PYTHONPATH=/home/lx/ros2/ros/nav2_ws/install/nav2_msgs/local/lib/python3.10/dist-packages:/home/lx/ros2/ros/nav2_ws/install/nav_2d_msgs/local/lib/python3.10/dist-packages:/home/lx/ros2/ros/nav2_ws/install/nav2_common/local/lib/python3.10/dist-packages:${PYTHONPATH} /usr/bin/cmake --build /home/lx/ros2/ros/nav2_ws/build/nav2_controller -- -j12 -l12
[88.468s] [  4%] [32mBuilding CXX object CMakeFiles/controller_server_core.dir/src/controller_server.cpp.o[0m
[102.214s] [  9%] [32m[1mLinking CXX shared library libcontroller_server_core.so[0m
[102.762s] [  9%] Built target controller_server_core
[102.790s] [ 13%] [32mBuilding CXX object gtest/CMakeFiles/gtest_main.dir/src/gtest_main.cc.o[0m
[104.027s] [ 18%] [32m[1mLinking CXX static library libgtest_main.a[0m
[104.084s] [ 18%] Built target gtest_main
[104.120s] [ 22%] [32mBuilding CXX object CMakeFiles/controller_server.dir/src/main.cpp.o[0m
[115.545s] [ 27%] [32m[1mLinking CXX executable controller_server[0m
[116.305s] [ 27%] Built target controller_server
[116.345s] [ 31%] [32mBuilding CXX object gtest/CMakeFiles/gtest.dir/src/gtest-all.cc.o[0m
[128.275s] [ 36%] [32m[1mLinking CXX static library libgtest.a[0m
[128.466s] [ 36%] Built target gtest
[128.626s] [ 40%] [32mBuilding CXX object CMakeFiles/simple_progress_checker.dir/plugins/simple_progress_checker.cpp.o[0m
[128.628s] [ 45%] [32mBuilding CXX object CMakeFiles/simple_goal_checker.dir/plugins/simple_goal_checker.cpp.o[0m
[137.650s] [ 50%] [32m[1mLinking CXX shared library libsimple_progress_checker.so[0m
[138.167s] [ 50%] Built target simple_progress_checker
[141.619s] [ 54%] [32m[1mLinking CXX shared library libsimple_goal_checker.so[0m
[142.007s] [ 54%] Built target simple_goal_checker
[142.042s] [ 59%] [32mBuilding CXX object CMakeFiles/pose_progress_checker.dir/plugins/pose_progress_checker.cpp.o[0m
[147.971s] [ 63%] [32m[1mLinking CXX shared library libpose_progress_checker.so[0m
[148.357s] [ 63%] Built target pose_progress_checker
[148.394s] [ 68%] [32mBuilding CXX object CMakeFiles/stopped_goal_checker.dir/plugins/stopped_goal_checker.cpp.o[0m
[156.066s] [ 72%] [32m[1mLinking CXX shared library libstopped_goal_checker.so[0m
[156.409s] [ 72%] Built target stopped_goal_checker
[156.439s] [ 77%] [32mBuilding CXX object plugins/test/CMakeFiles/pctest.dir/progress_checker.cpp.o[0m
[163.302s] [ 81%] [32m[1mLinking CXX executable pctest[0m
[163.717s] [ 81%] Built target pctest
[163.749s] [ 86%] [32mBuilding CXX object plugins/test/CMakeFiles/gctest.dir/goal_checker.cpp.o[0m
[173.271s] [ 90%] [32m[1mLinking CXX executable gctest[0m
[173.696s] [ 90%] Built target gctest
[173.722s] [ 95%] [32mBuilding CXX object test/CMakeFiles/test_dynamic_parameters.dir/test_dynamic_parameters.cpp.o[0m
[186.566s] [100%] [32m[1mLinking CXX executable test_dynamic_parameters[0m
[187.906s] [100%] Built target test_dynamic_parameters
[187.927s] Invoked command in '/home/lx/ros2/ros/nav2_ws/build/nav2_controller' returned '0': AMENT_PREFIX_PATH=/home/lx/ros2/ros/nav2_ws/install/nav2_core:/home/lx/ros2/ros/nav2_ws/install/nav2_costmap_2d:/home/lx/ros2/ros/nav2_ws/install/nav_2d_utils:/home/lx/ros2/ros/nav2_ws/install/nav2_util:/home/lx/ros2/ros/nav2_ws/install/nav2_voxel_grid:/home/lx/ros2/ros/nav2_ws/install/nav2_msgs:/home/lx/ros2/ros/nav2_ws/install/nav_2d_msgs:/home/lx/ros2/ros/nav2_ws/install/nav2_common:${AMENT_PREFIX_PATH} CMAKE_PREFIX_PATH=/home/lx/ros2/ros/nav2_ws/install/nav2_core:/home/lx/ros2/ros/nav2_ws/install/nav2_costmap_2d:/home/lx/ros2/ros/nav2_ws/install/nav_2d_utils:/home/lx/ros2/ros/nav2_ws/install/nav2_util:/home/lx/ros2/ros/nav2_ws/install/nav2_voxel_grid:/home/lx/ros2/ros/nav2_ws/install/nav2_msgs:/home/lx/ros2/ros/nav2_ws/install/nav_2d_msgs:/home/lx/ros2/ros/nav2_ws/install/nav2_common:/opt/ros/humble LD_LIBRARY_PATH=/home/lx/ros2/ros/nav2_ws/install/nav2_costmap_2d/lib:/home/lx/ros2/ros/nav2_ws/install/nav_2d_utils/lib:/home/lx/ros2/ros/nav2_ws/install/nav2_util/lib:/home/lx/ros2/ros/nav2_ws/install/nav2_voxel_grid/lib:/home/lx/ros2/ros/nav2_ws/install/nav2_msgs/lib:/home/lx/ros2/ros/nav2_ws/install/nav_2d_msgs/lib:${LD_LIBRARY_PATH} PYTHONPATH=/home/lx/ros2/ros/nav2_ws/install/nav2_msgs/local/lib/python3.10/dist-packages:/home/lx/ros2/ros/nav2_ws/install/nav_2d_msgs/local/lib/python3.10/dist-packages:/home/lx/ros2/ros/nav2_ws/install/nav2_common/local/lib/python3.10/dist-packages:${PYTHONPATH} /usr/bin/cmake --build /home/lx/ros2/ros/nav2_ws/build/nav2_controller -- -j12 -l12
[188.620s] Invoking command in '/home/lx/ros2/ros/nav2_ws/build/nav2_controller': AMENT_PREFIX_PATH=/home/lx/ros2/ros/nav2_ws/install/nav2_core:/home/lx/ros2/ros/nav2_ws/install/nav2_costmap_2d:/home/lx/ros2/ros/nav2_ws/install/nav_2d_utils:/home/lx/ros2/ros/nav2_ws/install/nav2_util:/home/lx/ros2/ros/nav2_ws/install/nav2_voxel_grid:/home/lx/ros2/ros/nav2_ws/install/nav2_msgs:/home/lx/ros2/ros/nav2_ws/install/nav_2d_msgs:/home/lx/ros2/ros/nav2_ws/install/nav2_common:${AMENT_PREFIX_PATH} CMAKE_PREFIX_PATH=/home/lx/ros2/ros/nav2_ws/install/nav2_core:/home/lx/ros2/ros/nav2_ws/install/nav2_costmap_2d:/home/lx/ros2/ros/nav2_ws/install/nav_2d_utils:/home/lx/ros2/ros/nav2_ws/install/nav2_util:/home/lx/ros2/ros/nav2_ws/install/nav2_voxel_grid:/home/lx/ros2/ros/nav2_ws/install/nav2_msgs:/home/lx/ros2/ros/nav2_ws/install/nav_2d_msgs:/home/lx/ros2/ros/nav2_ws/install/nav2_common:/opt/ros/humble LD_LIBRARY_PATH=/home/lx/ros2/ros/nav2_ws/install/nav2_costmap_2d/lib:/home/lx/ros2/ros/nav2_ws/install/nav_2d_utils/lib:/home/lx/ros2/ros/nav2_ws/install/nav2_util/lib:/home/lx/ros2/ros/nav2_ws/install/nav2_voxel_grid/lib:/home/lx/ros2/ros/nav2_ws/install/nav2_msgs/lib:/home/lx/ros2/ros/nav2_ws/install/nav_2d_msgs/lib:${LD_LIBRARY_PATH} PYTHONPATH=/home/lx/ros2/ros/nav2_ws/install/nav2_msgs/local/lib/python3.10/dist-packages:/home/lx/ros2/ros/nav2_ws/install/nav_2d_msgs/local/lib/python3.10/dist-packages:/home/lx/ros2/ros/nav2_ws/install/nav2_common/local/lib/python3.10/dist-packages:${PYTHONPATH} /usr/bin/cmake --install /home/lx/ros2/ros/nav2_ws/build/nav2_controller
[188.644s] -- Install configuration: "Release"
[188.644s] -- Installing: /home/lx/ros2/ros/nav2_ws/install/nav2_controller/lib/libsimple_progress_checker.so
[188.645s] -- Set runtime path of "/home/lx/ros2/ros/nav2_ws/install/nav2_controller/lib/libsimple_progress_checker.so" to ""
[188.645s] -- Installing: /home/lx/ros2/ros/nav2_ws/install/nav2_controller/lib/libpose_progress_checker.so
[188.646s] -- Set runtime path of "/home/lx/ros2/ros/nav2_ws/install/nav2_controller/lib/libpose_progress_checker.so" to ""
[188.646s] -- Installing: /home/lx/ros2/ros/nav2_ws/install/nav2_controller/lib/libsimple_goal_checker.so
[188.647s] -- Set runtime path of "/home/lx/ros2/ros/nav2_ws/install/nav2_controller/lib/libsimple_goal_checker.so" to ""
[188.647s] -- Installing: /home/lx/ros2/ros/nav2_ws/install/nav2_controller/lib/libstopped_goal_checker.so
[188.648s] -- Set runtime path of "/home/lx/ros2/ros/nav2_ws/install/nav2_controller/lib/libstopped_goal_checker.so" to ""
[188.648s] -- Installing: /home/lx/ros2/ros/nav2_ws/install/nav2_controller/lib/libcontroller_server_core.so
[188.652s] -- Set runtime path of "/home/lx/ros2/ros/nav2_ws/install/nav2_controller/lib/libcontroller_server_core.so" to ""
[188.652s] -- Installing: /home/lx/ros2/ros/nav2_ws/install/nav2_controller/lib/nav2_controller/controller_server
[188.653s] -- Set runtime path of "/home/lx/ros2/ros/nav2_ws/install/nav2_controller/lib/nav2_controller/controller_server" to ""
[188.653s] -- Installing: /home/lx/ros2/ros/nav2_ws/install/nav2_controller/include/
[188.653s] -- Installing: /home/lx/ros2/ros/nav2_ws/install/nav2_controller/include//nav2_controller
[188.654s] -- Installing: /home/lx/ros2/ros/nav2_ws/install/nav2_controller/include//nav2_controller/controller_server.hpp
[188.654s] -- Installing: /home/lx/ros2/ros/nav2_ws/install/nav2_controller/include//nav2_controller/plugins
[188.654s] -- Installing: /home/lx/ros2/ros/nav2_ws/install/nav2_controller/include//nav2_controller/plugins/pose_progress_checker.hpp
[188.654s] -- Installing: /home/lx/ros2/ros/nav2_ws/install/nav2_controller/include//nav2_controller/plugins/simple_progress_checker.hpp
[188.655s] -- Installing: /home/lx/ros2/ros/nav2_ws/install/nav2_controller/include//nav2_controller/plugins/simple_goal_checker.hpp
[188.655s] -- Installing: /home/lx/ros2/ros/nav2_ws/install/nav2_controller/include//nav2_controller/plugins/stopped_goal_checker.hpp
[188.655s] -- Installing: /home/lx/ros2/ros/nav2_ws/install/nav2_controller/share/nav2_controller/environment/library_path.sh
[188.656s] -- Installing: /home/lx/ros2/ros/nav2_ws/install/nav2_controller/share/nav2_controller/environment/library_path.dsv
[188.656s] -- Installing: /home/lx/ros2/ros/nav2_ws/install/nav2_controller/share/nav2_controller/plugins.xml
[188.672s] -- Installing: /home/lx/ros2/ros/nav2_ws/install/nav2_controller/share/ament_index/resource_index/package_run_dependencies/nav2_controller
[188.672s] -- Installing: /home/lx/ros2/ros/nav2_ws/install/nav2_controller/share/ament_index/resource_index/parent_prefix_path/nav2_controller
[188.673s] -- Installing: /home/lx/ros2/ros/nav2_ws/install/nav2_controller/share/nav2_controller/environment/ament_prefix_path.sh
[188.673s] -- Installing: /home/lx/ros2/ros/nav2_ws/install/nav2_controller/share/nav2_controller/environment/ament_prefix_path.dsv
[188.673s] -- Installing: /home/lx/ros2/ros/nav2_ws/install/nav2_controller/share/nav2_controller/environment/path.sh
[188.674s] -- Installing: /home/lx/ros2/ros/nav2_ws/install/nav2_controller/share/nav2_controller/environment/path.dsv
[188.674s] -- Installing: /home/lx/ros2/ros/nav2_ws/install/nav2_controller/share/nav2_controller/local_setup.bash
[188.674s] -- Installing: /home/lx/ros2/ros/nav2_ws/install/nav2_controller/share/nav2_controller/local_setup.sh
[188.675s] -- Installing: /home/lx/ros2/ros/nav2_ws/install/nav2_controller/share/nav2_controller/local_setup.zsh
[188.675s] -- Installing: /home/lx/ros2/ros/nav2_ws/install/nav2_controller/share/nav2_controller/local_setup.dsv
[188.675s] -- Installing: /home/lx/ros2/ros/nav2_ws/install/nav2_controller/share/nav2_controller/package.dsv
[188.676s] -- Installing: /home/lx/ros2/ros/nav2_ws/install/nav2_controller/share/ament_index/resource_index/packages/nav2_controller
[188.676s] -- Installing: /home/lx/ros2/ros/nav2_ws/install/nav2_controller/share/ament_index/resource_index/nav2_core__pluginlib__plugin/nav2_controller
[188.676s] -- Installing: /home/lx/ros2/ros/nav2_ws/install/nav2_controller/share/ament_index/resource_index/rclcpp_components/nav2_controller
[188.677s] -- Installing: /home/lx/ros2/ros/nav2_ws/install/nav2_controller/share/nav2_controller/cmake/ament_cmake_export_include_directories-extras.cmake
[188.677s] -- Installing: /home/lx/ros2/ros/nav2_ws/install/nav2_controller/share/nav2_controller/cmake/ament_cmake_export_libraries-extras.cmake
[188.677s] -- Installing: /home/lx/ros2/ros/nav2_ws/install/nav2_controller/share/nav2_controller/cmake/ament_cmake_export_dependencies-extras.cmake
[188.678s] -- Installing: /home/lx/ros2/ros/nav2_ws/install/nav2_controller/share/nav2_controller/cmake/nav2_controllerConfig.cmake
[188.678s] -- Installing: /home/lx/ros2/ros/nav2_ws/install/nav2_controller/share/nav2_controller/cmake/nav2_controllerConfig-version.cmake
[188.678s] -- Installing: /home/lx/ros2/ros/nav2_ws/install/nav2_controller/share/nav2_controller/package.xml
[188.692s] Invoked command in '/home/lx/ros2/ros/nav2_ws/build/nav2_controller' returned '0': AMENT_PREFIX_PATH=/home/lx/ros2/ros/nav2_ws/install/nav2_core:/home/lx/ros2/ros/nav2_ws/install/nav2_costmap_2d:/home/lx/ros2/ros/nav2_ws/install/nav_2d_utils:/home/lx/ros2/ros/nav2_ws/install/nav2_util:/home/lx/ros2/ros/nav2_ws/install/nav2_voxel_grid:/home/lx/ros2/ros/nav2_ws/install/nav2_msgs:/home/lx/ros2/ros/nav2_ws/install/nav_2d_msgs:/home/lx/ros2/ros/nav2_ws/install/nav2_common:${AMENT_PREFIX_PATH} CMAKE_PREFIX_PATH=/home/lx/ros2/ros/nav2_ws/install/nav2_core:/home/lx/ros2/ros/nav2_ws/install/nav2_costmap_2d:/home/lx/ros2/ros/nav2_ws/install/nav_2d_utils:/home/lx/ros2/ros/nav2_ws/install/nav2_util:/home/lx/ros2/ros/nav2_ws/install/nav2_voxel_grid:/home/lx/ros2/ros/nav2_ws/install/nav2_msgs:/home/lx/ros2/ros/nav2_ws/install/nav_2d_msgs:/home/lx/ros2/ros/nav2_ws/install/nav2_common:/opt/ros/humble LD_LIBRARY_PATH=/home/lx/ros2/ros/nav2_ws/install/nav2_costmap_2d/lib:/home/lx/ros2/ros/nav2_ws/install/nav_2d_utils/lib:/home/lx/ros2/ros/nav2_ws/install/nav2_util/lib:/home/lx/ros2/ros/nav2_ws/install/nav2_voxel_grid/lib:/home/lx/ros2/ros/nav2_ws/install/nav2_msgs/lib:/home/lx/ros2/ros/nav2_ws/install/nav_2d_msgs/lib:${LD_LIBRARY_PATH} PYTHONPATH=/home/lx/ros2/ros/nav2_ws/install/nav2_msgs/local/lib/python3.10/dist-packages:/home/lx/ros2/ros/nav2_ws/install/nav_2d_msgs/local/lib/python3.10/dist-packages:/home/lx/ros2/ros/nav2_ws/install/nav2_common/local/lib/python3.10/dist-packages:${PYTHONPATH} /usr/bin/cmake --install /home/lx/ros2/ros/nav2_ws/build/nav2_controller
