[0.067s] Invoking command in '/home/lx/ros2/ros/mid-70_ws/build/fast_lio': CMAKE_PREFIX_PATH=${CMAKE_PREFIX_PATH}:/opt/ros/humble /usr/bin/cmake /home/lx/ros2/ros/mid-70_ws/src/FAST_LIO -DCMAKE_INSTALL_PREFIX=/home/lx/ros2/ros/mid-70_ws/install/fast_lio
[0.114s] -- The C compiler identification is GNU 11.4.0
[0.165s] -- The CXX compiler identification is GNU 11.4.0
[0.170s] -- Detecting C compiler ABI info
[0.219s] -- Detecting C compiler ABI info - done
[0.226s] -- Check for working C compiler: /usr/bin/cc - skipped
[0.226s] -- Detecting C compile features
[0.226s] -- Detecting C compile features - done
[0.228s] -- Detecting CXX compiler ABI info
[0.289s] -- Detecting CXX compiler ABI info - done
[0.295s] -- Check for working CXX compiler: /usr/bin/c++ - skipped
[0.295s] -- Detecting CXX compile features
[0.296s] -- Detecting CXX compile features - done
[0.296s] [0mCurrent CPU archtecture: x86_64[0m
[0.299s] [0mProcesser number:  12[0m
[0.299s] [0mcore for MP: 3[0m
[0.546s] -- Found PythonLibs: /usr/lib/x86_64-linux-gnu/libpython3.10.so (found version "3.10.12") 
[0.548s] -- Found ament_cmake: 1.3.5 (/opt/ros/humble/share/ament_cmake/cmake)
[0.681s] -- Found Python3: /usr/bin/python3.10 (found version "3.10.12") found components: Interpreter 
[0.751s] -- Found rclcpp: 16.0.6 (/opt/ros/humble/share/rclcpp/cmake)
[0.781s] -- Found rosidl_generator_c: 3.1.5 (/opt/ros/humble/share/rosidl_generator_c/cmake)
[0.785s] -- Found rosidl_adapter: 3.1.5 (/opt/ros/humble/share/rosidl_adapter/cmake)
[0.792s] -- Found rosidl_generator_cpp: 3.1.5 (/opt/ros/humble/share/rosidl_generator_cpp/cmake)
[0.803s] -- Using all available rosidl_typesupport_c: rosidl_typesupport_fastrtps_c;rosidl_typesupport_introspection_c
[0.820s] -- Using all available rosidl_typesupport_cpp: rosidl_typesupport_fastrtps_cpp;rosidl_typesupport_introspection_cpp
[0.880s] -- Found rmw_implementation_cmake: 6.1.1 (/opt/ros/humble/share/rmw_implementation_cmake/cmake)
[0.882s] -- Found rmw_fastrtps_cpp: 6.2.4 (/opt/ros/humble/share/rmw_fastrtps_cpp/cmake)
[0.964s] -- Found OpenSSL: /usr/lib/x86_64-linux-gnu/libcrypto.so (found version "3.0.2")  
[0.985s] -- Found FastRTPS: /opt/ros/humble/include  
[1.023s] -- Using RMW implementation 'rmw_fastrtps_cpp' as default
[1.034s] -- Looking for pthread.h
[1.092s] -- Looking for pthread.h - found
[1.092s] -- Performing Test CMAKE_HAVE_LIBC_PTHREAD
[1.148s] -- Performing Test CMAKE_HAVE_LIBC_PTHREAD - Success
[1.149s] -- Found Threads: TRUE  
[1.308s] -- Found rclcpp_components: 16.0.6 (/opt/ros/humble/share/rclcpp_components/cmake)
[1.365s] -- Found geometry_msgs: 4.2.3 (/opt/ros/humble/share/geometry_msgs/cmake)
[1.405s] -- Found nav_msgs: 4.2.3 (/opt/ros/humble/share/nav_msgs/cmake)
[1.480s] -- Found sensor_msgs: 4.2.3 (/opt/ros/humble/share/sensor_msgs/cmake)
[1.589s] -- Found std_srvs: 4.2.3 (/opt/ros/humble/share/std_srvs/cmake)
[1.610s] -- Found visualization_msgs: 4.2.3 (/opt/ros/humble/share/visualization_msgs/cmake)
[1.726s] -- Found pcl_ros: 2.4.0 (/opt/ros/humble/share/pcl_ros/cmake)
[1.992s] -- Found eigen3_cmake_module: 0.1.1 (/opt/ros/humble/share/eigen3_cmake_module/cmake)
[1.993s] -- Found Eigen3: TRUE (found version "3.4.0") 
[1.993s] -- Ensuring Eigen3 include directory is part of orocos-kdl CMake target
[2.277s] -- Checking for module 'eigen3'
[2.284s] --   Found eigen3, version 3.4.0
[2.303s] -- Found Eigen: /usr/include/eigen3 (Required is at least version "3.1") 
[2.303s] -- Eigen found (include: /usr/include/eigen3, version: 3.4.0)
[2.332s] -- Checking for module 'flann'
[2.340s] --   Found flann, version 1.9.1
[2.363s] -- Found FLANN: /usr/lib/x86_64-linux-gnu/libflann_cpp.so  
[2.363s] -- FLANN found (include: /usr/include, lib: /usr/lib/x86_64-linux-gnu/libflann_cpp.so)
[3.029s] -- Checking for module 'libusb-1.0'
[3.038s] --   Found libusb-1.0, version 1.0.25
[3.061s] -- Found libusb: /usr/lib/x86_64-linux-gnu/libusb-1.0.so  
[3.062s] -- OpenNI found (version: 1.5.4.0, include: /usr/include/ni, lib: /usr/lib/libOpenNI.so;libusb::libusb)
[3.096s] -- OpenNI2 found (version: 2.2.0.33, include: /usr/include/openni2, lib: /usr/lib/x86_64-linux-gnu/libOpenNI2.so;libusb::libusb)
[3.207s] -- Eigen found (include: /usr/include/eigen3, version: 3.4.0)
[3.211s] -- OpenNI found (version: 1.5.4.0, include: /usr/include/ni, lib: /usr/lib/libOpenNI.so;libusb::libusb)
[3.216s] -- OpenNI2 found (version: 2.2.0.33, include: /usr/include/openni2, lib: /usr/lib/x86_64-linux-gnu/libOpenNI2.so;libusb::libusb)
[3.322s] -- Found Qhull version 8.0.2
[3.432s] -- OpenNI found (version: 1.5.4.0, include: /usr/include/ni, lib: /usr/lib/libOpenNI.so;libusb::libusb)
[3.535s] -- Found PCL_COMMON: /usr/lib/x86_64-linux-gnu/libpcl_common.so  
[3.536s] -- Found PCL_KDTREE: /usr/lib/x86_64-linux-gnu/libpcl_kdtree.so  
[3.537s] -- Found PCL_OCTREE: /usr/lib/x86_64-linux-gnu/libpcl_octree.so  
[3.537s] -- Found PCL_SEARCH: /usr/lib/x86_64-linux-gnu/libpcl_search.so  
[3.538s] -- Found PCL_SAMPLE_CONSENSUS: /usr/lib/x86_64-linux-gnu/libpcl_sample_consensus.so  
[3.539s] -- Found PCL_FILTERS: /usr/lib/x86_64-linux-gnu/libpcl_filters.so  
[3.539s] -- Found PCL_2D: /usr/include/pcl-1.12  
[3.539s] -- Found PCL_GEOMETRY: /usr/include/pcl-1.12  
[3.540s] -- Found PCL_IO: /usr/lib/x86_64-linux-gnu/libpcl_io.so  
[3.541s] -- Found PCL_FEATURES: /usr/lib/x86_64-linux-gnu/libpcl_features.so  
[3.542s] -- Found PCL_ML: /usr/lib/x86_64-linux-gnu/libpcl_ml.so  
[3.542s] -- Found PCL_SEGMENTATION: /usr/lib/x86_64-linux-gnu/libpcl_segmentation.so  
[3.543s] -- Found PCL_VISUALIZATION: /usr/lib/x86_64-linux-gnu/libpcl_visualization.so  
[3.544s] -- Found PCL_SURFACE: /usr/lib/x86_64-linux-gnu/libpcl_surface.so  
[3.545s] -- Found PCL_REGISTRATION: /usr/lib/x86_64-linux-gnu/libpcl_registration.so  
[3.546s] -- Found PCL_KEYPOINTS: /usr/lib/x86_64-linux-gnu/libpcl_keypoints.so  
[3.546s] -- Found PCL_TRACKING: /usr/lib/x86_64-linux-gnu/libpcl_tracking.so  
[3.547s] -- Found PCL_RECOGNITION: /usr/lib/x86_64-linux-gnu/libpcl_recognition.so  
[3.550s] -- Found PCL_STEREO: /usr/lib/x86_64-linux-gnu/libpcl_stereo.so  
[3.550s] -- Found PCL_APPS: /usr/lib/x86_64-linux-gnu/libpcl_apps.so  
[3.550s] -- Found PCL_IN_HAND_SCANNER: /usr/include/pcl-1.12  
[3.551s] -- Found PCL_MODELER: /usr/include/pcl-1.12  
[3.552s] -- Found PCL_POINT_CLOUD_EDITOR: /usr/include/pcl-1.12  
[3.553s] -- Found PCL_OUTOFCORE: /usr/lib/x86_64-linux-gnu/libpcl_outofcore.so  
[3.553s] -- Found PCL_PEOPLE: /usr/lib/x86_64-linux-gnu/libpcl_people.so  
[3.577s] [31mCMake Error at CMakeLists.txt:62 (find_package):
[3.577s]   By not providing "Findlivox_ros_driver2.cmake" in CMAKE_MODULE_PATH this
[3.577s]   project has asked CMake to find a package configuration file provided by
[3.577s]   "livox_ros_driver2", but CMake did not find one.
[3.577s] 
[3.577s]   Could not find a package configuration file provided by "livox_ros_driver2"
[3.577s]   with any of the following names:
[3.577s] 
[3.577s]     livox_ros_driver2Config.cmake
[3.577s]     livox_ros_driver2-config.cmake
[3.577s] 
[3.577s]   Add the installation prefix of "livox_ros_driver2" to CMAKE_PREFIX_PATH or
[3.577s]   set "livox_ros_driver2_DIR" to a directory containing one of the above
[3.577s]   files.  If "livox_ros_driver2" provides a separate development package or
[3.578s]   SDK, be sure it has been installed.
[3.578s] 
[3.578s] [0m
[3.578s] -- Configuring incomplete, errors occurred!
[3.578s] See also "/home/lx/ros2/ros/mid-70_ws/build/fast_lio/CMakeFiles/CMakeOutput.log".
[3.589s] Invoked command in '/home/lx/ros2/ros/mid-70_ws/build/fast_lio' returned '1': CMAKE_PREFIX_PATH=${CMAKE_PREFIX_PATH}:/opt/ros/humble /usr/bin/cmake /home/lx/ros2/ros/mid-70_ws/src/FAST_LIO -DCMAKE_INSTALL_PREFIX=/home/lx/ros2/ros/mid-70_ws/install/fast_lio
