[0.105s] Invoking command in '/home/lx/ros2/ros/nav2_ws/build/nav2_voxel_grid': AMENT_PREFIX_PATH=/home/lx/ros2/ros/nav2_ws/install/nav2_common:${AMENT_PREFIX_PATH} CMAKE_PREFIX_PATH=/home/lx/ros2/ros/nav2_ws/install/nav2_common:/opt/ros/humble PYTHONPATH=/home/lx/ros2/ros/nav2_ws/install/nav2_common/local/lib/python3.10/dist-packages:${PYTHONPATH} /usr/bin/cmake --build /home/lx/ros2/ros/nav2_ws/build/nav2_voxel_grid -- -j12 -l12
[0.134s] [35m[1mConsolidate compiler generated dependencies of target gtest[0m
[0.134s] [35m[1mConsolidate compiler generated dependencies of target gtest_main[0m
[0.135s] [35m[1mConsolidate compiler generated dependencies of target voxel_grid[0m
[0.145s] [ 20%] Built target gtest_main
[0.146s] [ 40%] Built target gtest
[0.149s] [ 60%] Built target voxel_grid
[0.157s] [35m[1mConsolidate compiler generated dependencies of target voxel_grid_tests[0m
[0.157s] [35m[1mConsolidate compiler generated dependencies of target voxel_grid_bresenham_3d[0m
[0.173s] [ 80%] Built target voxel_grid_tests
[0.177s] [100%] Built target voxel_grid_bresenham_3d
[0.188s] Invoked command in '/home/lx/ros2/ros/nav2_ws/build/nav2_voxel_grid' returned '0': AMENT_PREFIX_PATH=/home/lx/ros2/ros/nav2_ws/install/nav2_common:${AMENT_PREFIX_PATH} CMAKE_PREFIX_PATH=/home/lx/ros2/ros/nav2_ws/install/nav2_common:/opt/ros/humble PYTHONPATH=/home/lx/ros2/ros/nav2_ws/install/nav2_common/local/lib/python3.10/dist-packages:${PYTHONPATH} /usr/bin/cmake --build /home/lx/ros2/ros/nav2_ws/build/nav2_voxel_grid -- -j12 -l12
[0.373s] Invoking command in '/home/lx/ros2/ros/nav2_ws/build/nav2_voxel_grid': AMENT_PREFIX_PATH=/home/lx/ros2/ros/nav2_ws/install/nav2_common:${AMENT_PREFIX_PATH} CMAKE_PREFIX_PATH=/home/lx/ros2/ros/nav2_ws/install/nav2_common:/opt/ros/humble PYTHONPATH=/home/lx/ros2/ros/nav2_ws/install/nav2_common/local/lib/python3.10/dist-packages:${PYTHONPATH} /usr/bin/cmake --install /home/lx/ros2/ros/nav2_ws/build/nav2_voxel_grid
[0.378s] -- Install configuration: "Release"
[0.378s] -- Up-to-date: /home/lx/ros2/ros/nav2_ws/install/nav2_voxel_grid/lib/libvoxel_grid.so
[0.378s] -- Up-to-date: /home/lx/ros2/ros/nav2_ws/install/nav2_voxel_grid/include
[0.379s] -- Up-to-date: /home/lx/ros2/ros/nav2_ws/install/nav2_voxel_grid/include/nav2_voxel_grid
[0.379s] -- Up-to-date: /home/lx/ros2/ros/nav2_ws/install/nav2_voxel_grid/include/nav2_voxel_grid/voxel_grid.hpp
[0.379s] -- Up-to-date: /home/lx/ros2/ros/nav2_ws/install/nav2_voxel_grid/share/nav2_voxel_grid/environment/library_path.sh
[0.379s] -- Up-to-date: /home/lx/ros2/ros/nav2_ws/install/nav2_voxel_grid/share/nav2_voxel_grid/environment/library_path.dsv
[0.379s] -- Up-to-date: /home/lx/ros2/ros/nav2_ws/install/nav2_voxel_grid/share/ament_index/resource_index/package_run_dependencies/nav2_voxel_grid
[0.379s] -- Up-to-date: /home/lx/ros2/ros/nav2_ws/install/nav2_voxel_grid/share/ament_index/resource_index/parent_prefix_path/nav2_voxel_grid
[0.379s] -- Up-to-date: /home/lx/ros2/ros/nav2_ws/install/nav2_voxel_grid/share/nav2_voxel_grid/environment/ament_prefix_path.sh
[0.379s] -- Up-to-date: /home/lx/ros2/ros/nav2_ws/install/nav2_voxel_grid/share/nav2_voxel_grid/environment/ament_prefix_path.dsv
[0.379s] -- Up-to-date: /home/lx/ros2/ros/nav2_ws/install/nav2_voxel_grid/share/nav2_voxel_grid/environment/path.sh
[0.379s] -- Up-to-date: /home/lx/ros2/ros/nav2_ws/install/nav2_voxel_grid/share/nav2_voxel_grid/environment/path.dsv
[0.379s] -- Up-to-date: /home/lx/ros2/ros/nav2_ws/install/nav2_voxel_grid/share/nav2_voxel_grid/local_setup.bash
[0.379s] -- Up-to-date: /home/lx/ros2/ros/nav2_ws/install/nav2_voxel_grid/share/nav2_voxel_grid/local_setup.sh
[0.379s] -- Up-to-date: /home/lx/ros2/ros/nav2_ws/install/nav2_voxel_grid/share/nav2_voxel_grid/local_setup.zsh
[0.379s] -- Up-to-date: /home/lx/ros2/ros/nav2_ws/install/nav2_voxel_grid/share/nav2_voxel_grid/local_setup.dsv
[0.379s] -- Installing: /home/lx/ros2/ros/nav2_ws/install/nav2_voxel_grid/share/nav2_voxel_grid/package.dsv
[0.380s] -- Up-to-date: /home/lx/ros2/ros/nav2_ws/install/nav2_voxel_grid/share/ament_index/resource_index/packages/nav2_voxel_grid
[0.380s] -- Up-to-date: /home/lx/ros2/ros/nav2_ws/install/nav2_voxel_grid/share/nav2_voxel_grid/cmake/ament_cmake_export_dependencies-extras.cmake
[0.380s] -- Up-to-date: /home/lx/ros2/ros/nav2_ws/install/nav2_voxel_grid/share/nav2_voxel_grid/cmake/ament_cmake_export_include_directories-extras.cmake
[0.380s] -- Up-to-date: /home/lx/ros2/ros/nav2_ws/install/nav2_voxel_grid/share/nav2_voxel_grid/cmake/ament_cmake_export_libraries-extras.cmake
[0.380s] -- Up-to-date: /home/lx/ros2/ros/nav2_ws/install/nav2_voxel_grid/share/nav2_voxel_grid/cmake/nav2_voxel_gridConfig.cmake
[0.380s] -- Up-to-date: /home/lx/ros2/ros/nav2_ws/install/nav2_voxel_grid/share/nav2_voxel_grid/cmake/nav2_voxel_gridConfig-version.cmake
[0.380s] -- Up-to-date: /home/lx/ros2/ros/nav2_ws/install/nav2_voxel_grid/share/nav2_voxel_grid/package.xml
[0.381s] Invoked command in '/home/lx/ros2/ros/nav2_ws/build/nav2_voxel_grid' returned '0': AMENT_PREFIX_PATH=/home/lx/ros2/ros/nav2_ws/install/nav2_common:${AMENT_PREFIX_PATH} CMAKE_PREFIX_PATH=/home/lx/ros2/ros/nav2_ws/install/nav2_common:/opt/ros/humble PYTHONPATH=/home/lx/ros2/ros/nav2_ws/install/nav2_common/local/lib/python3.10/dist-packages:${PYTHONPATH} /usr/bin/cmake --install /home/lx/ros2/ros/nav2_ws/build/nav2_voxel_grid
