[0.046s] Invoking command in '/home/lx/ros2/ros/mid-360_ws/build/fast_lio': AMENT_PREFIX_PATH=/home/lx/ros2/ros/mid-360_ws/install/livox_ros_driver2:${AMENT_PREFIX_PATH} CMAKE_PREFIX_PATH=/home/lx/ros2/ros/mid-360_ws/install/livox_ros_driver2:/opt/ros/humble LD_LIBRARY_PATH=/home/lx/ros2/ros/mid-360_ws/install/livox_ros_driver2/lib:${LD_LIBRARY_PATH} PYTHONPATH=/home/lx/ros2/ros/mid-360_ws/install/livox_ros_driver2/local/lib/python3.10/dist-packages:${PYTHONPATH} /usr/bin/cmake /home/lx/ros2/ros/mid-360_ws/src/FAST_LIO -DCMAKE_INSTALL_PREFIX=/home/lx/ros2/ros/mid-360_ws/install/fast_lio
[0.056s] [0mCurrent CPU archtecture: x86_64[0m
[0.059s] [0mProcesser number:  12[0m
[0.059s] [0mcore for MP: 3[0m
[0.062s] -- Found PythonLibs: /usr/lib/x86_64-linux-gnu/libpython3.10.so (found version "3.10.12") 
[0.063s] -- Found ament_cmake: 1.3.5 (/opt/ros/humble/share/ament_cmake/cmake)
[0.176s] -- Found rclcpp: 16.0.6 (/opt/ros/humble/share/rclcpp/cmake)
[0.201s] -- Found rosidl_generator_c: 3.1.5 (/opt/ros/humble/share/rosidl_generator_c/cmake)
[0.203s] -- Found rosidl_adapter: 3.1.5 (/opt/ros/humble/share/rosidl_adapter/cmake)
[0.208s] -- Found rosidl_generator_cpp: 3.1.5 (/opt/ros/humble/share/rosidl_generator_cpp/cmake)
[0.217s] -- Using all available rosidl_typesupport_c: rosidl_typesupport_fastrtps_c;rosidl_typesupport_introspection_c
[0.230s] -- Using all available rosidl_typesupport_cpp: rosidl_typesupport_fastrtps_cpp;rosidl_typesupport_introspection_cpp
[0.280s] -- Found rmw_implementation_cmake: 6.1.1 (/opt/ros/humble/share/rmw_implementation_cmake/cmake)
[0.281s] -- Found rmw_fastrtps_cpp: 6.2.4 (/opt/ros/humble/share/rmw_fastrtps_cpp/cmake)
[0.374s] -- Using RMW implementation 'rmw_fastrtps_cpp' as default
[0.512s] -- Found rclcpp_components: 16.0.6 (/opt/ros/humble/share/rclcpp_components/cmake)
[0.563s] -- Found geometry_msgs: 4.2.3 (/opt/ros/humble/share/geometry_msgs/cmake)
[0.600s] -- Found nav_msgs: 4.2.3 (/opt/ros/humble/share/nav_msgs/cmake)
[0.676s] -- Found sensor_msgs: 4.2.3 (/opt/ros/humble/share/sensor_msgs/cmake)
[0.752s] -- Found std_srvs: 4.2.3 (/opt/ros/humble/share/std_srvs/cmake)
[0.766s] -- Found visualization_msgs: 4.2.3 (/opt/ros/humble/share/visualization_msgs/cmake)
[0.872s] -- Found pcl_ros: 2.4.0 (/opt/ros/humble/share/pcl_ros/cmake)
[1.112s] -- Found eigen3_cmake_module: 0.1.1 (/opt/ros/humble/share/eigen3_cmake_module/cmake)
[1.113s] -- Ensuring Eigen3 include directory is part of orocos-kdl CMake target
[1.381s] -- Eigen found (include: /usr/include/eigen3, version: 3.4.0)
[1.404s] -- FLANN found (include: /usr/include, lib: /usr/lib/x86_64-linux-gnu/libflann_cpp.so)
[1.621s] -- OpenNI found (version: 1.5.4.0, include: /usr/include/ni, lib: /usr/lib/libOpenNI.so;libusb::libusb)
[1.625s] -- OpenNI2 found (version: 2.2.0.33, include: /usr/include/openni2, lib: /usr/lib/x86_64-linux-gnu/libOpenNI2.so;libusb::libusb)
[1.742s] -- Eigen found (include: /usr/include/eigen3, version: 3.4.0)
[1.746s] -- OpenNI found (version: 1.5.4.0, include: /usr/include/ni, lib: /usr/lib/libOpenNI.so;libusb::libusb)
[1.751s] -- OpenNI2 found (version: 2.2.0.33, include: /usr/include/openni2, lib: /usr/lib/x86_64-linux-gnu/libOpenNI2.so;libusb::libusb)
[1.856s] -- Found Qhull version 8.0.2
[1.968s] -- OpenNI found (version: 1.5.4.0, include: /usr/include/ni, lib: /usr/lib/libOpenNI.so;libusb::libusb)
[2.100s] -- Found livox_ros_driver2: 1.0.0 (/home/lx/ros2/ros/mid-360_ws/install/livox_ros_driver2/share/livox_ros_driver2/cmake)
[2.274s] -- Found rosidl_default_generators: 1.2.0 (/opt/ros/humble/share/rosidl_default_generators/cmake)
[2.281s] [33mCMake Warning (dev) at CMakeLists.txt:81 (find_package):
[2.281s]   Policy CMP0074 is not set: find_package uses <PackageName>_ROOT variables.
[2.281s]   Run "cmake --help-policy CMP0074" for policy details.  Use the cmake_policy
[2.282s]   command to set the policy and suppress this warning.
[2.282s] 
[2.282s]   CMake variable PCL_ROOT is set to:
[2.282s] 
[2.282s]     /usr
[2.282s] 
[2.282s]   For compatibility, CMake is ignoring the variable.
[2.282s] This warning is for project developers.  Use -Wno-dev to suppress it.
[2.282s] [0m
[2.286s] [0mEigen:/usr/local/include/eigen3[0m
[2.287s] -- PCL: /usr/include/pcl-1.12
[2.485s] -- Found ament_cmake_ros: 0.10.0 (/opt/ros/humble/share/ament_cmake_ros/cmake)
[2.723s] -- Using all available rosidl_typesupport_c: rosidl_typesupport_fastrtps_c;rosidl_typesupport_introspection_c
[2.816s] -- Using all available rosidl_typesupport_cpp: rosidl_typesupport_fastrtps_cpp;rosidl_typesupport_introspection_cpp
[2.836s] -- Found python_cmake_module: 0.10.0 (/opt/ros/humble/share/python_cmake_module/cmake)
[2.856s] -- Found PythonLibs: /usr/lib/x86_64-linux-gnu/libpython3.10.so (found suitable version "3.10.12", minimum required is "3.5") 
[2.856s] -- Using PYTHON_EXECUTABLE: /usr/bin/python3
[2.856s] -- Using PYTHON_INCLUDE_DIRS: /usr/include/python3.10
[2.856s] -- Using PYTHON_LIBRARIES: /usr/lib/x86_64-linux-gnu/libpython3.10.so
[2.950s] -- Configuring done
[3.009s] -- Generating done
[3.012s] -- Build files have been written to: /home/lx/ros2/ros/mid-360_ws/build/fast_lio
[3.031s] Invoked command in '/home/lx/ros2/ros/mid-360_ws/build/fast_lio' returned '0': AMENT_PREFIX_PATH=/home/lx/ros2/ros/mid-360_ws/install/livox_ros_driver2:${AMENT_PREFIX_PATH} CMAKE_PREFIX_PATH=/home/lx/ros2/ros/mid-360_ws/install/livox_ros_driver2:/opt/ros/humble LD_LIBRARY_PATH=/home/lx/ros2/ros/mid-360_ws/install/livox_ros_driver2/lib:${LD_LIBRARY_PATH} PYTHONPATH=/home/lx/ros2/ros/mid-360_ws/install/livox_ros_driver2/local/lib/python3.10/dist-packages:${PYTHONPATH} /usr/bin/cmake /home/lx/ros2/ros/mid-360_ws/src/FAST_LIO -DCMAKE_INSTALL_PREFIX=/home/lx/ros2/ros/mid-360_ws/install/fast_lio
[3.033s] Invoking command in '/home/lx/ros2/ros/mid-360_ws/build/fast_lio': AMENT_PREFIX_PATH=/home/lx/ros2/ros/mid-360_ws/install/livox_ros_driver2:${AMENT_PREFIX_PATH} CMAKE_PREFIX_PATH=/home/lx/ros2/ros/mid-360_ws/install/livox_ros_driver2:/opt/ros/humble LD_LIBRARY_PATH=/home/lx/ros2/ros/mid-360_ws/install/livox_ros_driver2/lib:${LD_LIBRARY_PATH} PYTHONPATH=/home/lx/ros2/ros/mid-360_ws/install/livox_ros_driver2/local/lib/python3.10/dist-packages:${PYTHONPATH} /usr/bin/cmake --build /home/lx/ros2/ros/mid-360_ws/build/fast_lio -- -j12 -l12
[3.067s] [  2%] [34m[1mGenerating C code for ROS interfaces[0m
[3.075s] [  5%] [34m[1mGenerating C++ code for ROS interfaces[0m
[3.089s] [  5%] Built target ament_cmake_python_copy_fast_lio
[3.314s] running egg_info
[3.314s] creating fast_lio.egg-info
[3.314s] writing fast_lio.egg-info/PKG-INFO
[3.314s] writing dependency_links to fast_lio.egg-info/dependency_links.txt
[3.315s] writing top-level names to fast_lio.egg-info/top_level.txt
[3.315s] writing manifest file 'fast_lio.egg-info/SOURCES.txt'
[3.317s] reading manifest file 'fast_lio.egg-info/SOURCES.txt'
[3.317s] writing manifest file 'fast_lio.egg-info/SOURCES.txt'
[3.339s] [  5%] Built target ament_cmake_python_build_fast_lio_egg
[3.379s] [  8%] [32mBuilding C object CMakeFiles/fast_lio__rosidl_generator_c.dir/rosidl_generator_c/fast_lio/msg/detail/pose6_d__functions.c.o[0m
[3.388s] [  8%] Built target fast_lio__cpp
[3.395s] [ 14%] [34m[1mGenerating C++ introspection for ROS interfaces[0m
[3.395s] [ 14%] [34m[1mGenerating C++ type support for eProsima Fast-RTPS[0m
[3.395s] [ 17%] [34m[1mGenerating C++ type support dispatch for ROS interfaces[0m
[3.472s] [ 20%] [32m[1mLinking C shared library libfast_lio__rosidl_generator_c.so[0m
[3.501s] [ 20%] Built target fast_lio__rosidl_generator_c
[3.509s] [ 22%] [34m[1mGenerating C type support for eProsima Fast-RTPS[0m
[3.510s] [ 25%] [34m[1mGenerating C type support dispatch for ROS interfaces[0m
[3.511s] [ 28%] [34m[1mGenerating C introspection for ROS interfaces[0m
[3.680s] [ 31%] [32mBuilding CXX object CMakeFiles/fast_lio__rosidl_typesupport_introspection_cpp.dir/rosidl_typesupport_introspection_cpp/fast_lio/msg/detail/pose6_d__type_support.cpp.o[0m
[3.748s] [ 34%] [32mBuilding CXX object CMakeFiles/fast_lio__rosidl_typesupport_cpp.dir/rosidl_typesupport_cpp/fast_lio/msg/pose6_d__type_support.cpp.o[0m
[3.786s] [ 37%] [32mBuilding CXX object CMakeFiles/fast_lio__rosidl_typesupport_fastrtps_cpp.dir/rosidl_typesupport_fastrtps_cpp/fast_lio/msg/detail/dds_fastrtps/pose6_d__type_support.cpp.o[0m
[3.850s] [ 40%] [32mBuilding CXX object CMakeFiles/fast_lio__rosidl_typesupport_c.dir/rosidl_typesupport_c/fast_lio/msg/pose6_d__type_support.cpp.o[0m
[3.884s] [ 42%] [32m[1mLinking CXX shared library libfast_lio__rosidl_typesupport_c.so[0m
[3.891s] [ 45%] [32mBuilding C object CMakeFiles/fast_lio__rosidl_typesupport_introspection_c.dir/rosidl_typesupport_introspection_c/fast_lio/msg/detail/pose6_d__type_support.c.o[0m
[3.925s] [ 45%] Built target fast_lio__rosidl_typesupport_c
[3.945s] [ 48%] [32m[1mLinking C shared library libfast_lio__rosidl_typesupport_introspection_c.so[0m
[3.961s] [ 51%] [32mBuilding CXX object CMakeFiles/fast_lio__rosidl_typesupport_fastrtps_c.dir/rosidl_typesupport_fastrtps_c/fast_lio/msg/detail/pose6_d__type_support_c.cpp.o[0m
[3.974s] [ 51%] Built target fast_lio__rosidl_typesupport_introspection_c
[4.048s] [ 54%] [32m[1mLinking CXX shared library libfast_lio__rosidl_typesupport_cpp.so[0m
[4.057s] [ 57%] [32m[1mLinking CXX shared library libfast_lio__rosidl_typesupport_introspection_cpp.so[0m
[4.087s] [ 57%] Built target fast_lio__rosidl_typesupport_cpp
[4.090s] [ 57%] Built target fast_lio__rosidl_typesupport_introspection_cpp
[4.104s] [ 62%] [32mBuilding CXX object CMakeFiles/fastlio_mapping.dir/src/preprocess.cpp.o[0m
[4.104s] [ 62%] [32mBuilding CXX object CMakeFiles/fastlio_mapping.dir/include/ikd-Tree/ikd_Tree.cpp.o[0m
[4.105s] [ 65%] [32mBuilding CXX object CMakeFiles/fastlio_mapping.dir/src/laserMapping.cpp.o[0m
[4.189s] [ 68%] [32m[1mLinking CXX shared library libfast_lio__rosidl_typesupport_fastrtps_cpp.so[0m
[4.265s] [ 71%] [32m[1mLinking CXX shared library libfast_lio__rosidl_typesupport_fastrtps_c.so[0m
[4.303s] [ 71%] Built target fast_lio__rosidl_typesupport_fastrtps_cpp
[4.357s] [ 71%] Built target fast_lio__rosidl_typesupport_fastrtps_c
[4.373s] [ 71%] Built target fast_lio
[4.391s] [ 74%] [34m[1mGenerating Python code for ROS interfaces[0m
[4.793s] [ 74%] Built target fast_lio__py
[4.809s] [ 77%] [32mBuilding C object CMakeFiles/fast_lio__rosidl_generator_py.dir/rosidl_generator_py/fast_lio/msg/_pose6_d_s.c.o[0m
[4.951s] [ 80%] [32m[1mLinking C shared library rosidl_generator_py/fast_lio/libfast_lio__rosidl_generator_py.so[0m
[4.983s] [ 80%] Built target fast_lio__rosidl_generator_py
[4.998s] [ 85%] [32mBuilding C object CMakeFiles/fast_lio__rosidl_typesupport_c__pyext.dir/rosidl_generator_py/fast_lio/_fast_lio_s.ep.rosidl_typesupport_c.c.o[0m
[4.998s] [ 85%] [32mBuilding C object CMakeFiles/fast_lio__rosidl_typesupport_fastrtps_c__pyext.dir/rosidl_generator_py/fast_lio/_fast_lio_s.ep.rosidl_typesupport_fastrtps_c.c.o[0m
[4.998s] [ 88%] [32mBuilding C object CMakeFiles/fast_lio__rosidl_typesupport_introspection_c__pyext.dir/rosidl_generator_py/fast_lio/_fast_lio_s.ep.rosidl_typesupport_introspection_c.c.o[0m
[5.089s] [ 97%] [32m[1mLinking C shared library rosidl_generator_py/fast_lio/fast_lio_s__rosidl_typesupport_introspection_c.cpython-310-x86_64-linux-gnu.so[0m
[5.089s] [ 97%] [32m[1mLinking C shared library rosidl_generator_py/fast_lio/fast_lio_s__rosidl_typesupport_fastrtps_c.cpython-310-x86_64-linux-gnu.so[0m
[5.089s] [ 97%] [32m[1mLinking C shared library rosidl_generator_py/fast_lio/fast_lio_s__rosidl_typesupport_c.cpython-310-x86_64-linux-gnu.so[0m
[5.115s] [ 97%] Built target fast_lio__rosidl_typesupport_introspection_c__pyext
[5.115s] [ 97%] Built target fast_lio__rosidl_typesupport_c__pyext
[5.115s] [ 97%] Built target fast_lio__rosidl_typesupport_fastrtps_c__pyext
[10.342s] In file included from [01m[K/usr/include/boost/smart_ptr/detail/sp_thread_sleep.hpp:22[m[K,
[10.342s]                  from [01m[K/usr/include/boost/smart_ptr/detail/yield_k.hpp:23[m[K,
[10.342s]                  from [01m[K/usr/include/boost/smart_ptr/detail/spinlock_gcc_atomic.hpp:14[m[K,
[10.342s]                  from [01m[K/usr/include/boost/smart_ptr/detail/spinlock.hpp:42[m[K,
[10.342s]                  from [01m[K/usr/include/boost/smart_ptr/detail/spinlock_pool.hpp:25[m[K,
[10.342s]                  from [01m[K/usr/include/boost/smart_ptr/shared_ptr.hpp:29[m[K,
[10.342s]                  from [01m[K/usr/include/boost/shared_ptr.hpp:17[m[K,
[10.342s]                  from [01m[K/usr/include/boost/date_time/microsec_time_clock.hpp:18[m[K,
[10.342s]                  from [01m[K/usr/include/boost/interprocess/detail/posix_time_types_wrk.hpp:31[m[K,
[10.343s]                  from [01m[K/usr/include/boost/interprocess/detail/os_thread_functions.hpp:36[m[K,
[10.343s]                  from [01m[K/usr/include/boost/interprocess/sync/file_lock.hpp:26[m[K,
[10.343s]                  from [01m[K/usr/include/pcl-1.12/pcl/io/pcd_io.h:46[m[K,
[10.343s]                  from [01m[K/opt/ros/humble/include/pcl_conversions/pcl_conversions.h:72[m[K,
[10.343s]                  from [01m[K/home/lx/ros2/ros/mid-360_ws/src/FAST_LIO/src/IMU_Processing.hpp:18[m[K,
[10.343s]                  from [01m[K/home/lx/ros2/ros/mid-360_ws/src/FAST_LIO/src/laserMapping.cpp:47[m[K:
[10.343s] [01m[K/usr/include/boost/bind.hpp:36:1:[m[K [01;36m[Knote: [m[K‘[01m[K#pragma message: The practice of declaring the Bind placeholders (_1, _2, ...) in the global namespace is deprecated. Please use <boost/bind/bind.hpp> + using namespace boost::placeholders, or define BOOST_BIND_GLOBAL_PLACEHOLDERS to retain the current behavior.[m[K’
[10.343s]    36 | [01;36m[KBOOST_PRAGMA_MESSAGE[m[K(
[10.343s]       | [01;36m[K^~~~~~~~~~~~~~~~~~~~[m[K
[59.328s] [100%] [32m[1mLinking CXX executable fastlio_mapping[0m
[60.225s] [100%] Built target fastlio_mapping
[60.233s] Invoked command in '/home/lx/ros2/ros/mid-360_ws/build/fast_lio' returned '0': AMENT_PREFIX_PATH=/home/lx/ros2/ros/mid-360_ws/install/livox_ros_driver2:${AMENT_PREFIX_PATH} CMAKE_PREFIX_PATH=/home/lx/ros2/ros/mid-360_ws/install/livox_ros_driver2:/opt/ros/humble LD_LIBRARY_PATH=/home/lx/ros2/ros/mid-360_ws/install/livox_ros_driver2/lib:${LD_LIBRARY_PATH} PYTHONPATH=/home/lx/ros2/ros/mid-360_ws/install/livox_ros_driver2/local/lib/python3.10/dist-packages:${PYTHONPATH} /usr/bin/cmake --build /home/lx/ros2/ros/mid-360_ws/build/fast_lio -- -j12 -l12
[60.272s] Invoking command in '/home/lx/ros2/ros/mid-360_ws/build/fast_lio': AMENT_PREFIX_PATH=/home/lx/ros2/ros/mid-360_ws/install/livox_ros_driver2:${AMENT_PREFIX_PATH} CMAKE_PREFIX_PATH=/home/lx/ros2/ros/mid-360_ws/install/livox_ros_driver2:/opt/ros/humble LD_LIBRARY_PATH=/home/lx/ros2/ros/mid-360_ws/install/livox_ros_driver2/lib:${LD_LIBRARY_PATH} PYTHONPATH=/home/lx/ros2/ros/mid-360_ws/install/livox_ros_driver2/local/lib/python3.10/dist-packages:${PYTHONPATH} /usr/bin/cmake --install /home/lx/ros2/ros/mid-360_ws/build/fast_lio
[60.277s] -- Install configuration: "Release"
[60.277s] -- Installing: /home/lx/ros2/ros/mid-360_ws/install/fast_lio/share/ament_index/resource_index/rosidl_interfaces/fast_lio
[60.277s] -- Installing: /home/lx/ros2/ros/mid-360_ws/install/fast_lio/include/fast_lio/fast_lio
[60.277s] -- Installing: /home/lx/ros2/ros/mid-360_ws/install/fast_lio/include/fast_lio/fast_lio/msg
[60.277s] -- Installing: /home/lx/ros2/ros/mid-360_ws/install/fast_lio/include/fast_lio/fast_lio/msg/detail
[60.277s] -- Installing: /home/lx/ros2/ros/mid-360_ws/install/fast_lio/include/fast_lio/fast_lio/msg/detail/pose6_d__struct.h
[60.277s] -- Installing: /home/lx/ros2/ros/mid-360_ws/install/fast_lio/include/fast_lio/fast_lio/msg/detail/pose6_d__functions.c
[60.277s] -- Installing: /home/lx/ros2/ros/mid-360_ws/install/fast_lio/include/fast_lio/fast_lio/msg/detail/pose6_d__type_support.h
[60.277s] -- Installing: /home/lx/ros2/ros/mid-360_ws/install/fast_lio/include/fast_lio/fast_lio/msg/detail/pose6_d__functions.h
[60.278s] -- Installing: /home/lx/ros2/ros/mid-360_ws/install/fast_lio/include/fast_lio/fast_lio/msg/pose6_d.h
[60.278s] -- Installing: /home/lx/ros2/ros/mid-360_ws/install/fast_lio/include/fast_lio/fast_lio/msg/rosidl_generator_c__visibility_control.h
[60.278s] -- Installing: /home/lx/ros2/ros/mid-360_ws/install/fast_lio/share/fast_lio/environment/library_path.sh
[60.278s] -- Installing: /home/lx/ros2/ros/mid-360_ws/install/fast_lio/share/fast_lio/environment/library_path.dsv
[60.278s] -- Installing: /home/lx/ros2/ros/mid-360_ws/install/fast_lio/lib/libfast_lio__rosidl_generator_c.so
[60.278s] -- Set runtime path of "/home/lx/ros2/ros/mid-360_ws/install/fast_lio/lib/libfast_lio__rosidl_generator_c.so" to ""
[60.278s] -- Up-to-date: /home/lx/ros2/ros/mid-360_ws/install/fast_lio/include/fast_lio/fast_lio
[60.278s] -- Up-to-date: /home/lx/ros2/ros/mid-360_ws/install/fast_lio/include/fast_lio/fast_lio/msg
[60.278s] -- Up-to-date: /home/lx/ros2/ros/mid-360_ws/install/fast_lio/include/fast_lio/fast_lio/msg/detail
[60.278s] -- Installing: /home/lx/ros2/ros/mid-360_ws/install/fast_lio/include/fast_lio/fast_lio/msg/detail/pose6_d__rosidl_typesupport_fastrtps_c.h
[60.278s] -- Installing: /home/lx/ros2/ros/mid-360_ws/install/fast_lio/include/fast_lio/fast_lio/msg/rosidl_typesupport_fastrtps_c__visibility_control.h
[60.278s] -- Installing: /home/lx/ros2/ros/mid-360_ws/install/fast_lio/lib/libfast_lio__rosidl_typesupport_fastrtps_c.so
[60.278s] -- Set runtime path of "/home/lx/ros2/ros/mid-360_ws/install/fast_lio/lib/libfast_lio__rosidl_typesupport_fastrtps_c.so" to ""
[60.278s] -- Up-to-date: /home/lx/ros2/ros/mid-360_ws/install/fast_lio/include/fast_lio/fast_lio
[60.279s] -- Up-to-date: /home/lx/ros2/ros/mid-360_ws/install/fast_lio/include/fast_lio/fast_lio/msg
[60.279s] -- Up-to-date: /home/lx/ros2/ros/mid-360_ws/install/fast_lio/include/fast_lio/fast_lio/msg/detail
[60.279s] -- Installing: /home/lx/ros2/ros/mid-360_ws/install/fast_lio/include/fast_lio/fast_lio/msg/detail/pose6_d__struct.hpp
[60.279s] -- Installing: /home/lx/ros2/ros/mid-360_ws/install/fast_lio/include/fast_lio/fast_lio/msg/detail/pose6_d__traits.hpp
[60.279s] -- Installing: /home/lx/ros2/ros/mid-360_ws/install/fast_lio/include/fast_lio/fast_lio/msg/detail/pose6_d__builder.hpp
[60.279s] -- Installing: /home/lx/ros2/ros/mid-360_ws/install/fast_lio/include/fast_lio/fast_lio/msg/pose6_d.hpp
[60.279s] -- Up-to-date: /home/lx/ros2/ros/mid-360_ws/install/fast_lio/include/fast_lio/fast_lio
[60.279s] -- Up-to-date: /home/lx/ros2/ros/mid-360_ws/install/fast_lio/include/fast_lio/fast_lio/msg
[60.279s] -- Up-to-date: /home/lx/ros2/ros/mid-360_ws/install/fast_lio/include/fast_lio/fast_lio/msg/detail
[60.279s] -- Installing: /home/lx/ros2/ros/mid-360_ws/install/fast_lio/include/fast_lio/fast_lio/msg/detail/dds_fastrtps
[60.279s] -- Installing: /home/lx/ros2/ros/mid-360_ws/install/fast_lio/include/fast_lio/fast_lio/msg/detail/pose6_d__rosidl_typesupport_fastrtps_cpp.hpp
[60.279s] -- Installing: /home/lx/ros2/ros/mid-360_ws/install/fast_lio/include/fast_lio/fast_lio/msg/rosidl_typesupport_fastrtps_cpp__visibility_control.h
[60.279s] -- Installing: /home/lx/ros2/ros/mid-360_ws/install/fast_lio/lib/libfast_lio__rosidl_typesupport_fastrtps_cpp.so
[60.279s] -- Set runtime path of "/home/lx/ros2/ros/mid-360_ws/install/fast_lio/lib/libfast_lio__rosidl_typesupport_fastrtps_cpp.so" to ""
[60.280s] -- Up-to-date: /home/lx/ros2/ros/mid-360_ws/install/fast_lio/include/fast_lio/fast_lio
[60.280s] -- Up-to-date: /home/lx/ros2/ros/mid-360_ws/install/fast_lio/include/fast_lio/fast_lio/msg
[60.280s] -- Up-to-date: /home/lx/ros2/ros/mid-360_ws/install/fast_lio/include/fast_lio/fast_lio/msg/detail
[60.280s] -- Installing: /home/lx/ros2/ros/mid-360_ws/install/fast_lio/include/fast_lio/fast_lio/msg/detail/pose6_d__type_support.c
[60.280s] -- Installing: /home/lx/ros2/ros/mid-360_ws/install/fast_lio/include/fast_lio/fast_lio/msg/detail/pose6_d__rosidl_typesupport_introspection_c.h
[60.280s] -- Installing: /home/lx/ros2/ros/mid-360_ws/install/fast_lio/include/fast_lio/fast_lio/msg/rosidl_typesupport_introspection_c__visibility_control.h
[60.280s] -- Installing: /home/lx/ros2/ros/mid-360_ws/install/fast_lio/lib/libfast_lio__rosidl_typesupport_introspection_c.so
[60.280s] -- Set runtime path of "/home/lx/ros2/ros/mid-360_ws/install/fast_lio/lib/libfast_lio__rosidl_typesupport_introspection_c.so" to ""
[60.280s] -- Installing: /home/lx/ros2/ros/mid-360_ws/install/fast_lio/lib/libfast_lio__rosidl_typesupport_c.so
[60.280s] -- Set runtime path of "/home/lx/ros2/ros/mid-360_ws/install/fast_lio/lib/libfast_lio__rosidl_typesupport_c.so" to ""
[60.280s] -- Up-to-date: /home/lx/ros2/ros/mid-360_ws/install/fast_lio/include/fast_lio/fast_lio
[60.280s] -- Up-to-date: /home/lx/ros2/ros/mid-360_ws/install/fast_lio/include/fast_lio/fast_lio/msg
[60.280s] -- Up-to-date: /home/lx/ros2/ros/mid-360_ws/install/fast_lio/include/fast_lio/fast_lio/msg/detail
[60.280s] -- Installing: /home/lx/ros2/ros/mid-360_ws/install/fast_lio/include/fast_lio/fast_lio/msg/detail/pose6_d__type_support.cpp
[60.280s] -- Installing: /home/lx/ros2/ros/mid-360_ws/install/fast_lio/include/fast_lio/fast_lio/msg/detail/pose6_d__rosidl_typesupport_introspection_cpp.hpp
[60.280s] -- Installing: /home/lx/ros2/ros/mid-360_ws/install/fast_lio/lib/libfast_lio__rosidl_typesupport_introspection_cpp.so
[60.281s] -- Set runtime path of "/home/lx/ros2/ros/mid-360_ws/install/fast_lio/lib/libfast_lio__rosidl_typesupport_introspection_cpp.so" to ""
[60.281s] -- Installing: /home/lx/ros2/ros/mid-360_ws/install/fast_lio/lib/libfast_lio__rosidl_typesupport_cpp.so
[60.281s] -- Set runtime path of "/home/lx/ros2/ros/mid-360_ws/install/fast_lio/lib/libfast_lio__rosidl_typesupport_cpp.so" to ""
[60.281s] -- Installing: /home/lx/ros2/ros/mid-360_ws/install/fast_lio/share/fast_lio/environment/pythonpath.sh
[60.281s] -- Installing: /home/lx/ros2/ros/mid-360_ws/install/fast_lio/share/fast_lio/environment/pythonpath.dsv
[60.281s] -- Installing: /home/lx/ros2/ros/mid-360_ws/install/fast_lio/local/lib/python3.10/dist-packages/fast_lio-0.0.0-py3.10.egg-info
[60.281s] -- Installing: /home/lx/ros2/ros/mid-360_ws/install/fast_lio/local/lib/python3.10/dist-packages/fast_lio-0.0.0-py3.10.egg-info/top_level.txt
[60.281s] -- Installing: /home/lx/ros2/ros/mid-360_ws/install/fast_lio/local/lib/python3.10/dist-packages/fast_lio-0.0.0-py3.10.egg-info/PKG-INFO
[60.281s] -- Installing: /home/lx/ros2/ros/mid-360_ws/install/fast_lio/local/lib/python3.10/dist-packages/fast_lio-0.0.0-py3.10.egg-info/SOURCES.txt
[60.281s] -- Installing: /home/lx/ros2/ros/mid-360_ws/install/fast_lio/local/lib/python3.10/dist-packages/fast_lio-0.0.0-py3.10.egg-info/dependency_links.txt
[60.281s] -- Installing: /home/lx/ros2/ros/mid-360_ws/install/fast_lio/local/lib/python3.10/dist-packages/fast_lio
[60.281s] -- Installing: /home/lx/ros2/ros/mid-360_ws/install/fast_lio/local/lib/python3.10/dist-packages/fast_lio/fast_lio_s__rosidl_typesupport_c.cpython-310-x86_64-linux-gnu.so
[60.281s] -- Installing: /home/lx/ros2/ros/mid-360_ws/install/fast_lio/local/lib/python3.10/dist-packages/fast_lio/fast_lio_s__rosidl_typesupport_fastrtps_c.cpython-310-x86_64-linux-gnu.so
[60.282s] -- Installing: /home/lx/ros2/ros/mid-360_ws/install/fast_lio/local/lib/python3.10/dist-packages/fast_lio/_fast_lio_s.ep.rosidl_typesupport_fastrtps_c.c
[60.282s] -- Installing: /home/lx/ros2/ros/mid-360_ws/install/fast_lio/local/lib/python3.10/dist-packages/fast_lio/libfast_lio__rosidl_generator_py.so
[60.282s] -- Installing: /home/lx/ros2/ros/mid-360_ws/install/fast_lio/local/lib/python3.10/dist-packages/fast_lio/_fast_lio_s.ep.rosidl_typesupport_c.c
[60.282s] -- Installing: /home/lx/ros2/ros/mid-360_ws/install/fast_lio/local/lib/python3.10/dist-packages/fast_lio/msg
[60.282s] -- Installing: /home/lx/ros2/ros/mid-360_ws/install/fast_lio/local/lib/python3.10/dist-packages/fast_lio/msg/_pose6_d.py
[60.282s] -- Installing: /home/lx/ros2/ros/mid-360_ws/install/fast_lio/local/lib/python3.10/dist-packages/fast_lio/msg/_pose6_d_s.c
[60.282s] -- Installing: /home/lx/ros2/ros/mid-360_ws/install/fast_lio/local/lib/python3.10/dist-packages/fast_lio/msg/__init__.py
[60.282s] -- Installing: /home/lx/ros2/ros/mid-360_ws/install/fast_lio/local/lib/python3.10/dist-packages/fast_lio/_fast_lio_s.ep.rosidl_typesupport_introspection_c.c
[60.282s] -- Installing: /home/lx/ros2/ros/mid-360_ws/install/fast_lio/local/lib/python3.10/dist-packages/fast_lio/__init__.py
[60.282s] -- Installing: /home/lx/ros2/ros/mid-360_ws/install/fast_lio/local/lib/python3.10/dist-packages/fast_lio/fast_lio_s__rosidl_typesupport_introspection_c.cpython-310-x86_64-linux-gnu.so
[60.308s] Listing '/home/lx/ros2/ros/mid-360_ws/install/fast_lio/local/lib/python3.10/dist-packages/fast_lio'...
[60.308s] Compiling '/home/lx/ros2/ros/mid-360_ws/install/fast_lio/local/lib/python3.10/dist-packages/fast_lio/__init__.py'...
[60.308s] Listing '/home/lx/ros2/ros/mid-360_ws/install/fast_lio/local/lib/python3.10/dist-packages/fast_lio/msg'...
[60.308s] Compiling '/home/lx/ros2/ros/mid-360_ws/install/fast_lio/local/lib/python3.10/dist-packages/fast_lio/msg/__init__.py'...
[60.308s] Compiling '/home/lx/ros2/ros/mid-360_ws/install/fast_lio/local/lib/python3.10/dist-packages/fast_lio/msg/_pose6_d.py'...
[60.311s] -- Installing: /home/lx/ros2/ros/mid-360_ws/install/fast_lio/local/lib/python3.10/dist-packages/fast_lio/fast_lio_s__rosidl_typesupport_fastrtps_c.cpython-310-x86_64-linux-gnu.so
[60.312s] -- Set runtime path of "/home/lx/ros2/ros/mid-360_ws/install/fast_lio/local/lib/python3.10/dist-packages/fast_lio/fast_lio_s__rosidl_typesupport_fastrtps_c.cpython-310-x86_64-linux-gnu.so" to ""
[60.312s] -- Installing: /home/lx/ros2/ros/mid-360_ws/install/fast_lio/local/lib/python3.10/dist-packages/fast_lio/fast_lio_s__rosidl_typesupport_introspection_c.cpython-310-x86_64-linux-gnu.so
[60.312s] -- Set runtime path of "/home/lx/ros2/ros/mid-360_ws/install/fast_lio/local/lib/python3.10/dist-packages/fast_lio/fast_lio_s__rosidl_typesupport_introspection_c.cpython-310-x86_64-linux-gnu.so" to ""
[60.312s] -- Installing: /home/lx/ros2/ros/mid-360_ws/install/fast_lio/local/lib/python3.10/dist-packages/fast_lio/fast_lio_s__rosidl_typesupport_c.cpython-310-x86_64-linux-gnu.so
[60.313s] -- Set runtime path of "/home/lx/ros2/ros/mid-360_ws/install/fast_lio/local/lib/python3.10/dist-packages/fast_lio/fast_lio_s__rosidl_typesupport_c.cpython-310-x86_64-linux-gnu.so" to ""
[60.313s] -- Installing: /home/lx/ros2/ros/mid-360_ws/install/fast_lio/lib/libfast_lio__rosidl_generator_py.so
[60.313s] -- Set runtime path of "/home/lx/ros2/ros/mid-360_ws/install/fast_lio/lib/libfast_lio__rosidl_generator_py.so" to ""
[60.313s] -- Installing: /home/lx/ros2/ros/mid-360_ws/install/fast_lio/share/fast_lio/msg/Pose6D.idl
[60.313s] -- Installing: /home/lx/ros2/ros/mid-360_ws/install/fast_lio/share/fast_lio/msg/Pose6D.msg
[60.313s] -- Installing: /home/lx/ros2/ros/mid-360_ws/install/fast_lio/lib/fast_lio/fastlio_mapping
[60.315s] -- Set runtime path of "/home/lx/ros2/ros/mid-360_ws/install/fast_lio/lib/fast_lio/fastlio_mapping" to ""
[60.315s] -- Installing: /home/lx/ros2/ros/mid-360_ws/install/fast_lio/share/fast_lio/config
[60.315s] -- Installing: /home/lx/ros2/ros/mid-360_ws/install/fast_lio/share/fast_lio/config/avia.yaml
[60.316s] -- Installing: /home/lx/ros2/ros/mid-360_ws/install/fast_lio/share/fast_lio/config/horizon.yaml
[60.316s] -- Installing: /home/lx/ros2/ros/mid-360_ws/install/fast_lio/share/fast_lio/config/mid360.yaml
[60.316s] -- Installing: /home/lx/ros2/ros/mid-360_ws/install/fast_lio/share/fast_lio/config/velodyne.yaml
[60.316s] -- Installing: /home/lx/ros2/ros/mid-360_ws/install/fast_lio/share/fast_lio/config/ouster64.yaml
[60.316s] -- Installing: /home/lx/ros2/ros/mid-360_ws/install/fast_lio/share/fast_lio/launch
[60.316s] -- Installing: /home/lx/ros2/ros/mid-360_ws/install/fast_lio/share/fast_lio/launch/mapping.launch.py
[60.316s] -- Installing: /home/lx/ros2/ros/mid-360_ws/install/fast_lio/share/fast_lio/launch/mapping_avia.launch
[60.316s] -- Installing: /home/lx/ros2/ros/mid-360_ws/install/fast_lio/share/fast_lio/launch/gdb_debug_example.launch
[60.316s] -- Installing: /home/lx/ros2/ros/mid-360_ws/install/fast_lio/share/fast_lio/launch/mapping_velodyne.launch
[60.316s] -- Installing: /home/lx/ros2/ros/mid-360_ws/install/fast_lio/share/fast_lio/launch/mapping_horizon.launch
[60.316s] -- Installing: /home/lx/ros2/ros/mid-360_ws/install/fast_lio/share/fast_lio/launch/mapping_ouster64.launch
[60.316s] -- Installing: /home/lx/ros2/ros/mid-360_ws/install/fast_lio/share/fast_lio/rviz
[60.316s] -- Installing: /home/lx/ros2/ros/mid-360_ws/install/fast_lio/share/fast_lio/rviz/fastlio.rviz
[60.316s] -- Installing: /home/lx/ros2/ros/mid-360_ws/install/fast_lio/share/ament_index/resource_index/package_run_dependencies/fast_lio
[60.316s] -- Installing: /home/lx/ros2/ros/mid-360_ws/install/fast_lio/share/ament_index/resource_index/parent_prefix_path/fast_lio
[60.317s] -- Installing: /home/lx/ros2/ros/mid-360_ws/install/fast_lio/share/fast_lio/environment/ament_prefix_path.sh
[60.317s] -- Installing: /home/lx/ros2/ros/mid-360_ws/install/fast_lio/share/fast_lio/environment/ament_prefix_path.dsv
[60.317s] -- Installing: /home/lx/ros2/ros/mid-360_ws/install/fast_lio/share/fast_lio/environment/path.sh
[60.317s] -- Installing: /home/lx/ros2/ros/mid-360_ws/install/fast_lio/share/fast_lio/environment/path.dsv
[60.317s] -- Installing: /home/lx/ros2/ros/mid-360_ws/install/fast_lio/share/fast_lio/local_setup.bash
[60.317s] -- Installing: /home/lx/ros2/ros/mid-360_ws/install/fast_lio/share/fast_lio/local_setup.sh
[60.317s] -- Installing: /home/lx/ros2/ros/mid-360_ws/install/fast_lio/share/fast_lio/local_setup.zsh
[60.317s] -- Installing: /home/lx/ros2/ros/mid-360_ws/install/fast_lio/share/fast_lio/local_setup.dsv
[60.317s] -- Installing: /home/lx/ros2/ros/mid-360_ws/install/fast_lio/share/fast_lio/package.dsv
[60.317s] -- Installing: /home/lx/ros2/ros/mid-360_ws/install/fast_lio/share/ament_index/resource_index/packages/fast_lio
[60.317s] -- Installing: /home/lx/ros2/ros/mid-360_ws/install/fast_lio/share/fast_lio/cmake/export_fast_lio__rosidl_generator_cExport.cmake
[60.317s] -- Installing: /home/lx/ros2/ros/mid-360_ws/install/fast_lio/share/fast_lio/cmake/export_fast_lio__rosidl_generator_cExport-release.cmake
[60.317s] -- Installing: /home/lx/ros2/ros/mid-360_ws/install/fast_lio/share/fast_lio/cmake/export_fast_lio__rosidl_typesupport_fastrtps_cExport.cmake
[60.317s] -- Installing: /home/lx/ros2/ros/mid-360_ws/install/fast_lio/share/fast_lio/cmake/export_fast_lio__rosidl_typesupport_fastrtps_cExport-release.cmake
[60.318s] -- Installing: /home/lx/ros2/ros/mid-360_ws/install/fast_lio/share/fast_lio/cmake/export_fast_lio__rosidl_generator_cppExport.cmake
[60.318s] -- Installing: /home/lx/ros2/ros/mid-360_ws/install/fast_lio/share/fast_lio/cmake/export_fast_lio__rosidl_typesupport_fastrtps_cppExport.cmake
[60.318s] -- Installing: /home/lx/ros2/ros/mid-360_ws/install/fast_lio/share/fast_lio/cmake/export_fast_lio__rosidl_typesupport_fastrtps_cppExport-release.cmake
[60.318s] -- Installing: /home/lx/ros2/ros/mid-360_ws/install/fast_lio/share/fast_lio/cmake/fast_lio__rosidl_typesupport_introspection_cExport.cmake
[60.318s] -- Installing: /home/lx/ros2/ros/mid-360_ws/install/fast_lio/share/fast_lio/cmake/fast_lio__rosidl_typesupport_introspection_cExport-release.cmake
[60.318s] -- Installing: /home/lx/ros2/ros/mid-360_ws/install/fast_lio/share/fast_lio/cmake/fast_lio__rosidl_typesupport_cExport.cmake
[60.318s] -- Installing: /home/lx/ros2/ros/mid-360_ws/install/fast_lio/share/fast_lio/cmake/fast_lio__rosidl_typesupport_cExport-release.cmake
[60.318s] -- Installing: /home/lx/ros2/ros/mid-360_ws/install/fast_lio/share/fast_lio/cmake/fast_lio__rosidl_typesupport_introspection_cppExport.cmake
[60.318s] -- Installing: /home/lx/ros2/ros/mid-360_ws/install/fast_lio/share/fast_lio/cmake/fast_lio__rosidl_typesupport_introspection_cppExport-release.cmake
[60.318s] -- Installing: /home/lx/ros2/ros/mid-360_ws/install/fast_lio/share/fast_lio/cmake/fast_lio__rosidl_typesupport_cppExport.cmake
[60.318s] -- Installing: /home/lx/ros2/ros/mid-360_ws/install/fast_lio/share/fast_lio/cmake/fast_lio__rosidl_typesupport_cppExport-release.cmake
[60.319s] -- Installing: /home/lx/ros2/ros/mid-360_ws/install/fast_lio/share/fast_lio/cmake/export_fast_lio__rosidl_generator_pyExport.cmake
[60.319s] -- Installing: /home/lx/ros2/ros/mid-360_ws/install/fast_lio/share/fast_lio/cmake/export_fast_lio__rosidl_generator_pyExport-release.cmake
[60.319s] -- Installing: /home/lx/ros2/ros/mid-360_ws/install/fast_lio/share/fast_lio/cmake/rosidl_cmake-extras.cmake
[60.319s] -- Installing: /home/lx/ros2/ros/mid-360_ws/install/fast_lio/share/fast_lio/cmake/ament_cmake_export_include_directories-extras.cmake
[60.319s] -- Installing: /home/lx/ros2/ros/mid-360_ws/install/fast_lio/share/fast_lio/cmake/ament_cmake_export_libraries-extras.cmake
[60.319s] -- Installing: /home/lx/ros2/ros/mid-360_ws/install/fast_lio/share/fast_lio/cmake/ament_cmake_export_targets-extras.cmake
[60.319s] -- Installing: /home/lx/ros2/ros/mid-360_ws/install/fast_lio/share/fast_lio/cmake/rosidl_cmake_export_typesupport_targets-extras.cmake
[60.319s] -- Installing: /home/lx/ros2/ros/mid-360_ws/install/fast_lio/share/fast_lio/cmake/ament_cmake_export_dependencies-extras.cmake
[60.319s] -- Installing: /home/lx/ros2/ros/mid-360_ws/install/fast_lio/share/fast_lio/cmake/rosidl_cmake_export_typesupport_libraries-extras.cmake
[60.319s] -- Installing: /home/lx/ros2/ros/mid-360_ws/install/fast_lio/share/fast_lio/cmake/fast_lioConfig.cmake
[60.319s] -- Installing: /home/lx/ros2/ros/mid-360_ws/install/fast_lio/share/fast_lio/cmake/fast_lioConfig-version.cmake
[60.319s] -- Installing: /home/lx/ros2/ros/mid-360_ws/install/fast_lio/share/fast_lio/package.xml
[60.321s] Invoked command in '/home/lx/ros2/ros/mid-360_ws/build/fast_lio' returned '0': AMENT_PREFIX_PATH=/home/lx/ros2/ros/mid-360_ws/install/livox_ros_driver2:${AMENT_PREFIX_PATH} CMAKE_PREFIX_PATH=/home/lx/ros2/ros/mid-360_ws/install/livox_ros_driver2:/opt/ros/humble LD_LIBRARY_PATH=/home/lx/ros2/ros/mid-360_ws/install/livox_ros_driver2/lib:${LD_LIBRARY_PATH} PYTHONPATH=/home/lx/ros2/ros/mid-360_ws/install/livox_ros_driver2/local/lib/python3.10/dist-packages:${PYTHONPATH} /usr/bin/cmake --install /home/lx/ros2/ros/mid-360_ws/build/fast_lio
