[0.523s] DEBUG:colcon:Command line arguments: ['/usr/bin/colcon', 'build']
[0.523s] DEBUG:colcon:Parsed command line arguments: Namespace(log_base=None, log_level=None, verb_name='build', build_base='build', install_base='install', merge_install=False, symlink_install=False, test_result_base=None, continue_on_error=False, executor='parallel', parallel_workers=16, event_handlers=None, ignore_user_meta=False, metas=['./colcon.meta'], base_paths=['.'], packages_ignore=None, packages_ignore_regex=None, paths=None, packages_up_to=None, packages_up_to_regex=None, packages_above=None, packages_above_and_dependencies=None, packages_above_depth=None, packages_select_by_dep=None, packages_skip_by_dep=None, packages_skip_up_to=None, packages_select_build_failed=False, packages_skip_build_finished=False, packages_select_test_failures=False, packages_skip_test_passed=False, packages_select=None, packages_skip=None, packages_select_regex=None, packages_skip_regex=None, packages_start=None, packages_end=None, allow_overriding=[], cmake_args=None, cmake_target=None, cmake_target_skip_unavailable=False, cmake_clean_cache=False, cmake_clean_first=False, cmake_force_configure=False, ament_cmake_args=None, catkin_cmake_args=None, catkin_skip_building_tests=False, verb_parser=<colcon_defaults.argument_parser.defaults.DefaultArgumentsDecorator object at 0x7fa9456dfca0>, verb_extension=<colcon_core.verb.build.BuildVerb object at 0x7fa94593cd90>, main=<bound method BuildVerb.main of <colcon_core.verb.build.BuildVerb object at 0x7fa94593cd90>>)
[0.551s] Level 1:colcon.colcon_core.package_discovery:discover_packages(colcon_meta) check parameters
[0.551s] Level 1:colcon.colcon_core.package_discovery:discover_packages(recursive) check parameters
[0.551s] Level 1:colcon.colcon_core.package_discovery:discover_packages(ignore) check parameters
[0.551s] Level 1:colcon.colcon_core.package_discovery:discover_packages(path) check parameters
[0.551s] Level 1:colcon.colcon_core.package_discovery:discover_packages(colcon_meta) discover
[0.551s] Level 1:colcon.colcon_core.package_discovery:discover_packages(recursive) discover
[0.552s] INFO:colcon.colcon_core.package_discovery:Crawling recursively for packages in '/home/johan/ws_fast'
[0.552s] Level 1:colcon.colcon_core.package_identification:_identify(.) by extensions ['ignore', 'ignore_ament_install']
[0.552s] Level 1:colcon.colcon_core.package_identification:_identify(.) by extension 'ignore'
[0.552s] Level 1:colcon.colcon_core.package_identification:_identify(.) by extension 'ignore_ament_install'
[0.552s] Level 1:colcon.colcon_core.package_identification:_identify(.) by extensions ['colcon_pkg']
[0.552s] Level 1:colcon.colcon_core.package_identification:_identify(.) by extension 'colcon_pkg'
[0.552s] Level 1:colcon.colcon_core.package_identification:_identify(.) by extensions ['colcon_meta']
[0.552s] Level 1:colcon.colcon_core.package_identification:_identify(.) by extension 'colcon_meta'
[0.552s] Level 1:colcon.colcon_core.package_identification:_identify(.) by extensions ['ros']
[0.552s] Level 1:colcon.colcon_core.package_identification:_identify(.) by extension 'ros'
[0.560s] Level 1:colcon.colcon_core.package_identification:_identify(.) by extensions ['cmake', 'python']
[0.560s] Level 1:colcon.colcon_core.package_identification:_identify(.) by extension 'cmake'
[0.560s] Level 1:colcon.colcon_core.package_identification:_identify(.) by extension 'python'
[0.560s] Level 1:colcon.colcon_core.package_identification:_identify(.) by extensions ['python_setup_py']
[0.560s] Level 1:colcon.colcon_core.package_identification:_identify(.) by extension 'python_setup_py'
[0.560s] Level 1:colcon.colcon_core.package_identification:_identify(build) by extensions ['ignore', 'ignore_ament_install']
[0.560s] Level 1:colcon.colcon_core.package_identification:_identify(build) by extension 'ignore'
[0.560s] Level 1:colcon.colcon_core.package_identification:_identify(build) ignored
[0.560s] Level 1:colcon.colcon_core.package_identification:_identify(install) by extensions ['ignore', 'ignore_ament_install']
[0.560s] Level 1:colcon.colcon_core.package_identification:_identify(install) by extension 'ignore'
[0.560s] Level 1:colcon.colcon_core.package_identification:_identify(install) ignored
[0.560s] Level 1:colcon.colcon_core.package_identification:_identify(log) by extensions ['ignore', 'ignore_ament_install']
[0.560s] Level 1:colcon.colcon_core.package_identification:_identify(log) by extension 'ignore'
[0.560s] Level 1:colcon.colcon_core.package_identification:_identify(log) ignored
[0.560s] Level 1:colcon.colcon_core.package_identification:_identify(src) by extensions ['ignore', 'ignore_ament_install']
[0.560s] Level 1:colcon.colcon_core.package_identification:_identify(src) by extension 'ignore'
[0.560s] Level 1:colcon.colcon_core.package_identification:_identify(src) by extension 'ignore_ament_install'
[0.560s] Level 1:colcon.colcon_core.package_identification:_identify(src) by extensions ['colcon_pkg']
[0.560s] Level 1:colcon.colcon_core.package_identification:_identify(src) by extension 'colcon_pkg'
[0.560s] Level 1:colcon.colcon_core.package_identification:_identify(src) by extensions ['colcon_meta']
[0.560s] Level 1:colcon.colcon_core.package_identification:_identify(src) by extension 'colcon_meta'
[0.561s] Level 1:colcon.colcon_core.package_identification:_identify(src) by extensions ['ros']
[0.561s] Level 1:colcon.colcon_core.package_identification:_identify(src) by extension 'ros'
[0.561s] Level 1:colcon.colcon_core.package_identification:_identify(src) by extensions ['cmake', 'python']
[0.561s] Level 1:colcon.colcon_core.package_identification:_identify(src) by extension 'cmake'
[0.561s] Level 1:colcon.colcon_core.package_identification:_identify(src) by extension 'python'
[0.561s] Level 1:colcon.colcon_core.package_identification:_identify(src) by extensions ['python_setup_py']
[0.561s] Level 1:colcon.colcon_core.package_identification:_identify(src) by extension 'python_setup_py'
[0.561s] Level 1:colcon.colcon_core.package_identification:_identify(src/FAST_LIO) by extensions ['ignore', 'ignore_ament_install']
[0.561s] Level 1:colcon.colcon_core.package_identification:_identify(src/FAST_LIO) by extension 'ignore'
[0.561s] Level 1:colcon.colcon_core.package_identification:_identify(src/FAST_LIO) by extension 'ignore_ament_install'
[0.561s] Level 1:colcon.colcon_core.package_identification:_identify(src/FAST_LIO) by extensions ['colcon_pkg']
[0.561s] Level 1:colcon.colcon_core.package_identification:_identify(src/FAST_LIO) by extension 'colcon_pkg'
[0.561s] Level 1:colcon.colcon_core.package_identification:_identify(src/FAST_LIO) by extensions ['colcon_meta']
[0.561s] Level 1:colcon.colcon_core.package_identification:_identify(src/FAST_LIO) by extension 'colcon_meta'
[0.561s] Level 1:colcon.colcon_core.package_identification:_identify(src/FAST_LIO) by extensions ['ros']
[0.561s] Level 1:colcon.colcon_core.package_identification:_identify(src/FAST_LIO) by extension 'ros'
[0.563s] DEBUG:colcon.colcon_core.package_identification:Package 'src/FAST_LIO' with type 'ros.ament_cmake' and name 'fast_lio'
[0.563s] Level 1:colcon.colcon_core.package_identification:_identify(src/livox_ros_driver2) by extensions ['ignore', 'ignore_ament_install']
[0.563s] Level 1:colcon.colcon_core.package_identification:_identify(src/livox_ros_driver2) by extension 'ignore'
[0.563s] Level 1:colcon.colcon_core.package_identification:_identify(src/livox_ros_driver2) by extension 'ignore_ament_install'
[0.563s] Level 1:colcon.colcon_core.package_identification:_identify(src/livox_ros_driver2) by extensions ['colcon_pkg']
[0.563s] Level 1:colcon.colcon_core.package_identification:_identify(src/livox_ros_driver2) by extension 'colcon_pkg'
[0.563s] Level 1:colcon.colcon_core.package_identification:_identify(src/livox_ros_driver2) by extensions ['colcon_meta']
[0.563s] Level 1:colcon.colcon_core.package_identification:_identify(src/livox_ros_driver2) by extension 'colcon_meta'
[0.563s] Level 1:colcon.colcon_core.package_identification:_identify(src/livox_ros_driver2) by extensions ['ros']
[0.563s] Level 1:colcon.colcon_core.package_identification:_identify(src/livox_ros_driver2) by extension 'ros'
[0.564s] DEBUG:colcon.colcon_core.package_identification:Package 'src/livox_ros_driver2' with type 'ros.ament_cmake' and name 'livox_ros_driver2'
[0.564s] Level 1:colcon.colcon_core.package_identification:_identify(src/pointcloud_to_laserscan-rolling) by extensions ['ignore', 'ignore_ament_install']
[0.564s] Level 1:colcon.colcon_core.package_identification:_identify(src/pointcloud_to_laserscan-rolling) by extension 'ignore'
[0.564s] Level 1:colcon.colcon_core.package_identification:_identify(src/pointcloud_to_laserscan-rolling) by extension 'ignore_ament_install'
[0.564s] Level 1:colcon.colcon_core.package_identification:_identify(src/pointcloud_to_laserscan-rolling) by extensions ['colcon_pkg']
[0.564s] Level 1:colcon.colcon_core.package_identification:_identify(src/pointcloud_to_laserscan-rolling) by extension 'colcon_pkg'
[0.564s] Level 1:colcon.colcon_core.package_identification:_identify(src/pointcloud_to_laserscan-rolling) by extensions ['colcon_meta']
[0.564s] Level 1:colcon.colcon_core.package_identification:_identify(src/pointcloud_to_laserscan-rolling) by extension 'colcon_meta'
[0.564s] Level 1:colcon.colcon_core.package_identification:_identify(src/pointcloud_to_laserscan-rolling) by extensions ['ros']
[0.564s] Level 1:colcon.colcon_core.package_identification:_identify(src/pointcloud_to_laserscan-rolling) by extension 'ros'
[0.565s] DEBUG:colcon.colcon_core.package_identification:Package 'src/pointcloud_to_laserscan-rolling' with type 'ros.ament_cmake' and name 'pointcloud_to_laserscan'
[0.565s] Level 1:colcon.colcon_core.package_discovery:discover_packages(recursive) using defaults
[0.565s] Level 1:colcon.colcon_core.package_discovery:discover_packages(ignore) discover
[0.565s] Level 1:colcon.colcon_core.package_discovery:discover_packages(ignore) using defaults
[0.565s] Level 1:colcon.colcon_core.package_discovery:discover_packages(path) discover
[0.565s] Level 1:colcon.colcon_core.package_discovery:discover_packages(path) using defaults
[0.616s] Level 1:colcon.colcon_core.package_discovery:discover_packages(prefix_path) check parameters
[0.616s] Level 1:colcon.colcon_core.package_discovery:discover_packages(prefix_path) discover
[0.630s] DEBUG:colcon.colcon_installed_package_information.package_discovery:Found 271 installed packages in /opt/ros/humble
[0.632s] Level 1:colcon.colcon_core.package_discovery:discover_packages(prefix_path) using defaults
[0.679s] Level 5:colcon.colcon_core.verb:set package 'livox_ros_driver2' build argument 'cmake_args' from command line to 'None'
[0.679s] Level 5:colcon.colcon_core.verb:set package 'livox_ros_driver2' build argument 'cmake_target' from command line to 'None'
[0.679s] Level 5:colcon.colcon_core.verb:set package 'livox_ros_driver2' build argument 'cmake_target_skip_unavailable' from command line to 'False'
[0.679s] Level 5:colcon.colcon_core.verb:set package 'livox_ros_driver2' build argument 'cmake_clean_cache' from command line to 'False'
[0.679s] Level 5:colcon.colcon_core.verb:set package 'livox_ros_driver2' build argument 'cmake_clean_first' from command line to 'False'
[0.679s] Level 5:colcon.colcon_core.verb:set package 'livox_ros_driver2' build argument 'cmake_force_configure' from command line to 'False'
[0.679s] Level 5:colcon.colcon_core.verb:set package 'livox_ros_driver2' build argument 'ament_cmake_args' from command line to 'None'
[0.679s] Level 5:colcon.colcon_core.verb:set package 'livox_ros_driver2' build argument 'catkin_cmake_args' from command line to 'None'
[0.679s] Level 5:colcon.colcon_core.verb:set package 'livox_ros_driver2' build argument 'catkin_skip_building_tests' from command line to 'False'
[0.679s] DEBUG:colcon.colcon_core.verb:Building package 'livox_ros_driver2' with the following arguments: {'ament_cmake_args': None, 'build_base': '/home/johan/ws_fast/build/livox_ros_driver2', 'catkin_cmake_args': None, 'catkin_skip_building_tests': False, 'cmake_args': None, 'cmake_clean_cache': False, 'cmake_clean_first': False, 'cmake_force_configure': False, 'cmake_target': None, 'cmake_target_skip_unavailable': False, 'install_base': '/home/johan/ws_fast/install/livox_ros_driver2', 'merge_install': False, 'path': '/home/johan/ws_fast/src/livox_ros_driver2', 'symlink_install': False, 'test_result_base': None}
[0.686s] Level 5:colcon.colcon_core.verb:set package 'pointcloud_to_laserscan' build argument 'cmake_args' from command line to 'None'
[0.686s] Level 5:colcon.colcon_core.verb:set package 'pointcloud_to_laserscan' build argument 'cmake_target' from command line to 'None'
[0.686s] Level 5:colcon.colcon_core.verb:set package 'pointcloud_to_laserscan' build argument 'cmake_target_skip_unavailable' from command line to 'False'
[0.686s] Level 5:colcon.colcon_core.verb:set package 'pointcloud_to_laserscan' build argument 'cmake_clean_cache' from command line to 'False'
[0.686s] Level 5:colcon.colcon_core.verb:set package 'pointcloud_to_laserscan' build argument 'cmake_clean_first' from command line to 'False'
[0.686s] Level 5:colcon.colcon_core.verb:set package 'pointcloud_to_laserscan' build argument 'cmake_force_configure' from command line to 'False'
[0.686s] Level 5:colcon.colcon_core.verb:set package 'pointcloud_to_laserscan' build argument 'ament_cmake_args' from command line to 'None'
[0.686s] Level 5:colcon.colcon_core.verb:set package 'pointcloud_to_laserscan' build argument 'catkin_cmake_args' from command line to 'None'
[0.686s] Level 5:colcon.colcon_core.verb:set package 'pointcloud_to_laserscan' build argument 'catkin_skip_building_tests' from command line to 'False'
[0.686s] DEBUG:colcon.colcon_core.verb:Building package 'pointcloud_to_laserscan' with the following arguments: {'ament_cmake_args': None, 'build_base': '/home/johan/ws_fast/build/pointcloud_to_laserscan', 'catkin_cmake_args': None, 'catkin_skip_building_tests': False, 'cmake_args': None, 'cmake_clean_cache': False, 'cmake_clean_first': False, 'cmake_force_configure': False, 'cmake_target': None, 'cmake_target_skip_unavailable': False, 'install_base': '/home/johan/ws_fast/install/pointcloud_to_laserscan', 'merge_install': False, 'path': '/home/johan/ws_fast/src/pointcloud_to_laserscan-rolling', 'symlink_install': False, 'test_result_base': None}
[0.692s] Level 5:colcon.colcon_core.verb:set package 'fast_lio' build argument 'cmake_args' from command line to 'None'
[0.693s] Level 5:colcon.colcon_core.verb:set package 'fast_lio' build argument 'cmake_target' from command line to 'None'
[0.693s] Level 5:colcon.colcon_core.verb:set package 'fast_lio' build argument 'cmake_target_skip_unavailable' from command line to 'False'
[0.693s] Level 5:colcon.colcon_core.verb:set package 'fast_lio' build argument 'cmake_clean_cache' from command line to 'False'
[0.693s] Level 5:colcon.colcon_core.verb:set package 'fast_lio' build argument 'cmake_clean_first' from command line to 'False'
[0.693s] Level 5:colcon.colcon_core.verb:set package 'fast_lio' build argument 'cmake_force_configure' from command line to 'False'
[0.693s] Level 5:colcon.colcon_core.verb:set package 'fast_lio' build argument 'ament_cmake_args' from command line to 'None'
[0.693s] Level 5:colcon.colcon_core.verb:set package 'fast_lio' build argument 'catkin_cmake_args' from command line to 'None'
[0.693s] Level 5:colcon.colcon_core.verb:set package 'fast_lio' build argument 'catkin_skip_building_tests' from command line to 'False'
[0.693s] DEBUG:colcon.colcon_core.verb:Building package 'fast_lio' with the following arguments: {'ament_cmake_args': None, 'build_base': '/home/johan/ws_fast/build/fast_lio', 'catkin_cmake_args': None, 'catkin_skip_building_tests': False, 'cmake_args': None, 'cmake_clean_cache': False, 'cmake_clean_first': False, 'cmake_force_configure': False, 'cmake_target': None, 'cmake_target_skip_unavailable': False, 'install_base': '/home/johan/ws_fast/install/fast_lio', 'merge_install': False, 'path': '/home/johan/ws_fast/src/FAST_LIO', 'symlink_install': False, 'test_result_base': None}
[0.699s] INFO:colcon.colcon_core.executor:Executing jobs using 'parallel' executor
[0.706s] DEBUG:colcon.colcon_parallel_executor.executor.parallel:run_until_complete
[0.706s] INFO:colcon.colcon_ros.task.ament_cmake.build:Building ROS package in '/home/johan/ws_fast/src/livox_ros_driver2' with build type 'ament_cmake'
[0.706s] INFO:colcon.colcon_cmake.task.cmake.build:Building CMake package in '/home/johan/ws_fast/src/livox_ros_driver2'
[0.719s] INFO:colcon.colcon_core.plugin_system:Skipping extension 'colcon_core.shell.bat': Not used on non-Windows systems
[0.719s] INFO:colcon.colcon_core.shell:Skip shell extension 'powershell' for command environment: Not usable outside of PowerShell
[0.719s] DEBUG:colcon.colcon_core.shell:Skip shell extension 'dsv' for command environment
[0.734s] INFO:colcon.colcon_ros.task.ament_cmake.build:Building ROS package in '/home/johan/ws_fast/src/pointcloud_to_laserscan-rolling' with build type 'ament_cmake'
[0.734s] INFO:colcon.colcon_cmake.task.cmake.build:Building CMake package in '/home/johan/ws_fast/src/pointcloud_to_laserscan-rolling'
[0.740s] INFO:colcon.colcon_core.shell:Skip shell extension 'powershell' for command environment: Not usable outside of PowerShell
[0.740s] DEBUG:colcon.colcon_core.shell:Skip shell extension 'dsv' for command environment
[0.760s] DEBUG:colcon.colcon_core.event_handler.log_command:Invoking command in '/home/johan/ws_fast/build/livox_ros_driver2': CMAKE_PREFIX_PATH=/opt/ros/humble /usr/bin/cmake --build /home/johan/ws_fast/build/livox_ros_driver2 -- -j16 -l16
[0.761s] DEBUG:colcon.colcon_core.event_handler.log_command:Invoking command in '/home/johan/ws_fast/build/pointcloud_to_laserscan': CMAKE_PREFIX_PATH=/opt/ros/humble /usr/bin/cmake /home/johan/ws_fast/src/pointcloud_to_laserscan-rolling -DCMAKE_INSTALL_PREFIX=/home/johan/ws_fast/install/pointcloud_to_laserscan
[0.975s] DEBUG:colcon.colcon_core.event_handler.log_command:Invoked command in '/home/johan/ws_fast/build/livox_ros_driver2' returned '0': CMAKE_PREFIX_PATH=/opt/ros/humble /usr/bin/cmake --build /home/johan/ws_fast/build/livox_ros_driver2 -- -j16 -l16
[1.045s] DEBUG:colcon.colcon_core.event_handler.log_command:Invoking command in '/home/johan/ws_fast/build/livox_ros_driver2': CMAKE_PREFIX_PATH=/opt/ros/humble /usr/bin/cmake --install /home/johan/ws_fast/build/livox_ros_driver2
[1.086s] Level 1:colcon.colcon_core.environment:create_environment_scripts_only(livox_ros_driver2)
[1.086s] DEBUG:colcon.colcon_core.event_handler.log_command:Invoked command in '/home/johan/ws_fast/build/livox_ros_driver2' returned '0': CMAKE_PREFIX_PATH=/opt/ros/humble /usr/bin/cmake --install /home/johan/ws_fast/build/livox_ros_driver2
[1.097s] Level 1:colcon.colcon_core.environment:checking '/home/johan/ws_fast/install/livox_ros_driver2' for CMake module files
[1.098s] Level 1:colcon.colcon_core.environment:checking '/home/johan/ws_fast/install/livox_ros_driver2' for CMake config files
[1.099s] Level 1:colcon.colcon_core.shell:create_environment_hook('livox_ros_driver2', 'cmake_prefix_path')
[1.105s] INFO:colcon.colcon_core.shell:Creating environment hook '/home/johan/ws_fast/install/livox_ros_driver2/share/livox_ros_driver2/hook/cmake_prefix_path.ps1'
[1.106s] INFO:colcon.colcon_core.shell:Creating environment descriptor '/home/johan/ws_fast/install/livox_ros_driver2/share/livox_ros_driver2/hook/cmake_prefix_path.dsv'
[1.106s] INFO:colcon.colcon_core.shell:Creating environment hook '/home/johan/ws_fast/install/livox_ros_driver2/share/livox_ros_driver2/hook/cmake_prefix_path.sh'
[1.107s] Level 1:colcon.colcon_core.environment:checking '/home/johan/ws_fast/install/livox_ros_driver2/lib'
[1.107s] Level 1:colcon.colcon_core.shell:create_environment_hook('livox_ros_driver2', 'ld_library_path_lib')
[1.113s] INFO:colcon.colcon_core.shell:Creating environment hook '/home/johan/ws_fast/install/livox_ros_driver2/share/livox_ros_driver2/hook/ld_library_path_lib.ps1'
[1.113s] INFO:colcon.colcon_core.shell:Creating environment descriptor '/home/johan/ws_fast/install/livox_ros_driver2/share/livox_ros_driver2/hook/ld_library_path_lib.dsv'
[1.114s] INFO:colcon.colcon_core.shell:Creating environment hook '/home/johan/ws_fast/install/livox_ros_driver2/share/livox_ros_driver2/hook/ld_library_path_lib.sh'
[1.114s] Level 1:colcon.colcon_core.environment:checking '/home/johan/ws_fast/install/livox_ros_driver2/bin'
[1.114s] Level 1:colcon.colcon_core.environment:checking '/home/johan/ws_fast/install/livox_ros_driver2/lib/pkgconfig/livox_ros_driver2.pc'
[1.114s] Level 1:colcon.colcon_core.environment:checking '/home/johan/ws_fast/install/livox_ros_driver2/lib/python3.10/site-packages'
[1.114s] Level 1:colcon.colcon_core.environment:checking '/home/johan/ws_fast/install/livox_ros_driver2/bin'
[1.120s] INFO:colcon.colcon_core.shell:Creating package script '/home/johan/ws_fast/install/livox_ros_driver2/share/livox_ros_driver2/package.ps1'
[1.121s] INFO:colcon.colcon_core.shell:Creating package descriptor '/home/johan/ws_fast/install/livox_ros_driver2/share/livox_ros_driver2/package.dsv'
[1.121s] INFO:colcon.colcon_core.shell:Creating package script '/home/johan/ws_fast/install/livox_ros_driver2/share/livox_ros_driver2/package.sh'
[1.122s] INFO:colcon.colcon_core.shell:Creating package script '/home/johan/ws_fast/install/livox_ros_driver2/share/livox_ros_driver2/package.bash'
[1.122s] INFO:colcon.colcon_core.shell:Creating package script '/home/johan/ws_fast/install/livox_ros_driver2/share/livox_ros_driver2/package.zsh'
[1.122s] Level 1:colcon.colcon_core.environment:create_file_with_runtime_dependencies(/home/johan/ws_fast/install/livox_ros_driver2/share/colcon-core/packages/livox_ros_driver2)
[1.195s] Level 1:colcon.colcon_core.environment:create_environment_scripts_only(livox_ros_driver2)
[1.202s] Level 1:colcon.colcon_core.environment:checking '/home/johan/ws_fast/install/livox_ros_driver2' for CMake module files
[1.202s] Level 1:colcon.colcon_core.environment:checking '/home/johan/ws_fast/install/livox_ros_driver2' for CMake config files
[1.202s] Level 1:colcon.colcon_core.shell:create_environment_hook('livox_ros_driver2', 'cmake_prefix_path')
[1.209s] INFO:colcon.colcon_core.shell:Creating environment hook '/home/johan/ws_fast/install/livox_ros_driver2/share/livox_ros_driver2/hook/cmake_prefix_path.ps1'
[1.210s] INFO:colcon.colcon_core.shell:Creating environment descriptor '/home/johan/ws_fast/install/livox_ros_driver2/share/livox_ros_driver2/hook/cmake_prefix_path.dsv'
[1.210s] INFO:colcon.colcon_core.shell:Creating environment hook '/home/johan/ws_fast/install/livox_ros_driver2/share/livox_ros_driver2/hook/cmake_prefix_path.sh'
[1.210s] Level 1:colcon.colcon_core.environment:checking '/home/johan/ws_fast/install/livox_ros_driver2/lib'
[1.210s] Level 1:colcon.colcon_core.shell:create_environment_hook('livox_ros_driver2', 'ld_library_path_lib')
[1.216s] INFO:colcon.colcon_core.shell:Creating environment hook '/home/johan/ws_fast/install/livox_ros_driver2/share/livox_ros_driver2/hook/ld_library_path_lib.ps1'
[1.217s] INFO:colcon.colcon_core.shell:Creating environment descriptor '/home/johan/ws_fast/install/livox_ros_driver2/share/livox_ros_driver2/hook/ld_library_path_lib.dsv'
[1.217s] INFO:colcon.colcon_core.shell:Creating environment hook '/home/johan/ws_fast/install/livox_ros_driver2/share/livox_ros_driver2/hook/ld_library_path_lib.sh'
[1.217s] Level 1:colcon.colcon_core.environment:checking '/home/johan/ws_fast/install/livox_ros_driver2/bin'
[1.217s] Level 1:colcon.colcon_core.environment:checking '/home/johan/ws_fast/install/livox_ros_driver2/lib/pkgconfig/livox_ros_driver2.pc'
[1.217s] Level 1:colcon.colcon_core.environment:checking '/home/johan/ws_fast/install/livox_ros_driver2/lib/python3.10/site-packages'
[1.217s] Level 1:colcon.colcon_core.environment:checking '/home/johan/ws_fast/install/livox_ros_driver2/bin'
[1.224s] INFO:colcon.colcon_core.shell:Creating package script '/home/johan/ws_fast/install/livox_ros_driver2/share/livox_ros_driver2/package.ps1'
[1.225s] INFO:colcon.colcon_core.shell:Creating package descriptor '/home/johan/ws_fast/install/livox_ros_driver2/share/livox_ros_driver2/package.dsv'
[1.225s] INFO:colcon.colcon_core.shell:Creating package script '/home/johan/ws_fast/install/livox_ros_driver2/share/livox_ros_driver2/package.sh'
[1.225s] INFO:colcon.colcon_core.shell:Creating package script '/home/johan/ws_fast/install/livox_ros_driver2/share/livox_ros_driver2/package.bash'
[1.225s] INFO:colcon.colcon_core.shell:Creating package script '/home/johan/ws_fast/install/livox_ros_driver2/share/livox_ros_driver2/package.zsh'
[1.225s] Level 1:colcon.colcon_core.environment:create_file_with_runtime_dependencies(/home/johan/ws_fast/install/livox_ros_driver2/share/colcon-core/packages/livox_ros_driver2)
[1.226s] INFO:colcon.colcon_ros.task.ament_cmake.build:Building ROS package in '/home/johan/ws_fast/src/FAST_LIO' with build type 'ament_cmake'
[1.226s] INFO:colcon.colcon_cmake.task.cmake.build:Building CMake package in '/home/johan/ws_fast/src/FAST_LIO'
[1.233s] INFO:colcon.colcon_core.shell:Skip shell extension 'powershell' for command environment: Not usable outside of PowerShell
[1.233s] DEBUG:colcon.colcon_core.shell:Skip shell extension 'dsv' for command environment
[1.253s] DEBUG:colcon.colcon_core.event_handler.log_command:Invoking command in '/home/johan/ws_fast/build/fast_lio': AMENT_PREFIX_PATH=/home/johan/ws_fast/install/livox_ros_driver2:${AMENT_PREFIX_PATH} CMAKE_PREFIX_PATH=/home/johan/ws_fast/install/livox_ros_driver2:/opt/ros/humble LD_LIBRARY_PATH=/home/johan/ws_fast/install/livox_ros_driver2/lib:${LD_LIBRARY_PATH} PYTHONPATH=/home/johan/ws_fast/install/livox_ros_driver2/local/lib/python3.10/dist-packages:${PYTHONPATH} /usr/bin/cmake --build /home/johan/ws_fast/build/fast_lio -- -j16 -l16
[1.463s] DEBUG:colcon.colcon_core.event_handler.log_command:Invoked command in '/home/johan/ws_fast/build/fast_lio' returned '0': AMENT_PREFIX_PATH=/home/johan/ws_fast/install/livox_ros_driver2:${AMENT_PREFIX_PATH} CMAKE_PREFIX_PATH=/home/johan/ws_fast/install/livox_ros_driver2:/opt/ros/humble LD_LIBRARY_PATH=/home/johan/ws_fast/install/livox_ros_driver2/lib:${LD_LIBRARY_PATH} PYTHONPATH=/home/johan/ws_fast/install/livox_ros_driver2/local/lib/python3.10/dist-packages:${PYTHONPATH} /usr/bin/cmake --build /home/johan/ws_fast/build/fast_lio -- -j16 -l16
[1.502s] DEBUG:colcon.colcon_core.event_handler.log_command:Invoking command in '/home/johan/ws_fast/build/fast_lio': AMENT_PREFIX_PATH=/home/johan/ws_fast/install/livox_ros_driver2:${AMENT_PREFIX_PATH} CMAKE_PREFIX_PATH=/home/johan/ws_fast/install/livox_ros_driver2:/opt/ros/humble LD_LIBRARY_PATH=/home/johan/ws_fast/install/livox_ros_driver2/lib:${LD_LIBRARY_PATH} PYTHONPATH=/home/johan/ws_fast/install/livox_ros_driver2/local/lib/python3.10/dist-packages:${PYTHONPATH} /usr/bin/cmake --install /home/johan/ws_fast/build/fast_lio
[1.539s] Level 1:colcon.colcon_core.environment:create_environment_scripts_only(fast_lio)
[1.539s] DEBUG:colcon.colcon_core.event_handler.log_command:Invoked command in '/home/johan/ws_fast/build/fast_lio' returned '0': AMENT_PREFIX_PATH=/home/johan/ws_fast/install/livox_ros_driver2:${AMENT_PREFIX_PATH} CMAKE_PREFIX_PATH=/home/johan/ws_fast/install/livox_ros_driver2:/opt/ros/humble LD_LIBRARY_PATH=/home/johan/ws_fast/install/livox_ros_driver2/lib:${LD_LIBRARY_PATH} PYTHONPATH=/home/johan/ws_fast/install/livox_ros_driver2/local/lib/python3.10/dist-packages:${PYTHONPATH} /usr/bin/cmake --install /home/johan/ws_fast/build/fast_lio
[1.548s] Level 1:colcon.colcon_core.environment:checking '/home/johan/ws_fast/install/fast_lio' for CMake module files
[1.549s] Level 1:colcon.colcon_core.environment:checking '/home/johan/ws_fast/install/fast_lio' for CMake config files
[1.550s] Level 1:colcon.colcon_core.shell:create_environment_hook('fast_lio', 'cmake_prefix_path')
[1.556s] INFO:colcon.colcon_core.shell:Creating environment hook '/home/johan/ws_fast/install/fast_lio/share/fast_lio/hook/cmake_prefix_path.ps1'
[1.557s] INFO:colcon.colcon_core.shell:Creating environment descriptor '/home/johan/ws_fast/install/fast_lio/share/fast_lio/hook/cmake_prefix_path.dsv'
[1.557s] INFO:colcon.colcon_core.shell:Creating environment hook '/home/johan/ws_fast/install/fast_lio/share/fast_lio/hook/cmake_prefix_path.sh'
[1.557s] Level 1:colcon.colcon_core.environment:checking '/home/johan/ws_fast/install/fast_lio/lib'
[1.557s] Level 1:colcon.colcon_core.shell:create_environment_hook('fast_lio', 'ld_library_path_lib')
[1.564s] INFO:colcon.colcon_core.shell:Creating environment hook '/home/johan/ws_fast/install/fast_lio/share/fast_lio/hook/ld_library_path_lib.ps1'
[1.564s] INFO:colcon.colcon_core.shell:Creating environment descriptor '/home/johan/ws_fast/install/fast_lio/share/fast_lio/hook/ld_library_path_lib.dsv'
[1.564s] INFO:colcon.colcon_core.shell:Creating environment hook '/home/johan/ws_fast/install/fast_lio/share/fast_lio/hook/ld_library_path_lib.sh'
[1.564s] Level 1:colcon.colcon_core.environment:checking '/home/johan/ws_fast/install/fast_lio/bin'
[1.564s] Level 1:colcon.colcon_core.environment:checking '/home/johan/ws_fast/install/fast_lio/lib/pkgconfig/fast_lio.pc'
[1.564s] Level 1:colcon.colcon_core.environment:checking '/home/johan/ws_fast/install/fast_lio/lib/python3.10/site-packages'
[1.564s] Level 1:colcon.colcon_core.environment:checking '/home/johan/ws_fast/install/fast_lio/bin'
[1.571s] INFO:colcon.colcon_core.shell:Creating package script '/home/johan/ws_fast/install/fast_lio/share/fast_lio/package.ps1'
[1.571s] INFO:colcon.colcon_core.shell:Creating package descriptor '/home/johan/ws_fast/install/fast_lio/share/fast_lio/package.dsv'
[1.571s] INFO:colcon.colcon_core.shell:Creating package script '/home/johan/ws_fast/install/fast_lio/share/fast_lio/package.sh'
[1.571s] INFO:colcon.colcon_core.shell:Creating package script '/home/johan/ws_fast/install/fast_lio/share/fast_lio/package.bash'
[1.572s] INFO:colcon.colcon_core.shell:Creating package script '/home/johan/ws_fast/install/fast_lio/share/fast_lio/package.zsh'
[1.572s] Level 1:colcon.colcon_core.environment:create_file_with_runtime_dependencies(/home/johan/ws_fast/install/fast_lio/share/colcon-core/packages/fast_lio)
[1.613s] Level 1:colcon.colcon_core.environment:create_environment_scripts_only(fast_lio)
[1.620s] Level 1:colcon.colcon_core.environment:checking '/home/johan/ws_fast/install/fast_lio' for CMake module files
[1.620s] Level 1:colcon.colcon_core.environment:checking '/home/johan/ws_fast/install/fast_lio' for CMake config files
[1.620s] Level 1:colcon.colcon_core.shell:create_environment_hook('fast_lio', 'cmake_prefix_path')
[1.627s] INFO:colcon.colcon_core.shell:Creating environment hook '/home/johan/ws_fast/install/fast_lio/share/fast_lio/hook/cmake_prefix_path.ps1'
[1.627s] INFO:colcon.colcon_core.shell:Creating environment descriptor '/home/johan/ws_fast/install/fast_lio/share/fast_lio/hook/cmake_prefix_path.dsv'
[1.628s] INFO:colcon.colcon_core.shell:Creating environment hook '/home/johan/ws_fast/install/fast_lio/share/fast_lio/hook/cmake_prefix_path.sh'
[1.628s] Level 1:colcon.colcon_core.environment:checking '/home/johan/ws_fast/install/fast_lio/lib'
[1.628s] Level 1:colcon.colcon_core.shell:create_environment_hook('fast_lio', 'ld_library_path_lib')
[1.642s] INFO:colcon.colcon_core.shell:Creating environment hook '/home/johan/ws_fast/install/fast_lio/share/fast_lio/hook/ld_library_path_lib.ps1'
[1.643s] INFO:colcon.colcon_core.shell:Creating environment descriptor '/home/johan/ws_fast/install/fast_lio/share/fast_lio/hook/ld_library_path_lib.dsv'
[1.643s] INFO:colcon.colcon_core.shell:Creating environment hook '/home/johan/ws_fast/install/fast_lio/share/fast_lio/hook/ld_library_path_lib.sh'
[1.643s] Level 1:colcon.colcon_core.environment:checking '/home/johan/ws_fast/install/fast_lio/bin'
[1.643s] Level 1:colcon.colcon_core.environment:checking '/home/johan/ws_fast/install/fast_lio/lib/pkgconfig/fast_lio.pc'
[1.643s] Level 1:colcon.colcon_core.environment:checking '/home/johan/ws_fast/install/fast_lio/lib/python3.10/site-packages'
[1.643s] Level 1:colcon.colcon_core.environment:checking '/home/johan/ws_fast/install/fast_lio/bin'
[1.650s] INFO:colcon.colcon_core.shell:Creating package script '/home/johan/ws_fast/install/fast_lio/share/fast_lio/package.ps1'
[1.651s] INFO:colcon.colcon_core.shell:Creating package descriptor '/home/johan/ws_fast/install/fast_lio/share/fast_lio/package.dsv'
[1.651s] INFO:colcon.colcon_core.shell:Creating package script '/home/johan/ws_fast/install/fast_lio/share/fast_lio/package.sh'
[1.651s] INFO:colcon.colcon_core.shell:Creating package script '/home/johan/ws_fast/install/fast_lio/share/fast_lio/package.bash'
[1.651s] INFO:colcon.colcon_core.shell:Creating package script '/home/johan/ws_fast/install/fast_lio/share/fast_lio/package.zsh'
[1.652s] Level 1:colcon.colcon_core.environment:create_file_with_runtime_dependencies(/home/johan/ws_fast/install/fast_lio/share/colcon-core/packages/fast_lio)
[2.033s] DEBUG:colcon.colcon_core.event_handler.log_command:Invoked command in '/home/johan/ws_fast/build/pointcloud_to_laserscan' returned '1': CMAKE_PREFIX_PATH=/opt/ros/humble /usr/bin/cmake /home/johan/ws_fast/src/pointcloud_to_laserscan-rolling -DCMAKE_INSTALL_PREFIX=/home/johan/ws_fast/install/pointcloud_to_laserscan
[2.041s] Level 1:colcon.colcon_core.environment:create_environment_scripts_only(pointcloud_to_laserscan)
[2.048s] Level 1:colcon.colcon_core.environment:checking '/home/johan/ws_fast/install/pointcloud_to_laserscan' for CMake module files
[2.048s] Level 1:colcon.colcon_core.environment:checking '/home/johan/ws_fast/install/pointcloud_to_laserscan' for CMake config files
[2.049s] Level 1:colcon.colcon_core.environment:checking '/home/johan/ws_fast/install/pointcloud_to_laserscan/bin'
[2.049s] Level 1:colcon.colcon_core.environment:checking '/home/johan/ws_fast/install/pointcloud_to_laserscan/lib/pkgconfig/pointcloud_to_laserscan.pc'
[2.049s] Level 1:colcon.colcon_core.environment:checking '/home/johan/ws_fast/install/pointcloud_to_laserscan/lib/python3.10/site-packages'
[2.049s] Level 1:colcon.colcon_core.environment:checking '/home/johan/ws_fast/install/pointcloud_to_laserscan/bin'
[2.056s] INFO:colcon.colcon_core.shell:Creating package script '/home/johan/ws_fast/install/pointcloud_to_laserscan/share/pointcloud_to_laserscan/package.ps1'
[2.056s] INFO:colcon.colcon_core.shell:Creating package descriptor '/home/johan/ws_fast/install/pointcloud_to_laserscan/share/pointcloud_to_laserscan/package.dsv'
[2.056s] INFO:colcon.colcon_core.shell:Creating package script '/home/johan/ws_fast/install/pointcloud_to_laserscan/share/pointcloud_to_laserscan/package.sh'
[2.056s] INFO:colcon.colcon_core.shell:Creating package script '/home/johan/ws_fast/install/pointcloud_to_laserscan/share/pointcloud_to_laserscan/package.bash'
[2.056s] INFO:colcon.colcon_core.shell:Creating package script '/home/johan/ws_fast/install/pointcloud_to_laserscan/share/pointcloud_to_laserscan/package.zsh'
[2.057s] Level 1:colcon.colcon_core.environment:create_file_with_runtime_dependencies(/home/johan/ws_fast/install/pointcloud_to_laserscan/share/colcon-core/packages/pointcloud_to_laserscan)
[2.067s] DEBUG:colcon.colcon_parallel_executor.executor.parallel:closing loop
[2.067s] DEBUG:colcon.colcon_parallel_executor.executor.parallel:loop closed
[2.067s] DEBUG:colcon.colcon_parallel_executor.executor.parallel:run_until_complete finished with '1'
[2.067s] DEBUG:colcon.colcon_core.event_reactor:joining thread
[2.084s] INFO:colcon.colcon_core.plugin_system:Skipping extension 'colcon_notification.desktop_notification.terminal_notifier': Not used on non-Darwin systems
[2.084s] INFO:colcon.colcon_core.plugin_system:Skipping extension 'colcon_notification.desktop_notification.win32': Not used on non-Windows systems
[2.084s] INFO:colcon.colcon_notification.desktop_notification:Sending desktop notification using 'notify2'
[2.096s] DEBUG:colcon.colcon_core.event_reactor:joined thread
[2.103s] INFO:colcon.colcon_core.shell:Creating prefix script '/home/johan/ws_fast/install/local_setup.ps1'
[2.104s] INFO:colcon.colcon_core.shell:Creating prefix util module '/home/johan/ws_fast/install/_local_setup_util_ps1.py'
[2.105s] INFO:colcon.colcon_core.shell:Creating prefix chain script '/home/johan/ws_fast/install/setup.ps1'
[2.112s] INFO:colcon.colcon_core.shell:Creating prefix script '/home/johan/ws_fast/install/local_setup.sh'
[2.112s] INFO:colcon.colcon_core.shell:Creating prefix util module '/home/johan/ws_fast/install/_local_setup_util_sh.py'
[2.112s] INFO:colcon.colcon_core.shell:Creating prefix chain script '/home/johan/ws_fast/install/setup.sh'
[2.119s] INFO:colcon.colcon_core.shell:Creating prefix script '/home/johan/ws_fast/install/local_setup.bash'
[2.119s] INFO:colcon.colcon_core.shell:Creating prefix chain script '/home/johan/ws_fast/install/setup.bash'
[2.126s] INFO:colcon.colcon_core.shell:Creating prefix script '/home/johan/ws_fast/install/local_setup.zsh'
[2.127s] INFO:colcon.colcon_core.shell:Creating prefix chain script '/home/johan/ws_fast/install/setup.zsh'
