[1.032s] DEBUG:colcon:Command line arguments: ['/usr/bin/colcon', 'build']
[1.032s] DEBUG:colcon:Parsed command line arguments: Namespace(log_base=None, log_level=None, verb_name='build', build_base='build', install_base='install', merge_install=False, symlink_install=False, test_result_base=None, continue_on_error=False, executor='parallel', parallel_workers=12, event_handlers=None, ignore_user_meta=False, metas=['./colcon.meta'], base_paths=['.'], packages_ignore=None, packages_ignore_regex=None, paths=None, packages_up_to=None, packages_up_to_regex=None, packages_above=None, packages_above_and_dependencies=None, packages_above_depth=None, packages_select_by_dep=None, packages_skip_by_dep=None, packages_skip_up_to=None, packages_select_build_failed=False, packages_skip_build_finished=False, packages_select_test_failures=False, packages_skip_test_passed=False, packages_select=None, packages_skip=None, packages_select_regex=None, packages_skip_regex=None, packages_start=None, packages_end=None, allow_overriding=[], cmake_args=None, cmake_target=None, cmake_target_skip_unavailable=False, cmake_clean_cache=False, cmake_clean_first=False, cmake_force_configure=False, ament_cmake_args=None, catkin_cmake_args=None, catkin_skip_building_tests=False, verb_parser=<colcon_defaults.argument_parser.defaults.DefaultArgumentsDecorator object at 0x7fee360b61a0>, verb_extension=<colcon_core.verb.build.BuildVerb object at 0x7fee36f3f100>, main=<bound method BuildVerb.main of <colcon_core.verb.build.BuildVerb object at 0x7fee36f3f100>>)
[1.079s] Level 1:colcon.colcon_core.package_discovery:discover_packages(colcon_meta) check parameters
[1.079s] Level 1:colcon.colcon_core.package_discovery:discover_packages(recursive) check parameters
[1.079s] Level 1:colcon.colcon_core.package_discovery:discover_packages(ignore) check parameters
[1.079s] Level 1:colcon.colcon_core.package_discovery:discover_packages(path) check parameters
[1.079s] Level 1:colcon.colcon_core.package_discovery:discover_packages(colcon_meta) discover
[1.079s] Level 1:colcon.colcon_core.package_discovery:discover_packages(recursive) discover
[1.079s] INFO:colcon.colcon_core.package_discovery:Crawling recursively for packages in '/home/lx/ros2/ros/mid-360_ws'
[1.079s] Level 1:colcon.colcon_core.package_identification:_identify(.) by extensions ['ignore', 'ignore_ament_install']
[1.079s] Level 1:colcon.colcon_core.package_identification:_identify(.) by extension 'ignore'
[1.079s] Level 1:colcon.colcon_core.package_identification:_identify(.) by extension 'ignore_ament_install'
[1.079s] Level 1:colcon.colcon_core.package_identification:_identify(.) by extensions ['colcon_pkg']
[1.079s] Level 1:colcon.colcon_core.package_identification:_identify(.) by extension 'colcon_pkg'
[1.079s] Level 1:colcon.colcon_core.package_identification:_identify(.) by extensions ['colcon_meta']
[1.079s] Level 1:colcon.colcon_core.package_identification:_identify(.) by extension 'colcon_meta'
[1.079s] Level 1:colcon.colcon_core.package_identification:_identify(.) by extensions ['ros']
[1.079s] Level 1:colcon.colcon_core.package_identification:_identify(.) by extension 'ros'
[1.090s] Level 1:colcon.colcon_core.package_identification:_identify(.) by extensions ['cmake', 'python']
[1.091s] Level 1:colcon.colcon_core.package_identification:_identify(.) by extension 'cmake'
[1.091s] Level 1:colcon.colcon_core.package_identification:_identify(.) by extension 'python'
[1.091s] Level 1:colcon.colcon_core.package_identification:_identify(.) by extensions ['python_setup_py']
[1.091s] Level 1:colcon.colcon_core.package_identification:_identify(.) by extension 'python_setup_py'
[1.091s] Level 1:colcon.colcon_core.package_identification:_identify(build) by extensions ['ignore', 'ignore_ament_install']
[1.091s] Level 1:colcon.colcon_core.package_identification:_identify(build) by extension 'ignore'
[1.091s] Level 1:colcon.colcon_core.package_identification:_identify(build) ignored
[1.091s] Level 1:colcon.colcon_core.package_identification:_identify(install) by extensions ['ignore', 'ignore_ament_install']
[1.091s] Level 1:colcon.colcon_core.package_identification:_identify(install) by extension 'ignore'
[1.091s] Level 1:colcon.colcon_core.package_identification:_identify(install) ignored
[1.091s] Level 1:colcon.colcon_core.package_identification:_identify(log) by extensions ['ignore', 'ignore_ament_install']
[1.091s] Level 1:colcon.colcon_core.package_identification:_identify(log) by extension 'ignore'
[1.091s] Level 1:colcon.colcon_core.package_identification:_identify(log) ignored
[1.092s] Level 1:colcon.colcon_core.package_identification:_identify(src) by extensions ['ignore', 'ignore_ament_install']
[1.092s] Level 1:colcon.colcon_core.package_identification:_identify(src) by extension 'ignore'
[1.092s] Level 1:colcon.colcon_core.package_identification:_identify(src) by extension 'ignore_ament_install'
[1.092s] Level 1:colcon.colcon_core.package_identification:_identify(src) by extensions ['colcon_pkg']
[1.092s] Level 1:colcon.colcon_core.package_identification:_identify(src) by extension 'colcon_pkg'
[1.092s] Level 1:colcon.colcon_core.package_identification:_identify(src) by extensions ['colcon_meta']
[1.092s] Level 1:colcon.colcon_core.package_identification:_identify(src) by extension 'colcon_meta'
[1.092s] Level 1:colcon.colcon_core.package_identification:_identify(src) by extensions ['ros']
[1.092s] Level 1:colcon.colcon_core.package_identification:_identify(src) by extension 'ros'
[1.092s] Level 1:colcon.colcon_core.package_identification:_identify(src) by extensions ['cmake', 'python']
[1.092s] Level 1:colcon.colcon_core.package_identification:_identify(src) by extension 'cmake'
[1.092s] Level 1:colcon.colcon_core.package_identification:_identify(src) by extension 'python'
[1.092s] Level 1:colcon.colcon_core.package_identification:_identify(src) by extensions ['python_setup_py']
[1.092s] Level 1:colcon.colcon_core.package_identification:_identify(src) by extension 'python_setup_py'
[1.092s] Level 1:colcon.colcon_core.package_identification:_identify(src/FAST_LIO) by extensions ['ignore', 'ignore_ament_install']
[1.092s] Level 1:colcon.colcon_core.package_identification:_identify(src/FAST_LIO) by extension 'ignore'
[1.092s] Level 1:colcon.colcon_core.package_identification:_identify(src/FAST_LIO) by extension 'ignore_ament_install'
[1.092s] Level 1:colcon.colcon_core.package_identification:_identify(src/FAST_LIO) by extensions ['colcon_pkg']
[1.092s] Level 1:colcon.colcon_core.package_identification:_identify(src/FAST_LIO) by extension 'colcon_pkg'
[1.092s] Level 1:colcon.colcon_core.package_identification:_identify(src/FAST_LIO) by extensions ['colcon_meta']
[1.092s] Level 1:colcon.colcon_core.package_identification:_identify(src/FAST_LIO) by extension 'colcon_meta'
[1.093s] Level 1:colcon.colcon_core.package_identification:_identify(src/FAST_LIO) by extensions ['ros']
[1.093s] Level 1:colcon.colcon_core.package_identification:_identify(src/FAST_LIO) by extension 'ros'
[1.096s] DEBUG:colcon.colcon_core.package_identification:Package 'src/FAST_LIO' with type 'ros.ament_cmake' and name 'fast_lio'
[1.096s] Level 1:colcon.colcon_core.package_identification:_identify(src/livox_ros_driver2) by extensions ['ignore', 'ignore_ament_install']
[1.096s] Level 1:colcon.colcon_core.package_identification:_identify(src/livox_ros_driver2) by extension 'ignore'
[1.096s] Level 1:colcon.colcon_core.package_identification:_identify(src/livox_ros_driver2) by extension 'ignore_ament_install'
[1.096s] Level 1:colcon.colcon_core.package_identification:_identify(src/livox_ros_driver2) by extensions ['colcon_pkg']
[1.096s] Level 1:colcon.colcon_core.package_identification:_identify(src/livox_ros_driver2) by extension 'colcon_pkg'
[1.096s] Level 1:colcon.colcon_core.package_identification:_identify(src/livox_ros_driver2) by extensions ['colcon_meta']
[1.096s] Level 1:colcon.colcon_core.package_identification:_identify(src/livox_ros_driver2) by extension 'colcon_meta'
[1.096s] Level 1:colcon.colcon_core.package_identification:_identify(src/livox_ros_driver2) by extensions ['ros']
[1.096s] Level 1:colcon.colcon_core.package_identification:_identify(src/livox_ros_driver2) by extension 'ros'
[1.097s] DEBUG:colcon.colcon_core.package_identification:Package 'src/livox_ros_driver2' with type 'ros.ament_cmake' and name 'livox_ros_driver2'
[1.097s] Level 1:colcon.colcon_core.package_identification:_identify(src/pointcloud_to_laserscan) by extensions ['ignore', 'ignore_ament_install']
[1.097s] Level 1:colcon.colcon_core.package_identification:_identify(src/pointcloud_to_laserscan) by extension 'ignore'
[1.097s] Level 1:colcon.colcon_core.package_identification:_identify(src/pointcloud_to_laserscan) by extension 'ignore_ament_install'
[1.097s] Level 1:colcon.colcon_core.package_identification:_identify(src/pointcloud_to_laserscan) by extensions ['colcon_pkg']
[1.097s] Level 1:colcon.colcon_core.package_identification:_identify(src/pointcloud_to_laserscan) by extension 'colcon_pkg'
[1.098s] Level 1:colcon.colcon_core.package_identification:_identify(src/pointcloud_to_laserscan) by extensions ['colcon_meta']
[1.098s] Level 1:colcon.colcon_core.package_identification:_identify(src/pointcloud_to_laserscan) by extension 'colcon_meta'
[1.098s] Level 1:colcon.colcon_core.package_identification:_identify(src/pointcloud_to_laserscan) by extensions ['ros']
[1.098s] Level 1:colcon.colcon_core.package_identification:_identify(src/pointcloud_to_laserscan) by extension 'ros'
[1.099s] DEBUG:colcon.colcon_core.package_identification:Package 'src/pointcloud_to_laserscan' with type 'ros.ament_cmake' and name 'pointcloud_to_laserscan'
[1.099s] Level 1:colcon.colcon_core.package_discovery:discover_packages(recursive) using defaults
[1.099s] Level 1:colcon.colcon_core.package_discovery:discover_packages(ignore) discover
[1.099s] Level 1:colcon.colcon_core.package_discovery:discover_packages(ignore) using defaults
[1.099s] Level 1:colcon.colcon_core.package_discovery:discover_packages(path) discover
[1.099s] Level 1:colcon.colcon_core.package_discovery:discover_packages(path) using defaults
[1.194s] Level 1:colcon.colcon_core.package_discovery:discover_packages(prefix_path) check parameters
[1.194s] Level 1:colcon.colcon_core.package_discovery:discover_packages(prefix_path) discover
[1.224s] DEBUG:colcon.colcon_installed_package_information.package_discovery:Found 3 installed packages in /home/lx/ros2/ros/mid-360_ws/install
[1.243s] DEBUG:colcon.colcon_installed_package_information.package_discovery:Found 387 installed packages in /opt/ros/humble
[1.245s] Level 1:colcon.colcon_core.package_discovery:discover_packages(prefix_path) using defaults
[1.365s] Level 5:colcon.colcon_core.verb:set package 'livox_ros_driver2' build argument 'cmake_args' from command line to 'None'
[1.365s] Level 5:colcon.colcon_core.verb:set package 'livox_ros_driver2' build argument 'cmake_target' from command line to 'None'
[1.365s] Level 5:colcon.colcon_core.verb:set package 'livox_ros_driver2' build argument 'cmake_target_skip_unavailable' from command line to 'False'
[1.365s] Level 5:colcon.colcon_core.verb:set package 'livox_ros_driver2' build argument 'cmake_clean_cache' from command line to 'False'
[1.365s] Level 5:colcon.colcon_core.verb:set package 'livox_ros_driver2' build argument 'cmake_clean_first' from command line to 'False'
[1.365s] Level 5:colcon.colcon_core.verb:set package 'livox_ros_driver2' build argument 'cmake_force_configure' from command line to 'False'
[1.365s] Level 5:colcon.colcon_core.verb:set package 'livox_ros_driver2' build argument 'ament_cmake_args' from command line to 'None'
[1.365s] Level 5:colcon.colcon_core.verb:set package 'livox_ros_driver2' build argument 'catkin_cmake_args' from command line to 'None'
[1.365s] Level 5:colcon.colcon_core.verb:set package 'livox_ros_driver2' build argument 'catkin_skip_building_tests' from command line to 'False'
[1.365s] DEBUG:colcon.colcon_core.verb:Building package 'livox_ros_driver2' with the following arguments: {'ament_cmake_args': None, 'build_base': '/home/lx/ros2/ros/mid-360_ws/build/livox_ros_driver2', 'catkin_cmake_args': None, 'catkin_skip_building_tests': False, 'cmake_args': None, 'cmake_clean_cache': False, 'cmake_clean_first': False, 'cmake_force_configure': False, 'cmake_target': None, 'cmake_target_skip_unavailable': False, 'install_base': '/home/lx/ros2/ros/mid-360_ws/install/livox_ros_driver2', 'merge_install': False, 'path': '/home/lx/ros2/ros/mid-360_ws/src/livox_ros_driver2', 'symlink_install': False, 'test_result_base': None}
[1.380s] Level 5:colcon.colcon_core.verb:set package 'pointcloud_to_laserscan' build argument 'cmake_args' from command line to 'None'
[1.380s] Level 5:colcon.colcon_core.verb:set package 'pointcloud_to_laserscan' build argument 'cmake_target' from command line to 'None'
[1.380s] Level 5:colcon.colcon_core.verb:set package 'pointcloud_to_laserscan' build argument 'cmake_target_skip_unavailable' from command line to 'False'
[1.380s] Level 5:colcon.colcon_core.verb:set package 'pointcloud_to_laserscan' build argument 'cmake_clean_cache' from command line to 'False'
[1.380s] Level 5:colcon.colcon_core.verb:set package 'pointcloud_to_laserscan' build argument 'cmake_clean_first' from command line to 'False'
[1.380s] Level 5:colcon.colcon_core.verb:set package 'pointcloud_to_laserscan' build argument 'cmake_force_configure' from command line to 'False'
[1.380s] Level 5:colcon.colcon_core.verb:set package 'pointcloud_to_laserscan' build argument 'ament_cmake_args' from command line to 'None'
[1.380s] Level 5:colcon.colcon_core.verb:set package 'pointcloud_to_laserscan' build argument 'catkin_cmake_args' from command line to 'None'
[1.380s] Level 5:colcon.colcon_core.verb:set package 'pointcloud_to_laserscan' build argument 'catkin_skip_building_tests' from command line to 'False'
[1.380s] DEBUG:colcon.colcon_core.verb:Building package 'pointcloud_to_laserscan' with the following arguments: {'ament_cmake_args': None, 'build_base': '/home/lx/ros2/ros/mid-360_ws/build/pointcloud_to_laserscan', 'catkin_cmake_args': None, 'catkin_skip_building_tests': False, 'cmake_args': None, 'cmake_clean_cache': False, 'cmake_clean_first': False, 'cmake_force_configure': False, 'cmake_target': None, 'cmake_target_skip_unavailable': False, 'install_base': '/home/lx/ros2/ros/mid-360_ws/install/pointcloud_to_laserscan', 'merge_install': False, 'path': '/home/lx/ros2/ros/mid-360_ws/src/pointcloud_to_laserscan', 'symlink_install': False, 'test_result_base': None}
[1.396s] Level 5:colcon.colcon_core.verb:set package 'fast_lio' build argument 'cmake_args' from command line to 'None'
[1.396s] Level 5:colcon.colcon_core.verb:set package 'fast_lio' build argument 'cmake_target' from command line to 'None'
[1.396s] Level 5:colcon.colcon_core.verb:set package 'fast_lio' build argument 'cmake_target_skip_unavailable' from command line to 'False'
[1.396s] Level 5:colcon.colcon_core.verb:set package 'fast_lio' build argument 'cmake_clean_cache' from command line to 'False'
[1.396s] Level 5:colcon.colcon_core.verb:set package 'fast_lio' build argument 'cmake_clean_first' from command line to 'False'
[1.396s] Level 5:colcon.colcon_core.verb:set package 'fast_lio' build argument 'cmake_force_configure' from command line to 'False'
[1.396s] Level 5:colcon.colcon_core.verb:set package 'fast_lio' build argument 'ament_cmake_args' from command line to 'None'
[1.396s] Level 5:colcon.colcon_core.verb:set package 'fast_lio' build argument 'catkin_cmake_args' from command line to 'None'
[1.396s] Level 5:colcon.colcon_core.verb:set package 'fast_lio' build argument 'catkin_skip_building_tests' from command line to 'False'
[1.396s] DEBUG:colcon.colcon_core.verb:Building package 'fast_lio' with the following arguments: {'ament_cmake_args': None, 'build_base': '/home/lx/ros2/ros/mid-360_ws/build/fast_lio', 'catkin_cmake_args': None, 'catkin_skip_building_tests': False, 'cmake_args': None, 'cmake_clean_cache': False, 'cmake_clean_first': False, 'cmake_force_configure': False, 'cmake_target': None, 'cmake_target_skip_unavailable': False, 'install_base': '/home/lx/ros2/ros/mid-360_ws/install/fast_lio', 'merge_install': False, 'path': '/home/lx/ros2/ros/mid-360_ws/src/FAST_LIO', 'symlink_install': False, 'test_result_base': None}
[1.412s] INFO:colcon.colcon_core.executor:Executing jobs using 'parallel' executor
[1.427s] DEBUG:colcon.colcon_parallel_executor.executor.parallel:run_until_complete
[1.427s] INFO:colcon.colcon_ros.task.ament_cmake.build:Building ROS package in '/home/lx/ros2/ros/mid-360_ws/src/livox_ros_driver2' with build type 'ament_cmake'
[1.428s] INFO:colcon.colcon_cmake.task.cmake.build:Building CMake package in '/home/lx/ros2/ros/mid-360_ws/src/livox_ros_driver2'
[1.447s] INFO:colcon.colcon_core.plugin_system:Skipping extension 'colcon_core.shell.bat': Not used on non-Windows systems
[1.447s] INFO:colcon.colcon_core.shell:Skip shell extension 'powershell' for command environment: Not usable outside of PowerShell
[1.447s] DEBUG:colcon.colcon_core.shell:Skip shell extension 'dsv' for command environment
[1.500s] INFO:colcon.colcon_ros.task.ament_cmake.build:Building ROS package in '/home/lx/ros2/ros/mid-360_ws/src/pointcloud_to_laserscan' with build type 'ament_cmake'
[1.500s] INFO:colcon.colcon_cmake.task.cmake.build:Building CMake package in '/home/lx/ros2/ros/mid-360_ws/src/pointcloud_to_laserscan'
[1.516s] INFO:colcon.colcon_core.shell:Skip shell extension 'powershell' for command environment: Not usable outside of PowerShell
[1.516s] DEBUG:colcon.colcon_core.shell:Skip shell extension 'dsv' for command environment
[1.566s] DEBUG:colcon.colcon_core.event_handler.log_command:Invoking command in '/home/lx/ros2/ros/mid-360_ws/build/livox_ros_driver2': CMAKE_PREFIX_PATH=${CMAKE_PREFIX_PATH}:/opt/ros/humble /usr/bin/cmake --build /home/lx/ros2/ros/mid-360_ws/build/livox_ros_driver2 -- -j12 -l12
[1.571s] DEBUG:colcon.colcon_core.event_handler.log_command:Invoking command in '/home/lx/ros2/ros/mid-360_ws/build/pointcloud_to_laserscan': CMAKE_PREFIX_PATH=${CMAKE_PREFIX_PATH}:/opt/ros/humble /usr/bin/cmake --build /home/lx/ros2/ros/mid-360_ws/build/pointcloud_to_laserscan -- -j12 -l12
[1.877s] DEBUG:colcon.colcon_core.event_handler.log_command:Invoked command in '/home/lx/ros2/ros/mid-360_ws/build/livox_ros_driver2' returned '0': CMAKE_PREFIX_PATH=${CMAKE_PREFIX_PATH}:/opt/ros/humble /usr/bin/cmake --build /home/lx/ros2/ros/mid-360_ws/build/livox_ros_driver2 -- -j12 -l12
[1.969s] DEBUG:colcon.colcon_core.event_handler.log_command:Invoking command in '/home/lx/ros2/ros/mid-360_ws/build/livox_ros_driver2': CMAKE_PREFIX_PATH=${CMAKE_PREFIX_PATH}:/opt/ros/humble /usr/bin/cmake --install /home/lx/ros2/ros/mid-360_ws/build/livox_ros_driver2
[2.011s] Level 1:colcon.colcon_core.environment:create_environment_scripts_only(livox_ros_driver2)
[2.011s] DEBUG:colcon.colcon_core.event_handler.log_command:Invoked command in '/home/lx/ros2/ros/mid-360_ws/build/livox_ros_driver2' returned '0': CMAKE_PREFIX_PATH=${CMAKE_PREFIX_PATH}:/opt/ros/humble /usr/bin/cmake --install /home/lx/ros2/ros/mid-360_ws/build/livox_ros_driver2
[2.025s] Level 1:colcon.colcon_core.environment:checking '/home/lx/ros2/ros/mid-360_ws/install/livox_ros_driver2' for CMake module files
[2.026s] Level 1:colcon.colcon_core.environment:checking '/home/lx/ros2/ros/mid-360_ws/install/livox_ros_driver2' for CMake config files
[2.026s] Level 1:colcon.colcon_core.shell:create_environment_hook('livox_ros_driver2', 'cmake_prefix_path')
[2.039s] INFO:colcon.colcon_core.shell:Creating environment hook '/home/lx/ros2/ros/mid-360_ws/install/livox_ros_driver2/share/livox_ros_driver2/hook/cmake_prefix_path.ps1'
[2.040s] INFO:colcon.colcon_core.shell:Creating environment descriptor '/home/lx/ros2/ros/mid-360_ws/install/livox_ros_driver2/share/livox_ros_driver2/hook/cmake_prefix_path.dsv'
[2.040s] INFO:colcon.colcon_core.shell:Creating environment hook '/home/lx/ros2/ros/mid-360_ws/install/livox_ros_driver2/share/livox_ros_driver2/hook/cmake_prefix_path.sh'
[2.041s] Level 1:colcon.colcon_core.environment:checking '/home/lx/ros2/ros/mid-360_ws/install/livox_ros_driver2/lib'
[2.041s] Level 1:colcon.colcon_core.shell:create_environment_hook('livox_ros_driver2', 'ld_library_path_lib')
[2.055s] INFO:colcon.colcon_core.shell:Creating environment hook '/home/lx/ros2/ros/mid-360_ws/install/livox_ros_driver2/share/livox_ros_driver2/hook/ld_library_path_lib.ps1'
[2.055s] INFO:colcon.colcon_core.shell:Creating environment descriptor '/home/lx/ros2/ros/mid-360_ws/install/livox_ros_driver2/share/livox_ros_driver2/hook/ld_library_path_lib.dsv'
[2.055s] INFO:colcon.colcon_core.shell:Creating environment hook '/home/lx/ros2/ros/mid-360_ws/install/livox_ros_driver2/share/livox_ros_driver2/hook/ld_library_path_lib.sh'
[2.056s] Level 1:colcon.colcon_core.environment:checking '/home/lx/ros2/ros/mid-360_ws/install/livox_ros_driver2/bin'
[2.056s] Level 1:colcon.colcon_core.environment:checking '/home/lx/ros2/ros/mid-360_ws/install/livox_ros_driver2/lib/pkgconfig/livox_ros_driver2.pc'
[2.056s] Level 1:colcon.colcon_core.environment:checking '/home/lx/ros2/ros/mid-360_ws/install/livox_ros_driver2/lib/python3.10/site-packages'
[2.056s] Level 1:colcon.colcon_core.environment:checking '/home/lx/ros2/ros/mid-360_ws/install/livox_ros_driver2/bin'
[2.069s] INFO:colcon.colcon_core.shell:Creating package script '/home/lx/ros2/ros/mid-360_ws/install/livox_ros_driver2/share/livox_ros_driver2/package.ps1'
[2.070s] INFO:colcon.colcon_core.shell:Creating package descriptor '/home/lx/ros2/ros/mid-360_ws/install/livox_ros_driver2/share/livox_ros_driver2/package.dsv'
[2.071s] INFO:colcon.colcon_core.shell:Creating package script '/home/lx/ros2/ros/mid-360_ws/install/livox_ros_driver2/share/livox_ros_driver2/package.sh'
[2.071s] INFO:colcon.colcon_core.shell:Creating package script '/home/lx/ros2/ros/mid-360_ws/install/livox_ros_driver2/share/livox_ros_driver2/package.bash'
[2.072s] INFO:colcon.colcon_core.shell:Creating package script '/home/lx/ros2/ros/mid-360_ws/install/livox_ros_driver2/share/livox_ros_driver2/package.zsh'
[2.072s] Level 1:colcon.colcon_core.environment:create_file_with_runtime_dependencies(/home/lx/ros2/ros/mid-360_ws/install/livox_ros_driver2/share/colcon-core/packages/livox_ros_driver2)
[2.161s] Level 1:colcon.colcon_core.environment:create_environment_scripts_only(livox_ros_driver2)
[2.174s] Level 1:colcon.colcon_core.environment:checking '/home/lx/ros2/ros/mid-360_ws/install/livox_ros_driver2' for CMake module files
[2.175s] Level 1:colcon.colcon_core.environment:checking '/home/lx/ros2/ros/mid-360_ws/install/livox_ros_driver2' for CMake config files
[2.175s] Level 1:colcon.colcon_core.shell:create_environment_hook('livox_ros_driver2', 'cmake_prefix_path')
[2.188s] INFO:colcon.colcon_core.shell:Creating environment hook '/home/lx/ros2/ros/mid-360_ws/install/livox_ros_driver2/share/livox_ros_driver2/hook/cmake_prefix_path.ps1'
[2.188s] INFO:colcon.colcon_core.shell:Creating environment descriptor '/home/lx/ros2/ros/mid-360_ws/install/livox_ros_driver2/share/livox_ros_driver2/hook/cmake_prefix_path.dsv'
[2.188s] INFO:colcon.colcon_core.shell:Creating environment hook '/home/lx/ros2/ros/mid-360_ws/install/livox_ros_driver2/share/livox_ros_driver2/hook/cmake_prefix_path.sh'
[2.189s] Level 1:colcon.colcon_core.environment:checking '/home/lx/ros2/ros/mid-360_ws/install/livox_ros_driver2/lib'
[2.189s] Level 1:colcon.colcon_core.shell:create_environment_hook('livox_ros_driver2', 'ld_library_path_lib')
[2.203s] INFO:colcon.colcon_core.shell:Creating environment hook '/home/lx/ros2/ros/mid-360_ws/install/livox_ros_driver2/share/livox_ros_driver2/hook/ld_library_path_lib.ps1'
[2.204s] INFO:colcon.colcon_core.shell:Creating environment descriptor '/home/lx/ros2/ros/mid-360_ws/install/livox_ros_driver2/share/livox_ros_driver2/hook/ld_library_path_lib.dsv'
[2.204s] INFO:colcon.colcon_core.shell:Creating environment hook '/home/lx/ros2/ros/mid-360_ws/install/livox_ros_driver2/share/livox_ros_driver2/hook/ld_library_path_lib.sh'
[2.204s] Level 1:colcon.colcon_core.environment:checking '/home/lx/ros2/ros/mid-360_ws/install/livox_ros_driver2/bin'
[2.204s] Level 1:colcon.colcon_core.environment:checking '/home/lx/ros2/ros/mid-360_ws/install/livox_ros_driver2/lib/pkgconfig/livox_ros_driver2.pc'
[2.204s] Level 1:colcon.colcon_core.environment:checking '/home/lx/ros2/ros/mid-360_ws/install/livox_ros_driver2/lib/python3.10/site-packages'
[2.205s] Level 1:colcon.colcon_core.environment:checking '/home/lx/ros2/ros/mid-360_ws/install/livox_ros_driver2/bin'
[2.217s] INFO:colcon.colcon_core.shell:Creating package script '/home/lx/ros2/ros/mid-360_ws/install/livox_ros_driver2/share/livox_ros_driver2/package.ps1'
[2.218s] INFO:colcon.colcon_core.shell:Creating package descriptor '/home/lx/ros2/ros/mid-360_ws/install/livox_ros_driver2/share/livox_ros_driver2/package.dsv'
[2.218s] INFO:colcon.colcon_core.shell:Creating package script '/home/lx/ros2/ros/mid-360_ws/install/livox_ros_driver2/share/livox_ros_driver2/package.sh'
[2.218s] INFO:colcon.colcon_core.shell:Creating package script '/home/lx/ros2/ros/mid-360_ws/install/livox_ros_driver2/share/livox_ros_driver2/package.bash'
[2.219s] INFO:colcon.colcon_core.shell:Creating package script '/home/lx/ros2/ros/mid-360_ws/install/livox_ros_driver2/share/livox_ros_driver2/package.zsh'
[2.219s] Level 1:colcon.colcon_core.environment:create_file_with_runtime_dependencies(/home/lx/ros2/ros/mid-360_ws/install/livox_ros_driver2/share/colcon-core/packages/livox_ros_driver2)
[2.219s] INFO:colcon.colcon_ros.task.ament_cmake.build:Building ROS package in '/home/lx/ros2/ros/mid-360_ws/src/FAST_LIO' with build type 'ament_cmake'
[2.219s] INFO:colcon.colcon_cmake.task.cmake.build:Building CMake package in '/home/lx/ros2/ros/mid-360_ws/src/FAST_LIO'
[2.232s] INFO:colcon.colcon_core.shell:Skip shell extension 'powershell' for command environment: Not usable outside of PowerShell
[2.232s] DEBUG:colcon.colcon_core.shell:Skip shell extension 'dsv' for command environment
[2.279s] DEBUG:colcon.colcon_core.event_handler.log_command:Invoking command in '/home/lx/ros2/ros/mid-360_ws/build/fast_lio': CMAKE_PREFIX_PATH=/home/lx/ros2/ros/mid-360_ws/install/livox_ros_driver2:/home/lx/ros2/ros/mid-360_ws/install/pointcloud_to_laserscan:/home/lx/ros2/ros/mid-360_ws/install/fast_lio:/opt/ros/humble LD_LIBRARY_PATH=/home/lx/ros2/ros/mid-360_ws/install/livox_ros_driver2/lib:/home/lx/ros2/ros/mid-360_ws/install/pointcloud_to_laserscan/lib:/home/lx/ros2/ros/mid-360_ws/install/fast_lio/lib:/usr/lib/x86_64-linux-gnu/gazebo-11/plugins:/opt/ros/humble/opt/rviz_ogre_vendor/lib:/opt/ros/humble/lib/x86_64-linux-gnu:/opt/ros/humble/lib /usr/bin/cmake --build /home/lx/ros2/ros/mid-360_ws/build/fast_lio -- -j12 -l12
[2.607s] DEBUG:colcon.colcon_core.event_handler.log_command:Invoked command in '/home/lx/ros2/ros/mid-360_ws/build/fast_lio' returned '0': CMAKE_PREFIX_PATH=/home/lx/ros2/ros/mid-360_ws/install/livox_ros_driver2:/home/lx/ros2/ros/mid-360_ws/install/pointcloud_to_laserscan:/home/lx/ros2/ros/mid-360_ws/install/fast_lio:/opt/ros/humble LD_LIBRARY_PATH=/home/lx/ros2/ros/mid-360_ws/install/livox_ros_driver2/lib:/home/lx/ros2/ros/mid-360_ws/install/pointcloud_to_laserscan/lib:/home/lx/ros2/ros/mid-360_ws/install/fast_lio/lib:/usr/lib/x86_64-linux-gnu/gazebo-11/plugins:/opt/ros/humble/opt/rviz_ogre_vendor/lib:/opt/ros/humble/lib/x86_64-linux-gnu:/opt/ros/humble/lib /usr/bin/cmake --build /home/lx/ros2/ros/mid-360_ws/build/fast_lio -- -j12 -l12
[2.652s] DEBUG:colcon.colcon_core.event_handler.log_command:Invoking command in '/home/lx/ros2/ros/mid-360_ws/build/fast_lio': CMAKE_PREFIX_PATH=/home/lx/ros2/ros/mid-360_ws/install/livox_ros_driver2:/home/lx/ros2/ros/mid-360_ws/install/pointcloud_to_laserscan:/home/lx/ros2/ros/mid-360_ws/install/fast_lio:/opt/ros/humble LD_LIBRARY_PATH=/home/lx/ros2/ros/mid-360_ws/install/livox_ros_driver2/lib:/home/lx/ros2/ros/mid-360_ws/install/pointcloud_to_laserscan/lib:/home/lx/ros2/ros/mid-360_ws/install/fast_lio/lib:/usr/lib/x86_64-linux-gnu/gazebo-11/plugins:/opt/ros/humble/opt/rviz_ogre_vendor/lib:/opt/ros/humble/lib/x86_64-linux-gnu:/opt/ros/humble/lib /usr/bin/cmake --install /home/lx/ros2/ros/mid-360_ws/build/fast_lio
[2.701s] Level 1:colcon.colcon_core.environment:create_environment_scripts_only(fast_lio)
[2.706s] DEBUG:colcon.colcon_core.event_handler.log_command:Invoked command in '/home/lx/ros2/ros/mid-360_ws/build/fast_lio' returned '0': CMAKE_PREFIX_PATH=/home/lx/ros2/ros/mid-360_ws/install/livox_ros_driver2:/home/lx/ros2/ros/mid-360_ws/install/pointcloud_to_laserscan:/home/lx/ros2/ros/mid-360_ws/install/fast_lio:/opt/ros/humble LD_LIBRARY_PATH=/home/lx/ros2/ros/mid-360_ws/install/livox_ros_driver2/lib:/home/lx/ros2/ros/mid-360_ws/install/pointcloud_to_laserscan/lib:/home/lx/ros2/ros/mid-360_ws/install/fast_lio/lib:/usr/lib/x86_64-linux-gnu/gazebo-11/plugins:/opt/ros/humble/opt/rviz_ogre_vendor/lib:/opt/ros/humble/lib/x86_64-linux-gnu:/opt/ros/humble/lib /usr/bin/cmake --install /home/lx/ros2/ros/mid-360_ws/build/fast_lio
[2.719s] Level 1:colcon.colcon_core.environment:checking '/home/lx/ros2/ros/mid-360_ws/install/fast_lio' for CMake module files
[2.720s] Level 1:colcon.colcon_core.environment:checking '/home/lx/ros2/ros/mid-360_ws/install/fast_lio' for CMake config files
[2.720s] Level 1:colcon.colcon_core.shell:create_environment_hook('fast_lio', 'cmake_prefix_path')
[2.734s] INFO:colcon.colcon_core.shell:Creating environment hook '/home/lx/ros2/ros/mid-360_ws/install/fast_lio/share/fast_lio/hook/cmake_prefix_path.ps1'
[2.734s] INFO:colcon.colcon_core.shell:Creating environment descriptor '/home/lx/ros2/ros/mid-360_ws/install/fast_lio/share/fast_lio/hook/cmake_prefix_path.dsv'
[2.735s] INFO:colcon.colcon_core.shell:Creating environment hook '/home/lx/ros2/ros/mid-360_ws/install/fast_lio/share/fast_lio/hook/cmake_prefix_path.sh'
[2.735s] Level 1:colcon.colcon_core.environment:checking '/home/lx/ros2/ros/mid-360_ws/install/fast_lio/lib'
[2.735s] Level 1:colcon.colcon_core.shell:create_environment_hook('fast_lio', 'ld_library_path_lib')
[2.749s] INFO:colcon.colcon_core.shell:Creating environment hook '/home/lx/ros2/ros/mid-360_ws/install/fast_lio/share/fast_lio/hook/ld_library_path_lib.ps1'
[2.750s] INFO:colcon.colcon_core.shell:Creating environment descriptor '/home/lx/ros2/ros/mid-360_ws/install/fast_lio/share/fast_lio/hook/ld_library_path_lib.dsv'
[2.750s] INFO:colcon.colcon_core.shell:Creating environment hook '/home/lx/ros2/ros/mid-360_ws/install/fast_lio/share/fast_lio/hook/ld_library_path_lib.sh'
[2.750s] Level 1:colcon.colcon_core.environment:checking '/home/lx/ros2/ros/mid-360_ws/install/fast_lio/bin'
[2.750s] Level 1:colcon.colcon_core.environment:checking '/home/lx/ros2/ros/mid-360_ws/install/fast_lio/lib/pkgconfig/fast_lio.pc'
[2.751s] Level 1:colcon.colcon_core.environment:checking '/home/lx/ros2/ros/mid-360_ws/install/fast_lio/lib/python3.10/site-packages'
[2.751s] Level 1:colcon.colcon_core.environment:checking '/home/lx/ros2/ros/mid-360_ws/install/fast_lio/bin'
[2.765s] INFO:colcon.colcon_core.shell:Creating package script '/home/lx/ros2/ros/mid-360_ws/install/fast_lio/share/fast_lio/package.ps1'
[2.766s] INFO:colcon.colcon_core.shell:Creating package descriptor '/home/lx/ros2/ros/mid-360_ws/install/fast_lio/share/fast_lio/package.dsv'
[2.766s] INFO:colcon.colcon_core.shell:Creating package script '/home/lx/ros2/ros/mid-360_ws/install/fast_lio/share/fast_lio/package.sh'
[2.766s] INFO:colcon.colcon_core.shell:Creating package script '/home/lx/ros2/ros/mid-360_ws/install/fast_lio/share/fast_lio/package.bash'
[2.766s] INFO:colcon.colcon_core.shell:Creating package script '/home/lx/ros2/ros/mid-360_ws/install/fast_lio/share/fast_lio/package.zsh'
[2.767s] Level 1:colcon.colcon_core.environment:create_file_with_runtime_dependencies(/home/lx/ros2/ros/mid-360_ws/install/fast_lio/share/colcon-core/packages/fast_lio)
[2.839s] Level 1:colcon.colcon_core.environment:create_environment_scripts_only(fast_lio)
[2.861s] Level 1:colcon.colcon_core.environment:checking '/home/lx/ros2/ros/mid-360_ws/install/fast_lio' for CMake module files
[2.862s] Level 1:colcon.colcon_core.environment:checking '/home/lx/ros2/ros/mid-360_ws/install/fast_lio' for CMake config files
[2.862s] Level 1:colcon.colcon_core.shell:create_environment_hook('fast_lio', 'cmake_prefix_path')
[2.883s] INFO:colcon.colcon_core.shell:Creating environment hook '/home/lx/ros2/ros/mid-360_ws/install/fast_lio/share/fast_lio/hook/cmake_prefix_path.ps1'
[2.884s] INFO:colcon.colcon_core.shell:Creating environment descriptor '/home/lx/ros2/ros/mid-360_ws/install/fast_lio/share/fast_lio/hook/cmake_prefix_path.dsv'
[2.884s] INFO:colcon.colcon_core.shell:Creating environment hook '/home/lx/ros2/ros/mid-360_ws/install/fast_lio/share/fast_lio/hook/cmake_prefix_path.sh'
[2.885s] Level 1:colcon.colcon_core.environment:checking '/home/lx/ros2/ros/mid-360_ws/install/fast_lio/lib'
[2.885s] Level 1:colcon.colcon_core.shell:create_environment_hook('fast_lio', 'ld_library_path_lib')
[2.906s] INFO:colcon.colcon_core.shell:Creating environment hook '/home/lx/ros2/ros/mid-360_ws/install/fast_lio/share/fast_lio/hook/ld_library_path_lib.ps1'
[2.907s] INFO:colcon.colcon_core.shell:Creating environment descriptor '/home/lx/ros2/ros/mid-360_ws/install/fast_lio/share/fast_lio/hook/ld_library_path_lib.dsv'
[2.907s] INFO:colcon.colcon_core.shell:Creating environment hook '/home/lx/ros2/ros/mid-360_ws/install/fast_lio/share/fast_lio/hook/ld_library_path_lib.sh'
[2.908s] Level 1:colcon.colcon_core.environment:checking '/home/lx/ros2/ros/mid-360_ws/install/fast_lio/bin'
[2.908s] Level 1:colcon.colcon_core.environment:checking '/home/lx/ros2/ros/mid-360_ws/install/fast_lio/lib/pkgconfig/fast_lio.pc'
[2.908s] Level 1:colcon.colcon_core.environment:checking '/home/lx/ros2/ros/mid-360_ws/install/fast_lio/lib/python3.10/site-packages'
[2.908s] Level 1:colcon.colcon_core.environment:checking '/home/lx/ros2/ros/mid-360_ws/install/fast_lio/bin'
[2.929s] INFO:colcon.colcon_core.shell:Creating package script '/home/lx/ros2/ros/mid-360_ws/install/fast_lio/share/fast_lio/package.ps1'
[2.930s] INFO:colcon.colcon_core.shell:Creating package descriptor '/home/lx/ros2/ros/mid-360_ws/install/fast_lio/share/fast_lio/package.dsv'
[2.930s] INFO:colcon.colcon_core.shell:Creating package script '/home/lx/ros2/ros/mid-360_ws/install/fast_lio/share/fast_lio/package.sh'
[2.931s] INFO:colcon.colcon_core.shell:Creating package script '/home/lx/ros2/ros/mid-360_ws/install/fast_lio/share/fast_lio/package.bash'
[2.931s] INFO:colcon.colcon_core.shell:Creating package script '/home/lx/ros2/ros/mid-360_ws/install/fast_lio/share/fast_lio/package.zsh'
[2.932s] Level 1:colcon.colcon_core.environment:create_file_with_runtime_dependencies(/home/lx/ros2/ros/mid-360_ws/install/fast_lio/share/colcon-core/packages/fast_lio)
[12.052s] DEBUG:colcon.colcon_core.event_handler.log_command:Invoked command in '/home/lx/ros2/ros/mid-360_ws/build/pointcloud_to_laserscan' returned '0': CMAKE_PREFIX_PATH=${CMAKE_PREFIX_PATH}:/opt/ros/humble /usr/bin/cmake --build /home/lx/ros2/ros/mid-360_ws/build/pointcloud_to_laserscan -- -j12 -l12
[12.076s] DEBUG:colcon.colcon_core.event_handler.log_command:Invoking command in '/home/lx/ros2/ros/mid-360_ws/build/pointcloud_to_laserscan': CMAKE_PREFIX_PATH=${CMAKE_PREFIX_PATH}:/opt/ros/humble /usr/bin/cmake --install /home/lx/ros2/ros/mid-360_ws/build/pointcloud_to_laserscan
[12.093s] Level 1:colcon.colcon_core.environment:create_environment_scripts_only(pointcloud_to_laserscan)
[12.093s] DEBUG:colcon.colcon_core.event_handler.log_command:Invoked command in '/home/lx/ros2/ros/mid-360_ws/build/pointcloud_to_laserscan' returned '0': CMAKE_PREFIX_PATH=${CMAKE_PREFIX_PATH}:/opt/ros/humble /usr/bin/cmake --install /home/lx/ros2/ros/mid-360_ws/build/pointcloud_to_laserscan
[12.109s] Level 1:colcon.colcon_core.environment:checking '/home/lx/ros2/ros/mid-360_ws/install/pointcloud_to_laserscan' for CMake module files
[12.110s] Level 1:colcon.colcon_core.environment:checking '/home/lx/ros2/ros/mid-360_ws/install/pointcloud_to_laserscan' for CMake config files
[12.110s] Level 1:colcon.colcon_core.shell:create_environment_hook('pointcloud_to_laserscan', 'cmake_prefix_path')
[12.122s] INFO:colcon.colcon_core.shell:Creating environment hook '/home/lx/ros2/ros/mid-360_ws/install/pointcloud_to_laserscan/share/pointcloud_to_laserscan/hook/cmake_prefix_path.ps1'
[12.122s] INFO:colcon.colcon_core.shell:Creating environment descriptor '/home/lx/ros2/ros/mid-360_ws/install/pointcloud_to_laserscan/share/pointcloud_to_laserscan/hook/cmake_prefix_path.dsv'
[12.123s] INFO:colcon.colcon_core.shell:Creating environment hook '/home/lx/ros2/ros/mid-360_ws/install/pointcloud_to_laserscan/share/pointcloud_to_laserscan/hook/cmake_prefix_path.sh'
[12.123s] Level 1:colcon.colcon_core.environment:checking '/home/lx/ros2/ros/mid-360_ws/install/pointcloud_to_laserscan/lib'
[12.123s] Level 1:colcon.colcon_core.shell:create_environment_hook('pointcloud_to_laserscan', 'ld_library_path_lib')
[12.136s] INFO:colcon.colcon_core.shell:Creating environment hook '/home/lx/ros2/ros/mid-360_ws/install/pointcloud_to_laserscan/share/pointcloud_to_laserscan/hook/ld_library_path_lib.ps1'
[12.136s] INFO:colcon.colcon_core.shell:Creating environment descriptor '/home/lx/ros2/ros/mid-360_ws/install/pointcloud_to_laserscan/share/pointcloud_to_laserscan/hook/ld_library_path_lib.dsv'
[12.136s] INFO:colcon.colcon_core.shell:Creating environment hook '/home/lx/ros2/ros/mid-360_ws/install/pointcloud_to_laserscan/share/pointcloud_to_laserscan/hook/ld_library_path_lib.sh'
[12.137s] Level 1:colcon.colcon_core.environment:checking '/home/lx/ros2/ros/mid-360_ws/install/pointcloud_to_laserscan/bin'
[12.137s] Level 1:colcon.colcon_core.environment:checking '/home/lx/ros2/ros/mid-360_ws/install/pointcloud_to_laserscan/lib/pkgconfig/pointcloud_to_laserscan.pc'
[12.137s] Level 1:colcon.colcon_core.environment:checking '/home/lx/ros2/ros/mid-360_ws/install/pointcloud_to_laserscan/lib/python3.10/site-packages'
[12.137s] Level 1:colcon.colcon_core.environment:checking '/home/lx/ros2/ros/mid-360_ws/install/pointcloud_to_laserscan/bin'
[12.149s] INFO:colcon.colcon_core.shell:Creating package script '/home/lx/ros2/ros/mid-360_ws/install/pointcloud_to_laserscan/share/pointcloud_to_laserscan/package.ps1'
[12.150s] INFO:colcon.colcon_core.shell:Creating package descriptor '/home/lx/ros2/ros/mid-360_ws/install/pointcloud_to_laserscan/share/pointcloud_to_laserscan/package.dsv'
[12.150s] INFO:colcon.colcon_core.shell:Creating package script '/home/lx/ros2/ros/mid-360_ws/install/pointcloud_to_laserscan/share/pointcloud_to_laserscan/package.sh'
[12.150s] INFO:colcon.colcon_core.shell:Creating package script '/home/lx/ros2/ros/mid-360_ws/install/pointcloud_to_laserscan/share/pointcloud_to_laserscan/package.bash'
[12.151s] INFO:colcon.colcon_core.shell:Creating package script '/home/lx/ros2/ros/mid-360_ws/install/pointcloud_to_laserscan/share/pointcloud_to_laserscan/package.zsh'
[12.151s] Level 1:colcon.colcon_core.environment:create_file_with_runtime_dependencies(/home/lx/ros2/ros/mid-360_ws/install/pointcloud_to_laserscan/share/colcon-core/packages/pointcloud_to_laserscan)
[12.188s] Level 1:colcon.colcon_core.environment:create_environment_scripts_only(pointcloud_to_laserscan)
[12.200s] Level 1:colcon.colcon_core.environment:checking '/home/lx/ros2/ros/mid-360_ws/install/pointcloud_to_laserscan' for CMake module files
[12.200s] Level 1:colcon.colcon_core.environment:checking '/home/lx/ros2/ros/mid-360_ws/install/pointcloud_to_laserscan' for CMake config files
[12.201s] Level 1:colcon.colcon_core.shell:create_environment_hook('pointcloud_to_laserscan', 'cmake_prefix_path')
[12.213s] INFO:colcon.colcon_core.shell:Creating environment hook '/home/lx/ros2/ros/mid-360_ws/install/pointcloud_to_laserscan/share/pointcloud_to_laserscan/hook/cmake_prefix_path.ps1'
[12.213s] INFO:colcon.colcon_core.shell:Creating environment descriptor '/home/lx/ros2/ros/mid-360_ws/install/pointcloud_to_laserscan/share/pointcloud_to_laserscan/hook/cmake_prefix_path.dsv'
[12.214s] INFO:colcon.colcon_core.shell:Creating environment hook '/home/lx/ros2/ros/mid-360_ws/install/pointcloud_to_laserscan/share/pointcloud_to_laserscan/hook/cmake_prefix_path.sh'
[12.214s] Level 1:colcon.colcon_core.environment:checking '/home/lx/ros2/ros/mid-360_ws/install/pointcloud_to_laserscan/lib'
[12.214s] Level 1:colcon.colcon_core.shell:create_environment_hook('pointcloud_to_laserscan', 'ld_library_path_lib')
[12.226s] INFO:colcon.colcon_core.shell:Creating environment hook '/home/lx/ros2/ros/mid-360_ws/install/pointcloud_to_laserscan/share/pointcloud_to_laserscan/hook/ld_library_path_lib.ps1'
[12.226s] INFO:colcon.colcon_core.shell:Creating environment descriptor '/home/lx/ros2/ros/mid-360_ws/install/pointcloud_to_laserscan/share/pointcloud_to_laserscan/hook/ld_library_path_lib.dsv'
[12.226s] INFO:colcon.colcon_core.shell:Creating environment hook '/home/lx/ros2/ros/mid-360_ws/install/pointcloud_to_laserscan/share/pointcloud_to_laserscan/hook/ld_library_path_lib.sh'
[12.227s] Level 1:colcon.colcon_core.environment:checking '/home/lx/ros2/ros/mid-360_ws/install/pointcloud_to_laserscan/bin'
[12.227s] Level 1:colcon.colcon_core.environment:checking '/home/lx/ros2/ros/mid-360_ws/install/pointcloud_to_laserscan/lib/pkgconfig/pointcloud_to_laserscan.pc'
[12.227s] Level 1:colcon.colcon_core.environment:checking '/home/lx/ros2/ros/mid-360_ws/install/pointcloud_to_laserscan/lib/python3.10/site-packages'
[12.227s] Level 1:colcon.colcon_core.environment:checking '/home/lx/ros2/ros/mid-360_ws/install/pointcloud_to_laserscan/bin'
[12.239s] INFO:colcon.colcon_core.shell:Creating package script '/home/lx/ros2/ros/mid-360_ws/install/pointcloud_to_laserscan/share/pointcloud_to_laserscan/package.ps1'
[12.240s] INFO:colcon.colcon_core.shell:Creating package descriptor '/home/lx/ros2/ros/mid-360_ws/install/pointcloud_to_laserscan/share/pointcloud_to_laserscan/package.dsv'
[12.240s] INFO:colcon.colcon_core.shell:Creating package script '/home/lx/ros2/ros/mid-360_ws/install/pointcloud_to_laserscan/share/pointcloud_to_laserscan/package.sh'
[12.240s] INFO:colcon.colcon_core.shell:Creating package script '/home/lx/ros2/ros/mid-360_ws/install/pointcloud_to_laserscan/share/pointcloud_to_laserscan/package.bash'
[12.241s] INFO:colcon.colcon_core.shell:Creating package script '/home/lx/ros2/ros/mid-360_ws/install/pointcloud_to_laserscan/share/pointcloud_to_laserscan/package.zsh'
[12.241s] Level 1:colcon.colcon_core.environment:create_file_with_runtime_dependencies(/home/lx/ros2/ros/mid-360_ws/install/pointcloud_to_laserscan/share/colcon-core/packages/pointcloud_to_laserscan)
[12.241s] DEBUG:colcon.colcon_parallel_executor.executor.parallel:closing loop
[12.241s] DEBUG:colcon.colcon_parallel_executor.executor.parallel:loop closed
[12.241s] DEBUG:colcon.colcon_parallel_executor.executor.parallel:run_until_complete finished with '0'
[12.241s] DEBUG:colcon.colcon_core.event_reactor:joining thread
[12.259s] INFO:colcon.colcon_core.plugin_system:Skipping extension 'colcon_notification.desktop_notification.terminal_notifier': Not used on non-Darwin systems
[12.259s] INFO:colcon.colcon_core.plugin_system:Skipping extension 'colcon_notification.desktop_notification.win32': Not used on non-Windows systems
[12.259s] INFO:colcon.colcon_notification.desktop_notification:Sending desktop notification using 'notify2'
[12.269s] DEBUG:colcon.colcon_core.event_reactor:joined thread
[12.282s] INFO:colcon.colcon_core.shell:Creating prefix script '/home/lx/ros2/ros/mid-360_ws/install/local_setup.ps1'
[12.283s] INFO:colcon.colcon_core.shell:Creating prefix util module '/home/lx/ros2/ros/mid-360_ws/install/_local_setup_util_ps1.py'
[12.284s] INFO:colcon.colcon_core.shell:Creating prefix chain script '/home/lx/ros2/ros/mid-360_ws/install/setup.ps1'
[12.297s] INFO:colcon.colcon_core.shell:Creating prefix script '/home/lx/ros2/ros/mid-360_ws/install/local_setup.sh'
[12.298s] INFO:colcon.colcon_core.shell:Creating prefix util module '/home/lx/ros2/ros/mid-360_ws/install/_local_setup_util_sh.py'
[12.298s] INFO:colcon.colcon_core.shell:Creating prefix chain script '/home/lx/ros2/ros/mid-360_ws/install/setup.sh'
[12.312s] INFO:colcon.colcon_core.shell:Creating prefix script '/home/lx/ros2/ros/mid-360_ws/install/local_setup.bash'
[12.312s] INFO:colcon.colcon_core.shell:Creating prefix chain script '/home/lx/ros2/ros/mid-360_ws/install/setup.bash'
[12.326s] INFO:colcon.colcon_core.shell:Creating prefix script '/home/lx/ros2/ros/mid-360_ws/install/local_setup.zsh'
[12.326s] INFO:colcon.colcon_core.shell:Creating prefix chain script '/home/lx/ros2/ros/mid-360_ws/install/setup.zsh'
