[0.104s] Invoking command in '/home/lx/文档/GitHub/ros/xiao_ying/build/imu_to_odom': CMAKE_PREFIX_PATH=${CMAKE_PREFIX_PATH}:/opt/ros/humble /usr/bin/cmake /home/lx/文档/GitHub/ros/xiao_ying/src/imu_to_odom -DROS_EDITION=ROS2 -DHUMBLE_ROS=humble -DCMAKE_INSTALL_PREFIX=/home/lx/文档/GitHub/ros/xiao_ying/install/imu_to_odom
[0.142s] -- The C compiler identification is GNU 11.4.0
[0.181s] -- The CXX compiler identification is GNU 11.4.0
[0.186s] -- Detecting C compiler ABI info
[0.232s] -- Detecting C compiler ABI info - done
[0.238s] -- Check for working C compiler: /usr/bin/cc - skipped
[0.239s] -- Detecting C compile features
[0.239s] -- Detecting C compile features - done
[0.241s] -- Detecting CXX compiler ABI info
[0.296s] -- Detecting CXX compiler ABI info - done
[0.307s] -- Check for working CXX compiler: /usr/bin/c++ - skipped
[0.307s] -- Detecting CXX compile features
[0.308s] -- Detecting CXX compile features - done
[0.310s] -- Found ament_cmake: 1.3.5 (/opt/ros/humble/share/ament_cmake/cmake)
[0.438s] -- Found Python3: /usr/bin/python3.10 (found version "3.10.12") found components: Interpreter 
[0.515s] -- Found rclcpp: 16.0.6 (/opt/ros/humble/share/rclcpp/cmake)
[0.548s] -- Found rosidl_generator_c: 3.1.5 (/opt/ros/humble/share/rosidl_generator_c/cmake)
[0.551s] -- Found rosidl_adapter: 3.1.5 (/opt/ros/humble/share/rosidl_adapter/cmake)
[0.558s] -- Found rosidl_generator_cpp: 3.1.5 (/opt/ros/humble/share/rosidl_generator_cpp/cmake)
[0.569s] -- Using all available rosidl_typesupport_c: rosidl_typesupport_fastrtps_c;rosidl_typesupport_introspection_c
[0.584s] -- Using all available rosidl_typesupport_cpp: rosidl_typesupport_fastrtps_cpp;rosidl_typesupport_introspection_cpp
[0.641s] -- Found rmw_implementation_cmake: 6.1.1 (/opt/ros/humble/share/rmw_implementation_cmake/cmake)
[0.643s] -- Found rmw_fastrtps_cpp: 6.2.4 (/opt/ros/humble/share/rmw_fastrtps_cpp/cmake)
[0.710s] -- Found OpenSSL: /usr/lib/x86_64-linux-gnu/libcrypto.so (found version "3.0.2")  
[0.731s] -- Found FastRTPS: /opt/ros/humble/include  
[0.766s] -- Using RMW implementation 'rmw_fastrtps_cpp' as default
[0.773s] -- Looking for pthread.h
[0.821s] -- Looking for pthread.h - found
[0.821s] -- Performing Test CMAKE_HAVE_LIBC_PTHREAD
[0.870s] -- Performing Test CMAKE_HAVE_LIBC_PTHREAD - Success
[0.871s] -- Found Threads: TRUE  
[1.013s] -- Found nav_msgs: 4.2.3 (/opt/ros/humble/share/nav_msgs/cmake)
[1.125s] -- Found sensor_msgs: 4.2.3 (/opt/ros/humble/share/sensor_msgs/cmake)
[1.200s] -- Found ament_lint_auto: 0.12.8 (/opt/ros/humble/share/ament_lint_auto/cmake)
[1.258s] -- Added test 'cppcheck' to perform static code analysis on C / C++ code
[1.259s] -- Configured cppcheck include dirs: /home/lx/文档/GitHub/ros/xiao_ying/src/imu_to_odom/include
[1.259s] -- Configured cppcheck exclude dirs and/or files: 
[1.259s] -- Added test 'lint_cmake' to check CMake code style
[1.260s] -- Added test 'uncrustify' to check C / C++ code style
[1.260s] -- Configured uncrustify additional arguments: 
[1.260s] -- Added test 'xmllint' to check XML markup files
[1.261s] -- Configuring done
[1.268s] -- Generating done
[1.269s] [33mCMake Warning:
[1.269s]   Manually-specified variables were not used by the project:
[1.270s] 
[1.270s]     HUMBLE_ROS
[1.270s]     ROS_EDITION
[1.270s] 
[1.270s] [0m
[1.270s] -- Build files have been written to: /home/lx/文档/GitHub/ros/xiao_ying/build/imu_to_odom
[1.277s] Invoked command in '/home/lx/文档/GitHub/ros/xiao_ying/build/imu_to_odom' returned '0': CMAKE_PREFIX_PATH=${CMAKE_PREFIX_PATH}:/opt/ros/humble /usr/bin/cmake /home/lx/文档/GitHub/ros/xiao_ying/src/imu_to_odom -DROS_EDITION=ROS2 -DHUMBLE_ROS=humble -DCMAKE_INSTALL_PREFIX=/home/lx/文档/GitHub/ros/xiao_ying/install/imu_to_odom
[1.279s] Invoking command in '/home/lx/文档/GitHub/ros/xiao_ying/build/imu_to_odom': CMAKE_PREFIX_PATH=${CMAKE_PREFIX_PATH}:/opt/ros/humble /usr/bin/cmake --build /home/lx/文档/GitHub/ros/xiao_ying/build/imu_to_odom -- -j12 -l12
[1.312s] [ 50%] [32mBuilding CXX object CMakeFiles/imu_to_odom.dir/src/imu_to_odom.cpp.o[0m
[7.894s] [100%] [32m[1mLinking CXX executable imu_to_odom[0m
[8.189s] [100%] Built target imu_to_odom
