[0.620s] Invoking command in '/home/lx/ros2/ros/nav2_ws/src/navigation2/nav2_simple_commander': AMENT_PREFIX_PATH=/home/lx/ros2/ros/nav2_ws/install/nav2_msgs:${AMENT_PREFIX_PATH} CMAKE_PREFIX_PATH=/home/lx/ros2/ros/nav2_ws/install/nav2_msgs LD_LIBRARY_PATH=/home/lx/ros2/ros/nav2_ws/install/nav2_msgs/lib:${LD_LIBRARY_PATH} PYTHONPATH=/home/lx/ros2/ros/nav2_ws/build/nav2_simple_commander/prefix_override:/home/lx/ros2/ros/nav2_ws/install/nav2_simple_commander/lib/python3.10/site-packages:/home/lx/ros2/ros/nav2_ws/install/nav2_msgs/local/lib/python3.10/dist-packages:${PYTHONPATH} /usr/bin/python3 setup.py egg_info --egg-base ../../../build/nav2_simple_commander build --build-base /home/lx/ros2/ros/nav2_ws/build/nav2_simple_commander/build install --record /home/lx/ros2/ros/nav2_ws/build/nav2_simple_commander/install.log --single-version-externally-managed
[0.801s] running egg_info
[0.802s] creating ../../../build/nav2_simple_commander/nav2_simple_commander.egg-info
[0.802s] writing ../../../build/nav2_simple_commander/nav2_simple_commander.egg-info/PKG-INFO
[0.802s] writing dependency_links to ../../../build/nav2_simple_commander/nav2_simple_commander.egg-info/dependency_links.txt
[0.802s] writing entry points to ../../../build/nav2_simple_commander/nav2_simple_commander.egg-info/entry_points.txt
[0.802s] writing requirements to ../../../build/nav2_simple_commander/nav2_simple_commander.egg-info/requires.txt
[0.802s] writing top-level names to ../../../build/nav2_simple_commander/nav2_simple_commander.egg-info/top_level.txt
[0.802s] writing manifest file '../../../build/nav2_simple_commander/nav2_simple_commander.egg-info/SOURCES.txt'
[0.804s] reading manifest file '../../../build/nav2_simple_commander/nav2_simple_commander.egg-info/SOURCES.txt'
[0.804s] writing manifest file '../../../build/nav2_simple_commander/nav2_simple_commander.egg-info/SOURCES.txt'
[0.804s] running build
[0.804s] running build_py
[0.804s] creating /home/lx/ros2/ros/nav2_ws/build/nav2_simple_commander/build
[0.805s] creating /home/lx/ros2/ros/nav2_ws/build/nav2_simple_commander/build/lib
[0.805s] creating /home/lx/ros2/ros/nav2_ws/build/nav2_simple_commander/build/lib/nav2_simple_commander
[0.805s] copying nav2_simple_commander/demo_security.py -> /home/lx/ros2/ros/nav2_ws/build/nav2_simple_commander/build/lib/nav2_simple_commander
[0.805s] copying nav2_simple_commander/example_nav_through_poses.py -> /home/lx/ros2/ros/nav2_ws/build/nav2_simple_commander/build/lib/nav2_simple_commander
[0.805s] copying nav2_simple_commander/robot_navigator.py -> /home/lx/ros2/ros/nav2_ws/build/nav2_simple_commander/build/lib/nav2_simple_commander
[0.805s] copying nav2_simple_commander/example_waypoint_follower.py -> /home/lx/ros2/ros/nav2_ws/build/nav2_simple_commander/build/lib/nav2_simple_commander
[0.805s] copying nav2_simple_commander/demo_inspection.py -> /home/lx/ros2/ros/nav2_ws/build/nav2_simple_commander/build/lib/nav2_simple_commander
[0.805s] copying nav2_simple_commander/line_iterator.py -> /home/lx/ros2/ros/nav2_ws/build/nav2_simple_commander/build/lib/nav2_simple_commander
[0.805s] copying nav2_simple_commander/example_nav_to_pose.py -> /home/lx/ros2/ros/nav2_ws/build/nav2_simple_commander/build/lib/nav2_simple_commander
[0.805s] copying nav2_simple_commander/demo_picking.py -> /home/lx/ros2/ros/nav2_ws/build/nav2_simple_commander/build/lib/nav2_simple_commander
[0.805s] copying nav2_simple_commander/example_follow_path.py -> /home/lx/ros2/ros/nav2_ws/build/nav2_simple_commander/build/lib/nav2_simple_commander
[0.805s] copying nav2_simple_commander/example_assisted_teleop.py -> /home/lx/ros2/ros/nav2_ws/build/nav2_simple_commander/build/lib/nav2_simple_commander
[0.805s] copying nav2_simple_commander/demo_recoveries.py -> /home/lx/ros2/ros/nav2_ws/build/nav2_simple_commander/build/lib/nav2_simple_commander
[0.805s] copying nav2_simple_commander/__init__.py -> /home/lx/ros2/ros/nav2_ws/build/nav2_simple_commander/build/lib/nav2_simple_commander
[0.806s] copying nav2_simple_commander/costmap_2d.py -> /home/lx/ros2/ros/nav2_ws/build/nav2_simple_commander/build/lib/nav2_simple_commander
[0.806s] running install
[0.807s] /usr/lib/python3/dist-packages/setuptools/command/install.py:34: SetuptoolsDeprecationWarning: setup.py install is deprecated. Use build and pip and other standards-based tools.
[0.807s]   warnings.warn(
[0.807s] running install_lib
[0.808s] creating /home/lx/ros2/ros/nav2_ws/install/nav2_simple_commander/lib/python3.10/site-packages/nav2_simple_commander
[0.808s] copying /home/lx/ros2/ros/nav2_ws/build/nav2_simple_commander/build/lib/nav2_simple_commander/demo_security.py -> /home/lx/ros2/ros/nav2_ws/install/nav2_simple_commander/lib/python3.10/site-packages/nav2_simple_commander
[0.808s] copying /home/lx/ros2/ros/nav2_ws/build/nav2_simple_commander/build/lib/nav2_simple_commander/example_nav_through_poses.py -> /home/lx/ros2/ros/nav2_ws/install/nav2_simple_commander/lib/python3.10/site-packages/nav2_simple_commander
[0.808s] copying /home/lx/ros2/ros/nav2_ws/build/nav2_simple_commander/build/lib/nav2_simple_commander/robot_navigator.py -> /home/lx/ros2/ros/nav2_ws/install/nav2_simple_commander/lib/python3.10/site-packages/nav2_simple_commander
[0.808s] copying /home/lx/ros2/ros/nav2_ws/build/nav2_simple_commander/build/lib/nav2_simple_commander/example_waypoint_follower.py -> /home/lx/ros2/ros/nav2_ws/install/nav2_simple_commander/lib/python3.10/site-packages/nav2_simple_commander
[0.808s] copying /home/lx/ros2/ros/nav2_ws/build/nav2_simple_commander/build/lib/nav2_simple_commander/demo_inspection.py -> /home/lx/ros2/ros/nav2_ws/install/nav2_simple_commander/lib/python3.10/site-packages/nav2_simple_commander
[0.808s] copying /home/lx/ros2/ros/nav2_ws/build/nav2_simple_commander/build/lib/nav2_simple_commander/line_iterator.py -> /home/lx/ros2/ros/nav2_ws/install/nav2_simple_commander/lib/python3.10/site-packages/nav2_simple_commander
[0.808s] copying /home/lx/ros2/ros/nav2_ws/build/nav2_simple_commander/build/lib/nav2_simple_commander/example_nav_to_pose.py -> /home/lx/ros2/ros/nav2_ws/install/nav2_simple_commander/lib/python3.10/site-packages/nav2_simple_commander
[0.808s] copying /home/lx/ros2/ros/nav2_ws/build/nav2_simple_commander/build/lib/nav2_simple_commander/demo_picking.py -> /home/lx/ros2/ros/nav2_ws/install/nav2_simple_commander/lib/python3.10/site-packages/nav2_simple_commander
[0.808s] copying /home/lx/ros2/ros/nav2_ws/build/nav2_simple_commander/build/lib/nav2_simple_commander/example_follow_path.py -> /home/lx/ros2/ros/nav2_ws/install/nav2_simple_commander/lib/python3.10/site-packages/nav2_simple_commander
[0.808s] copying /home/lx/ros2/ros/nav2_ws/build/nav2_simple_commander/build/lib/nav2_simple_commander/example_assisted_teleop.py -> /home/lx/ros2/ros/nav2_ws/install/nav2_simple_commander/lib/python3.10/site-packages/nav2_simple_commander
[0.809s] copying /home/lx/ros2/ros/nav2_ws/build/nav2_simple_commander/build/lib/nav2_simple_commander/demo_recoveries.py -> /home/lx/ros2/ros/nav2_ws/install/nav2_simple_commander/lib/python3.10/site-packages/nav2_simple_commander
[0.809s] copying /home/lx/ros2/ros/nav2_ws/build/nav2_simple_commander/build/lib/nav2_simple_commander/__init__.py -> /home/lx/ros2/ros/nav2_ws/install/nav2_simple_commander/lib/python3.10/site-packages/nav2_simple_commander
[0.809s] copying /home/lx/ros2/ros/nav2_ws/build/nav2_simple_commander/build/lib/nav2_simple_commander/costmap_2d.py -> /home/lx/ros2/ros/nav2_ws/install/nav2_simple_commander/lib/python3.10/site-packages/nav2_simple_commander
[0.809s] byte-compiling /home/lx/ros2/ros/nav2_ws/install/nav2_simple_commander/lib/python3.10/site-packages/nav2_simple_commander/demo_security.py to demo_security.cpython-310.pyc
[0.809s] byte-compiling /home/lx/ros2/ros/nav2_ws/install/nav2_simple_commander/lib/python3.10/site-packages/nav2_simple_commander/example_nav_through_poses.py to example_nav_through_poses.cpython-310.pyc
[0.810s] byte-compiling /home/lx/ros2/ros/nav2_ws/install/nav2_simple_commander/lib/python3.10/site-packages/nav2_simple_commander/robot_navigator.py to robot_navigator.cpython-310.pyc
[0.813s] byte-compiling /home/lx/ros2/ros/nav2_ws/install/nav2_simple_commander/lib/python3.10/site-packages/nav2_simple_commander/example_waypoint_follower.py to example_waypoint_follower.cpython-310.pyc
[0.813s] byte-compiling /home/lx/ros2/ros/nav2_ws/install/nav2_simple_commander/lib/python3.10/site-packages/nav2_simple_commander/demo_inspection.py to demo_inspection.cpython-310.pyc
[0.813s] byte-compiling /home/lx/ros2/ros/nav2_ws/install/nav2_simple_commander/lib/python3.10/site-packages/nav2_simple_commander/line_iterator.py to line_iterator.cpython-310.pyc
[0.814s] byte-compiling /home/lx/ros2/ros/nav2_ws/install/nav2_simple_commander/lib/python3.10/site-packages/nav2_simple_commander/example_nav_to_pose.py to example_nav_to_pose.cpython-310.pyc
[0.814s] byte-compiling /home/lx/ros2/ros/nav2_ws/install/nav2_simple_commander/lib/python3.10/site-packages/nav2_simple_commander/demo_picking.py to demo_picking.cpython-310.pyc
[0.815s] byte-compiling /home/lx/ros2/ros/nav2_ws/install/nav2_simple_commander/lib/python3.10/site-packages/nav2_simple_commander/example_follow_path.py to example_follow_path.cpython-310.pyc
[0.815s] byte-compiling /home/lx/ros2/ros/nav2_ws/install/nav2_simple_commander/lib/python3.10/site-packages/nav2_simple_commander/example_assisted_teleop.py to example_assisted_teleop.cpython-310.pyc
[0.815s] byte-compiling /home/lx/ros2/ros/nav2_ws/install/nav2_simple_commander/lib/python3.10/site-packages/nav2_simple_commander/demo_recoveries.py to demo_recoveries.cpython-310.pyc
[0.816s] byte-compiling /home/lx/ros2/ros/nav2_ws/install/nav2_simple_commander/lib/python3.10/site-packages/nav2_simple_commander/__init__.py to __init__.cpython-310.pyc
[0.816s] byte-compiling /home/lx/ros2/ros/nav2_ws/install/nav2_simple_commander/lib/python3.10/site-packages/nav2_simple_commander/costmap_2d.py to costmap_2d.cpython-310.pyc
[0.816s] running install_data
[0.817s] creating /home/lx/ros2/ros/nav2_ws/install/nav2_simple_commander/share/ament_index
[0.817s] creating /home/lx/ros2/ros/nav2_ws/install/nav2_simple_commander/share/ament_index/resource_index
[0.817s] creating /home/lx/ros2/ros/nav2_ws/install/nav2_simple_commander/share/ament_index/resource_index/packages
[0.817s] copying resource/nav2_simple_commander -> /home/lx/ros2/ros/nav2_ws/install/nav2_simple_commander/share/ament_index/resource_index/packages
[0.817s] copying package.xml -> /home/lx/ros2/ros/nav2_ws/install/nav2_simple_commander/share/nav2_simple_commander
[0.817s] copying launch/follow_path_example_launch.py -> /home/lx/ros2/ros/nav2_ws/install/nav2_simple_commander/share/nav2_simple_commander
[0.817s] copying launch/warehouse.world -> /home/lx/ros2/ros/nav2_ws/install/nav2_simple_commander/share/nav2_simple_commander
[0.817s] copying launch/picking_demo_launch.py -> /home/lx/ros2/ros/nav2_ws/install/nav2_simple_commander/share/nav2_simple_commander
[0.817s] copying launch/inspection_demo_launch.py -> /home/lx/ros2/ros/nav2_ws/install/nav2_simple_commander/share/nav2_simple_commander
[0.817s] copying launch/security_demo_launch.py -> /home/lx/ros2/ros/nav2_ws/install/nav2_simple_commander/share/nav2_simple_commander
[0.817s] copying launch/waypoint_follower_example_launch.py -> /home/lx/ros2/ros/nav2_ws/install/nav2_simple_commander/share/nav2_simple_commander
[0.817s] copying launch/recoveries_example_launch.py -> /home/lx/ros2/ros/nav2_ws/install/nav2_simple_commander/share/nav2_simple_commander
[0.817s] copying launch/nav_to_pose_example_launch.py -> /home/lx/ros2/ros/nav2_ws/install/nav2_simple_commander/share/nav2_simple_commander
[0.817s] copying launch/assisted_teleop_example_launch.py -> /home/lx/ros2/ros/nav2_ws/install/nav2_simple_commander/share/nav2_simple_commander
[0.817s] copying launch/nav_through_poses_example_launch.py -> /home/lx/ros2/ros/nav2_ws/install/nav2_simple_commander/share/nav2_simple_commander
[0.817s] running install_egg_info
[0.819s] Copying ../../../build/nav2_simple_commander/nav2_simple_commander.egg-info to /home/lx/ros2/ros/nav2_ws/install/nav2_simple_commander/lib/python3.10/site-packages/nav2_simple_commander-1.0.0-py3.10.egg-info
[0.820s] running install_scripts
[0.835s] Installing demo_inspection script to /home/lx/ros2/ros/nav2_ws/install/nav2_simple_commander/lib/nav2_simple_commander
[0.835s] Installing demo_picking script to /home/lx/ros2/ros/nav2_ws/install/nav2_simple_commander/lib/nav2_simple_commander
[0.835s] Installing demo_recoveries script to /home/lx/ros2/ros/nav2_ws/install/nav2_simple_commander/lib/nav2_simple_commander
[0.835s] Installing demo_security script to /home/lx/ros2/ros/nav2_ws/install/nav2_simple_commander/lib/nav2_simple_commander
[0.835s] Installing example_assisted_teleop script to /home/lx/ros2/ros/nav2_ws/install/nav2_simple_commander/lib/nav2_simple_commander
[0.835s] Installing example_follow_path script to /home/lx/ros2/ros/nav2_ws/install/nav2_simple_commander/lib/nav2_simple_commander
[0.835s] Installing example_nav_through_poses script to /home/lx/ros2/ros/nav2_ws/install/nav2_simple_commander/lib/nav2_simple_commander
[0.835s] Installing example_nav_to_pose script to /home/lx/ros2/ros/nav2_ws/install/nav2_simple_commander/lib/nav2_simple_commander
[0.835s] Installing example_waypoint_follower script to /home/lx/ros2/ros/nav2_ws/install/nav2_simple_commander/lib/nav2_simple_commander
[0.836s] writing list of installed files to '/home/lx/ros2/ros/nav2_ws/build/nav2_simple_commander/install.log'
[0.851s] Invoked command in '/home/lx/ros2/ros/nav2_ws/src/navigation2/nav2_simple_commander' returned '0': AMENT_PREFIX_PATH=/home/lx/ros2/ros/nav2_ws/install/nav2_msgs:${AMENT_PREFIX_PATH} CMAKE_PREFIX_PATH=/home/lx/ros2/ros/nav2_ws/install/nav2_msgs LD_LIBRARY_PATH=/home/lx/ros2/ros/nav2_ws/install/nav2_msgs/lib:${LD_LIBRARY_PATH} PYTHONPATH=/home/lx/ros2/ros/nav2_ws/build/nav2_simple_commander/prefix_override:/home/lx/ros2/ros/nav2_ws/install/nav2_simple_commander/lib/python3.10/site-packages:/home/lx/ros2/ros/nav2_ws/install/nav2_msgs/local/lib/python3.10/dist-packages:${PYTHONPATH} /usr/bin/python3 setup.py egg_info --egg-base ../../../build/nav2_simple_commander build --build-base /home/lx/ros2/ros/nav2_ws/build/nav2_simple_commander/build install --record /home/lx/ros2/ros/nav2_ws/build/nav2_simple_commander/install.log --single-version-externally-managed
