-- Found ament_cmake: 1.3.5 (/opt/ros/humble/share/ament_cmake/cmake)
-- Found rclcpp: 16.0.6 (/opt/ros/humble/share/rclcpp/cmake)
-- Found rosidl_generator_c: 3.1.5 (/opt/ros/humble/share/rosidl_generator_c/cmake)
-- Found rosidl_adapter: 3.1.5 (/opt/ros/humble/share/rosidl_adapter/cmake)
-- Found rosidl_generator_cpp: 3.1.5 (/opt/ros/humble/share/rosidl_generator_cpp/cmake)
-- Using all available rosidl_typesupport_c: rosidl_typesupport_fastrtps_c;rosidl_typesupport_introspection_c
-- Using all available rosidl_typesupport_cpp: rosidl_typesupport_fastrtps_cpp;rosidl_typesupport_introspection_cpp
-- Found rmw_implementation_cmake: 6.1.1 (/opt/ros/humble/share/rmw_implementation_cmake/cmake)
-- Found rmw_fastrtps_cpp: 6.2.4 (/opt/ros/humble/share/rmw_fastrtps_cpp/cmake)
-- Using RMW implementation 'rmw_fastrtps_cpp' as default
-- Found nav_msgs: 4.2.3 (/opt/ros/humble/share/nav_msgs/cmake)
-- Found sensor_msgs: 4.2.3 (/opt/ros/humble/share/sensor_msgs/cmake)
-- Found ament_lint_auto: 0.12.8 (/opt/ros/humble/share/ament_lint_auto/cmake)
-- Added test 'cppcheck' to perform static code analysis on C / C++ code
-- Configured cppcheck include dirs: /home/lx/ros2/xiao_ying/src/imu_to_odom/include
-- Configured cppcheck exclude dirs and/or files: 
-- Added test 'lint_cmake' to check CMake code style
-- Added test 'uncrustify' to check C / C++ code style
-- Configured uncrustify additional arguments: 
-- Added test 'xmllint' to check XML markup files
-- Configuring done
-- Generating done
-- Build files have been written to: /home/lx/ros2/xiao_ying/build/imu_to_odom
[35m[1mConsolidate compiler generated dependencies of target imu_to_odom[0m
[ 50%] [32m[1mLinking CXX executable imu_to_odom[0m
[100%] Built target imu_to_odom
-- Install configuration: ""
-- Up-to-date: /home/lx/ros2/xiao_ying/install/imu_to_odom/include/
-- Up-to-date: /home/lx/ros2/xiao_ying/install/imu_to_odom/include//imu_to_odom
-- Up-to-date: /home/lx/ros2/xiao_ying/install/imu_to_odom/include//imu_to_odom/imu_to_odom.hpp
-- Installing: /home/lx/ros2/xiao_ying/install/imu_to_odom/lib/imu_to_odom/imu_to_odom
-- Set runtime path of "/home/lx/ros2/xiao_ying/install/imu_to_odom/lib/imu_to_odom/imu_to_odom" to ""
-- Up-to-date: /home/lx/ros2/xiao_ying/install/imu_to_odom/share/ament_index/resource_index/package_run_dependencies/imu_to_odom
-- Installing: /home/lx/ros2/xiao_ying/install/imu_to_odom/share/ament_index/resource_index/parent_prefix_path/imu_to_odom
-- Up-to-date: /home/lx/ros2/xiao_ying/install/imu_to_odom/share/imu_to_odom/environment/ament_prefix_path.sh
-- Installing: /home/lx/ros2/xiao_ying/install/imu_to_odom/share/imu_to_odom/environment/ament_prefix_path.dsv
-- Up-to-date: /home/lx/ros2/xiao_ying/install/imu_to_odom/share/imu_to_odom/environment/path.sh
-- Installing: /home/lx/ros2/xiao_ying/install/imu_to_odom/share/imu_to_odom/environment/path.dsv
-- Up-to-date: /home/lx/ros2/xiao_ying/install/imu_to_odom/share/imu_to_odom/local_setup.bash
-- Up-to-date: /home/lx/ros2/xiao_ying/install/imu_to_odom/share/imu_to_odom/local_setup.sh
-- Up-to-date: /home/lx/ros2/xiao_ying/install/imu_to_odom/share/imu_to_odom/local_setup.zsh
-- Installing: /home/lx/ros2/xiao_ying/install/imu_to_odom/share/imu_to_odom/local_setup.dsv
-- Installing: /home/lx/ros2/xiao_ying/install/imu_to_odom/share/imu_to_odom/package.dsv
-- Up-to-date: /home/lx/ros2/xiao_ying/install/imu_to_odom/share/ament_index/resource_index/packages/imu_to_odom
-- Up-to-date: /home/lx/ros2/xiao_ying/install/imu_to_odom/share/imu_to_odom/cmake/imu_to_odomConfig.cmake
-- Up-to-date: /home/lx/ros2/xiao_ying/install/imu_to_odom/share/imu_to_odom/cmake/imu_to_odomConfig-version.cmake
-- Up-to-date: /home/lx/ros2/xiao_ying/install/imu_to_odom/share/imu_to_odom/package.xml
