[0.008s] Invoking command in '/home/lx/ros/hellworld/build/helloworld': CMAKE_PREFIX_PATH=${CMAKE_PREFIX_PATH}:/opt/ros/humble /usr/bin/cmake --build /home/lx/ros/hellworld/build/helloworld -- -j12 -l12
[0.023s] -- Found ament_cmake: 1.3.5 (/opt/ros/humble/share/ament_cmake/cmake)
[0.120s] -- Override CMake install command with custom implementation using symlinks instead of copying resources
[0.125s] -- Found rclcpp: 16.0.4 (/opt/ros/humble/share/rclcpp/cmake)
[0.147s] -- Found rosidl_generator_c: 3.1.4 (/opt/ros/humble/share/rosidl_generator_c/cmake)
[0.149s] -- Found rosidl_adapter: 3.1.4 (/opt/ros/humble/share/rosidl_adapter/cmake)
[0.153s] -- Found rosidl_generator_cpp: 3.1.4 (/opt/ros/humble/share/rosidl_generator_cpp/cmake)
[0.162s] -- Using all available rosidl_typesupport_c: rosidl_typesupport_fastrtps_c;rosidl_typesupport_introspection_c
[0.174s] -- Using all available rosidl_typesupport_cpp: rosidl_typesupport_fastrtps_cpp;rosidl_typesupport_introspection_cpp
[0.220s] -- Found rmw_implementation_cmake: 6.1.1 (/opt/ros/humble/share/rmw_implementation_cmake/cmake)
[0.221s] -- Found rmw_fastrtps_cpp: 6.2.2 (/opt/ros/humble/share/rmw_fastrtps_cpp/cmake)
[0.305s] -- Using RMW implementation 'rmw_fastrtps_cpp' as default
[0.436s] -- Found ament_lint_auto: 0.12.6 (/opt/ros/humble/share/ament_lint_auto/cmake)
[0.489s] -- Added test 'cppcheck' to perform static code analysis on C / C++ code
[0.489s] -- Configured cppcheck include dirs: 
[0.489s] -- Configured cppcheck exclude dirs and/or files: 
[0.490s] -- Added test 'lint_cmake' to check CMake code style
[0.490s] -- Added test 'uncrustify' to check C / C++ code style
[0.490s] -- Configured uncrustify additional arguments: 
[0.490s] -- Added test 'xmllint' to check XML markup files
[0.492s] -- Configuring done
[0.497s] -- Generating done
[0.498s] -- Build files have been written to: /home/lx/ros/hellworld/build/helloworld
[0.519s] [ 50%] [32mBuilding CXX object CMakeFiles/helloworld.dir/src/helloworld.cpp.o[0m
[3.265s] [100%] [32m[1mLinking CXX executable helloworld[0m
[3.338s] [100%] Built target helloworld
[3.344s] Invoked command in '/home/lx/ros/hellworld/build/helloworld' returned '0': CMAKE_PREFIX_PATH=${CMAKE_PREFIX_PATH}:/opt/ros/humble /usr/bin/cmake --build /home/lx/ros/hellworld/build/helloworld -- -j12 -l12
[3.363s] Invoking command in '/home/lx/ros/hellworld/build/helloworld': CMAKE_PREFIX_PATH=${CMAKE_PREFIX_PATH}:/opt/ros/humble /usr/bin/cmake --install /home/lx/ros/hellworld/build/helloworld
[3.367s] -- Install configuration: "RelWithDebInfo"
[3.367s] -- Execute custom install script
[3.367s] -- Up-to-date symlink: /home/lx/ros/hellworld/install/helloworld/share/ament_index/resource_index/package_run_dependencies/helloworld
[3.368s] -- Up-to-date symlink: /home/lx/ros/hellworld/install/helloworld/share/ament_index/resource_index/parent_prefix_path/helloworld
[3.368s] -- Up-to-date symlink: /home/lx/ros/hellworld/install/helloworld/share/helloworld/environment/ament_prefix_path.sh
[3.368s] -- Up-to-date symlink: /home/lx/ros/hellworld/install/helloworld/share/helloworld/environment/ament_prefix_path.dsv
[3.368s] -- Up-to-date symlink: /home/lx/ros/hellworld/install/helloworld/share/helloworld/environment/path.sh
[3.368s] -- Up-to-date symlink: /home/lx/ros/hellworld/install/helloworld/share/helloworld/environment/path.dsv
[3.368s] -- Up-to-date symlink: /home/lx/ros/hellworld/install/helloworld/share/helloworld/local_setup.bash
[3.368s] -- Up-to-date symlink: /home/lx/ros/hellworld/install/helloworld/share/helloworld/local_setup.sh
[3.368s] -- Up-to-date symlink: /home/lx/ros/hellworld/install/helloworld/share/helloworld/local_setup.zsh
[3.368s] -- Up-to-date symlink: /home/lx/ros/hellworld/install/helloworld/share/helloworld/local_setup.dsv
[3.368s] -- Symlinking: /home/lx/ros/hellworld/install/helloworld/share/helloworld/package.dsv
[3.373s] -- Up-to-date symlink: /home/lx/ros/hellworld/install/helloworld/share/ament_index/resource_index/packages/helloworld
[3.373s] -- Up-to-date symlink: /home/lx/ros/hellworld/install/helloworld/share/helloworld/cmake/helloworldConfig.cmake
[3.373s] -- Up-to-date symlink: /home/lx/ros/hellworld/install/helloworld/share/helloworld/cmake/helloworldConfig-version.cmake
[3.373s] -- Up-to-date symlink: /home/lx/ros/hellworld/install/helloworld/share/helloworld/package.xml
[3.374s] -- Symlinking: /home/lx/ros/hellworld/install/helloworld/lib/helloworld/helloworld
[3.381s] Invoked command in '/home/lx/ros/hellworld/build/helloworld' returned '0': CMAKE_PREFIX_PATH=${CMAKE_PREFIX_PATH}:/opt/ros/humble /usr/bin/cmake --install /home/lx/ros/hellworld/build/helloworld
