[1.856s] DEBUG:colcon:Command line arguments: ['/usr/bin/colcon', 'list', '-p', '--base-paths', '/home/lx/ros2/demo1']
[1.857s] DEBUG:colcon:Parsed command line arguments: Namespace(log_base=None, log_level=None, verb_name='list', build_base='build', ignore_user_meta=False, metas=['./colcon.meta'], base_paths=['/home/lx/ros2/demo1'], packages_ignore=None, packages_ignore_regex=None, paths=None, packages_up_to=None, packages_up_to_regex=None, packages_above=None, packages_above_and_dependencies=None, packages_above_depth=None, packages_select_by_dep=None, packages_skip_by_dep=None, packages_skip_up_to=None, packages_select_build_failed=False, packages_skip_build_finished=False, packages_select_test_failures=False, packages_skip_test_passed=False, packages_select=None, packages_skip=None, packages_select_regex=None, packages_skip_regex=None, packages_start=None, packages_end=None, allow_overriding=[], topological_order=False, names_only=False, paths_only=True, topological_graph=False, topological_graph_dot=False, topological_graph_density=False, topological_graph_legend=False, topological_graph_dot_cluster=False, topological_graph_dot_include_skipped=False, verb_parser=<colcon_defaults.argument_parser.defaults.DefaultArgumentsDecorator object at 0x7fb4b239a8c0>, verb_extension=<colcon_package_information.verb.list.ListVerb object at 0x7fb4b2343580>, main=<bound method ListVerb.main of <colcon_package_information.verb.list.ListVerb object at 0x7fb4b2343580>>)
[1.988s] Level 1:colcon.colcon_core.package_discovery:discover_packages(colcon_meta) check parameters
[1.989s] Level 1:colcon.colcon_core.package_discovery:discover_packages(recursive) check parameters
[1.990s] Level 1:colcon.colcon_core.package_discovery:discover_packages(ignore) check parameters
[1.990s] Level 1:colcon.colcon_core.package_discovery:discover_packages(path) check parameters
[1.991s] Level 1:colcon.colcon_core.package_discovery:discover_packages(recursive) discover
[1.992s] INFO:colcon.colcon_core.package_discovery:Crawling recursively for packages in '/home/lx/ros2/demo1'
[1.992s] Level 1:colcon.colcon_core.package_identification:_identify(/home/lx/ros2/demo1) by extensions ['ignore', 'ignore_ament_install']
[1.993s] Level 1:colcon.colcon_core.package_identification:_identify(/home/lx/ros2/demo1) by extension 'ignore'
[1.993s] Level 1:colcon.colcon_core.package_identification:_identify(/home/lx/ros2/demo1) by extension 'ignore_ament_install'
[1.993s] Level 1:colcon.colcon_core.package_identification:_identify(/home/lx/ros2/demo1) by extensions ['colcon_pkg']
[1.993s] Level 1:colcon.colcon_core.package_identification:_identify(/home/lx/ros2/demo1) by extension 'colcon_pkg'
[1.993s] Level 1:colcon.colcon_core.package_identification:_identify(/home/lx/ros2/demo1) by extensions ['colcon_meta']
[1.993s] Level 1:colcon.colcon_core.package_identification:_identify(/home/lx/ros2/demo1) by extension 'colcon_meta'
[1.993s] Level 1:colcon.colcon_core.package_identification:_identify(/home/lx/ros2/demo1) by extensions ['ros']
[1.993s] Level 1:colcon.colcon_core.package_identification:_identify(/home/lx/ros2/demo1) by extension 'ros'
[2.019s] Level 1:colcon.colcon_core.package_identification:_identify(/home/lx/ros2/demo1) by extensions ['cmake', 'python']
[2.019s] Level 1:colcon.colcon_core.package_identification:_identify(/home/lx/ros2/demo1) by extension 'cmake'
[2.019s] Level 1:colcon.colcon_core.package_identification:_identify(/home/lx/ros2/demo1) by extension 'python'
[2.019s] Level 1:colcon.colcon_core.package_identification:_identify(/home/lx/ros2/demo1) by extensions ['python_setup_py']
[2.019s] Level 1:colcon.colcon_core.package_identification:_identify(/home/lx/ros2/demo1) by extension 'python_setup_py'
[2.019s] Level 1:colcon.colcon_core.package_identification:_identify(/home/lx/ros2/demo1/build) by extensions ['ignore', 'ignore_ament_install']
[2.020s] Level 1:colcon.colcon_core.package_identification:_identify(/home/lx/ros2/demo1/build) by extension 'ignore'
[2.020s] Level 1:colcon.colcon_core.package_identification:_identify(/home/lx/ros2/demo1/build) ignored
[2.021s] Level 1:colcon.colcon_core.package_identification:_identify(/home/lx/ros2/demo1/install) by extensions ['ignore', 'ignore_ament_install']
[2.023s] Level 1:colcon.colcon_core.package_identification:_identify(/home/lx/ros2/demo1/install) by extension 'ignore'
[2.024s] Level 1:colcon.colcon_core.package_identification:_identify(/home/lx/ros2/demo1/install) ignored
[2.025s] Level 1:colcon.colcon_core.package_identification:_identify(/home/lx/ros2/demo1/log) by extensions ['ignore', 'ignore_ament_install']
[2.026s] Level 1:colcon.colcon_core.package_identification:_identify(/home/lx/ros2/demo1/log) by extension 'ignore'
[2.026s] Level 1:colcon.colcon_core.package_identification:_identify(/home/lx/ros2/demo1/log) ignored
[2.026s] Level 1:colcon.colcon_core.package_identification:_identify(/home/lx/ros2/demo1/src) by extensions ['ignore', 'ignore_ament_install']
[2.027s] Level 1:colcon.colcon_core.package_identification:_identify(/home/lx/ros2/demo1/src) by extension 'ignore'
[2.027s] Level 1:colcon.colcon_core.package_identification:_identify(/home/lx/ros2/demo1/src) by extension 'ignore_ament_install'
[2.027s] Level 1:colcon.colcon_core.package_identification:_identify(/home/lx/ros2/demo1/src) by extensions ['colcon_pkg']
[2.027s] Level 1:colcon.colcon_core.package_identification:_identify(/home/lx/ros2/demo1/src) by extension 'colcon_pkg'
[2.027s] Level 1:colcon.colcon_core.package_identification:_identify(/home/lx/ros2/demo1/src) by extensions ['colcon_meta']
[2.027s] Level 1:colcon.colcon_core.package_identification:_identify(/home/lx/ros2/demo1/src) by extension 'colcon_meta'
[2.028s] Level 1:colcon.colcon_core.package_identification:_identify(/home/lx/ros2/demo1/src) by extensions ['ros']
[2.028s] Level 1:colcon.colcon_core.package_identification:_identify(/home/lx/ros2/demo1/src) by extension 'ros'
[2.028s] Level 1:colcon.colcon_core.package_identification:_identify(/home/lx/ros2/demo1/src) by extensions ['cmake', 'python']
[2.028s] Level 1:colcon.colcon_core.package_identification:_identify(/home/lx/ros2/demo1/src) by extension 'cmake'
[2.028s] Level 1:colcon.colcon_core.package_identification:_identify(/home/lx/ros2/demo1/src) by extension 'python'
[2.028s] Level 1:colcon.colcon_core.package_identification:_identify(/home/lx/ros2/demo1/src) by extensions ['python_setup_py']
[2.028s] Level 1:colcon.colcon_core.package_identification:_identify(/home/lx/ros2/demo1/src) by extension 'python_setup_py'
[2.028s] Level 1:colcon.colcon_core.package_identification:_identify(/home/lx/ros2/demo1/src/turtlebot3) by extensions ['ignore', 'ignore_ament_install']
[2.028s] Level 1:colcon.colcon_core.package_identification:_identify(/home/lx/ros2/demo1/src/turtlebot3) by extension 'ignore'
[2.029s] Level 1:colcon.colcon_core.package_identification:_identify(/home/lx/ros2/demo1/src/turtlebot3) by extension 'ignore_ament_install'
[2.029s] Level 1:colcon.colcon_core.package_identification:_identify(/home/lx/ros2/demo1/src/turtlebot3) by extensions ['colcon_pkg']
[2.029s] Level 1:colcon.colcon_core.package_identification:_identify(/home/lx/ros2/demo1/src/turtlebot3) by extension 'colcon_pkg'
[2.029s] Level 1:colcon.colcon_core.package_identification:_identify(/home/lx/ros2/demo1/src/turtlebot3) by extensions ['colcon_meta']
[2.029s] Level 1:colcon.colcon_core.package_identification:_identify(/home/lx/ros2/demo1/src/turtlebot3) by extension 'colcon_meta'
[2.029s] Level 1:colcon.colcon_core.package_identification:_identify(/home/lx/ros2/demo1/src/turtlebot3) by extensions ['ros']
[2.029s] Level 1:colcon.colcon_core.package_identification:_identify(/home/lx/ros2/demo1/src/turtlebot3) by extension 'ros'
[2.029s] Level 1:colcon.colcon_core.package_identification:_identify(/home/lx/ros2/demo1/src/turtlebot3) by extensions ['cmake', 'python']
[2.029s] Level 1:colcon.colcon_core.package_identification:_identify(/home/lx/ros2/demo1/src/turtlebot3) by extension 'cmake'
[2.029s] Level 1:colcon.colcon_core.package_identification:_identify(/home/lx/ros2/demo1/src/turtlebot3) by extension 'python'
[2.029s] Level 1:colcon.colcon_core.package_identification:_identify(/home/lx/ros2/demo1/src/turtlebot3) by extensions ['python_setup_py']
[2.029s] Level 1:colcon.colcon_core.package_identification:_identify(/home/lx/ros2/demo1/src/turtlebot3) by extension 'python_setup_py'
[2.030s] Level 1:colcon.colcon_core.package_identification:_identify(/home/lx/ros2/demo1/src/turtlebot3/turtlebot3) by extensions ['ignore', 'ignore_ament_install']
[2.030s] Level 1:colcon.colcon_core.package_identification:_identify(/home/lx/ros2/demo1/src/turtlebot3/turtlebot3) by extension 'ignore'
[2.030s] Level 1:colcon.colcon_core.package_identification:_identify(/home/lx/ros2/demo1/src/turtlebot3/turtlebot3) by extension 'ignore_ament_install'
[2.030s] Level 1:colcon.colcon_core.package_identification:_identify(/home/lx/ros2/demo1/src/turtlebot3/turtlebot3) by extensions ['colcon_pkg']
[2.030s] Level 1:colcon.colcon_core.package_identification:_identify(/home/lx/ros2/demo1/src/turtlebot3/turtlebot3) by extension 'colcon_pkg'
[2.030s] Level 1:colcon.colcon_core.package_identification:_identify(/home/lx/ros2/demo1/src/turtlebot3/turtlebot3) by extensions ['colcon_meta']
[2.030s] Level 1:colcon.colcon_core.package_identification:_identify(/home/lx/ros2/demo1/src/turtlebot3/turtlebot3) by extension 'colcon_meta'
[2.030s] Level 1:colcon.colcon_core.package_identification:_identify(/home/lx/ros2/demo1/src/turtlebot3/turtlebot3) by extensions ['ros']
[2.030s] Level 1:colcon.colcon_core.package_identification:_identify(/home/lx/ros2/demo1/src/turtlebot3/turtlebot3) by extension 'ros'
[2.037s] DEBUG:colcon.colcon_core.package_identification:Package '/home/lx/ros2/demo1/src/turtlebot3/turtlebot3' with type 'ros.ament_cmake' and name 'turtlebot3'
[2.038s] Level 1:colcon.colcon_core.package_identification:_identify(/home/lx/ros2/demo1/src/turtlebot3/turtlebot3_bringup) by extensions ['ignore', 'ignore_ament_install']
[2.038s] Level 1:colcon.colcon_core.package_identification:_identify(/home/lx/ros2/demo1/src/turtlebot3/turtlebot3_bringup) by extension 'ignore'
[2.038s] Level 1:colcon.colcon_core.package_identification:_identify(/home/lx/ros2/demo1/src/turtlebot3/turtlebot3_bringup) by extension 'ignore_ament_install'
[2.038s] Level 1:colcon.colcon_core.package_identification:_identify(/home/lx/ros2/demo1/src/turtlebot3/turtlebot3_bringup) by extensions ['colcon_pkg']
[2.038s] Level 1:colcon.colcon_core.package_identification:_identify(/home/lx/ros2/demo1/src/turtlebot3/turtlebot3_bringup) by extension 'colcon_pkg'
[2.038s] Level 1:colcon.colcon_core.package_identification:_identify(/home/lx/ros2/demo1/src/turtlebot3/turtlebot3_bringup) by extensions ['colcon_meta']
[2.038s] Level 1:colcon.colcon_core.package_identification:_identify(/home/lx/ros2/demo1/src/turtlebot3/turtlebot3_bringup) by extension 'colcon_meta'
[2.038s] Level 1:colcon.colcon_core.package_identification:_identify(/home/lx/ros2/demo1/src/turtlebot3/turtlebot3_bringup) by extensions ['ros']
[2.038s] Level 1:colcon.colcon_core.package_identification:_identify(/home/lx/ros2/demo1/src/turtlebot3/turtlebot3_bringup) by extension 'ros'
[2.040s] DEBUG:colcon.colcon_core.package_identification:Package '/home/lx/ros2/demo1/src/turtlebot3/turtlebot3_bringup' with type 'ros.ament_cmake' and name 'turtlebot3_bringup'
[2.040s] Level 1:colcon.colcon_core.package_identification:_identify(/home/lx/ros2/demo1/src/turtlebot3/turtlebot3_cartographer) by extensions ['ignore', 'ignore_ament_install']
[2.040s] Level 1:colcon.colcon_core.package_identification:_identify(/home/lx/ros2/demo1/src/turtlebot3/turtlebot3_cartographer) by extension 'ignore'
[2.040s] Level 1:colcon.colcon_core.package_identification:_identify(/home/lx/ros2/demo1/src/turtlebot3/turtlebot3_cartographer) by extension 'ignore_ament_install'
[2.040s] Level 1:colcon.colcon_core.package_identification:_identify(/home/lx/ros2/demo1/src/turtlebot3/turtlebot3_cartographer) by extensions ['colcon_pkg']
[2.040s] Level 1:colcon.colcon_core.package_identification:_identify(/home/lx/ros2/demo1/src/turtlebot3/turtlebot3_cartographer) by extension 'colcon_pkg'
[2.040s] Level 1:colcon.colcon_core.package_identification:_identify(/home/lx/ros2/demo1/src/turtlebot3/turtlebot3_cartographer) by extensions ['colcon_meta']
[2.040s] Level 1:colcon.colcon_core.package_identification:_identify(/home/lx/ros2/demo1/src/turtlebot3/turtlebot3_cartographer) by extension 'colcon_meta'
[2.040s] Level 1:colcon.colcon_core.package_identification:_identify(/home/lx/ros2/demo1/src/turtlebot3/turtlebot3_cartographer) by extensions ['ros']
[2.040s] Level 1:colcon.colcon_core.package_identification:_identify(/home/lx/ros2/demo1/src/turtlebot3/turtlebot3_cartographer) by extension 'ros'
[2.041s] DEBUG:colcon.colcon_core.package_identification:Package '/home/lx/ros2/demo1/src/turtlebot3/turtlebot3_cartographer' with type 'ros.ament_cmake' and name 'turtlebot3_cartographer'
[2.041s] Level 1:colcon.colcon_core.package_identification:_identify(/home/lx/ros2/demo1/src/turtlebot3/turtlebot3_description) by extensions ['ignore', 'ignore_ament_install']
[2.041s] Level 1:colcon.colcon_core.package_identification:_identify(/home/lx/ros2/demo1/src/turtlebot3/turtlebot3_description) by extension 'ignore'
[2.041s] Level 1:colcon.colcon_core.package_identification:_identify(/home/lx/ros2/demo1/src/turtlebot3/turtlebot3_description) by extension 'ignore_ament_install'
[2.041s] Level 1:colcon.colcon_core.package_identification:_identify(/home/lx/ros2/demo1/src/turtlebot3/turtlebot3_description) by extensions ['colcon_pkg']
[2.041s] Level 1:colcon.colcon_core.package_identification:_identify(/home/lx/ros2/demo1/src/turtlebot3/turtlebot3_description) by extension 'colcon_pkg'
[2.041s] Level 1:colcon.colcon_core.package_identification:_identify(/home/lx/ros2/demo1/src/turtlebot3/turtlebot3_description) by extensions ['colcon_meta']
[2.041s] Level 1:colcon.colcon_core.package_identification:_identify(/home/lx/ros2/demo1/src/turtlebot3/turtlebot3_description) by extension 'colcon_meta'
[2.041s] Level 1:colcon.colcon_core.package_identification:_identify(/home/lx/ros2/demo1/src/turtlebot3/turtlebot3_description) by extensions ['ros']
[2.042s] Level 1:colcon.colcon_core.package_identification:_identify(/home/lx/ros2/demo1/src/turtlebot3/turtlebot3_description) by extension 'ros'
[2.043s] DEBUG:colcon.colcon_core.package_identification:Package '/home/lx/ros2/demo1/src/turtlebot3/turtlebot3_description' with type 'ros.ament_cmake' and name 'turtlebot3_description'
[2.043s] Level 1:colcon.colcon_core.package_identification:_identify(/home/lx/ros2/demo1/src/turtlebot3/turtlebot3_example) by extensions ['ignore', 'ignore_ament_install']
[2.043s] Level 1:colcon.colcon_core.package_identification:_identify(/home/lx/ros2/demo1/src/turtlebot3/turtlebot3_example) by extension 'ignore'
[2.043s] Level 1:colcon.colcon_core.package_identification:_identify(/home/lx/ros2/demo1/src/turtlebot3/turtlebot3_example) by extension 'ignore_ament_install'
[2.043s] Level 1:colcon.colcon_core.package_identification:_identify(/home/lx/ros2/demo1/src/turtlebot3/turtlebot3_example) by extensions ['colcon_pkg']
[2.043s] Level 1:colcon.colcon_core.package_identification:_identify(/home/lx/ros2/demo1/src/turtlebot3/turtlebot3_example) by extension 'colcon_pkg'
[2.043s] Level 1:colcon.colcon_core.package_identification:_identify(/home/lx/ros2/demo1/src/turtlebot3/turtlebot3_example) by extensions ['colcon_meta']
[2.043s] Level 1:colcon.colcon_core.package_identification:_identify(/home/lx/ros2/demo1/src/turtlebot3/turtlebot3_example) by extension 'colcon_meta'
[2.044s] Level 1:colcon.colcon_core.package_identification:_identify(/home/lx/ros2/demo1/src/turtlebot3/turtlebot3_example) by extensions ['ros']
[2.044s] Level 1:colcon.colcon_core.package_identification:_identify(/home/lx/ros2/demo1/src/turtlebot3/turtlebot3_example) by extension 'ros'
[2.046s] DEBUG:colcon.colcon_core.package_identification:Package '/home/lx/ros2/demo1/src/turtlebot3/turtlebot3_example' with type 'ros.ament_python' and name 'turtlebot3_example'
[2.047s] Level 1:colcon.colcon_core.package_identification:_identify(/home/lx/ros2/demo1/src/turtlebot3/turtlebot3_navigation2) by extensions ['ignore', 'ignore_ament_install']
[2.049s] Level 1:colcon.colcon_core.package_identification:_identify(/home/lx/ros2/demo1/src/turtlebot3/turtlebot3_navigation2) by extension 'ignore'
[2.050s] Level 1:colcon.colcon_core.package_identification:_identify(/home/lx/ros2/demo1/src/turtlebot3/turtlebot3_navigation2) by extension 'ignore_ament_install'
[2.050s] Level 1:colcon.colcon_core.package_identification:_identify(/home/lx/ros2/demo1/src/turtlebot3/turtlebot3_navigation2) by extensions ['colcon_pkg']
[2.050s] Level 1:colcon.colcon_core.package_identification:_identify(/home/lx/ros2/demo1/src/turtlebot3/turtlebot3_navigation2) by extension 'colcon_pkg'
[2.050s] Level 1:colcon.colcon_core.package_identification:_identify(/home/lx/ros2/demo1/src/turtlebot3/turtlebot3_navigation2) by extensions ['colcon_meta']
[2.050s] Level 1:colcon.colcon_core.package_identification:_identify(/home/lx/ros2/demo1/src/turtlebot3/turtlebot3_navigation2) by extension 'colcon_meta'
[2.050s] Level 1:colcon.colcon_core.package_identification:_identify(/home/lx/ros2/demo1/src/turtlebot3/turtlebot3_navigation2) by extensions ['ros']
[2.051s] Level 1:colcon.colcon_core.package_identification:_identify(/home/lx/ros2/demo1/src/turtlebot3/turtlebot3_navigation2) by extension 'ros'
[2.052s] DEBUG:colcon.colcon_core.package_identification:Package '/home/lx/ros2/demo1/src/turtlebot3/turtlebot3_navigation2' with type 'ros.ament_cmake' and name 'turtlebot3_navigation2'
[2.053s] Level 1:colcon.colcon_core.package_identification:_identify(/home/lx/ros2/demo1/src/turtlebot3/turtlebot3_node) by extensions ['ignore', 'ignore_ament_install']
[2.053s] Level 1:colcon.colcon_core.package_identification:_identify(/home/lx/ros2/demo1/src/turtlebot3/turtlebot3_node) by extension 'ignore'
[2.053s] Level 1:colcon.colcon_core.package_identification:_identify(/home/lx/ros2/demo1/src/turtlebot3/turtlebot3_node) by extension 'ignore_ament_install'
[2.053s] Level 1:colcon.colcon_core.package_identification:_identify(/home/lx/ros2/demo1/src/turtlebot3/turtlebot3_node) by extensions ['colcon_pkg']
[2.053s] Level 1:colcon.colcon_core.package_identification:_identify(/home/lx/ros2/demo1/src/turtlebot3/turtlebot3_node) by extension 'colcon_pkg'
[2.053s] Level 1:colcon.colcon_core.package_identification:_identify(/home/lx/ros2/demo1/src/turtlebot3/turtlebot3_node) by extensions ['colcon_meta']
[2.053s] Level 1:colcon.colcon_core.package_identification:_identify(/home/lx/ros2/demo1/src/turtlebot3/turtlebot3_node) by extension 'colcon_meta'
[2.054s] Level 1:colcon.colcon_core.package_identification:_identify(/home/lx/ros2/demo1/src/turtlebot3/turtlebot3_node) by extensions ['ros']
[2.054s] Level 1:colcon.colcon_core.package_identification:_identify(/home/lx/ros2/demo1/src/turtlebot3/turtlebot3_node) by extension 'ros'
[2.056s] DEBUG:colcon.colcon_core.package_identification:Package '/home/lx/ros2/demo1/src/turtlebot3/turtlebot3_node' with type 'ros.ament_cmake' and name 'turtlebot3_node'
[2.057s] Level 1:colcon.colcon_core.package_identification:_identify(/home/lx/ros2/demo1/src/turtlebot3/turtlebot3_teleop) by extensions ['ignore', 'ignore_ament_install']
[2.057s] Level 1:colcon.colcon_core.package_identification:_identify(/home/lx/ros2/demo1/src/turtlebot3/turtlebot3_teleop) by extension 'ignore'
[2.058s] Level 1:colcon.colcon_core.package_identification:_identify(/home/lx/ros2/demo1/src/turtlebot3/turtlebot3_teleop) by extension 'ignore_ament_install'
[2.058s] Level 1:colcon.colcon_core.package_identification:_identify(/home/lx/ros2/demo1/src/turtlebot3/turtlebot3_teleop) by extensions ['colcon_pkg']
[2.058s] Level 1:colcon.colcon_core.package_identification:_identify(/home/lx/ros2/demo1/src/turtlebot3/turtlebot3_teleop) by extension 'colcon_pkg'
[2.058s] Level 1:colcon.colcon_core.package_identification:_identify(/home/lx/ros2/demo1/src/turtlebot3/turtlebot3_teleop) by extensions ['colcon_meta']
[2.058s] Level 1:colcon.colcon_core.package_identification:_identify(/home/lx/ros2/demo1/src/turtlebot3/turtlebot3_teleop) by extension 'colcon_meta'
[2.058s] Level 1:colcon.colcon_core.package_identification:_identify(/home/lx/ros2/demo1/src/turtlebot3/turtlebot3_teleop) by extensions ['ros']
[2.058s] Level 1:colcon.colcon_core.package_identification:_identify(/home/lx/ros2/demo1/src/turtlebot3/turtlebot3_teleop) by extension 'ros'
[2.070s] DEBUG:colcon.colcon_core.package_identification:Package '/home/lx/ros2/demo1/src/turtlebot3/turtlebot3_teleop' with type 'ros.ament_python' and name 'turtlebot3_teleop'
[2.070s] Level 1:colcon.colcon_core.package_identification:_identify(/home/lx/ros2/demo1/src/turtlebot3_simulations) by extensions ['ignore', 'ignore_ament_install']
[2.071s] Level 1:colcon.colcon_core.package_identification:_identify(/home/lx/ros2/demo1/src/turtlebot3_simulations) by extension 'ignore'
[2.071s] Level 1:colcon.colcon_core.package_identification:_identify(/home/lx/ros2/demo1/src/turtlebot3_simulations) by extension 'ignore_ament_install'
[2.071s] Level 1:colcon.colcon_core.package_identification:_identify(/home/lx/ros2/demo1/src/turtlebot3_simulations) by extensions ['colcon_pkg']
[2.071s] Level 1:colcon.colcon_core.package_identification:_identify(/home/lx/ros2/demo1/src/turtlebot3_simulations) by extension 'colcon_pkg'
[2.071s] Level 1:colcon.colcon_core.package_identification:_identify(/home/lx/ros2/demo1/src/turtlebot3_simulations) by extensions ['colcon_meta']
[2.072s] Level 1:colcon.colcon_core.package_identification:_identify(/home/lx/ros2/demo1/src/turtlebot3_simulations) by extension 'colcon_meta'
[2.072s] Level 1:colcon.colcon_core.package_identification:_identify(/home/lx/ros2/demo1/src/turtlebot3_simulations) by extensions ['ros']
[2.072s] Level 1:colcon.colcon_core.package_identification:_identify(/home/lx/ros2/demo1/src/turtlebot3_simulations) by extension 'ros'
[2.072s] Level 1:colcon.colcon_core.package_identification:_identify(/home/lx/ros2/demo1/src/turtlebot3_simulations) by extensions ['cmake', 'python']
[2.072s] Level 1:colcon.colcon_core.package_identification:_identify(/home/lx/ros2/demo1/src/turtlebot3_simulations) by extension 'cmake'
[2.072s] Level 1:colcon.colcon_core.package_identification:_identify(/home/lx/ros2/demo1/src/turtlebot3_simulations) by extension 'python'
[2.072s] Level 1:colcon.colcon_core.package_identification:_identify(/home/lx/ros2/demo1/src/turtlebot3_simulations) by extensions ['python_setup_py']
[2.072s] Level 1:colcon.colcon_core.package_identification:_identify(/home/lx/ros2/demo1/src/turtlebot3_simulations) by extension 'python_setup_py'
[2.072s] Level 1:colcon.colcon_core.package_identification:_identify(/home/lx/ros2/demo1/src/turtlebot3_simulations/turtlebot3_fake_node) by extensions ['ignore', 'ignore_ament_install']
[2.073s] Level 1:colcon.colcon_core.package_identification:_identify(/home/lx/ros2/demo1/src/turtlebot3_simulations/turtlebot3_fake_node) by extension 'ignore'
[2.073s] Level 1:colcon.colcon_core.package_identification:_identify(/home/lx/ros2/demo1/src/turtlebot3_simulations/turtlebot3_fake_node) by extension 'ignore_ament_install'
[2.073s] Level 1:colcon.colcon_core.package_identification:_identify(/home/lx/ros2/demo1/src/turtlebot3_simulations/turtlebot3_fake_node) by extensions ['colcon_pkg']
[2.073s] Level 1:colcon.colcon_core.package_identification:_identify(/home/lx/ros2/demo1/src/turtlebot3_simulations/turtlebot3_fake_node) by extension 'colcon_pkg'
[2.073s] Level 1:colcon.colcon_core.package_identification:_identify(/home/lx/ros2/demo1/src/turtlebot3_simulations/turtlebot3_fake_node) by extensions ['colcon_meta']
[2.073s] Level 1:colcon.colcon_core.package_identification:_identify(/home/lx/ros2/demo1/src/turtlebot3_simulations/turtlebot3_fake_node) by extension 'colcon_meta'
[2.073s] Level 1:colcon.colcon_core.package_identification:_identify(/home/lx/ros2/demo1/src/turtlebot3_simulations/turtlebot3_fake_node) by extensions ['ros']
[2.073s] Level 1:colcon.colcon_core.package_identification:_identify(/home/lx/ros2/demo1/src/turtlebot3_simulations/turtlebot3_fake_node) by extension 'ros'
[2.075s] DEBUG:colcon.colcon_core.package_identification:Package '/home/lx/ros2/demo1/src/turtlebot3_simulations/turtlebot3_fake_node' with type 'ros.ament_cmake' and name 'turtlebot3_fake_node'
[2.076s] Level 1:colcon.colcon_core.package_identification:_identify(/home/lx/ros2/demo1/src/turtlebot3_simulations/turtlebot3_gazebo) by extensions ['ignore', 'ignore_ament_install']
[2.076s] Level 1:colcon.colcon_core.package_identification:_identify(/home/lx/ros2/demo1/src/turtlebot3_simulations/turtlebot3_gazebo) by extension 'ignore'
[2.076s] Level 1:colcon.colcon_core.package_identification:_identify(/home/lx/ros2/demo1/src/turtlebot3_simulations/turtlebot3_gazebo) by extension 'ignore_ament_install'
[2.077s] Level 1:colcon.colcon_core.package_identification:_identify(/home/lx/ros2/demo1/src/turtlebot3_simulations/turtlebot3_gazebo) by extensions ['colcon_pkg']
[2.077s] Level 1:colcon.colcon_core.package_identification:_identify(/home/lx/ros2/demo1/src/turtlebot3_simulations/turtlebot3_gazebo) by extension 'colcon_pkg'
[2.077s] Level 1:colcon.colcon_core.package_identification:_identify(/home/lx/ros2/demo1/src/turtlebot3_simulations/turtlebot3_gazebo) by extensions ['colcon_meta']
[2.077s] Level 1:colcon.colcon_core.package_identification:_identify(/home/lx/ros2/demo1/src/turtlebot3_simulations/turtlebot3_gazebo) by extension 'colcon_meta'
[2.077s] Level 1:colcon.colcon_core.package_identification:_identify(/home/lx/ros2/demo1/src/turtlebot3_simulations/turtlebot3_gazebo) by extensions ['ros']
[2.077s] Level 1:colcon.colcon_core.package_identification:_identify(/home/lx/ros2/demo1/src/turtlebot3_simulations/turtlebot3_gazebo) by extension 'ros'
[2.079s] DEBUG:colcon.colcon_core.package_identification:Package '/home/lx/ros2/demo1/src/turtlebot3_simulations/turtlebot3_gazebo' with type 'ros.ament_cmake' and name 'turtlebot3_gazebo'
[2.079s] Level 1:colcon.colcon_core.package_identification:_identify(/home/lx/ros2/demo1/src/turtlebot3_simulations/turtlebot3_simulations) by extensions ['ignore', 'ignore_ament_install']
[2.080s] Level 1:colcon.colcon_core.package_identification:_identify(/home/lx/ros2/demo1/src/turtlebot3_simulations/turtlebot3_simulations) by extension 'ignore'
[2.080s] Level 1:colcon.colcon_core.package_identification:_identify(/home/lx/ros2/demo1/src/turtlebot3_simulations/turtlebot3_simulations) by extension 'ignore_ament_install'
[2.080s] Level 1:colcon.colcon_core.package_identification:_identify(/home/lx/ros2/demo1/src/turtlebot3_simulations/turtlebot3_simulations) by extensions ['colcon_pkg']
[2.080s] Level 1:colcon.colcon_core.package_identification:_identify(/home/lx/ros2/demo1/src/turtlebot3_simulations/turtlebot3_simulations) by extension 'colcon_pkg'
[2.080s] Level 1:colcon.colcon_core.package_identification:_identify(/home/lx/ros2/demo1/src/turtlebot3_simulations/turtlebot3_simulations) by extensions ['colcon_meta']
[2.081s] Level 1:colcon.colcon_core.package_identification:_identify(/home/lx/ros2/demo1/src/turtlebot3_simulations/turtlebot3_simulations) by extension 'colcon_meta'
[2.082s] Level 1:colcon.colcon_core.package_identification:_identify(/home/lx/ros2/demo1/src/turtlebot3_simulations/turtlebot3_simulations) by extensions ['ros']
[2.083s] Level 1:colcon.colcon_core.package_identification:_identify(/home/lx/ros2/demo1/src/turtlebot3_simulations/turtlebot3_simulations) by extension 'ros'
[2.087s] DEBUG:colcon.colcon_core.package_identification:Package '/home/lx/ros2/demo1/src/turtlebot3_simulations/turtlebot3_simulations' with type 'ros.ament_cmake' and name 'turtlebot3_simulations'
[2.088s] Level 1:colcon.colcon_core.package_discovery:discover_packages(recursive) using defaults
