[0.299s] Invoking command in '/home/lx/ros2/ros/xiao_ying/build/livox_ros_driver2': CMAKE_PREFIX_PATH=/home/lx/ros2/ros/xiao_ying/install/xiao_ying_navigation:/home/lx/ros2/ros/xiao_ying/install/start:/home/lx/ros2/ros/xiao_ying/install/pointcloud_to_laserscan:/opt/ros/humble:/home/lx/ros2/ros/xiao_ying/install/livox_to_pointcloud2:/home/lx/ros2/ros/xiao_ying/install/fast_lio:/home/lx/ros2/ros/xiao_ying/install/livox_ros_driver2:/home/lx/ros2/ros/xiao_ying/install/linefit_ground_segmentation_ros:/home/lx/ros2/ros/xiao_ying/install/linefit_ground_segmentation:/home/lx/ros2/ros/xiao_ying/install/imu_complementary_filter /usr/bin/cmake --build /home/lx/ros2/ros/xiao_ying/build/livox_ros_driver2 -- -j12 -l12
[0.358s] [  7%] Built target livox_interfaces2__rosidl_generator_c
[0.358s] [  8%] Built target livox_interfaces2__cpp
[0.367s] [ 12%] Built target livox_ros_driver2_node
[0.374s] [ 12%] Built target ament_cmake_python_copy_livox_ros_driver2
[0.390s] [ 19%] Built target livox_interfaces2__rosidl_typesupport_fastrtps_cpp
[0.393s] [ 26%] Built target livox_interfaces2__rosidl_typesupport_introspection_c
[0.393s] [ 33%] Built target livox_interfaces2__rosidl_typesupport_fastrtps_c
[0.393s] [ 40%] Built target livox_interfaces2__rosidl_typesupport_c
[0.395s] [ 47%] Built target livox_interfaces2__rosidl_typesupport_introspection_cpp
[0.395s] [ 54%] Built target livox_interfaces2__rosidl_typesupport_cpp
[0.417s] [ 54%] Built target livox_interfaces2
[0.443s] [ 56%] Built target livox_interfaces2__py
[0.444s] [ 84%] Built target livox_ros_driver2
[0.462s] [ 89%] Built target livox_interfaces2__rosidl_generator_py
[0.483s] [100%] Built target livox_ros_driver2__rosidl_typesupport_c__pyext
[0.483s] [100%] Built target livox_ros_driver2__rosidl_typesupport_introspection_c__pyext
[0.483s] [100%] Built target livox_ros_driver2__rosidl_typesupport_fastrtps_c__pyext
[0.618s] running egg_info
[0.618s] writing livox_ros_driver2.egg-info/PKG-INFO
[0.618s] writing dependency_links to livox_ros_driver2.egg-info/dependency_links.txt
[0.619s] writing top-level names to livox_ros_driver2.egg-info/top_level.txt
[0.620s] reading manifest file 'livox_ros_driver2.egg-info/SOURCES.txt'
[0.621s] writing manifest file 'livox_ros_driver2.egg-info/SOURCES.txt'
[0.649s] [100%] Built target ament_cmake_python_build_livox_ros_driver2_egg
[0.901s] Invoked command in '/home/lx/ros2/ros/xiao_ying/build/livox_ros_driver2' returned '0': CMAKE_PREFIX_PATH=/home/lx/ros2/ros/xiao_ying/install/xiao_ying_navigation:/home/lx/ros2/ros/xiao_ying/install/start:/home/lx/ros2/ros/xiao_ying/install/pointcloud_to_laserscan:/opt/ros/humble:/home/lx/ros2/ros/xiao_ying/install/livox_to_pointcloud2:/home/lx/ros2/ros/xiao_ying/install/fast_lio:/home/lx/ros2/ros/xiao_ying/install/livox_ros_driver2:/home/lx/ros2/ros/xiao_ying/install/linefit_ground_segmentation_ros:/home/lx/ros2/ros/xiao_ying/install/linefit_ground_segmentation:/home/lx/ros2/ros/xiao_ying/install/imu_complementary_filter /usr/bin/cmake --build /home/lx/ros2/ros/xiao_ying/build/livox_ros_driver2 -- -j12 -l12
[0.992s] Invoking command in '/home/lx/ros2/ros/xiao_ying/build/livox_ros_driver2': CMAKE_PREFIX_PATH=/home/lx/ros2/ros/xiao_ying/install/xiao_ying_navigation:/home/lx/ros2/ros/xiao_ying/install/start:/home/lx/ros2/ros/xiao_ying/install/pointcloud_to_laserscan:/opt/ros/humble:/home/lx/ros2/ros/xiao_ying/install/livox_to_pointcloud2:/home/lx/ros2/ros/xiao_ying/install/fast_lio:/home/lx/ros2/ros/xiao_ying/install/livox_ros_driver2:/home/lx/ros2/ros/xiao_ying/install/linefit_ground_segmentation_ros:/home/lx/ros2/ros/xiao_ying/install/linefit_ground_segmentation:/home/lx/ros2/ros/xiao_ying/install/imu_complementary_filter /usr/bin/cmake --install /home/lx/ros2/ros/xiao_ying/build/livox_ros_driver2
[1.000s] -- Install configuration: ""
[1.000s] -- Up-to-date: /home/lx/ros2/ros/xiao_ying/install/livox_ros_driver2/share/ament_index/resource_index/rosidl_interfaces/livox_ros_driver2
[1.001s] -- Up-to-date: /home/lx/ros2/ros/xiao_ying/install/livox_ros_driver2/include/livox_ros_driver2/livox_ros_driver2
[1.001s] -- Up-to-date: /home/lx/ros2/ros/xiao_ying/install/livox_ros_driver2/include/livox_ros_driver2/livox_ros_driver2/msg
[1.002s] -- Up-to-date: /home/lx/ros2/ros/xiao_ying/install/livox_ros_driver2/include/livox_ros_driver2/livox_ros_driver2/msg/detail
[1.002s] -- Up-to-date: /home/lx/ros2/ros/xiao_ying/install/livox_ros_driver2/include/livox_ros_driver2/livox_ros_driver2/msg/detail/custom_point__struct.h
[1.003s] -- Up-to-date: /home/lx/ros2/ros/xiao_ying/install/livox_ros_driver2/include/livox_ros_driver2/livox_ros_driver2/msg/detail/custom_msg__functions.c
[1.003s] -- Up-to-date: /home/lx/ros2/ros/xiao_ying/install/livox_ros_driver2/include/livox_ros_driver2/livox_ros_driver2/msg/detail/custom_msg__struct.h
[1.003s] -- Up-to-date: /home/lx/ros2/ros/xiao_ying/install/livox_ros_driver2/include/livox_ros_driver2/livox_ros_driver2/msg/detail/custom_msg__type_support.h
[1.004s] -- Up-to-date: /home/lx/ros2/ros/xiao_ying/install/livox_ros_driver2/include/livox_ros_driver2/livox_ros_driver2/msg/detail/custom_point__type_support.h
[1.004s] -- Up-to-date: /home/lx/ros2/ros/xiao_ying/install/livox_ros_driver2/include/livox_ros_driver2/livox_ros_driver2/msg/detail/custom_point__functions.h
[1.004s] -- Up-to-date: /home/lx/ros2/ros/xiao_ying/install/livox_ros_driver2/include/livox_ros_driver2/livox_ros_driver2/msg/detail/custom_point__functions.c
[1.005s] -- Up-to-date: /home/lx/ros2/ros/xiao_ying/install/livox_ros_driver2/include/livox_ros_driver2/livox_ros_driver2/msg/detail/custom_msg__functions.h
[1.005s] -- Up-to-date: /home/lx/ros2/ros/xiao_ying/install/livox_ros_driver2/include/livox_ros_driver2/livox_ros_driver2/msg/custom_msg.h
[1.006s] -- Up-to-date: /home/lx/ros2/ros/xiao_ying/install/livox_ros_driver2/include/livox_ros_driver2/livox_ros_driver2/msg/custom_point.h
[1.006s] -- Up-to-date: /home/lx/ros2/ros/xiao_ying/install/livox_ros_driver2/include/livox_ros_driver2/livox_ros_driver2/msg/rosidl_generator_c__visibility_control.h
[1.006s] -- Up-to-date: /home/lx/ros2/ros/xiao_ying/install/livox_ros_driver2/share/livox_ros_driver2/environment/library_path.sh
[1.007s] -- Up-to-date: /home/lx/ros2/ros/xiao_ying/install/livox_ros_driver2/share/livox_ros_driver2/environment/library_path.dsv
[1.007s] -- Up-to-date: /home/lx/ros2/ros/xiao_ying/install/livox_ros_driver2/lib/liblivox_ros_driver2__rosidl_generator_c.so
[1.007s] -- Up-to-date: /home/lx/ros2/ros/xiao_ying/install/livox_ros_driver2/include/livox_ros_driver2/livox_ros_driver2
[1.008s] -- Up-to-date: /home/lx/ros2/ros/xiao_ying/install/livox_ros_driver2/include/livox_ros_driver2/livox_ros_driver2/msg
[1.008s] -- Up-to-date: /home/lx/ros2/ros/xiao_ying/install/livox_ros_driver2/include/livox_ros_driver2/livox_ros_driver2/msg/detail
[1.008s] -- Up-to-date: /home/lx/ros2/ros/xiao_ying/install/livox_ros_driver2/include/livox_ros_driver2/livox_ros_driver2/msg/detail/custom_point__rosidl_typesupport_fastrtps_c.h
[1.009s] -- Up-to-date: /home/lx/ros2/ros/xiao_ying/install/livox_ros_driver2/include/livox_ros_driver2/livox_ros_driver2/msg/detail/custom_msg__rosidl_typesupport_fastrtps_c.h
[1.009s] -- Up-to-date: /home/lx/ros2/ros/xiao_ying/install/livox_ros_driver2/include/livox_ros_driver2/livox_ros_driver2/msg/rosidl_typesupport_fastrtps_c__visibility_control.h
[1.009s] -- Up-to-date: /home/lx/ros2/ros/xiao_ying/install/livox_ros_driver2/lib/liblivox_ros_driver2__rosidl_typesupport_fastrtps_c.so
[1.009s] -- Up-to-date: /home/lx/ros2/ros/xiao_ying/install/livox_ros_driver2/include/livox_ros_driver2/livox_ros_driver2
[1.010s] -- Up-to-date: /home/lx/ros2/ros/xiao_ying/install/livox_ros_driver2/include/livox_ros_driver2/livox_ros_driver2/msg
[1.010s] -- Up-to-date: /home/lx/ros2/ros/xiao_ying/install/livox_ros_driver2/include/livox_ros_driver2/livox_ros_driver2/msg/detail
[1.011s] -- Up-to-date: /home/lx/ros2/ros/xiao_ying/install/livox_ros_driver2/include/livox_ros_driver2/livox_ros_driver2/msg/detail/custom_msg__type_support.c
[1.011s] -- Up-to-date: /home/lx/ros2/ros/xiao_ying/install/livox_ros_driver2/include/livox_ros_driver2/livox_ros_driver2/msg/detail/custom_point__type_support.c
[1.011s] -- Up-to-date: /home/lx/ros2/ros/xiao_ying/install/livox_ros_driver2/include/livox_ros_driver2/livox_ros_driver2/msg/detail/custom_point__rosidl_typesupport_introspection_c.h
[1.011s] -- Up-to-date: /home/lx/ros2/ros/xiao_ying/install/livox_ros_driver2/include/livox_ros_driver2/livox_ros_driver2/msg/detail/custom_msg__rosidl_typesupport_introspection_c.h
[1.012s] -- Up-to-date: /home/lx/ros2/ros/xiao_ying/install/livox_ros_driver2/include/livox_ros_driver2/livox_ros_driver2/msg/rosidl_typesupport_introspection_c__visibility_control.h
[1.013s] -- Up-to-date: /home/lx/ros2/ros/xiao_ying/install/livox_ros_driver2/lib/liblivox_ros_driver2__rosidl_typesupport_introspection_c.so
[1.013s] -- Up-to-date: /home/lx/ros2/ros/xiao_ying/install/livox_ros_driver2/lib/liblivox_ros_driver2__rosidl_typesupport_c.so
[1.013s] -- Up-to-date: /home/lx/ros2/ros/xiao_ying/install/livox_ros_driver2/include/livox_ros_driver2/livox_ros_driver2
[1.014s] -- Up-to-date: /home/lx/ros2/ros/xiao_ying/install/livox_ros_driver2/include/livox_ros_driver2/livox_ros_driver2/msg
[1.014s] -- Up-to-date: /home/lx/ros2/ros/xiao_ying/install/livox_ros_driver2/include/livox_ros_driver2/livox_ros_driver2/msg/detail
[1.015s] -- Up-to-date: /home/lx/ros2/ros/xiao_ying/install/livox_ros_driver2/include/livox_ros_driver2/livox_ros_driver2/msg/detail/custom_point__builder.hpp
[1.015s] -- Up-to-date: /home/lx/ros2/ros/xiao_ying/install/livox_ros_driver2/include/livox_ros_driver2/livox_ros_driver2/msg/detail/custom_point__traits.hpp
[1.015s] -- Up-to-date: /home/lx/ros2/ros/xiao_ying/install/livox_ros_driver2/include/livox_ros_driver2/livox_ros_driver2/msg/detail/custom_msg__struct.hpp
[1.016s] -- Up-to-date: /home/lx/ros2/ros/xiao_ying/install/livox_ros_driver2/include/livox_ros_driver2/livox_ros_driver2/msg/detail/custom_point__struct.hpp
[1.016s] -- Up-to-date: /home/lx/ros2/ros/xiao_ying/install/livox_ros_driver2/include/livox_ros_driver2/livox_ros_driver2/msg/detail/custom_msg__traits.hpp
[1.016s] -- Up-to-date: /home/lx/ros2/ros/xiao_ying/install/livox_ros_driver2/include/livox_ros_driver2/livox_ros_driver2/msg/detail/custom_msg__builder.hpp
[1.018s] -- Up-to-date: /home/lx/ros2/ros/xiao_ying/install/livox_ros_driver2/include/livox_ros_driver2/livox_ros_driver2/msg/custom_msg.hpp
[1.018s] -- Up-to-date: /home/lx/ros2/ros/xiao_ying/install/livox_ros_driver2/include/livox_ros_driver2/livox_ros_driver2/msg/custom_point.hpp
[1.019s] -- Up-to-date: /home/lx/ros2/ros/xiao_ying/install/livox_ros_driver2/include/livox_ros_driver2/livox_ros_driver2
[1.019s] -- Up-to-date: /home/lx/ros2/ros/xiao_ying/install/livox_ros_driver2/include/livox_ros_driver2/livox_ros_driver2/msg
[1.019s] -- Up-to-date: /home/lx/ros2/ros/xiao_ying/install/livox_ros_driver2/include/livox_ros_driver2/livox_ros_driver2/msg/detail
[1.019s] -- Up-to-date: /home/lx/ros2/ros/xiao_ying/install/livox_ros_driver2/include/livox_ros_driver2/livox_ros_driver2/msg/detail/custom_point__rosidl_typesupport_fastrtps_cpp.hpp
[1.020s] -- Up-to-date: /home/lx/ros2/ros/xiao_ying/install/livox_ros_driver2/include/livox_ros_driver2/livox_ros_driver2/msg/detail/dds_fastrtps
[1.020s] -- Up-to-date: /home/lx/ros2/ros/xiao_ying/install/livox_ros_driver2/include/livox_ros_driver2/livox_ros_driver2/msg/detail/custom_msg__rosidl_typesupport_fastrtps_cpp.hpp
[1.020s] -- Up-to-date: /home/lx/ros2/ros/xiao_ying/install/livox_ros_driver2/include/livox_ros_driver2/livox_ros_driver2/msg/rosidl_typesupport_fastrtps_cpp__visibility_control.h
[1.020s] -- Up-to-date: /home/lx/ros2/ros/xiao_ying/install/livox_ros_driver2/lib/liblivox_ros_driver2__rosidl_typesupport_fastrtps_cpp.so
[1.021s] -- Up-to-date: /home/lx/ros2/ros/xiao_ying/install/livox_ros_driver2/include/livox_ros_driver2/livox_ros_driver2
[1.021s] -- Up-to-date: /home/lx/ros2/ros/xiao_ying/install/livox_ros_driver2/include/livox_ros_driver2/livox_ros_driver2/msg
[1.021s] -- Up-to-date: /home/lx/ros2/ros/xiao_ying/install/livox_ros_driver2/include/livox_ros_driver2/livox_ros_driver2/msg/detail
[1.021s] -- Up-to-date: /home/lx/ros2/ros/xiao_ying/install/livox_ros_driver2/include/livox_ros_driver2/livox_ros_driver2/msg/detail/custom_point__rosidl_typesupport_introspection_cpp.hpp
[1.021s] -- Up-to-date: /home/lx/ros2/ros/xiao_ying/install/livox_ros_driver2/include/livox_ros_driver2/livox_ros_driver2/msg/detail/custom_msg__type_support.cpp
[1.022s] -- Up-to-date: /home/lx/ros2/ros/xiao_ying/install/livox_ros_driver2/include/livox_ros_driver2/livox_ros_driver2/msg/detail/custom_point__type_support.cpp
[1.022s] -- Up-to-date: /home/lx/ros2/ros/xiao_ying/install/livox_ros_driver2/include/livox_ros_driver2/livox_ros_driver2/msg/detail/custom_msg__rosidl_typesupport_introspection_cpp.hpp
[1.022s] -- Up-to-date: /home/lx/ros2/ros/xiao_ying/install/livox_ros_driver2/lib/liblivox_ros_driver2__rosidl_typesupport_introspection_cpp.so
[1.022s] -- Up-to-date: /home/lx/ros2/ros/xiao_ying/install/livox_ros_driver2/lib/liblivox_ros_driver2__rosidl_typesupport_cpp.so
[1.023s] -- Up-to-date: /home/lx/ros2/ros/xiao_ying/install/livox_ros_driver2/share/livox_ros_driver2/environment/pythonpath.sh
[1.023s] -- Up-to-date: /home/lx/ros2/ros/xiao_ying/install/livox_ros_driver2/share/livox_ros_driver2/environment/pythonpath.dsv
[1.023s] -- Up-to-date: /home/lx/ros2/ros/xiao_ying/install/livox_ros_driver2/local/lib/python3.10/dist-packages/livox_ros_driver2-1.0.0-py3.10.egg-info
[1.024s] -- Installing: /home/lx/ros2/ros/xiao_ying/install/livox_ros_driver2/local/lib/python3.10/dist-packages/livox_ros_driver2-1.0.0-py3.10.egg-info/top_level.txt
[1.024s] -- Installing: /home/lx/ros2/ros/xiao_ying/install/livox_ros_driver2/local/lib/python3.10/dist-packages/livox_ros_driver2-1.0.0-py3.10.egg-info/PKG-INFO
[1.024s] -- Installing: /home/lx/ros2/ros/xiao_ying/install/livox_ros_driver2/local/lib/python3.10/dist-packages/livox_ros_driver2-1.0.0-py3.10.egg-info/SOURCES.txt
[1.024s] -- Installing: /home/lx/ros2/ros/xiao_ying/install/livox_ros_driver2/local/lib/python3.10/dist-packages/livox_ros_driver2-1.0.0-py3.10.egg-info/dependency_links.txt
[1.025s] -- Up-to-date: /home/lx/ros2/ros/xiao_ying/install/livox_ros_driver2/local/lib/python3.10/dist-packages/livox_ros_driver2
[1.025s] -- Up-to-date: /home/lx/ros2/ros/xiao_ying/install/livox_ros_driver2/local/lib/python3.10/dist-packages/livox_ros_driver2/livox_ros_driver2_s__rosidl_typesupport_introspection_c.cpython-310-x86_64-linux-gnu.so
[1.025s] -- Up-to-date: /home/lx/ros2/ros/xiao_ying/install/livox_ros_driver2/local/lib/python3.10/dist-packages/livox_ros_driver2/livox_ros_driver2_s__rosidl_typesupport_c.cpython-310-x86_64-linux-gnu.so
[1.025s] -- Up-to-date: /home/lx/ros2/ros/xiao_ying/install/livox_ros_driver2/local/lib/python3.10/dist-packages/livox_ros_driver2/_livox_ros_driver2_s.ep.rosidl_typesupport_c.c
[1.026s] -- Up-to-date: /home/lx/ros2/ros/xiao_ying/install/livox_ros_driver2/local/lib/python3.10/dist-packages/livox_ros_driver2/livox_ros_driver2_s__rosidl_typesupport_fastrtps_c.cpython-310-x86_64-linux-gnu.so
[1.026s] -- Up-to-date: /home/lx/ros2/ros/xiao_ying/install/livox_ros_driver2/local/lib/python3.10/dist-packages/livox_ros_driver2/msg
[1.026s] -- Up-to-date: /home/lx/ros2/ros/xiao_ying/install/livox_ros_driver2/local/lib/python3.10/dist-packages/livox_ros_driver2/msg/_custom_point.py
[1.026s] -- Up-to-date: /home/lx/ros2/ros/xiao_ying/install/livox_ros_driver2/local/lib/python3.10/dist-packages/livox_ros_driver2/msg/_custom_point_s.c
[1.027s] -- Up-to-date: /home/lx/ros2/ros/xiao_ying/install/livox_ros_driver2/local/lib/python3.10/dist-packages/livox_ros_driver2/msg/_custom_msg_s.c
[1.027s] -- Up-to-date: /home/lx/ros2/ros/xiao_ying/install/livox_ros_driver2/local/lib/python3.10/dist-packages/livox_ros_driver2/msg/_custom_msg.py
[1.028s] -- Up-to-date: /home/lx/ros2/ros/xiao_ying/install/livox_ros_driver2/local/lib/python3.10/dist-packages/livox_ros_driver2/msg/__init__.py
[1.028s] -- Up-to-date: /home/lx/ros2/ros/xiao_ying/install/livox_ros_driver2/local/lib/python3.10/dist-packages/livox_ros_driver2/_livox_ros_driver2_s.ep.rosidl_typesupport_introspection_c.c
[1.028s] -- Up-to-date: /home/lx/ros2/ros/xiao_ying/install/livox_ros_driver2/local/lib/python3.10/dist-packages/livox_ros_driver2/liblivox_interfaces2__rosidl_generator_py.so
[1.029s] -- Up-to-date: /home/lx/ros2/ros/xiao_ying/install/livox_ros_driver2/local/lib/python3.10/dist-packages/livox_ros_driver2/__init__.py
[1.029s] -- Up-to-date: /home/lx/ros2/ros/xiao_ying/install/livox_ros_driver2/local/lib/python3.10/dist-packages/livox_ros_driver2/_livox_ros_driver2_s.ep.rosidl_typesupport_fastrtps_c.c
[1.033s] Listing '/home/lx/ros2/ros/xiao_ying/install/livox_ros_driver2/local/lib/python3.10/dist-packages/livox_ros_driver2'...
[1.033s] Listing '/home/lx/ros2/ros/xiao_ying/install/livox_ros_driver2/local/lib/python3.10/dist-packages/livox_ros_driver2/msg'...
[1.037s] -- Up-to-date: /home/lx/ros2/ros/xiao_ying/install/livox_ros_driver2/local/lib/python3.10/dist-packages/livox_ros_driver2/livox_ros_driver2_s__rosidl_typesupport_fastrtps_c.cpython-310-x86_64-linux-gnu.so
[1.038s] -- Up-to-date: /home/lx/ros2/ros/xiao_ying/install/livox_ros_driver2/local/lib/python3.10/dist-packages/livox_ros_driver2/livox_ros_driver2_s__rosidl_typesupport_introspection_c.cpython-310-x86_64-linux-gnu.so
[1.038s] -- Up-to-date: /home/lx/ros2/ros/xiao_ying/install/livox_ros_driver2/local/lib/python3.10/dist-packages/livox_ros_driver2/livox_ros_driver2_s__rosidl_typesupport_c.cpython-310-x86_64-linux-gnu.so
[1.038s] -- Up-to-date: /home/lx/ros2/ros/xiao_ying/install/livox_ros_driver2/lib/liblivox_interfaces2__rosidl_generator_py.so
[1.038s] -- Up-to-date: /home/lx/ros2/ros/xiao_ying/install/livox_ros_driver2/share/livox_ros_driver2/msg/CustomPoint.idl
[1.039s] -- Up-to-date: /home/lx/ros2/ros/xiao_ying/install/livox_ros_driver2/share/livox_ros_driver2/msg/CustomMsg.idl
[1.039s] -- Up-to-date: /home/lx/ros2/ros/xiao_ying/install/livox_ros_driver2/share/livox_ros_driver2/msg/CustomPoint.msg
[1.041s] -- Up-to-date: /home/lx/ros2/ros/xiao_ying/install/livox_ros_driver2/share/livox_ros_driver2/msg/CustomMsg.msg
[1.041s] -- Up-to-date: /home/lx/ros2/ros/xiao_ying/install/livox_ros_driver2/lib/livox_ros_driver2/livox_ros_driver2_node
[1.041s] -- Up-to-date: /home/lx/ros2/ros/xiao_ying/install/livox_ros_driver2/lib/liblivox_ros_driver2.so
[1.041s] -- Up-to-date: /home/lx/ros2/ros/xiao_ying/install/livox_ros_driver2/share/livox_ros_driver2/config
[1.042s] -- Up-to-date: /home/lx/ros2/ros/xiao_ying/install/livox_ros_driver2/share/livox_ros_driver2/config/display_point_cloud_ROS2.rviz
[1.042s] -- Up-to-date: /home/lx/ros2/ros/xiao_ying/install/livox_ros_driver2/share/livox_ros_driver2/config/mixed_HAP_MID360_config.json
[1.043s] -- Up-to-date: /home/lx/ros2/ros/xiao_ying/install/livox_ros_driver2/share/livox_ros_driver2/config/HAP_config.json
[1.044s] -- Up-to-date: /home/lx/ros2/ros/xiao_ying/install/livox_ros_driver2/share/livox_ros_driver2/config/display_point_cloud_ROS1.rviz
[1.044s] -- Up-to-date: /home/lx/ros2/ros/xiao_ying/install/livox_ros_driver2/share/livox_ros_driver2/config/MID360_config.json
[1.044s] -- Up-to-date: /home/lx/ros2/ros/xiao_ying/install/livox_ros_driver2/share/livox_ros_driver2/launch_ROS2
[1.045s] -- Up-to-date: /home/lx/ros2/ros/xiao_ying/install/livox_ros_driver2/share/livox_ros_driver2/launch_ROS2/rviz_MID360_launch.py
[1.045s] -- Up-to-date: /home/lx/ros2/ros/xiao_ying/install/livox_ros_driver2/share/livox_ros_driver2/launch_ROS2/msg_MID360_launch.py
[1.045s] -- Up-to-date: /home/lx/ros2/ros/xiao_ying/install/livox_ros_driver2/share/livox_ros_driver2/launch_ROS2/rviz_HAP_launch.py
[1.045s] -- Up-to-date: /home/lx/ros2/ros/xiao_ying/install/livox_ros_driver2/share/livox_ros_driver2/launch_ROS2/msg_HAP_launch.py
[1.045s] -- Up-to-date: /home/lx/ros2/ros/xiao_ying/install/livox_ros_driver2/share/livox_ros_driver2/launch_ROS2/rviz_mixed.py
[1.045s] -- Up-to-date: /home/lx/ros2/ros/xiao_ying/install/livox_ros_driver2/share/ament_index/resource_index/package_run_dependencies/livox_ros_driver2
[1.045s] -- Up-to-date: /home/lx/ros2/ros/xiao_ying/install/livox_ros_driver2/share/ament_index/resource_index/parent_prefix_path/livox_ros_driver2
[1.046s] -- Up-to-date: /home/lx/ros2/ros/xiao_ying/install/livox_ros_driver2/share/livox_ros_driver2/environment/ament_prefix_path.sh
[1.046s] -- Up-to-date: /home/lx/ros2/ros/xiao_ying/install/livox_ros_driver2/share/livox_ros_driver2/environment/ament_prefix_path.dsv
[1.046s] -- Up-to-date: /home/lx/ros2/ros/xiao_ying/install/livox_ros_driver2/share/livox_ros_driver2/environment/path.sh
[1.046s] -- Up-to-date: /home/lx/ros2/ros/xiao_ying/install/livox_ros_driver2/share/livox_ros_driver2/environment/path.dsv
[1.047s] -- Up-to-date: /home/lx/ros2/ros/xiao_ying/install/livox_ros_driver2/share/livox_ros_driver2/local_setup.bash
[1.047s] -- Up-to-date: /home/lx/ros2/ros/xiao_ying/install/livox_ros_driver2/share/livox_ros_driver2/local_setup.sh
[1.047s] -- Up-to-date: /home/lx/ros2/ros/xiao_ying/install/livox_ros_driver2/share/livox_ros_driver2/local_setup.zsh
[1.048s] -- Up-to-date: /home/lx/ros2/ros/xiao_ying/install/livox_ros_driver2/share/livox_ros_driver2/local_setup.dsv
[1.048s] -- Installing: /home/lx/ros2/ros/xiao_ying/install/livox_ros_driver2/share/livox_ros_driver2/package.dsv
[1.048s] -- Up-to-date: /home/lx/ros2/ros/xiao_ying/install/livox_ros_driver2/share/ament_index/resource_index/packages/livox_ros_driver2
[1.048s] -- Up-to-date: /home/lx/ros2/ros/xiao_ying/install/livox_ros_driver2/share/livox_ros_driver2/cmake/export_livox_interfaces2__rosidl_generator_cExport.cmake
[1.049s] -- Up-to-date: /home/lx/ros2/ros/xiao_ying/install/livox_ros_driver2/share/livox_ros_driver2/cmake/export_livox_interfaces2__rosidl_generator_cExport-noconfig.cmake
[1.049s] -- Up-to-date: /home/lx/ros2/ros/xiao_ying/install/livox_ros_driver2/share/livox_ros_driver2/cmake/export_livox_interfaces2__rosidl_typesupport_fastrtps_cExport.cmake
[1.049s] -- Up-to-date: /home/lx/ros2/ros/xiao_ying/install/livox_ros_driver2/share/livox_ros_driver2/cmake/export_livox_interfaces2__rosidl_typesupport_fastrtps_cExport-noconfig.cmake
[1.049s] -- Up-to-date: /home/lx/ros2/ros/xiao_ying/install/livox_ros_driver2/share/livox_ros_driver2/cmake/livox_interfaces2__rosidl_typesupport_introspection_cExport.cmake
[1.049s] -- Up-to-date: /home/lx/ros2/ros/xiao_ying/install/livox_ros_driver2/share/livox_ros_driver2/cmake/livox_interfaces2__rosidl_typesupport_introspection_cExport-noconfig.cmake
[1.050s] -- Up-to-date: /home/lx/ros2/ros/xiao_ying/install/livox_ros_driver2/share/livox_ros_driver2/cmake/livox_interfaces2__rosidl_typesupport_cExport.cmake
[1.050s] -- Up-to-date: /home/lx/ros2/ros/xiao_ying/install/livox_ros_driver2/share/livox_ros_driver2/cmake/livox_interfaces2__rosidl_typesupport_cExport-noconfig.cmake
[1.050s] -- Up-to-date: /home/lx/ros2/ros/xiao_ying/install/livox_ros_driver2/share/livox_ros_driver2/cmake/export_livox_interfaces2__rosidl_generator_cppExport.cmake
[1.051s] -- Up-to-date: /home/lx/ros2/ros/xiao_ying/install/livox_ros_driver2/share/livox_ros_driver2/cmake/export_livox_interfaces2__rosidl_typesupport_fastrtps_cppExport.cmake
[1.051s] -- Up-to-date: /home/lx/ros2/ros/xiao_ying/install/livox_ros_driver2/share/livox_ros_driver2/cmake/export_livox_interfaces2__rosidl_typesupport_fastrtps_cppExport-noconfig.cmake
[1.051s] -- Up-to-date: /home/lx/ros2/ros/xiao_ying/install/livox_ros_driver2/share/livox_ros_driver2/cmake/livox_interfaces2__rosidl_typesupport_introspection_cppExport.cmake
[1.051s] -- Up-to-date: /home/lx/ros2/ros/xiao_ying/install/livox_ros_driver2/share/livox_ros_driver2/cmake/livox_interfaces2__rosidl_typesupport_introspection_cppExport-noconfig.cmake
[1.051s] -- Up-to-date: /home/lx/ros2/ros/xiao_ying/install/livox_ros_driver2/share/livox_ros_driver2/cmake/livox_interfaces2__rosidl_typesupport_cppExport.cmake
[1.052s] -- Up-to-date: /home/lx/ros2/ros/xiao_ying/install/livox_ros_driver2/share/livox_ros_driver2/cmake/livox_interfaces2__rosidl_typesupport_cppExport-noconfig.cmake
[1.052s] -- Up-to-date: /home/lx/ros2/ros/xiao_ying/install/livox_ros_driver2/share/livox_ros_driver2/cmake/export_livox_interfaces2__rosidl_generator_pyExport.cmake
[1.052s] -- Up-to-date: /home/lx/ros2/ros/xiao_ying/install/livox_ros_driver2/share/livox_ros_driver2/cmake/export_livox_interfaces2__rosidl_generator_pyExport-noconfig.cmake
[1.052s] -- Up-to-date: /home/lx/ros2/ros/xiao_ying/install/livox_ros_driver2/share/ament_index/resource_index/rclcpp_components/livox_ros_driver2
[1.053s] -- Up-to-date: /home/lx/ros2/ros/xiao_ying/install/livox_ros_driver2/share/livox_ros_driver2/cmake/rosidl_cmake-extras.cmake
[1.053s] -- Up-to-date: /home/lx/ros2/ros/xiao_ying/install/livox_ros_driver2/share/livox_ros_driver2/cmake/ament_cmake_export_dependencies-extras.cmake
[1.053s] -- Up-to-date: /home/lx/ros2/ros/xiao_ying/install/livox_ros_driver2/share/livox_ros_driver2/cmake/ament_cmake_export_include_directories-extras.cmake
[1.053s] -- Up-to-date: /home/lx/ros2/ros/xiao_ying/install/livox_ros_driver2/share/livox_ros_driver2/cmake/ament_cmake_export_libraries-extras.cmake
[1.054s] -- Up-to-date: /home/lx/ros2/ros/xiao_ying/install/livox_ros_driver2/share/livox_ros_driver2/cmake/ament_cmake_export_targets-extras.cmake
[1.054s] -- Up-to-date: /home/lx/ros2/ros/xiao_ying/install/livox_ros_driver2/share/livox_ros_driver2/cmake/rosidl_cmake_export_typesupport_targets-extras.cmake
[1.054s] -- Up-to-date: /home/lx/ros2/ros/xiao_ying/install/livox_ros_driver2/share/livox_ros_driver2/cmake/rosidl_cmake_export_typesupport_libraries-extras.cmake
[1.054s] -- Up-to-date: /home/lx/ros2/ros/xiao_ying/install/livox_ros_driver2/share/livox_ros_driver2/cmake/livox_ros_driver2Config.cmake
[1.055s] -- Up-to-date: /home/lx/ros2/ros/xiao_ying/install/livox_ros_driver2/share/livox_ros_driver2/cmake/livox_ros_driver2Config-version.cmake
[1.056s] -- Up-to-date: /home/lx/ros2/ros/xiao_ying/install/livox_ros_driver2/share/livox_ros_driver2/package.xml
[1.097s] Invoked command in '/home/lx/ros2/ros/xiao_ying/build/livox_ros_driver2' returned '0': CMAKE_PREFIX_PATH=/home/lx/ros2/ros/xiao_ying/install/xiao_ying_navigation:/home/lx/ros2/ros/xiao_ying/install/start:/home/lx/ros2/ros/xiao_ying/install/pointcloud_to_laserscan:/opt/ros/humble:/home/lx/ros2/ros/xiao_ying/install/livox_to_pointcloud2:/home/lx/ros2/ros/xiao_ying/install/fast_lio:/home/lx/ros2/ros/xiao_ying/install/livox_ros_driver2:/home/lx/ros2/ros/xiao_ying/install/linefit_ground_segmentation_ros:/home/lx/ros2/ros/xiao_ying/install/linefit_ground_segmentation:/home/lx/ros2/ros/xiao_ying/install/imu_complementary_filter /usr/bin/cmake --install /home/lx/ros2/ros/xiao_ying/build/livox_ros_driver2
