[0.042s] Invoking command in '/home/lx/ros2/ros/turtlebot3_ws/build/turtlebot3_bringup': AMENT_PREFIX_PATH=/home/lx/ros2/ros/turtlebot3_ws/install/turtlebot3_node:/home/lx/ros2/ros/turtlebot3_ws/install/turtlebot3_description:${AMENT_PREFIX_PATH} CMAKE_PREFIX_PATH=/home/lx/ros2/ros/turtlebot3_ws/install/turtlebot3_node:/home/lx/ros2/ros/turtlebot3_ws/install/turtlebot3_description:/opt/ros/humble /usr/bin/cmake /home/lx/ros2/ros/turtlebot3_ws/src/turtlebot3/turtlebot3_bringup -DCMAKE_INSTALL_PREFIX=/home/lx/ros2/ros/turtlebot3_ws/install/turtlebot3_bringup
[0.079s] -- The C compiler identification is GNU 11.4.0
[0.118s] -- The CXX compiler identification is GNU 11.4.0
[0.124s] -- Detecting C compiler ABI info
[0.170s] -- Detecting C compiler ABI info - done
[0.176s] -- Check for working C compiler: /usr/bin/cc - skipped
[0.176s] -- Detecting C compile features
[0.177s] -- Detecting C compile features - done
[0.179s] -- Detecting CXX compiler ABI info
[0.233s] -- Detecting CXX compiler ABI info - done
[0.240s] -- Check for working CXX compiler: /usr/bin/c++ - skipped
[0.240s] -- Detecting CXX compile features
[0.240s] -- Detecting CXX compile features - done
[0.242s] -- Found ament_cmake: 1.3.5 (/opt/ros/humble/share/ament_cmake/cmake)
[0.365s] -- Found Python3: /usr/bin/python3.10 (found version "3.10.12") found components: Interpreter 
[0.480s] -- Configuring done
[0.482s] -- Generating done
[0.482s] -- Build files have been written to: /home/lx/ros2/ros/turtlebot3_ws/build/turtlebot3_bringup
[0.485s] Invoked command in '/home/lx/ros2/ros/turtlebot3_ws/build/turtlebot3_bringup' returned '0': AMENT_PREFIX_PATH=/home/lx/ros2/ros/turtlebot3_ws/install/turtlebot3_node:/home/lx/ros2/ros/turtlebot3_ws/install/turtlebot3_description:${AMENT_PREFIX_PATH} CMAKE_PREFIX_PATH=/home/lx/ros2/ros/turtlebot3_ws/install/turtlebot3_node:/home/lx/ros2/ros/turtlebot3_ws/install/turtlebot3_description:/opt/ros/humble /usr/bin/cmake /home/lx/ros2/ros/turtlebot3_ws/src/turtlebot3/turtlebot3_bringup -DCMAKE_INSTALL_PREFIX=/home/lx/ros2/ros/turtlebot3_ws/install/turtlebot3_bringup
[0.486s] Invoking command in '/home/lx/ros2/ros/turtlebot3_ws/build/turtlebot3_bringup': AMENT_PREFIX_PATH=/home/lx/ros2/ros/turtlebot3_ws/install/turtlebot3_node:/home/lx/ros2/ros/turtlebot3_ws/install/turtlebot3_description:${AMENT_PREFIX_PATH} CMAKE_PREFIX_PATH=/home/lx/ros2/ros/turtlebot3_ws/install/turtlebot3_node:/home/lx/ros2/ros/turtlebot3_ws/install/turtlebot3_description:/opt/ros/humble /usr/bin/cmake --build /home/lx/ros2/ros/turtlebot3_ws/build/turtlebot3_bringup -- -j12 -l12
[0.512s] Invoked command in '/home/lx/ros2/ros/turtlebot3_ws/build/turtlebot3_bringup' returned '0': AMENT_PREFIX_PATH=/home/lx/ros2/ros/turtlebot3_ws/install/turtlebot3_node:/home/lx/ros2/ros/turtlebot3_ws/install/turtlebot3_description:${AMENT_PREFIX_PATH} CMAKE_PREFIX_PATH=/home/lx/ros2/ros/turtlebot3_ws/install/turtlebot3_node:/home/lx/ros2/ros/turtlebot3_ws/install/turtlebot3_description:/opt/ros/humble /usr/bin/cmake --build /home/lx/ros2/ros/turtlebot3_ws/build/turtlebot3_bringup -- -j12 -l12
[0.525s] Invoking command in '/home/lx/ros2/ros/turtlebot3_ws/build/turtlebot3_bringup': AMENT_PREFIX_PATH=/home/lx/ros2/ros/turtlebot3_ws/install/turtlebot3_node:/home/lx/ros2/ros/turtlebot3_ws/install/turtlebot3_description:${AMENT_PREFIX_PATH} CMAKE_PREFIX_PATH=/home/lx/ros2/ros/turtlebot3_ws/install/turtlebot3_node:/home/lx/ros2/ros/turtlebot3_ws/install/turtlebot3_description:/opt/ros/humble /usr/bin/cmake --install /home/lx/ros2/ros/turtlebot3_ws/build/turtlebot3_bringup
[0.531s] -- Install configuration: ""
[0.531s] -- Installing: /home/lx/ros2/ros/turtlebot3_ws/install/turtlebot3_bringup/share/turtlebot3_bringup/launch
[0.531s] -- Installing: /home/lx/ros2/ros/turtlebot3_ws/install/turtlebot3_bringup/share/turtlebot3_bringup/launch/robot.launch.py
[0.531s] -- Installing: /home/lx/ros2/ros/turtlebot3_ws/install/turtlebot3_bringup/share/turtlebot3_bringup/launch/turtlebot3_state_publisher.launch.py
[0.531s] -- Installing: /home/lx/ros2/ros/turtlebot3_ws/install/turtlebot3_bringup/share/turtlebot3_bringup/launch/rviz2.launch.py
[0.531s] -- Installing: /home/lx/ros2/ros/turtlebot3_ws/install/turtlebot3_bringup/share/turtlebot3_bringup/param
[0.531s] -- Installing: /home/lx/ros2/ros/turtlebot3_ws/install/turtlebot3_bringup/share/turtlebot3_bringup/param/waffle.yaml
[0.531s] -- Installing: /home/lx/ros2/ros/turtlebot3_ws/install/turtlebot3_bringup/share/turtlebot3_bringup/param/burger.yaml
[0.531s] -- Installing: /home/lx/ros2/ros/turtlebot3_ws/install/turtlebot3_bringup/share/turtlebot3_bringup/param/waffle_pi.yaml
[0.532s] -- Installing: /home/lx/ros2/ros/turtlebot3_ws/install/turtlebot3_bringup/share/turtlebot3_bringup/script
[0.532s] -- Installing: /home/lx/ros2/ros/turtlebot3_ws/install/turtlebot3_bringup/share/turtlebot3_bringup/script/create_udev_rules
[0.532s] -- Installing: /home/lx/ros2/ros/turtlebot3_ws/install/turtlebot3_bringup/share/turtlebot3_bringup/script/99-turtlebot3-cdc.rules
[0.532s] -- Installing: /home/lx/ros2/ros/turtlebot3_ws/install/turtlebot3_bringup/share/ament_index/resource_index/package_run_dependencies/turtlebot3_bringup
[0.532s] -- Installing: /home/lx/ros2/ros/turtlebot3_ws/install/turtlebot3_bringup/share/ament_index/resource_index/parent_prefix_path/turtlebot3_bringup
[0.532s] -- Installing: /home/lx/ros2/ros/turtlebot3_ws/install/turtlebot3_bringup/share/turtlebot3_bringup/environment/ament_prefix_path.sh
[0.532s] -- Installing: /home/lx/ros2/ros/turtlebot3_ws/install/turtlebot3_bringup/share/turtlebot3_bringup/environment/ament_prefix_path.dsv
[0.532s] -- Installing: /home/lx/ros2/ros/turtlebot3_ws/install/turtlebot3_bringup/share/turtlebot3_bringup/environment/path.sh
[0.532s] -- Installing: /home/lx/ros2/ros/turtlebot3_ws/install/turtlebot3_bringup/share/turtlebot3_bringup/environment/path.dsv
[0.532s] -- Installing: /home/lx/ros2/ros/turtlebot3_ws/install/turtlebot3_bringup/share/turtlebot3_bringup/local_setup.bash
[0.532s] -- Installing: /home/lx/ros2/ros/turtlebot3_ws/install/turtlebot3_bringup/share/turtlebot3_bringup/local_setup.sh
[0.532s] -- Installing: /home/lx/ros2/ros/turtlebot3_ws/install/turtlebot3_bringup/share/turtlebot3_bringup/local_setup.zsh
[0.532s] -- Installing: /home/lx/ros2/ros/turtlebot3_ws/install/turtlebot3_bringup/share/turtlebot3_bringup/local_setup.dsv
[0.532s] -- Installing: /home/lx/ros2/ros/turtlebot3_ws/install/turtlebot3_bringup/share/turtlebot3_bringup/package.dsv
[0.532s] -- Installing: /home/lx/ros2/ros/turtlebot3_ws/install/turtlebot3_bringup/share/ament_index/resource_index/packages/turtlebot3_bringup
[0.533s] -- Installing: /home/lx/ros2/ros/turtlebot3_ws/install/turtlebot3_bringup/share/turtlebot3_bringup/cmake/turtlebot3_bringupConfig.cmake
[0.533s] -- Installing: /home/lx/ros2/ros/turtlebot3_ws/install/turtlebot3_bringup/share/turtlebot3_bringup/cmake/turtlebot3_bringupConfig-version.cmake
[0.533s] -- Installing: /home/lx/ros2/ros/turtlebot3_ws/install/turtlebot3_bringup/share/turtlebot3_bringup/package.xml
[0.534s] Invoked command in '/home/lx/ros2/ros/turtlebot3_ws/build/turtlebot3_bringup' returned '0': AMENT_PREFIX_PATH=/home/lx/ros2/ros/turtlebot3_ws/install/turtlebot3_node:/home/lx/ros2/ros/turtlebot3_ws/install/turtlebot3_description:${AMENT_PREFIX_PATH} CMAKE_PREFIX_PATH=/home/lx/ros2/ros/turtlebot3_ws/install/turtlebot3_node:/home/lx/ros2/ros/turtlebot3_ws/install/turtlebot3_description:/opt/ros/humble /usr/bin/cmake --install /home/lx/ros2/ros/turtlebot3_ws/build/turtlebot3_bringup
