In file included from [01m[K/home/lx/ros2/ros/mid-70_ws/src/FAST_LIO/src/preprocess.cpp:1[m[K:
[01m[K/home/lx/ros2/ros/mid-70_ws/src/FAST_LIO/src/preprocess.h:143:22:[m[K [01;31m[Kerror: [m[K‘[01m[Klivox_ros_driver2[m[K’ does not name a type
  143 |   void process(const [01;31m[Klivox_ros_driver2[m[K::msg::CustomMsg::UniquePtr &msg, PointCloudXYZI::Ptr &pcl_out);
      |                      [01;31m[K^~~~~~~~~~~~~~~~~[m[K
[01m[K/home/lx/ros2/ros/mid-70_ws/src/FAST_LIO/src/preprocess.h:143:44:[m[K [01;31m[Kerror: [m[Kexpected unqualified-id before ‘[01m[K::[m[K’ token
  143 |   void process(const livox_ros_driver2::msg[01;31m[K::[m[KCustomMsg::UniquePtr &msg, PointCloudXYZI::Ptr &pcl_out);
      |                                            [01;31m[K^~[m[K
[01m[K/home/lx/ros2/ros/mid-70_ws/src/FAST_LIO/src/preprocess.h:143:44:[m[K [01;31m[Kerror: [m[Kexpected ‘[01m[K)[m[K’ before ‘[01m[K::[m[K’ token
  143 |   void process[34m[K([m[Kconst livox_ros_driver2::msg[01;31m[K:[m[K[32m[K:[m[KCustomMsg::UniquePtr &msg, PointCloudXYZI::Ptr &pcl_out);
      |               [34m[K~[m[K                            [01;31m[K^[m[K[32m[K~[m[K
      |                                            [32m[K)[m[K
[01m[K/home/lx/ros2/ros/mid-70_ws/src/FAST_LIO/src/preprocess.h:143:41:[m[K [01;31m[Kerror: [m[Kexpected ‘[01m[K;[m[K’ at end of member declaration
  143 |   void process(const livox_ros_driver2::[01;31m[Kmsg[m[K::CustomMsg::UniquePtr &msg, PointCloudXYZI::Ptr &pcl_out);
      |                                         [01;31m[K^~~[m[K
      |                                            [32m[K;[m[K
[01m[K/home/lx/ros2/ros/mid-70_ws/src/FAST_LIO/src/preprocess.h:143:46:[m[K [01;31m[Kerror: [m[K‘[01m[KCustomMsg[m[K’ in namespace ‘[01m[K::[m[K’ does not name a type
  143 |   void process(const livox_ros_driver2::msg::[01;31m[KCustomMsg[m[K::UniquePtr &msg, PointCloudXYZI::Ptr &pcl_out);
      |                                              [01;31m[K^~~~~~~~~[m[K
[01m[K/home/lx/ros2/ros/mid-70_ws/src/FAST_LIO/src/preprocess.h:158:27:[m[K [01;31m[Kerror: [m[K‘[01m[Klivox_ros_driver2[m[K’ does not name a type
  158 |   void avia_handler(const [01;31m[Klivox_ros_driver2[m[K::msg::CustomMsg::UniquePtr &msg);
      |                           [01;31m[K^~~~~~~~~~~~~~~~~[m[K
[01m[K/home/lx/ros2/ros/mid-70_ws/src/FAST_LIO/src/preprocess.h:158:49:[m[K [01;31m[Kerror: [m[Kexpected unqualified-id before ‘[01m[K::[m[K’ token
  158 |   void avia_handler(const livox_ros_driver2::msg[01;31m[K::[m[KCustomMsg::UniquePtr &msg);
      |                                                 [01;31m[K^~[m[K
[01m[K/home/lx/ros2/ros/mid-70_ws/src/FAST_LIO/src/preprocess.h:158:49:[m[K [01;31m[Kerror: [m[Kexpected ‘[01m[K)[m[K’ before ‘[01m[K::[m[K’ token
  158 |   void avia_handler[34m[K([m[Kconst livox_ros_driver2::msg[01;31m[K:[m[K[32m[K:[m[KCustomMsg::UniquePtr &msg);
      |                    [34m[K~[m[K                            [01;31m[K^[m[K[32m[K~[m[K
      |                                                 [32m[K)[m[K
[01m[K/home/lx/ros2/ros/mid-70_ws/src/FAST_LIO/src/preprocess.h:158:46:[m[K [01;31m[Kerror: [m[Kexpected ‘[01m[K;[m[K’ at end of member declaration
  158 |   void avia_handler(const livox_ros_driver2::[01;31m[Kmsg[m[K::CustomMsg::UniquePtr &msg);
      |                                              [01;31m[K^~~[m[K
      |                                                 [32m[K;[m[K
[01m[K/home/lx/ros2/ros/mid-70_ws/src/FAST_LIO/src/preprocess.h:158:51:[m[K [01;31m[Kerror: [m[K‘[01m[KCustomMsg[m[K’ in namespace ‘[01m[K::[m[K’ does not name a type
  158 |   void avia_handler(const livox_ros_driver2::msg::[01;31m[KCustomMsg[m[K::UniquePtr &msg);
      |                                                   [01;31m[K^~~~~~~~~[m[K
[01m[K/home/lx/ros2/ros/mid-70_ws/src/FAST_LIO/src/preprocess.cpp:47:32:[m[K [01;31m[Kerror: [m[K‘[01m[Klivox_ros_driver2[m[K’ does not name a type
   47 | void Preprocess::process(const [01;31m[Klivox_ros_driver2[m[K::msg::CustomMsg::UniquePtr &msg, PointCloudXYZI::Ptr& pcl_out)
      |                                [01;31m[K^~~~~~~~~~~~~~~~~[m[K
[01m[K/home/lx/ros2/ros/mid-70_ws/src/FAST_LIO/src/preprocess.cpp:47:54:[m[K [01;31m[Kerror: [m[Kexpected unqualified-id before ‘[01m[K::[m[K’ token
   47 | void Preprocess::process(const livox_ros_driver2::msg[01;31m[K::[m[KCustomMsg::UniquePtr &msg, PointCloudXYZI::Ptr& pcl_out)
      |                                                      [01;31m[K^~[m[K
[01m[K/home/lx/ros2/ros/mid-70_ws/src/FAST_LIO/src/preprocess.cpp:47:54:[m[K [01;31m[Kerror: [m[Kexpected ‘[01m[K)[m[K’ before ‘[01m[K::[m[K’ token
   47 | void Preprocess::process[34m[K([m[Kconst livox_ros_driver2::msg[01;31m[K:[m[K[32m[K:[m[KCustomMsg::UniquePtr &msg, PointCloudXYZI::Ptr& pcl_out)
      |                         [34m[K~[m[K                            [01;31m[K^[m[K[32m[K~[m[K
      |                                                      [32m[K)[m[K
[01m[K/home/lx/ros2/ros/mid-70_ws/src/FAST_LIO/src/preprocess.cpp:47:54:[m[K [01;31m[Kerror: [m[Kexpected initializer before ‘[01m[K::[m[K’ token
   47 | void Preprocess::process(const livox_ros_driver2::msg[01;31m[K::[m[KCustomMsg::UniquePtr &msg, PointCloudXYZI::Ptr& pcl_out)
      |                                                      [01;31m[K^~[m[K
[01m[K/home/lx/ros2/ros/mid-70_ws/src/FAST_LIO/src/preprocess.cpp:95:37:[m[K [01;31m[Kerror: [m[K‘[01m[Klivox_ros_driver2[m[K’ does not name a type
   95 | void Preprocess::avia_handler(const [01;31m[Klivox_ros_driver2[m[K::msg::CustomMsg::UniquePtr &msg)
      |                                     [01;31m[K^~~~~~~~~~~~~~~~~[m[K
[01m[K/home/lx/ros2/ros/mid-70_ws/src/FAST_LIO/src/preprocess.cpp:95:59:[m[K [01;31m[Kerror: [m[Kexpected unqualified-id before ‘[01m[K::[m[K’ token
   95 | void Preprocess::avia_handler(const livox_ros_driver2::msg[01;31m[K::[m[KCustomMsg::UniquePtr &msg)
      |                                                           [01;31m[K^~[m[K
[01m[K/home/lx/ros2/ros/mid-70_ws/src/FAST_LIO/src/preprocess.cpp:95:59:[m[K [01;31m[Kerror: [m[Kexpected ‘[01m[K)[m[K’ before ‘[01m[K::[m[K’ token
   95 | void Preprocess::avia_handler[34m[K([m[Kconst livox_ros_driver2::msg[01;31m[K:[m[K[32m[K:[m[KCustomMsg::UniquePtr &msg)
      |                              [34m[K~[m[K                            [01;31m[K^[m[K[32m[K~[m[K
      |                                                           [32m[K)[m[K
[01m[K/home/lx/ros2/ros/mid-70_ws/src/FAST_LIO/src/preprocess.cpp:95:59:[m[K [01;31m[Kerror: [m[Kexpected initializer before ‘[01m[K::[m[K’ token
   95 | void Preprocess::avia_handler(const livox_ros_driver2::msg[01;31m[K::[m[KCustomMsg::UniquePtr &msg)
      |                                                           [01;31m[K^~[m[K
In file included from [01m[K/usr/include/boost/smart_ptr/detail/sp_thread_sleep.hpp:22[m[K,
                 from [01m[K/usr/include/boost/smart_ptr/detail/yield_k.hpp:23[m[K,
                 from [01m[K/usr/include/boost/smart_ptr/detail/spinlock_gcc_atomic.hpp:14[m[K,
                 from [01m[K/usr/include/boost/smart_ptr/detail/spinlock.hpp:42[m[K,
                 from [01m[K/usr/include/boost/smart_ptr/detail/spinlock_pool.hpp:25[m[K,
                 from [01m[K/usr/include/boost/smart_ptr/shared_ptr.hpp:29[m[K,
                 from [01m[K/usr/include/boost/shared_ptr.hpp:17[m[K,
                 from [01m[K/usr/include/boost/date_time/microsec_time_clock.hpp:18[m[K,
                 from [01m[K/usr/include/boost/interprocess/detail/posix_time_types_wrk.hpp:31[m[K,
                 from [01m[K/usr/include/boost/interprocess/detail/os_thread_functions.hpp:36[m[K,
                 from [01m[K/usr/include/boost/interprocess/sync/file_lock.hpp:26[m[K,
                 from [01m[K/usr/include/pcl-1.12/pcl/io/pcd_io.h:46[m[K,
                 from [01m[K/opt/ros/humble/include/pcl_conversions/pcl_conversions.h:72[m[K,
                 from [01m[K/home/lx/ros2/ros/mid-70_ws/src/FAST_LIO/src/IMU_Processing.hpp:18[m[K,
                 from [01m[K/home/lx/ros2/ros/mid-70_ws/src/FAST_LIO/src/laserMapping.cpp:47[m[K:
[01m[K/usr/include/boost/bind.hpp:36:1:[m[K [01;36m[Knote: [m[K‘[01m[K#pragma message: The practice of declaring the Bind placeholders (_1, _2, ...) in the global namespace is deprecated. Please use <boost/bind/bind.hpp> + using namespace boost::placeholders, or define BOOST_BIND_GLOBAL_PLACEHOLDERS to retain the current behavior.[m[K’
   36 | [01;36m[KBOOST_PRAGMA_MESSAGE[m[K(
      | [01;36m[K^~~~~~~~~~~~~~~~~~~~[m[K
gmake[2]: *** [CMakeFiles/fastlio_mapping.dir/build.make:104：CMakeFiles/fastlio_mapping.dir/src/preprocess.cpp.o] 错误 1
gmake[2]: *** 正在等待未完成的任务....
In file included from [01m[K/home/lx/ros2/ros/mid-70_ws/src/FAST_LIO/src/laserMapping.cpp:63[m[K:
[01m[K/home/lx/ros2/ros/mid-70_ws/src/FAST_LIO/src/preprocess.h:143:22:[m[K [01;31m[Kerror: [m[K‘[01m[Klivox_ros_driver2[m[K’ does not name a type
  143 |   void process(const [01;31m[Klivox_ros_driver2[m[K::msg::CustomMsg::UniquePtr &msg, PointCloudXYZI::Ptr &pcl_out);
      |                      [01;31m[K^~~~~~~~~~~~~~~~~[m[K
[01m[K/home/lx/ros2/ros/mid-70_ws/src/FAST_LIO/src/preprocess.h:143:44:[m[K [01;31m[Kerror: [m[Kexpected unqualified-id before ‘[01m[K::[m[K’ token
  143 |   void process(const livox_ros_driver2::msg[01;31m[K::[m[KCustomMsg::UniquePtr &msg, PointCloudXYZI::Ptr &pcl_out);
      |                                            [01;31m[K^~[m[K
[01m[K/home/lx/ros2/ros/mid-70_ws/src/FAST_LIO/src/preprocess.h:143:44:[m[K [01;31m[Kerror: [m[Kexpected ‘[01m[K)[m[K’ before ‘[01m[K::[m[K’ token
  143 |   void process[34m[K([m[Kconst livox_ros_driver2::msg[01;31m[K:[m[K[32m[K:[m[KCustomMsg::UniquePtr &msg, PointCloudXYZI::Ptr &pcl_out);
      |               [34m[K~[m[K                            [01;31m[K^[m[K[32m[K~[m[K
      |                                            [32m[K)[m[K
[01m[K/home/lx/ros2/ros/mid-70_ws/src/FAST_LIO/src/preprocess.h:143:41:[m[K [01;31m[Kerror: [m[Kexpected ‘[01m[K;[m[K’ at end of member declaration
  143 |   void process(const livox_ros_driver2::[01;31m[Kmsg[m[K::CustomMsg::UniquePtr &msg, PointCloudXYZI::Ptr &pcl_out);
      |                                         [01;31m[K^~~[m[K
      |                                            [32m[K;[m[K
[01m[K/home/lx/ros2/ros/mid-70_ws/src/FAST_LIO/src/preprocess.h:143:46:[m[K [01;31m[Kerror: [m[K‘[01m[KCustomMsg[m[K’ in namespace ‘[01m[K::[m[K’ does not name a type
  143 |   void process(const livox_ros_driver2::msg::[01;31m[KCustomMsg[m[K::UniquePtr &msg, PointCloudXYZI::Ptr &pcl_out);
      |                                              [01;31m[K^~~~~~~~~[m[K
[01m[K/home/lx/ros2/ros/mid-70_ws/src/FAST_LIO/src/preprocess.h:158:27:[m[K [01;31m[Kerror: [m[K‘[01m[Klivox_ros_driver2[m[K’ does not name a type
  158 |   void avia_handler(const [01;31m[Klivox_ros_driver2[m[K::msg::CustomMsg::UniquePtr &msg);
      |                           [01;31m[K^~~~~~~~~~~~~~~~~[m[K
[01m[K/home/lx/ros2/ros/mid-70_ws/src/FAST_LIO/src/preprocess.h:158:49:[m[K [01;31m[Kerror: [m[Kexpected unqualified-id before ‘[01m[K::[m[K’ token
  158 |   void avia_handler(const livox_ros_driver2::msg[01;31m[K::[m[KCustomMsg::UniquePtr &msg);
      |                                                 [01;31m[K^~[m[K
[01m[K/home/lx/ros2/ros/mid-70_ws/src/FAST_LIO/src/preprocess.h:158:49:[m[K [01;31m[Kerror: [m[Kexpected ‘[01m[K)[m[K’ before ‘[01m[K::[m[K’ token
  158 |   void avia_handler[34m[K([m[Kconst livox_ros_driver2::msg[01;31m[K:[m[K[32m[K:[m[KCustomMsg::UniquePtr &msg);
      |                    [34m[K~[m[K                            [01;31m[K^[m[K[32m[K~[m[K
      |                                                 [32m[K)[m[K
[01m[K/home/lx/ros2/ros/mid-70_ws/src/FAST_LIO/src/preprocess.h:158:46:[m[K [01;31m[Kerror: [m[Kexpected ‘[01m[K;[m[K’ at end of member declaration
  158 |   void avia_handler(const livox_ros_driver2::[01;31m[Kmsg[m[K::CustomMsg::UniquePtr &msg);
      |                                              [01;31m[K^~~[m[K
      |                                                 [32m[K;[m[K
[01m[K/home/lx/ros2/ros/mid-70_ws/src/FAST_LIO/src/preprocess.h:158:51:[m[K [01;31m[Kerror: [m[K‘[01m[KCustomMsg[m[K’ in namespace ‘[01m[K::[m[K’ does not name a type
  158 |   void avia_handler(const livox_ros_driver2::msg::[01;31m[KCustomMsg[m[K::UniquePtr &msg);
      |                                                   [01;31m[K^~~~~~~~~[m[K
[01m[K/home/lx/ros2/ros/mid-70_ws/src/FAST_LIO/src/laserMapping.cpp:311:26:[m[K [01;31m[Kerror: [m[K‘[01m[Klivox_ros_driver2[m[K’ does not name a type
  311 | void livox_pcl_cbk(const [01;31m[Klivox_ros_driver2[m[K::msg::CustomMsg::UniquePtr msg)
      |                          [01;31m[K^~~~~~~~~~~~~~~~~[m[K
[01m[K/home/lx/ros2/ros/mid-70_ws/src/FAST_LIO/src/laserMapping.cpp:311:48:[m[K [01;31m[Kerror: [m[Kexpected unqualified-id before ‘[01m[K::[m[K’ token
  311 | void livox_pcl_cbk(const livox_ros_driver2::msg[01;31m[K::[m[KCustomMsg::UniquePtr msg)
      |                                                [01;31m[K^~[m[K
[01m[K/home/lx/ros2/ros/mid-70_ws/src/FAST_LIO/src/laserMapping.cpp:311:48:[m[K [01;31m[Kerror: [m[Kexpected ‘[01m[K)[m[K’ before ‘[01m[K::[m[K’ token
  311 | void livox_pcl_cbk[34m[K([m[Kconst livox_ros_driver2::msg[01;31m[K:[m[K[32m[K:[m[KCustomMsg::UniquePtr msg)
      |                   [34m[K~[m[K                            [01;31m[K^[m[K[32m[K~[m[K
      |                                                [32m[K)[m[K
[01m[K/home/lx/ros2/ros/mid-70_ws/src/FAST_LIO/src/laserMapping.cpp:311:48:[m[K [01;31m[Kerror: [m[Kexpected initializer before ‘[01m[K::[m[K’ token
  311 | void livox_pcl_cbk(const livox_ros_driver2::msg[01;31m[K::[m[KCustomMsg::UniquePtr msg)
      |                                                [01;31m[K^~[m[K
[01m[K/home/lx/ros2/ros/mid-70_ws/src/FAST_LIO/src/laserMapping.cpp:1139:26:[m[K [01;31m[Kerror: [m[K‘[01m[Klivox_ros_driver2[m[K’ was not declared in this scope
 1139 |     rclcpp::Subscription<[01;31m[Klivox_ros_driver2[m[K::msg::CustomMsg>::SharedPtr sub_pcl_livox_;
      |                          [01;31m[K^~~~~~~~~~~~~~~~~[m[K
[01m[K/home/lx/ros2/ros/mid-70_ws/src/FAST_LIO/src/laserMapping.cpp:1139:59:[m[K [01;31m[Kerror: [m[Ktemplate argument 1 is invalid
 1139 |     rclcpp::Subscription<livox_ros_driver2::msg::CustomMsg[01;31m[K>[m[K::SharedPtr sub_pcl_livox_;
      |                                                           [01;31m[K^[m[K
[01m[K/home/lx/ros2/ros/mid-70_ws/src/FAST_LIO/src/laserMapping.cpp:1139:59:[m[K [01;31m[Kerror: [m[Ktemplate argument 3 is invalid
[01m[K/home/lx/ros2/ros/mid-70_ws/src/FAST_LIO/src/laserMapping.cpp:1139:59:[m[K [01;31m[Kerror: [m[Ktemplate argument 4 is invalid
[01m[K/home/lx/ros2/ros/mid-70_ws/src/FAST_LIO/src/laserMapping.cpp:1139:59:[m[K [01;31m[Kerror: [m[Ktemplate argument 5 is invalid
[01m[K/home/lx/ros2/ros/mid-70_ws/src/FAST_LIO/src/laserMapping.cpp:1139:62:[m[K [01;31m[Kerror: [m[Kexpected ‘[01m[K;[m[K’ at end of member declaration
 1139 |     rclcpp::Subscription<livox_ros_driver2::msg::CustomMsg>::[01;31m[KSharedPtr[m[K sub_pcl_livox_;
      |                                                              [01;31m[K^~~~~~~~~[m[K
      |                                                                       [32m[K;[m[K
[01m[K/home/lx/ros2/ros/mid-70_ws/src/FAST_LIO/src/laserMapping.cpp:1139:72:[m[K [01;31m[Kerror: [m[K‘[01m[Ksub_pcl_livox_[m[K’ does not name a type
 1139 | cpp::Subscription<livox_ros_driver2::msg::CustomMsg>::SharedPtr [01;31m[Ksub_pcl_livox_[m[K;
      |                                                                 [01;31m[K^~~~~~~~~~~~~~[m[K

[01m[K/home/lx/ros2/ros/mid-70_ws/src/FAST_LIO/src/laserMapping.cpp:[m[K In constructor ‘[01m[KLaserMappingNode::LaserMappingNode(const rclcpp::NodeOptions&)[m[K’:
[01m[K/home/lx/ros2/ros/mid-70_ws/src/FAST_LIO/src/laserMapping.cpp:922:13:[m[K [01;31m[Kerror: [m[K‘[01m[Ksub_pcl_livox_[m[K’ was not declared in this scope; did you mean ‘[01m[Ksub_pcl_pc_[m[K’?
  922 |             [01;31m[Ksub_pcl_livox_[m[K = this->create_subscription<livox_ros_driver2::msg::CustomMsg>(lid_topic, 20, livox_pcl_cbk);
      |             [01;31m[K^~~~~~~~~~~~~~[m[K
      |             [32m[Ksub_pcl_pc_[m[K
[01m[K/home/lx/ros2/ros/mid-70_ws/src/FAST_LIO/src/laserMapping.cpp:922:56:[m[K [01;31m[Kerror: [m[K‘[01m[Klivox_ros_driver2[m[K’ was not declared in this scope
  922 |             sub_pcl_livox_ = this->create_subscription<[01;31m[Klivox_ros_driver2[m[K::msg::CustomMsg>(lid_topic, 20, livox_pcl_cbk);
      |                                                        [01;31m[K^~~~~~~~~~~~~~~~~[m[K
[01m[K/home/lx/ros2/ros/mid-70_ws/src/FAST_LIO/src/laserMapping.cpp:922:36:[m[K [01;31m[Kerror: [m[Kparse error in template argument list
  922 |             sub_pcl_livox_ = this->[01;31m[Kcreate_subscription<livox_ros_driver2::msg::CustomMsg>[m[K(lid_topic, 20, livox_pcl_cbk);
      |                                    [01;31m[K^~~~~~~~~~~~~~~~~~~~~~~~~~~~~~~~~~~~~~~~~~~~~~~~~~~~~~[m[K
[01m[K/home/lx/ros2/ros/mid-70_ws/src/FAST_LIO/src/laserMapping.cpp:922:106:[m[K [01;31m[Kerror: [m[K‘[01m[Klivox_pcl_cbk[m[K’ was not declared in this scope
  922 | _subscription<livox_ros_driver2::msg::CustomMsg>(lid_topic, 20, [01;31m[Klivox_pcl_cbk[m[K);
      |                                                                 [01;31m[K^~~~~~~~~~~~~[m[K

gmake[2]: *** [CMakeFiles/fastlio_mapping.dir/build.make:76：CMakeFiles/fastlio_mapping.dir/src/laserMapping.cpp.o] 错误 1
gmake[1]: *** [CMakeFiles/Makefile2:593：CMakeFiles/fastlio_mapping.dir/all] 错误 2
gmake: *** [Makefile:146：all] 错误 2
