[0.059s] Invoking command in '/home/lx/ros2/ros/mid-70_ws/build/fast_lio': CMAKE_PREFIX_PATH=${CMAKE_PREFIX_PATH}:/opt/ros/humble /usr/bin/cmake --build /home/lx/ros2/ros/mid-70_ws/build/fast_lio -- -j12 -l12
[0.102s] [  2%] Built target fast_lio__cpp
[0.104s] [ 11%] Built target fast_lio__rosidl_generator_c
[0.118s] [ 11%] Built target ament_cmake_python_symlink_fast_lio
[0.128s] [ 28%] Built target fast_lio__rosidl_typesupport_fastrtps_c
[0.128s] [ 28%] Built target fast_lio__rosidl_typesupport_introspection_cpp
[0.128s] [ 37%] Built target fast_lio__rosidl_typesupport_fastrtps_cpp
[0.132s] [ 45%] Built target fast_lio__rosidl_typesupport_c
[0.132s] [ 54%] Built target fast_lio__rosidl_typesupport_cpp
[0.136s] [ 62%] Built target fast_lio__rosidl_typesupport_introspection_c
[0.145s] [35m[1mConsolidate compiler generated dependencies of target fastlio_mapping[0m
[0.153s] [ 62%] Built target fast_lio
[0.174s] [ 65%] Built target fast_lio__py
[0.193s] [ 68%] [32mBuilding CXX object CMakeFiles/fastlio_mapping.dir/src/preprocess.cpp.o[0m
[0.193s] [ 71%] [32mBuilding CXX object CMakeFiles/fastlio_mapping.dir/src/laserMapping.cpp.o[0m
[0.198s] [ 77%] Built target fast_lio__rosidl_generator_py
[0.221s] [ 82%] Built target fast_lio__rosidl_typesupport_introspection_c__pyext
[0.222s] [ 88%] Built target fast_lio__rosidl_typesupport_fastrtps_c__pyext
[0.231s] [ 94%] Built target fast_lio__rosidl_typesupport_c__pyext
[0.363s] running egg_info
[0.363s] writing fast_lio.egg-info/PKG-INFO
[0.363s] writing dependency_links to fast_lio.egg-info/dependency_links.txt
[0.363s] writing top-level names to fast_lio.egg-info/top_level.txt
[0.365s] reading manifest file 'fast_lio.egg-info/SOURCES.txt'
[0.366s] writing manifest file 'fast_lio.egg-info/SOURCES.txt'
[0.396s] [ 94%] Built target ament_cmake_python_build_fast_lio_egg
[4.311s] In file included from [01m[K/home/lx/ros2/ros/mid-70_ws/src/FAST_LIO/src/preprocess.cpp:1[m[K:
[4.311s] [01m[K/home/lx/ros2/ros/mid-70_ws/src/FAST_LIO/src/preprocess.h:143:22:[m[K [01;31m[Kerror: [m[K‘[01m[Klivox_ros_driver2[m[K’ does not name a type
[4.311s]   143 |   void process(const [01;31m[Klivox_ros_driver2[m[K::msg::CustomMsg::UniquePtr &msg, PointCloudXYZI::Ptr &pcl_out);
[4.311s]       |                      [01;31m[K^~~~~~~~~~~~~~~~~[m[K
[4.312s] [01m[K/home/lx/ros2/ros/mid-70_ws/src/FAST_LIO/src/preprocess.h:143:44:[m[K [01;31m[Kerror: [m[Kexpected unqualified-id before ‘[01m[K::[m[K’ token
[4.312s]   143 |   void process(const livox_ros_driver2::msg[01;31m[K::[m[KCustomMsg::UniquePtr &msg, PointCloudXYZI::Ptr &pcl_out);
[4.312s]       |                                            [01;31m[K^~[m[K
[4.312s] [01m[K/home/lx/ros2/ros/mid-70_ws/src/FAST_LIO/src/preprocess.h:143:44:[m[K [01;31m[Kerror: [m[Kexpected ‘[01m[K)[m[K’ before ‘[01m[K::[m[K’ token
[4.312s]   143 |   void process[34m[K([m[Kconst livox_ros_driver2::msg[01;31m[K:[m[K[32m[K:[m[KCustomMsg::UniquePtr &msg, PointCloudXYZI::Ptr &pcl_out);
[4.312s]       |               [34m[K~[m[K                            [01;31m[K^[m[K[32m[K~[m[K
[4.312s]       |                                            [32m[K)[m[K
[4.312s] [01m[K/home/lx/ros2/ros/mid-70_ws/src/FAST_LIO/src/preprocess.h:143:41:[m[K [01;31m[Kerror: [m[Kexpected ‘[01m[K;[m[K’ at end of member declaration
[4.312s]   143 |   void process(const livox_ros_driver2::[01;31m[Kmsg[m[K::CustomMsg::UniquePtr &msg, PointCloudXYZI::Ptr &pcl_out);
[4.312s]       |                                         [01;31m[K^~~[m[K
[4.312s]       |                                            [32m[K;[m[K
[4.313s] [01m[K/home/lx/ros2/ros/mid-70_ws/src/FAST_LIO/src/preprocess.h:143:46:[m[K [01;31m[Kerror: [m[K‘[01m[KCustomMsg[m[K’ in namespace ‘[01m[K::[m[K’ does not name a type
[4.314s]   143 |   void process(const livox_ros_driver2::msg::[01;31m[KCustomMsg[m[K::UniquePtr &msg, PointCloudXYZI::Ptr &pcl_out);
[4.314s]       |                                              [01;31m[K^~~~~~~~~[m[K
[4.329s] [01m[K/home/lx/ros2/ros/mid-70_ws/src/FAST_LIO/src/preprocess.h:158:27:[m[K [01;31m[Kerror: [m[K‘[01m[Klivox_ros_driver2[m[K’ does not name a type
[4.329s]   158 |   void avia_handler(const [01;31m[Klivox_ros_driver2[m[K::msg::CustomMsg::UniquePtr &msg);
[4.329s]       |                           [01;31m[K^~~~~~~~~~~~~~~~~[m[K
[4.329s] [01m[K/home/lx/ros2/ros/mid-70_ws/src/FAST_LIO/src/preprocess.h:158:49:[m[K [01;31m[Kerror: [m[Kexpected unqualified-id before ‘[01m[K::[m[K’ token
[4.329s]   158 |   void avia_handler(const livox_ros_driver2::msg[01;31m[K::[m[KCustomMsg::UniquePtr &msg);
[4.329s]       |                                                 [01;31m[K^~[m[K
[4.329s] [01m[K/home/lx/ros2/ros/mid-70_ws/src/FAST_LIO/src/preprocess.h:158:49:[m[K [01;31m[Kerror: [m[Kexpected ‘[01m[K)[m[K’ before ‘[01m[K::[m[K’ token
[4.329s]   158 |   void avia_handler[34m[K([m[Kconst livox_ros_driver2::msg[01;31m[K:[m[K[32m[K:[m[KCustomMsg::UniquePtr &msg);
[4.329s]       |                    [34m[K~[m[K                            [01;31m[K^[m[K[32m[K~[m[K
[4.329s]       |                                                 [32m[K)[m[K
[4.330s] [01m[K/home/lx/ros2/ros/mid-70_ws/src/FAST_LIO/src/preprocess.h:158:46:[m[K [01;31m[Kerror: [m[Kexpected ‘[01m[K;[m[K’ at end of member declaration
[4.330s]   158 |   void avia_handler(const livox_ros_driver2::[01;31m[Kmsg[m[K::CustomMsg::UniquePtr &msg);
[4.330s]       |                                              [01;31m[K^~~[m[K
[4.330s]       |                                                 [32m[K;[m[K
[4.331s] [01m[K/home/lx/ros2/ros/mid-70_ws/src/FAST_LIO/src/preprocess.h:158:51:[m[K [01;31m[Kerror: [m[K‘[01m[KCustomMsg[m[K’ in namespace ‘[01m[K::[m[K’ does not name a type
[4.331s]   158 |   void avia_handler(const livox_ros_driver2::msg::[01;31m[KCustomMsg[m[K::UniquePtr &msg);
[4.331s]       |                                                   [01;31m[K^~~~~~~~~[m[K
[4.366s] [01m[K/home/lx/ros2/ros/mid-70_ws/src/FAST_LIO/src/preprocess.cpp:47:32:[m[K [01;31m[Kerror: [m[K‘[01m[Klivox_ros_driver2[m[K’ does not name a type
[4.366s]    47 | void Preprocess::process(const [01;31m[Klivox_ros_driver2[m[K::msg::CustomMsg::UniquePtr &msg, PointCloudXYZI::Ptr& pcl_out)
[4.366s]       |                                [01;31m[K^~~~~~~~~~~~~~~~~[m[K
[4.367s] [01m[K/home/lx/ros2/ros/mid-70_ws/src/FAST_LIO/src/preprocess.cpp:47:54:[m[K [01;31m[Kerror: [m[Kexpected unqualified-id before ‘[01m[K::[m[K’ token
[4.367s]    47 | void Preprocess::process(const livox_ros_driver2::msg[01;31m[K::[m[KCustomMsg::UniquePtr &msg, PointCloudXYZI::Ptr& pcl_out)
[4.367s]       |                                                      [01;31m[K^~[m[K
[4.367s] [01m[K/home/lx/ros2/ros/mid-70_ws/src/FAST_LIO/src/preprocess.cpp:47:54:[m[K [01;31m[Kerror: [m[Kexpected ‘[01m[K)[m[K’ before ‘[01m[K::[m[K’ token
[4.367s]    47 | void Preprocess::process[34m[K([m[Kconst livox_ros_driver2::msg[01;31m[K:[m[K[32m[K:[m[KCustomMsg::UniquePtr &msg, PointCloudXYZI::Ptr& pcl_out)
[4.367s]       |                         [34m[K~[m[K                            [01;31m[K^[m[K[32m[K~[m[K
[4.367s]       |                                                      [32m[K)[m[K
[4.367s] [01m[K/home/lx/ros2/ros/mid-70_ws/src/FAST_LIO/src/preprocess.cpp:47:54:[m[K [01;31m[Kerror: [m[Kexpected initializer before ‘[01m[K::[m[K’ token
[4.367s]    47 | void Preprocess::process(const livox_ros_driver2::msg[01;31m[K::[m[KCustomMsg::UniquePtr &msg, PointCloudXYZI::Ptr& pcl_out)
[4.367s]       |                                                      [01;31m[K^~[m[K
[4.378s] [01m[K/home/lx/ros2/ros/mid-70_ws/src/FAST_LIO/src/preprocess.cpp:95:37:[m[K [01;31m[Kerror: [m[K‘[01m[Klivox_ros_driver2[m[K’ does not name a type
[4.378s]    95 | void Preprocess::avia_handler(const [01;31m[Klivox_ros_driver2[m[K::msg::CustomMsg::UniquePtr &msg)
[4.378s]       |                                     [01;31m[K^~~~~~~~~~~~~~~~~[m[K
[4.378s] [01m[K/home/lx/ros2/ros/mid-70_ws/src/FAST_LIO/src/preprocess.cpp:95:59:[m[K [01;31m[Kerror: [m[Kexpected unqualified-id before ‘[01m[K::[m[K’ token
[4.378s]    95 | void Preprocess::avia_handler(const livox_ros_driver2::msg[01;31m[K::[m[KCustomMsg::UniquePtr &msg)
[4.378s]       |                                                           [01;31m[K^~[m[K
[4.379s] [01m[K/home/lx/ros2/ros/mid-70_ws/src/FAST_LIO/src/preprocess.cpp:95:59:[m[K [01;31m[Kerror: [m[Kexpected ‘[01m[K)[m[K’ before ‘[01m[K::[m[K’ token
[4.379s]    95 | void Preprocess::avia_handler[34m[K([m[Kconst livox_ros_driver2::msg[01;31m[K:[m[K[32m[K:[m[KCustomMsg::UniquePtr &msg)
[4.379s]       |                              [34m[K~[m[K                            [01;31m[K^[m[K[32m[K~[m[K
[4.379s]       |                                                           [32m[K)[m[K
[4.379s] [01m[K/home/lx/ros2/ros/mid-70_ws/src/FAST_LIO/src/preprocess.cpp:95:59:[m[K [01;31m[Kerror: [m[Kexpected initializer before ‘[01m[K::[m[K’ token
[4.379s]    95 | void Preprocess::avia_handler(const livox_ros_driver2::msg[01;31m[K::[m[KCustomMsg::UniquePtr &msg)
[4.379s]       |                                                           [01;31m[K^~[m[K
[5.226s] In file included from [01m[K/usr/include/boost/smart_ptr/detail/sp_thread_sleep.hpp:22[m[K,
[5.226s]                  from [01m[K/usr/include/boost/smart_ptr/detail/yield_k.hpp:23[m[K,
[5.226s]                  from [01m[K/usr/include/boost/smart_ptr/detail/spinlock_gcc_atomic.hpp:14[m[K,
[5.226s]                  from [01m[K/usr/include/boost/smart_ptr/detail/spinlock.hpp:42[m[K,
[5.226s]                  from [01m[K/usr/include/boost/smart_ptr/detail/spinlock_pool.hpp:25[m[K,
[5.227s]                  from [01m[K/usr/include/boost/smart_ptr/shared_ptr.hpp:29[m[K,
[5.227s]                  from [01m[K/usr/include/boost/shared_ptr.hpp:17[m[K,
[5.227s]                  from [01m[K/usr/include/boost/date_time/microsec_time_clock.hpp:18[m[K,
[5.227s]                  from [01m[K/usr/include/boost/interprocess/detail/posix_time_types_wrk.hpp:31[m[K,
[5.227s]                  from [01m[K/usr/include/boost/interprocess/detail/os_thread_functions.hpp:36[m[K,
[5.227s]                  from [01m[K/usr/include/boost/interprocess/sync/file_lock.hpp:26[m[K,
[5.227s]                  from [01m[K/usr/include/pcl-1.12/pcl/io/pcd_io.h:46[m[K,
[5.227s]                  from [01m[K/opt/ros/humble/include/pcl_conversions/pcl_conversions.h:72[m[K,
[5.227s]                  from [01m[K/home/lx/ros2/ros/mid-70_ws/src/FAST_LIO/src/IMU_Processing.hpp:18[m[K,
[5.227s]                  from [01m[K/home/lx/ros2/ros/mid-70_ws/src/FAST_LIO/src/laserMapping.cpp:47[m[K:
[5.227s] [01m[K/usr/include/boost/bind.hpp:36:1:[m[K [01;36m[Knote: [m[K‘[01m[K#pragma message: The practice of declaring the Bind placeholders (_1, _2, ...) in the global namespace is deprecated. Please use <boost/bind/bind.hpp> + using namespace boost::placeholders, or define BOOST_BIND_GLOBAL_PLACEHOLDERS to retain the current behavior.[m[K’
[5.227s]    36 | [01;36m[KBOOST_PRAGMA_MESSAGE[m[K(
[5.227s]       | [01;36m[K^~~~~~~~~~~~~~~~~~~~[m[K
[5.315s] gmake[2]: *** [CMakeFiles/fastlio_mapping.dir/build.make:104：CMakeFiles/fastlio_mapping.dir/src/preprocess.cpp.o] 错误 1
[5.315s] gmake[2]: *** 正在等待未完成的任务....
[6.256s] In file included from [01m[K/home/lx/ros2/ros/mid-70_ws/src/FAST_LIO/src/laserMapping.cpp:63[m[K:
[6.256s] [01m[K/home/lx/ros2/ros/mid-70_ws/src/FAST_LIO/src/preprocess.h:143:22:[m[K [01;31m[Kerror: [m[K‘[01m[Klivox_ros_driver2[m[K’ does not name a type
[6.256s]   143 |   void process(const [01;31m[Klivox_ros_driver2[m[K::msg::CustomMsg::UniquePtr &msg, PointCloudXYZI::Ptr &pcl_out);
[6.256s]       |                      [01;31m[K^~~~~~~~~~~~~~~~~[m[K
[6.256s] [01m[K/home/lx/ros2/ros/mid-70_ws/src/FAST_LIO/src/preprocess.h:143:44:[m[K [01;31m[Kerror: [m[Kexpected unqualified-id before ‘[01m[K::[m[K’ token
[6.256s]   143 |   void process(const livox_ros_driver2::msg[01;31m[K::[m[KCustomMsg::UniquePtr &msg, PointCloudXYZI::Ptr &pcl_out);
[6.256s]       |                                            [01;31m[K^~[m[K
[6.256s] [01m[K/home/lx/ros2/ros/mid-70_ws/src/FAST_LIO/src/preprocess.h:143:44:[m[K [01;31m[Kerror: [m[Kexpected ‘[01m[K)[m[K’ before ‘[01m[K::[m[K’ token
[6.256s]   143 |   void process[34m[K([m[Kconst livox_ros_driver2::msg[01;31m[K:[m[K[32m[K:[m[KCustomMsg::UniquePtr &msg, PointCloudXYZI::Ptr &pcl_out);
[6.256s]       |               [34m[K~[m[K                            [01;31m[K^[m[K[32m[K~[m[K
[6.256s]       |                                            [32m[K)[m[K
[6.257s] [01m[K/home/lx/ros2/ros/mid-70_ws/src/FAST_LIO/src/preprocess.h:143:41:[m[K [01;31m[Kerror: [m[Kexpected ‘[01m[K;[m[K’ at end of member declaration
[6.257s]   143 |   void process(const livox_ros_driver2::[01;31m[Kmsg[m[K::CustomMsg::UniquePtr &msg, PointCloudXYZI::Ptr &pcl_out);
[6.257s]       |                                         [01;31m[K^~~[m[K
[6.257s]       |                                            [32m[K;[m[K
[6.259s] [01m[K/home/lx/ros2/ros/mid-70_ws/src/FAST_LIO/src/preprocess.h:143:46:[m[K [01;31m[Kerror: [m[K‘[01m[KCustomMsg[m[K’ in namespace ‘[01m[K::[m[K’ does not name a type
[6.259s]   143 |   void process(const livox_ros_driver2::msg::[01;31m[KCustomMsg[m[K::UniquePtr &msg, PointCloudXYZI::Ptr &pcl_out);
[6.259s]       |                                              [01;31m[K^~~~~~~~~[m[K
[6.274s] [01m[K/home/lx/ros2/ros/mid-70_ws/src/FAST_LIO/src/preprocess.h:158:27:[m[K [01;31m[Kerror: [m[K‘[01m[Klivox_ros_driver2[m[K’ does not name a type
[6.274s]   158 |   void avia_handler(const [01;31m[Klivox_ros_driver2[m[K::msg::CustomMsg::UniquePtr &msg);
[6.274s]       |                           [01;31m[K^~~~~~~~~~~~~~~~~[m[K
[6.274s] [01m[K/home/lx/ros2/ros/mid-70_ws/src/FAST_LIO/src/preprocess.h:158:49:[m[K [01;31m[Kerror: [m[Kexpected unqualified-id before ‘[01m[K::[m[K’ token
[6.275s]   158 |   void avia_handler(const livox_ros_driver2::msg[01;31m[K::[m[KCustomMsg::UniquePtr &msg);
[6.275s]       |                                                 [01;31m[K^~[m[K
[6.275s] [01m[K/home/lx/ros2/ros/mid-70_ws/src/FAST_LIO/src/preprocess.h:158:49:[m[K [01;31m[Kerror: [m[Kexpected ‘[01m[K)[m[K’ before ‘[01m[K::[m[K’ token
[6.275s]   158 |   void avia_handler[34m[K([m[Kconst livox_ros_driver2::msg[01;31m[K:[m[K[32m[K:[m[KCustomMsg::UniquePtr &msg);
[6.275s]       |                    [34m[K~[m[K                            [01;31m[K^[m[K[32m[K~[m[K
[6.275s]       |                                                 [32m[K)[m[K
[6.275s] [01m[K/home/lx/ros2/ros/mid-70_ws/src/FAST_LIO/src/preprocess.h:158:46:[m[K [01;31m[Kerror: [m[Kexpected ‘[01m[K;[m[K’ at end of member declaration
[6.275s]   158 |   void avia_handler(const livox_ros_driver2::[01;31m[Kmsg[m[K::CustomMsg::UniquePtr &msg);
[6.275s]       |                                              [01;31m[K^~~[m[K
[6.275s]       |                                                 [32m[K;[m[K
[6.277s] [01m[K/home/lx/ros2/ros/mid-70_ws/src/FAST_LIO/src/preprocess.h:158:51:[m[K [01;31m[Kerror: [m[K‘[01m[KCustomMsg[m[K’ in namespace ‘[01m[K::[m[K’ does not name a type
[6.277s]   158 |   void avia_handler(const livox_ros_driver2::msg::[01;31m[KCustomMsg[m[K::UniquePtr &msg);
[6.278s]       |                                                   [01;31m[K^~~~~~~~~[m[K
[6.342s] [01m[K/home/lx/ros2/ros/mid-70_ws/src/FAST_LIO/src/laserMapping.cpp:311:26:[m[K [01;31m[Kerror: [m[K‘[01m[Klivox_ros_driver2[m[K’ does not name a type
[6.342s]   311 | void livox_pcl_cbk(const [01;31m[Klivox_ros_driver2[m[K::msg::CustomMsg::UniquePtr msg)
[6.342s]       |                          [01;31m[K^~~~~~~~~~~~~~~~~[m[K
[6.342s] [01m[K/home/lx/ros2/ros/mid-70_ws/src/FAST_LIO/src/laserMapping.cpp:311:48:[m[K [01;31m[Kerror: [m[Kexpected unqualified-id before ‘[01m[K::[m[K’ token
[6.342s]   311 | void livox_pcl_cbk(const livox_ros_driver2::msg[01;31m[K::[m[KCustomMsg::UniquePtr msg)
[6.342s]       |                                                [01;31m[K^~[m[K
[6.342s] [01m[K/home/lx/ros2/ros/mid-70_ws/src/FAST_LIO/src/laserMapping.cpp:311:48:[m[K [01;31m[Kerror: [m[Kexpected ‘[01m[K)[m[K’ before ‘[01m[K::[m[K’ token
[6.342s]   311 | void livox_pcl_cbk[34m[K([m[Kconst livox_ros_driver2::msg[01;31m[K:[m[K[32m[K:[m[KCustomMsg::UniquePtr msg)
[6.342s]       |                   [34m[K~[m[K                            [01;31m[K^[m[K[32m[K~[m[K
[6.342s]       |                                                [32m[K)[m[K
[6.342s] [01m[K/home/lx/ros2/ros/mid-70_ws/src/FAST_LIO/src/laserMapping.cpp:311:48:[m[K [01;31m[Kerror: [m[Kexpected initializer before ‘[01m[K::[m[K’ token
[6.342s]   311 | void livox_pcl_cbk(const livox_ros_driver2::msg[01;31m[K::[m[KCustomMsg::UniquePtr msg)
[6.343s]       |                                                [01;31m[K^~[m[K
[6.503s] [01m[K/home/lx/ros2/ros/mid-70_ws/src/FAST_LIO/src/laserMapping.cpp:1139:26:[m[K [01;31m[Kerror: [m[K‘[01m[Klivox_ros_driver2[m[K’ was not declared in this scope
[6.503s]  1139 |     rclcpp::Subscription<[01;31m[Klivox_ros_driver2[m[K::msg::CustomMsg>::SharedPtr sub_pcl_livox_;
[6.503s]       |                          [01;31m[K^~~~~~~~~~~~~~~~~[m[K
[6.503s] [01m[K/home/lx/ros2/ros/mid-70_ws/src/FAST_LIO/src/laserMapping.cpp:1139:59:[m[K [01;31m[Kerror: [m[Ktemplate argument 1 is invalid
[6.503s]  1139 |     rclcpp::Subscription<livox_ros_driver2::msg::CustomMsg[01;31m[K>[m[K::SharedPtr sub_pcl_livox_;
[6.503s]       |                                                           [01;31m[K^[m[K
[6.503s] [01m[K/home/lx/ros2/ros/mid-70_ws/src/FAST_LIO/src/laserMapping.cpp:1139:59:[m[K [01;31m[Kerror: [m[Ktemplate argument 3 is invalid
[6.504s] [01m[K/home/lx/ros2/ros/mid-70_ws/src/FAST_LIO/src/laserMapping.cpp:1139:59:[m[K [01;31m[Kerror: [m[Ktemplate argument 4 is invalid
[6.504s] [01m[K/home/lx/ros2/ros/mid-70_ws/src/FAST_LIO/src/laserMapping.cpp:1139:59:[m[K [01;31m[Kerror: [m[Ktemplate argument 5 is invalid
[6.504s] [01m[K/home/lx/ros2/ros/mid-70_ws/src/FAST_LIO/src/laserMapping.cpp:1139:62:[m[K [01;31m[Kerror: [m[Kexpected ‘[01m[K;[m[K’ at end of member declaration
[6.504s]  1139 |     rclcpp::Subscription<livox_ros_driver2::msg::CustomMsg>::[01;31m[KSharedPtr[m[K sub_pcl_livox_;
[6.504s]       |                                                              [01;31m[K^~~~~~~~~[m[K
[6.504s]       |                                                                       [32m[K;[m[K
[6.511s] [01m[K/home/lx/ros2/ros/mid-70_ws/src/FAST_LIO/src/laserMapping.cpp:1139:72:[m[K [01;31m[Kerror: [m[K‘[01m[Ksub_pcl_livox_[m[K’ does not name a type
[6.512s]  1139 | cpp::Subscription<livox_ros_driver2::msg::CustomMsg>::SharedPtr [01;31m[Ksub_pcl_livox_[m[K;
[6.512s]       |                                                                 [01;31m[K^~~~~~~~~~~~~~[m[K
[6.512s] 
[6.552s] [01m[K/home/lx/ros2/ros/mid-70_ws/src/FAST_LIO/src/laserMapping.cpp:[m[K In constructor ‘[01m[KLaserMappingNode::LaserMappingNode(const rclcpp::NodeOptions&)[m[K’:
[6.552s] [01m[K/home/lx/ros2/ros/mid-70_ws/src/FAST_LIO/src/laserMapping.cpp:922:13:[m[K [01;31m[Kerror: [m[K‘[01m[Ksub_pcl_livox_[m[K’ was not declared in this scope; did you mean ‘[01m[Ksub_pcl_pc_[m[K’?
[6.552s]   922 |             [01;31m[Ksub_pcl_livox_[m[K = this->create_subscription<livox_ros_driver2::msg::CustomMsg>(lid_topic, 20, livox_pcl_cbk);
[6.552s]       |             [01;31m[K^~~~~~~~~~~~~~[m[K
[6.552s]       |             [32m[Ksub_pcl_pc_[m[K
[6.571s] [01m[K/home/lx/ros2/ros/mid-70_ws/src/FAST_LIO/src/laserMapping.cpp:922:56:[m[K [01;31m[Kerror: [m[K‘[01m[Klivox_ros_driver2[m[K’ was not declared in this scope
[6.571s]   922 |             sub_pcl_livox_ = this->create_subscription<[01;31m[Klivox_ros_driver2[m[K::msg::CustomMsg>(lid_topic, 20, livox_pcl_cbk);
[6.571s]       |                                                        [01;31m[K^~~~~~~~~~~~~~~~~[m[K
[6.571s] [01m[K/home/lx/ros2/ros/mid-70_ws/src/FAST_LIO/src/laserMapping.cpp:922:36:[m[K [01;31m[Kerror: [m[Kparse error in template argument list
[6.571s]   922 |             sub_pcl_livox_ = this->[01;31m[Kcreate_subscription<livox_ros_driver2::msg::CustomMsg>[m[K(lid_topic, 20, livox_pcl_cbk);
[6.571s]       |                                    [01;31m[K^~~~~~~~~~~~~~~~~~~~~~~~~~~~~~~~~~~~~~~~~~~~~~~~~~~~~~[m[K
[6.586s] [01m[K/home/lx/ros2/ros/mid-70_ws/src/FAST_LIO/src/laserMapping.cpp:922:106:[m[K [01;31m[Kerror: [m[K‘[01m[Klivox_pcl_cbk[m[K’ was not declared in this scope
[6.586s]   922 | _subscription<livox_ros_driver2::msg::CustomMsg>(lid_topic, 20, [01;31m[Klivox_pcl_cbk[m[K);
[6.586s]       |                                                                 [01;31m[K^~~~~~~~~~~~~[m[K
[6.586s] 
[29.880s] gmake[2]: *** [CMakeFiles/fastlio_mapping.dir/build.make:76：CMakeFiles/fastlio_mapping.dir/src/laserMapping.cpp.o] 错误 1
[29.880s] gmake[1]: *** [CMakeFiles/Makefile2:593：CMakeFiles/fastlio_mapping.dir/all] 错误 2
[29.880s] gmake: *** [Makefile:146：all] 错误 2
[29.882s] Invoked command in '/home/lx/ros2/ros/mid-70_ws/build/fast_lio' returned '2': CMAKE_PREFIX_PATH=${CMAKE_PREFIX_PATH}:/opt/ros/humble /usr/bin/cmake --build /home/lx/ros2/ros/mid-70_ws/build/fast_lio -- -j12 -l12
