[0.143s] Invoking command in '/home/lx/ros2/ros/xiao_ying/build/pointcloud_to_laserscan': CMAKE_PREFIX_PATH=/opt/ros/humble /usr/bin/cmake /home/lx/ros2/ros/xiao_ying/src/pointcloud_to_laserscan -DROS_EDITION=ROS2 -DHUMBLE_ROS=humble -DCMAKE_INSTALL_PREFIX=/home/lx/ros2/ros/xiao_ying/install/pointcloud_to_laserscan
[0.190s] -- The C compiler identification is GNU 11.4.0
[0.251s] -- The CXX compiler identification is GNU 11.4.0
[0.258s] -- Detecting C compiler ABI info
[0.322s] -- Detecting C compiler ABI info - done
[0.333s] -- Check for working C compiler: /usr/bin/cc - skipped
[0.334s] -- Detecting C compile features
[0.334s] -- Detecting C compile features - done
[0.338s] -- Detecting CXX compiler ABI info
[0.418s] -- Detecting CXX compiler ABI info - done
[0.427s] -- Check for working CXX compiler: /usr/bin/c++ - skipped
[0.427s] -- Detecting CXX compile features
[0.427s] -- Detecting CXX compile features - done
[0.428s] -- Found ament_cmake_auto: 1.3.5 (/opt/ros/humble/share/ament_cmake_auto/cmake)
[0.628s] -- Found Python3: /usr/bin/python3.10 (found version "3.10.12") found components: Interpreter 
[0.830s] -- Found rosidl_generator_c: 3.1.5 (/opt/ros/humble/share/rosidl_generator_c/cmake)
[0.834s] -- Found rosidl_adapter: 3.1.5 (/opt/ros/humble/share/rosidl_adapter/cmake)
[0.841s] -- Found rosidl_generator_cpp: 3.1.5 (/opt/ros/humble/share/rosidl_generator_cpp/cmake)
[0.854s] -- Using all available rosidl_typesupport_c: rosidl_typesupport_fastrtps_c;rosidl_typesupport_introspection_c
[0.872s] -- Using all available rosidl_typesupport_cpp: rosidl_typesupport_fastrtps_cpp;rosidl_typesupport_introspection_cpp
[0.932s] -- Found rmw_implementation_cmake: 6.1.1 (/opt/ros/humble/share/rmw_implementation_cmake/cmake)
[0.934s] -- Found rmw_fastrtps_cpp: 6.2.4 (/opt/ros/humble/share/rmw_fastrtps_cpp/cmake)
[1.019s] -- Found OpenSSL: /usr/lib/x86_64-linux-gnu/libcrypto.so (found version "3.0.2")  
[1.048s] -- Found FastRTPS: /opt/ros/humble/include  
[1.104s] -- Using RMW implementation 'rmw_fastrtps_cpp' as default
[1.111s] -- Looking for pthread.h
[1.168s] -- Looking for pthread.h - found
[1.168s] -- Performing Test CMAKE_HAVE_LIBC_PTHREAD
[1.232s] -- Performing Test CMAKE_HAVE_LIBC_PTHREAD - Success
[1.232s] -- Found Threads: TRUE  
[2.017s] -- Found ament_lint_auto: 0.12.8 (/opt/ros/humble/share/ament_lint_auto/cmake)
[2.034s] -- Added test 'cppcheck' to perform static code analysis on C / C++ code
[2.034s] -- Configured cppcheck include dirs: /home/lx/ros2/ros/xiao_ying/src/pointcloud_to_laserscan/include
[2.034s] -- Configured cppcheck exclude dirs and/or files: 
[2.037s] -- Added test 'cpplint' to check C / C++ code against the Google style
[2.037s] -- Configured cpplint exclude dirs and/or files: 
[2.037s] -- Added test 'flake8' to check Python code syntax and style conventions
[2.038s] -- Added test 'lint_cmake' to check CMake code style
[2.039s] -- Added test 'pep257' to check Python code against some of the docstring style conventions in PEP 257
[2.041s] -- Added test 'uncrustify' to check C / C++ code style
[2.041s] -- Configured uncrustify additional arguments: 
[2.042s] -- Added test 'xmllint' to check XML markup files
[2.045s] -- Configuring done
[2.090s] -- Generating done
[2.092s] [33mCMake Warning:
[2.092s]   Manually-specified variables were not used by the project:
[2.092s] 
[2.092s]     HUMBLE_ROS
[2.092s]     ROS_EDITION
[2.093s] 
[2.093s] [0m
[2.093s] -- Build files have been written to: /home/lx/ros2/ros/xiao_ying/build/pointcloud_to_laserscan
[2.107s] Invoked command in '/home/lx/ros2/ros/xiao_ying/build/pointcloud_to_laserscan' returned '0': CMAKE_PREFIX_PATH=/opt/ros/humble /usr/bin/cmake /home/lx/ros2/ros/xiao_ying/src/pointcloud_to_laserscan -DROS_EDITION=ROS2 -DHUMBLE_ROS=humble -DCMAKE_INSTALL_PREFIX=/home/lx/ros2/ros/xiao_ying/install/pointcloud_to_laserscan
[2.109s] Invoking command in '/home/lx/ros2/ros/xiao_ying/build/pointcloud_to_laserscan': CMAKE_PREFIX_PATH=/opt/ros/humble /usr/bin/cmake --build /home/lx/ros2/ros/xiao_ying/build/pointcloud_to_laserscan -- -j12 -l12
[2.144s] [ 10%] [32mBuilding CXX object CMakeFiles/laserscan_to_pointcloud_node.dir/rclcpp_components/node_main_laserscan_to_pointcloud_node.cpp.o[0m
[2.145s] [ 20%] [32mBuilding CXX object CMakeFiles/pointcloud_to_laserscan_node.dir/rclcpp_components/node_main_pointcloud_to_laserscan_node.cpp.o[0m
[2.148s] [ 30%] [32mBuilding CXX object CMakeFiles/laserscan_to_pointcloud.dir/src/laserscan_to_pointcloud_node.cpp.o[0m
[5.947s] [ 40%] [32m[1mLinking CXX executable pointcloud_to_laserscan_node[0m
[6.161s] [ 40%] Built target pointcloud_to_laserscan_node
[6.443s] [ 50%] [32m[1mLinking CXX executable laserscan_to_pointcloud_node[0m
[6.742s] [ 50%] Built target laserscan_to_pointcloud_node
[19.504s] [ 60%] [32m[1mLinking CXX shared library liblaserscan_to_pointcloud.so[0m
[20.090s] [ 60%] Built target laserscan_to_pointcloud
[20.106s] [ 70%] [32mBuilding CXX object CMakeFiles/pointcloud_to_laserscan.dir/src/pointcloud_to_laserscan_node.cpp.o[0m
[33.054s] [ 80%] [32m[1mLinking CXX shared library libpointcloud_to_laserscan.so[0m
[34.149s] [ 80%] Built target pointcloud_to_laserscan
[34.165s] [ 90%] [32mBuilding CXX object CMakeFiles/dummy_pointcloud_publisher.dir/src/dummy_pointcloud_publisher.cpp.o[0m
[38.384s] [100%] [32m[1mLinking CXX executable dummy_pointcloud_publisher[0m
[38.614s] [100%] Built target dummy_pointcloud_publisher
[38.624s] Invoked command in '/home/lx/ros2/ros/xiao_ying/build/pointcloud_to_laserscan' returned '0': CMAKE_PREFIX_PATH=/opt/ros/humble /usr/bin/cmake --build /home/lx/ros2/ros/xiao_ying/build/pointcloud_to_laserscan -- -j12 -l12
[38.649s] Invoking command in '/home/lx/ros2/ros/xiao_ying/build/pointcloud_to_laserscan': CMAKE_PREFIX_PATH=/opt/ros/humble /usr/bin/cmake --install /home/lx/ros2/ros/xiao_ying/build/pointcloud_to_laserscan
[38.655s] -- Install configuration: ""
[38.655s] -- Installing: /home/lx/ros2/ros/xiao_ying/install/pointcloud_to_laserscan/lib/pointcloud_to_laserscan/laserscan_to_pointcloud_node
[38.656s] -- Set runtime path of "/home/lx/ros2/ros/xiao_ying/install/pointcloud_to_laserscan/lib/pointcloud_to_laserscan/laserscan_to_pointcloud_node" to ""
[38.656s] -- Installing: /home/lx/ros2/ros/xiao_ying/install/pointcloud_to_laserscan/lib/pointcloud_to_laserscan/pointcloud_to_laserscan_node
[38.656s] -- Set runtime path of "/home/lx/ros2/ros/xiao_ying/install/pointcloud_to_laserscan/lib/pointcloud_to_laserscan/pointcloud_to_laserscan_node" to ""
[38.656s] -- Installing: /home/lx/ros2/ros/xiao_ying/install/pointcloud_to_laserscan/share/pointcloud_to_laserscan/config
[38.656s] -- Installing: /home/lx/ros2/ros/xiao_ying/install/pointcloud_to_laserscan/share/pointcloud_to_laserscan/config/mid_360.lua
[38.656s] -- Installing: /home/lx/ros2/ros/xiao_ying/install/pointcloud_to_laserscan/share/pointcloud_to_laserscan/launch
[38.656s] -- Installing: /home/lx/ros2/ros/xiao_ying/install/pointcloud_to_laserscan/share/pointcloud_to_laserscan/launch/sample_pointcloud_to_laserscan_launch.py
[38.657s] -- Installing: /home/lx/ros2/ros/xiao_ying/install/pointcloud_to_laserscan/share/pointcloud_to_laserscan/launch/occupancy_grid.launch.py
[38.657s] -- Installing: /home/lx/ros2/ros/xiao_ying/install/pointcloud_to_laserscan/share/pointcloud_to_laserscan/launch/sample_laserscan_to_pointcloud_launch.py
[38.657s] -- Installing: /home/lx/ros2/ros/xiao_ying/install/pointcloud_to_laserscan/share/pointcloud_to_laserscan/launch/sample_pointcloud_to_lasser_cartographer.launch.py
[38.657s] -- Installing: /home/lx/ros2/ros/xiao_ying/install/pointcloud_to_laserscan/include
[38.657s] -- Installing: /home/lx/ros2/ros/xiao_ying/install/pointcloud_to_laserscan/include/pointcloud_to_laserscan
[38.657s] -- Installing: /home/lx/ros2/ros/xiao_ying/install/pointcloud_to_laserscan/include/pointcloud_to_laserscan/visibility_control.h
[38.657s] -- Installing: /home/lx/ros2/ros/xiao_ying/install/pointcloud_to_laserscan/include/pointcloud_to_laserscan/pointcloud_to_laserscan_node.hpp
[38.657s] -- Installing: /home/lx/ros2/ros/xiao_ying/install/pointcloud_to_laserscan/include/pointcloud_to_laserscan/laserscan_to_pointcloud_node.hpp
[38.657s] -- Installing: /home/lx/ros2/ros/xiao_ying/install/pointcloud_to_laserscan/share/pointcloud_to_laserscan/environment/library_path.sh
[38.657s] -- Installing: /home/lx/ros2/ros/xiao_ying/install/pointcloud_to_laserscan/share/pointcloud_to_laserscan/environment/library_path.dsv
[38.657s] -- Installing: /home/lx/ros2/ros/xiao_ying/install/pointcloud_to_laserscan/lib/liblaserscan_to_pointcloud.so
[38.663s] -- Set runtime path of "/home/lx/ros2/ros/xiao_ying/install/pointcloud_to_laserscan/lib/liblaserscan_to_pointcloud.so" to ""
[38.663s] -- Installing: /home/lx/ros2/ros/xiao_ying/install/pointcloud_to_laserscan/lib/libpointcloud_to_laserscan.so
[38.669s] -- Set runtime path of "/home/lx/ros2/ros/xiao_ying/install/pointcloud_to_laserscan/lib/libpointcloud_to_laserscan.so" to ""
[38.669s] -- Installing: /home/lx/ros2/ros/xiao_ying/install/pointcloud_to_laserscan/lib/pointcloud_to_laserscan/dummy_pointcloud_publisher
[38.670s] -- Set runtime path of "/home/lx/ros2/ros/xiao_ying/install/pointcloud_to_laserscan/lib/pointcloud_to_laserscan/dummy_pointcloud_publisher" to ""
[38.670s] -- Up-to-date: /home/lx/ros2/ros/xiao_ying/install/pointcloud_to_laserscan/share/pointcloud_to_laserscan/launch
[38.670s] -- Up-to-date: /home/lx/ros2/ros/xiao_ying/install/pointcloud_to_laserscan/share/pointcloud_to_laserscan/launch/sample_pointcloud_to_laserscan_launch.py
[38.670s] -- Up-to-date: /home/lx/ros2/ros/xiao_ying/install/pointcloud_to_laserscan/share/pointcloud_to_laserscan/launch/occupancy_grid.launch.py
[38.670s] -- Up-to-date: /home/lx/ros2/ros/xiao_ying/install/pointcloud_to_laserscan/share/pointcloud_to_laserscan/launch/sample_laserscan_to_pointcloud_launch.py
[38.670s] -- Up-to-date: /home/lx/ros2/ros/xiao_ying/install/pointcloud_to_laserscan/share/pointcloud_to_laserscan/launch/sample_pointcloud_to_lasser_cartographer.launch.py
[38.670s] -- Installing: /home/lx/ros2/ros/xiao_ying/install/pointcloud_to_laserscan/share/ament_index/resource_index/package_run_dependencies/pointcloud_to_laserscan
[38.670s] -- Installing: /home/lx/ros2/ros/xiao_ying/install/pointcloud_to_laserscan/share/ament_index/resource_index/parent_prefix_path/pointcloud_to_laserscan
[38.671s] -- Installing: /home/lx/ros2/ros/xiao_ying/install/pointcloud_to_laserscan/share/pointcloud_to_laserscan/environment/ament_prefix_path.sh
[38.671s] -- Installing: /home/lx/ros2/ros/xiao_ying/install/pointcloud_to_laserscan/share/pointcloud_to_laserscan/environment/ament_prefix_path.dsv
[38.671s] -- Installing: /home/lx/ros2/ros/xiao_ying/install/pointcloud_to_laserscan/share/pointcloud_to_laserscan/environment/path.sh
[38.671s] -- Installing: /home/lx/ros2/ros/xiao_ying/install/pointcloud_to_laserscan/share/pointcloud_to_laserscan/environment/path.dsv
[38.671s] -- Installing: /home/lx/ros2/ros/xiao_ying/install/pointcloud_to_laserscan/share/pointcloud_to_laserscan/local_setup.bash
[38.671s] -- Installing: /home/lx/ros2/ros/xiao_ying/install/pointcloud_to_laserscan/share/pointcloud_to_laserscan/local_setup.sh
[38.671s] -- Installing: /home/lx/ros2/ros/xiao_ying/install/pointcloud_to_laserscan/share/pointcloud_to_laserscan/local_setup.zsh
[38.671s] -- Installing: /home/lx/ros2/ros/xiao_ying/install/pointcloud_to_laserscan/share/pointcloud_to_laserscan/local_setup.dsv
[38.671s] -- Installing: /home/lx/ros2/ros/xiao_ying/install/pointcloud_to_laserscan/share/pointcloud_to_laserscan/package.dsv
[38.672s] -- Installing: /home/lx/ros2/ros/xiao_ying/install/pointcloud_to_laserscan/share/ament_index/resource_index/packages/pointcloud_to_laserscan
[38.672s] -- Installing: /home/lx/ros2/ros/xiao_ying/install/pointcloud_to_laserscan/share/ament_index/resource_index/rclcpp_components/pointcloud_to_laserscan
[38.672s] -- Installing: /home/lx/ros2/ros/xiao_ying/install/pointcloud_to_laserscan/share/pointcloud_to_laserscan/cmake/ament_cmake_export_dependencies-extras.cmake
[38.672s] -- Installing: /home/lx/ros2/ros/xiao_ying/install/pointcloud_to_laserscan/share/pointcloud_to_laserscan/cmake/ament_cmake_export_include_directories-extras.cmake
[38.672s] -- Installing: /home/lx/ros2/ros/xiao_ying/install/pointcloud_to_laserscan/share/pointcloud_to_laserscan/cmake/ament_cmake_export_libraries-extras.cmake
[38.672s] -- Installing: /home/lx/ros2/ros/xiao_ying/install/pointcloud_to_laserscan/share/pointcloud_to_laserscan/cmake/pointcloud_to_laserscanConfig.cmake
[38.672s] -- Installing: /home/lx/ros2/ros/xiao_ying/install/pointcloud_to_laserscan/share/pointcloud_to_laserscan/cmake/pointcloud_to_laserscanConfig-version.cmake
[38.672s] -- Installing: /home/lx/ros2/ros/xiao_ying/install/pointcloud_to_laserscan/share/pointcloud_to_laserscan/package.xml
[38.674s] Invoked command in '/home/lx/ros2/ros/xiao_ying/build/pointcloud_to_laserscan' returned '0': CMAKE_PREFIX_PATH=/opt/ros/humble /usr/bin/cmake --install /home/lx/ros2/ros/xiao_ying/build/pointcloud_to_laserscan
