[0.011s] Invoking command in '/home/lx/ros2/gezebo_ws/build/my_car': CMAKE_PREFIX_PATH=/opt/ros/humble /usr/bin/cmake --build /home/lx/ros2/gezebo_ws/build/my_car -- -j12 -l12
[0.052s] [35m[1mConsolidate compiler generated dependencies of target joint_control[0m
[0.064s] [ 50%] [32mBuilding CXX object CMakeFiles/joint_control.dir/src/joint_control.cpp.o[0m
[3.348s] [100%] [32m[1mLinking CXX executable joint_control[0m
[3.509s] [100%] Built target joint_control
[3.516s] Invoked command in '/home/lx/ros2/gezebo_ws/build/my_car' returned '0': CMAKE_PREFIX_PATH=/opt/ros/humble /usr/bin/cmake --build /home/lx/ros2/gezebo_ws/build/my_car -- -j12 -l12
[3.538s] Invoking command in '/home/lx/ros2/gezebo_ws/build/my_car': CMAKE_PREFIX_PATH=/opt/ros/humble /usr/bin/cmake --install /home/lx/ros2/gezebo_ws/build/my_car
[3.545s] -- Install configuration: ""
[3.546s] -- Up-to-date: /home/lx/ros2/gezebo_ws/install/my_car/share/ament_index/resource_index/package_run_dependencies/my_car
[3.546s] -- Up-to-date: /home/lx/ros2/gezebo_ws/install/my_car/share/ament_index/resource_index/parent_prefix_path/my_car
[3.546s] -- Up-to-date: /home/lx/ros2/gezebo_ws/install/my_car/share/my_car/environment/ament_prefix_path.sh
[3.546s] -- Up-to-date: /home/lx/ros2/gezebo_ws/install/my_car/share/my_car/environment/ament_prefix_path.dsv
[3.546s] -- Up-to-date: /home/lx/ros2/gezebo_ws/install/my_car/share/my_car/environment/path.sh
[3.546s] -- Up-to-date: /home/lx/ros2/gezebo_ws/install/my_car/share/my_car/environment/path.dsv
[3.546s] -- Up-to-date: /home/lx/ros2/gezebo_ws/install/my_car/share/my_car/local_setup.bash
[3.546s] -- Up-to-date: /home/lx/ros2/gezebo_ws/install/my_car/share/my_car/local_setup.sh
[3.546s] -- Up-to-date: /home/lx/ros2/gezebo_ws/install/my_car/share/my_car/local_setup.zsh
[3.547s] -- Up-to-date: /home/lx/ros2/gezebo_ws/install/my_car/share/my_car/local_setup.dsv
[3.547s] -- Installing: /home/lx/ros2/gezebo_ws/install/my_car/share/my_car/package.dsv
[3.547s] -- Up-to-date: /home/lx/ros2/gezebo_ws/install/my_car/share/ament_index/resource_index/packages/my_car
[3.547s] -- Up-to-date: /home/lx/ros2/gezebo_ws/install/my_car/share/my_car/cmake/my_carConfig.cmake
[3.547s] -- Up-to-date: /home/lx/ros2/gezebo_ws/install/my_car/share/my_car/cmake/my_carConfig-version.cmake
[3.547s] -- Up-to-date: /home/lx/ros2/gezebo_ws/install/my_car/share/my_car/package.xml
[3.547s] -- Up-to-date: /home/lx/ros2/gezebo_ws/install/my_car/share/my_car/launch
[3.547s] -- Up-to-date: /home/lx/ros2/gezebo_ws/install/my_car/share/my_car/launch/start.launch.py
[3.547s] -- Up-to-date: /home/lx/ros2/gezebo_ws/install/my_car/share/my_car/urdf
[3.547s] -- Up-to-date: /home/lx/ros2/gezebo_ws/install/my_car/share/my_car/urdf/my_car.urdf
[3.547s] -- Up-to-date: /home/lx/ros2/gezebo_ws/install/my_car/share/my_car/rviz
[3.547s] -- Up-to-date: /home/lx/ros2/gezebo_ws/install/my_car/share/my_car/rviz/show.rviz
[3.547s] -- Installing: /home/lx/ros2/gezebo_ws/install/my_car/lib/my_car/joint_control
[3.548s] -- Set runtime path of "/home/lx/ros2/gezebo_ws/install/my_car/lib/my_car/joint_control" to ""
[3.550s] Invoked command in '/home/lx/ros2/gezebo_ws/build/my_car' returned '0': CMAKE_PREFIX_PATH=/opt/ros/humble /usr/bin/cmake --install /home/lx/ros2/gezebo_ws/build/my_car
