[4.147s] Invoking command in '/home/lx/ros2/ros/turtlebot3_ws/src/turtlebot3/turtlebot3_example': PYTHONPATH=/home/lx/ros2/ros/turtlebot3_ws/build/turtlebot3_example/prefix_override:/home/lx/ros2/ros/turtlebot3_ws/install/turtlebot3_example/lib/python3.10/site-packages:${PYTHONPATH} /usr/bin/python3 setup.py egg_info --egg-base ../../../build/turtlebot3_example build --build-base /home/lx/ros2/ros/turtlebot3_ws/build/turtlebot3_example/build install --record /home/lx/ros2/ros/turtlebot3_ws/build/turtlebot3_example/install.log --single-version-externally-managed
[5.128s] running egg_info
[5.130s] writing ../../../build/turtlebot3_example/turtlebot3_example.egg-info/PKG-INFO
[5.132s] writing dependency_links to ../../../build/turtlebot3_example/turtlebot3_example.egg-info/dependency_links.txt
[5.132s] writing entry points to ../../../build/turtlebot3_example/turtlebot3_example.egg-info/entry_points.txt
[5.133s] writing requirements to ../../../build/turtlebot3_example/turtlebot3_example.egg-info/requires.txt
[5.133s] writing top-level names to ../../../build/turtlebot3_example/turtlebot3_example.egg-info/top_level.txt
[5.146s] reading manifest file '../../../build/turtlebot3_example/turtlebot3_example.egg-info/SOURCES.txt'
[5.155s] writing manifest file '../../../build/turtlebot3_example/turtlebot3_example.egg-info/SOURCES.txt'
[5.156s] running build
[5.156s] running build_py
[5.159s] running install
[5.160s] /usr/lib/python3/dist-packages/setuptools/command/install.py:34: SetuptoolsDeprecationWarning: setup.py install is deprecated. Use build and pip and other standards-based tools.
[5.160s]   warnings.warn(
[5.161s] running install_lib
[5.173s] running install_data
[5.174s] running install_egg_info
[5.195s] removing '/home/lx/ros2/ros/turtlebot3_ws/install/turtlebot3_example/lib/python3.10/site-packages/turtlebot3_example-2.1.5-py3.10.egg-info' (and everything under it)
[5.196s] Copying ../../../build/turtlebot3_example/turtlebot3_example.egg-info to /home/lx/ros2/ros/turtlebot3_ws/install/turtlebot3_example/lib/python3.10/site-packages/turtlebot3_example-2.1.5-py3.10.egg-info
[5.197s] running install_scripts
[5.296s] Installing turtlebot3_obstacle_detection script to /home/lx/ros2/ros/turtlebot3_ws/install/turtlebot3_example/lib/turtlebot3_example
[5.296s] Installing turtlebot3_patrol_client script to /home/lx/ros2/ros/turtlebot3_ws/install/turtlebot3_example/lib/turtlebot3_example
[5.297s] Installing turtlebot3_patrol_server script to /home/lx/ros2/ros/turtlebot3_ws/install/turtlebot3_example/lib/turtlebot3_example
[5.297s] Installing turtlebot3_position_control script to /home/lx/ros2/ros/turtlebot3_ws/install/turtlebot3_example/lib/turtlebot3_example
[5.300s] writing list of installed files to '/home/lx/ros2/ros/turtlebot3_ws/build/turtlebot3_example/install.log'
[5.567s] Invoked command in '/home/lx/ros2/ros/turtlebot3_ws/src/turtlebot3/turtlebot3_example' returned '0': PYTHONPATH=/home/lx/ros2/ros/turtlebot3_ws/build/turtlebot3_example/prefix_override:/home/lx/ros2/ros/turtlebot3_ws/install/turtlebot3_example/lib/python3.10/site-packages:${PYTHONPATH} /usr/bin/python3 setup.py egg_info --egg-base ../../../build/turtlebot3_example build --build-base /home/lx/ros2/ros/turtlebot3_ws/build/turtlebot3_example/build install --record /home/lx/ros2/ros/turtlebot3_ws/build/turtlebot3_example/install.log --single-version-externally-managed
