[0.849s] DEBUG:colcon:Command line arguments: ['/usr/bin/colcon', 'build']
[0.849s] DEBUG:colcon:Parsed command line arguments: Namespace(log_base=None, log_level=None, verb_name='build', build_base='build', install_base='install', merge_install=False, symlink_install=False, test_result_base=None, continue_on_error=False, executor='parallel', parallel_workers=12, event_handlers=None, ignore_user_meta=False, metas=['./colcon.meta'], base_paths=['.'], packages_ignore=None, packages_ignore_regex=None, paths=None, packages_up_to=None, packages_up_to_regex=None, packages_above=None, packages_above_and_dependencies=None, packages_above_depth=None, packages_select_by_dep=None, packages_skip_by_dep=None, packages_skip_up_to=None, packages_select_build_failed=False, packages_skip_build_finished=False, packages_select_test_failures=False, packages_skip_test_passed=False, packages_select=None, packages_skip=None, packages_select_regex=None, packages_skip_regex=None, packages_start=None, packages_end=None, allow_overriding=[], cmake_args=None, cmake_target=None, cmake_target_skip_unavailable=False, cmake_clean_cache=False, cmake_clean_first=False, cmake_force_configure=False, ament_cmake_args=None, catkin_cmake_args=None, catkin_skip_building_tests=False, verb_parser=<colcon_defaults.argument_parser.defaults.DefaultArgumentsDecorator object at 0x7f03090511b0>, verb_extension=<colcon_core.verb.build.BuildVerb object at 0x7f03094df8b0>, main=<bound method BuildVerb.main of <colcon_core.verb.build.BuildVerb object at 0x7f03094df8b0>>)
[0.887s] Level 1:colcon.colcon_core.package_discovery:discover_packages(colcon_meta) check parameters
[0.888s] Level 1:colcon.colcon_core.package_discovery:discover_packages(recursive) check parameters
[0.888s] Level 1:colcon.colcon_core.package_discovery:discover_packages(ignore) check parameters
[0.888s] Level 1:colcon.colcon_core.package_discovery:discover_packages(path) check parameters
[0.888s] Level 1:colcon.colcon_core.package_discovery:discover_packages(colcon_meta) discover
[0.888s] Level 1:colcon.colcon_core.package_discovery:discover_packages(recursive) discover
[0.888s] INFO:colcon.colcon_core.package_discovery:Crawling recursively for packages in '/home/lx/ros2/ros/xiao_ying'
[0.888s] Level 1:colcon.colcon_core.package_identification:_identify(.) by extensions ['ignore', 'ignore_ament_install']
[0.888s] Level 1:colcon.colcon_core.package_identification:_identify(.) by extension 'ignore'
[0.888s] Level 1:colcon.colcon_core.package_identification:_identify(.) by extension 'ignore_ament_install'
[0.888s] Level 1:colcon.colcon_core.package_identification:_identify(.) by extensions ['colcon_pkg']
[0.888s] Level 1:colcon.colcon_core.package_identification:_identify(.) by extension 'colcon_pkg'
[0.888s] Level 1:colcon.colcon_core.package_identification:_identify(.) by extensions ['colcon_meta']
[0.888s] Level 1:colcon.colcon_core.package_identification:_identify(.) by extension 'colcon_meta'
[0.888s] Level 1:colcon.colcon_core.package_identification:_identify(.) by extensions ['ros']
[0.888s] Level 1:colcon.colcon_core.package_identification:_identify(.) by extension 'ros'
[0.897s] Level 1:colcon.colcon_core.package_identification:_identify(.) by extensions ['cmake', 'python']
[0.897s] Level 1:colcon.colcon_core.package_identification:_identify(.) by extension 'cmake'
[0.897s] Level 1:colcon.colcon_core.package_identification:_identify(.) by extension 'python'
[0.897s] Level 1:colcon.colcon_core.package_identification:_identify(.) by extensions ['python_setup_py']
[0.897s] Level 1:colcon.colcon_core.package_identification:_identify(.) by extension 'python_setup_py'
[0.897s] Level 1:colcon.colcon_core.package_identification:_identify(build) by extensions ['ignore', 'ignore_ament_install']
[0.897s] Level 1:colcon.colcon_core.package_identification:_identify(build) by extension 'ignore'
[0.897s] Level 1:colcon.colcon_core.package_identification:_identify(build) ignored
[0.898s] Level 1:colcon.colcon_core.package_identification:_identify(install) by extensions ['ignore', 'ignore_ament_install']
[0.898s] Level 1:colcon.colcon_core.package_identification:_identify(install) by extension 'ignore'
[0.898s] Level 1:colcon.colcon_core.package_identification:_identify(install) ignored
[0.898s] Level 1:colcon.colcon_core.package_identification:_identify(log) by extensions ['ignore', 'ignore_ament_install']
[0.898s] Level 1:colcon.colcon_core.package_identification:_identify(log) by extension 'ignore'
[0.898s] Level 1:colcon.colcon_core.package_identification:_identify(log) ignored
[0.898s] Level 1:colcon.colcon_core.package_identification:_identify(src) by extensions ['ignore', 'ignore_ament_install']
[0.898s] Level 1:colcon.colcon_core.package_identification:_identify(src) by extension 'ignore'
[0.898s] Level 1:colcon.colcon_core.package_identification:_identify(src) by extension 'ignore_ament_install'
[0.898s] Level 1:colcon.colcon_core.package_identification:_identify(src) by extensions ['colcon_pkg']
[0.898s] Level 1:colcon.colcon_core.package_identification:_identify(src) by extension 'colcon_pkg'
[0.898s] Level 1:colcon.colcon_core.package_identification:_identify(src) by extensions ['colcon_meta']
[0.898s] Level 1:colcon.colcon_core.package_identification:_identify(src) by extension 'colcon_meta'
[0.898s] Level 1:colcon.colcon_core.package_identification:_identify(src) by extensions ['ros']
[0.898s] Level 1:colcon.colcon_core.package_identification:_identify(src) by extension 'ros'
[0.898s] Level 1:colcon.colcon_core.package_identification:_identify(src) by extensions ['cmake', 'python']
[0.898s] Level 1:colcon.colcon_core.package_identification:_identify(src) by extension 'cmake'
[0.898s] Level 1:colcon.colcon_core.package_identification:_identify(src) by extension 'python'
[0.898s] Level 1:colcon.colcon_core.package_identification:_identify(src) by extensions ['python_setup_py']
[0.898s] Level 1:colcon.colcon_core.package_identification:_identify(src) by extension 'python_setup_py'
[0.899s] Level 1:colcon.colcon_core.package_identification:_identify(src/FAST_LIO) by extensions ['ignore', 'ignore_ament_install']
[0.899s] Level 1:colcon.colcon_core.package_identification:_identify(src/FAST_LIO) by extension 'ignore'
[0.899s] Level 1:colcon.colcon_core.package_identification:_identify(src/FAST_LIO) by extension 'ignore_ament_install'
[0.899s] Level 1:colcon.colcon_core.package_identification:_identify(src/FAST_LIO) by extensions ['colcon_pkg']
[0.899s] Level 1:colcon.colcon_core.package_identification:_identify(src/FAST_LIO) by extension 'colcon_pkg'
[0.899s] Level 1:colcon.colcon_core.package_identification:_identify(src/FAST_LIO) by extensions ['colcon_meta']
[0.899s] Level 1:colcon.colcon_core.package_identification:_identify(src/FAST_LIO) by extension 'colcon_meta'
[0.899s] Level 1:colcon.colcon_core.package_identification:_identify(src/FAST_LIO) by extensions ['ros']
[0.899s] Level 1:colcon.colcon_core.package_identification:_identify(src/FAST_LIO) by extension 'ros'
[0.901s] DEBUG:colcon.colcon_core.package_identification:Package 'src/FAST_LIO' with type 'ros.ament_cmake' and name 'fast_lio'
[0.901s] Level 1:colcon.colcon_core.package_identification:_identify(src/imu_complementary_filter) by extensions ['ignore', 'ignore_ament_install']
[0.901s] Level 1:colcon.colcon_core.package_identification:_identify(src/imu_complementary_filter) by extension 'ignore'
[0.902s] Level 1:colcon.colcon_core.package_identification:_identify(src/imu_complementary_filter) by extension 'ignore_ament_install'
[0.902s] Level 1:colcon.colcon_core.package_identification:_identify(src/imu_complementary_filter) by extensions ['colcon_pkg']
[0.902s] Level 1:colcon.colcon_core.package_identification:_identify(src/imu_complementary_filter) by extension 'colcon_pkg'
[0.902s] Level 1:colcon.colcon_core.package_identification:_identify(src/imu_complementary_filter) by extensions ['colcon_meta']
[0.902s] Level 1:colcon.colcon_core.package_identification:_identify(src/imu_complementary_filter) by extension 'colcon_meta'
[0.902s] Level 1:colcon.colcon_core.package_identification:_identify(src/imu_complementary_filter) by extensions ['ros']
[0.902s] Level 1:colcon.colcon_core.package_identification:_identify(src/imu_complementary_filter) by extension 'ros'
[0.902s] DEBUG:colcon.colcon_core.package_identification:Package 'src/imu_complementary_filter' with type 'ros.ament_cmake' and name 'imu_complementary_filter'
[0.902s] Level 1:colcon.colcon_core.package_identification:_identify(src/livox_ros_driver2) by extensions ['ignore', 'ignore_ament_install']
[0.902s] Level 1:colcon.colcon_core.package_identification:_identify(src/livox_ros_driver2) by extension 'ignore'
[0.902s] Level 1:colcon.colcon_core.package_identification:_identify(src/livox_ros_driver2) by extension 'ignore_ament_install'
[0.902s] Level 1:colcon.colcon_core.package_identification:_identify(src/livox_ros_driver2) by extensions ['colcon_pkg']
[0.903s] Level 1:colcon.colcon_core.package_identification:_identify(src/livox_ros_driver2) by extension 'colcon_pkg'
[0.903s] Level 1:colcon.colcon_core.package_identification:_identify(src/livox_ros_driver2) by extensions ['colcon_meta']
[0.903s] Level 1:colcon.colcon_core.package_identification:_identify(src/livox_ros_driver2) by extension 'colcon_meta'
[0.903s] Level 1:colcon.colcon_core.package_identification:_identify(src/livox_ros_driver2) by extensions ['ros']
[0.903s] Level 1:colcon.colcon_core.package_identification:_identify(src/livox_ros_driver2) by extension 'ros'
[0.904s] DEBUG:colcon.colcon_core.package_identification:Package 'src/livox_ros_driver2' with type 'ros.ament_cmake' and name 'livox_ros_driver2'
[0.904s] Level 1:colcon.colcon_core.package_identification:_identify(src/livox_to_pointcloud2) by extensions ['ignore', 'ignore_ament_install']
[0.904s] Level 1:colcon.colcon_core.package_identification:_identify(src/livox_to_pointcloud2) by extension 'ignore'
[0.904s] Level 1:colcon.colcon_core.package_identification:_identify(src/livox_to_pointcloud2) by extension 'ignore_ament_install'
[0.904s] Level 1:colcon.colcon_core.package_identification:_identify(src/livox_to_pointcloud2) by extensions ['colcon_pkg']
[0.904s] Level 1:colcon.colcon_core.package_identification:_identify(src/livox_to_pointcloud2) by extension 'colcon_pkg'
[0.904s] Level 1:colcon.colcon_core.package_identification:_identify(src/livox_to_pointcloud2) by extensions ['colcon_meta']
[0.904s] Level 1:colcon.colcon_core.package_identification:_identify(src/livox_to_pointcloud2) by extension 'colcon_meta'
[0.904s] Level 1:colcon.colcon_core.package_identification:_identify(src/livox_to_pointcloud2) by extensions ['ros']
[0.904s] Level 1:colcon.colcon_core.package_identification:_identify(src/livox_to_pointcloud2) by extension 'ros'
[0.911s] DEBUG:colcon.colcon_core.package_identification:Package 'src/livox_to_pointcloud2' with type 'ros.ament_cmake' and name 'livox_to_pointcloud2'
[0.912s] Level 1:colcon.colcon_core.package_identification:_identify(src/pointcloud_to_laserscan) by extensions ['ignore', 'ignore_ament_install']
[0.912s] Level 1:colcon.colcon_core.package_identification:_identify(src/pointcloud_to_laserscan) by extension 'ignore'
[0.912s] Level 1:colcon.colcon_core.package_identification:_identify(src/pointcloud_to_laserscan) by extension 'ignore_ament_install'
[0.912s] Level 1:colcon.colcon_core.package_identification:_identify(src/pointcloud_to_laserscan) by extensions ['colcon_pkg']
[0.912s] Level 1:colcon.colcon_core.package_identification:_identify(src/pointcloud_to_laserscan) by extension 'colcon_pkg'
[0.912s] Level 1:colcon.colcon_core.package_identification:_identify(src/pointcloud_to_laserscan) by extensions ['colcon_meta']
[0.912s] Level 1:colcon.colcon_core.package_identification:_identify(src/pointcloud_to_laserscan) by extension 'colcon_meta'
[0.912s] Level 1:colcon.colcon_core.package_identification:_identify(src/pointcloud_to_laserscan) by extensions ['ros']
[0.912s] Level 1:colcon.colcon_core.package_identification:_identify(src/pointcloud_to_laserscan) by extension 'ros'
[0.913s] DEBUG:colcon.colcon_core.package_identification:Package 'src/pointcloud_to_laserscan' with type 'ros.ament_cmake' and name 'pointcloud_to_laserscan'
[0.913s] Level 1:colcon.colcon_core.package_discovery:discover_packages(recursive) using defaults
[0.913s] Level 1:colcon.colcon_core.package_discovery:discover_packages(ignore) discover
[0.913s] Level 1:colcon.colcon_core.package_discovery:discover_packages(ignore) using defaults
[0.913s] Level 1:colcon.colcon_core.package_discovery:discover_packages(path) discover
[0.913s] Level 1:colcon.colcon_core.package_discovery:discover_packages(path) using defaults
[0.995s] Level 1:colcon.colcon_core.package_discovery:discover_packages(prefix_path) check parameters
[0.995s] Level 1:colcon.colcon_core.package_discovery:discover_packages(prefix_path) discover
[1.026s] DEBUG:colcon.colcon_installed_package_information.package_discovery:Found 387 installed packages in /opt/ros/humble
[1.028s] Level 1:colcon.colcon_core.package_discovery:discover_packages(prefix_path) using defaults
[1.130s] Level 5:colcon.colcon_core.verb:set package 'imu_complementary_filter' build argument 'cmake_args' from command line to 'None'
[1.130s] Level 5:colcon.colcon_core.verb:set package 'imu_complementary_filter' build argument 'cmake_target' from command line to 'None'
[1.131s] Level 5:colcon.colcon_core.verb:set package 'imu_complementary_filter' build argument 'cmake_target_skip_unavailable' from command line to 'False'
[1.131s] Level 5:colcon.colcon_core.verb:set package 'imu_complementary_filter' build argument 'cmake_clean_cache' from command line to 'False'
[1.131s] Level 5:colcon.colcon_core.verb:set package 'imu_complementary_filter' build argument 'cmake_clean_first' from command line to 'False'
[1.131s] Level 5:colcon.colcon_core.verb:set package 'imu_complementary_filter' build argument 'cmake_force_configure' from command line to 'False'
[1.131s] Level 5:colcon.colcon_core.verb:set package 'imu_complementary_filter' build argument 'ament_cmake_args' from command line to 'None'
[1.131s] Level 5:colcon.colcon_core.verb:set package 'imu_complementary_filter' build argument 'catkin_cmake_args' from command line to 'None'
[1.131s] Level 5:colcon.colcon_core.verb:set package 'imu_complementary_filter' build argument 'catkin_skip_building_tests' from command line to 'False'
[1.131s] DEBUG:colcon.colcon_core.verb:Building package 'imu_complementary_filter' with the following arguments: {'ament_cmake_args': None, 'build_base': '/home/lx/ros2/ros/xiao_ying/build/imu_complementary_filter', 'catkin_cmake_args': None, 'catkin_skip_building_tests': False, 'cmake_args': None, 'cmake_clean_cache': False, 'cmake_clean_first': False, 'cmake_force_configure': False, 'cmake_target': None, 'cmake_target_skip_unavailable': False, 'install_base': '/home/lx/ros2/ros/xiao_ying/install/imu_complementary_filter', 'merge_install': False, 'path': '/home/lx/ros2/ros/xiao_ying/src/imu_complementary_filter', 'symlink_install': False, 'test_result_base': None}
[1.143s] Level 5:colcon.colcon_core.verb:set package 'livox_ros_driver2' build argument 'cmake_args' from command line to 'None'
[1.143s] Level 5:colcon.colcon_core.verb:set package 'livox_ros_driver2' build argument 'cmake_target' from command line to 'None'
[1.143s] Level 5:colcon.colcon_core.verb:set package 'livox_ros_driver2' build argument 'cmake_target_skip_unavailable' from command line to 'False'
[1.143s] Level 5:colcon.colcon_core.verb:set package 'livox_ros_driver2' build argument 'cmake_clean_cache' from command line to 'False'
[1.143s] Level 5:colcon.colcon_core.verb:set package 'livox_ros_driver2' build argument 'cmake_clean_first' from command line to 'False'
[1.143s] Level 5:colcon.colcon_core.verb:set package 'livox_ros_driver2' build argument 'cmake_force_configure' from command line to 'False'
[1.144s] Level 5:colcon.colcon_core.verb:set package 'livox_ros_driver2' build argument 'ament_cmake_args' from command line to 'None'
[1.144s] Level 5:colcon.colcon_core.verb:set package 'livox_ros_driver2' build argument 'catkin_cmake_args' from command line to 'None'
[1.144s] Level 5:colcon.colcon_core.verb:set package 'livox_ros_driver2' build argument 'catkin_skip_building_tests' from command line to 'False'
[1.144s] DEBUG:colcon.colcon_core.verb:Building package 'livox_ros_driver2' with the following arguments: {'ament_cmake_args': None, 'build_base': '/home/lx/ros2/ros/xiao_ying/build/livox_ros_driver2', 'catkin_cmake_args': None, 'catkin_skip_building_tests': False, 'cmake_args': None, 'cmake_clean_cache': False, 'cmake_clean_first': False, 'cmake_force_configure': False, 'cmake_target': None, 'cmake_target_skip_unavailable': False, 'install_base': '/home/lx/ros2/ros/xiao_ying/install/livox_ros_driver2', 'merge_install': False, 'path': '/home/lx/ros2/ros/xiao_ying/src/livox_ros_driver2', 'symlink_install': False, 'test_result_base': None}
[1.157s] Level 5:colcon.colcon_core.verb:set package 'pointcloud_to_laserscan' build argument 'cmake_args' from command line to 'None'
[1.157s] Level 5:colcon.colcon_core.verb:set package 'pointcloud_to_laserscan' build argument 'cmake_target' from command line to 'None'
[1.157s] Level 5:colcon.colcon_core.verb:set package 'pointcloud_to_laserscan' build argument 'cmake_target_skip_unavailable' from command line to 'False'
[1.157s] Level 5:colcon.colcon_core.verb:set package 'pointcloud_to_laserscan' build argument 'cmake_clean_cache' from command line to 'False'
[1.157s] Level 5:colcon.colcon_core.verb:set package 'pointcloud_to_laserscan' build argument 'cmake_clean_first' from command line to 'False'
[1.157s] Level 5:colcon.colcon_core.verb:set package 'pointcloud_to_laserscan' build argument 'cmake_force_configure' from command line to 'False'
[1.157s] Level 5:colcon.colcon_core.verb:set package 'pointcloud_to_laserscan' build argument 'ament_cmake_args' from command line to 'None'
[1.157s] Level 5:colcon.colcon_core.verb:set package 'pointcloud_to_laserscan' build argument 'catkin_cmake_args' from command line to 'None'
[1.157s] Level 5:colcon.colcon_core.verb:set package 'pointcloud_to_laserscan' build argument 'catkin_skip_building_tests' from command line to 'False'
[1.157s] DEBUG:colcon.colcon_core.verb:Building package 'pointcloud_to_laserscan' with the following arguments: {'ament_cmake_args': None, 'build_base': '/home/lx/ros2/ros/xiao_ying/build/pointcloud_to_laserscan', 'catkin_cmake_args': None, 'catkin_skip_building_tests': False, 'cmake_args': None, 'cmake_clean_cache': False, 'cmake_clean_first': False, 'cmake_force_configure': False, 'cmake_target': None, 'cmake_target_skip_unavailable': False, 'install_base': '/home/lx/ros2/ros/xiao_ying/install/pointcloud_to_laserscan', 'merge_install': False, 'path': '/home/lx/ros2/ros/xiao_ying/src/pointcloud_to_laserscan', 'symlink_install': False, 'test_result_base': None}
[1.171s] Level 5:colcon.colcon_core.verb:set package 'fast_lio' build argument 'cmake_args' from command line to 'None'
[1.171s] Level 5:colcon.colcon_core.verb:set package 'fast_lio' build argument 'cmake_target' from command line to 'None'
[1.171s] Level 5:colcon.colcon_core.verb:set package 'fast_lio' build argument 'cmake_target_skip_unavailable' from command line to 'False'
[1.171s] Level 5:colcon.colcon_core.verb:set package 'fast_lio' build argument 'cmake_clean_cache' from command line to 'False'
[1.171s] Level 5:colcon.colcon_core.verb:set package 'fast_lio' build argument 'cmake_clean_first' from command line to 'False'
[1.171s] Level 5:colcon.colcon_core.verb:set package 'fast_lio' build argument 'cmake_force_configure' from command line to 'False'
[1.171s] Level 5:colcon.colcon_core.verb:set package 'fast_lio' build argument 'ament_cmake_args' from command line to 'None'
[1.171s] Level 5:colcon.colcon_core.verb:set package 'fast_lio' build argument 'catkin_cmake_args' from command line to 'None'
[1.171s] Level 5:colcon.colcon_core.verb:set package 'fast_lio' build argument 'catkin_skip_building_tests' from command line to 'False'
[1.171s] DEBUG:colcon.colcon_core.verb:Building package 'fast_lio' with the following arguments: {'ament_cmake_args': None, 'build_base': '/home/lx/ros2/ros/xiao_ying/build/fast_lio', 'catkin_cmake_args': None, 'catkin_skip_building_tests': False, 'cmake_args': None, 'cmake_clean_cache': False, 'cmake_clean_first': False, 'cmake_force_configure': False, 'cmake_target': None, 'cmake_target_skip_unavailable': False, 'install_base': '/home/lx/ros2/ros/xiao_ying/install/fast_lio', 'merge_install': False, 'path': '/home/lx/ros2/ros/xiao_ying/src/FAST_LIO', 'symlink_install': False, 'test_result_base': None}
[1.184s] Level 5:colcon.colcon_core.verb:set package 'livox_to_pointcloud2' build argument 'cmake_args' from command line to 'None'
[1.184s] Level 5:colcon.colcon_core.verb:set package 'livox_to_pointcloud2' build argument 'cmake_target' from command line to 'None'
[1.184s] Level 5:colcon.colcon_core.verb:set package 'livox_to_pointcloud2' build argument 'cmake_target_skip_unavailable' from command line to 'False'
[1.184s] Level 5:colcon.colcon_core.verb:set package 'livox_to_pointcloud2' build argument 'cmake_clean_cache' from command line to 'False'
[1.184s] Level 5:colcon.colcon_core.verb:set package 'livox_to_pointcloud2' build argument 'cmake_clean_first' from command line to 'False'
[1.184s] Level 5:colcon.colcon_core.verb:set package 'livox_to_pointcloud2' build argument 'cmake_force_configure' from command line to 'False'
[1.184s] Level 5:colcon.colcon_core.verb:set package 'livox_to_pointcloud2' build argument 'ament_cmake_args' from command line to 'None'
[1.184s] Level 5:colcon.colcon_core.verb:set package 'livox_to_pointcloud2' build argument 'catkin_cmake_args' from command line to 'None'
[1.184s] Level 5:colcon.colcon_core.verb:set package 'livox_to_pointcloud2' build argument 'catkin_skip_building_tests' from command line to 'False'
[1.184s] DEBUG:colcon.colcon_core.verb:Building package 'livox_to_pointcloud2' with the following arguments: {'ament_cmake_args': None, 'build_base': '/home/lx/ros2/ros/xiao_ying/build/livox_to_pointcloud2', 'catkin_cmake_args': None, 'catkin_skip_building_tests': False, 'cmake_args': None, 'cmake_clean_cache': False, 'cmake_clean_first': False, 'cmake_force_configure': False, 'cmake_target': None, 'cmake_target_skip_unavailable': False, 'install_base': '/home/lx/ros2/ros/xiao_ying/install/livox_to_pointcloud2', 'merge_install': False, 'path': '/home/lx/ros2/ros/xiao_ying/src/livox_to_pointcloud2', 'symlink_install': False, 'test_result_base': None}
[1.197s] INFO:colcon.colcon_core.executor:Executing jobs using 'parallel' executor
[1.213s] DEBUG:colcon.colcon_parallel_executor.executor.parallel:run_until_complete
[1.213s] INFO:colcon.colcon_ros.task.ament_cmake.build:Building ROS package in '/home/lx/ros2/ros/xiao_ying/src/livox_ros_driver2' with build type 'ament_cmake'
[1.213s] INFO:colcon.colcon_cmake.task.cmake.build:Building CMake package in '/home/lx/ros2/ros/xiao_ying/src/livox_ros_driver2'
[1.227s] INFO:colcon.colcon_core.plugin_system:Skipping extension 'colcon_core.shell.bat': Not used on non-Windows systems
[1.227s] INFO:colcon.colcon_core.shell:Skip shell extension 'powershell' for command environment: Not usable outside of PowerShell
[1.228s] DEBUG:colcon.colcon_core.shell:Skip shell extension 'dsv' for command environment
[1.255s] INFO:colcon.colcon_ros.task.ament_cmake.build:Building ROS package in '/home/lx/ros2/ros/xiao_ying/src/imu_complementary_filter' with build type 'ament_cmake'
[1.255s] INFO:colcon.colcon_cmake.task.cmake.build:Building CMake package in '/home/lx/ros2/ros/xiao_ying/src/imu_complementary_filter'
[1.268s] INFO:colcon.colcon_core.shell:Skip shell extension 'powershell' for command environment: Not usable outside of PowerShell
[1.268s] DEBUG:colcon.colcon_core.shell:Skip shell extension 'dsv' for command environment
[1.295s] INFO:colcon.colcon_ros.task.ament_cmake.build:Building ROS package in '/home/lx/ros2/ros/xiao_ying/src/pointcloud_to_laserscan' with build type 'ament_cmake'
[1.295s] INFO:colcon.colcon_cmake.task.cmake.build:Building CMake package in '/home/lx/ros2/ros/xiao_ying/src/pointcloud_to_laserscan'
[1.309s] INFO:colcon.colcon_core.shell:Skip shell extension 'powershell' for command environment: Not usable outside of PowerShell
[1.309s] DEBUG:colcon.colcon_core.shell:Skip shell extension 'dsv' for command environment
[1.341s] DEBUG:colcon.colcon_core.event_handler.log_command:Invoking command in '/home/lx/ros2/ros/xiao_ying/build/livox_ros_driver2': CMAKE_PREFIX_PATH=/opt/ros/humble /usr/bin/cmake --build /home/lx/ros2/ros/xiao_ying/build/livox_ros_driver2 -- -j12 -l12
[1.344s] DEBUG:colcon.colcon_core.event_handler.log_command:Invoking command in '/home/lx/ros2/ros/xiao_ying/build/imu_complementary_filter': CMAKE_PREFIX_PATH=/opt/ros/humble /usr/bin/cmake --build /home/lx/ros2/ros/xiao_ying/build/imu_complementary_filter -- -j12 -l12
[1.348s] DEBUG:colcon.colcon_core.event_handler.log_command:Invoking command in '/home/lx/ros2/ros/xiao_ying/build/pointcloud_to_laserscan': CMAKE_PREFIX_PATH=/opt/ros/humble /usr/bin/cmake --build /home/lx/ros2/ros/xiao_ying/build/pointcloud_to_laserscan -- -j12 -l12
[1.420s] DEBUG:colcon.colcon_core.event_handler.log_command:Invoked command in '/home/lx/ros2/ros/xiao_ying/build/imu_complementary_filter' returned '0': CMAKE_PREFIX_PATH=/opt/ros/humble /usr/bin/cmake --build /home/lx/ros2/ros/xiao_ying/build/imu_complementary_filter -- -j12 -l12
[1.448s] DEBUG:colcon.colcon_core.event_handler.log_command:Invoking command in '/home/lx/ros2/ros/xiao_ying/build/imu_complementary_filter': CMAKE_PREFIX_PATH=/opt/ros/humble /usr/bin/cmake --install /home/lx/ros2/ros/xiao_ying/build/imu_complementary_filter
[1.457s] DEBUG:colcon.colcon_core.event_handler.log_command:Invoked command in '/home/lx/ros2/ros/xiao_ying/build/pointcloud_to_laserscan' returned '0': CMAKE_PREFIX_PATH=/opt/ros/humble /usr/bin/cmake --build /home/lx/ros2/ros/xiao_ying/build/pointcloud_to_laserscan -- -j12 -l12
[1.461s] Level 1:colcon.colcon_core.environment:create_environment_scripts_only(imu_complementary_filter)
[1.464s] DEBUG:colcon.colcon_core.event_handler.log_command:Invoked command in '/home/lx/ros2/ros/xiao_ying/build/imu_complementary_filter' returned '0': CMAKE_PREFIX_PATH=/opt/ros/humble /usr/bin/cmake --install /home/lx/ros2/ros/xiao_ying/build/imu_complementary_filter
[1.485s] Level 1:colcon.colcon_core.environment:checking '/home/lx/ros2/ros/xiao_ying/install/imu_complementary_filter' for CMake module files
[1.486s] Level 1:colcon.colcon_core.environment:checking '/home/lx/ros2/ros/xiao_ying/install/imu_complementary_filter' for CMake config files
[1.487s] Level 1:colcon.colcon_core.shell:create_environment_hook('imu_complementary_filter', 'cmake_prefix_path')
[1.502s] INFO:colcon.colcon_core.shell:Creating environment hook '/home/lx/ros2/ros/xiao_ying/install/imu_complementary_filter/share/imu_complementary_filter/hook/cmake_prefix_path.ps1'
[1.503s] INFO:colcon.colcon_core.shell:Creating environment descriptor '/home/lx/ros2/ros/xiao_ying/install/imu_complementary_filter/share/imu_complementary_filter/hook/cmake_prefix_path.dsv'
[1.503s] INFO:colcon.colcon_core.shell:Creating environment hook '/home/lx/ros2/ros/xiao_ying/install/imu_complementary_filter/share/imu_complementary_filter/hook/cmake_prefix_path.sh'
[1.504s] Level 1:colcon.colcon_core.environment:checking '/home/lx/ros2/ros/xiao_ying/install/imu_complementary_filter/lib'
[1.504s] Level 1:colcon.colcon_core.shell:create_environment_hook('imu_complementary_filter', 'ld_library_path_lib')
[1.518s] INFO:colcon.colcon_core.shell:Creating environment hook '/home/lx/ros2/ros/xiao_ying/install/imu_complementary_filter/share/imu_complementary_filter/hook/ld_library_path_lib.ps1'
[1.519s] INFO:colcon.colcon_core.shell:Creating environment descriptor '/home/lx/ros2/ros/xiao_ying/install/imu_complementary_filter/share/imu_complementary_filter/hook/ld_library_path_lib.dsv'
[1.519s] INFO:colcon.colcon_core.shell:Creating environment hook '/home/lx/ros2/ros/xiao_ying/install/imu_complementary_filter/share/imu_complementary_filter/hook/ld_library_path_lib.sh'
[1.519s] Level 1:colcon.colcon_core.environment:checking '/home/lx/ros2/ros/xiao_ying/install/imu_complementary_filter/bin'
[1.519s] Level 1:colcon.colcon_core.environment:checking '/home/lx/ros2/ros/xiao_ying/install/imu_complementary_filter/lib/pkgconfig/imu_complementary_filter.pc'
[1.520s] Level 1:colcon.colcon_core.environment:checking '/home/lx/ros2/ros/xiao_ying/install/imu_complementary_filter/lib/python3.10/site-packages'
[1.520s] Level 1:colcon.colcon_core.environment:checking '/home/lx/ros2/ros/xiao_ying/install/imu_complementary_filter/bin'
[1.534s] INFO:colcon.colcon_core.shell:Creating package script '/home/lx/ros2/ros/xiao_ying/install/imu_complementary_filter/share/imu_complementary_filter/package.ps1'
[1.534s] INFO:colcon.colcon_core.shell:Creating package descriptor '/home/lx/ros2/ros/xiao_ying/install/imu_complementary_filter/share/imu_complementary_filter/package.dsv'
[1.535s] INFO:colcon.colcon_core.shell:Creating package script '/home/lx/ros2/ros/xiao_ying/install/imu_complementary_filter/share/imu_complementary_filter/package.sh'
[1.535s] INFO:colcon.colcon_core.shell:Creating package script '/home/lx/ros2/ros/xiao_ying/install/imu_complementary_filter/share/imu_complementary_filter/package.bash'
[1.536s] INFO:colcon.colcon_core.shell:Creating package script '/home/lx/ros2/ros/xiao_ying/install/imu_complementary_filter/share/imu_complementary_filter/package.zsh'
[1.536s] Level 1:colcon.colcon_core.environment:create_file_with_runtime_dependencies(/home/lx/ros2/ros/xiao_ying/install/imu_complementary_filter/share/colcon-core/packages/imu_complementary_filter)
[1.539s] DEBUG:colcon.colcon_core.event_handler.log_command:Invoking command in '/home/lx/ros2/ros/xiao_ying/build/pointcloud_to_laserscan': CMAKE_PREFIX_PATH=/opt/ros/humble /usr/bin/cmake --install /home/lx/ros2/ros/xiao_ying/build/pointcloud_to_laserscan
[1.549s] Level 1:colcon.colcon_core.environment:create_environment_scripts_only(pointcloud_to_laserscan)
[1.552s] DEBUG:colcon.colcon_core.event_handler.log_command:Invoked command in '/home/lx/ros2/ros/xiao_ying/build/pointcloud_to_laserscan' returned '0': CMAKE_PREFIX_PATH=/opt/ros/humble /usr/bin/cmake --install /home/lx/ros2/ros/xiao_ying/build/pointcloud_to_laserscan
[1.566s] Level 1:colcon.colcon_core.environment:checking '/home/lx/ros2/ros/xiao_ying/install/pointcloud_to_laserscan' for CMake module files
[1.567s] Level 1:colcon.colcon_core.environment:checking '/home/lx/ros2/ros/xiao_ying/install/pointcloud_to_laserscan' for CMake config files
[1.567s] Level 1:colcon.colcon_core.shell:create_environment_hook('pointcloud_to_laserscan', 'cmake_prefix_path')
[1.581s] INFO:colcon.colcon_core.shell:Creating environment hook '/home/lx/ros2/ros/xiao_ying/install/pointcloud_to_laserscan/share/pointcloud_to_laserscan/hook/cmake_prefix_path.ps1'
[1.582s] INFO:colcon.colcon_core.shell:Creating environment descriptor '/home/lx/ros2/ros/xiao_ying/install/pointcloud_to_laserscan/share/pointcloud_to_laserscan/hook/cmake_prefix_path.dsv'
[1.582s] INFO:colcon.colcon_core.shell:Creating environment hook '/home/lx/ros2/ros/xiao_ying/install/pointcloud_to_laserscan/share/pointcloud_to_laserscan/hook/cmake_prefix_path.sh'
[1.582s] Level 1:colcon.colcon_core.environment:checking '/home/lx/ros2/ros/xiao_ying/install/pointcloud_to_laserscan/lib'
[1.583s] Level 1:colcon.colcon_core.shell:create_environment_hook('pointcloud_to_laserscan', 'ld_library_path_lib')
[1.596s] INFO:colcon.colcon_core.shell:Creating environment hook '/home/lx/ros2/ros/xiao_ying/install/pointcloud_to_laserscan/share/pointcloud_to_laserscan/hook/ld_library_path_lib.ps1'
[1.597s] INFO:colcon.colcon_core.shell:Creating environment descriptor '/home/lx/ros2/ros/xiao_ying/install/pointcloud_to_laserscan/share/pointcloud_to_laserscan/hook/ld_library_path_lib.dsv'
[1.597s] INFO:colcon.colcon_core.shell:Creating environment hook '/home/lx/ros2/ros/xiao_ying/install/pointcloud_to_laserscan/share/pointcloud_to_laserscan/hook/ld_library_path_lib.sh'
[1.597s] Level 1:colcon.colcon_core.environment:checking '/home/lx/ros2/ros/xiao_ying/install/pointcloud_to_laserscan/bin'
[1.597s] Level 1:colcon.colcon_core.environment:checking '/home/lx/ros2/ros/xiao_ying/install/pointcloud_to_laserscan/lib/pkgconfig/pointcloud_to_laserscan.pc'
[1.598s] Level 1:colcon.colcon_core.environment:checking '/home/lx/ros2/ros/xiao_ying/install/pointcloud_to_laserscan/lib/python3.10/site-packages'
[1.598s] Level 1:colcon.colcon_core.environment:checking '/home/lx/ros2/ros/xiao_ying/install/pointcloud_to_laserscan/bin'
[1.612s] INFO:colcon.colcon_core.shell:Creating package script '/home/lx/ros2/ros/xiao_ying/install/pointcloud_to_laserscan/share/pointcloud_to_laserscan/package.ps1'
[1.613s] INFO:colcon.colcon_core.shell:Creating package descriptor '/home/lx/ros2/ros/xiao_ying/install/pointcloud_to_laserscan/share/pointcloud_to_laserscan/package.dsv'
[1.613s] INFO:colcon.colcon_core.shell:Creating package script '/home/lx/ros2/ros/xiao_ying/install/pointcloud_to_laserscan/share/pointcloud_to_laserscan/package.sh'
[1.613s] INFO:colcon.colcon_core.shell:Creating package script '/home/lx/ros2/ros/xiao_ying/install/pointcloud_to_laserscan/share/pointcloud_to_laserscan/package.bash'
[1.614s] INFO:colcon.colcon_core.shell:Creating package script '/home/lx/ros2/ros/xiao_ying/install/pointcloud_to_laserscan/share/pointcloud_to_laserscan/package.zsh'
[1.614s] Level 1:colcon.colcon_core.environment:create_file_with_runtime_dependencies(/home/lx/ros2/ros/xiao_ying/install/pointcloud_to_laserscan/share/colcon-core/packages/pointcloud_to_laserscan)
[1.629s] Level 1:colcon.colcon_core.environment:create_environment_scripts_only(imu_complementary_filter)
[1.645s] Level 1:colcon.colcon_core.environment:checking '/home/lx/ros2/ros/xiao_ying/install/imu_complementary_filter' for CMake module files
[1.646s] Level 1:colcon.colcon_core.environment:checking '/home/lx/ros2/ros/xiao_ying/install/imu_complementary_filter' for CMake config files
[1.646s] Level 1:colcon.colcon_core.shell:create_environment_hook('imu_complementary_filter', 'cmake_prefix_path')
[1.659s] INFO:colcon.colcon_core.shell:Creating environment hook '/home/lx/ros2/ros/xiao_ying/install/imu_complementary_filter/share/imu_complementary_filter/hook/cmake_prefix_path.ps1'
[1.660s] INFO:colcon.colcon_core.shell:Creating environment descriptor '/home/lx/ros2/ros/xiao_ying/install/imu_complementary_filter/share/imu_complementary_filter/hook/cmake_prefix_path.dsv'
[1.660s] INFO:colcon.colcon_core.shell:Creating environment hook '/home/lx/ros2/ros/xiao_ying/install/imu_complementary_filter/share/imu_complementary_filter/hook/cmake_prefix_path.sh'
[1.661s] Level 1:colcon.colcon_core.environment:checking '/home/lx/ros2/ros/xiao_ying/install/imu_complementary_filter/lib'
[1.661s] Level 1:colcon.colcon_core.shell:create_environment_hook('imu_complementary_filter', 'ld_library_path_lib')
[1.679s] INFO:colcon.colcon_core.shell:Creating environment hook '/home/lx/ros2/ros/xiao_ying/install/imu_complementary_filter/share/imu_complementary_filter/hook/ld_library_path_lib.ps1'
[1.680s] INFO:colcon.colcon_core.shell:Creating environment descriptor '/home/lx/ros2/ros/xiao_ying/install/imu_complementary_filter/share/imu_complementary_filter/hook/ld_library_path_lib.dsv'
[1.680s] INFO:colcon.colcon_core.shell:Creating environment hook '/home/lx/ros2/ros/xiao_ying/install/imu_complementary_filter/share/imu_complementary_filter/hook/ld_library_path_lib.sh'
[1.681s] Level 1:colcon.colcon_core.environment:checking '/home/lx/ros2/ros/xiao_ying/install/imu_complementary_filter/bin'
[1.681s] Level 1:colcon.colcon_core.environment:checking '/home/lx/ros2/ros/xiao_ying/install/imu_complementary_filter/lib/pkgconfig/imu_complementary_filter.pc'
[1.681s] Level 1:colcon.colcon_core.environment:checking '/home/lx/ros2/ros/xiao_ying/install/imu_complementary_filter/lib/python3.10/site-packages'
[1.682s] Level 1:colcon.colcon_core.environment:checking '/home/lx/ros2/ros/xiao_ying/install/imu_complementary_filter/bin'
[1.699s] INFO:colcon.colcon_core.shell:Creating package script '/home/lx/ros2/ros/xiao_ying/install/imu_complementary_filter/share/imu_complementary_filter/package.ps1'
[1.699s] INFO:colcon.colcon_core.shell:Creating package descriptor '/home/lx/ros2/ros/xiao_ying/install/imu_complementary_filter/share/imu_complementary_filter/package.dsv'
[1.700s] INFO:colcon.colcon_core.shell:Creating package script '/home/lx/ros2/ros/xiao_ying/install/imu_complementary_filter/share/imu_complementary_filter/package.sh'
[1.700s] INFO:colcon.colcon_core.shell:Creating package script '/home/lx/ros2/ros/xiao_ying/install/imu_complementary_filter/share/imu_complementary_filter/package.bash'
[1.700s] INFO:colcon.colcon_core.shell:Creating package script '/home/lx/ros2/ros/xiao_ying/install/imu_complementary_filter/share/imu_complementary_filter/package.zsh'
[1.701s] Level 1:colcon.colcon_core.environment:create_file_with_runtime_dependencies(/home/lx/ros2/ros/xiao_ying/install/imu_complementary_filter/share/colcon-core/packages/imu_complementary_filter)
[1.715s] Level 1:colcon.colcon_core.environment:create_environment_scripts_only(pointcloud_to_laserscan)
[1.727s] Level 1:colcon.colcon_core.environment:checking '/home/lx/ros2/ros/xiao_ying/install/pointcloud_to_laserscan' for CMake module files
[1.728s] Level 1:colcon.colcon_core.environment:checking '/home/lx/ros2/ros/xiao_ying/install/pointcloud_to_laserscan' for CMake config files
[1.728s] Level 1:colcon.colcon_core.shell:create_environment_hook('pointcloud_to_laserscan', 'cmake_prefix_path')
[1.741s] INFO:colcon.colcon_core.shell:Creating environment hook '/home/lx/ros2/ros/xiao_ying/install/pointcloud_to_laserscan/share/pointcloud_to_laserscan/hook/cmake_prefix_path.ps1'
[1.741s] INFO:colcon.colcon_core.shell:Creating environment descriptor '/home/lx/ros2/ros/xiao_ying/install/pointcloud_to_laserscan/share/pointcloud_to_laserscan/hook/cmake_prefix_path.dsv'
[1.741s] INFO:colcon.colcon_core.shell:Creating environment hook '/home/lx/ros2/ros/xiao_ying/install/pointcloud_to_laserscan/share/pointcloud_to_laserscan/hook/cmake_prefix_path.sh'
[1.742s] Level 1:colcon.colcon_core.environment:checking '/home/lx/ros2/ros/xiao_ying/install/pointcloud_to_laserscan/lib'
[1.742s] Level 1:colcon.colcon_core.shell:create_environment_hook('pointcloud_to_laserscan', 'ld_library_path_lib')
[1.754s] INFO:colcon.colcon_core.shell:Creating environment hook '/home/lx/ros2/ros/xiao_ying/install/pointcloud_to_laserscan/share/pointcloud_to_laserscan/hook/ld_library_path_lib.ps1'
[1.755s] INFO:colcon.colcon_core.shell:Creating environment descriptor '/home/lx/ros2/ros/xiao_ying/install/pointcloud_to_laserscan/share/pointcloud_to_laserscan/hook/ld_library_path_lib.dsv'
[1.755s] INFO:colcon.colcon_core.shell:Creating environment hook '/home/lx/ros2/ros/xiao_ying/install/pointcloud_to_laserscan/share/pointcloud_to_laserscan/hook/ld_library_path_lib.sh'
[1.755s] Level 1:colcon.colcon_core.environment:checking '/home/lx/ros2/ros/xiao_ying/install/pointcloud_to_laserscan/bin'
[1.755s] Level 1:colcon.colcon_core.environment:checking '/home/lx/ros2/ros/xiao_ying/install/pointcloud_to_laserscan/lib/pkgconfig/pointcloud_to_laserscan.pc'
[1.756s] Level 1:colcon.colcon_core.environment:checking '/home/lx/ros2/ros/xiao_ying/install/pointcloud_to_laserscan/lib/python3.10/site-packages'
[1.756s] Level 1:colcon.colcon_core.environment:checking '/home/lx/ros2/ros/xiao_ying/install/pointcloud_to_laserscan/bin'
[1.768s] INFO:colcon.colcon_core.shell:Creating package script '/home/lx/ros2/ros/xiao_ying/install/pointcloud_to_laserscan/share/pointcloud_to_laserscan/package.ps1'
[1.769s] INFO:colcon.colcon_core.shell:Creating package descriptor '/home/lx/ros2/ros/xiao_ying/install/pointcloud_to_laserscan/share/pointcloud_to_laserscan/package.dsv'
[1.769s] INFO:colcon.colcon_core.shell:Creating package script '/home/lx/ros2/ros/xiao_ying/install/pointcloud_to_laserscan/share/pointcloud_to_laserscan/package.sh'
[1.769s] INFO:colcon.colcon_core.shell:Creating package script '/home/lx/ros2/ros/xiao_ying/install/pointcloud_to_laserscan/share/pointcloud_to_laserscan/package.bash'
[1.770s] INFO:colcon.colcon_core.shell:Creating package script '/home/lx/ros2/ros/xiao_ying/install/pointcloud_to_laserscan/share/pointcloud_to_laserscan/package.zsh'
[1.770s] Level 1:colcon.colcon_core.environment:create_file_with_runtime_dependencies(/home/lx/ros2/ros/xiao_ying/install/pointcloud_to_laserscan/share/colcon-core/packages/pointcloud_to_laserscan)
[1.773s] DEBUG:colcon.colcon_core.event_handler.log_command:Invoked command in '/home/lx/ros2/ros/xiao_ying/build/livox_ros_driver2' returned '0': CMAKE_PREFIX_PATH=/opt/ros/humble /usr/bin/cmake --build /home/lx/ros2/ros/xiao_ying/build/livox_ros_driver2 -- -j12 -l12
[1.841s] DEBUG:colcon.colcon_core.event_handler.log_command:Invoking command in '/home/lx/ros2/ros/xiao_ying/build/livox_ros_driver2': CMAKE_PREFIX_PATH=/opt/ros/humble /usr/bin/cmake --install /home/lx/ros2/ros/xiao_ying/build/livox_ros_driver2
[1.885s] Level 1:colcon.colcon_core.environment:create_environment_scripts_only(livox_ros_driver2)
[1.886s] DEBUG:colcon.colcon_core.event_handler.log_command:Invoked command in '/home/lx/ros2/ros/xiao_ying/build/livox_ros_driver2' returned '0': CMAKE_PREFIX_PATH=/opt/ros/humble /usr/bin/cmake --install /home/lx/ros2/ros/xiao_ying/build/livox_ros_driver2
[1.899s] Level 1:colcon.colcon_core.environment:checking '/home/lx/ros2/ros/xiao_ying/install/livox_ros_driver2' for CMake module files
[1.900s] Level 1:colcon.colcon_core.environment:checking '/home/lx/ros2/ros/xiao_ying/install/livox_ros_driver2' for CMake config files
[1.900s] Level 1:colcon.colcon_core.shell:create_environment_hook('livox_ros_driver2', 'cmake_prefix_path')
[1.913s] INFO:colcon.colcon_core.shell:Creating environment hook '/home/lx/ros2/ros/xiao_ying/install/livox_ros_driver2/share/livox_ros_driver2/hook/cmake_prefix_path.ps1'
[1.913s] INFO:colcon.colcon_core.shell:Creating environment descriptor '/home/lx/ros2/ros/xiao_ying/install/livox_ros_driver2/share/livox_ros_driver2/hook/cmake_prefix_path.dsv'
[1.913s] INFO:colcon.colcon_core.shell:Creating environment hook '/home/lx/ros2/ros/xiao_ying/install/livox_ros_driver2/share/livox_ros_driver2/hook/cmake_prefix_path.sh'
[1.914s] Level 1:colcon.colcon_core.environment:checking '/home/lx/ros2/ros/xiao_ying/install/livox_ros_driver2/lib'
[1.914s] Level 1:colcon.colcon_core.shell:create_environment_hook('livox_ros_driver2', 'ld_library_path_lib')
[1.935s] INFO:colcon.colcon_core.shell:Creating environment hook '/home/lx/ros2/ros/xiao_ying/install/livox_ros_driver2/share/livox_ros_driver2/hook/ld_library_path_lib.ps1'
[1.935s] INFO:colcon.colcon_core.shell:Creating environment descriptor '/home/lx/ros2/ros/xiao_ying/install/livox_ros_driver2/share/livox_ros_driver2/hook/ld_library_path_lib.dsv'
[1.936s] INFO:colcon.colcon_core.shell:Creating environment hook '/home/lx/ros2/ros/xiao_ying/install/livox_ros_driver2/share/livox_ros_driver2/hook/ld_library_path_lib.sh'
[1.936s] Level 1:colcon.colcon_core.environment:checking '/home/lx/ros2/ros/xiao_ying/install/livox_ros_driver2/bin'
[1.936s] Level 1:colcon.colcon_core.environment:checking '/home/lx/ros2/ros/xiao_ying/install/livox_ros_driver2/lib/pkgconfig/livox_ros_driver2.pc'
[1.936s] Level 1:colcon.colcon_core.environment:checking '/home/lx/ros2/ros/xiao_ying/install/livox_ros_driver2/lib/python3.10/site-packages'
[1.937s] Level 1:colcon.colcon_core.environment:checking '/home/lx/ros2/ros/xiao_ying/install/livox_ros_driver2/bin'
[1.952s] INFO:colcon.colcon_core.shell:Creating package script '/home/lx/ros2/ros/xiao_ying/install/livox_ros_driver2/share/livox_ros_driver2/package.ps1'
[1.953s] INFO:colcon.colcon_core.shell:Creating package descriptor '/home/lx/ros2/ros/xiao_ying/install/livox_ros_driver2/share/livox_ros_driver2/package.dsv'
[1.953s] INFO:colcon.colcon_core.shell:Creating package script '/home/lx/ros2/ros/xiao_ying/install/livox_ros_driver2/share/livox_ros_driver2/package.sh'
[1.953s] INFO:colcon.colcon_core.shell:Creating package script '/home/lx/ros2/ros/xiao_ying/install/livox_ros_driver2/share/livox_ros_driver2/package.bash'
[1.954s] INFO:colcon.colcon_core.shell:Creating package script '/home/lx/ros2/ros/xiao_ying/install/livox_ros_driver2/share/livox_ros_driver2/package.zsh'
[1.954s] Level 1:colcon.colcon_core.environment:create_file_with_runtime_dependencies(/home/lx/ros2/ros/xiao_ying/install/livox_ros_driver2/share/colcon-core/packages/livox_ros_driver2)
[2.034s] Level 1:colcon.colcon_core.environment:create_environment_scripts_only(livox_ros_driver2)
[2.047s] Level 1:colcon.colcon_core.environment:checking '/home/lx/ros2/ros/xiao_ying/install/livox_ros_driver2' for CMake module files
[2.047s] Level 1:colcon.colcon_core.environment:checking '/home/lx/ros2/ros/xiao_ying/install/livox_ros_driver2' for CMake config files
[2.048s] Level 1:colcon.colcon_core.shell:create_environment_hook('livox_ros_driver2', 'cmake_prefix_path')
[2.060s] INFO:colcon.colcon_core.shell:Creating environment hook '/home/lx/ros2/ros/xiao_ying/install/livox_ros_driver2/share/livox_ros_driver2/hook/cmake_prefix_path.ps1'
[2.061s] INFO:colcon.colcon_core.shell:Creating environment descriptor '/home/lx/ros2/ros/xiao_ying/install/livox_ros_driver2/share/livox_ros_driver2/hook/cmake_prefix_path.dsv'
[2.061s] INFO:colcon.colcon_core.shell:Creating environment hook '/home/lx/ros2/ros/xiao_ying/install/livox_ros_driver2/share/livox_ros_driver2/hook/cmake_prefix_path.sh'
[2.061s] Level 1:colcon.colcon_core.environment:checking '/home/lx/ros2/ros/xiao_ying/install/livox_ros_driver2/lib'
[2.061s] Level 1:colcon.colcon_core.shell:create_environment_hook('livox_ros_driver2', 'ld_library_path_lib')
[2.074s] INFO:colcon.colcon_core.shell:Creating environment hook '/home/lx/ros2/ros/xiao_ying/install/livox_ros_driver2/share/livox_ros_driver2/hook/ld_library_path_lib.ps1'
[2.075s] INFO:colcon.colcon_core.shell:Creating environment descriptor '/home/lx/ros2/ros/xiao_ying/install/livox_ros_driver2/share/livox_ros_driver2/hook/ld_library_path_lib.dsv'
[2.075s] INFO:colcon.colcon_core.shell:Creating environment hook '/home/lx/ros2/ros/xiao_ying/install/livox_ros_driver2/share/livox_ros_driver2/hook/ld_library_path_lib.sh'
[2.075s] Level 1:colcon.colcon_core.environment:checking '/home/lx/ros2/ros/xiao_ying/install/livox_ros_driver2/bin'
[2.075s] Level 1:colcon.colcon_core.environment:checking '/home/lx/ros2/ros/xiao_ying/install/livox_ros_driver2/lib/pkgconfig/livox_ros_driver2.pc'
[2.075s] Level 1:colcon.colcon_core.environment:checking '/home/lx/ros2/ros/xiao_ying/install/livox_ros_driver2/lib/python3.10/site-packages'
[2.075s] Level 1:colcon.colcon_core.environment:checking '/home/lx/ros2/ros/xiao_ying/install/livox_ros_driver2/bin'
[2.090s] INFO:colcon.colcon_core.shell:Creating package script '/home/lx/ros2/ros/xiao_ying/install/livox_ros_driver2/share/livox_ros_driver2/package.ps1'
[2.090s] INFO:colcon.colcon_core.shell:Creating package descriptor '/home/lx/ros2/ros/xiao_ying/install/livox_ros_driver2/share/livox_ros_driver2/package.dsv'
[2.091s] INFO:colcon.colcon_core.shell:Creating package script '/home/lx/ros2/ros/xiao_ying/install/livox_ros_driver2/share/livox_ros_driver2/package.sh'
[2.091s] INFO:colcon.colcon_core.shell:Creating package script '/home/lx/ros2/ros/xiao_ying/install/livox_ros_driver2/share/livox_ros_driver2/package.bash'
[2.091s] INFO:colcon.colcon_core.shell:Creating package script '/home/lx/ros2/ros/xiao_ying/install/livox_ros_driver2/share/livox_ros_driver2/package.zsh'
[2.092s] Level 1:colcon.colcon_core.environment:create_file_with_runtime_dependencies(/home/lx/ros2/ros/xiao_ying/install/livox_ros_driver2/share/colcon-core/packages/livox_ros_driver2)
[2.092s] INFO:colcon.colcon_ros.task.ament_cmake.build:Building ROS package in '/home/lx/ros2/ros/xiao_ying/src/FAST_LIO' with build type 'ament_cmake'
[2.092s] INFO:colcon.colcon_cmake.task.cmake.build:Building CMake package in '/home/lx/ros2/ros/xiao_ying/src/FAST_LIO'
[2.106s] INFO:colcon.colcon_core.shell:Skip shell extension 'powershell' for command environment: Not usable outside of PowerShell
[2.106s] DEBUG:colcon.colcon_core.shell:Skip shell extension 'dsv' for command environment
[2.134s] INFO:colcon.colcon_ros.task.ament_cmake.build:Building ROS package in '/home/lx/ros2/ros/xiao_ying/src/livox_to_pointcloud2' with build type 'ament_cmake'
[2.134s] INFO:colcon.colcon_cmake.task.cmake.build:Building CMake package in '/home/lx/ros2/ros/xiao_ying/src/livox_to_pointcloud2'
[2.148s] INFO:colcon.colcon_core.shell:Skip shell extension 'powershell' for command environment: Not usable outside of PowerShell
[2.148s] DEBUG:colcon.colcon_core.shell:Skip shell extension 'dsv' for command environment
[2.183s] DEBUG:colcon.colcon_core.event_handler.log_command:Invoking command in '/home/lx/ros2/ros/xiao_ying/build/fast_lio': AMENT_PREFIX_PATH=/home/lx/ros2/ros/xiao_ying/install/livox_ros_driver2:${AMENT_PREFIX_PATH} CMAKE_PREFIX_PATH=/home/lx/ros2/ros/xiao_ying/install/livox_ros_driver2:/opt/ros/humble LD_LIBRARY_PATH=/home/lx/ros2/ros/xiao_ying/install/livox_ros_driver2/lib:${LD_LIBRARY_PATH} PYTHONPATH=/home/lx/ros2/ros/xiao_ying/install/livox_ros_driver2/local/lib/python3.10/dist-packages:${PYTHONPATH} /usr/bin/cmake --build /home/lx/ros2/ros/xiao_ying/build/fast_lio -- -j12 -l12
[2.185s] DEBUG:colcon.colcon_core.event_handler.log_command:Invoking command in '/home/lx/ros2/ros/xiao_ying/build/livox_to_pointcloud2': AMENT_PREFIX_PATH=/home/lx/ros2/ros/xiao_ying/install/livox_ros_driver2:${AMENT_PREFIX_PATH} CMAKE_PREFIX_PATH=/home/lx/ros2/ros/xiao_ying/install/livox_ros_driver2:/opt/ros/humble LD_LIBRARY_PATH=/home/lx/ros2/ros/xiao_ying/install/livox_ros_driver2/lib:${LD_LIBRARY_PATH} PYTHONPATH=/home/lx/ros2/ros/xiao_ying/install/livox_ros_driver2/local/lib/python3.10/dist-packages:${PYTHONPATH} /usr/bin/cmake --build /home/lx/ros2/ros/xiao_ying/build/livox_to_pointcloud2 -- -j12 -l12
[2.574s] DEBUG:colcon.colcon_core.event_handler.log_command:Invoked command in '/home/lx/ros2/ros/xiao_ying/build/fast_lio' returned '0': AMENT_PREFIX_PATH=/home/lx/ros2/ros/xiao_ying/install/livox_ros_driver2:${AMENT_PREFIX_PATH} CMAKE_PREFIX_PATH=/home/lx/ros2/ros/xiao_ying/install/livox_ros_driver2:/opt/ros/humble LD_LIBRARY_PATH=/home/lx/ros2/ros/xiao_ying/install/livox_ros_driver2/lib:${LD_LIBRARY_PATH} PYTHONPATH=/home/lx/ros2/ros/xiao_ying/install/livox_ros_driver2/local/lib/python3.10/dist-packages:${PYTHONPATH} /usr/bin/cmake --build /home/lx/ros2/ros/xiao_ying/build/fast_lio -- -j12 -l12
[2.620s] DEBUG:colcon.colcon_core.event_handler.log_command:Invoking command in '/home/lx/ros2/ros/xiao_ying/build/fast_lio': AMENT_PREFIX_PATH=/home/lx/ros2/ros/xiao_ying/install/livox_ros_driver2:${AMENT_PREFIX_PATH} CMAKE_PREFIX_PATH=/home/lx/ros2/ros/xiao_ying/install/livox_ros_driver2:/opt/ros/humble LD_LIBRARY_PATH=/home/lx/ros2/ros/xiao_ying/install/livox_ros_driver2/lib:${LD_LIBRARY_PATH} PYTHONPATH=/home/lx/ros2/ros/xiao_ying/install/livox_ros_driver2/local/lib/python3.10/dist-packages:${PYTHONPATH} /usr/bin/cmake --install /home/lx/ros2/ros/xiao_ying/build/fast_lio
[2.670s] Level 1:colcon.colcon_core.environment:create_environment_scripts_only(fast_lio)
[2.671s] DEBUG:colcon.colcon_core.event_handler.log_command:Invoked command in '/home/lx/ros2/ros/xiao_ying/build/fast_lio' returned '0': AMENT_PREFIX_PATH=/home/lx/ros2/ros/xiao_ying/install/livox_ros_driver2:${AMENT_PREFIX_PATH} CMAKE_PREFIX_PATH=/home/lx/ros2/ros/xiao_ying/install/livox_ros_driver2:/opt/ros/humble LD_LIBRARY_PATH=/home/lx/ros2/ros/xiao_ying/install/livox_ros_driver2/lib:${LD_LIBRARY_PATH} PYTHONPATH=/home/lx/ros2/ros/xiao_ying/install/livox_ros_driver2/local/lib/python3.10/dist-packages:${PYTHONPATH} /usr/bin/cmake --install /home/lx/ros2/ros/xiao_ying/build/fast_lio
[2.686s] Level 1:colcon.colcon_core.environment:checking '/home/lx/ros2/ros/xiao_ying/install/fast_lio' for CMake module files
[2.686s] Level 1:colcon.colcon_core.environment:checking '/home/lx/ros2/ros/xiao_ying/install/fast_lio' for CMake config files
[2.687s] Level 1:colcon.colcon_core.shell:create_environment_hook('fast_lio', 'cmake_prefix_path')
[2.701s] INFO:colcon.colcon_core.shell:Creating environment hook '/home/lx/ros2/ros/xiao_ying/install/fast_lio/share/fast_lio/hook/cmake_prefix_path.ps1'
[2.702s] INFO:colcon.colcon_core.shell:Creating environment descriptor '/home/lx/ros2/ros/xiao_ying/install/fast_lio/share/fast_lio/hook/cmake_prefix_path.dsv'
[2.702s] INFO:colcon.colcon_core.shell:Creating environment hook '/home/lx/ros2/ros/xiao_ying/install/fast_lio/share/fast_lio/hook/cmake_prefix_path.sh'
[2.703s] Level 1:colcon.colcon_core.environment:checking '/home/lx/ros2/ros/xiao_ying/install/fast_lio/lib'
[2.703s] Level 1:colcon.colcon_core.shell:create_environment_hook('fast_lio', 'ld_library_path_lib')
[2.717s] INFO:colcon.colcon_core.shell:Creating environment hook '/home/lx/ros2/ros/xiao_ying/install/fast_lio/share/fast_lio/hook/ld_library_path_lib.ps1'
[2.717s] INFO:colcon.colcon_core.shell:Creating environment descriptor '/home/lx/ros2/ros/xiao_ying/install/fast_lio/share/fast_lio/hook/ld_library_path_lib.dsv'
[2.718s] INFO:colcon.colcon_core.shell:Creating environment hook '/home/lx/ros2/ros/xiao_ying/install/fast_lio/share/fast_lio/hook/ld_library_path_lib.sh'
[2.718s] Level 1:colcon.colcon_core.environment:checking '/home/lx/ros2/ros/xiao_ying/install/fast_lio/bin'
[2.718s] Level 1:colcon.colcon_core.environment:checking '/home/lx/ros2/ros/xiao_ying/install/fast_lio/lib/pkgconfig/fast_lio.pc'
[2.718s] Level 1:colcon.colcon_core.environment:checking '/home/lx/ros2/ros/xiao_ying/install/fast_lio/lib/python3.10/site-packages'
[2.718s] Level 1:colcon.colcon_core.environment:checking '/home/lx/ros2/ros/xiao_ying/install/fast_lio/bin'
[2.734s] INFO:colcon.colcon_core.shell:Creating package script '/home/lx/ros2/ros/xiao_ying/install/fast_lio/share/fast_lio/package.ps1'
[2.735s] INFO:colcon.colcon_core.shell:Creating package descriptor '/home/lx/ros2/ros/xiao_ying/install/fast_lio/share/fast_lio/package.dsv'
[2.735s] INFO:colcon.colcon_core.shell:Creating package script '/home/lx/ros2/ros/xiao_ying/install/fast_lio/share/fast_lio/package.sh'
[2.736s] INFO:colcon.colcon_core.shell:Creating package script '/home/lx/ros2/ros/xiao_ying/install/fast_lio/share/fast_lio/package.bash'
[2.736s] INFO:colcon.colcon_core.shell:Creating package script '/home/lx/ros2/ros/xiao_ying/install/fast_lio/share/fast_lio/package.zsh'
[2.736s] Level 1:colcon.colcon_core.environment:create_file_with_runtime_dependencies(/home/lx/ros2/ros/xiao_ying/install/fast_lio/share/colcon-core/packages/fast_lio)
[2.790s] Level 1:colcon.colcon_core.environment:create_environment_scripts_only(fast_lio)
[2.804s] Level 1:colcon.colcon_core.environment:checking '/home/lx/ros2/ros/xiao_ying/install/fast_lio' for CMake module files
[2.804s] Level 1:colcon.colcon_core.environment:checking '/home/lx/ros2/ros/xiao_ying/install/fast_lio' for CMake config files
[2.805s] Level 1:colcon.colcon_core.shell:create_environment_hook('fast_lio', 'cmake_prefix_path')
[2.818s] INFO:colcon.colcon_core.shell:Creating environment hook '/home/lx/ros2/ros/xiao_ying/install/fast_lio/share/fast_lio/hook/cmake_prefix_path.ps1'
[2.818s] INFO:colcon.colcon_core.shell:Creating environment descriptor '/home/lx/ros2/ros/xiao_ying/install/fast_lio/share/fast_lio/hook/cmake_prefix_path.dsv'
[2.819s] INFO:colcon.colcon_core.shell:Creating environment hook '/home/lx/ros2/ros/xiao_ying/install/fast_lio/share/fast_lio/hook/cmake_prefix_path.sh'
[2.819s] Level 1:colcon.colcon_core.environment:checking '/home/lx/ros2/ros/xiao_ying/install/fast_lio/lib'
[2.819s] Level 1:colcon.colcon_core.shell:create_environment_hook('fast_lio', 'ld_library_path_lib')
[2.832s] INFO:colcon.colcon_core.shell:Creating environment hook '/home/lx/ros2/ros/xiao_ying/install/fast_lio/share/fast_lio/hook/ld_library_path_lib.ps1'
[2.832s] INFO:colcon.colcon_core.shell:Creating environment descriptor '/home/lx/ros2/ros/xiao_ying/install/fast_lio/share/fast_lio/hook/ld_library_path_lib.dsv'
[2.832s] INFO:colcon.colcon_core.shell:Creating environment hook '/home/lx/ros2/ros/xiao_ying/install/fast_lio/share/fast_lio/hook/ld_library_path_lib.sh'
[2.833s] Level 1:colcon.colcon_core.environment:checking '/home/lx/ros2/ros/xiao_ying/install/fast_lio/bin'
[2.833s] Level 1:colcon.colcon_core.environment:checking '/home/lx/ros2/ros/xiao_ying/install/fast_lio/lib/pkgconfig/fast_lio.pc'
[2.833s] Level 1:colcon.colcon_core.environment:checking '/home/lx/ros2/ros/xiao_ying/install/fast_lio/lib/python3.10/site-packages'
[2.833s] Level 1:colcon.colcon_core.environment:checking '/home/lx/ros2/ros/xiao_ying/install/fast_lio/bin'
[2.846s] INFO:colcon.colcon_core.shell:Creating package script '/home/lx/ros2/ros/xiao_ying/install/fast_lio/share/fast_lio/package.ps1'
[2.846s] INFO:colcon.colcon_core.shell:Creating package descriptor '/home/lx/ros2/ros/xiao_ying/install/fast_lio/share/fast_lio/package.dsv'
[2.847s] INFO:colcon.colcon_core.shell:Creating package script '/home/lx/ros2/ros/xiao_ying/install/fast_lio/share/fast_lio/package.sh'
[2.847s] INFO:colcon.colcon_core.shell:Creating package script '/home/lx/ros2/ros/xiao_ying/install/fast_lio/share/fast_lio/package.bash'
[2.848s] INFO:colcon.colcon_core.shell:Creating package script '/home/lx/ros2/ros/xiao_ying/install/fast_lio/share/fast_lio/package.zsh'
[2.848s] Level 1:colcon.colcon_core.environment:create_file_with_runtime_dependencies(/home/lx/ros2/ros/xiao_ying/install/fast_lio/share/colcon-core/packages/fast_lio)
[20.287s] DEBUG:colcon.colcon_core.event_handler.log_command:Invoked command in '/home/lx/ros2/ros/xiao_ying/build/livox_to_pointcloud2' returned '0': AMENT_PREFIX_PATH=/home/lx/ros2/ros/xiao_ying/install/livox_ros_driver2:${AMENT_PREFIX_PATH} CMAKE_PREFIX_PATH=/home/lx/ros2/ros/xiao_ying/install/livox_ros_driver2:/opt/ros/humble LD_LIBRARY_PATH=/home/lx/ros2/ros/xiao_ying/install/livox_ros_driver2/lib:${LD_LIBRARY_PATH} PYTHONPATH=/home/lx/ros2/ros/xiao_ying/install/livox_ros_driver2/local/lib/python3.10/dist-packages:${PYTHONPATH} /usr/bin/cmake --build /home/lx/ros2/ros/xiao_ying/build/livox_to_pointcloud2 -- -j12 -l12
[20.305s] DEBUG:colcon.colcon_core.event_handler.log_command:Invoking command in '/home/lx/ros2/ros/xiao_ying/build/livox_to_pointcloud2': AMENT_PREFIX_PATH=/home/lx/ros2/ros/xiao_ying/install/livox_ros_driver2:${AMENT_PREFIX_PATH} CMAKE_PREFIX_PATH=/home/lx/ros2/ros/xiao_ying/install/livox_ros_driver2:/opt/ros/humble LD_LIBRARY_PATH=/home/lx/ros2/ros/xiao_ying/install/livox_ros_driver2/lib:${LD_LIBRARY_PATH} PYTHONPATH=/home/lx/ros2/ros/xiao_ying/install/livox_ros_driver2/local/lib/python3.10/dist-packages:${PYTHONPATH} /usr/bin/cmake --install /home/lx/ros2/ros/xiao_ying/build/livox_to_pointcloud2
[20.328s] Level 1:colcon.colcon_core.environment:create_environment_scripts_only(livox_to_pointcloud2)
[20.329s] DEBUG:colcon.colcon_core.event_handler.log_command:Invoked command in '/home/lx/ros2/ros/xiao_ying/build/livox_to_pointcloud2' returned '0': AMENT_PREFIX_PATH=/home/lx/ros2/ros/xiao_ying/install/livox_ros_driver2:${AMENT_PREFIX_PATH} CMAKE_PREFIX_PATH=/home/lx/ros2/ros/xiao_ying/install/livox_ros_driver2:/opt/ros/humble LD_LIBRARY_PATH=/home/lx/ros2/ros/xiao_ying/install/livox_ros_driver2/lib:${LD_LIBRARY_PATH} PYTHONPATH=/home/lx/ros2/ros/xiao_ying/install/livox_ros_driver2/local/lib/python3.10/dist-packages:${PYTHONPATH} /usr/bin/cmake --install /home/lx/ros2/ros/xiao_ying/build/livox_to_pointcloud2
[20.341s] Level 1:colcon.colcon_core.environment:checking '/home/lx/ros2/ros/xiao_ying/install/livox_to_pointcloud2' for CMake module files
[20.342s] Level 1:colcon.colcon_core.environment:checking '/home/lx/ros2/ros/xiao_ying/install/livox_to_pointcloud2' for CMake config files
[20.342s] Level 1:colcon.colcon_core.shell:create_environment_hook('livox_to_pointcloud2', 'cmake_prefix_path')
[20.354s] INFO:colcon.colcon_core.shell:Creating environment hook '/home/lx/ros2/ros/xiao_ying/install/livox_to_pointcloud2/share/livox_to_pointcloud2/hook/cmake_prefix_path.ps1'
[20.354s] INFO:colcon.colcon_core.shell:Creating environment descriptor '/home/lx/ros2/ros/xiao_ying/install/livox_to_pointcloud2/share/livox_to_pointcloud2/hook/cmake_prefix_path.dsv'
[20.355s] INFO:colcon.colcon_core.shell:Creating environment hook '/home/lx/ros2/ros/xiao_ying/install/livox_to_pointcloud2/share/livox_to_pointcloud2/hook/cmake_prefix_path.sh'
[20.355s] Level 1:colcon.colcon_core.environment:checking '/home/lx/ros2/ros/xiao_ying/install/livox_to_pointcloud2/lib'
[20.355s] Level 1:colcon.colcon_core.shell:create_environment_hook('livox_to_pointcloud2', 'ld_library_path_lib')
[20.368s] INFO:colcon.colcon_core.shell:Creating environment hook '/home/lx/ros2/ros/xiao_ying/install/livox_to_pointcloud2/share/livox_to_pointcloud2/hook/ld_library_path_lib.ps1'
[20.368s] INFO:colcon.colcon_core.shell:Creating environment descriptor '/home/lx/ros2/ros/xiao_ying/install/livox_to_pointcloud2/share/livox_to_pointcloud2/hook/ld_library_path_lib.dsv'
[20.368s] INFO:colcon.colcon_core.shell:Creating environment hook '/home/lx/ros2/ros/xiao_ying/install/livox_to_pointcloud2/share/livox_to_pointcloud2/hook/ld_library_path_lib.sh'
[20.368s] Level 1:colcon.colcon_core.environment:checking '/home/lx/ros2/ros/xiao_ying/install/livox_to_pointcloud2/bin'
[20.368s] Level 1:colcon.colcon_core.environment:checking '/home/lx/ros2/ros/xiao_ying/install/livox_to_pointcloud2/lib/pkgconfig/livox_to_pointcloud2.pc'
[20.369s] Level 1:colcon.colcon_core.environment:checking '/home/lx/ros2/ros/xiao_ying/install/livox_to_pointcloud2/lib/python3.10/site-packages'
[20.369s] Level 1:colcon.colcon_core.environment:checking '/home/lx/ros2/ros/xiao_ying/install/livox_to_pointcloud2/bin'
[20.381s] INFO:colcon.colcon_core.shell:Creating package script '/home/lx/ros2/ros/xiao_ying/install/livox_to_pointcloud2/share/livox_to_pointcloud2/package.ps1'
[20.382s] INFO:colcon.colcon_core.shell:Creating package descriptor '/home/lx/ros2/ros/xiao_ying/install/livox_to_pointcloud2/share/livox_to_pointcloud2/package.dsv'
[20.382s] INFO:colcon.colcon_core.shell:Creating package script '/home/lx/ros2/ros/xiao_ying/install/livox_to_pointcloud2/share/livox_to_pointcloud2/package.sh'
[20.382s] INFO:colcon.colcon_core.shell:Creating package script '/home/lx/ros2/ros/xiao_ying/install/livox_to_pointcloud2/share/livox_to_pointcloud2/package.bash'
[20.382s] INFO:colcon.colcon_core.shell:Creating package script '/home/lx/ros2/ros/xiao_ying/install/livox_to_pointcloud2/share/livox_to_pointcloud2/package.zsh'
[20.383s] Level 1:colcon.colcon_core.environment:create_file_with_runtime_dependencies(/home/lx/ros2/ros/xiao_ying/install/livox_to_pointcloud2/share/colcon-core/packages/livox_to_pointcloud2)
[20.412s] Level 1:colcon.colcon_core.environment:create_environment_scripts_only(livox_to_pointcloud2)
[20.424s] Level 1:colcon.colcon_core.environment:checking '/home/lx/ros2/ros/xiao_ying/install/livox_to_pointcloud2' for CMake module files
[20.424s] Level 1:colcon.colcon_core.environment:checking '/home/lx/ros2/ros/xiao_ying/install/livox_to_pointcloud2' for CMake config files
[20.424s] Level 1:colcon.colcon_core.shell:create_environment_hook('livox_to_pointcloud2', 'cmake_prefix_path')
[20.436s] INFO:colcon.colcon_core.shell:Creating environment hook '/home/lx/ros2/ros/xiao_ying/install/livox_to_pointcloud2/share/livox_to_pointcloud2/hook/cmake_prefix_path.ps1'
[20.436s] INFO:colcon.colcon_core.shell:Creating environment descriptor '/home/lx/ros2/ros/xiao_ying/install/livox_to_pointcloud2/share/livox_to_pointcloud2/hook/cmake_prefix_path.dsv'
[20.436s] INFO:colcon.colcon_core.shell:Creating environment hook '/home/lx/ros2/ros/xiao_ying/install/livox_to_pointcloud2/share/livox_to_pointcloud2/hook/cmake_prefix_path.sh'
[20.437s] Level 1:colcon.colcon_core.environment:checking '/home/lx/ros2/ros/xiao_ying/install/livox_to_pointcloud2/lib'
[20.437s] Level 1:colcon.colcon_core.shell:create_environment_hook('livox_to_pointcloud2', 'ld_library_path_lib')
[20.449s] INFO:colcon.colcon_core.shell:Creating environment hook '/home/lx/ros2/ros/xiao_ying/install/livox_to_pointcloud2/share/livox_to_pointcloud2/hook/ld_library_path_lib.ps1'
[20.449s] INFO:colcon.colcon_core.shell:Creating environment descriptor '/home/lx/ros2/ros/xiao_ying/install/livox_to_pointcloud2/share/livox_to_pointcloud2/hook/ld_library_path_lib.dsv'
[20.449s] INFO:colcon.colcon_core.shell:Creating environment hook '/home/lx/ros2/ros/xiao_ying/install/livox_to_pointcloud2/share/livox_to_pointcloud2/hook/ld_library_path_lib.sh'
[20.450s] Level 1:colcon.colcon_core.environment:checking '/home/lx/ros2/ros/xiao_ying/install/livox_to_pointcloud2/bin'
[20.450s] Level 1:colcon.colcon_core.environment:checking '/home/lx/ros2/ros/xiao_ying/install/livox_to_pointcloud2/lib/pkgconfig/livox_to_pointcloud2.pc'
[20.450s] Level 1:colcon.colcon_core.environment:checking '/home/lx/ros2/ros/xiao_ying/install/livox_to_pointcloud2/lib/python3.10/site-packages'
[20.450s] Level 1:colcon.colcon_core.environment:checking '/home/lx/ros2/ros/xiao_ying/install/livox_to_pointcloud2/bin'
[20.462s] INFO:colcon.colcon_core.shell:Creating package script '/home/lx/ros2/ros/xiao_ying/install/livox_to_pointcloud2/share/livox_to_pointcloud2/package.ps1'
[20.462s] INFO:colcon.colcon_core.shell:Creating package descriptor '/home/lx/ros2/ros/xiao_ying/install/livox_to_pointcloud2/share/livox_to_pointcloud2/package.dsv'
[20.463s] INFO:colcon.colcon_core.shell:Creating package script '/home/lx/ros2/ros/xiao_ying/install/livox_to_pointcloud2/share/livox_to_pointcloud2/package.sh'
[20.463s] INFO:colcon.colcon_core.shell:Creating package script '/home/lx/ros2/ros/xiao_ying/install/livox_to_pointcloud2/share/livox_to_pointcloud2/package.bash'
[20.463s] INFO:colcon.colcon_core.shell:Creating package script '/home/lx/ros2/ros/xiao_ying/install/livox_to_pointcloud2/share/livox_to_pointcloud2/package.zsh'
[20.463s] Level 1:colcon.colcon_core.environment:create_file_with_runtime_dependencies(/home/lx/ros2/ros/xiao_ying/install/livox_to_pointcloud2/share/colcon-core/packages/livox_to_pointcloud2)
[20.464s] DEBUG:colcon.colcon_parallel_executor.executor.parallel:closing loop
[20.464s] DEBUG:colcon.colcon_parallel_executor.executor.parallel:loop closed
[20.464s] DEBUG:colcon.colcon_parallel_executor.executor.parallel:run_until_complete finished with '0'
[20.464s] DEBUG:colcon.colcon_core.event_reactor:joining thread
[20.480s] INFO:colcon.colcon_core.plugin_system:Skipping extension 'colcon_notification.desktop_notification.terminal_notifier': Not used on non-Darwin systems
[20.480s] INFO:colcon.colcon_core.plugin_system:Skipping extension 'colcon_notification.desktop_notification.win32': Not used on non-Windows systems
[20.480s] INFO:colcon.colcon_notification.desktop_notification:Sending desktop notification using 'notify2'
[20.488s] DEBUG:colcon.colcon_core.event_reactor:joined thread
[20.501s] INFO:colcon.colcon_core.shell:Creating prefix script '/home/lx/ros2/ros/xiao_ying/install/local_setup.ps1'
[20.502s] INFO:colcon.colcon_core.shell:Creating prefix util module '/home/lx/ros2/ros/xiao_ying/install/_local_setup_util_ps1.py'
[20.503s] INFO:colcon.colcon_core.shell:Creating prefix chain script '/home/lx/ros2/ros/xiao_ying/install/setup.ps1'
[20.516s] INFO:colcon.colcon_core.shell:Creating prefix script '/home/lx/ros2/ros/xiao_ying/install/local_setup.sh'
[20.516s] INFO:colcon.colcon_core.shell:Creating prefix util module '/home/lx/ros2/ros/xiao_ying/install/_local_setup_util_sh.py'
[20.516s] INFO:colcon.colcon_core.shell:Creating prefix chain script '/home/lx/ros2/ros/xiao_ying/install/setup.sh'
[20.529s] INFO:colcon.colcon_core.shell:Creating prefix script '/home/lx/ros2/ros/xiao_ying/install/local_setup.bash'
[20.530s] INFO:colcon.colcon_core.shell:Creating prefix chain script '/home/lx/ros2/ros/xiao_ying/install/setup.bash'
[20.542s] INFO:colcon.colcon_core.shell:Creating prefix script '/home/lx/ros2/ros/xiao_ying/install/local_setup.zsh'
[20.543s] INFO:colcon.colcon_core.shell:Creating prefix chain script '/home/lx/ros2/ros/xiao_ying/install/setup.zsh'
