[0.801s] DEBUG:colcon:Command line arguments: ['/usr/bin/colcon', 'build']
[0.802s] DEBUG:colcon:Parsed command line arguments: Namespace(log_base=None, log_level=None, verb_name='build', build_base='build', install_base='install', merge_install=False, symlink_install=False, test_result_base=None, continue_on_error=False, executor='parallel', parallel_workers=12, event_handlers=None, ignore_user_meta=False, metas=['./colcon.meta'], base_paths=['.'], packages_ignore=None, packages_ignore_regex=None, paths=None, packages_up_to=None, packages_up_to_regex=None, packages_above=None, packages_above_and_dependencies=None, packages_above_depth=None, packages_select_by_dep=None, packages_skip_by_dep=None, packages_skip_up_to=None, packages_select_build_failed=False, packages_skip_build_finished=False, packages_select_test_failures=False, packages_skip_test_passed=False, packages_select=None, packages_skip=None, packages_select_regex=None, packages_skip_regex=None, packages_start=None, packages_end=None, allow_overriding=[], cmake_args=None, cmake_target=None, cmake_target_skip_unavailable=False, cmake_clean_cache=False, cmake_clean_first=False, cmake_force_configure=False, ament_cmake_args=None, catkin_cmake_args=None, catkin_skip_building_tests=False, verb_parser=<colcon_defaults.argument_parser.defaults.DefaultArgumentsDecorator object at 0x7f7a287d1ae0>, verb_extension=<colcon_core.verb.build.BuildVerb object at 0x7f7a28c4b2b0>, main=<bound method BuildVerb.main of <colcon_core.verb.build.BuildVerb object at 0x7f7a28c4b2b0>>)
[0.839s] Level 1:colcon.colcon_core.package_discovery:discover_packages(colcon_meta) check parameters
[0.839s] Level 1:colcon.colcon_core.package_discovery:discover_packages(recursive) check parameters
[0.839s] Level 1:colcon.colcon_core.package_discovery:discover_packages(ignore) check parameters
[0.839s] Level 1:colcon.colcon_core.package_discovery:discover_packages(path) check parameters
[0.839s] Level 1:colcon.colcon_core.package_discovery:discover_packages(colcon_meta) discover
[0.839s] Level 1:colcon.colcon_core.package_discovery:discover_packages(recursive) discover
[0.839s] INFO:colcon.colcon_core.package_discovery:Crawling recursively for packages in '/home/lx/文档/GitHub/ros/xiao_ying'
[0.839s] Level 1:colcon.colcon_core.package_identification:_identify(.) by extensions ['ignore', 'ignore_ament_install']
[0.839s] Level 1:colcon.colcon_core.package_identification:_identify(.) by extension 'ignore'
[0.839s] Level 1:colcon.colcon_core.package_identification:_identify(.) by extension 'ignore_ament_install'
[0.839s] Level 1:colcon.colcon_core.package_identification:_identify(.) by extensions ['colcon_pkg']
[0.839s] Level 1:colcon.colcon_core.package_identification:_identify(.) by extension 'colcon_pkg'
[0.839s] Level 1:colcon.colcon_core.package_identification:_identify(.) by extensions ['colcon_meta']
[0.839s] Level 1:colcon.colcon_core.package_identification:_identify(.) by extension 'colcon_meta'
[0.839s] Level 1:colcon.colcon_core.package_identification:_identify(.) by extensions ['ros']
[0.839s] Level 1:colcon.colcon_core.package_identification:_identify(.) by extension 'ros'
[0.848s] Level 1:colcon.colcon_core.package_identification:_identify(.) by extensions ['cmake', 'python']
[0.848s] Level 1:colcon.colcon_core.package_identification:_identify(.) by extension 'cmake'
[0.848s] Level 1:colcon.colcon_core.package_identification:_identify(.) by extension 'python'
[0.848s] Level 1:colcon.colcon_core.package_identification:_identify(.) by extensions ['python_setup_py']
[0.848s] Level 1:colcon.colcon_core.package_identification:_identify(.) by extension 'python_setup_py'
[0.848s] Level 1:colcon.colcon_core.package_identification:_identify(build) by extensions ['ignore', 'ignore_ament_install']
[0.848s] Level 1:colcon.colcon_core.package_identification:_identify(build) by extension 'ignore'
[0.848s] Level 1:colcon.colcon_core.package_identification:_identify(build) ignored
[0.848s] Level 1:colcon.colcon_core.package_identification:_identify(install) by extensions ['ignore', 'ignore_ament_install']
[0.848s] Level 1:colcon.colcon_core.package_identification:_identify(install) by extension 'ignore'
[0.848s] Level 1:colcon.colcon_core.package_identification:_identify(install) ignored
[0.849s] Level 1:colcon.colcon_core.package_identification:_identify(log) by extensions ['ignore', 'ignore_ament_install']
[0.849s] Level 1:colcon.colcon_core.package_identification:_identify(log) by extension 'ignore'
[0.849s] Level 1:colcon.colcon_core.package_identification:_identify(log) ignored
[0.849s] Level 1:colcon.colcon_core.package_identification:_identify(src) by extensions ['ignore', 'ignore_ament_install']
[0.849s] Level 1:colcon.colcon_core.package_identification:_identify(src) by extension 'ignore'
[0.849s] Level 1:colcon.colcon_core.package_identification:_identify(src) by extension 'ignore_ament_install'
[0.849s] Level 1:colcon.colcon_core.package_identification:_identify(src) by extensions ['colcon_pkg']
[0.849s] Level 1:colcon.colcon_core.package_identification:_identify(src) by extension 'colcon_pkg'
[0.849s] Level 1:colcon.colcon_core.package_identification:_identify(src) by extensions ['colcon_meta']
[0.849s] Level 1:colcon.colcon_core.package_identification:_identify(src) by extension 'colcon_meta'
[0.849s] Level 1:colcon.colcon_core.package_identification:_identify(src) by extensions ['ros']
[0.849s] Level 1:colcon.colcon_core.package_identification:_identify(src) by extension 'ros'
[0.849s] Level 1:colcon.colcon_core.package_identification:_identify(src) by extensions ['cmake', 'python']
[0.849s] Level 1:colcon.colcon_core.package_identification:_identify(src) by extension 'cmake'
[0.849s] Level 1:colcon.colcon_core.package_identification:_identify(src) by extension 'python'
[0.849s] Level 1:colcon.colcon_core.package_identification:_identify(src) by extensions ['python_setup_py']
[0.849s] Level 1:colcon.colcon_core.package_identification:_identify(src) by extension 'python_setup_py'
[0.849s] Level 1:colcon.colcon_core.package_identification:_identify(src/imu_to_odom) by extensions ['ignore', 'ignore_ament_install']
[0.849s] Level 1:colcon.colcon_core.package_identification:_identify(src/imu_to_odom) by extension 'ignore'
[0.849s] Level 1:colcon.colcon_core.package_identification:_identify(src/imu_to_odom) by extension 'ignore_ament_install'
[0.850s] Level 1:colcon.colcon_core.package_identification:_identify(src/imu_to_odom) by extensions ['colcon_pkg']
[0.850s] Level 1:colcon.colcon_core.package_identification:_identify(src/imu_to_odom) by extension 'colcon_pkg'
[0.850s] Level 1:colcon.colcon_core.package_identification:_identify(src/imu_to_odom) by extensions ['colcon_meta']
[0.850s] Level 1:colcon.colcon_core.package_identification:_identify(src/imu_to_odom) by extension 'colcon_meta'
[0.850s] Level 1:colcon.colcon_core.package_identification:_identify(src/imu_to_odom) by extensions ['ros']
[0.850s] Level 1:colcon.colcon_core.package_identification:_identify(src/imu_to_odom) by extension 'ros'
[0.852s] DEBUG:colcon.colcon_core.package_identification:Package 'src/imu_to_odom' with type 'ros.ament_cmake' and name 'imu_to_odom'
[0.852s] Level 1:colcon.colcon_core.package_discovery:discover_packages(recursive) using defaults
[0.852s] Level 1:colcon.colcon_core.package_discovery:discover_packages(ignore) discover
[0.852s] Level 1:colcon.colcon_core.package_discovery:discover_packages(ignore) using defaults
[0.852s] Level 1:colcon.colcon_core.package_discovery:discover_packages(path) discover
[0.852s] Level 1:colcon.colcon_core.package_discovery:discover_packages(path) using defaults
[0.925s] Level 1:colcon.colcon_core.package_discovery:discover_packages(prefix_path) check parameters
[0.925s] Level 1:colcon.colcon_core.package_discovery:discover_packages(prefix_path) discover
[0.949s] DEBUG:colcon.colcon_installed_package_information.package_discovery:Found 3 installed packages in /home/lx/文档/GitHub/ros/xiao_ying/install
[0.961s] DEBUG:colcon.colcon_installed_package_information.package_discovery:Found 387 installed packages in /opt/ros/humble
[0.963s] Level 1:colcon.colcon_core.package_discovery:discover_packages(prefix_path) using defaults
[1.069s] Level 5:colcon.colcon_core.verb:set package 'imu_to_odom' build argument 'cmake_args' from command line to 'None'
[1.069s] Level 5:colcon.colcon_core.verb:set package 'imu_to_odom' build argument 'cmake_target' from command line to 'None'
[1.069s] Level 5:colcon.colcon_core.verb:set package 'imu_to_odom' build argument 'cmake_target_skip_unavailable' from command line to 'False'
[1.069s] Level 5:colcon.colcon_core.verb:set package 'imu_to_odom' build argument 'cmake_clean_cache' from command line to 'False'
[1.069s] Level 5:colcon.colcon_core.verb:set package 'imu_to_odom' build argument 'cmake_clean_first' from command line to 'False'
[1.069s] Level 5:colcon.colcon_core.verb:set package 'imu_to_odom' build argument 'cmake_force_configure' from command line to 'False'
[1.069s] Level 5:colcon.colcon_core.verb:set package 'imu_to_odom' build argument 'ament_cmake_args' from command line to 'None'
[1.069s] Level 5:colcon.colcon_core.verb:set package 'imu_to_odom' build argument 'catkin_cmake_args' from command line to 'None'
[1.069s] Level 5:colcon.colcon_core.verb:set package 'imu_to_odom' build argument 'catkin_skip_building_tests' from command line to 'False'
[1.069s] DEBUG:colcon.colcon_core.verb:Building package 'imu_to_odom' with the following arguments: {'ament_cmake_args': None, 'build_base': '/home/lx/文档/GitHub/ros/xiao_ying/build/imu_to_odom', 'catkin_cmake_args': None, 'catkin_skip_building_tests': False, 'cmake_args': None, 'cmake_clean_cache': False, 'cmake_clean_first': False, 'cmake_force_configure': False, 'cmake_target': None, 'cmake_target_skip_unavailable': False, 'install_base': '/home/lx/文档/GitHub/ros/xiao_ying/install/imu_to_odom', 'merge_install': False, 'path': '/home/lx/文档/GitHub/ros/xiao_ying/src/imu_to_odom', 'symlink_install': False, 'test_result_base': None}
[1.081s] INFO:colcon.colcon_core.executor:Executing jobs using 'parallel' executor
[1.093s] DEBUG:colcon.colcon_parallel_executor.executor.parallel:run_until_complete
[1.093s] INFO:colcon.colcon_ros.task.ament_cmake.build:Building ROS package in '/home/lx/文档/GitHub/ros/xiao_ying/src/imu_to_odom' with build type 'ament_cmake'
[1.093s] INFO:colcon.colcon_cmake.task.cmake.build:Building CMake package in '/home/lx/文档/GitHub/ros/xiao_ying/src/imu_to_odom'
[1.106s] INFO:colcon.colcon_core.plugin_system:Skipping extension 'colcon_core.shell.bat': Not used on non-Windows systems
[1.106s] INFO:colcon.colcon_core.shell:Skip shell extension 'powershell' for command environment: Not usable outside of PowerShell
[1.106s] DEBUG:colcon.colcon_core.shell:Skip shell extension 'dsv' for command environment
[1.147s] DEBUG:colcon.colcon_core.event_handler.log_command:Invoking command in '/home/lx/文档/GitHub/ros/xiao_ying/build/imu_to_odom': CMAKE_PREFIX_PATH=${CMAKE_PREFIX_PATH}:/opt/ros/humble /usr/bin/cmake /home/lx/文档/GitHub/ros/xiao_ying/src/imu_to_odom -DCMAKE_INSTALL_PREFIX=/home/lx/文档/GitHub/ros/xiao_ying/install/imu_to_odom
[2.447s] DEBUG:colcon.colcon_core.event_handler.log_command:Invoked command in '/home/lx/文档/GitHub/ros/xiao_ying/build/imu_to_odom' returned '0': CMAKE_PREFIX_PATH=${CMAKE_PREFIX_PATH}:/opt/ros/humble /usr/bin/cmake /home/lx/文档/GitHub/ros/xiao_ying/src/imu_to_odom -DCMAKE_INSTALL_PREFIX=/home/lx/文档/GitHub/ros/xiao_ying/install/imu_to_odom
[2.448s] DEBUG:colcon.colcon_core.event_handler.log_command:Invoking command in '/home/lx/文档/GitHub/ros/xiao_ying/build/imu_to_odom': CMAKE_PREFIX_PATH=${CMAKE_PREFIX_PATH}:/opt/ros/humble /usr/bin/cmake --build /home/lx/文档/GitHub/ros/xiao_ying/build/imu_to_odom -- -j12 -l12
[9.508s] DEBUG:colcon.colcon_core.event_handler.log_command:Invoked command in '/home/lx/文档/GitHub/ros/xiao_ying/build/imu_to_odom' returned '0': CMAKE_PREFIX_PATH=${CMAKE_PREFIX_PATH}:/opt/ros/humble /usr/bin/cmake --build /home/lx/文档/GitHub/ros/xiao_ying/build/imu_to_odom -- -j12 -l12
[9.530s] DEBUG:colcon.colcon_core.event_handler.log_command:Invoking command in '/home/lx/文档/GitHub/ros/xiao_ying/build/imu_to_odom': CMAKE_PREFIX_PATH=${CMAKE_PREFIX_PATH}:/opt/ros/humble /usr/bin/cmake --install /home/lx/文档/GitHub/ros/xiao_ying/build/imu_to_odom
[9.541s] Level 1:colcon.colcon_core.environment:create_environment_scripts_only(imu_to_odom)
[9.542s] DEBUG:colcon.colcon_core.event_handler.log_command:Invoked command in '/home/lx/文档/GitHub/ros/xiao_ying/build/imu_to_odom' returned '0': CMAKE_PREFIX_PATH=${CMAKE_PREFIX_PATH}:/opt/ros/humble /usr/bin/cmake --install /home/lx/文档/GitHub/ros/xiao_ying/build/imu_to_odom
[9.556s] Level 1:colcon.colcon_core.environment:checking '/home/lx/文档/GitHub/ros/xiao_ying/install/imu_to_odom' for CMake module files
[9.556s] Level 1:colcon.colcon_core.environment:checking '/home/lx/文档/GitHub/ros/xiao_ying/install/imu_to_odom' for CMake config files
[9.556s] Level 1:colcon.colcon_core.shell:create_environment_hook('imu_to_odom', 'cmake_prefix_path')
[9.568s] INFO:colcon.colcon_core.shell:Creating environment hook '/home/lx/文档/GitHub/ros/xiao_ying/install/imu_to_odom/share/imu_to_odom/hook/cmake_prefix_path.ps1'
[9.569s] INFO:colcon.colcon_core.shell:Creating environment descriptor '/home/lx/文档/GitHub/ros/xiao_ying/install/imu_to_odom/share/imu_to_odom/hook/cmake_prefix_path.dsv'
[9.569s] INFO:colcon.colcon_core.shell:Creating environment hook '/home/lx/文档/GitHub/ros/xiao_ying/install/imu_to_odom/share/imu_to_odom/hook/cmake_prefix_path.sh'
[9.570s] Level 1:colcon.colcon_core.environment:checking '/home/lx/文档/GitHub/ros/xiao_ying/install/imu_to_odom/lib'
[9.570s] Level 1:colcon.colcon_core.environment:checking '/home/lx/文档/GitHub/ros/xiao_ying/install/imu_to_odom/bin'
[9.570s] Level 1:colcon.colcon_core.environment:checking '/home/lx/文档/GitHub/ros/xiao_ying/install/imu_to_odom/lib/pkgconfig/imu_to_odom.pc'
[9.570s] Level 1:colcon.colcon_core.environment:checking '/home/lx/文档/GitHub/ros/xiao_ying/install/imu_to_odom/lib/python3.10/site-packages'
[9.570s] Level 1:colcon.colcon_core.environment:checking '/home/lx/文档/GitHub/ros/xiao_ying/install/imu_to_odom/bin'
[9.582s] INFO:colcon.colcon_core.shell:Creating package script '/home/lx/文档/GitHub/ros/xiao_ying/install/imu_to_odom/share/imu_to_odom/package.ps1'
[9.582s] INFO:colcon.colcon_core.shell:Creating package descriptor '/home/lx/文档/GitHub/ros/xiao_ying/install/imu_to_odom/share/imu_to_odom/package.dsv'
[9.583s] INFO:colcon.colcon_core.shell:Creating package script '/home/lx/文档/GitHub/ros/xiao_ying/install/imu_to_odom/share/imu_to_odom/package.sh'
[9.583s] INFO:colcon.colcon_core.shell:Creating package script '/home/lx/文档/GitHub/ros/xiao_ying/install/imu_to_odom/share/imu_to_odom/package.bash'
[9.584s] INFO:colcon.colcon_core.shell:Creating package script '/home/lx/文档/GitHub/ros/xiao_ying/install/imu_to_odom/share/imu_to_odom/package.zsh'
[9.584s] Level 1:colcon.colcon_core.environment:create_file_with_runtime_dependencies(/home/lx/文档/GitHub/ros/xiao_ying/install/imu_to_odom/share/colcon-core/packages/imu_to_odom)
[9.611s] Level 1:colcon.colcon_core.environment:create_environment_scripts_only(imu_to_odom)
[9.623s] Level 1:colcon.colcon_core.environment:checking '/home/lx/文档/GitHub/ros/xiao_ying/install/imu_to_odom' for CMake module files
[9.623s] Level 1:colcon.colcon_core.environment:checking '/home/lx/文档/GitHub/ros/xiao_ying/install/imu_to_odom' for CMake config files
[9.624s] Level 1:colcon.colcon_core.shell:create_environment_hook('imu_to_odom', 'cmake_prefix_path')
[9.635s] INFO:colcon.colcon_core.shell:Creating environment hook '/home/lx/文档/GitHub/ros/xiao_ying/install/imu_to_odom/share/imu_to_odom/hook/cmake_prefix_path.ps1'
[9.636s] INFO:colcon.colcon_core.shell:Creating environment descriptor '/home/lx/文档/GitHub/ros/xiao_ying/install/imu_to_odom/share/imu_to_odom/hook/cmake_prefix_path.dsv'
[9.636s] INFO:colcon.colcon_core.shell:Creating environment hook '/home/lx/文档/GitHub/ros/xiao_ying/install/imu_to_odom/share/imu_to_odom/hook/cmake_prefix_path.sh'
[9.636s] Level 1:colcon.colcon_core.environment:checking '/home/lx/文档/GitHub/ros/xiao_ying/install/imu_to_odom/lib'
[9.636s] Level 1:colcon.colcon_core.environment:checking '/home/lx/文档/GitHub/ros/xiao_ying/install/imu_to_odom/bin'
[9.636s] Level 1:colcon.colcon_core.environment:checking '/home/lx/文档/GitHub/ros/xiao_ying/install/imu_to_odom/lib/pkgconfig/imu_to_odom.pc'
[9.636s] Level 1:colcon.colcon_core.environment:checking '/home/lx/文档/GitHub/ros/xiao_ying/install/imu_to_odom/lib/python3.10/site-packages'
[9.637s] Level 1:colcon.colcon_core.environment:checking '/home/lx/文档/GitHub/ros/xiao_ying/install/imu_to_odom/bin'
[9.649s] INFO:colcon.colcon_core.shell:Creating package script '/home/lx/文档/GitHub/ros/xiao_ying/install/imu_to_odom/share/imu_to_odom/package.ps1'
[9.649s] INFO:colcon.colcon_core.shell:Creating package descriptor '/home/lx/文档/GitHub/ros/xiao_ying/install/imu_to_odom/share/imu_to_odom/package.dsv'
[9.649s] INFO:colcon.colcon_core.shell:Creating package script '/home/lx/文档/GitHub/ros/xiao_ying/install/imu_to_odom/share/imu_to_odom/package.sh'
[9.650s] INFO:colcon.colcon_core.shell:Creating package script '/home/lx/文档/GitHub/ros/xiao_ying/install/imu_to_odom/share/imu_to_odom/package.bash'
[9.650s] INFO:colcon.colcon_core.shell:Creating package script '/home/lx/文档/GitHub/ros/xiao_ying/install/imu_to_odom/share/imu_to_odom/package.zsh'
[9.650s] Level 1:colcon.colcon_core.environment:create_file_with_runtime_dependencies(/home/lx/文档/GitHub/ros/xiao_ying/install/imu_to_odom/share/colcon-core/packages/imu_to_odom)
[9.650s] DEBUG:colcon.colcon_parallel_executor.executor.parallel:closing loop
[9.651s] DEBUG:colcon.colcon_parallel_executor.executor.parallel:loop closed
[9.651s] DEBUG:colcon.colcon_parallel_executor.executor.parallel:run_until_complete finished with '0'
[9.651s] DEBUG:colcon.colcon_core.event_reactor:joining thread
[9.666s] INFO:colcon.colcon_core.plugin_system:Skipping extension 'colcon_notification.desktop_notification.terminal_notifier': Not used on non-Darwin systems
[9.666s] INFO:colcon.colcon_core.plugin_system:Skipping extension 'colcon_notification.desktop_notification.win32': Not used on non-Windows systems
[9.666s] INFO:colcon.colcon_notification.desktop_notification:Sending desktop notification using 'notify2'
[9.675s] DEBUG:colcon.colcon_core.event_reactor:joined thread
[9.687s] INFO:colcon.colcon_core.shell:Creating prefix script '/home/lx/文档/GitHub/ros/xiao_ying/install/local_setup.ps1'
[9.688s] INFO:colcon.colcon_core.shell:Creating prefix util module '/home/lx/文档/GitHub/ros/xiao_ying/install/_local_setup_util_ps1.py'
[9.689s] INFO:colcon.colcon_core.shell:Creating prefix chain script '/home/lx/文档/GitHub/ros/xiao_ying/install/setup.ps1'
[9.705s] INFO:colcon.colcon_core.shell:Creating prefix script '/home/lx/文档/GitHub/ros/xiao_ying/install/local_setup.sh'
[9.705s] INFO:colcon.colcon_core.shell:Creating prefix util module '/home/lx/文档/GitHub/ros/xiao_ying/install/_local_setup_util_sh.py'
[9.706s] INFO:colcon.colcon_core.shell:Creating prefix chain script '/home/lx/文档/GitHub/ros/xiao_ying/install/setup.sh'
[9.718s] INFO:colcon.colcon_core.shell:Creating prefix script '/home/lx/文档/GitHub/ros/xiao_ying/install/local_setup.bash'
[9.719s] INFO:colcon.colcon_core.shell:Creating prefix chain script '/home/lx/文档/GitHub/ros/xiao_ying/install/setup.bash'
[9.731s] INFO:colcon.colcon_core.shell:Creating prefix script '/home/lx/文档/GitHub/ros/xiao_ying/install/local_setup.zsh'
[9.732s] INFO:colcon.colcon_core.shell:Creating prefix chain script '/home/lx/文档/GitHub/ros/xiao_ying/install/setup.zsh'
