[35m[1mConsolidate compiler generated dependencies of target server[0m
[100%] Built target server
-- Install configuration: "RelWithDebInfo"
-- Execute custom install script
-- Up-to-date symlink: /home/lx/ros/service_ws/install/server/share/ament_index/resource_index/package_run_dependencies/server
-- Up-to-date symlink: /home/lx/ros/service_ws/install/server/share/ament_index/resource_index/parent_prefix_path/server
-- Up-to-date symlink: /home/lx/ros/service_ws/install/server/share/server/environment/ament_prefix_path.sh
-- Up-to-date symlink: /home/lx/ros/service_ws/install/server/share/server/environment/ament_prefix_path.dsv
-- Up-to-date symlink: /home/lx/ros/service_ws/install/server/share/server/environment/path.sh
-- Up-to-date symlink: /home/lx/ros/service_ws/install/server/share/server/environment/path.dsv
-- Up-to-date symlink: /home/lx/ros/service_ws/install/server/share/server/local_setup.bash
-- Up-to-date symlink: /home/lx/ros/service_ws/install/server/share/server/local_setup.sh
-- Up-to-date symlink: /home/lx/ros/service_ws/install/server/share/server/local_setup.zsh
-- Up-to-date symlink: /home/lx/ros/service_ws/install/server/share/server/local_setup.dsv
-- Symlinking: /home/lx/ros/service_ws/install/server/share/server/package.dsv
-- Up-to-date symlink: /home/lx/ros/service_ws/install/server/share/ament_index/resource_index/packages/server
-- Up-to-date symlink: /home/lx/ros/service_ws/install/server/share/server/cmake/serverConfig.cmake
-- Up-to-date symlink: /home/lx/ros/service_ws/install/server/share/server/cmake/serverConfig-version.cmake
-- Up-to-date symlink: /home/lx/ros/service_ws/install/server/share/server/package.xml
-- Up-to-date symlink: /home/lx/ros/service_ws/install/server/lib/server/server
