[0.024s] Invoking command in '/home/johan/ws_fast/build/fast_lio': AMENT_PREFIX_PATH=/home/johan/ws_fast/install/livox_ros_driver2:${AMENT_PREFIX_PATH} CMAKE_PREFIX_PATH=/home/johan/ws_fast/install/livox_ros_driver2:/opt/ros/humble LD_LIBRARY_PATH=/home/johan/ws_fast/install/livox_ros_driver2/lib:${LD_LIBRARY_PATH} PYTHONPATH=/home/johan/ws_fast/install/livox_ros_driver2/local/lib/python3.10/dist-packages:${PYTHONPATH} /usr/bin/cmake /home/johan/ws_fast/src/FAST_LIO -DCMAKE_INSTALL_PREFIX=/home/johan/ws_fast/install/fast_lio
[0.062s] -- The C compiler identification is GNU 11.4.0
[0.111s] -- The CXX compiler identification is GNU 11.4.0
[0.116s] -- Detecting C compiler ABI info
[0.174s] -- Detecting C compiler ABI info - done
[0.180s] -- Check for working C compiler: /usr/bin/cc - skipped
[0.180s] -- Detecting C compile features
[0.180s] -- Detecting C compile features - done
[0.182s] -- Detecting CXX compiler ABI info
[0.242s] -- Detecting CXX compiler ABI info - done
[0.247s] -- Check for working CXX compiler: /usr/bin/c++ - skipped
[0.247s] -- Detecting CXX compile features
[0.248s] -- Detecting CXX compile features - done
[0.248s] [0mCurrent CPU archtecture: x86_64[0m
[0.252s] [0mProcesser number:  16[0m
[0.252s] [0mcore for MP: 3[0m
[0.549s] -- Found PythonLibs: /usr/lib/x86_64-linux-gnu/libpython3.10.so (found version "3.10.12") 
[0.550s] -- Found ament_cmake: 1.3.5 (/opt/ros/humble/share/ament_cmake/cmake)
[0.666s] -- Found Python3: /usr/bin/python3.10 (found version "3.10.12") found components: Interpreter 
[0.717s] -- Found rclcpp: 16.0.6 (/opt/ros/humble/share/rclcpp/cmake)
[0.738s] -- Found rosidl_generator_c: 3.1.5 (/opt/ros/humble/share/rosidl_generator_c/cmake)
[0.740s] -- Found rosidl_adapter: 3.1.5 (/opt/ros/humble/share/rosidl_adapter/cmake)
[0.745s] -- Found rosidl_generator_cpp: 3.1.5 (/opt/ros/humble/share/rosidl_generator_cpp/cmake)
[0.753s] -- Using all available rosidl_typesupport_c: rosidl_typesupport_fastrtps_c;rosidl_typesupport_introspection_c
[0.765s] -- Using all available rosidl_typesupport_cpp: rosidl_typesupport_fastrtps_cpp;rosidl_typesupport_introspection_cpp
[0.808s] -- Found rmw_implementation_cmake: 6.1.1 (/opt/ros/humble/share/rmw_implementation_cmake/cmake)
[0.810s] -- Found rmw_fastrtps_cpp: 6.2.4 (/opt/ros/humble/share/rmw_fastrtps_cpp/cmake)
[0.866s] -- Found OpenSSL: /usr/lib/x86_64-linux-gnu/libcrypto.so (found version "3.0.2")  
[0.882s] -- Found FastRTPS: /opt/ros/humble/include  
[0.909s] -- Using RMW implementation 'rmw_fastrtps_cpp' as default
[0.914s] -- Looking for pthread.h
[0.969s] -- Looking for pthread.h - found
[0.969s] -- Performing Test CMAKE_HAVE_LIBC_PTHREAD
[1.029s] -- Performing Test CMAKE_HAVE_LIBC_PTHREAD - Success
[1.030s] -- Found Threads: TRUE  
[1.138s] -- Found rclcpp_components: 16.0.6 (/opt/ros/humble/share/rclcpp_components/cmake)
[1.181s] -- Found geometry_msgs: 4.2.3 (/opt/ros/humble/share/geometry_msgs/cmake)
[1.210s] -- Found nav_msgs: 4.2.3 (/opt/ros/humble/share/nav_msgs/cmake)
[1.267s] -- Found sensor_msgs: 4.2.3 (/opt/ros/humble/share/sensor_msgs/cmake)
[1.323s] -- Found std_srvs: 4.2.3 (/opt/ros/humble/share/std_srvs/cmake)
[1.334s] -- Found visualization_msgs: 4.2.3 (/opt/ros/humble/share/visualization_msgs/cmake)
[1.417s] -- Found pcl_ros: 2.4.0 (/opt/ros/humble/share/pcl_ros/cmake)
[1.601s] -- Found eigen3_cmake_module: 0.1.1 (/opt/ros/humble/share/eigen3_cmake_module/cmake)
[1.602s] -- Found Eigen3: TRUE (found version "3.4.0") 
[1.602s] -- Ensuring Eigen3 include directory is part of orocos-kdl CMake target
[1.809s] -- Checking for module 'eigen3'
[1.816s] --   Found eigen3, version 3.4.0
[1.834s] -- Found Eigen: /usr/include/eigen3 (Required is at least version "3.1") 
[1.834s] -- Eigen found (include: /usr/include/eigen3, version: 3.4.0)
[1.854s] -- Checking for module 'flann'
[1.861s] --   Found flann, version 1.9.1
[1.882s] -- Found FLANN: /usr/lib/x86_64-linux-gnu/libflann_cpp.so  
[1.882s] -- FLANN found (include: /usr/include, lib: /usr/lib/x86_64-linux-gnu/libflann_cpp.so)
[2.559s] -- Checking for module 'libusb-1.0'
[2.574s] --   Found libusb-1.0, version 1.0.25
[2.609s] -- Found libusb: /usr/lib/x86_64-linux-gnu/libusb-1.0.so  
[2.610s] -- OpenNI found (version: 1.5.4.0, include: /usr/include/ni, lib: /usr/lib/libOpenNI.so;libusb::libusb)
[2.658s] -- OpenNI2 found (version: 2.2.0.33, include: /usr/include/openni2, lib: /usr/lib/x86_64-linux-gnu/libOpenNI2.so;libusb::libusb)
[2.760s] -- Eigen found (include: /usr/include/eigen3, version: 3.4.0)
[2.764s] -- OpenNI found (version: 1.5.4.0, include: /usr/include/ni, lib: /usr/lib/libOpenNI.so;libusb::libusb)
[2.768s] -- OpenNI2 found (version: 2.2.0.33, include: /usr/include/openni2, lib: /usr/lib/x86_64-linux-gnu/libOpenNI2.so;libusb::libusb)
[2.862s] -- Found Qhull version 8.0.2
[2.958s] -- OpenNI found (version: 1.5.4.0, include: /usr/include/ni, lib: /usr/lib/libOpenNI.so;libusb::libusb)
[3.051s] -- Found PCL_COMMON: /usr/lib/x86_64-linux-gnu/libpcl_common.so  
[3.052s] -- Found PCL_KDTREE: /usr/lib/x86_64-linux-gnu/libpcl_kdtree.so  
[3.052s] -- Found PCL_OCTREE: /usr/lib/x86_64-linux-gnu/libpcl_octree.so  
[3.053s] -- Found PCL_SEARCH: /usr/lib/x86_64-linux-gnu/libpcl_search.so  
[3.053s] -- Found PCL_SAMPLE_CONSENSUS: /usr/lib/x86_64-linux-gnu/libpcl_sample_consensus.so  
[3.054s] -- Found PCL_FILTERS: /usr/lib/x86_64-linux-gnu/libpcl_filters.so  
[3.054s] -- Found PCL_2D: /usr/include/pcl-1.12  
[3.054s] -- Found PCL_GEOMETRY: /usr/include/pcl-1.12  
[3.055s] -- Found PCL_IO: /usr/lib/x86_64-linux-gnu/libpcl_io.so  
[3.055s] -- Found PCL_FEATURES: /usr/lib/x86_64-linux-gnu/libpcl_features.so  
[3.056s] -- Found PCL_ML: /usr/lib/x86_64-linux-gnu/libpcl_ml.so  
[3.056s] -- Found PCL_SEGMENTATION: /usr/lib/x86_64-linux-gnu/libpcl_segmentation.so  
[3.057s] -- Found PCL_VISUALIZATION: /usr/lib/x86_64-linux-gnu/libpcl_visualization.so  
[3.058s] -- Found PCL_SURFACE: /usr/lib/x86_64-linux-gnu/libpcl_surface.so  
[3.058s] -- Found PCL_REGISTRATION: /usr/lib/x86_64-linux-gnu/libpcl_registration.so  
[3.059s] -- Found PCL_KEYPOINTS: /usr/lib/x86_64-linux-gnu/libpcl_keypoints.so  
[3.059s] -- Found PCL_TRACKING: /usr/lib/x86_64-linux-gnu/libpcl_tracking.so  
[3.060s] -- Found PCL_RECOGNITION: /usr/lib/x86_64-linux-gnu/libpcl_recognition.so  
[3.061s] -- Found PCL_STEREO: /usr/lib/x86_64-linux-gnu/libpcl_stereo.so  
[3.061s] -- Found PCL_APPS: /usr/lib/x86_64-linux-gnu/libpcl_apps.so  
[3.062s] -- Found PCL_IN_HAND_SCANNER: /usr/include/pcl-1.12  
[3.062s] -- Found PCL_MODELER: /usr/include/pcl-1.12  
[3.062s] -- Found PCL_POINT_CLOUD_EDITOR: /usr/include/pcl-1.12  
[3.063s] -- Found PCL_OUTOFCORE: /usr/lib/x86_64-linux-gnu/libpcl_outofcore.so  
[3.064s] -- Found PCL_PEOPLE: /usr/lib/x86_64-linux-gnu/libpcl_people.so  
[3.074s] -- Found livox_ros_driver2: 1.0.0 (/home/johan/ws_fast/install/livox_ros_driver2/share/livox_ros_driver2/cmake)
[3.201s] -- Found rosidl_default_generators: 1.2.0 (/opt/ros/humble/share/rosidl_default_generators/cmake)
[3.206s] [33mCMake Warning (dev) at CMakeLists.txt:81 (find_package):
[3.207s]   Policy CMP0074 is not set: find_package uses <PackageName>_ROOT variables.
[3.207s]   Run "cmake --help-policy CMP0074" for policy details.  Use the cmake_policy
[3.207s]   command to set the policy and suppress this warning.
[3.207s] 
[3.207s]   CMake variable PCL_ROOT is set to:
[3.207s] 
[3.207s]     /usr
[3.207s] 
[3.207s]   For compatibility, CMake is ignoring the variable.
[3.207s] This warning is for project developers.  Use -Wno-dev to suppress it.
[3.207s] [0m
[3.211s] [0mEigen:/usr/local/include/eigen3[0m
[3.211s] -- PCL: /usr/include/pcl-1.12
[3.373s] -- Found ament_cmake_ros: 0.10.0 (/opt/ros/humble/share/ament_cmake_ros/cmake)
[3.591s] -- Using all available rosidl_typesupport_c: rosidl_typesupport_fastrtps_c;rosidl_typesupport_introspection_c
[3.677s] -- Using all available rosidl_typesupport_cpp: rosidl_typesupport_fastrtps_cpp;rosidl_typesupport_introspection_cpp
[3.697s] -- Found PythonInterp: /usr/bin/python3 (found suitable version "3.10.12", minimum required is "3.6") 
[3.698s] -- Found python_cmake_module: 0.10.0 (/opt/ros/humble/share/python_cmake_module/cmake)
[3.713s] -- Found PythonLibs: /usr/lib/x86_64-linux-gnu/libpython3.10.so (found suitable version "3.10.12", minimum required is "3.5") 
[3.713s] -- Using PYTHON_EXECUTABLE: /usr/bin/python3
[3.714s] -- Using PYTHON_INCLUDE_DIRS: /usr/include/python3.10
[3.714s] -- Using PYTHON_LIBRARIES: /usr/lib/x86_64-linux-gnu/libpython3.10.so
[3.727s] -- Found PythonExtra: .so  
[3.803s] -- Configuring done
[3.841s] -- Generating done
[3.843s] -- Build files have been written to: /home/johan/ws_fast/build/fast_lio
[3.856s] Invoked command in '/home/johan/ws_fast/build/fast_lio' returned '0': AMENT_PREFIX_PATH=/home/johan/ws_fast/install/livox_ros_driver2:${AMENT_PREFIX_PATH} CMAKE_PREFIX_PATH=/home/johan/ws_fast/install/livox_ros_driver2:/opt/ros/humble LD_LIBRARY_PATH=/home/johan/ws_fast/install/livox_ros_driver2/lib:${LD_LIBRARY_PATH} PYTHONPATH=/home/johan/ws_fast/install/livox_ros_driver2/local/lib/python3.10/dist-packages:${PYTHONPATH} /usr/bin/cmake /home/johan/ws_fast/src/FAST_LIO -DCMAKE_INSTALL_PREFIX=/home/johan/ws_fast/install/fast_lio
[3.857s] Invoking command in '/home/johan/ws_fast/build/fast_lio': AMENT_PREFIX_PATH=/home/johan/ws_fast/install/livox_ros_driver2:${AMENT_PREFIX_PATH} CMAKE_PREFIX_PATH=/home/johan/ws_fast/install/livox_ros_driver2:/opt/ros/humble LD_LIBRARY_PATH=/home/johan/ws_fast/install/livox_ros_driver2/lib:${LD_LIBRARY_PATH} PYTHONPATH=/home/johan/ws_fast/install/livox_ros_driver2/local/lib/python3.10/dist-packages:${PYTHONPATH} /usr/bin/cmake --build /home/johan/ws_fast/build/fast_lio -- -j16 -l16
[3.891s] [  2%] [34m[1mGenerating C code for ROS interfaces[0m
[3.898s] [  5%] [34m[1mGenerating C++ code for ROS interfaces[0m
[3.903s] [  5%] Built target ament_cmake_python_copy_fast_lio
[4.034s] running egg_info
[4.034s] creating fast_lio.egg-info
[4.034s] writing fast_lio.egg-info/PKG-INFO
[4.034s] writing dependency_links to fast_lio.egg-info/dependency_links.txt
[4.034s] writing top-level names to fast_lio.egg-info/top_level.txt
[4.034s] writing manifest file 'fast_lio.egg-info/SOURCES.txt'
[4.035s] reading manifest file 'fast_lio.egg-info/SOURCES.txt'
[4.035s] writing manifest file 'fast_lio.egg-info/SOURCES.txt'
[4.052s] [  5%] Built target ament_cmake_python_build_fast_lio_egg
[4.086s] [  5%] Built target fast_lio__cpp
[4.091s] [  8%] [32mBuilding C object CMakeFiles/fast_lio__rosidl_generator_c.dir/rosidl_generator_c/fast_lio/msg/detail/pose6_d__functions.c.o[0m
[4.092s] [ 14%] [34m[1mGenerating C++ type support for eProsima Fast-RTPS[0m
[4.092s] [ 14%] [34m[1mGenerating C++ type support dispatch for ROS interfaces[0m
[4.092s] [ 17%] [34m[1mGenerating C++ introspection for ROS interfaces[0m
[4.155s] [ 20%] [32m[1mLinking C shared library libfast_lio__rosidl_generator_c.so[0m
[4.178s] [ 20%] Built target fast_lio__rosidl_generator_c
[4.183s] [ 22%] [34m[1mGenerating C type support for eProsima Fast-RTPS[0m
[4.188s] [ 28%] [34m[1mGenerating C type support dispatch for ROS interfaces[0m
[4.188s] [ 28%] [34m[1mGenerating C introspection for ROS interfaces[0m
[4.267s] [ 31%] [32mBuilding CXX object CMakeFiles/fast_lio__rosidl_typesupport_cpp.dir/rosidl_typesupport_cpp/fast_lio/msg/pose6_d__type_support.cpp.o[0m
[4.282s] [ 34%] [32mBuilding CXX object CMakeFiles/fast_lio__rosidl_typesupport_introspection_cpp.dir/rosidl_typesupport_introspection_cpp/fast_lio/msg/detail/pose6_d__type_support.cpp.o[0m
[4.284s] [ 37%] [32mBuilding CXX object CMakeFiles/fast_lio__rosidl_typesupport_fastrtps_cpp.dir/rosidl_typesupport_fastrtps_cpp/fast_lio/msg/detail/dds_fastrtps/pose6_d__type_support.cpp.o[0m
[4.366s] [ 40%] [32mBuilding CXX object CMakeFiles/fast_lio__rosidl_typesupport_c.dir/rosidl_typesupport_c/fast_lio/msg/pose6_d__type_support.cpp.o[0m
[4.386s] [ 42%] [32m[1mLinking CXX shared library libfast_lio__rosidl_typesupport_c.so[0m
[4.412s] [ 42%] Built target fast_lio__rosidl_typesupport_c
[4.412s] [ 45%] [32mBuilding CXX object CMakeFiles/fast_lio__rosidl_typesupport_fastrtps_c.dir/rosidl_typesupport_fastrtps_c/fast_lio/msg/detail/pose6_d__type_support_c.cpp.o[0m
[4.423s] [ 48%] [32m[1mLinking CXX shared library libfast_lio__rosidl_typesupport_cpp.so[0m
[4.448s] [ 48%] Built target fast_lio__rosidl_typesupport_cpp
[4.461s] [ 51%] [32mBuilding CXX object CMakeFiles/fastlio_mapping.dir/src/laserMapping.cpp.o[0m
[4.465s] [ 54%] [32mBuilding CXX object CMakeFiles/fastlio_mapping.dir/include/ikd-Tree/ikd_Tree.cpp.o[0m
[4.466s] [ 57%] [32mBuilding CXX object CMakeFiles/fastlio_mapping.dir/src/preprocess.cpp.o[0m
[4.484s] [ 60%] [32mBuilding C object CMakeFiles/fast_lio__rosidl_typesupport_introspection_c.dir/rosidl_typesupport_introspection_c/fast_lio/msg/detail/pose6_d__type_support.c.o[0m
[4.525s] [ 62%] [32m[1mLinking C shared library libfast_lio__rosidl_typesupport_introspection_c.so[0m
[4.531s] [ 65%] [32m[1mLinking CXX shared library libfast_lio__rosidl_typesupport_introspection_cpp.so[0m
[4.543s] [ 65%] Built target fast_lio__rosidl_typesupport_introspection_c
[4.576s] [ 65%] Built target fast_lio__rosidl_typesupport_introspection_cpp
[4.615s] [ 68%] [32m[1mLinking CXX shared library libfast_lio__rosidl_typesupport_fastrtps_c.so[0m
[4.666s] [ 68%] Built target fast_lio__rosidl_typesupport_fastrtps_c
[4.707s] [ 71%] [32m[1mLinking CXX shared library libfast_lio__rosidl_typesupport_fastrtps_cpp.so[0m
[4.754s] [ 71%] Built target fast_lio__rosidl_typesupport_fastrtps_cpp
[4.766s] [ 71%] Built target fast_lio
[4.779s] [ 74%] [34m[1mGenerating Python code for ROS interfaces[0m
[5.047s] [ 74%] Built target fast_lio__py
[5.059s] [ 77%] [32mBuilding C object CMakeFiles/fast_lio__rosidl_generator_py.dir/rosidl_generator_py/fast_lio/msg/_pose6_d_s.c.o[0m
[5.146s] [ 80%] [32m[1mLinking C shared library rosidl_generator_py/fast_lio/libfast_lio__rosidl_generator_py.so[0m
[5.180s] [ 80%] Built target fast_lio__rosidl_generator_py
[5.192s] [ 82%] [32mBuilding C object CMakeFiles/fast_lio__rosidl_typesupport_fastrtps_c__pyext.dir/rosidl_generator_py/fast_lio/_fast_lio_s.ep.rosidl_typesupport_fastrtps_c.c.o[0m
[5.202s] [ 88%] [32mBuilding C object CMakeFiles/fast_lio__rosidl_typesupport_introspection_c__pyext.dir/rosidl_generator_py/fast_lio/_fast_lio_s.ep.rosidl_typesupport_introspection_c.c.o[0m
[5.202s] [ 88%] [32mBuilding C object CMakeFiles/fast_lio__rosidl_typesupport_c__pyext.dir/rosidl_generator_py/fast_lio/_fast_lio_s.ep.rosidl_typesupport_c.c.o[0m
[5.260s] [ 91%] [32m[1mLinking C shared library rosidl_generator_py/fast_lio/fast_lio_s__rosidl_typesupport_fastrtps_c.cpython-310-x86_64-linux-gnu.so[0m
[5.286s] [ 91%] Built target fast_lio__rosidl_typesupport_fastrtps_c__pyext
[5.310s] [ 94%] [32m[1mLinking C shared library rosidl_generator_py/fast_lio/fast_lio_s__rosidl_typesupport_introspection_c.cpython-310-x86_64-linux-gnu.so[0m
[5.312s] [ 97%] [32m[1mLinking C shared library rosidl_generator_py/fast_lio/fast_lio_s__rosidl_typesupport_c.cpython-310-x86_64-linux-gnu.so[0m
[5.332s] [ 97%] Built target fast_lio__rosidl_typesupport_c__pyext
[5.344s] [ 97%] Built target fast_lio__rosidl_typesupport_introspection_c__pyext
[8.324s] In file included from [01m[K/usr/include/boost/smart_ptr/detail/sp_thread_sleep.hpp:22[m[K,
[8.324s]                  from [01m[K/usr/include/boost/smart_ptr/detail/yield_k.hpp:23[m[K,
[8.324s]                  from [01m[K/usr/include/boost/smart_ptr/detail/spinlock_gcc_atomic.hpp:14[m[K,
[8.324s]                  from [01m[K/usr/include/boost/smart_ptr/detail/spinlock.hpp:42[m[K,
[8.324s]                  from [01m[K/usr/include/boost/smart_ptr/detail/spinlock_pool.hpp:25[m[K,
[8.325s]                  from [01m[K/usr/include/boost/smart_ptr/shared_ptr.hpp:29[m[K,
[8.325s]                  from [01m[K/usr/include/boost/shared_ptr.hpp:17[m[K,
[8.325s]                  from [01m[K/usr/include/boost/date_time/microsec_time_clock.hpp:18[m[K,
[8.325s]                  from [01m[K/usr/include/boost/interprocess/detail/posix_time_types_wrk.hpp:31[m[K,
[8.325s]                  from [01m[K/usr/include/boost/interprocess/detail/os_thread_functions.hpp:36[m[K,
[8.325s]                  from [01m[K/usr/include/boost/interprocess/sync/file_lock.hpp:26[m[K,
[8.325s]                  from [01m[K/usr/include/pcl-1.12/pcl/io/pcd_io.h:46[m[K,
[8.325s]                  from [01m[K/opt/ros/humble/include/pcl_conversions/pcl_conversions.h:72[m[K,
[8.325s]                  from [01m[K/home/johan/ws_fast/src/FAST_LIO/src/IMU_Processing.hpp:18[m[K,
[8.325s]                  from [01m[K/home/johan/ws_fast/src/FAST_LIO/src/laserMapping.cpp:47[m[K:
[8.326s] [01m[K/usr/include/boost/bind.hpp:36:1:[m[K [01;36m[Knote: [m[K‘[01m[K#pragma message: The practice of declaring the Bind placeholders (_1, _2, ...) in the global namespace is deprecated. Please use <boost/bind/bind.hpp> + using namespace boost::placeholders, or define BOOST_BIND_GLOBAL_PLACEHOLDERS to retain the current behavior.[m[K’
[8.326s]    36 | [01;36m[KBOOST_PRAGMA_MESSAGE[m[K(
[8.326s]       | [01;36m[K^~~~~~~~~~~~~~~~~~~~[m[K
[49.403s] [100%] [32m[1mLinking CXX executable fastlio_mapping[0m
[50.088s] [100%] Built target fastlio_mapping
[50.096s] Invoked command in '/home/johan/ws_fast/build/fast_lio' returned '0': AMENT_PREFIX_PATH=/home/johan/ws_fast/install/livox_ros_driver2:${AMENT_PREFIX_PATH} CMAKE_PREFIX_PATH=/home/johan/ws_fast/install/livox_ros_driver2:/opt/ros/humble LD_LIBRARY_PATH=/home/johan/ws_fast/install/livox_ros_driver2/lib:${LD_LIBRARY_PATH} PYTHONPATH=/home/johan/ws_fast/install/livox_ros_driver2/local/lib/python3.10/dist-packages:${PYTHONPATH} /usr/bin/cmake --build /home/johan/ws_fast/build/fast_lio -- -j16 -l16
[50.171s] Invoking command in '/home/johan/ws_fast/build/fast_lio': AMENT_PREFIX_PATH=/home/johan/ws_fast/install/livox_ros_driver2:${AMENT_PREFIX_PATH} CMAKE_PREFIX_PATH=/home/johan/ws_fast/install/livox_ros_driver2:/opt/ros/humble LD_LIBRARY_PATH=/home/johan/ws_fast/install/livox_ros_driver2/lib:${LD_LIBRARY_PATH} PYTHONPATH=/home/johan/ws_fast/install/livox_ros_driver2/local/lib/python3.10/dist-packages:${PYTHONPATH} /usr/bin/cmake --install /home/johan/ws_fast/build/fast_lio
[50.180s] -- Install configuration: "Release"
[50.181s] -- Installing: /home/johan/ws_fast/install/fast_lio/share/ament_index/resource_index/rosidl_interfaces/fast_lio
[50.181s] -- Installing: /home/johan/ws_fast/install/fast_lio/include/fast_lio/fast_lio
[50.181s] -- Installing: /home/johan/ws_fast/install/fast_lio/include/fast_lio/fast_lio/msg
[50.181s] -- Installing: /home/johan/ws_fast/install/fast_lio/include/fast_lio/fast_lio/msg/detail
[50.181s] -- Installing: /home/johan/ws_fast/install/fast_lio/include/fast_lio/fast_lio/msg/detail/pose6_d__functions.h
[50.181s] -- Installing: /home/johan/ws_fast/install/fast_lio/include/fast_lio/fast_lio/msg/detail/pose6_d__functions.c
[50.181s] -- Installing: /home/johan/ws_fast/install/fast_lio/include/fast_lio/fast_lio/msg/detail/pose6_d__struct.h
[50.181s] -- Installing: /home/johan/ws_fast/install/fast_lio/include/fast_lio/fast_lio/msg/detail/pose6_d__type_support.h
[50.181s] -- Installing: /home/johan/ws_fast/install/fast_lio/include/fast_lio/fast_lio/msg/rosidl_generator_c__visibility_control.h
[50.181s] -- Installing: /home/johan/ws_fast/install/fast_lio/include/fast_lio/fast_lio/msg/pose6_d.h
[50.181s] -- Installing: /home/johan/ws_fast/install/fast_lio/share/fast_lio/environment/library_path.sh
[50.181s] -- Installing: /home/johan/ws_fast/install/fast_lio/share/fast_lio/environment/library_path.dsv
[50.182s] -- Installing: /home/johan/ws_fast/install/fast_lio/lib/libfast_lio__rosidl_generator_c.so
[50.182s] -- Set runtime path of "/home/johan/ws_fast/install/fast_lio/lib/libfast_lio__rosidl_generator_c.so" to ""
[50.182s] -- Up-to-date: /home/johan/ws_fast/install/fast_lio/include/fast_lio/fast_lio
[50.182s] -- Up-to-date: /home/johan/ws_fast/install/fast_lio/include/fast_lio/fast_lio/msg
[50.182s] -- Up-to-date: /home/johan/ws_fast/install/fast_lio/include/fast_lio/fast_lio/msg/detail
[50.182s] -- Installing: /home/johan/ws_fast/install/fast_lio/include/fast_lio/fast_lio/msg/detail/pose6_d__rosidl_typesupport_fastrtps_c.h
[50.182s] -- Installing: /home/johan/ws_fast/install/fast_lio/include/fast_lio/fast_lio/msg/rosidl_typesupport_fastrtps_c__visibility_control.h
[50.182s] -- Installing: /home/johan/ws_fast/install/fast_lio/lib/libfast_lio__rosidl_typesupport_fastrtps_c.so
[50.182s] -- Set runtime path of "/home/johan/ws_fast/install/fast_lio/lib/libfast_lio__rosidl_typesupport_fastrtps_c.so" to ""
[50.182s] -- Up-to-date: /home/johan/ws_fast/install/fast_lio/include/fast_lio/fast_lio
[50.182s] -- Up-to-date: /home/johan/ws_fast/install/fast_lio/include/fast_lio/fast_lio/msg
[50.182s] -- Installing: /home/johan/ws_fast/install/fast_lio/include/fast_lio/fast_lio/msg/pose6_d.hpp
[50.182s] -- Up-to-date: /home/johan/ws_fast/install/fast_lio/include/fast_lio/fast_lio/msg/detail
[50.183s] -- Installing: /home/johan/ws_fast/install/fast_lio/include/fast_lio/fast_lio/msg/detail/pose6_d__struct.hpp
[50.183s] -- Installing: /home/johan/ws_fast/install/fast_lio/include/fast_lio/fast_lio/msg/detail/pose6_d__builder.hpp
[50.183s] -- Installing: /home/johan/ws_fast/install/fast_lio/include/fast_lio/fast_lio/msg/detail/pose6_d__traits.hpp
[50.183s] -- Up-to-date: /home/johan/ws_fast/install/fast_lio/include/fast_lio/fast_lio
[50.183s] -- Up-to-date: /home/johan/ws_fast/install/fast_lio/include/fast_lio/fast_lio/msg
[50.183s] -- Up-to-date: /home/johan/ws_fast/install/fast_lio/include/fast_lio/fast_lio/msg/detail
[50.183s] -- Installing: /home/johan/ws_fast/install/fast_lio/include/fast_lio/fast_lio/msg/detail/pose6_d__rosidl_typesupport_fastrtps_cpp.hpp
[50.183s] -- Installing: /home/johan/ws_fast/install/fast_lio/include/fast_lio/fast_lio/msg/detail/dds_fastrtps
[50.183s] -- Installing: /home/johan/ws_fast/install/fast_lio/include/fast_lio/fast_lio/msg/rosidl_typesupport_fastrtps_cpp__visibility_control.h
[50.183s] -- Installing: /home/johan/ws_fast/install/fast_lio/lib/libfast_lio__rosidl_typesupport_fastrtps_cpp.so
[50.183s] -- Set runtime path of "/home/johan/ws_fast/install/fast_lio/lib/libfast_lio__rosidl_typesupport_fastrtps_cpp.so" to ""
[50.183s] -- Up-to-date: /home/johan/ws_fast/install/fast_lio/include/fast_lio/fast_lio
[50.183s] -- Up-to-date: /home/johan/ws_fast/install/fast_lio/include/fast_lio/fast_lio/msg
[50.183s] -- Installing: /home/johan/ws_fast/install/fast_lio/include/fast_lio/fast_lio/msg/rosidl_typesupport_introspection_c__visibility_control.h
[50.183s] -- Up-to-date: /home/johan/ws_fast/install/fast_lio/include/fast_lio/fast_lio/msg/detail
[50.183s] -- Installing: /home/johan/ws_fast/install/fast_lio/include/fast_lio/fast_lio/msg/detail/pose6_d__type_support.c
[50.184s] -- Installing: /home/johan/ws_fast/install/fast_lio/include/fast_lio/fast_lio/msg/detail/pose6_d__rosidl_typesupport_introspection_c.h
[50.184s] -- Installing: /home/johan/ws_fast/install/fast_lio/lib/libfast_lio__rosidl_typesupport_introspection_c.so
[50.184s] -- Set runtime path of "/home/johan/ws_fast/install/fast_lio/lib/libfast_lio__rosidl_typesupport_introspection_c.so" to ""
[50.184s] -- Installing: /home/johan/ws_fast/install/fast_lio/lib/libfast_lio__rosidl_typesupport_c.so
[50.184s] -- Set runtime path of "/home/johan/ws_fast/install/fast_lio/lib/libfast_lio__rosidl_typesupport_c.so" to ""
[50.184s] -- Up-to-date: /home/johan/ws_fast/install/fast_lio/include/fast_lio/fast_lio
[50.184s] -- Up-to-date: /home/johan/ws_fast/install/fast_lio/include/fast_lio/fast_lio/msg
[50.184s] -- Up-to-date: /home/johan/ws_fast/install/fast_lio/include/fast_lio/fast_lio/msg/detail
[50.184s] -- Installing: /home/johan/ws_fast/install/fast_lio/include/fast_lio/fast_lio/msg/detail/pose6_d__type_support.cpp
[50.184s] -- Installing: /home/johan/ws_fast/install/fast_lio/include/fast_lio/fast_lio/msg/detail/pose6_d__rosidl_typesupport_introspection_cpp.hpp
[50.184s] -- Installing: /home/johan/ws_fast/install/fast_lio/lib/libfast_lio__rosidl_typesupport_introspection_cpp.so
[50.184s] -- Set runtime path of "/home/johan/ws_fast/install/fast_lio/lib/libfast_lio__rosidl_typesupport_introspection_cpp.so" to ""
[50.184s] -- Installing: /home/johan/ws_fast/install/fast_lio/lib/libfast_lio__rosidl_typesupport_cpp.so
[50.184s] -- Set runtime path of "/home/johan/ws_fast/install/fast_lio/lib/libfast_lio__rosidl_typesupport_cpp.so" to ""
[50.184s] -- Installing: /home/johan/ws_fast/install/fast_lio/share/fast_lio/environment/pythonpath.sh
[50.185s] -- Installing: /home/johan/ws_fast/install/fast_lio/share/fast_lio/environment/pythonpath.dsv
[50.185s] -- Installing: /home/johan/ws_fast/install/fast_lio/local/lib/python3.10/dist-packages/fast_lio-0.0.0-py3.10.egg-info
[50.185s] -- Installing: /home/johan/ws_fast/install/fast_lio/local/lib/python3.10/dist-packages/fast_lio-0.0.0-py3.10.egg-info/SOURCES.txt
[50.185s] -- Installing: /home/johan/ws_fast/install/fast_lio/local/lib/python3.10/dist-packages/fast_lio-0.0.0-py3.10.egg-info/top_level.txt
[50.185s] -- Installing: /home/johan/ws_fast/install/fast_lio/local/lib/python3.10/dist-packages/fast_lio-0.0.0-py3.10.egg-info/PKG-INFO
[50.185s] -- Installing: /home/johan/ws_fast/install/fast_lio/local/lib/python3.10/dist-packages/fast_lio-0.0.0-py3.10.egg-info/dependency_links.txt
[50.185s] -- Installing: /home/johan/ws_fast/install/fast_lio/local/lib/python3.10/dist-packages/fast_lio
[50.185s] -- Installing: /home/johan/ws_fast/install/fast_lio/local/lib/python3.10/dist-packages/fast_lio/__init__.py
[50.185s] -- Installing: /home/johan/ws_fast/install/fast_lio/local/lib/python3.10/dist-packages/fast_lio/msg
[50.185s] -- Installing: /home/johan/ws_fast/install/fast_lio/local/lib/python3.10/dist-packages/fast_lio/msg/__init__.py
[50.185s] -- Installing: /home/johan/ws_fast/install/fast_lio/local/lib/python3.10/dist-packages/fast_lio/msg/_pose6_d_s.c
[50.185s] -- Installing: /home/johan/ws_fast/install/fast_lio/local/lib/python3.10/dist-packages/fast_lio/msg/_pose6_d.py
[50.185s] -- Installing: /home/johan/ws_fast/install/fast_lio/local/lib/python3.10/dist-packages/fast_lio/libfast_lio__rosidl_generator_py.so
[50.185s] -- Installing: /home/johan/ws_fast/install/fast_lio/local/lib/python3.10/dist-packages/fast_lio/_fast_lio_s.ep.rosidl_typesupport_introspection_c.c
[50.185s] -- Installing: /home/johan/ws_fast/install/fast_lio/local/lib/python3.10/dist-packages/fast_lio/_fast_lio_s.ep.rosidl_typesupport_fastrtps_c.c
[50.186s] -- Installing: /home/johan/ws_fast/install/fast_lio/local/lib/python3.10/dist-packages/fast_lio/fast_lio_s__rosidl_typesupport_c.cpython-310-x86_64-linux-gnu.so
[50.186s] -- Installing: /home/johan/ws_fast/install/fast_lio/local/lib/python3.10/dist-packages/fast_lio/fast_lio_s__rosidl_typesupport_introspection_c.cpython-310-x86_64-linux-gnu.so
[50.186s] -- Installing: /home/johan/ws_fast/install/fast_lio/local/lib/python3.10/dist-packages/fast_lio/fast_lio_s__rosidl_typesupport_fastrtps_c.cpython-310-x86_64-linux-gnu.so
[50.186s] -- Installing: /home/johan/ws_fast/install/fast_lio/local/lib/python3.10/dist-packages/fast_lio/_fast_lio_s.ep.rosidl_typesupport_c.c
[50.214s] Listing '/home/johan/ws_fast/install/fast_lio/local/lib/python3.10/dist-packages/fast_lio'...
[50.214s] Compiling '/home/johan/ws_fast/install/fast_lio/local/lib/python3.10/dist-packages/fast_lio/__init__.py'...
[50.214s] Listing '/home/johan/ws_fast/install/fast_lio/local/lib/python3.10/dist-packages/fast_lio/msg'...
[50.214s] Compiling '/home/johan/ws_fast/install/fast_lio/local/lib/python3.10/dist-packages/fast_lio/msg/__init__.py'...
[50.214s] Compiling '/home/johan/ws_fast/install/fast_lio/local/lib/python3.10/dist-packages/fast_lio/msg/_pose6_d.py'...
[50.216s] -- Installing: /home/johan/ws_fast/install/fast_lio/local/lib/python3.10/dist-packages/fast_lio/fast_lio_s__rosidl_typesupport_fastrtps_c.cpython-310-x86_64-linux-gnu.so
[50.217s] -- Set runtime path of "/home/johan/ws_fast/install/fast_lio/local/lib/python3.10/dist-packages/fast_lio/fast_lio_s__rosidl_typesupport_fastrtps_c.cpython-310-x86_64-linux-gnu.so" to ""
[50.217s] -- Installing: /home/johan/ws_fast/install/fast_lio/local/lib/python3.10/dist-packages/fast_lio/fast_lio_s__rosidl_typesupport_introspection_c.cpython-310-x86_64-linux-gnu.so
[50.217s] -- Set runtime path of "/home/johan/ws_fast/install/fast_lio/local/lib/python3.10/dist-packages/fast_lio/fast_lio_s__rosidl_typesupport_introspection_c.cpython-310-x86_64-linux-gnu.so" to ""
[50.217s] -- Installing: /home/johan/ws_fast/install/fast_lio/local/lib/python3.10/dist-packages/fast_lio/fast_lio_s__rosidl_typesupport_c.cpython-310-x86_64-linux-gnu.so
[50.217s] -- Set runtime path of "/home/johan/ws_fast/install/fast_lio/local/lib/python3.10/dist-packages/fast_lio/fast_lio_s__rosidl_typesupport_c.cpython-310-x86_64-linux-gnu.so" to ""
[50.217s] -- Installing: /home/johan/ws_fast/install/fast_lio/lib/libfast_lio__rosidl_generator_py.so
[50.217s] -- Set runtime path of "/home/johan/ws_fast/install/fast_lio/lib/libfast_lio__rosidl_generator_py.so" to ""
[50.217s] -- Installing: /home/johan/ws_fast/install/fast_lio/share/fast_lio/msg/Pose6D.idl
[50.217s] -- Installing: /home/johan/ws_fast/install/fast_lio/share/fast_lio/msg/Pose6D.msg
[50.217s] -- Installing: /home/johan/ws_fast/install/fast_lio/lib/fast_lio/fastlio_mapping
[50.219s] -- Set runtime path of "/home/johan/ws_fast/install/fast_lio/lib/fast_lio/fastlio_mapping" to ""
[50.219s] -- Installing: /home/johan/ws_fast/install/fast_lio/share/fast_lio/config
[50.219s] -- Installing: /home/johan/ws_fast/install/fast_lio/share/fast_lio/config/velodyne.yaml
[50.219s] -- Installing: /home/johan/ws_fast/install/fast_lio/share/fast_lio/config/mid360.yaml
[50.219s] -- Installing: /home/johan/ws_fast/install/fast_lio/share/fast_lio/config/ouster64.yaml
[50.219s] -- Installing: /home/johan/ws_fast/install/fast_lio/share/fast_lio/config/avia.yaml
[50.219s] -- Installing: /home/johan/ws_fast/install/fast_lio/share/fast_lio/config/horizon.yaml
[50.219s] -- Installing: /home/johan/ws_fast/install/fast_lio/share/fast_lio/launch
[50.219s] -- Installing: /home/johan/ws_fast/install/fast_lio/share/fast_lio/launch/mapping.launch.py
[50.219s] -- Installing: /home/johan/ws_fast/install/fast_lio/share/fast_lio/launch/mapping_horizon.launch
[50.219s] -- Installing: /home/johan/ws_fast/install/fast_lio/share/fast_lio/launch/mapping_velodyne.launch
[50.219s] -- Installing: /home/johan/ws_fast/install/fast_lio/share/fast_lio/launch/mapping_avia.launch
[50.219s] -- Installing: /home/johan/ws_fast/install/fast_lio/share/fast_lio/launch/mapping_ouster64.launch
[50.219s] -- Installing: /home/johan/ws_fast/install/fast_lio/share/fast_lio/launch/gdb_debug_example.launch
[50.219s] -- Installing: /home/johan/ws_fast/install/fast_lio/share/fast_lio/rviz
[50.219s] -- Installing: /home/johan/ws_fast/install/fast_lio/share/fast_lio/rviz/fastlio.rviz
[50.219s] -- Installing: /home/johan/ws_fast/install/fast_lio/share/ament_index/resource_index/package_run_dependencies/fast_lio
[50.219s] -- Installing: /home/johan/ws_fast/install/fast_lio/share/ament_index/resource_index/parent_prefix_path/fast_lio
[50.219s] -- Installing: /home/johan/ws_fast/install/fast_lio/share/fast_lio/environment/ament_prefix_path.sh
[50.219s] -- Installing: /home/johan/ws_fast/install/fast_lio/share/fast_lio/environment/ament_prefix_path.dsv
[50.219s] -- Installing: /home/johan/ws_fast/install/fast_lio/share/fast_lio/environment/path.sh
[50.219s] -- Installing: /home/johan/ws_fast/install/fast_lio/share/fast_lio/environment/path.dsv
[50.219s] -- Installing: /home/johan/ws_fast/install/fast_lio/share/fast_lio/local_setup.bash
[50.219s] -- Installing: /home/johan/ws_fast/install/fast_lio/share/fast_lio/local_setup.sh
[50.219s] -- Installing: /home/johan/ws_fast/install/fast_lio/share/fast_lio/local_setup.zsh
[50.220s] -- Installing: /home/johan/ws_fast/install/fast_lio/share/fast_lio/local_setup.dsv
[50.220s] -- Installing: /home/johan/ws_fast/install/fast_lio/share/fast_lio/package.dsv
[50.220s] -- Installing: /home/johan/ws_fast/install/fast_lio/share/ament_index/resource_index/packages/fast_lio
[50.220s] -- Installing: /home/johan/ws_fast/install/fast_lio/share/fast_lio/cmake/export_fast_lio__rosidl_generator_cExport.cmake
[50.220s] -- Installing: /home/johan/ws_fast/install/fast_lio/share/fast_lio/cmake/export_fast_lio__rosidl_generator_cExport-release.cmake
[50.220s] -- Installing: /home/johan/ws_fast/install/fast_lio/share/fast_lio/cmake/export_fast_lio__rosidl_typesupport_fastrtps_cExport.cmake
[50.220s] -- Installing: /home/johan/ws_fast/install/fast_lio/share/fast_lio/cmake/export_fast_lio__rosidl_typesupport_fastrtps_cExport-release.cmake
[50.220s] -- Installing: /home/johan/ws_fast/install/fast_lio/share/fast_lio/cmake/export_fast_lio__rosidl_generator_cppExport.cmake
[50.220s] -- Installing: /home/johan/ws_fast/install/fast_lio/share/fast_lio/cmake/export_fast_lio__rosidl_typesupport_fastrtps_cppExport.cmake
[50.220s] -- Installing: /home/johan/ws_fast/install/fast_lio/share/fast_lio/cmake/export_fast_lio__rosidl_typesupport_fastrtps_cppExport-release.cmake
[50.220s] -- Installing: /home/johan/ws_fast/install/fast_lio/share/fast_lio/cmake/fast_lio__rosidl_typesupport_introspection_cExport.cmake
[50.220s] -- Installing: /home/johan/ws_fast/install/fast_lio/share/fast_lio/cmake/fast_lio__rosidl_typesupport_introspection_cExport-release.cmake
[50.220s] -- Installing: /home/johan/ws_fast/install/fast_lio/share/fast_lio/cmake/fast_lio__rosidl_typesupport_cExport.cmake
[50.220s] -- Installing: /home/johan/ws_fast/install/fast_lio/share/fast_lio/cmake/fast_lio__rosidl_typesupport_cExport-release.cmake
[50.220s] -- Installing: /home/johan/ws_fast/install/fast_lio/share/fast_lio/cmake/fast_lio__rosidl_typesupport_introspection_cppExport.cmake
[50.220s] -- Installing: /home/johan/ws_fast/install/fast_lio/share/fast_lio/cmake/fast_lio__rosidl_typesupport_introspection_cppExport-release.cmake
[50.220s] -- Installing: /home/johan/ws_fast/install/fast_lio/share/fast_lio/cmake/fast_lio__rosidl_typesupport_cppExport.cmake
[50.220s] -- Installing: /home/johan/ws_fast/install/fast_lio/share/fast_lio/cmake/fast_lio__rosidl_typesupport_cppExport-release.cmake
[50.220s] -- Installing: /home/johan/ws_fast/install/fast_lio/share/fast_lio/cmake/export_fast_lio__rosidl_generator_pyExport.cmake
[50.220s] -- Installing: /home/johan/ws_fast/install/fast_lio/share/fast_lio/cmake/export_fast_lio__rosidl_generator_pyExport-release.cmake
[50.220s] -- Installing: /home/johan/ws_fast/install/fast_lio/share/fast_lio/cmake/rosidl_cmake-extras.cmake
[50.220s] -- Installing: /home/johan/ws_fast/install/fast_lio/share/fast_lio/cmake/ament_cmake_export_include_directories-extras.cmake
[50.221s] -- Installing: /home/johan/ws_fast/install/fast_lio/share/fast_lio/cmake/ament_cmake_export_libraries-extras.cmake
[50.221s] -- Installing: /home/johan/ws_fast/install/fast_lio/share/fast_lio/cmake/ament_cmake_export_targets-extras.cmake
[50.221s] -- Installing: /home/johan/ws_fast/install/fast_lio/share/fast_lio/cmake/rosidl_cmake_export_typesupport_targets-extras.cmake
[50.221s] -- Installing: /home/johan/ws_fast/install/fast_lio/share/fast_lio/cmake/ament_cmake_export_dependencies-extras.cmake
[50.221s] -- Installing: /home/johan/ws_fast/install/fast_lio/share/fast_lio/cmake/rosidl_cmake_export_typesupport_libraries-extras.cmake
[50.221s] -- Installing: /home/johan/ws_fast/install/fast_lio/share/fast_lio/cmake/fast_lioConfig.cmake
[50.221s] -- Installing: /home/johan/ws_fast/install/fast_lio/share/fast_lio/cmake/fast_lioConfig-version.cmake
[50.221s] -- Installing: /home/johan/ws_fast/install/fast_lio/share/fast_lio/package.xml
[50.223s] Invoked command in '/home/johan/ws_fast/build/fast_lio' returned '0': AMENT_PREFIX_PATH=/home/johan/ws_fast/install/livox_ros_driver2:${AMENT_PREFIX_PATH} CMAKE_PREFIX_PATH=/home/johan/ws_fast/install/livox_ros_driver2:/opt/ros/humble LD_LIBRARY_PATH=/home/johan/ws_fast/install/livox_ros_driver2/lib:${LD_LIBRARY_PATH} PYTHONPATH=/home/johan/ws_fast/install/livox_ros_driver2/local/lib/python3.10/dist-packages:${PYTHONPATH} /usr/bin/cmake --install /home/johan/ws_fast/build/fast_lio
