[0.070s] Invoking command in '/home/lx/ros2/ros/mid-360_ws/build/pointcloud_to_laserscan': CMAKE_PREFIX_PATH=${CMAKE_PREFIX_PATH}:/opt/ros/humble /usr/bin/cmake /home/lx/ros2/ros/mid-360_ws/src/pointcloud_to_laserscan -DCMAKE_INSTALL_PREFIX=/home/lx/ros2/ros/mid-360_ws/install/pointcloud_to_laserscan
[0.078s] -- Found ament_cmake: 1.3.5 (/opt/ros/humble/share/ament_cmake/cmake)
[0.218s] -- Found laser_geometry: 2.4.0 (/opt/ros/humble/share/laser_geometry/cmake)
[0.258s] -- Found rosidl_generator_c: 3.1.5 (/opt/ros/humble/share/rosidl_generator_c/cmake)
[0.260s] -- Found rosidl_adapter: 3.1.5 (/opt/ros/humble/share/rosidl_adapter/cmake)
[0.266s] -- Found rosidl_generator_cpp: 3.1.5 (/opt/ros/humble/share/rosidl_generator_cpp/cmake)
[0.276s] -- Using all available rosidl_typesupport_c: rosidl_typesupport_fastrtps_c;rosidl_typesupport_introspection_c
[0.291s] -- Using all available rosidl_typesupport_cpp: rosidl_typesupport_fastrtps_cpp;rosidl_typesupport_introspection_cpp
[0.346s] -- Found rmw_implementation_cmake: 6.1.1 (/opt/ros/humble/share/rmw_implementation_cmake/cmake)
[0.348s] -- Found rmw_fastrtps_cpp: 6.2.4 (/opt/ros/humble/share/rmw_fastrtps_cpp/cmake)
[0.455s] -- Using RMW implementation 'rmw_fastrtps_cpp' as default
[0.775s] -- Found message_filters: 4.3.3 (/opt/ros/humble/share/message_filters/cmake)
[0.780s] -- Found rclcpp_components: 16.0.6 (/opt/ros/humble/share/rclcpp_components/cmake)
[0.838s] -- Found tf2_ros: 0.25.4 (/opt/ros/humble/share/tf2_ros/cmake)
[1.126s] -- Found tf2_sensor_msgs: 0.25.4 (/opt/ros/humble/share/tf2_sensor_msgs/cmake)
[1.146s] -- Found ament_lint_auto: 0.12.8 (/opt/ros/humble/share/ament_lint_auto/cmake)
[1.226s] -- Added test 'cppcheck' to perform static code analysis on C / C++ code
[1.227s] -- Configured cppcheck include dirs: $<BUILD_INTERFACE:/home/lx/ros2/ros/mid-360_ws/src/pointcloud_to_laserscan/include>
[1.227s] -- Configured cppcheck exclude dirs and/or files: 
[1.229s] -- Added test 'cpplint' to check C / C++ code against the Google style
[1.229s] -- Configured cpplint exclude dirs and/or files: 
[1.230s] -- Added test 'flake8' to check Python code syntax and style conventions
[1.230s] -- Added test 'lint_cmake' to check CMake code style
[1.230s] -- Added test 'pep257' to check Python code against some of the docstring style conventions in PEP 257
[1.232s] -- Added test 'uncrustify' to check C / C++ code style
[1.232s] -- Configured uncrustify additional arguments: 
[1.232s] -- Added test 'xmllint' to check XML markup files
[1.234s] -- Configuring done
[1.241s] [31mCMake Error at CMakeLists.txt:15 (add_library):
[1.241s]   Target "laserscan_to_pointcloud" links to target
[1.242s]   "tf2_sensor_msgs::tf2_sensor_msgs" but the target was not found.  Perhaps a
[1.242s]   find_package() call is missing for an IMPORTED target, or an ALIAS target
[1.242s]   is missing?
[1.243s] 
[1.243s] [0m
[1.243s] [31mCMake Error at CMakeLists.txt:36 (add_library):
[1.243s]   Target "pointcloud_to_laserscan" links to target
[1.244s]   "tf2_sensor_msgs::tf2_sensor_msgs" but the target was not found.  Perhaps a
[1.244s]   find_package() call is missing for an IMPORTED target, or an ALIAS target
[1.244s]   is missing?
[1.244s] 
[1.244s] [0m
[1.257s] -- Generating done
[1.258s] [0mCMake Generate step failed.  Build files cannot be regenerated correctly.[0m
[1.314s] Invoked command in '/home/lx/ros2/ros/mid-360_ws/build/pointcloud_to_laserscan' returned '1': CMAKE_PREFIX_PATH=${CMAKE_PREFIX_PATH}:/opt/ros/humble /usr/bin/cmake /home/lx/ros2/ros/mid-360_ws/src/pointcloud_to_laserscan -DCMAKE_INSTALL_PREFIX=/home/lx/ros2/ros/mid-360_ws/install/pointcloud_to_laserscan
