-- The C compiler identification is GNU 11.4.0
-- The CXX compiler identification is GNU 11.4.0
-- Detecting C compiler ABI info
-- Detecting C compiler ABI info - done
-- Check for working C compiler: /usr/bin/cc - skipped
-- Detecting C compile features
-- Detecting C compile features - done
-- Detecting CXX compiler ABI info
-- Detecting CXX compiler ABI info - done
-- Check for working CXX compiler: /usr/bin/c++ - skipped
-- Detecting CXX compile features
-- Detecting CXX compile features - done
-- Found ament_cmake: 1.3.5 (/opt/ros/humble/share/ament_cmake/cmake)
-- Found Python3: /usr/bin/python3.10 (found version "3.10.12") found components: Interpreter 
-- Found rclcpp: 16.0.6 (/opt/ros/humble/share/rclcpp/cmake)
-- Found rosidl_generator_c: 3.1.5 (/opt/ros/humble/share/rosidl_generator_c/cmake)
-- Found rosidl_adapter: 3.1.5 (/opt/ros/humble/share/rosidl_adapter/cmake)
-- Found rosidl_generator_cpp: 3.1.5 (/opt/ros/humble/share/rosidl_generator_cpp/cmake)
-- Using all available rosidl_typesupport_c: rosidl_typesupport_fastrtps_c;rosidl_typesupport_introspection_c
-- Using all available rosidl_typesupport_cpp: rosidl_typesupport_fastrtps_cpp;rosidl_typesupport_introspection_cpp
-- Found rmw_implementation_cmake: 6.1.1 (/opt/ros/humble/share/rmw_implementation_cmake/cmake)
-- Found rmw_fastrtps_cpp: 6.2.4 (/opt/ros/humble/share/rmw_fastrtps_cpp/cmake)
-- Found OpenSSL: /usr/lib/x86_64-linux-gnu/libcrypto.so (found version "3.0.2")  
-- Found FastRTPS: /opt/ros/humble/include  
-- Using RMW implementation 'rmw_fastrtps_cpp' as default
-- Looking for pthread.h
-- Looking for pthread.h - found
-- Performing Test CMAKE_HAVE_LIBC_PTHREAD
-- Performing Test CMAKE_HAVE_LIBC_PTHREAD - Success
-- Found Threads: TRUE  
-- Found ament_lint_auto: 0.12.8 (/opt/ros/humble/share/ament_lint_auto/cmake)
-- Added test 'flake8' to check Python code syntax and style conventions
-- Added test 'lint_cmake' to check CMake code style
-- Added test 'pep257' to check Python code against some of the docstring style conventions in PEP 257
-- Added test 'xmllint' to check XML markup files
-- Configuring done
-- Generating done
[33mCMake Warning:
  Manually-specified variables were not used by the project:

    HUMBLE_ROS
    ROS_EDITION

[0m
-- Build files have been written to: /home/lx/ros2/ros/xiao_ying/build/xiao_ying_navigation
-- Install configuration: ""
-- Installing: /home/lx/ros2/ros/xiao_ying/install/xiao_ying_navigation/share/xiao_ying_navigation/launch
-- Installing: /home/lx/ros2/ros/xiao_ying/install/xiao_ying_navigation/share/xiao_ying_navigation/launch/navigation.launch.py
-- Installing: /home/lx/ros2/ros/xiao_ying/install/xiao_ying_navigation/share/xiao_ying_navigation/map
-- Installing: /home/lx/ros2/ros/xiao_ying/install/xiao_ying_navigation/share/xiao_ying_navigation/map/map.pgm
-- Installing: /home/lx/ros2/ros/xiao_ying/install/xiao_ying_navigation/share/xiao_ying_navigation/map/map.yaml
-- Installing: /home/lx/ros2/ros/xiao_ying/install/xiao_ying_navigation/share/xiao_ying_navigation/param
-- Installing: /home/lx/ros2/ros/xiao_ying/install/xiao_ying_navigation/share/xiao_ying_navigation/param/xiao_ying.yaml
-- Installing: /home/lx/ros2/ros/xiao_ying/install/xiao_ying_navigation/share/xiao_ying_navigation/rviz
-- Installing: /home/lx/ros2/ros/xiao_ying/install/xiao_ying_navigation/share/xiao_ying_navigation/rviz/show.rviz
-- Installing: /home/lx/ros2/ros/xiao_ying/install/xiao_ying_navigation/share/ament_index/resource_index/package_run_dependencies/xiao_ying_navigation
-- Installing: /home/lx/ros2/ros/xiao_ying/install/xiao_ying_navigation/share/ament_index/resource_index/parent_prefix_path/xiao_ying_navigation
-- Installing: /home/lx/ros2/ros/xiao_ying/install/xiao_ying_navigation/share/xiao_ying_navigation/environment/ament_prefix_path.sh
-- Installing: /home/lx/ros2/ros/xiao_ying/install/xiao_ying_navigation/share/xiao_ying_navigation/environment/ament_prefix_path.dsv
-- Installing: /home/lx/ros2/ros/xiao_ying/install/xiao_ying_navigation/share/xiao_ying_navigation/environment/path.sh
-- Installing: /home/lx/ros2/ros/xiao_ying/install/xiao_ying_navigation/share/xiao_ying_navigation/environment/path.dsv
-- Installing: /home/lx/ros2/ros/xiao_ying/install/xiao_ying_navigation/share/xiao_ying_navigation/local_setup.bash
-- Installing: /home/lx/ros2/ros/xiao_ying/install/xiao_ying_navigation/share/xiao_ying_navigation/local_setup.sh
-- Installing: /home/lx/ros2/ros/xiao_ying/install/xiao_ying_navigation/share/xiao_ying_navigation/local_setup.zsh
-- Installing: /home/lx/ros2/ros/xiao_ying/install/xiao_ying_navigation/share/xiao_ying_navigation/local_setup.dsv
-- Installing: /home/lx/ros2/ros/xiao_ying/install/xiao_ying_navigation/share/xiao_ying_navigation/package.dsv
-- Installing: /home/lx/ros2/ros/xiao_ying/install/xiao_ying_navigation/share/ament_index/resource_index/packages/xiao_ying_navigation
-- Installing: /home/lx/ros2/ros/xiao_ying/install/xiao_ying_navigation/share/xiao_ying_navigation/cmake/xiao_ying_navigationConfig.cmake
-- Installing: /home/lx/ros2/ros/xiao_ying/install/xiao_ying_navigation/share/xiao_ying_navigation/cmake/xiao_ying_navigationConfig-version.cmake
-- Installing: /home/lx/ros2/ros/xiao_ying/install/xiao_ying_navigation/share/xiao_ying_navigation/package.xml
