[0.060s] Invoking command in '/home/lx/ros2/ros/xiao_ying/build/xiao_ying_navigation': CMAKE_PREFIX_PATH=/opt/ros/humble /usr/bin/cmake /home/lx/ros2/ros/xiao_ying/src/xiao_ying_navigation -DROS_EDITION=ROS2 -DHUMBLE_ROS=humble -DCMAKE_INSTALL_PREFIX=/home/lx/ros2/ros/xiao_ying/install/xiao_ying_navigation
[0.109s] -- The C compiler identification is GNU 11.4.0
[0.165s] -- The CXX compiler identification is GNU 11.4.0
[0.174s] -- Detecting C compiler ABI info
[0.246s] -- Detecting C compiler ABI info - done
[0.256s] -- Check for working C compiler: /usr/bin/cc - skipped
[0.256s] -- Detecting C compile features
[0.256s] -- Detecting C compile features - done
[0.260s] -- Detecting CXX compiler ABI info
[0.331s] -- Detecting CXX compiler ABI info - done
[0.343s] -- Check for working CXX compiler: /usr/bin/c++ - skipped
[0.343s] -- Detecting CXX compile features
[0.344s] -- Detecting CXX compile features - done
[0.346s] -- Found ament_cmake: 1.3.5 (/opt/ros/humble/share/ament_cmake/cmake)
[0.539s] -- Found Python3: /usr/bin/python3.10 (found version "3.10.12") found components: Interpreter 
[0.624s] -- Found rclcpp: 16.0.6 (/opt/ros/humble/share/rclcpp/cmake)
[0.680s] -- Found rosidl_generator_c: 3.1.5 (/opt/ros/humble/share/rosidl_generator_c/cmake)
[0.687s] -- Found rosidl_adapter: 3.1.5 (/opt/ros/humble/share/rosidl_adapter/cmake)
[0.699s] -- Found rosidl_generator_cpp: 3.1.5 (/opt/ros/humble/share/rosidl_generator_cpp/cmake)
[0.718s] -- Using all available rosidl_typesupport_c: rosidl_typesupport_fastrtps_c;rosidl_typesupport_introspection_c
[0.746s] -- Using all available rosidl_typesupport_cpp: rosidl_typesupport_fastrtps_cpp;rosidl_typesupport_introspection_cpp
[0.848s] -- Found rmw_implementation_cmake: 6.1.1 (/opt/ros/humble/share/rmw_implementation_cmake/cmake)
[0.851s] -- Found rmw_fastrtps_cpp: 6.2.4 (/opt/ros/humble/share/rmw_fastrtps_cpp/cmake)
[0.959s] -- Found OpenSSL: /usr/lib/x86_64-linux-gnu/libcrypto.so (found version "3.0.2")  
[0.996s] -- Found FastRTPS: /opt/ros/humble/include  
[1.046s] -- Using RMW implementation 'rmw_fastrtps_cpp' as default
[1.054s] -- Looking for pthread.h
[1.115s] -- Looking for pthread.h - found
[1.115s] -- Performing Test CMAKE_HAVE_LIBC_PTHREAD
[1.169s] -- Performing Test CMAKE_HAVE_LIBC_PTHREAD - Success
[1.170s] -- Found Threads: TRUE  
[1.326s] -- Found ament_lint_auto: 0.12.8 (/opt/ros/humble/share/ament_lint_auto/cmake)
[1.407s] -- Added test 'flake8' to check Python code syntax and style conventions
[1.407s] -- Added test 'lint_cmake' to check CMake code style
[1.408s] -- Added test 'pep257' to check Python code against some of the docstring style conventions in PEP 257
[1.408s] -- Added test 'xmllint' to check XML markup files
[1.409s] -- Configuring done
[1.412s] -- Generating done
[1.413s] [33mCMake Warning:
[1.413s]   Manually-specified variables were not used by the project:
[1.413s] 
[1.414s]     HUMBLE_ROS
[1.414s]     ROS_EDITION
[1.414s] 
[1.414s] [0m
[1.414s] -- Build files have been written to: /home/lx/ros2/ros/xiao_ying/build/xiao_ying_navigation
[1.421s] Invoked command in '/home/lx/ros2/ros/xiao_ying/build/xiao_ying_navigation' returned '0': CMAKE_PREFIX_PATH=/opt/ros/humble /usr/bin/cmake /home/lx/ros2/ros/xiao_ying/src/xiao_ying_navigation -DROS_EDITION=ROS2 -DHUMBLE_ROS=humble -DCMAKE_INSTALL_PREFIX=/home/lx/ros2/ros/xiao_ying/install/xiao_ying_navigation
[1.423s] Invoking command in '/home/lx/ros2/ros/xiao_ying/build/xiao_ying_navigation': CMAKE_PREFIX_PATH=/opt/ros/humble /usr/bin/cmake --build /home/lx/ros2/ros/xiao_ying/build/xiao_ying_navigation -- -j12 -l12
[1.520s] Invoked command in '/home/lx/ros2/ros/xiao_ying/build/xiao_ying_navigation' returned '0': CMAKE_PREFIX_PATH=/opt/ros/humble /usr/bin/cmake --build /home/lx/ros2/ros/xiao_ying/build/xiao_ying_navigation -- -j12 -l12
[1.536s] Invoking command in '/home/lx/ros2/ros/xiao_ying/build/xiao_ying_navigation': CMAKE_PREFIX_PATH=/opt/ros/humble /usr/bin/cmake --install /home/lx/ros2/ros/xiao_ying/build/xiao_ying_navigation
[1.541s] -- Install configuration: ""
[1.541s] -- Installing: /home/lx/ros2/ros/xiao_ying/install/xiao_ying_navigation/share/xiao_ying_navigation/launch
[1.542s] -- Installing: /home/lx/ros2/ros/xiao_ying/install/xiao_ying_navigation/share/xiao_ying_navigation/launch/navigation.launch.py
[1.542s] -- Installing: /home/lx/ros2/ros/xiao_ying/install/xiao_ying_navigation/share/xiao_ying_navigation/map
[1.542s] -- Installing: /home/lx/ros2/ros/xiao_ying/install/xiao_ying_navigation/share/xiao_ying_navigation/map/map.pgm
[1.542s] -- Installing: /home/lx/ros2/ros/xiao_ying/install/xiao_ying_navigation/share/xiao_ying_navigation/map/map.yaml
[1.542s] -- Installing: /home/lx/ros2/ros/xiao_ying/install/xiao_ying_navigation/share/xiao_ying_navigation/param
[1.542s] -- Installing: /home/lx/ros2/ros/xiao_ying/install/xiao_ying_navigation/share/xiao_ying_navigation/param/xiao_ying.yaml
[1.542s] -- Installing: /home/lx/ros2/ros/xiao_ying/install/xiao_ying_navigation/share/xiao_ying_navigation/rviz
[1.542s] -- Installing: /home/lx/ros2/ros/xiao_ying/install/xiao_ying_navigation/share/xiao_ying_navigation/rviz/show.rviz
[1.542s] -- Installing: /home/lx/ros2/ros/xiao_ying/install/xiao_ying_navigation/share/ament_index/resource_index/package_run_dependencies/xiao_ying_navigation
[1.542s] -- Installing: /home/lx/ros2/ros/xiao_ying/install/xiao_ying_navigation/share/ament_index/resource_index/parent_prefix_path/xiao_ying_navigation
[1.542s] -- Installing: /home/lx/ros2/ros/xiao_ying/install/xiao_ying_navigation/share/xiao_ying_navigation/environment/ament_prefix_path.sh
[1.542s] -- Installing: /home/lx/ros2/ros/xiao_ying/install/xiao_ying_navigation/share/xiao_ying_navigation/environment/ament_prefix_path.dsv
[1.542s] -- Installing: /home/lx/ros2/ros/xiao_ying/install/xiao_ying_navigation/share/xiao_ying_navigation/environment/path.sh
[1.543s] -- Installing: /home/lx/ros2/ros/xiao_ying/install/xiao_ying_navigation/share/xiao_ying_navigation/environment/path.dsv
[1.543s] -- Installing: /home/lx/ros2/ros/xiao_ying/install/xiao_ying_navigation/share/xiao_ying_navigation/local_setup.bash
[1.543s] -- Installing: /home/lx/ros2/ros/xiao_ying/install/xiao_ying_navigation/share/xiao_ying_navigation/local_setup.sh
[1.543s] -- Installing: /home/lx/ros2/ros/xiao_ying/install/xiao_ying_navigation/share/xiao_ying_navigation/local_setup.zsh
[1.543s] -- Installing: /home/lx/ros2/ros/xiao_ying/install/xiao_ying_navigation/share/xiao_ying_navigation/local_setup.dsv
[1.543s] -- Installing: /home/lx/ros2/ros/xiao_ying/install/xiao_ying_navigation/share/xiao_ying_navigation/package.dsv
[1.543s] -- Installing: /home/lx/ros2/ros/xiao_ying/install/xiao_ying_navigation/share/ament_index/resource_index/packages/xiao_ying_navigation
[1.543s] -- Installing: /home/lx/ros2/ros/xiao_ying/install/xiao_ying_navigation/share/xiao_ying_navigation/cmake/xiao_ying_navigationConfig.cmake
[1.543s] -- Installing: /home/lx/ros2/ros/xiao_ying/install/xiao_ying_navigation/share/xiao_ying_navigation/cmake/xiao_ying_navigationConfig-version.cmake
[1.543s] -- Installing: /home/lx/ros2/ros/xiao_ying/install/xiao_ying_navigation/share/xiao_ying_navigation/package.xml
[1.545s] Invoked command in '/home/lx/ros2/ros/xiao_ying/build/xiao_ying_navigation' returned '0': CMAKE_PREFIX_PATH=/opt/ros/humble /usr/bin/cmake --install /home/lx/ros2/ros/xiao_ying/build/xiao_ying_navigation
