[0.183s] Invoking command in '/home/lx/ros2/ros/xiao_ying/build/linefit_ground_segmentation_ros': CMAKE_PREFIX_PATH=/home/lx/ros2/ros/xiao_ying/install/linefit_ground_segmentation:/home/lx/ros2/ros/xiao_ying/install/xiao_ying_navigation:/home/lx/ros2/ros/xiao_ying/install/start:/home/lx/ros2/ros/xiao_ying/install/pointcloud_to_laserscan:/home/lx/ros2/ros/xiao_ying/install/livox_to_pointcloud2:/home/lx/ros2/ros/xiao_ying/install/fast_lio:/home/lx/ros2/ros/xiao_ying/install/livox_ros_driver2:/home/lx/ros2/ros/xiao_ying/install/linefit_ground_segmentation_ros:/home/lx/ros2/ros/xiao_ying/install/imu_complementary_filter:/opt/ros/humble LD_LIBRARY_PATH=/home/lx/ros2/ros/xiao_ying/install/linefit_ground_segmentation/lib:/home/lx/ros2/ros/xiao_ying/install/pointcloud_to_laserscan/lib:/home/lx/ros2/ros/xiao_ying/install/livox_to_pointcloud2/lib:/home/lx/ros2/ros/xiao_ying/install/fast_lio/lib:/home/lx/ros2/ros/xiao_ying/install/livox_ros_driver2/lib:/home/lx/ros2/ros/xiao_ying/install/imu_complementary_filter/lib:/usr/lib/x86_64-linux-gnu/gazebo-11/plugins:/opt/ros/humble/opt/rviz_ogre_vendor/lib:/opt/ros/humble/lib/x86_64-linux-gnu:/opt/ros/humble/lib /usr/bin/cmake --build /home/lx/ros2/ros/xiao_ying/build/linefit_ground_segmentation_ros -- -j12 -l12
[0.217s] [35m[1mConsolidate compiler generated dependencies of target ground_segmentation_test_node[0m
[0.217s] [35m[1mConsolidate compiler generated dependencies of target ground_segmentation_node[0m
[0.242s] [ 50%] Built target ground_segmentation_test_node
[0.246s] [100%] Built target ground_segmentation_node
[0.268s] Invoked command in '/home/lx/ros2/ros/xiao_ying/build/linefit_ground_segmentation_ros' returned '0': CMAKE_PREFIX_PATH=/home/lx/ros2/ros/xiao_ying/install/linefit_ground_segmentation:/home/lx/ros2/ros/xiao_ying/install/xiao_ying_navigation:/home/lx/ros2/ros/xiao_ying/install/start:/home/lx/ros2/ros/xiao_ying/install/pointcloud_to_laserscan:/home/lx/ros2/ros/xiao_ying/install/livox_to_pointcloud2:/home/lx/ros2/ros/xiao_ying/install/fast_lio:/home/lx/ros2/ros/xiao_ying/install/livox_ros_driver2:/home/lx/ros2/ros/xiao_ying/install/linefit_ground_segmentation_ros:/home/lx/ros2/ros/xiao_ying/install/imu_complementary_filter:/opt/ros/humble LD_LIBRARY_PATH=/home/lx/ros2/ros/xiao_ying/install/linefit_ground_segmentation/lib:/home/lx/ros2/ros/xiao_ying/install/pointcloud_to_laserscan/lib:/home/lx/ros2/ros/xiao_ying/install/livox_to_pointcloud2/lib:/home/lx/ros2/ros/xiao_ying/install/fast_lio/lib:/home/lx/ros2/ros/xiao_ying/install/livox_ros_driver2/lib:/home/lx/ros2/ros/xiao_ying/install/imu_complementary_filter/lib:/usr/lib/x86_64-linux-gnu/gazebo-11/plugins:/opt/ros/humble/opt/rviz_ogre_vendor/lib:/opt/ros/humble/lib/x86_64-linux-gnu:/opt/ros/humble/lib /usr/bin/cmake --build /home/lx/ros2/ros/xiao_ying/build/linefit_ground_segmentation_ros -- -j12 -l12
[0.327s] Invoking command in '/home/lx/ros2/ros/xiao_ying/build/linefit_ground_segmentation_ros': CMAKE_PREFIX_PATH=/home/lx/ros2/ros/xiao_ying/install/linefit_ground_segmentation:/home/lx/ros2/ros/xiao_ying/install/xiao_ying_navigation:/home/lx/ros2/ros/xiao_ying/install/start:/home/lx/ros2/ros/xiao_ying/install/pointcloud_to_laserscan:/home/lx/ros2/ros/xiao_ying/install/livox_to_pointcloud2:/home/lx/ros2/ros/xiao_ying/install/fast_lio:/home/lx/ros2/ros/xiao_ying/install/livox_ros_driver2:/home/lx/ros2/ros/xiao_ying/install/linefit_ground_segmentation_ros:/home/lx/ros2/ros/xiao_ying/install/imu_complementary_filter:/opt/ros/humble LD_LIBRARY_PATH=/home/lx/ros2/ros/xiao_ying/install/linefit_ground_segmentation/lib:/home/lx/ros2/ros/xiao_ying/install/pointcloud_to_laserscan/lib:/home/lx/ros2/ros/xiao_ying/install/livox_to_pointcloud2/lib:/home/lx/ros2/ros/xiao_ying/install/fast_lio/lib:/home/lx/ros2/ros/xiao_ying/install/livox_ros_driver2/lib:/home/lx/ros2/ros/xiao_ying/install/imu_complementary_filter/lib:/usr/lib/x86_64-linux-gnu/gazebo-11/plugins:/opt/ros/humble/opt/rviz_ogre_vendor/lib:/opt/ros/humble/lib/x86_64-linux-gnu:/opt/ros/humble/lib /usr/bin/cmake --install /home/lx/ros2/ros/xiao_ying/build/linefit_ground_segmentation_ros
[0.332s] -- Install configuration: ""
[0.332s] -- Up-to-date: /home/lx/ros2/ros/xiao_ying/install/linefit_ground_segmentation_ros/lib/linefit_ground_segmentation_ros/ground_segmentation_node
[0.332s] -- Up-to-date: /home/lx/ros2/ros/xiao_ying/install/linefit_ground_segmentation_ros/lib/linefit_ground_segmentation_ros/ground_segmentation_test_node
[0.333s] -- Up-to-date: /home/lx/ros2/ros/xiao_ying/install/linefit_ground_segmentation_ros/share/linefit_ground_segmentation_ros/launch
[0.333s] -- Up-to-date: /home/lx/ros2/ros/xiao_ying/install/linefit_ground_segmentation_ros/share/linefit_ground_segmentation_ros/launch/test.launch.py
[0.333s] -- Up-to-date: /home/lx/ros2/ros/xiao_ying/install/linefit_ground_segmentation_ros/share/linefit_ground_segmentation_ros/launch/segmentation.launch.py
[0.333s] -- Up-to-date: /home/lx/ros2/ros/xiao_ying/install/linefit_ground_segmentation_ros/share/linefit_ground_segmentation_ros/launch/segmentation_params.yaml
[0.333s] -- Up-to-date: /home/lx/ros2/ros/xiao_ying/install/linefit_ground_segmentation_ros/share/ament_index/resource_index/package_run_dependencies/linefit_ground_segmentation_ros
[0.333s] -- Up-to-date: /home/lx/ros2/ros/xiao_ying/install/linefit_ground_segmentation_ros/share/ament_index/resource_index/parent_prefix_path/linefit_ground_segmentation_ros
[0.333s] -- Up-to-date: /home/lx/ros2/ros/xiao_ying/install/linefit_ground_segmentation_ros/share/linefit_ground_segmentation_ros/environment/ament_prefix_path.sh
[0.333s] -- Up-to-date: /home/lx/ros2/ros/xiao_ying/install/linefit_ground_segmentation_ros/share/linefit_ground_segmentation_ros/environment/ament_prefix_path.dsv
[0.333s] -- Up-to-date: /home/lx/ros2/ros/xiao_ying/install/linefit_ground_segmentation_ros/share/linefit_ground_segmentation_ros/environment/path.sh
[0.333s] -- Up-to-date: /home/lx/ros2/ros/xiao_ying/install/linefit_ground_segmentation_ros/share/linefit_ground_segmentation_ros/environment/path.dsv
[0.333s] -- Up-to-date: /home/lx/ros2/ros/xiao_ying/install/linefit_ground_segmentation_ros/share/linefit_ground_segmentation_ros/local_setup.bash
[0.333s] -- Up-to-date: /home/lx/ros2/ros/xiao_ying/install/linefit_ground_segmentation_ros/share/linefit_ground_segmentation_ros/local_setup.sh
[0.333s] -- Up-to-date: /home/lx/ros2/ros/xiao_ying/install/linefit_ground_segmentation_ros/share/linefit_ground_segmentation_ros/local_setup.zsh
[0.333s] -- Up-to-date: /home/lx/ros2/ros/xiao_ying/install/linefit_ground_segmentation_ros/share/linefit_ground_segmentation_ros/local_setup.dsv
[0.333s] -- Installing: /home/lx/ros2/ros/xiao_ying/install/linefit_ground_segmentation_ros/share/linefit_ground_segmentation_ros/package.dsv
[0.334s] -- Up-to-date: /home/lx/ros2/ros/xiao_ying/install/linefit_ground_segmentation_ros/share/ament_index/resource_index/packages/linefit_ground_segmentation_ros
[0.334s] -- Up-to-date: /home/lx/ros2/ros/xiao_ying/install/linefit_ground_segmentation_ros/share/linefit_ground_segmentation_ros/cmake/ament_cmake_export_dependencies-extras.cmake
[0.334s] -- Up-to-date: /home/lx/ros2/ros/xiao_ying/install/linefit_ground_segmentation_ros/share/linefit_ground_segmentation_ros/cmake/linefit_ground_segmentation_rosConfig.cmake
[0.334s] -- Up-to-date: /home/lx/ros2/ros/xiao_ying/install/linefit_ground_segmentation_ros/share/linefit_ground_segmentation_ros/cmake/linefit_ground_segmentation_rosConfig-version.cmake
[0.334s] -- Up-to-date: /home/lx/ros2/ros/xiao_ying/install/linefit_ground_segmentation_ros/share/linefit_ground_segmentation_ros/package.xml
[0.334s] Invoked command in '/home/lx/ros2/ros/xiao_ying/build/linefit_ground_segmentation_ros' returned '0': CMAKE_PREFIX_PATH=/home/lx/ros2/ros/xiao_ying/install/linefit_ground_segmentation:/home/lx/ros2/ros/xiao_ying/install/xiao_ying_navigation:/home/lx/ros2/ros/xiao_ying/install/start:/home/lx/ros2/ros/xiao_ying/install/pointcloud_to_laserscan:/home/lx/ros2/ros/xiao_ying/install/livox_to_pointcloud2:/home/lx/ros2/ros/xiao_ying/install/fast_lio:/home/lx/ros2/ros/xiao_ying/install/livox_ros_driver2:/home/lx/ros2/ros/xiao_ying/install/linefit_ground_segmentation_ros:/home/lx/ros2/ros/xiao_ying/install/imu_complementary_filter:/opt/ros/humble LD_LIBRARY_PATH=/home/lx/ros2/ros/xiao_ying/install/linefit_ground_segmentation/lib:/home/lx/ros2/ros/xiao_ying/install/pointcloud_to_laserscan/lib:/home/lx/ros2/ros/xiao_ying/install/livox_to_pointcloud2/lib:/home/lx/ros2/ros/xiao_ying/install/fast_lio/lib:/home/lx/ros2/ros/xiao_ying/install/livox_ros_driver2/lib:/home/lx/ros2/ros/xiao_ying/install/imu_complementary_filter/lib:/usr/lib/x86_64-linux-gnu/gazebo-11/plugins:/opt/ros/humble/opt/rviz_ogre_vendor/lib:/opt/ros/humble/lib/x86_64-linux-gnu:/opt/ros/humble/lib /usr/bin/cmake --install /home/lx/ros2/ros/xiao_ying/build/linefit_ground_segmentation_ros
