[0.230s] Invoking command in '/home/lx/ros2/demo1/build/turtlebot3_gazebo': CMAKE_PREFIX_PATH=${CMAKE_PREFIX_PATH}:/opt/ros/humble /usr/bin/cmake /home/lx/ros2/demo1/src/turtlebot3_simulations/turtlebot3_gazebo -DAMENT_CMAKE_SYMLINK_INSTALL=1 -DCMAKE_INSTALL_PREFIX=/home/lx/ros2/demo1/install/turtlebot3_gazebo
[0.467s] -- The C compiler identification is GNU 11.4.0
[0.467s] -- The CXX compiler identification is GNU 11.4.0
[0.467s] -- Detecting C compiler ABI info
[0.467s] -- Detecting C compiler ABI info - done
[0.467s] -- Check for working C compiler: /usr/bin/cc - skipped
[0.467s] -- Detecting C compile features
[0.467s] -- Detecting C compile features - done
[0.467s] -- Detecting CXX compiler ABI info
[0.468s] -- Detecting CXX compiler ABI info - done
[0.468s] -- Check for working CXX compiler: /usr/bin/c++ - skipped
[0.468s] -- Detecting CXX compile features
[0.468s] -- Detecting CXX compile features - done
[0.468s] -- Found ament_cmake: 1.3.5 (/opt/ros/humble/share/ament_cmake/cmake)
[0.587s] -- Found Python3: /usr/bin/python3.10 (found version "3.10.12") found components: Interpreter 
[0.636s] -- Override CMake install command with custom implementation using symlinks instead of copying resources
[0.660s] -- Found PkgConfig: /usr/bin/pkg-config (found version "0.29.2") 
[0.660s] [33mCMake Warning (dev) at /usr/share/cmake-3.22/Modules/FindPackageHandleStandardArgs.cmake:438 (message):
[0.660s]   The package name passed to `find_package_handle_standard_args` (PkgConfig)
[0.660s]   does not match the name of the calling package (gazebo).  This can lead to
[0.660s]   problems in calling code that expects `find_package` result variables
[0.660s]   (e.g., `_FOUND`) to follow a certain pattern.
[0.660s] Call Stack (most recent call first):
[0.660s]   /usr/share/cmake-3.22/Modules/FindPkgConfig.cmake:99 (find_package_handle_standard_args)
[0.660s]   /usr/lib/x86_64-linux-gnu/cmake/gazebo/gazebo-config.cmake:72 (include)
[0.661s]   CMakeLists.txt:23 (find_package)
[0.661s] This warning is for project developers.  Use -Wno-dev to suppress it.
[0.661s] [0m
[0.663s] -- Checking for module 'bullet>=2.82'
[0.673s] --   Found bullet, version 3.05
[0.748s] -- Found fcl: /usr/include (found suitable version "0.7.0", minimum required is "0.5.0") 
[0.788s] -- Found assimp: /usr/include (found version "5.2.0") 
[0.808s] -- Found DART: /usr/include (Required is at least version "6.6") found components: dart 
[0.934s] -- Found Boost: /usr/lib/x86_64-linux-gnu/cmake/Boost-1.74.0/BoostConfig.cmake (found suitable version "1.74.0", minimum required is "1.40.0") found components: thread system filesystem program_options regex iostreams date_time 
[0.951s] -- Found Protobuf: /usr/lib/x86_64-linux-gnu/libprotobuf.so (found version "3.12.4") 
[0.955s] -- Looking for ignition-math6 -- found version 6.12.0
[0.961s] -- Searching for dependencies of ignition-math6
[0.962s] -- Looking for OGRE...
[0.963s] -- OGRE_PREFIX_WATCH changed.
[0.967s] -- Checking for module 'OGRE'
[0.975s] --   Found OGRE, version 1.9.0
[0.995s] -- Found Ogre Ghadamon (1.9.0)
[1.003s] -- Found OGRE: optimized;/usr/lib/x86_64-linux-gnu/libOgreMain.so;debug;/usr/lib/x86_64-linux-gnu/libOgreMain.so
[1.011s] -- Looking for OGRE_Paging...
[1.015s] -- Found OGRE_Paging: optimized;/usr/lib/x86_64-linux-gnu/libOgrePaging.so;debug;/usr/lib/x86_64-linux-gnu/libOgrePaging.so
[1.015s] -- Looking for OGRE_Terrain...
[1.019s] -- Found OGRE_Terrain: optimized;/usr/lib/x86_64-linux-gnu/libOgreTerrain.so;debug;/usr/lib/x86_64-linux-gnu/libOgreTerrain.so
[1.019s] -- Looking for OGRE_Property...
[1.022s] -- Found OGRE_Property: optimized;/usr/lib/x86_64-linux-gnu/libOgreProperty.so;debug;/usr/lib/x86_64-linux-gnu/libOgreProperty.so
[1.022s] -- Looking for OGRE_RTShaderSystem...
[1.026s] -- Found OGRE_RTShaderSystem: optimized;/usr/lib/x86_64-linux-gnu/libOgreRTShaderSystem.so;debug;/usr/lib/x86_64-linux-gnu/libOgreRTShaderSystem.so
[1.026s] -- Looking for OGRE_Volume...
[1.030s] -- Found OGRE_Volume: optimized;/usr/lib/x86_64-linux-gnu/libOgreVolume.so;debug;/usr/lib/x86_64-linux-gnu/libOgreVolume.so
[1.030s] -- Looking for OGRE_Overlay...
[1.034s] -- Found OGRE_Overlay: optimized;/usr/lib/x86_64-linux-gnu/libOgreOverlay.so;debug;/usr/lib/x86_64-linux-gnu/libOgreOverlay.so
[1.113s] -- Looking for ignition-math6 -- found version 6.12.0
[1.116s] -- Looking for ignition-transport8 -- found version 8.2.1
[1.116s] -- Searching for dependencies of ignition-transport8
[1.129s] -- Found Protobuf: /usr/lib/x86_64-linux-gnu/libprotobuf.so (found suitable version "3.12.4", minimum required is "3") 
[1.142s] -- Config-file not installed for ZeroMQ -- checking for pkg-config
[1.146s] -- Checking for module 'libzmq >= 4'
[1.157s] --   Found libzmq , version 4.3.4
[1.185s] -- Found ZeroMQ: TRUE (Required is at least version "4") 
[1.190s] -- Checking for module 'uuid'
[1.199s] --   Found uuid, version 2.37.2
[1.221s] -- Found UUID: TRUE  
[1.225s] -- Looking for ignition-msgs5 -- found version 5.8.1
[1.226s] -- Searching for dependencies of ignition-msgs5
[1.240s] -- Looking for ignition-math6 -- found version 6.12.0
[1.244s] -- Checking for module 'tinyxml2'
[1.252s] --   Found tinyxml2, version 9.0.0
[1.274s] -- Looking for ignition-msgs5 -- found version 5.8.1
[1.277s] -- Looking for ignition-common3 -- found version 3.14.0
[1.277s] -- Searching for dependencies of ignition-common3
[1.277s] -- Looking for dlfcn.h - found
[1.277s] -- Looking for libdl - found
[1.278s] -- Found DL: TRUE  
[1.286s] -- Found tinyobjloader: /usr/lib/x86_64-linux-gnu/cmake/tinyobjloader/tinyobjloader-config.cmake (found version "2.0.0") 
[1.287s] -- Searching for <ignition-common3> component [graphics]
[1.288s] -- Looking for ignition-common3-graphics -- found version 3.14.0
[1.289s] -- Searching for dependencies of ignition-common3-graphics
[1.289s] -- Looking for ignition-math6 -- found version 6.12.0
[1.291s] -- Looking for ignition-fuel_tools4 -- found version 4.4.0
[1.293s] -- Searching for dependencies of ignition-fuel_tools4
[1.342s] -- Found CURL: /usr/lib/x86_64-linux-gnu/libcurl.so (found version "7.81.0")  
[1.351s] -- Checking for module 'jsoncpp'
[1.359s] --   Found jsoncpp, version 1.9.5
[1.378s] -- Found JSONCPP: TRUE  
[1.382s] -- Checking for module 'libzip'
[1.391s] --   Found libzip, version 1.7.3
[1.411s] -- Found ZIP: TRUE  
[1.412s] -- Looking for ignition-common3 -- found version 3.14.0
[1.412s] -- Looking for ignition-math6 -- found version 6.12.0
[1.412s] -- Looking for ignition-msgs5 -- found version 5.8.1
[1.416s] -- Found gazebo_ros_pkgs: 3.7.0 (/opt/ros/humble/share/gazebo_ros_pkgs/cmake)
[1.417s] -- Found geometry_msgs: 4.2.3 (/opt/ros/humble/share/geometry_msgs/cmake)
[1.442s] -- Found rosidl_generator_c: 3.1.4 (/opt/ros/humble/share/rosidl_generator_c/cmake)
[1.445s] -- Found rosidl_adapter: 3.1.4 (/opt/ros/humble/share/rosidl_adapter/cmake)
[1.452s] -- Found rosidl_generator_cpp: 3.1.4 (/opt/ros/humble/share/rosidl_generator_cpp/cmake)
[1.463s] -- Using all available rosidl_typesupport_c: rosidl_typesupport_fastrtps_c;rosidl_typesupport_introspection_c
[1.479s] -- Using all available rosidl_typesupport_cpp: rosidl_typesupport_fastrtps_cpp;rosidl_typesupport_introspection_cpp
[1.585s] -- Found nav_msgs: 4.2.3 (/opt/ros/humble/share/nav_msgs/cmake)
[1.659s] -- Found rclcpp: 16.0.4 (/opt/ros/humble/share/rclcpp/cmake)
[1.707s] -- Found rmw_implementation_cmake: 6.1.1 (/opt/ros/humble/share/rmw_implementation_cmake/cmake)
[1.711s] -- Found rmw_fastrtps_cpp: 6.2.2 (/opt/ros/humble/share/rmw_fastrtps_cpp/cmake)
[1.780s] -- Found OpenSSL: /usr/lib/x86_64-linux-gnu/libcrypto.so (found version "3.0.2")  
[1.798s] -- Found FastRTPS: /opt/ros/humble/include  
[1.837s] -- Using RMW implementation 'rmw_fastrtps_cpp' as default
[1.844s] -- Found Threads: TRUE  
[1.955s] -- Found sensor_msgs: 4.2.3 (/opt/ros/humble/share/sensor_msgs/cmake)
[2.029s] -- Found tf2: 0.25.2 (/opt/ros/humble/share/tf2/cmake)
[2.099s] -- Configuring done
[2.124s] -- Generating done
[2.126s] -- Build files have been written to: /home/lx/ros2/demo1/build/turtlebot3_gazebo
[2.136s] Invoked command in '/home/lx/ros2/demo1/build/turtlebot3_gazebo' returned '0': CMAKE_PREFIX_PATH=${CMAKE_PREFIX_PATH}:/opt/ros/humble /usr/bin/cmake /home/lx/ros2/demo1/src/turtlebot3_simulations/turtlebot3_gazebo -DAMENT_CMAKE_SYMLINK_INSTALL=1 -DCMAKE_INSTALL_PREFIX=/home/lx/ros2/demo1/install/turtlebot3_gazebo
[2.137s] Invoking command in '/home/lx/ros2/demo1/build/turtlebot3_gazebo': CMAKE_PREFIX_PATH=${CMAKE_PREFIX_PATH}:/opt/ros/humble /usr/bin/cmake --build /home/lx/ros2/demo1/build/turtlebot3_gazebo -- -j12 -l12
[2.175s] [ 50%] [32mBuilding CXX object CMakeFiles/obstacles.dir/models/turtlebot3_dqn_world/obstacle_plugin/obstacles.cc.o[0m
[2.175s] [ 50%] [32mBuilding CXX object CMakeFiles/turtlebot3_drive.dir/src/turtlebot3_drive.cpp.o[0m
[2.175s] [ 50%] [32mBuilding CXX object CMakeFiles/obstacle1.dir/models/turtlebot3_dqn_world/obstacle_plugin/obstacle1.cc.o[0m
[2.175s] [ 50%] [32mBuilding CXX object CMakeFiles/obstacle2.dir/models/turtlebot3_dqn_world/obstacle_plugin/obstacle2.cc.o[0m
[12.567s] [ 62%] [32m[1mLinking CXX shared library libobstacle2.so[0m
[12.605s] [ 75%] [32m[1mLinking CXX shared library libobstacle1.so[0m
[12.720s] [ 87%] [32m[1mLinking CXX shared library libobstacles.so[0m
[12.793s] [ 87%] Built target obstacle2
[12.828s] [ 87%] Built target obstacle1
[12.887s] [100%] [32m[1mLinking CXX executable turtlebot3_drive[0m
[12.919s] [100%] Built target obstacles
[13.271s] [100%] Built target turtlebot3_drive
[13.279s] Invoked command in '/home/lx/ros2/demo1/build/turtlebot3_gazebo' returned '0': CMAKE_PREFIX_PATH=${CMAKE_PREFIX_PATH}:/opt/ros/humble /usr/bin/cmake --build /home/lx/ros2/demo1/build/turtlebot3_gazebo -- -j12 -l12
[13.301s] Invoking command in '/home/lx/ros2/demo1/build/turtlebot3_gazebo': CMAKE_PREFIX_PATH=${CMAKE_PREFIX_PATH}:/opt/ros/humble /usr/bin/cmake --install /home/lx/ros2/demo1/build/turtlebot3_gazebo
[13.306s] -- Install configuration: ""
[13.307s] -- Execute custom install script
[13.307s] -- Symlinking: /home/lx/ros2/demo1/install/turtlebot3_gazebo/lib/turtlebot3_gazebo/turtlebot3_drive
[13.313s] -- Symlinking: /home/lx/ros2/demo1/install/turtlebot3_gazebo/share/turtlebot3_gazebo//launch/empty_world.launch.py
[13.319s] -- Symlinking: /home/lx/ros2/demo1/install/turtlebot3_gazebo/share/turtlebot3_gazebo//launch/robot_state_publisher.launch.py
[13.324s] -- Symlinking: /home/lx/ros2/demo1/install/turtlebot3_gazebo/share/turtlebot3_gazebo//launch/spawn_turtlebot3.launch.py
[13.330s] -- Symlinking: /home/lx/ros2/demo1/install/turtlebot3_gazebo/share/turtlebot3_gazebo//launch/turtlebot3_dqn_stage1.launch.py
[13.335s] -- Symlinking: /home/lx/ros2/demo1/install/turtlebot3_gazebo/share/turtlebot3_gazebo//launch/turtlebot3_dqn_stage2.launch.py
[13.341s] -- Symlinking: /home/lx/ros2/demo1/install/turtlebot3_gazebo/share/turtlebot3_gazebo//launch/turtlebot3_dqn_stage3.launch.py
[13.346s] -- Symlinking: /home/lx/ros2/demo1/install/turtlebot3_gazebo/share/turtlebot3_gazebo//launch/turtlebot3_dqn_stage4.launch.py
[13.352s] -- Symlinking: /home/lx/ros2/demo1/install/turtlebot3_gazebo/share/turtlebot3_gazebo//launch/turtlebot3_house.launch.py
[13.357s] -- Symlinking: /home/lx/ros2/demo1/install/turtlebot3_gazebo/share/turtlebot3_gazebo//launch/turtlebot3_world.launch.py
[13.363s] -- Symlinking: /home/lx/ros2/demo1/install/turtlebot3_gazebo/share/turtlebot3_gazebo//models/turtlebot3_burger/model-1_4.sdf
[13.369s] -- Symlinking: /home/lx/ros2/demo1/install/turtlebot3_gazebo/share/turtlebot3_gazebo//models/turtlebot3_burger/model.config
[13.374s] -- Symlinking: /home/lx/ros2/demo1/install/turtlebot3_gazebo/share/turtlebot3_gazebo//models/turtlebot3_burger/model.sdf
[13.380s] -- Symlinking: /home/lx/ros2/demo1/install/turtlebot3_gazebo/share/turtlebot3_gazebo//models/turtlebot3_common/meshes/burger_base.dae
[13.385s] -- Symlinking: /home/lx/ros2/demo1/install/turtlebot3_gazebo/share/turtlebot3_gazebo//models/turtlebot3_common/meshes/lds.dae
[13.391s] -- Symlinking: /home/lx/ros2/demo1/install/turtlebot3_gazebo/share/turtlebot3_gazebo//models/turtlebot3_common/meshes/r200.dae
[13.396s] -- Symlinking: /home/lx/ros2/demo1/install/turtlebot3_gazebo/share/turtlebot3_gazebo//models/turtlebot3_common/meshes/tire.dae
[13.401s] -- Symlinking: /home/lx/ros2/demo1/install/turtlebot3_gazebo/share/turtlebot3_gazebo//models/turtlebot3_common/meshes/waffle_base.dae
[13.407s] -- Symlinking: /home/lx/ros2/demo1/install/turtlebot3_gazebo/share/turtlebot3_gazebo//models/turtlebot3_common/meshes/waffle_pi_base.dae
[13.412s] -- Symlinking: /home/lx/ros2/demo1/install/turtlebot3_gazebo/share/turtlebot3_gazebo//models/turtlebot3_common/model.config
[13.418s] -- Symlinking: /home/lx/ros2/demo1/install/turtlebot3_gazebo/share/turtlebot3_gazebo//models/turtlebot3_dqn_world/goal_box/model.config
[13.423s] -- Symlinking: /home/lx/ros2/demo1/install/turtlebot3_gazebo/share/turtlebot3_gazebo//models/turtlebot3_dqn_world/goal_box/model.sdf
[13.429s] -- Symlinking: /home/lx/ros2/demo1/install/turtlebot3_gazebo/share/turtlebot3_gazebo//models/turtlebot3_dqn_world/inner_walls/model.config
[13.434s] -- Symlinking: /home/lx/ros2/demo1/install/turtlebot3_gazebo/share/turtlebot3_gazebo//models/turtlebot3_dqn_world/inner_walls/model.sdf
[13.440s] -- Symlinking: /home/lx/ros2/demo1/install/turtlebot3_gazebo/share/turtlebot3_gazebo//models/turtlebot3_dqn_world/model.config
[13.445s] -- Symlinking: /home/lx/ros2/demo1/install/turtlebot3_gazebo/share/turtlebot3_gazebo//models/turtlebot3_dqn_world/model.sdf
[13.451s] -- Symlinking: /home/lx/ros2/demo1/install/turtlebot3_gazebo/share/turtlebot3_gazebo//models/turtlebot3_dqn_world/obstacle1/model.config
[13.456s] -- Symlinking: /home/lx/ros2/demo1/install/turtlebot3_gazebo/share/turtlebot3_gazebo//models/turtlebot3_dqn_world/obstacle1/model.sdf
[13.462s] -- Symlinking: /home/lx/ros2/demo1/install/turtlebot3_gazebo/share/turtlebot3_gazebo//models/turtlebot3_dqn_world/obstacle2/model.config
[13.467s] -- Symlinking: /home/lx/ros2/demo1/install/turtlebot3_gazebo/share/turtlebot3_gazebo//models/turtlebot3_dqn_world/obstacle2/model.sdf
[13.473s] -- Symlinking: /home/lx/ros2/demo1/install/turtlebot3_gazebo/share/turtlebot3_gazebo//models/turtlebot3_dqn_world/obstacle_plugin/CMakeLists.txt
[13.478s] -- Symlinking: /home/lx/ros2/demo1/install/turtlebot3_gazebo/share/turtlebot3_gazebo//models/turtlebot3_dqn_world/obstacle_plugin/obstacle1.cc
[13.491s] -- Symlinking: /home/lx/ros2/demo1/install/turtlebot3_gazebo/share/turtlebot3_gazebo//models/turtlebot3_dqn_world/obstacle_plugin/obstacle2.cc
[13.497s] -- Symlinking: /home/lx/ros2/demo1/install/turtlebot3_gazebo/share/turtlebot3_gazebo//models/turtlebot3_dqn_world/obstacle_plugin/obstacles.cc
[13.502s] -- Symlinking: /home/lx/ros2/demo1/install/turtlebot3_gazebo/share/turtlebot3_gazebo//models/turtlebot3_dqn_world/obstacles/model.config
[13.508s] -- Symlinking: /home/lx/ros2/demo1/install/turtlebot3_gazebo/share/turtlebot3_gazebo//models/turtlebot3_dqn_world/obstacles/model.sdf
[13.513s] -- Symlinking: /home/lx/ros2/demo1/install/turtlebot3_gazebo/share/turtlebot3_gazebo//models/turtlebot3_house/model.config
[13.519s] -- Symlinking: /home/lx/ros2/demo1/install/turtlebot3_gazebo/share/turtlebot3_gazebo//models/turtlebot3_house/model.sdf
[13.524s] -- Symlinking: /home/lx/ros2/demo1/install/turtlebot3_gazebo/share/turtlebot3_gazebo//models/turtlebot3_waffle/model-1_4.sdf
[13.530s] -- Symlinking: /home/lx/ros2/demo1/install/turtlebot3_gazebo/share/turtlebot3_gazebo//models/turtlebot3_waffle/model.config
[13.535s] -- Symlinking: /home/lx/ros2/demo1/install/turtlebot3_gazebo/share/turtlebot3_gazebo//models/turtlebot3_waffle/model.sdf
[13.541s] -- Symlinking: /home/lx/ros2/demo1/install/turtlebot3_gazebo/share/turtlebot3_gazebo//models/turtlebot3_waffle_pi/model-1_4_.sdf
[13.546s] -- Symlinking: /home/lx/ros2/demo1/install/turtlebot3_gazebo/share/turtlebot3_gazebo//models/turtlebot3_waffle_pi/model.config
[13.552s] -- Symlinking: /home/lx/ros2/demo1/install/turtlebot3_gazebo/share/turtlebot3_gazebo//models/turtlebot3_waffle_pi/model.sdf
[13.557s] -- Symlinking: /home/lx/ros2/demo1/install/turtlebot3_gazebo/share/turtlebot3_gazebo//models/turtlebot3_world/meshes/hexagon.dae
[13.563s] -- Symlinking: /home/lx/ros2/demo1/install/turtlebot3_gazebo/share/turtlebot3_gazebo//models/turtlebot3_world/meshes/wall.dae
[13.568s] -- Symlinking: /home/lx/ros2/demo1/install/turtlebot3_gazebo/share/turtlebot3_gazebo//models/turtlebot3_world/model-1_4.sdf
[13.574s] -- Symlinking: /home/lx/ros2/demo1/install/turtlebot3_gazebo/share/turtlebot3_gazebo//models/turtlebot3_world/model.config
[13.579s] -- Symlinking: /home/lx/ros2/demo1/install/turtlebot3_gazebo/share/turtlebot3_gazebo//models/turtlebot3_world/model.sdf
[13.585s] -- Symlinking: /home/lx/ros2/demo1/install/turtlebot3_gazebo/share/turtlebot3_gazebo//rviz/tb3_gazebo.rviz
[13.590s] -- Symlinking: /home/lx/ros2/demo1/install/turtlebot3_gazebo/share/turtlebot3_gazebo//urdf/common_properties.urdf
[13.596s] -- Symlinking: /home/lx/ros2/demo1/install/turtlebot3_gazebo/share/turtlebot3_gazebo//urdf/turtlebot3_burger.urdf
[13.601s] -- Symlinking: /home/lx/ros2/demo1/install/turtlebot3_gazebo/share/turtlebot3_gazebo//urdf/turtlebot3_waffle.urdf
[13.607s] -- Symlinking: /home/lx/ros2/demo1/install/turtlebot3_gazebo/share/turtlebot3_gazebo//urdf/turtlebot3_waffle_pi.urdf
[13.612s] -- Symlinking: /home/lx/ros2/demo1/install/turtlebot3_gazebo/share/turtlebot3_gazebo//worlds/empty_world.world
[13.618s] -- Symlinking: /home/lx/ros2/demo1/install/turtlebot3_gazebo/share/turtlebot3_gazebo//worlds/turtlebot3_dqn_stage1.world
[13.623s] -- Symlinking: /home/lx/ros2/demo1/install/turtlebot3_gazebo/share/turtlebot3_gazebo//worlds/turtlebot3_dqn_stage2.world
[13.629s] -- Symlinking: /home/lx/ros2/demo1/install/turtlebot3_gazebo/share/turtlebot3_gazebo//worlds/turtlebot3_dqn_stage3.world
[13.634s] -- Symlinking: /home/lx/ros2/demo1/install/turtlebot3_gazebo/share/turtlebot3_gazebo//worlds/turtlebot3_dqn_stage4.world
[13.640s] -- Symlinking: /home/lx/ros2/demo1/install/turtlebot3_gazebo/share/turtlebot3_gazebo//worlds/turtlebot3_house.world
[13.645s] -- Symlinking: /home/lx/ros2/demo1/install/turtlebot3_gazebo/share/turtlebot3_gazebo//worlds/turtlebot3_world.world
[13.651s] -- Symlinking: /home/lx/ros2/demo1/install/turtlebot3_gazebo/include//turtlebot3_gazebo/turtlebot3_drive.hpp
[13.657s] -- Symlinking: /home/lx/ros2/demo1/install/turtlebot3_gazebo/share/ament_index/resource_index/package_run_dependencies/turtlebot3_gazebo
[13.662s] -- Symlinking: /home/lx/ros2/demo1/install/turtlebot3_gazebo/share/ament_index/resource_index/parent_prefix_path/turtlebot3_gazebo
[13.668s] -- Symlinking: /home/lx/ros2/demo1/install/turtlebot3_gazebo/share/turtlebot3_gazebo/environment/ament_prefix_path.sh
[13.673s] -- Symlinking: /home/lx/ros2/demo1/install/turtlebot3_gazebo/share/turtlebot3_gazebo/environment/ament_prefix_path.dsv
[13.679s] -- Symlinking: /home/lx/ros2/demo1/install/turtlebot3_gazebo/share/turtlebot3_gazebo/environment/path.sh
[13.684s] -- Symlinking: /home/lx/ros2/demo1/install/turtlebot3_gazebo/share/turtlebot3_gazebo/environment/path.dsv
[13.697s] -- Symlinking: /home/lx/ros2/demo1/install/turtlebot3_gazebo/share/turtlebot3_gazebo/local_setup.bash
[13.703s] -- Symlinking: /home/lx/ros2/demo1/install/turtlebot3_gazebo/share/turtlebot3_gazebo/local_setup.sh
[13.709s] -- Symlinking: /home/lx/ros2/demo1/install/turtlebot3_gazebo/share/turtlebot3_gazebo/local_setup.zsh
[13.715s] -- Symlinking: /home/lx/ros2/demo1/install/turtlebot3_gazebo/share/turtlebot3_gazebo/local_setup.dsv
[13.721s] -- Symlinking: /home/lx/ros2/demo1/install/turtlebot3_gazebo/share/turtlebot3_gazebo/package.dsv
[13.728s] -- Symlinking: /home/lx/ros2/demo1/install/turtlebot3_gazebo/share/ament_index/resource_index/packages/turtlebot3_gazebo
[13.734s] -- Symlinking: /home/lx/ros2/demo1/install/turtlebot3_gazebo/share/turtlebot3_gazebo/cmake/ament_cmake_export_include_directories-extras.cmake
[13.740s] -- Symlinking: /home/lx/ros2/demo1/install/turtlebot3_gazebo/share/turtlebot3_gazebo/cmake/ament_cmake_export_dependencies-extras.cmake
[13.746s] -- Symlinking: /home/lx/ros2/demo1/install/turtlebot3_gazebo/share/turtlebot3_gazebo/cmake/turtlebot3_gazeboConfig.cmake
[13.753s] -- Symlinking: /home/lx/ros2/demo1/install/turtlebot3_gazebo/share/turtlebot3_gazebo/cmake/turtlebot3_gazeboConfig-version.cmake
[13.758s] -- Symlinking: /home/lx/ros2/demo1/install/turtlebot3_gazebo/share/turtlebot3_gazebo/package.xml
[13.766s] Invoked command in '/home/lx/ros2/demo1/build/turtlebot3_gazebo' returned '0': CMAKE_PREFIX_PATH=${CMAKE_PREFIX_PATH}:/opt/ros/humble /usr/bin/cmake --install /home/lx/ros2/demo1/build/turtlebot3_gazebo
