[0.051s] Invoking command in '/home/lx/ros2/ros/turtlebot3_ws/build/turtlebot3': AMENT_PREFIX_PATH=/home/lx/ros2/ros/turtlebot3_ws/install/turtlebot3_bringup:/home/lx/ros2/ros/turtlebot3_ws/install/turtlebot3_teleop:/home/lx/ros2/ros/turtlebot3_ws/install/turtlebot3_node:/home/lx/ros2/ros/turtlebot3_ws/install/turtlebot3_navigation2:/home/lx/ros2/ros/turtlebot3_ws/install/turtlebot3_example:/home/lx/ros2/ros/turtlebot3_ws/install/turtlebot3_description:/home/lx/ros2/ros/turtlebot3_ws/install/turtlebot3_cartographer:${AMENT_PREFIX_PATH} CMAKE_PREFIX_PATH=/home/lx/ros2/ros/turtlebot3_ws/install/turtlebot3_bringup:/home/lx/ros2/ros/turtlebot3_ws/install/turtlebot3_node:/home/lx/ros2/ros/turtlebot3_ws/install/turtlebot3_navigation2:/home/lx/ros2/ros/turtlebot3_ws/install/turtlebot3_description:/home/lx/ros2/ros/turtlebot3_ws/install/turtlebot3_cartographer:/opt/ros/humble PYTHONPATH=/home/lx/ros2/ros/turtlebot3_ws/install/turtlebot3_teleop/lib/python3.10/site-packages:/home/lx/ros2/ros/turtlebot3_ws/install/turtlebot3_example/lib/python3.10/site-packages:${PYTHONPATH} /usr/bin/cmake /home/lx/ros2/ros/turtlebot3_ws/src/turtlebot3/turtlebot3 -DCMAKE_INSTALL_PREFIX=/home/lx/ros2/ros/turtlebot3_ws/install/turtlebot3
[0.088s] -- The C compiler identification is GNU 11.4.0
[0.126s] -- The CXX compiler identification is GNU 11.4.0
[0.132s] -- Detecting C compiler ABI info
[0.178s] -- Detecting C compiler ABI info - done
[0.184s] -- Check for working C compiler: /usr/bin/cc - skipped
[0.184s] -- Detecting C compile features
[0.184s] -- Detecting C compile features - done
[0.186s] -- Detecting CXX compiler ABI info
[0.240s] -- Detecting CXX compiler ABI info - done
[0.247s] -- Check for working CXX compiler: /usr/bin/c++ - skipped
[0.247s] -- Detecting CXX compile features
[0.247s] -- Detecting CXX compile features - done
[0.249s] -- Found ament_cmake: 1.3.5 (/opt/ros/humble/share/ament_cmake/cmake)
[0.376s] -- Found Python3: /usr/bin/python3.10 (found version "3.10.12") found components: Interpreter 
[0.495s] -- Configuring done
[0.496s] -- Generating done
[0.497s] -- Build files have been written to: /home/lx/ros2/ros/turtlebot3_ws/build/turtlebot3
[0.501s] Invoked command in '/home/lx/ros2/ros/turtlebot3_ws/build/turtlebot3' returned '0': AMENT_PREFIX_PATH=/home/lx/ros2/ros/turtlebot3_ws/install/turtlebot3_bringup:/home/lx/ros2/ros/turtlebot3_ws/install/turtlebot3_teleop:/home/lx/ros2/ros/turtlebot3_ws/install/turtlebot3_node:/home/lx/ros2/ros/turtlebot3_ws/install/turtlebot3_navigation2:/home/lx/ros2/ros/turtlebot3_ws/install/turtlebot3_example:/home/lx/ros2/ros/turtlebot3_ws/install/turtlebot3_description:/home/lx/ros2/ros/turtlebot3_ws/install/turtlebot3_cartographer:${AMENT_PREFIX_PATH} CMAKE_PREFIX_PATH=/home/lx/ros2/ros/turtlebot3_ws/install/turtlebot3_bringup:/home/lx/ros2/ros/turtlebot3_ws/install/turtlebot3_node:/home/lx/ros2/ros/turtlebot3_ws/install/turtlebot3_navigation2:/home/lx/ros2/ros/turtlebot3_ws/install/turtlebot3_description:/home/lx/ros2/ros/turtlebot3_ws/install/turtlebot3_cartographer:/opt/ros/humble PYTHONPATH=/home/lx/ros2/ros/turtlebot3_ws/install/turtlebot3_teleop/lib/python3.10/site-packages:/home/lx/ros2/ros/turtlebot3_ws/install/turtlebot3_example/lib/python3.10/site-packages:${PYTHONPATH} /usr/bin/cmake /home/lx/ros2/ros/turtlebot3_ws/src/turtlebot3/turtlebot3 -DCMAKE_INSTALL_PREFIX=/home/lx/ros2/ros/turtlebot3_ws/install/turtlebot3
[0.501s] Invoking command in '/home/lx/ros2/ros/turtlebot3_ws/build/turtlebot3': AMENT_PREFIX_PATH=/home/lx/ros2/ros/turtlebot3_ws/install/turtlebot3_bringup:/home/lx/ros2/ros/turtlebot3_ws/install/turtlebot3_teleop:/home/lx/ros2/ros/turtlebot3_ws/install/turtlebot3_node:/home/lx/ros2/ros/turtlebot3_ws/install/turtlebot3_navigation2:/home/lx/ros2/ros/turtlebot3_ws/install/turtlebot3_example:/home/lx/ros2/ros/turtlebot3_ws/install/turtlebot3_description:/home/lx/ros2/ros/turtlebot3_ws/install/turtlebot3_cartographer:${AMENT_PREFIX_PATH} CMAKE_PREFIX_PATH=/home/lx/ros2/ros/turtlebot3_ws/install/turtlebot3_bringup:/home/lx/ros2/ros/turtlebot3_ws/install/turtlebot3_node:/home/lx/ros2/ros/turtlebot3_ws/install/turtlebot3_navigation2:/home/lx/ros2/ros/turtlebot3_ws/install/turtlebot3_description:/home/lx/ros2/ros/turtlebot3_ws/install/turtlebot3_cartographer:/opt/ros/humble PYTHONPATH=/home/lx/ros2/ros/turtlebot3_ws/install/turtlebot3_teleop/lib/python3.10/site-packages:/home/lx/ros2/ros/turtlebot3_ws/install/turtlebot3_example/lib/python3.10/site-packages:${PYTHONPATH} /usr/bin/cmake --build /home/lx/ros2/ros/turtlebot3_ws/build/turtlebot3 -- -j12 -l12
[0.525s] Invoked command in '/home/lx/ros2/ros/turtlebot3_ws/build/turtlebot3' returned '0': AMENT_PREFIX_PATH=/home/lx/ros2/ros/turtlebot3_ws/install/turtlebot3_bringup:/home/lx/ros2/ros/turtlebot3_ws/install/turtlebot3_teleop:/home/lx/ros2/ros/turtlebot3_ws/install/turtlebot3_node:/home/lx/ros2/ros/turtlebot3_ws/install/turtlebot3_navigation2:/home/lx/ros2/ros/turtlebot3_ws/install/turtlebot3_example:/home/lx/ros2/ros/turtlebot3_ws/install/turtlebot3_description:/home/lx/ros2/ros/turtlebot3_ws/install/turtlebot3_cartographer:${AMENT_PREFIX_PATH} CMAKE_PREFIX_PATH=/home/lx/ros2/ros/turtlebot3_ws/install/turtlebot3_bringup:/home/lx/ros2/ros/turtlebot3_ws/install/turtlebot3_node:/home/lx/ros2/ros/turtlebot3_ws/install/turtlebot3_navigation2:/home/lx/ros2/ros/turtlebot3_ws/install/turtlebot3_description:/home/lx/ros2/ros/turtlebot3_ws/install/turtlebot3_cartographer:/opt/ros/humble PYTHONPATH=/home/lx/ros2/ros/turtlebot3_ws/install/turtlebot3_teleop/lib/python3.10/site-packages:/home/lx/ros2/ros/turtlebot3_ws/install/turtlebot3_example/lib/python3.10/site-packages:${PYTHONPATH} /usr/bin/cmake --build /home/lx/ros2/ros/turtlebot3_ws/build/turtlebot3 -- -j12 -l12
[0.540s] Invoking command in '/home/lx/ros2/ros/turtlebot3_ws/build/turtlebot3': AMENT_PREFIX_PATH=/home/lx/ros2/ros/turtlebot3_ws/install/turtlebot3_bringup:/home/lx/ros2/ros/turtlebot3_ws/install/turtlebot3_teleop:/home/lx/ros2/ros/turtlebot3_ws/install/turtlebot3_node:/home/lx/ros2/ros/turtlebot3_ws/install/turtlebot3_navigation2:/home/lx/ros2/ros/turtlebot3_ws/install/turtlebot3_example:/home/lx/ros2/ros/turtlebot3_ws/install/turtlebot3_description:/home/lx/ros2/ros/turtlebot3_ws/install/turtlebot3_cartographer:${AMENT_PREFIX_PATH} CMAKE_PREFIX_PATH=/home/lx/ros2/ros/turtlebot3_ws/install/turtlebot3_bringup:/home/lx/ros2/ros/turtlebot3_ws/install/turtlebot3_node:/home/lx/ros2/ros/turtlebot3_ws/install/turtlebot3_navigation2:/home/lx/ros2/ros/turtlebot3_ws/install/turtlebot3_description:/home/lx/ros2/ros/turtlebot3_ws/install/turtlebot3_cartographer:/opt/ros/humble PYTHONPATH=/home/lx/ros2/ros/turtlebot3_ws/install/turtlebot3_teleop/lib/python3.10/site-packages:/home/lx/ros2/ros/turtlebot3_ws/install/turtlebot3_example/lib/python3.10/site-packages:${PYTHONPATH} /usr/bin/cmake --install /home/lx/ros2/ros/turtlebot3_ws/build/turtlebot3
[0.545s] -- Install configuration: ""
[0.545s] -- Installing: /home/lx/ros2/ros/turtlebot3_ws/install/turtlebot3/share/ament_index/resource_index/package_run_dependencies/turtlebot3
[0.545s] -- Installing: /home/lx/ros2/ros/turtlebot3_ws/install/turtlebot3/share/ament_index/resource_index/parent_prefix_path/turtlebot3
[0.545s] -- Installing: /home/lx/ros2/ros/turtlebot3_ws/install/turtlebot3/share/turtlebot3/environment/ament_prefix_path.sh
[0.545s] -- Installing: /home/lx/ros2/ros/turtlebot3_ws/install/turtlebot3/share/turtlebot3/environment/ament_prefix_path.dsv
[0.545s] -- Installing: /home/lx/ros2/ros/turtlebot3_ws/install/turtlebot3/share/turtlebot3/environment/path.sh
[0.545s] -- Installing: /home/lx/ros2/ros/turtlebot3_ws/install/turtlebot3/share/turtlebot3/environment/path.dsv
[0.545s] -- Installing: /home/lx/ros2/ros/turtlebot3_ws/install/turtlebot3/share/turtlebot3/local_setup.bash
[0.545s] -- Installing: /home/lx/ros2/ros/turtlebot3_ws/install/turtlebot3/share/turtlebot3/local_setup.sh
[0.545s] -- Installing: /home/lx/ros2/ros/turtlebot3_ws/install/turtlebot3/share/turtlebot3/local_setup.zsh
[0.546s] -- Installing: /home/lx/ros2/ros/turtlebot3_ws/install/turtlebot3/share/turtlebot3/local_setup.dsv
[0.546s] -- Installing: /home/lx/ros2/ros/turtlebot3_ws/install/turtlebot3/share/turtlebot3/package.dsv
[0.546s] -- Installing: /home/lx/ros2/ros/turtlebot3_ws/install/turtlebot3/share/ament_index/resource_index/packages/turtlebot3
[0.546s] -- Installing: /home/lx/ros2/ros/turtlebot3_ws/install/turtlebot3/share/turtlebot3/cmake/turtlebot3Config.cmake
[0.546s] -- Installing: /home/lx/ros2/ros/turtlebot3_ws/install/turtlebot3/share/turtlebot3/cmake/turtlebot3Config-version.cmake
[0.546s] -- Installing: /home/lx/ros2/ros/turtlebot3_ws/install/turtlebot3/share/turtlebot3/package.xml
[0.547s] Invoked command in '/home/lx/ros2/ros/turtlebot3_ws/build/turtlebot3' returned '0': AMENT_PREFIX_PATH=/home/lx/ros2/ros/turtlebot3_ws/install/turtlebot3_bringup:/home/lx/ros2/ros/turtlebot3_ws/install/turtlebot3_teleop:/home/lx/ros2/ros/turtlebot3_ws/install/turtlebot3_node:/home/lx/ros2/ros/turtlebot3_ws/install/turtlebot3_navigation2:/home/lx/ros2/ros/turtlebot3_ws/install/turtlebot3_example:/home/lx/ros2/ros/turtlebot3_ws/install/turtlebot3_description:/home/lx/ros2/ros/turtlebot3_ws/install/turtlebot3_cartographer:${AMENT_PREFIX_PATH} CMAKE_PREFIX_PATH=/home/lx/ros2/ros/turtlebot3_ws/install/turtlebot3_bringup:/home/lx/ros2/ros/turtlebot3_ws/install/turtlebot3_node:/home/lx/ros2/ros/turtlebot3_ws/install/turtlebot3_navigation2:/home/lx/ros2/ros/turtlebot3_ws/install/turtlebot3_description:/home/lx/ros2/ros/turtlebot3_ws/install/turtlebot3_cartographer:/opt/ros/humble PYTHONPATH=/home/lx/ros2/ros/turtlebot3_ws/install/turtlebot3_teleop/lib/python3.10/site-packages:/home/lx/ros2/ros/turtlebot3_ws/install/turtlebot3_example/lib/python3.10/site-packages:${PYTHONPATH} /usr/bin/cmake --install /home/lx/ros2/ros/turtlebot3_ws/build/turtlebot3
