[0.860s] DEBUG:colcon:Command line arguments: ['/usr/bin/colcon', 'build']
[0.860s] DEBUG:colcon:Parsed command line arguments: Namespace(log_base=None, log_level=None, verb_name='build', build_base='build', install_base='install', merge_install=False, symlink_install=False, test_result_base=None, continue_on_error=False, executor='parallel', parallel_workers=12, event_handlers=None, ignore_user_meta=False, metas=['./colcon.meta'], base_paths=['.'], packages_ignore=None, packages_ignore_regex=None, paths=None, packages_up_to=None, packages_up_to_regex=None, packages_above=None, packages_above_and_dependencies=None, packages_above_depth=None, packages_select_by_dep=None, packages_skip_by_dep=None, packages_skip_up_to=None, packages_select_build_failed=False, packages_skip_build_finished=False, packages_select_test_failures=False, packages_skip_test_passed=False, packages_select=None, packages_skip=None, packages_select_regex=None, packages_skip_regex=None, packages_start=None, packages_end=None, allow_overriding=[], cmake_args=None, cmake_target=None, cmake_target_skip_unavailable=False, cmake_clean_cache=False, cmake_clean_first=False, cmake_force_configure=False, ament_cmake_args=None, catkin_cmake_args=None, catkin_skip_building_tests=False, verb_parser=<colcon_defaults.argument_parser.defaults.DefaultArgumentsDecorator object at 0x7f5fcf0175e0>, verb_extension=<colcon_core.verb.build.BuildVerb object at 0x7f5fcfe5b100>, main=<bound method BuildVerb.main of <colcon_core.verb.build.BuildVerb object at 0x7f5fcfe5b100>>)
[0.901s] Level 1:colcon.colcon_core.package_discovery:discover_packages(colcon_meta) check parameters
[0.901s] Level 1:colcon.colcon_core.package_discovery:discover_packages(recursive) check parameters
[0.901s] Level 1:colcon.colcon_core.package_discovery:discover_packages(ignore) check parameters
[0.901s] Level 1:colcon.colcon_core.package_discovery:discover_packages(path) check parameters
[0.901s] Level 1:colcon.colcon_core.package_discovery:discover_packages(colcon_meta) discover
[0.901s] Level 1:colcon.colcon_core.package_discovery:discover_packages(recursive) discover
[0.902s] INFO:colcon.colcon_core.package_discovery:Crawling recursively for packages in '/home/lx/ros2/ros/mid-360_ws'
[0.902s] Level 1:colcon.colcon_core.package_identification:_identify(.) by extensions ['ignore', 'ignore_ament_install']
[0.902s] Level 1:colcon.colcon_core.package_identification:_identify(.) by extension 'ignore'
[0.902s] Level 1:colcon.colcon_core.package_identification:_identify(.) by extension 'ignore_ament_install'
[0.902s] Level 1:colcon.colcon_core.package_identification:_identify(.) by extensions ['colcon_pkg']
[0.902s] Level 1:colcon.colcon_core.package_identification:_identify(.) by extension 'colcon_pkg'
[0.902s] Level 1:colcon.colcon_core.package_identification:_identify(.) by extensions ['colcon_meta']
[0.902s] Level 1:colcon.colcon_core.package_identification:_identify(.) by extension 'colcon_meta'
[0.902s] Level 1:colcon.colcon_core.package_identification:_identify(.) by extensions ['ros']
[0.902s] Level 1:colcon.colcon_core.package_identification:_identify(.) by extension 'ros'
[0.912s] Level 1:colcon.colcon_core.package_identification:_identify(.) by extensions ['cmake', 'python']
[0.912s] Level 1:colcon.colcon_core.package_identification:_identify(.) by extension 'cmake'
[0.912s] Level 1:colcon.colcon_core.package_identification:_identify(.) by extension 'python'
[0.912s] Level 1:colcon.colcon_core.package_identification:_identify(.) by extensions ['python_setup_py']
[0.912s] Level 1:colcon.colcon_core.package_identification:_identify(.) by extension 'python_setup_py'
[0.912s] Level 1:colcon.colcon_core.package_identification:_identify(build) by extensions ['ignore', 'ignore_ament_install']
[0.912s] Level 1:colcon.colcon_core.package_identification:_identify(build) by extension 'ignore'
[0.913s] Level 1:colcon.colcon_core.package_identification:_identify(build) ignored
[0.913s] Level 1:colcon.colcon_core.package_identification:_identify(install) by extensions ['ignore', 'ignore_ament_install']
[0.913s] Level 1:colcon.colcon_core.package_identification:_identify(install) by extension 'ignore'
[0.913s] Level 1:colcon.colcon_core.package_identification:_identify(install) ignored
[0.913s] Level 1:colcon.colcon_core.package_identification:_identify(log) by extensions ['ignore', 'ignore_ament_install']
[0.913s] Level 1:colcon.colcon_core.package_identification:_identify(log) by extension 'ignore'
[0.913s] Level 1:colcon.colcon_core.package_identification:_identify(log) ignored
[0.913s] Level 1:colcon.colcon_core.package_identification:_identify(src) by extensions ['ignore', 'ignore_ament_install']
[0.913s] Level 1:colcon.colcon_core.package_identification:_identify(src) by extension 'ignore'
[0.913s] Level 1:colcon.colcon_core.package_identification:_identify(src) by extension 'ignore_ament_install'
[0.913s] Level 1:colcon.colcon_core.package_identification:_identify(src) by extensions ['colcon_pkg']
[0.914s] Level 1:colcon.colcon_core.package_identification:_identify(src) by extension 'colcon_pkg'
[0.914s] Level 1:colcon.colcon_core.package_identification:_identify(src) by extensions ['colcon_meta']
[0.914s] Level 1:colcon.colcon_core.package_identification:_identify(src) by extension 'colcon_meta'
[0.914s] Level 1:colcon.colcon_core.package_identification:_identify(src) by extensions ['ros']
[0.914s] Level 1:colcon.colcon_core.package_identification:_identify(src) by extension 'ros'
[0.914s] Level 1:colcon.colcon_core.package_identification:_identify(src) by extensions ['cmake', 'python']
[0.914s] Level 1:colcon.colcon_core.package_identification:_identify(src) by extension 'cmake'
[0.914s] Level 1:colcon.colcon_core.package_identification:_identify(src) by extension 'python'
[0.914s] Level 1:colcon.colcon_core.package_identification:_identify(src) by extensions ['python_setup_py']
[0.914s] Level 1:colcon.colcon_core.package_identification:_identify(src) by extension 'python_setup_py'
[0.914s] Level 1:colcon.colcon_core.package_identification:_identify(src/FAST_LIO) by extensions ['ignore', 'ignore_ament_install']
[0.914s] Level 1:colcon.colcon_core.package_identification:_identify(src/FAST_LIO) by extension 'ignore'
[0.914s] Level 1:colcon.colcon_core.package_identification:_identify(src/FAST_LIO) by extension 'ignore_ament_install'
[0.914s] Level 1:colcon.colcon_core.package_identification:_identify(src/FAST_LIO) by extensions ['colcon_pkg']
[0.914s] Level 1:colcon.colcon_core.package_identification:_identify(src/FAST_LIO) by extension 'colcon_pkg'
[0.914s] Level 1:colcon.colcon_core.package_identification:_identify(src/FAST_LIO) by extensions ['colcon_meta']
[0.914s] Level 1:colcon.colcon_core.package_identification:_identify(src/FAST_LIO) by extension 'colcon_meta'
[0.914s] Level 1:colcon.colcon_core.package_identification:_identify(src/FAST_LIO) by extensions ['ros']
[0.914s] Level 1:colcon.colcon_core.package_identification:_identify(src/FAST_LIO) by extension 'ros'
[0.917s] DEBUG:colcon.colcon_core.package_identification:Package 'src/FAST_LIO' with type 'ros.ament_cmake' and name 'fast_lio'
[0.917s] Level 1:colcon.colcon_core.package_identification:_identify(src/livox_ros_driver2) by extensions ['ignore', 'ignore_ament_install']
[0.917s] Level 1:colcon.colcon_core.package_identification:_identify(src/livox_ros_driver2) by extension 'ignore'
[0.917s] Level 1:colcon.colcon_core.package_identification:_identify(src/livox_ros_driver2) by extension 'ignore_ament_install'
[0.917s] Level 1:colcon.colcon_core.package_identification:_identify(src/livox_ros_driver2) by extensions ['colcon_pkg']
[0.917s] Level 1:colcon.colcon_core.package_identification:_identify(src/livox_ros_driver2) by extension 'colcon_pkg'
[0.918s] Level 1:colcon.colcon_core.package_identification:_identify(src/livox_ros_driver2) by extensions ['colcon_meta']
[0.918s] Level 1:colcon.colcon_core.package_identification:_identify(src/livox_ros_driver2) by extension 'colcon_meta'
[0.918s] Level 1:colcon.colcon_core.package_identification:_identify(src/livox_ros_driver2) by extensions ['ros']
[0.918s] Level 1:colcon.colcon_core.package_identification:_identify(src/livox_ros_driver2) by extension 'ros'
[0.919s] DEBUG:colcon.colcon_core.package_identification:Package 'src/livox_ros_driver2' with type 'ros.ament_cmake' and name 'livox_ros_driver2'
[0.919s] Level 1:colcon.colcon_core.package_identification:_identify(src/pointcloud_to_laserscan) by extensions ['ignore', 'ignore_ament_install']
[0.919s] Level 1:colcon.colcon_core.package_identification:_identify(src/pointcloud_to_laserscan) by extension 'ignore'
[0.919s] Level 1:colcon.colcon_core.package_identification:_identify(src/pointcloud_to_laserscan) by extension 'ignore_ament_install'
[0.919s] Level 1:colcon.colcon_core.package_identification:_identify(src/pointcloud_to_laserscan) by extensions ['colcon_pkg']
[0.919s] Level 1:colcon.colcon_core.package_identification:_identify(src/pointcloud_to_laserscan) by extension 'colcon_pkg'
[0.919s] Level 1:colcon.colcon_core.package_identification:_identify(src/pointcloud_to_laserscan) by extensions ['colcon_meta']
[0.919s] Level 1:colcon.colcon_core.package_identification:_identify(src/pointcloud_to_laserscan) by extension 'colcon_meta'
[0.919s] Level 1:colcon.colcon_core.package_identification:_identify(src/pointcloud_to_laserscan) by extensions ['ros']
[0.919s] Level 1:colcon.colcon_core.package_identification:_identify(src/pointcloud_to_laserscan) by extension 'ros'
[0.920s] DEBUG:colcon.colcon_core.package_identification:Package 'src/pointcloud_to_laserscan' with type 'ros.ament_cmake' and name 'pointcloud_to_laserscan'
[0.920s] Level 1:colcon.colcon_core.package_discovery:discover_packages(recursive) using defaults
[0.920s] Level 1:colcon.colcon_core.package_discovery:discover_packages(ignore) discover
[0.920s] Level 1:colcon.colcon_core.package_discovery:discover_packages(ignore) using defaults
[0.920s] Level 1:colcon.colcon_core.package_discovery:discover_packages(path) discover
[0.920s] Level 1:colcon.colcon_core.package_discovery:discover_packages(path) using defaults
[0.997s] Level 1:colcon.colcon_core.package_discovery:discover_packages(prefix_path) check parameters
[0.997s] Level 1:colcon.colcon_core.package_discovery:discover_packages(prefix_path) discover
[1.022s] DEBUG:colcon.colcon_installed_package_information.package_discovery:Found 3 installed packages in /home/lx/ros2/ros/mid-360_ws/install
[1.035s] DEBUG:colcon.colcon_installed_package_information.package_discovery:Found 387 installed packages in /opt/ros/humble
[1.037s] Level 1:colcon.colcon_core.package_discovery:discover_packages(prefix_path) using defaults
[1.134s] Level 5:colcon.colcon_core.verb:set package 'livox_ros_driver2' build argument 'cmake_args' from command line to 'None'
[1.134s] Level 5:colcon.colcon_core.verb:set package 'livox_ros_driver2' build argument 'cmake_target' from command line to 'None'
[1.134s] Level 5:colcon.colcon_core.verb:set package 'livox_ros_driver2' build argument 'cmake_target_skip_unavailable' from command line to 'False'
[1.134s] Level 5:colcon.colcon_core.verb:set package 'livox_ros_driver2' build argument 'cmake_clean_cache' from command line to 'False'
[1.134s] Level 5:colcon.colcon_core.verb:set package 'livox_ros_driver2' build argument 'cmake_clean_first' from command line to 'False'
[1.134s] Level 5:colcon.colcon_core.verb:set package 'livox_ros_driver2' build argument 'cmake_force_configure' from command line to 'False'
[1.134s] Level 5:colcon.colcon_core.verb:set package 'livox_ros_driver2' build argument 'ament_cmake_args' from command line to 'None'
[1.134s] Level 5:colcon.colcon_core.verb:set package 'livox_ros_driver2' build argument 'catkin_cmake_args' from command line to 'None'
[1.134s] Level 5:colcon.colcon_core.verb:set package 'livox_ros_driver2' build argument 'catkin_skip_building_tests' from command line to 'False'
[1.134s] DEBUG:colcon.colcon_core.verb:Building package 'livox_ros_driver2' with the following arguments: {'ament_cmake_args': None, 'build_base': '/home/lx/ros2/ros/mid-360_ws/build/livox_ros_driver2', 'catkin_cmake_args': None, 'catkin_skip_building_tests': False, 'cmake_args': None, 'cmake_clean_cache': False, 'cmake_clean_first': False, 'cmake_force_configure': False, 'cmake_target': None, 'cmake_target_skip_unavailable': False, 'install_base': '/home/lx/ros2/ros/mid-360_ws/install/livox_ros_driver2', 'merge_install': False, 'path': '/home/lx/ros2/ros/mid-360_ws/src/livox_ros_driver2', 'symlink_install': False, 'test_result_base': None}
[1.147s] Level 5:colcon.colcon_core.verb:set package 'pointcloud_to_laserscan' build argument 'cmake_args' from command line to 'None'
[1.147s] Level 5:colcon.colcon_core.verb:set package 'pointcloud_to_laserscan' build argument 'cmake_target' from command line to 'None'
[1.147s] Level 5:colcon.colcon_core.verb:set package 'pointcloud_to_laserscan' build argument 'cmake_target_skip_unavailable' from command line to 'False'
[1.147s] Level 5:colcon.colcon_core.verb:set package 'pointcloud_to_laserscan' build argument 'cmake_clean_cache' from command line to 'False'
[1.147s] Level 5:colcon.colcon_core.verb:set package 'pointcloud_to_laserscan' build argument 'cmake_clean_first' from command line to 'False'
[1.147s] Level 5:colcon.colcon_core.verb:set package 'pointcloud_to_laserscan' build argument 'cmake_force_configure' from command line to 'False'
[1.147s] Level 5:colcon.colcon_core.verb:set package 'pointcloud_to_laserscan' build argument 'ament_cmake_args' from command line to 'None'
[1.147s] Level 5:colcon.colcon_core.verb:set package 'pointcloud_to_laserscan' build argument 'catkin_cmake_args' from command line to 'None'
[1.147s] Level 5:colcon.colcon_core.verb:set package 'pointcloud_to_laserscan' build argument 'catkin_skip_building_tests' from command line to 'False'
[1.147s] DEBUG:colcon.colcon_core.verb:Building package 'pointcloud_to_laserscan' with the following arguments: {'ament_cmake_args': None, 'build_base': '/home/lx/ros2/ros/mid-360_ws/build/pointcloud_to_laserscan', 'catkin_cmake_args': None, 'catkin_skip_building_tests': False, 'cmake_args': None, 'cmake_clean_cache': False, 'cmake_clean_first': False, 'cmake_force_configure': False, 'cmake_target': None, 'cmake_target_skip_unavailable': False, 'install_base': '/home/lx/ros2/ros/mid-360_ws/install/pointcloud_to_laserscan', 'merge_install': False, 'path': '/home/lx/ros2/ros/mid-360_ws/src/pointcloud_to_laserscan', 'symlink_install': False, 'test_result_base': None}
[1.161s] Level 5:colcon.colcon_core.verb:set package 'fast_lio' build argument 'cmake_args' from command line to 'None'
[1.161s] Level 5:colcon.colcon_core.verb:set package 'fast_lio' build argument 'cmake_target' from command line to 'None'
[1.161s] Level 5:colcon.colcon_core.verb:set package 'fast_lio' build argument 'cmake_target_skip_unavailable' from command line to 'False'
[1.161s] Level 5:colcon.colcon_core.verb:set package 'fast_lio' build argument 'cmake_clean_cache' from command line to 'False'
[1.161s] Level 5:colcon.colcon_core.verb:set package 'fast_lio' build argument 'cmake_clean_first' from command line to 'False'
[1.161s] Level 5:colcon.colcon_core.verb:set package 'fast_lio' build argument 'cmake_force_configure' from command line to 'False'
[1.161s] Level 5:colcon.colcon_core.verb:set package 'fast_lio' build argument 'ament_cmake_args' from command line to 'None'
[1.161s] Level 5:colcon.colcon_core.verb:set package 'fast_lio' build argument 'catkin_cmake_args' from command line to 'None'
[1.161s] Level 5:colcon.colcon_core.verb:set package 'fast_lio' build argument 'catkin_skip_building_tests' from command line to 'False'
[1.161s] DEBUG:colcon.colcon_core.verb:Building package 'fast_lio' with the following arguments: {'ament_cmake_args': None, 'build_base': '/home/lx/ros2/ros/mid-360_ws/build/fast_lio', 'catkin_cmake_args': None, 'catkin_skip_building_tests': False, 'cmake_args': None, 'cmake_clean_cache': False, 'cmake_clean_first': False, 'cmake_force_configure': False, 'cmake_target': None, 'cmake_target_skip_unavailable': False, 'install_base': '/home/lx/ros2/ros/mid-360_ws/install/fast_lio', 'merge_install': False, 'path': '/home/lx/ros2/ros/mid-360_ws/src/FAST_LIO', 'symlink_install': False, 'test_result_base': None}
[1.176s] INFO:colcon.colcon_core.executor:Executing jobs using 'parallel' executor
[1.191s] DEBUG:colcon.colcon_parallel_executor.executor.parallel:run_until_complete
[1.191s] INFO:colcon.colcon_ros.task.ament_cmake.build:Building ROS package in '/home/lx/ros2/ros/mid-360_ws/src/livox_ros_driver2' with build type 'ament_cmake'
[1.192s] INFO:colcon.colcon_cmake.task.cmake.build:Building CMake package in '/home/lx/ros2/ros/mid-360_ws/src/livox_ros_driver2'
[1.207s] INFO:colcon.colcon_core.plugin_system:Skipping extension 'colcon_core.shell.bat': Not used on non-Windows systems
[1.207s] INFO:colcon.colcon_core.shell:Skip shell extension 'powershell' for command environment: Not usable outside of PowerShell
[1.207s] DEBUG:colcon.colcon_core.shell:Skip shell extension 'dsv' for command environment
[1.250s] INFO:colcon.colcon_ros.task.ament_cmake.build:Building ROS package in '/home/lx/ros2/ros/mid-360_ws/src/pointcloud_to_laserscan' with build type 'ament_cmake'
[1.250s] INFO:colcon.colcon_cmake.task.cmake.build:Building CMake package in '/home/lx/ros2/ros/mid-360_ws/src/pointcloud_to_laserscan'
[1.264s] INFO:colcon.colcon_core.shell:Skip shell extension 'powershell' for command environment: Not usable outside of PowerShell
[1.264s] DEBUG:colcon.colcon_core.shell:Skip shell extension 'dsv' for command environment
[1.311s] DEBUG:colcon.colcon_core.event_handler.log_command:Invoking command in '/home/lx/ros2/ros/mid-360_ws/build/livox_ros_driver2': CMAKE_PREFIX_PATH=${CMAKE_PREFIX_PATH}:/opt/ros/humble /usr/bin/cmake /home/lx/ros2/ros/mid-360_ws/src/livox_ros_driver2 -DCMAKE_INSTALL_PREFIX=/home/lx/ros2/ros/mid-360_ws/install/livox_ros_driver2
[1.313s] DEBUG:colcon.colcon_core.event_handler.log_command:Invoking command in '/home/lx/ros2/ros/mid-360_ws/build/pointcloud_to_laserscan': CMAKE_PREFIX_PATH=${CMAKE_PREFIX_PATH}:/opt/ros/humble /usr/bin/cmake /home/lx/ros2/ros/mid-360_ws/src/pointcloud_to_laserscan -DCMAKE_INSTALL_PREFIX=/home/lx/ros2/ros/mid-360_ws/install/pointcloud_to_laserscan
[2.448s] DEBUG:colcon.colcon_core.event_handler.log_command:Invoked command in '/home/lx/ros2/ros/mid-360_ws/build/pointcloud_to_laserscan' returned '0': CMAKE_PREFIX_PATH=${CMAKE_PREFIX_PATH}:/opt/ros/humble /usr/bin/cmake /home/lx/ros2/ros/mid-360_ws/src/pointcloud_to_laserscan -DCMAKE_INSTALL_PREFIX=/home/lx/ros2/ros/mid-360_ws/install/pointcloud_to_laserscan
[2.450s] DEBUG:colcon.colcon_core.event_handler.log_command:Invoking command in '/home/lx/ros2/ros/mid-360_ws/build/pointcloud_to_laserscan': CMAKE_PREFIX_PATH=${CMAKE_PREFIX_PATH}:/opt/ros/humble /usr/bin/cmake --build /home/lx/ros2/ros/mid-360_ws/build/pointcloud_to_laserscan -- -j12 -l12
[3.823s] DEBUG:colcon.colcon_core.event_handler.log_command:Invoked command in '/home/lx/ros2/ros/mid-360_ws/build/livox_ros_driver2' returned '0': CMAKE_PREFIX_PATH=${CMAKE_PREFIX_PATH}:/opt/ros/humble /usr/bin/cmake /home/lx/ros2/ros/mid-360_ws/src/livox_ros_driver2 -DCMAKE_INSTALL_PREFIX=/home/lx/ros2/ros/mid-360_ws/install/livox_ros_driver2
[3.825s] DEBUG:colcon.colcon_core.event_handler.log_command:Invoking command in '/home/lx/ros2/ros/mid-360_ws/build/livox_ros_driver2': CMAKE_PREFIX_PATH=${CMAKE_PREFIX_PATH}:/opt/ros/humble /usr/bin/cmake --build /home/lx/ros2/ros/mid-360_ws/build/livox_ros_driver2 -- -j12 -l12
[4.174s] DEBUG:colcon.colcon_core.event_handler.log_command:Invoked command in '/home/lx/ros2/ros/mid-360_ws/build/livox_ros_driver2' returned '0': CMAKE_PREFIX_PATH=${CMAKE_PREFIX_PATH}:/opt/ros/humble /usr/bin/cmake --build /home/lx/ros2/ros/mid-360_ws/build/livox_ros_driver2 -- -j12 -l12
[4.256s] DEBUG:colcon.colcon_core.event_handler.log_command:Invoking command in '/home/lx/ros2/ros/mid-360_ws/build/livox_ros_driver2': CMAKE_PREFIX_PATH=${CMAKE_PREFIX_PATH}:/opt/ros/humble /usr/bin/cmake --install /home/lx/ros2/ros/mid-360_ws/build/livox_ros_driver2
[4.300s] Level 1:colcon.colcon_core.environment:create_environment_scripts_only(livox_ros_driver2)
[4.301s] DEBUG:colcon.colcon_core.event_handler.log_command:Invoked command in '/home/lx/ros2/ros/mid-360_ws/build/livox_ros_driver2' returned '0': CMAKE_PREFIX_PATH=${CMAKE_PREFIX_PATH}:/opt/ros/humble /usr/bin/cmake --install /home/lx/ros2/ros/mid-360_ws/build/livox_ros_driver2
[4.315s] Level 1:colcon.colcon_core.environment:checking '/home/lx/ros2/ros/mid-360_ws/install/livox_ros_driver2' for CMake module files
[4.315s] Level 1:colcon.colcon_core.environment:checking '/home/lx/ros2/ros/mid-360_ws/install/livox_ros_driver2' for CMake config files
[4.316s] Level 1:colcon.colcon_core.shell:create_environment_hook('livox_ros_driver2', 'cmake_prefix_path')
[4.328s] INFO:colcon.colcon_core.shell:Creating environment hook '/home/lx/ros2/ros/mid-360_ws/install/livox_ros_driver2/share/livox_ros_driver2/hook/cmake_prefix_path.ps1'
[4.328s] INFO:colcon.colcon_core.shell:Creating environment descriptor '/home/lx/ros2/ros/mid-360_ws/install/livox_ros_driver2/share/livox_ros_driver2/hook/cmake_prefix_path.dsv'
[4.329s] INFO:colcon.colcon_core.shell:Creating environment hook '/home/lx/ros2/ros/mid-360_ws/install/livox_ros_driver2/share/livox_ros_driver2/hook/cmake_prefix_path.sh'
[4.329s] Level 1:colcon.colcon_core.environment:checking '/home/lx/ros2/ros/mid-360_ws/install/livox_ros_driver2/lib'
[4.330s] Level 1:colcon.colcon_core.shell:create_environment_hook('livox_ros_driver2', 'ld_library_path_lib')
[4.343s] INFO:colcon.colcon_core.shell:Creating environment hook '/home/lx/ros2/ros/mid-360_ws/install/livox_ros_driver2/share/livox_ros_driver2/hook/ld_library_path_lib.ps1'
[4.343s] INFO:colcon.colcon_core.shell:Creating environment descriptor '/home/lx/ros2/ros/mid-360_ws/install/livox_ros_driver2/share/livox_ros_driver2/hook/ld_library_path_lib.dsv'
[4.343s] INFO:colcon.colcon_core.shell:Creating environment hook '/home/lx/ros2/ros/mid-360_ws/install/livox_ros_driver2/share/livox_ros_driver2/hook/ld_library_path_lib.sh'
[4.344s] Level 1:colcon.colcon_core.environment:checking '/home/lx/ros2/ros/mid-360_ws/install/livox_ros_driver2/bin'
[4.344s] Level 1:colcon.colcon_core.environment:checking '/home/lx/ros2/ros/mid-360_ws/install/livox_ros_driver2/lib/pkgconfig/livox_ros_driver2.pc'
[4.344s] Level 1:colcon.colcon_core.environment:checking '/home/lx/ros2/ros/mid-360_ws/install/livox_ros_driver2/lib/python3.10/site-packages'
[4.344s] Level 1:colcon.colcon_core.environment:checking '/home/lx/ros2/ros/mid-360_ws/install/livox_ros_driver2/bin'
[4.357s] INFO:colcon.colcon_core.shell:Creating package script '/home/lx/ros2/ros/mid-360_ws/install/livox_ros_driver2/share/livox_ros_driver2/package.ps1'
[4.358s] INFO:colcon.colcon_core.shell:Creating package descriptor '/home/lx/ros2/ros/mid-360_ws/install/livox_ros_driver2/share/livox_ros_driver2/package.dsv'
[4.358s] INFO:colcon.colcon_core.shell:Creating package script '/home/lx/ros2/ros/mid-360_ws/install/livox_ros_driver2/share/livox_ros_driver2/package.sh'
[4.359s] INFO:colcon.colcon_core.shell:Creating package script '/home/lx/ros2/ros/mid-360_ws/install/livox_ros_driver2/share/livox_ros_driver2/package.bash'
[4.359s] INFO:colcon.colcon_core.shell:Creating package script '/home/lx/ros2/ros/mid-360_ws/install/livox_ros_driver2/share/livox_ros_driver2/package.zsh'
[4.360s] Level 1:colcon.colcon_core.environment:create_file_with_runtime_dependencies(/home/lx/ros2/ros/mid-360_ws/install/livox_ros_driver2/share/colcon-core/packages/livox_ros_driver2)
[4.445s] Level 1:colcon.colcon_core.environment:create_environment_scripts_only(livox_ros_driver2)
[4.457s] Level 1:colcon.colcon_core.environment:checking '/home/lx/ros2/ros/mid-360_ws/install/livox_ros_driver2' for CMake module files
[4.458s] Level 1:colcon.colcon_core.environment:checking '/home/lx/ros2/ros/mid-360_ws/install/livox_ros_driver2' for CMake config files
[4.458s] Level 1:colcon.colcon_core.shell:create_environment_hook('livox_ros_driver2', 'cmake_prefix_path')
[4.471s] INFO:colcon.colcon_core.shell:Creating environment hook '/home/lx/ros2/ros/mid-360_ws/install/livox_ros_driver2/share/livox_ros_driver2/hook/cmake_prefix_path.ps1'
[4.471s] INFO:colcon.colcon_core.shell:Creating environment descriptor '/home/lx/ros2/ros/mid-360_ws/install/livox_ros_driver2/share/livox_ros_driver2/hook/cmake_prefix_path.dsv'
[4.471s] INFO:colcon.colcon_core.shell:Creating environment hook '/home/lx/ros2/ros/mid-360_ws/install/livox_ros_driver2/share/livox_ros_driver2/hook/cmake_prefix_path.sh'
[4.472s] Level 1:colcon.colcon_core.environment:checking '/home/lx/ros2/ros/mid-360_ws/install/livox_ros_driver2/lib'
[4.472s] Level 1:colcon.colcon_core.shell:create_environment_hook('livox_ros_driver2', 'ld_library_path_lib')
[4.484s] INFO:colcon.colcon_core.shell:Creating environment hook '/home/lx/ros2/ros/mid-360_ws/install/livox_ros_driver2/share/livox_ros_driver2/hook/ld_library_path_lib.ps1'
[4.485s] INFO:colcon.colcon_core.shell:Creating environment descriptor '/home/lx/ros2/ros/mid-360_ws/install/livox_ros_driver2/share/livox_ros_driver2/hook/ld_library_path_lib.dsv'
[4.485s] INFO:colcon.colcon_core.shell:Creating environment hook '/home/lx/ros2/ros/mid-360_ws/install/livox_ros_driver2/share/livox_ros_driver2/hook/ld_library_path_lib.sh'
[4.485s] Level 1:colcon.colcon_core.environment:checking '/home/lx/ros2/ros/mid-360_ws/install/livox_ros_driver2/bin'
[4.485s] Level 1:colcon.colcon_core.environment:checking '/home/lx/ros2/ros/mid-360_ws/install/livox_ros_driver2/lib/pkgconfig/livox_ros_driver2.pc'
[4.486s] Level 1:colcon.colcon_core.environment:checking '/home/lx/ros2/ros/mid-360_ws/install/livox_ros_driver2/lib/python3.10/site-packages'
[4.486s] Level 1:colcon.colcon_core.environment:checking '/home/lx/ros2/ros/mid-360_ws/install/livox_ros_driver2/bin'
[4.499s] INFO:colcon.colcon_core.shell:Creating package script '/home/lx/ros2/ros/mid-360_ws/install/livox_ros_driver2/share/livox_ros_driver2/package.ps1'
[4.500s] INFO:colcon.colcon_core.shell:Creating package descriptor '/home/lx/ros2/ros/mid-360_ws/install/livox_ros_driver2/share/livox_ros_driver2/package.dsv'
[4.500s] INFO:colcon.colcon_core.shell:Creating package script '/home/lx/ros2/ros/mid-360_ws/install/livox_ros_driver2/share/livox_ros_driver2/package.sh'
[4.500s] INFO:colcon.colcon_core.shell:Creating package script '/home/lx/ros2/ros/mid-360_ws/install/livox_ros_driver2/share/livox_ros_driver2/package.bash'
[4.501s] INFO:colcon.colcon_core.shell:Creating package script '/home/lx/ros2/ros/mid-360_ws/install/livox_ros_driver2/share/livox_ros_driver2/package.zsh'
[4.501s] Level 1:colcon.colcon_core.environment:create_file_with_runtime_dependencies(/home/lx/ros2/ros/mid-360_ws/install/livox_ros_driver2/share/colcon-core/packages/livox_ros_driver2)
[4.501s] INFO:colcon.colcon_ros.task.ament_cmake.build:Building ROS package in '/home/lx/ros2/ros/mid-360_ws/src/FAST_LIO' with build type 'ament_cmake'
[4.501s] INFO:colcon.colcon_cmake.task.cmake.build:Building CMake package in '/home/lx/ros2/ros/mid-360_ws/src/FAST_LIO'
[4.514s] INFO:colcon.colcon_core.shell:Skip shell extension 'powershell' for command environment: Not usable outside of PowerShell
[4.514s] DEBUG:colcon.colcon_core.shell:Skip shell extension 'dsv' for command environment
[4.576s] DEBUG:colcon.colcon_core.event_handler.log_command:Invoking command in '/home/lx/ros2/ros/mid-360_ws/build/fast_lio': CMAKE_PREFIX_PATH=/home/lx/ros2/ros/mid-360_ws/install/livox_ros_driver2:/home/lx/ros2/ros/mid-360_ws/install/pointcloud_to_laserscan:/home/lx/ros2/ros/mid-360_ws/install/fast_lio:/opt/ros/humble LD_LIBRARY_PATH=/home/lx/ros2/ros/mid-360_ws/install/livox_ros_driver2/lib:/home/lx/ros2/ros/mid-360_ws/install/pointcloud_to_laserscan/lib:/home/lx/ros2/ros/mid-360_ws/install/fast_lio/lib:/usr/lib/x86_64-linux-gnu/gazebo-11/plugins:/opt/ros/humble/opt/rviz_ogre_vendor/lib:/opt/ros/humble/lib/x86_64-linux-gnu:/opt/ros/humble/lib /usr/bin/cmake /home/lx/ros2/ros/mid-360_ws/src/FAST_LIO -DCMAKE_INSTALL_PREFIX=/home/lx/ros2/ros/mid-360_ws/install/fast_lio
[7.687s] DEBUG:colcon.colcon_core.event_handler.log_command:Invoked command in '/home/lx/ros2/ros/mid-360_ws/build/fast_lio' returned '0': CMAKE_PREFIX_PATH=/home/lx/ros2/ros/mid-360_ws/install/livox_ros_driver2:/home/lx/ros2/ros/mid-360_ws/install/pointcloud_to_laserscan:/home/lx/ros2/ros/mid-360_ws/install/fast_lio:/opt/ros/humble LD_LIBRARY_PATH=/home/lx/ros2/ros/mid-360_ws/install/livox_ros_driver2/lib:/home/lx/ros2/ros/mid-360_ws/install/pointcloud_to_laserscan/lib:/home/lx/ros2/ros/mid-360_ws/install/fast_lio/lib:/usr/lib/x86_64-linux-gnu/gazebo-11/plugins:/opt/ros/humble/opt/rviz_ogre_vendor/lib:/opt/ros/humble/lib/x86_64-linux-gnu:/opt/ros/humble/lib /usr/bin/cmake /home/lx/ros2/ros/mid-360_ws/src/FAST_LIO -DCMAKE_INSTALL_PREFIX=/home/lx/ros2/ros/mid-360_ws/install/fast_lio
[7.689s] DEBUG:colcon.colcon_core.event_handler.log_command:Invoking command in '/home/lx/ros2/ros/mid-360_ws/build/fast_lio': CMAKE_PREFIX_PATH=/home/lx/ros2/ros/mid-360_ws/install/livox_ros_driver2:/home/lx/ros2/ros/mid-360_ws/install/pointcloud_to_laserscan:/home/lx/ros2/ros/mid-360_ws/install/fast_lio:/opt/ros/humble LD_LIBRARY_PATH=/home/lx/ros2/ros/mid-360_ws/install/livox_ros_driver2/lib:/home/lx/ros2/ros/mid-360_ws/install/pointcloud_to_laserscan/lib:/home/lx/ros2/ros/mid-360_ws/install/fast_lio/lib:/usr/lib/x86_64-linux-gnu/gazebo-11/plugins:/opt/ros/humble/opt/rviz_ogre_vendor/lib:/opt/ros/humble/lib/x86_64-linux-gnu:/opt/ros/humble/lib /usr/bin/cmake --build /home/lx/ros2/ros/mid-360_ws/build/fast_lio -- -j12 -l12
[8.003s] DEBUG:colcon.colcon_core.event_handler.log_command:Invoked command in '/home/lx/ros2/ros/mid-360_ws/build/fast_lio' returned '0': CMAKE_PREFIX_PATH=/home/lx/ros2/ros/mid-360_ws/install/livox_ros_driver2:/home/lx/ros2/ros/mid-360_ws/install/pointcloud_to_laserscan:/home/lx/ros2/ros/mid-360_ws/install/fast_lio:/opt/ros/humble LD_LIBRARY_PATH=/home/lx/ros2/ros/mid-360_ws/install/livox_ros_driver2/lib:/home/lx/ros2/ros/mid-360_ws/install/pointcloud_to_laserscan/lib:/home/lx/ros2/ros/mid-360_ws/install/fast_lio/lib:/usr/lib/x86_64-linux-gnu/gazebo-11/plugins:/opt/ros/humble/opt/rviz_ogre_vendor/lib:/opt/ros/humble/lib/x86_64-linux-gnu:/opt/ros/humble/lib /usr/bin/cmake --build /home/lx/ros2/ros/mid-360_ws/build/fast_lio -- -j12 -l12
[8.048s] DEBUG:colcon.colcon_core.event_handler.log_command:Invoking command in '/home/lx/ros2/ros/mid-360_ws/build/fast_lio': CMAKE_PREFIX_PATH=/home/lx/ros2/ros/mid-360_ws/install/livox_ros_driver2:/home/lx/ros2/ros/mid-360_ws/install/pointcloud_to_laserscan:/home/lx/ros2/ros/mid-360_ws/install/fast_lio:/opt/ros/humble LD_LIBRARY_PATH=/home/lx/ros2/ros/mid-360_ws/install/livox_ros_driver2/lib:/home/lx/ros2/ros/mid-360_ws/install/pointcloud_to_laserscan/lib:/home/lx/ros2/ros/mid-360_ws/install/fast_lio/lib:/usr/lib/x86_64-linux-gnu/gazebo-11/plugins:/opt/ros/humble/opt/rviz_ogre_vendor/lib:/opt/ros/humble/lib/x86_64-linux-gnu:/opt/ros/humble/lib /usr/bin/cmake --install /home/lx/ros2/ros/mid-360_ws/build/fast_lio
[8.089s] Level 1:colcon.colcon_core.environment:create_environment_scripts_only(fast_lio)
[8.093s] DEBUG:colcon.colcon_core.event_handler.log_command:Invoked command in '/home/lx/ros2/ros/mid-360_ws/build/fast_lio' returned '0': CMAKE_PREFIX_PATH=/home/lx/ros2/ros/mid-360_ws/install/livox_ros_driver2:/home/lx/ros2/ros/mid-360_ws/install/pointcloud_to_laserscan:/home/lx/ros2/ros/mid-360_ws/install/fast_lio:/opt/ros/humble LD_LIBRARY_PATH=/home/lx/ros2/ros/mid-360_ws/install/livox_ros_driver2/lib:/home/lx/ros2/ros/mid-360_ws/install/pointcloud_to_laserscan/lib:/home/lx/ros2/ros/mid-360_ws/install/fast_lio/lib:/usr/lib/x86_64-linux-gnu/gazebo-11/plugins:/opt/ros/humble/opt/rviz_ogre_vendor/lib:/opt/ros/humble/lib/x86_64-linux-gnu:/opt/ros/humble/lib /usr/bin/cmake --install /home/lx/ros2/ros/mid-360_ws/build/fast_lio
[8.104s] Level 1:colcon.colcon_core.environment:checking '/home/lx/ros2/ros/mid-360_ws/install/fast_lio' for CMake module files
[8.105s] Level 1:colcon.colcon_core.environment:checking '/home/lx/ros2/ros/mid-360_ws/install/fast_lio' for CMake config files
[8.105s] Level 1:colcon.colcon_core.shell:create_environment_hook('fast_lio', 'cmake_prefix_path')
[8.118s] INFO:colcon.colcon_core.shell:Creating environment hook '/home/lx/ros2/ros/mid-360_ws/install/fast_lio/share/fast_lio/hook/cmake_prefix_path.ps1'
[8.119s] INFO:colcon.colcon_core.shell:Creating environment descriptor '/home/lx/ros2/ros/mid-360_ws/install/fast_lio/share/fast_lio/hook/cmake_prefix_path.dsv'
[8.119s] INFO:colcon.colcon_core.shell:Creating environment hook '/home/lx/ros2/ros/mid-360_ws/install/fast_lio/share/fast_lio/hook/cmake_prefix_path.sh'
[8.119s] Level 1:colcon.colcon_core.environment:checking '/home/lx/ros2/ros/mid-360_ws/install/fast_lio/lib'
[8.119s] Level 1:colcon.colcon_core.shell:create_environment_hook('fast_lio', 'ld_library_path_lib')
[8.132s] INFO:colcon.colcon_core.shell:Creating environment hook '/home/lx/ros2/ros/mid-360_ws/install/fast_lio/share/fast_lio/hook/ld_library_path_lib.ps1'
[8.133s] INFO:colcon.colcon_core.shell:Creating environment descriptor '/home/lx/ros2/ros/mid-360_ws/install/fast_lio/share/fast_lio/hook/ld_library_path_lib.dsv'
[8.133s] INFO:colcon.colcon_core.shell:Creating environment hook '/home/lx/ros2/ros/mid-360_ws/install/fast_lio/share/fast_lio/hook/ld_library_path_lib.sh'
[8.133s] Level 1:colcon.colcon_core.environment:checking '/home/lx/ros2/ros/mid-360_ws/install/fast_lio/bin'
[8.133s] Level 1:colcon.colcon_core.environment:checking '/home/lx/ros2/ros/mid-360_ws/install/fast_lio/lib/pkgconfig/fast_lio.pc'
[8.133s] Level 1:colcon.colcon_core.environment:checking '/home/lx/ros2/ros/mid-360_ws/install/fast_lio/lib/python3.10/site-packages'
[8.134s] Level 1:colcon.colcon_core.environment:checking '/home/lx/ros2/ros/mid-360_ws/install/fast_lio/bin'
[8.147s] INFO:colcon.colcon_core.shell:Creating package script '/home/lx/ros2/ros/mid-360_ws/install/fast_lio/share/fast_lio/package.ps1'
[8.147s] INFO:colcon.colcon_core.shell:Creating package descriptor '/home/lx/ros2/ros/mid-360_ws/install/fast_lio/share/fast_lio/package.dsv'
[8.147s] INFO:colcon.colcon_core.shell:Creating package script '/home/lx/ros2/ros/mid-360_ws/install/fast_lio/share/fast_lio/package.sh'
[8.148s] INFO:colcon.colcon_core.shell:Creating package script '/home/lx/ros2/ros/mid-360_ws/install/fast_lio/share/fast_lio/package.bash'
[8.148s] INFO:colcon.colcon_core.shell:Creating package script '/home/lx/ros2/ros/mid-360_ws/install/fast_lio/share/fast_lio/package.zsh'
[8.148s] Level 1:colcon.colcon_core.environment:create_file_with_runtime_dependencies(/home/lx/ros2/ros/mid-360_ws/install/fast_lio/share/colcon-core/packages/fast_lio)
[8.202s] Level 1:colcon.colcon_core.environment:create_environment_scripts_only(fast_lio)
[8.215s] Level 1:colcon.colcon_core.environment:checking '/home/lx/ros2/ros/mid-360_ws/install/fast_lio' for CMake module files
[8.215s] Level 1:colcon.colcon_core.environment:checking '/home/lx/ros2/ros/mid-360_ws/install/fast_lio' for CMake config files
[8.216s] Level 1:colcon.colcon_core.shell:create_environment_hook('fast_lio', 'cmake_prefix_path')
[8.228s] INFO:colcon.colcon_core.shell:Creating environment hook '/home/lx/ros2/ros/mid-360_ws/install/fast_lio/share/fast_lio/hook/cmake_prefix_path.ps1'
[8.229s] INFO:colcon.colcon_core.shell:Creating environment descriptor '/home/lx/ros2/ros/mid-360_ws/install/fast_lio/share/fast_lio/hook/cmake_prefix_path.dsv'
[8.229s] INFO:colcon.colcon_core.shell:Creating environment hook '/home/lx/ros2/ros/mid-360_ws/install/fast_lio/share/fast_lio/hook/cmake_prefix_path.sh'
[8.229s] Level 1:colcon.colcon_core.environment:checking '/home/lx/ros2/ros/mid-360_ws/install/fast_lio/lib'
[8.229s] Level 1:colcon.colcon_core.shell:create_environment_hook('fast_lio', 'ld_library_path_lib')
[8.242s] INFO:colcon.colcon_core.shell:Creating environment hook '/home/lx/ros2/ros/mid-360_ws/install/fast_lio/share/fast_lio/hook/ld_library_path_lib.ps1'
[8.243s] INFO:colcon.colcon_core.shell:Creating environment descriptor '/home/lx/ros2/ros/mid-360_ws/install/fast_lio/share/fast_lio/hook/ld_library_path_lib.dsv'
[8.243s] INFO:colcon.colcon_core.shell:Creating environment hook '/home/lx/ros2/ros/mid-360_ws/install/fast_lio/share/fast_lio/hook/ld_library_path_lib.sh'
[8.243s] Level 1:colcon.colcon_core.environment:checking '/home/lx/ros2/ros/mid-360_ws/install/fast_lio/bin'
[8.243s] Level 1:colcon.colcon_core.environment:checking '/home/lx/ros2/ros/mid-360_ws/install/fast_lio/lib/pkgconfig/fast_lio.pc'
[8.243s] Level 1:colcon.colcon_core.environment:checking '/home/lx/ros2/ros/mid-360_ws/install/fast_lio/lib/python3.10/site-packages'
[8.244s] Level 1:colcon.colcon_core.environment:checking '/home/lx/ros2/ros/mid-360_ws/install/fast_lio/bin'
[8.256s] INFO:colcon.colcon_core.shell:Creating package script '/home/lx/ros2/ros/mid-360_ws/install/fast_lio/share/fast_lio/package.ps1'
[8.257s] INFO:colcon.colcon_core.shell:Creating package descriptor '/home/lx/ros2/ros/mid-360_ws/install/fast_lio/share/fast_lio/package.dsv'
[8.257s] INFO:colcon.colcon_core.shell:Creating package script '/home/lx/ros2/ros/mid-360_ws/install/fast_lio/share/fast_lio/package.sh'
[8.258s] INFO:colcon.colcon_core.shell:Creating package script '/home/lx/ros2/ros/mid-360_ws/install/fast_lio/share/fast_lio/package.bash'
[8.258s] INFO:colcon.colcon_core.shell:Creating package script '/home/lx/ros2/ros/mid-360_ws/install/fast_lio/share/fast_lio/package.zsh'
[8.258s] Level 1:colcon.colcon_core.environment:create_file_with_runtime_dependencies(/home/lx/ros2/ros/mid-360_ws/install/fast_lio/share/colcon-core/packages/fast_lio)
[13.058s] DEBUG:colcon.colcon_core.event_handler.log_command:Invoked command in '/home/lx/ros2/ros/mid-360_ws/build/pointcloud_to_laserscan' returned '0': CMAKE_PREFIX_PATH=${CMAKE_PREFIX_PATH}:/opt/ros/humble /usr/bin/cmake --build /home/lx/ros2/ros/mid-360_ws/build/pointcloud_to_laserscan -- -j12 -l12
[13.082s] DEBUG:colcon.colcon_core.event_handler.log_command:Invoking command in '/home/lx/ros2/ros/mid-360_ws/build/pointcloud_to_laserscan': CMAKE_PREFIX_PATH=${CMAKE_PREFIX_PATH}:/opt/ros/humble /usr/bin/cmake --install /home/lx/ros2/ros/mid-360_ws/build/pointcloud_to_laserscan
[13.096s] Level 1:colcon.colcon_core.environment:create_environment_scripts_only(pointcloud_to_laserscan)
[13.097s] DEBUG:colcon.colcon_core.event_handler.log_command:Invoked command in '/home/lx/ros2/ros/mid-360_ws/build/pointcloud_to_laserscan' returned '0': CMAKE_PREFIX_PATH=${CMAKE_PREFIX_PATH}:/opt/ros/humble /usr/bin/cmake --install /home/lx/ros2/ros/mid-360_ws/build/pointcloud_to_laserscan
[13.112s] Level 1:colcon.colcon_core.environment:checking '/home/lx/ros2/ros/mid-360_ws/install/pointcloud_to_laserscan' for CMake module files
[13.113s] Level 1:colcon.colcon_core.environment:checking '/home/lx/ros2/ros/mid-360_ws/install/pointcloud_to_laserscan' for CMake config files
[13.113s] Level 1:colcon.colcon_core.shell:create_environment_hook('pointcloud_to_laserscan', 'cmake_prefix_path')
[13.126s] INFO:colcon.colcon_core.shell:Creating environment hook '/home/lx/ros2/ros/mid-360_ws/install/pointcloud_to_laserscan/share/pointcloud_to_laserscan/hook/cmake_prefix_path.ps1'
[13.126s] INFO:colcon.colcon_core.shell:Creating environment descriptor '/home/lx/ros2/ros/mid-360_ws/install/pointcloud_to_laserscan/share/pointcloud_to_laserscan/hook/cmake_prefix_path.dsv'
[13.126s] INFO:colcon.colcon_core.shell:Creating environment hook '/home/lx/ros2/ros/mid-360_ws/install/pointcloud_to_laserscan/share/pointcloud_to_laserscan/hook/cmake_prefix_path.sh'
[13.127s] Level 1:colcon.colcon_core.environment:checking '/home/lx/ros2/ros/mid-360_ws/install/pointcloud_to_laserscan/lib'
[13.127s] Level 1:colcon.colcon_core.shell:create_environment_hook('pointcloud_to_laserscan', 'ld_library_path_lib')
[13.139s] INFO:colcon.colcon_core.shell:Creating environment hook '/home/lx/ros2/ros/mid-360_ws/install/pointcloud_to_laserscan/share/pointcloud_to_laserscan/hook/ld_library_path_lib.ps1'
[13.140s] INFO:colcon.colcon_core.shell:Creating environment descriptor '/home/lx/ros2/ros/mid-360_ws/install/pointcloud_to_laserscan/share/pointcloud_to_laserscan/hook/ld_library_path_lib.dsv'
[13.140s] INFO:colcon.colcon_core.shell:Creating environment hook '/home/lx/ros2/ros/mid-360_ws/install/pointcloud_to_laserscan/share/pointcloud_to_laserscan/hook/ld_library_path_lib.sh'
[13.140s] Level 1:colcon.colcon_core.environment:checking '/home/lx/ros2/ros/mid-360_ws/install/pointcloud_to_laserscan/bin'
[13.140s] Level 1:colcon.colcon_core.environment:checking '/home/lx/ros2/ros/mid-360_ws/install/pointcloud_to_laserscan/lib/pkgconfig/pointcloud_to_laserscan.pc'
[13.141s] Level 1:colcon.colcon_core.environment:checking '/home/lx/ros2/ros/mid-360_ws/install/pointcloud_to_laserscan/lib/python3.10/site-packages'
[13.141s] Level 1:colcon.colcon_core.environment:checking '/home/lx/ros2/ros/mid-360_ws/install/pointcloud_to_laserscan/bin'
[13.154s] INFO:colcon.colcon_core.shell:Creating package script '/home/lx/ros2/ros/mid-360_ws/install/pointcloud_to_laserscan/share/pointcloud_to_laserscan/package.ps1'
[13.155s] INFO:colcon.colcon_core.shell:Creating package descriptor '/home/lx/ros2/ros/mid-360_ws/install/pointcloud_to_laserscan/share/pointcloud_to_laserscan/package.dsv'
[13.156s] INFO:colcon.colcon_core.shell:Creating package script '/home/lx/ros2/ros/mid-360_ws/install/pointcloud_to_laserscan/share/pointcloud_to_laserscan/package.sh'
[13.156s] INFO:colcon.colcon_core.shell:Creating package script '/home/lx/ros2/ros/mid-360_ws/install/pointcloud_to_laserscan/share/pointcloud_to_laserscan/package.bash'
[13.156s] INFO:colcon.colcon_core.shell:Creating package script '/home/lx/ros2/ros/mid-360_ws/install/pointcloud_to_laserscan/share/pointcloud_to_laserscan/package.zsh'
[13.157s] Level 1:colcon.colcon_core.environment:create_file_with_runtime_dependencies(/home/lx/ros2/ros/mid-360_ws/install/pointcloud_to_laserscan/share/colcon-core/packages/pointcloud_to_laserscan)
[13.193s] Level 1:colcon.colcon_core.environment:create_environment_scripts_only(pointcloud_to_laserscan)
[13.205s] Level 1:colcon.colcon_core.environment:checking '/home/lx/ros2/ros/mid-360_ws/install/pointcloud_to_laserscan' for CMake module files
[13.206s] Level 1:colcon.colcon_core.environment:checking '/home/lx/ros2/ros/mid-360_ws/install/pointcloud_to_laserscan' for CMake config files
[13.206s] Level 1:colcon.colcon_core.shell:create_environment_hook('pointcloud_to_laserscan', 'cmake_prefix_path')
[13.218s] INFO:colcon.colcon_core.shell:Creating environment hook '/home/lx/ros2/ros/mid-360_ws/install/pointcloud_to_laserscan/share/pointcloud_to_laserscan/hook/cmake_prefix_path.ps1'
[13.218s] INFO:colcon.colcon_core.shell:Creating environment descriptor '/home/lx/ros2/ros/mid-360_ws/install/pointcloud_to_laserscan/share/pointcloud_to_laserscan/hook/cmake_prefix_path.dsv'
[13.219s] INFO:colcon.colcon_core.shell:Creating environment hook '/home/lx/ros2/ros/mid-360_ws/install/pointcloud_to_laserscan/share/pointcloud_to_laserscan/hook/cmake_prefix_path.sh'
[13.219s] Level 1:colcon.colcon_core.environment:checking '/home/lx/ros2/ros/mid-360_ws/install/pointcloud_to_laserscan/lib'
[13.219s] Level 1:colcon.colcon_core.shell:create_environment_hook('pointcloud_to_laserscan', 'ld_library_path_lib')
[13.238s] INFO:colcon.colcon_core.shell:Creating environment hook '/home/lx/ros2/ros/mid-360_ws/install/pointcloud_to_laserscan/share/pointcloud_to_laserscan/hook/ld_library_path_lib.ps1'
[13.238s] INFO:colcon.colcon_core.shell:Creating environment descriptor '/home/lx/ros2/ros/mid-360_ws/install/pointcloud_to_laserscan/share/pointcloud_to_laserscan/hook/ld_library_path_lib.dsv'
[13.238s] INFO:colcon.colcon_core.shell:Creating environment hook '/home/lx/ros2/ros/mid-360_ws/install/pointcloud_to_laserscan/share/pointcloud_to_laserscan/hook/ld_library_path_lib.sh'
[13.238s] Level 1:colcon.colcon_core.environment:checking '/home/lx/ros2/ros/mid-360_ws/install/pointcloud_to_laserscan/bin'
[13.239s] Level 1:colcon.colcon_core.environment:checking '/home/lx/ros2/ros/mid-360_ws/install/pointcloud_to_laserscan/lib/pkgconfig/pointcloud_to_laserscan.pc'
[13.239s] Level 1:colcon.colcon_core.environment:checking '/home/lx/ros2/ros/mid-360_ws/install/pointcloud_to_laserscan/lib/python3.10/site-packages'
[13.239s] Level 1:colcon.colcon_core.environment:checking '/home/lx/ros2/ros/mid-360_ws/install/pointcloud_to_laserscan/bin'
[13.251s] INFO:colcon.colcon_core.shell:Creating package script '/home/lx/ros2/ros/mid-360_ws/install/pointcloud_to_laserscan/share/pointcloud_to_laserscan/package.ps1'
[13.252s] INFO:colcon.colcon_core.shell:Creating package descriptor '/home/lx/ros2/ros/mid-360_ws/install/pointcloud_to_laserscan/share/pointcloud_to_laserscan/package.dsv'
[13.252s] INFO:colcon.colcon_core.shell:Creating package script '/home/lx/ros2/ros/mid-360_ws/install/pointcloud_to_laserscan/share/pointcloud_to_laserscan/package.sh'
[13.253s] INFO:colcon.colcon_core.shell:Creating package script '/home/lx/ros2/ros/mid-360_ws/install/pointcloud_to_laserscan/share/pointcloud_to_laserscan/package.bash'
[13.253s] INFO:colcon.colcon_core.shell:Creating package script '/home/lx/ros2/ros/mid-360_ws/install/pointcloud_to_laserscan/share/pointcloud_to_laserscan/package.zsh'
[13.253s] Level 1:colcon.colcon_core.environment:create_file_with_runtime_dependencies(/home/lx/ros2/ros/mid-360_ws/install/pointcloud_to_laserscan/share/colcon-core/packages/pointcloud_to_laserscan)
[13.253s] DEBUG:colcon.colcon_parallel_executor.executor.parallel:closing loop
[13.254s] DEBUG:colcon.colcon_parallel_executor.executor.parallel:loop closed
[13.254s] DEBUG:colcon.colcon_parallel_executor.executor.parallel:run_until_complete finished with '0'
[13.254s] DEBUG:colcon.colcon_core.event_reactor:joining thread
[13.270s] INFO:colcon.colcon_core.plugin_system:Skipping extension 'colcon_notification.desktop_notification.terminal_notifier': Not used on non-Darwin systems
[13.270s] INFO:colcon.colcon_core.plugin_system:Skipping extension 'colcon_notification.desktop_notification.win32': Not used on non-Windows systems
[13.270s] INFO:colcon.colcon_notification.desktop_notification:Sending desktop notification using 'notify2'
[13.281s] DEBUG:colcon.colcon_core.event_reactor:joined thread
[13.294s] INFO:colcon.colcon_core.shell:Creating prefix script '/home/lx/ros2/ros/mid-360_ws/install/local_setup.ps1'
[13.295s] INFO:colcon.colcon_core.shell:Creating prefix util module '/home/lx/ros2/ros/mid-360_ws/install/_local_setup_util_ps1.py'
[13.296s] INFO:colcon.colcon_core.shell:Creating prefix chain script '/home/lx/ros2/ros/mid-360_ws/install/setup.ps1'
[13.309s] INFO:colcon.colcon_core.shell:Creating prefix script '/home/lx/ros2/ros/mid-360_ws/install/local_setup.sh'
[13.310s] INFO:colcon.colcon_core.shell:Creating prefix util module '/home/lx/ros2/ros/mid-360_ws/install/_local_setup_util_sh.py'
[13.310s] INFO:colcon.colcon_core.shell:Creating prefix chain script '/home/lx/ros2/ros/mid-360_ws/install/setup.sh'
[13.323s] INFO:colcon.colcon_core.shell:Creating prefix script '/home/lx/ros2/ros/mid-360_ws/install/local_setup.bash'
[13.323s] INFO:colcon.colcon_core.shell:Creating prefix chain script '/home/lx/ros2/ros/mid-360_ws/install/setup.bash'
[13.337s] INFO:colcon.colcon_core.shell:Creating prefix script '/home/lx/ros2/ros/mid-360_ws/install/local_setup.zsh'
[13.337s] INFO:colcon.colcon_core.shell:Creating prefix chain script '/home/lx/ros2/ros/mid-360_ws/install/setup.zsh'
