[0.236s] DEBUG:colcon:Command line arguments: ['/usr/bin/colcon', 'build']
[0.236s] DEBUG:colcon:Parsed command line arguments: Namespace(log_base=None, log_level=None, verb_name='build', build_base='build', install_base='install', merge_install=False, symlink_install=False, test_result_base=None, continue_on_error=False, executor='parallel', parallel_workers=12, event_handlers=None, ignore_user_meta=False, metas=['./colcon.meta'], base_paths=['.'], packages_ignore=None, packages_ignore_regex=None, paths=None, packages_up_to=None, packages_up_to_regex=None, packages_above=None, packages_above_and_dependencies=None, packages_above_depth=None, packages_select_by_dep=None, packages_skip_by_dep=None, packages_skip_up_to=None, packages_select_build_failed=False, packages_skip_build_finished=False, packages_select_test_failures=False, packages_skip_test_passed=False, packages_select=None, packages_skip=None, packages_select_regex=None, packages_skip_regex=None, packages_start=None, packages_end=None, allow_overriding=[], cmake_args=None, cmake_target=None, cmake_target_skip_unavailable=False, cmake_clean_cache=False, cmake_clean_first=False, cmake_force_configure=False, ament_cmake_args=None, catkin_cmake_args=None, catkin_skip_building_tests=False, verb_parser=<colcon_defaults.argument_parser.defaults.DefaultArgumentsDecorator object at 0x7fe8540c1840>, verb_extension=<colcon_core.verb.build.BuildVerb object at 0x7fe8548ef400>, main=<bound method BuildVerb.main of <colcon_core.verb.build.BuildVerb object at 0x7fe8548ef400>>)
[0.259s] Level 1:colcon.colcon_core.package_discovery:discover_packages(colcon_meta) check parameters
[0.260s] Level 1:colcon.colcon_core.package_discovery:discover_packages(recursive) check parameters
[0.260s] Level 1:colcon.colcon_core.package_discovery:discover_packages(ignore) check parameters
[0.260s] Level 1:colcon.colcon_core.package_discovery:discover_packages(path) check parameters
[0.260s] Level 1:colcon.colcon_core.package_discovery:discover_packages(colcon_meta) discover
[0.260s] Level 1:colcon.colcon_core.package_discovery:discover_packages(recursive) discover
[0.260s] INFO:colcon.colcon_core.package_discovery:Crawling recursively for packages in '/home/lx/ros/service_ws'
[0.260s] Level 1:colcon.colcon_core.package_identification:_identify(.) by extensions ['ignore', 'ignore_ament_install']
[0.260s] Level 1:colcon.colcon_core.package_identification:_identify(.) by extension 'ignore'
[0.260s] Level 1:colcon.colcon_core.package_identification:_identify(.) by extension 'ignore_ament_install'
[0.260s] Level 1:colcon.colcon_core.package_identification:_identify(.) by extensions ['colcon_pkg']
[0.260s] Level 1:colcon.colcon_core.package_identification:_identify(.) by extension 'colcon_pkg'
[0.260s] Level 1:colcon.colcon_core.package_identification:_identify(.) by extensions ['colcon_meta']
[0.260s] Level 1:colcon.colcon_core.package_identification:_identify(.) by extension 'colcon_meta'
[0.260s] Level 1:colcon.colcon_core.package_identification:_identify(.) by extensions ['ros']
[0.260s] Level 1:colcon.colcon_core.package_identification:_identify(.) by extension 'ros'
[0.269s] Level 1:colcon.colcon_core.package_identification:_identify(.) by extensions ['cmake', 'python']
[0.269s] Level 1:colcon.colcon_core.package_identification:_identify(.) by extension 'cmake'
[0.269s] Level 1:colcon.colcon_core.package_identification:_identify(.) by extension 'python'
[0.269s] Level 1:colcon.colcon_core.package_identification:_identify(.) by extensions ['python_setup_py']
[0.269s] Level 1:colcon.colcon_core.package_identification:_identify(.) by extension 'python_setup_py'
[0.269s] Level 1:colcon.colcon_core.package_identification:_identify(build) by extensions ['ignore', 'ignore_ament_install']
[0.269s] Level 1:colcon.colcon_core.package_identification:_identify(build) by extension 'ignore'
[0.269s] Level 1:colcon.colcon_core.package_identification:_identify(build) ignored
[0.269s] Level 1:colcon.colcon_core.package_identification:_identify(install) by extensions ['ignore', 'ignore_ament_install']
[0.269s] Level 1:colcon.colcon_core.package_identification:_identify(install) by extension 'ignore'
[0.269s] Level 1:colcon.colcon_core.package_identification:_identify(install) ignored
[0.269s] Level 1:colcon.colcon_core.package_identification:_identify(log) by extensions ['ignore', 'ignore_ament_install']
[0.269s] Level 1:colcon.colcon_core.package_identification:_identify(log) by extension 'ignore'
[0.269s] Level 1:colcon.colcon_core.package_identification:_identify(log) ignored
[0.269s] Level 1:colcon.colcon_core.package_identification:_identify(src) by extensions ['ignore', 'ignore_ament_install']
[0.270s] Level 1:colcon.colcon_core.package_identification:_identify(src) by extension 'ignore'
[0.270s] Level 1:colcon.colcon_core.package_identification:_identify(src) by extension 'ignore_ament_install'
[0.270s] Level 1:colcon.colcon_core.package_identification:_identify(src) by extensions ['colcon_pkg']
[0.270s] Level 1:colcon.colcon_core.package_identification:_identify(src) by extension 'colcon_pkg'
[0.270s] Level 1:colcon.colcon_core.package_identification:_identify(src) by extensions ['colcon_meta']
[0.270s] Level 1:colcon.colcon_core.package_identification:_identify(src) by extension 'colcon_meta'
[0.270s] Level 1:colcon.colcon_core.package_identification:_identify(src) by extensions ['ros']
[0.270s] Level 1:colcon.colcon_core.package_identification:_identify(src) by extension 'ros'
[0.270s] Level 1:colcon.colcon_core.package_identification:_identify(src) by extensions ['cmake', 'python']
[0.270s] Level 1:colcon.colcon_core.package_identification:_identify(src) by extension 'cmake'
[0.270s] Level 1:colcon.colcon_core.package_identification:_identify(src) by extension 'python'
[0.270s] Level 1:colcon.colcon_core.package_identification:_identify(src) by extensions ['python_setup_py']
[0.270s] Level 1:colcon.colcon_core.package_identification:_identify(src) by extension 'python_setup_py'
[0.270s] Level 1:colcon.colcon_core.package_identification:_identify(src/client) by extensions ['ignore', 'ignore_ament_install']
[0.270s] Level 1:colcon.colcon_core.package_identification:_identify(src/client) by extension 'ignore'
[0.270s] Level 1:colcon.colcon_core.package_identification:_identify(src/client) by extension 'ignore_ament_install'
[0.270s] Level 1:colcon.colcon_core.package_identification:_identify(src/client) by extensions ['colcon_pkg']
[0.270s] Level 1:colcon.colcon_core.package_identification:_identify(src/client) by extension 'colcon_pkg'
[0.270s] Level 1:colcon.colcon_core.package_identification:_identify(src/client) by extensions ['colcon_meta']
[0.270s] Level 1:colcon.colcon_core.package_identification:_identify(src/client) by extension 'colcon_meta'
[0.270s] Level 1:colcon.colcon_core.package_identification:_identify(src/client) by extensions ['ros']
[0.270s] Level 1:colcon.colcon_core.package_identification:_identify(src/client) by extension 'ros'
[0.272s] DEBUG:colcon.colcon_core.package_identification:Package 'src/client' with type 'ros.ament_cmake' and name 'client'
[0.272s] Level 1:colcon.colcon_core.package_identification:_identify(src/server) by extensions ['ignore', 'ignore_ament_install']
[0.272s] Level 1:colcon.colcon_core.package_identification:_identify(src/server) by extension 'ignore'
[0.272s] Level 1:colcon.colcon_core.package_identification:_identify(src/server) by extension 'ignore_ament_install'
[0.272s] Level 1:colcon.colcon_core.package_identification:_identify(src/server) by extensions ['colcon_pkg']
[0.273s] Level 1:colcon.colcon_core.package_identification:_identify(src/server) by extension 'colcon_pkg'
[0.273s] Level 1:colcon.colcon_core.package_identification:_identify(src/server) by extensions ['colcon_meta']
[0.273s] Level 1:colcon.colcon_core.package_identification:_identify(src/server) by extension 'colcon_meta'
[0.273s] Level 1:colcon.colcon_core.package_identification:_identify(src/server) by extensions ['ros']
[0.273s] Level 1:colcon.colcon_core.package_identification:_identify(src/server) by extension 'ros'
[0.273s] DEBUG:colcon.colcon_core.package_identification:Package 'src/server' with type 'ros.ament_cmake' and name 'server'
[0.273s] Level 1:colcon.colcon_core.package_discovery:discover_packages(recursive) using defaults
[0.274s] Level 1:colcon.colcon_core.package_discovery:discover_packages(ignore) discover
[0.274s] Level 1:colcon.colcon_core.package_discovery:discover_packages(ignore) using defaults
[0.274s] Level 1:colcon.colcon_core.package_discovery:discover_packages(path) discover
[0.274s] Level 1:colcon.colcon_core.package_discovery:discover_packages(path) using defaults
[0.291s] Level 1:colcon.colcon_core.package_discovery:discover_packages(prefix_path) check parameters
[0.291s] Level 1:colcon.colcon_core.package_discovery:discover_packages(prefix_path) discover
[0.293s] DEBUG:colcon.colcon_installed_package_information.package_discovery:Found 2 installed packages in /home/lx/ros/service_ws/install
[0.294s] DEBUG:colcon.colcon_installed_package_information.package_discovery:Found 270 installed packages in /opt/ros/humble
[0.296s] Level 1:colcon.colcon_core.package_discovery:discover_packages(prefix_path) using defaults
[0.345s] Level 5:colcon.colcon_core.verb:set package 'client' build argument 'cmake_args' from command line to 'None'
[0.345s] Level 5:colcon.colcon_core.verb:set package 'client' build argument 'cmake_target' from command line to 'None'
[0.345s] Level 5:colcon.colcon_core.verb:set package 'client' build argument 'cmake_target_skip_unavailable' from command line to 'False'
[0.345s] Level 5:colcon.colcon_core.verb:set package 'client' build argument 'cmake_clean_cache' from command line to 'False'
[0.345s] Level 5:colcon.colcon_core.verb:set package 'client' build argument 'cmake_clean_first' from command line to 'False'
[0.345s] Level 5:colcon.colcon_core.verb:set package 'client' build argument 'cmake_force_configure' from command line to 'False'
[0.345s] Level 5:colcon.colcon_core.verb:set package 'client' build argument 'ament_cmake_args' from command line to 'None'
[0.345s] Level 5:colcon.colcon_core.verb:set package 'client' build argument 'catkin_cmake_args' from command line to 'None'
[0.345s] Level 5:colcon.colcon_core.verb:set package 'client' build argument 'catkin_skip_building_tests' from command line to 'False'
[0.345s] DEBUG:colcon.colcon_core.verb:Building package 'client' with the following arguments: {'ament_cmake_args': None, 'build_base': '/home/lx/ros/service_ws/build/client', 'catkin_cmake_args': None, 'catkin_skip_building_tests': False, 'cmake_args': None, 'cmake_clean_cache': False, 'cmake_clean_first': False, 'cmake_force_configure': False, 'cmake_target': None, 'cmake_target_skip_unavailable': False, 'install_base': '/home/lx/ros/service_ws/install/client', 'merge_install': False, 'path': '/home/lx/ros/service_ws/src/client', 'symlink_install': False, 'test_result_base': None}
[0.346s] Level 5:colcon.colcon_core.verb:set package 'server' build argument 'cmake_args' from command line to 'None'
[0.346s] Level 5:colcon.colcon_core.verb:set package 'server' build argument 'cmake_target' from command line to 'None'
[0.346s] Level 5:colcon.colcon_core.verb:set package 'server' build argument 'cmake_target_skip_unavailable' from command line to 'False'
[0.346s] Level 5:colcon.colcon_core.verb:set package 'server' build argument 'cmake_clean_cache' from command line to 'False'
[0.346s] Level 5:colcon.colcon_core.verb:set package 'server' build argument 'cmake_clean_first' from command line to 'False'
[0.346s] Level 5:colcon.colcon_core.verb:set package 'server' build argument 'cmake_force_configure' from command line to 'False'
[0.346s] Level 5:colcon.colcon_core.verb:set package 'server' build argument 'ament_cmake_args' from command line to 'None'
[0.346s] Level 5:colcon.colcon_core.verb:set package 'server' build argument 'catkin_cmake_args' from command line to 'None'
[0.346s] Level 5:colcon.colcon_core.verb:set package 'server' build argument 'catkin_skip_building_tests' from command line to 'False'
[0.346s] DEBUG:colcon.colcon_core.verb:Building package 'server' with the following arguments: {'ament_cmake_args': None, 'build_base': '/home/lx/ros/service_ws/build/server', 'catkin_cmake_args': None, 'catkin_skip_building_tests': False, 'cmake_args': None, 'cmake_clean_cache': False, 'cmake_clean_first': False, 'cmake_force_configure': False, 'cmake_target': None, 'cmake_target_skip_unavailable': False, 'install_base': '/home/lx/ros/service_ws/install/server', 'merge_install': False, 'path': '/home/lx/ros/service_ws/src/server', 'symlink_install': False, 'test_result_base': None}
[0.347s] INFO:colcon.colcon_core.executor:Executing jobs using 'parallel' executor
[0.349s] DEBUG:colcon.colcon_parallel_executor.executor.parallel:run_until_complete
[0.349s] INFO:colcon.colcon_ros.task.ament_cmake.build:Building ROS package in '/home/lx/ros/service_ws/src/client' with build type 'ament_cmake'
[0.349s] INFO:colcon.colcon_cmake.task.cmake.build:Building CMake package in '/home/lx/ros/service_ws/src/client'
[0.352s] INFO:colcon.colcon_core.plugin_system:Skipping extension 'colcon_core.shell.bat': Not used on non-Windows systems
[0.353s] INFO:colcon.colcon_core.shell:Skip shell extension 'powershell' for command environment: Not usable outside of PowerShell
[0.353s] DEBUG:colcon.colcon_core.shell:Skip shell extension 'dsv' for command environment
[0.356s] INFO:colcon.colcon_ros.task.ament_cmake.build:Building ROS package in '/home/lx/ros/service_ws/src/server' with build type 'ament_cmake'
[0.356s] INFO:colcon.colcon_cmake.task.cmake.build:Building CMake package in '/home/lx/ros/service_ws/src/server'
[0.357s] INFO:colcon.colcon_core.shell:Skip shell extension 'powershell' for command environment: Not usable outside of PowerShell
[0.357s] DEBUG:colcon.colcon_core.shell:Skip shell extension 'dsv' for command environment
[0.364s] DEBUG:colcon.colcon_core.event_handler.log_command:Invoking command in '/home/lx/ros/service_ws/build/client': CMAKE_PREFIX_PATH=${CMAKE_PREFIX_PATH}:/opt/ros/humble /usr/bin/cmake --build /home/lx/ros/service_ws/build/client -- -j12 -l12
[0.367s] DEBUG:colcon.colcon_core.event_handler.log_command:Invoking command in '/home/lx/ros/service_ws/build/server': CMAKE_PREFIX_PATH=${CMAKE_PREFIX_PATH}:/opt/ros/humble /usr/bin/cmake --build /home/lx/ros/service_ws/build/server -- -j12 -l12
[4.467s] DEBUG:colcon.colcon_core.event_handler.log_command:Invoked command in '/home/lx/ros/service_ws/build/client' returned '0': CMAKE_PREFIX_PATH=${CMAKE_PREFIX_PATH}:/opt/ros/humble /usr/bin/cmake --build /home/lx/ros/service_ws/build/client -- -j12 -l12
[4.489s] DEBUG:colcon.colcon_core.event_handler.log_command:Invoking command in '/home/lx/ros/service_ws/build/client': CMAKE_PREFIX_PATH=${CMAKE_PREFIX_PATH}:/opt/ros/humble /usr/bin/cmake --install /home/lx/ros/service_ws/build/client
[4.504s] Level 1:colcon.colcon_core.environment:create_environment_scripts_only(client)
[4.505s] DEBUG:colcon.colcon_core.event_handler.log_command:Invoked command in '/home/lx/ros/service_ws/build/client' returned '0': CMAKE_PREFIX_PATH=${CMAKE_PREFIX_PATH}:/opt/ros/humble /usr/bin/cmake --install /home/lx/ros/service_ws/build/client
[4.510s] Level 1:colcon.colcon_core.environment:checking '/home/lx/ros/service_ws/install/client' for CMake module files
[4.510s] Level 1:colcon.colcon_core.environment:checking '/home/lx/ros/service_ws/install/client' for CMake config files
[4.511s] Level 1:colcon.colcon_core.shell:create_environment_hook('client', 'cmake_prefix_path')
[4.512s] INFO:colcon.colcon_core.shell:Creating environment hook '/home/lx/ros/service_ws/install/client/share/client/hook/cmake_prefix_path.ps1'
[4.513s] INFO:colcon.colcon_core.shell:Creating environment descriptor '/home/lx/ros/service_ws/install/client/share/client/hook/cmake_prefix_path.dsv'
[4.514s] INFO:colcon.colcon_core.shell:Creating environment hook '/home/lx/ros/service_ws/install/client/share/client/hook/cmake_prefix_path.sh'
[4.515s] Level 1:colcon.colcon_core.environment:checking '/home/lx/ros/service_ws/install/client/lib'
[4.515s] Level 1:colcon.colcon_core.environment:checking '/home/lx/ros/service_ws/install/client/bin'
[4.515s] Level 1:colcon.colcon_core.environment:checking '/home/lx/ros/service_ws/install/client/lib/pkgconfig/client.pc'
[4.515s] Level 1:colcon.colcon_core.environment:checking '/home/lx/ros/service_ws/install/client/lib/python3.10/site-packages'
[4.515s] Level 1:colcon.colcon_core.environment:checking '/home/lx/ros/service_ws/install/client/bin'
[4.517s] INFO:colcon.colcon_core.shell:Creating package script '/home/lx/ros/service_ws/install/client/share/client/package.ps1'
[4.518s] INFO:colcon.colcon_core.shell:Creating package descriptor '/home/lx/ros/service_ws/install/client/share/client/package.dsv'
[4.519s] INFO:colcon.colcon_core.shell:Creating package script '/home/lx/ros/service_ws/install/client/share/client/package.sh'
[4.519s] INFO:colcon.colcon_core.shell:Creating package script '/home/lx/ros/service_ws/install/client/share/client/package.bash'
[4.520s] INFO:colcon.colcon_core.shell:Creating package script '/home/lx/ros/service_ws/install/client/share/client/package.zsh'
[4.521s] Level 1:colcon.colcon_core.environment:create_file_with_runtime_dependencies(/home/lx/ros/service_ws/install/client/share/colcon-core/packages/client)
[4.538s] Level 1:colcon.colcon_core.environment:create_environment_scripts_only(client)
[4.540s] Level 1:colcon.colcon_core.environment:checking '/home/lx/ros/service_ws/install/client' for CMake module files
[4.541s] Level 1:colcon.colcon_core.environment:checking '/home/lx/ros/service_ws/install/client' for CMake config files
[4.541s] Level 1:colcon.colcon_core.shell:create_environment_hook('client', 'cmake_prefix_path')
[4.543s] INFO:colcon.colcon_core.shell:Creating environment hook '/home/lx/ros/service_ws/install/client/share/client/hook/cmake_prefix_path.ps1'
[4.543s] INFO:colcon.colcon_core.shell:Creating environment descriptor '/home/lx/ros/service_ws/install/client/share/client/hook/cmake_prefix_path.dsv'
[4.544s] INFO:colcon.colcon_core.shell:Creating environment hook '/home/lx/ros/service_ws/install/client/share/client/hook/cmake_prefix_path.sh'
[4.544s] Level 1:colcon.colcon_core.environment:checking '/home/lx/ros/service_ws/install/client/lib'
[4.544s] Level 1:colcon.colcon_core.environment:checking '/home/lx/ros/service_ws/install/client/bin'
[4.544s] Level 1:colcon.colcon_core.environment:checking '/home/lx/ros/service_ws/install/client/lib/pkgconfig/client.pc'
[4.545s] Level 1:colcon.colcon_core.environment:checking '/home/lx/ros/service_ws/install/client/lib/python3.10/site-packages'
[4.545s] Level 1:colcon.colcon_core.environment:checking '/home/lx/ros/service_ws/install/client/bin'
[4.546s] INFO:colcon.colcon_core.shell:Creating package script '/home/lx/ros/service_ws/install/client/share/client/package.ps1'
[4.547s] INFO:colcon.colcon_core.shell:Creating package descriptor '/home/lx/ros/service_ws/install/client/share/client/package.dsv'
[4.547s] INFO:colcon.colcon_core.shell:Creating package script '/home/lx/ros/service_ws/install/client/share/client/package.sh'
[4.548s] INFO:colcon.colcon_core.shell:Creating package script '/home/lx/ros/service_ws/install/client/share/client/package.bash'
[4.548s] INFO:colcon.colcon_core.shell:Creating package script '/home/lx/ros/service_ws/install/client/share/client/package.zsh'
[4.549s] Level 1:colcon.colcon_core.environment:create_file_with_runtime_dependencies(/home/lx/ros/service_ws/install/client/share/colcon-core/packages/client)
[4.769s] DEBUG:colcon.colcon_core.event_handler.log_command:Invoked command in '/home/lx/ros/service_ws/build/server' returned '0': CMAKE_PREFIX_PATH=${CMAKE_PREFIX_PATH}:/opt/ros/humble /usr/bin/cmake --build /home/lx/ros/service_ws/build/server -- -j12 -l12
[4.785s] DEBUG:colcon.colcon_core.event_handler.log_command:Invoking command in '/home/lx/ros/service_ws/build/server': CMAKE_PREFIX_PATH=${CMAKE_PREFIX_PATH}:/opt/ros/humble /usr/bin/cmake --install /home/lx/ros/service_ws/build/server
[4.800s] Level 1:colcon.colcon_core.environment:create_environment_scripts_only(server)
[4.802s] Level 1:colcon.colcon_core.environment:checking '/home/lx/ros/service_ws/install/server' for CMake module files
[4.803s] DEBUG:colcon.colcon_core.event_handler.log_command:Invoked command in '/home/lx/ros/service_ws/build/server' returned '0': CMAKE_PREFIX_PATH=${CMAKE_PREFIX_PATH}:/opt/ros/humble /usr/bin/cmake --install /home/lx/ros/service_ws/build/server
[4.803s] Level 1:colcon.colcon_core.environment:checking '/home/lx/ros/service_ws/install/server' for CMake config files
[4.803s] Level 1:colcon.colcon_core.shell:create_environment_hook('server', 'cmake_prefix_path')
[4.804s] INFO:colcon.colcon_core.shell:Creating environment hook '/home/lx/ros/service_ws/install/server/share/server/hook/cmake_prefix_path.ps1'
[4.805s] INFO:colcon.colcon_core.shell:Creating environment descriptor '/home/lx/ros/service_ws/install/server/share/server/hook/cmake_prefix_path.dsv'
[4.805s] INFO:colcon.colcon_core.shell:Creating environment hook '/home/lx/ros/service_ws/install/server/share/server/hook/cmake_prefix_path.sh'
[4.805s] Level 1:colcon.colcon_core.environment:checking '/home/lx/ros/service_ws/install/server/lib'
[4.806s] Level 1:colcon.colcon_core.environment:checking '/home/lx/ros/service_ws/install/server/bin'
[4.806s] Level 1:colcon.colcon_core.environment:checking '/home/lx/ros/service_ws/install/server/lib/pkgconfig/server.pc'
[4.806s] Level 1:colcon.colcon_core.environment:checking '/home/lx/ros/service_ws/install/server/lib/python3.10/site-packages'
[4.806s] Level 1:colcon.colcon_core.environment:checking '/home/lx/ros/service_ws/install/server/bin'
[4.807s] INFO:colcon.colcon_core.shell:Creating package script '/home/lx/ros/service_ws/install/server/share/server/package.ps1'
[4.807s] INFO:colcon.colcon_core.shell:Creating package descriptor '/home/lx/ros/service_ws/install/server/share/server/package.dsv'
[4.808s] INFO:colcon.colcon_core.shell:Creating package script '/home/lx/ros/service_ws/install/server/share/server/package.sh'
[4.808s] INFO:colcon.colcon_core.shell:Creating package script '/home/lx/ros/service_ws/install/server/share/server/package.bash'
[4.808s] INFO:colcon.colcon_core.shell:Creating package script '/home/lx/ros/service_ws/install/server/share/server/package.zsh'
[4.808s] Level 1:colcon.colcon_core.environment:create_file_with_runtime_dependencies(/home/lx/ros/service_ws/install/server/share/colcon-core/packages/server)
[4.824s] Level 1:colcon.colcon_core.environment:create_environment_scripts_only(server)
[4.826s] Level 1:colcon.colcon_core.environment:checking '/home/lx/ros/service_ws/install/server' for CMake module files
[4.826s] Level 1:colcon.colcon_core.environment:checking '/home/lx/ros/service_ws/install/server' for CMake config files
[4.826s] Level 1:colcon.colcon_core.shell:create_environment_hook('server', 'cmake_prefix_path')
[4.827s] INFO:colcon.colcon_core.shell:Creating environment hook '/home/lx/ros/service_ws/install/server/share/server/hook/cmake_prefix_path.ps1'
[4.827s] INFO:colcon.colcon_core.shell:Creating environment descriptor '/home/lx/ros/service_ws/install/server/share/server/hook/cmake_prefix_path.dsv'
[4.828s] INFO:colcon.colcon_core.shell:Creating environment hook '/home/lx/ros/service_ws/install/server/share/server/hook/cmake_prefix_path.sh'
[4.828s] Level 1:colcon.colcon_core.environment:checking '/home/lx/ros/service_ws/install/server/lib'
[4.828s] Level 1:colcon.colcon_core.environment:checking '/home/lx/ros/service_ws/install/server/bin'
[4.828s] Level 1:colcon.colcon_core.environment:checking '/home/lx/ros/service_ws/install/server/lib/pkgconfig/server.pc'
[4.828s] Level 1:colcon.colcon_core.environment:checking '/home/lx/ros/service_ws/install/server/lib/python3.10/site-packages'
[4.828s] Level 1:colcon.colcon_core.environment:checking '/home/lx/ros/service_ws/install/server/bin'
[4.829s] INFO:colcon.colcon_core.shell:Creating package script '/home/lx/ros/service_ws/install/server/share/server/package.ps1'
[4.830s] INFO:colcon.colcon_core.shell:Creating package descriptor '/home/lx/ros/service_ws/install/server/share/server/package.dsv'
[4.830s] INFO:colcon.colcon_core.shell:Creating package script '/home/lx/ros/service_ws/install/server/share/server/package.sh'
[4.830s] INFO:colcon.colcon_core.shell:Creating package script '/home/lx/ros/service_ws/install/server/share/server/package.bash'
[4.831s] INFO:colcon.colcon_core.shell:Creating package script '/home/lx/ros/service_ws/install/server/share/server/package.zsh'
[4.831s] Level 1:colcon.colcon_core.environment:create_file_with_runtime_dependencies(/home/lx/ros/service_ws/install/server/share/colcon-core/packages/server)
[4.831s] DEBUG:colcon.colcon_parallel_executor.executor.parallel:closing loop
[4.832s] DEBUG:colcon.colcon_parallel_executor.executor.parallel:loop closed
[4.832s] DEBUG:colcon.colcon_parallel_executor.executor.parallel:run_until_complete finished with '0'
[4.832s] DEBUG:colcon.colcon_core.event_reactor:joining thread
[4.836s] INFO:colcon.colcon_core.plugin_system:Skipping extension 'colcon_notification.desktop_notification.terminal_notifier': Not used on non-Darwin systems
[4.836s] INFO:colcon.colcon_core.plugin_system:Skipping extension 'colcon_notification.desktop_notification.win32': Not used on non-Windows systems
[4.836s] INFO:colcon.colcon_notification.desktop_notification:Sending desktop notification using 'notify2'
[4.844s] DEBUG:colcon.colcon_core.event_reactor:joined thread
[4.845s] INFO:colcon.colcon_core.shell:Creating prefix script '/home/lx/ros/service_ws/install/local_setup.ps1'
[4.846s] INFO:colcon.colcon_core.shell:Creating prefix util module '/home/lx/ros/service_ws/install/_local_setup_util_ps1.py'
[4.847s] INFO:colcon.colcon_core.shell:Creating prefix chain script '/home/lx/ros/service_ws/install/setup.ps1'
[4.849s] INFO:colcon.colcon_core.shell:Creating prefix script '/home/lx/ros/service_ws/install/local_setup.sh'
[4.849s] INFO:colcon.colcon_core.shell:Creating prefix util module '/home/lx/ros/service_ws/install/_local_setup_util_sh.py'
[4.849s] INFO:colcon.colcon_core.shell:Creating prefix chain script '/home/lx/ros/service_ws/install/setup.sh'
[4.851s] INFO:colcon.colcon_core.shell:Creating prefix script '/home/lx/ros/service_ws/install/local_setup.bash'
[4.851s] INFO:colcon.colcon_core.shell:Creating prefix chain script '/home/lx/ros/service_ws/install/setup.bash'
[4.852s] INFO:colcon.colcon_core.shell:Creating prefix script '/home/lx/ros/service_ws/install/local_setup.zsh'
[4.853s] INFO:colcon.colcon_core.shell:Creating prefix chain script '/home/lx/ros/service_ws/install/setup.zsh'
