[0.838s] DEBUG:colcon:Command line arguments: ['/usr/bin/colcon', 'build']
[0.839s] DEBUG:colcon:Parsed command line arguments: Namespace(log_base=None, log_level=None, verb_name='build', build_base='build', install_base='install', merge_install=False, symlink_install=False, test_result_base=None, continue_on_error=False, executor='parallel', parallel_workers=12, event_handlers=None, ignore_user_meta=False, metas=['./colcon.meta'], base_paths=['.'], packages_ignore=None, packages_ignore_regex=None, paths=None, packages_up_to=None, packages_up_to_regex=None, packages_above=None, packages_above_and_dependencies=None, packages_above_depth=None, packages_select_by_dep=None, packages_skip_by_dep=None, packages_skip_up_to=None, packages_select_build_failed=False, packages_skip_build_finished=False, packages_select_test_failures=False, packages_skip_test_passed=False, packages_select=None, packages_skip=None, packages_select_regex=None, packages_skip_regex=None, packages_start=None, packages_end=None, allow_overriding=[], cmake_args=None, cmake_target=None, cmake_target_skip_unavailable=False, cmake_clean_cache=False, cmake_clean_first=False, cmake_force_configure=False, ament_cmake_args=None, catkin_cmake_args=None, catkin_skip_building_tests=False, verb_parser=<colcon_defaults.argument_parser.defaults.DefaultArgumentsDecorator object at 0x7ffbd17cedd0>, verb_extension=<colcon_core.verb.build.BuildVerb object at 0x7ffbd1c4ba00>, main=<bound method BuildVerb.main of <colcon_core.verb.build.BuildVerb object at 0x7ffbd1c4ba00>>)
[0.879s] Level 1:colcon.colcon_core.package_discovery:discover_packages(colcon_meta) check parameters
[0.879s] Level 1:colcon.colcon_core.package_discovery:discover_packages(recursive) check parameters
[0.879s] Level 1:colcon.colcon_core.package_discovery:discover_packages(ignore) check parameters
[0.879s] Level 1:colcon.colcon_core.package_discovery:discover_packages(path) check parameters
[0.879s] Level 1:colcon.colcon_core.package_discovery:discover_packages(colcon_meta) discover
[0.879s] Level 1:colcon.colcon_core.package_discovery:discover_packages(recursive) discover
[0.879s] INFO:colcon.colcon_core.package_discovery:Crawling recursively for packages in '/home/lx/ros2/ros/mid-70_ws'
[0.880s] Level 1:colcon.colcon_core.package_identification:_identify(.) by extensions ['ignore', 'ignore_ament_install']
[0.880s] Level 1:colcon.colcon_core.package_identification:_identify(.) by extension 'ignore'
[0.880s] Level 1:colcon.colcon_core.package_identification:_identify(.) by extension 'ignore_ament_install'
[0.880s] Level 1:colcon.colcon_core.package_identification:_identify(.) by extensions ['colcon_pkg']
[0.880s] Level 1:colcon.colcon_core.package_identification:_identify(.) by extension 'colcon_pkg'
[0.880s] Level 1:colcon.colcon_core.package_identification:_identify(.) by extensions ['colcon_meta']
[0.880s] Level 1:colcon.colcon_core.package_identification:_identify(.) by extension 'colcon_meta'
[0.880s] Level 1:colcon.colcon_core.package_identification:_identify(.) by extensions ['ros']
[0.880s] Level 1:colcon.colcon_core.package_identification:_identify(.) by extension 'ros'
[0.890s] Level 1:colcon.colcon_core.package_identification:_identify(.) by extensions ['cmake', 'python']
[0.890s] Level 1:colcon.colcon_core.package_identification:_identify(.) by extension 'cmake'
[0.890s] Level 1:colcon.colcon_core.package_identification:_identify(.) by extension 'python'
[0.890s] Level 1:colcon.colcon_core.package_identification:_identify(.) by extensions ['python_setup_py']
[0.890s] Level 1:colcon.colcon_core.package_identification:_identify(.) by extension 'python_setup_py'
[0.890s] Level 1:colcon.colcon_core.package_identification:_identify(build) by extensions ['ignore', 'ignore_ament_install']
[0.890s] Level 1:colcon.colcon_core.package_identification:_identify(build) by extension 'ignore'
[0.891s] Level 1:colcon.colcon_core.package_identification:_identify(build) ignored
[0.891s] Level 1:colcon.colcon_core.package_identification:_identify(install) by extensions ['ignore', 'ignore_ament_install']
[0.891s] Level 1:colcon.colcon_core.package_identification:_identify(install) by extension 'ignore'
[0.891s] Level 1:colcon.colcon_core.package_identification:_identify(install) ignored
[0.891s] Level 1:colcon.colcon_core.package_identification:_identify(log) by extensions ['ignore', 'ignore_ament_install']
[0.891s] Level 1:colcon.colcon_core.package_identification:_identify(log) by extension 'ignore'
[0.891s] Level 1:colcon.colcon_core.package_identification:_identify(log) ignored
[0.891s] Level 1:colcon.colcon_core.package_identification:_identify(src) by extensions ['ignore', 'ignore_ament_install']
[0.891s] Level 1:colcon.colcon_core.package_identification:_identify(src) by extension 'ignore'
[0.891s] Level 1:colcon.colcon_core.package_identification:_identify(src) by extension 'ignore_ament_install'
[0.891s] Level 1:colcon.colcon_core.package_identification:_identify(src) by extensions ['colcon_pkg']
[0.891s] Level 1:colcon.colcon_core.package_identification:_identify(src) by extension 'colcon_pkg'
[0.891s] Level 1:colcon.colcon_core.package_identification:_identify(src) by extensions ['colcon_meta']
[0.891s] Level 1:colcon.colcon_core.package_identification:_identify(src) by extension 'colcon_meta'
[0.891s] Level 1:colcon.colcon_core.package_identification:_identify(src) by extensions ['ros']
[0.891s] Level 1:colcon.colcon_core.package_identification:_identify(src) by extension 'ros'
[0.892s] Level 1:colcon.colcon_core.package_identification:_identify(src) by extensions ['cmake', 'python']
[0.892s] Level 1:colcon.colcon_core.package_identification:_identify(src) by extension 'cmake'
[0.892s] Level 1:colcon.colcon_core.package_identification:_identify(src) by extension 'python'
[0.892s] Level 1:colcon.colcon_core.package_identification:_identify(src) by extensions ['python_setup_py']
[0.892s] Level 1:colcon.colcon_core.package_identification:_identify(src) by extension 'python_setup_py'
[0.892s] Level 1:colcon.colcon_core.package_identification:_identify(src/livox_ros2_driver) by extensions ['ignore', 'ignore_ament_install']
[0.892s] Level 1:colcon.colcon_core.package_identification:_identify(src/livox_ros2_driver) by extension 'ignore'
[0.892s] Level 1:colcon.colcon_core.package_identification:_identify(src/livox_ros2_driver) by extension 'ignore_ament_install'
[0.892s] Level 1:colcon.colcon_core.package_identification:_identify(src/livox_ros2_driver) by extensions ['colcon_pkg']
[0.892s] Level 1:colcon.colcon_core.package_identification:_identify(src/livox_ros2_driver) by extension 'colcon_pkg'
[0.892s] Level 1:colcon.colcon_core.package_identification:_identify(src/livox_ros2_driver) by extensions ['colcon_meta']
[0.892s] Level 1:colcon.colcon_core.package_identification:_identify(src/livox_ros2_driver) by extension 'colcon_meta'
[0.892s] Level 1:colcon.colcon_core.package_identification:_identify(src/livox_ros2_driver) by extensions ['ros']
[0.892s] Level 1:colcon.colcon_core.package_identification:_identify(src/livox_ros2_driver) by extension 'ros'
[0.892s] Level 1:colcon.colcon_core.package_identification:_identify(src/livox_ros2_driver) by extensions ['cmake', 'python']
[0.892s] Level 1:colcon.colcon_core.package_identification:_identify(src/livox_ros2_driver) by extension 'cmake'
[0.892s] Level 1:colcon.colcon_core.package_identification:_identify(src/livox_ros2_driver) by extension 'python'
[0.892s] Level 1:colcon.colcon_core.package_identification:_identify(src/livox_ros2_driver) by extensions ['python_setup_py']
[0.892s] Level 1:colcon.colcon_core.package_identification:_identify(src/livox_ros2_driver) by extension 'python_setup_py'
[0.892s] Level 1:colcon.colcon_core.package_identification:_identify(src/livox_ros2_driver/images) by extensions ['ignore', 'ignore_ament_install']
[0.892s] Level 1:colcon.colcon_core.package_identification:_identify(src/livox_ros2_driver/images) by extension 'ignore'
[0.892s] Level 1:colcon.colcon_core.package_identification:_identify(src/livox_ros2_driver/images) by extension 'ignore_ament_install'
[0.892s] Level 1:colcon.colcon_core.package_identification:_identify(src/livox_ros2_driver/images) by extensions ['colcon_pkg']
[0.893s] Level 1:colcon.colcon_core.package_identification:_identify(src/livox_ros2_driver/images) by extension 'colcon_pkg'
[0.893s] Level 1:colcon.colcon_core.package_identification:_identify(src/livox_ros2_driver/images) by extensions ['colcon_meta']
[0.893s] Level 1:colcon.colcon_core.package_identification:_identify(src/livox_ros2_driver/images) by extension 'colcon_meta'
[0.893s] Level 1:colcon.colcon_core.package_identification:_identify(src/livox_ros2_driver/images) by extensions ['ros']
[0.893s] Level 1:colcon.colcon_core.package_identification:_identify(src/livox_ros2_driver/images) by extension 'ros'
[0.893s] Level 1:colcon.colcon_core.package_identification:_identify(src/livox_ros2_driver/images) by extensions ['cmake', 'python']
[0.893s] Level 1:colcon.colcon_core.package_identification:_identify(src/livox_ros2_driver/images) by extension 'cmake'
[0.893s] Level 1:colcon.colcon_core.package_identification:_identify(src/livox_ros2_driver/images) by extension 'python'
[0.893s] Level 1:colcon.colcon_core.package_identification:_identify(src/livox_ros2_driver/images) by extensions ['python_setup_py']
[0.893s] Level 1:colcon.colcon_core.package_identification:_identify(src/livox_ros2_driver/images) by extension 'python_setup_py'
[0.893s] Level 1:colcon.colcon_core.package_identification:_identify(src/livox_ros2_driver/livox_interfaces) by extensions ['ignore', 'ignore_ament_install']
[0.893s] Level 1:colcon.colcon_core.package_identification:_identify(src/livox_ros2_driver/livox_interfaces) by extension 'ignore'
[0.893s] Level 1:colcon.colcon_core.package_identification:_identify(src/livox_ros2_driver/livox_interfaces) by extension 'ignore_ament_install'
[0.893s] Level 1:colcon.colcon_core.package_identification:_identify(src/livox_ros2_driver/livox_interfaces) by extensions ['colcon_pkg']
[0.893s] Level 1:colcon.colcon_core.package_identification:_identify(src/livox_ros2_driver/livox_interfaces) by extension 'colcon_pkg'
[0.893s] Level 1:colcon.colcon_core.package_identification:_identify(src/livox_ros2_driver/livox_interfaces) by extensions ['colcon_meta']
[0.893s] Level 1:colcon.colcon_core.package_identification:_identify(src/livox_ros2_driver/livox_interfaces) by extension 'colcon_meta'
[0.893s] Level 1:colcon.colcon_core.package_identification:_identify(src/livox_ros2_driver/livox_interfaces) by extensions ['ros']
[0.893s] Level 1:colcon.colcon_core.package_identification:_identify(src/livox_ros2_driver/livox_interfaces) by extension 'ros'
[0.895s] DEBUG:colcon.colcon_core.package_identification:Package 'src/livox_ros2_driver/livox_interfaces' with type 'ros.ament_cmake' and name 'livox_interfaces'
[0.896s] Level 1:colcon.colcon_core.package_identification:_identify(src/livox_ros2_driver/livox_ros2_driver) by extensions ['ignore', 'ignore_ament_install']
[0.896s] Level 1:colcon.colcon_core.package_identification:_identify(src/livox_ros2_driver/livox_ros2_driver) by extension 'ignore'
[0.896s] Level 1:colcon.colcon_core.package_identification:_identify(src/livox_ros2_driver/livox_ros2_driver) by extension 'ignore_ament_install'
[0.896s] Level 1:colcon.colcon_core.package_identification:_identify(src/livox_ros2_driver/livox_ros2_driver) by extensions ['colcon_pkg']
[0.896s] Level 1:colcon.colcon_core.package_identification:_identify(src/livox_ros2_driver/livox_ros2_driver) by extension 'colcon_pkg'
[0.896s] Level 1:colcon.colcon_core.package_identification:_identify(src/livox_ros2_driver/livox_ros2_driver) by extensions ['colcon_meta']
[0.896s] Level 1:colcon.colcon_core.package_identification:_identify(src/livox_ros2_driver/livox_ros2_driver) by extension 'colcon_meta'
[0.896s] Level 1:colcon.colcon_core.package_identification:_identify(src/livox_ros2_driver/livox_ros2_driver) by extensions ['ros']
[0.896s] Level 1:colcon.colcon_core.package_identification:_identify(src/livox_ros2_driver/livox_ros2_driver) by extension 'ros'
[0.897s] DEBUG:colcon.colcon_core.package_identification:Package 'src/livox_ros2_driver/livox_ros2_driver' with type 'ros.ament_cmake' and name 'livox_ros2_driver'
[0.897s] Level 1:colcon.colcon_core.package_identification:_identify(src/livox_ros2_driver/livox_sdk_vendor) by extensions ['ignore', 'ignore_ament_install']
[0.897s] Level 1:colcon.colcon_core.package_identification:_identify(src/livox_ros2_driver/livox_sdk_vendor) by extension 'ignore'
[0.897s] Level 1:colcon.colcon_core.package_identification:_identify(src/livox_ros2_driver/livox_sdk_vendor) by extension 'ignore_ament_install'
[0.897s] Level 1:colcon.colcon_core.package_identification:_identify(src/livox_ros2_driver/livox_sdk_vendor) by extensions ['colcon_pkg']
[0.897s] Level 1:colcon.colcon_core.package_identification:_identify(src/livox_ros2_driver/livox_sdk_vendor) by extension 'colcon_pkg'
[0.897s] Level 1:colcon.colcon_core.package_identification:_identify(src/livox_ros2_driver/livox_sdk_vendor) by extensions ['colcon_meta']
[0.897s] Level 1:colcon.colcon_core.package_identification:_identify(src/livox_ros2_driver/livox_sdk_vendor) by extension 'colcon_meta'
[0.897s] Level 1:colcon.colcon_core.package_identification:_identify(src/livox_ros2_driver/livox_sdk_vendor) by extensions ['ros']
[0.898s] Level 1:colcon.colcon_core.package_identification:_identify(src/livox_ros2_driver/livox_sdk_vendor) by extension 'ros'
[0.898s] DEBUG:colcon.colcon_core.package_identification:Package 'src/livox_ros2_driver/livox_sdk_vendor' with type 'ros.ament_cmake' and name 'livox_sdk_vendor'
[0.898s] Level 1:colcon.colcon_core.package_discovery:discover_packages(recursive) using defaults
[0.898s] Level 1:colcon.colcon_core.package_discovery:discover_packages(ignore) discover
[0.898s] Level 1:colcon.colcon_core.package_discovery:discover_packages(ignore) using defaults
[0.898s] Level 1:colcon.colcon_core.package_discovery:discover_packages(path) discover
[0.898s] Level 1:colcon.colcon_core.package_discovery:discover_packages(path) using defaults
[0.978s] Level 1:colcon.colcon_core.package_discovery:discover_packages(prefix_path) check parameters
[0.978s] Level 1:colcon.colcon_core.package_discovery:discover_packages(prefix_path) discover
[1.004s] DEBUG:colcon.colcon_installed_package_information.package_discovery:Found 4 installed packages in /home/lx/ros2/ros/mid-70_ws/install
[1.018s] DEBUG:colcon.colcon_installed_package_information.package_discovery:Found 387 installed packages in /opt/ros/humble
[1.019s] Level 1:colcon.colcon_core.package_discovery:discover_packages(prefix_path) using defaults
[1.124s] Level 5:colcon.colcon_core.verb:set package 'livox_interfaces' build argument 'cmake_args' from command line to 'None'
[1.124s] Level 5:colcon.colcon_core.verb:set package 'livox_interfaces' build argument 'cmake_target' from command line to 'None'
[1.124s] Level 5:colcon.colcon_core.verb:set package 'livox_interfaces' build argument 'cmake_target_skip_unavailable' from command line to 'False'
[1.124s] Level 5:colcon.colcon_core.verb:set package 'livox_interfaces' build argument 'cmake_clean_cache' from command line to 'False'
[1.124s] Level 5:colcon.colcon_core.verb:set package 'livox_interfaces' build argument 'cmake_clean_first' from command line to 'False'
[1.124s] Level 5:colcon.colcon_core.verb:set package 'livox_interfaces' build argument 'cmake_force_configure' from command line to 'False'
[1.124s] Level 5:colcon.colcon_core.verb:set package 'livox_interfaces' build argument 'ament_cmake_args' from command line to 'None'
[1.124s] Level 5:colcon.colcon_core.verb:set package 'livox_interfaces' build argument 'catkin_cmake_args' from command line to 'None'
[1.124s] Level 5:colcon.colcon_core.verb:set package 'livox_interfaces' build argument 'catkin_skip_building_tests' from command line to 'False'
[1.124s] DEBUG:colcon.colcon_core.verb:Building package 'livox_interfaces' with the following arguments: {'ament_cmake_args': None, 'build_base': '/home/lx/ros2/ros/mid-70_ws/build/livox_interfaces', 'catkin_cmake_args': None, 'catkin_skip_building_tests': False, 'cmake_args': None, 'cmake_clean_cache': False, 'cmake_clean_first': False, 'cmake_force_configure': False, 'cmake_target': None, 'cmake_target_skip_unavailable': False, 'install_base': '/home/lx/ros2/ros/mid-70_ws/install/livox_interfaces', 'merge_install': False, 'path': '/home/lx/ros2/ros/mid-70_ws/src/livox_ros2_driver/livox_interfaces', 'symlink_install': False, 'test_result_base': None}
[1.137s] Level 5:colcon.colcon_core.verb:set package 'livox_sdk_vendor' build argument 'cmake_args' from command line to 'None'
[1.137s] Level 5:colcon.colcon_core.verb:set package 'livox_sdk_vendor' build argument 'cmake_target' from command line to 'None'
[1.138s] Level 5:colcon.colcon_core.verb:set package 'livox_sdk_vendor' build argument 'cmake_target_skip_unavailable' from command line to 'False'
[1.138s] Level 5:colcon.colcon_core.verb:set package 'livox_sdk_vendor' build argument 'cmake_clean_cache' from command line to 'False'
[1.138s] Level 5:colcon.colcon_core.verb:set package 'livox_sdk_vendor' build argument 'cmake_clean_first' from command line to 'False'
[1.138s] Level 5:colcon.colcon_core.verb:set package 'livox_sdk_vendor' build argument 'cmake_force_configure' from command line to 'False'
[1.138s] Level 5:colcon.colcon_core.verb:set package 'livox_sdk_vendor' build argument 'ament_cmake_args' from command line to 'None'
[1.138s] Level 5:colcon.colcon_core.verb:set package 'livox_sdk_vendor' build argument 'catkin_cmake_args' from command line to 'None'
[1.138s] Level 5:colcon.colcon_core.verb:set package 'livox_sdk_vendor' build argument 'catkin_skip_building_tests' from command line to 'False'
[1.138s] DEBUG:colcon.colcon_core.verb:Building package 'livox_sdk_vendor' with the following arguments: {'ament_cmake_args': None, 'build_base': '/home/lx/ros2/ros/mid-70_ws/build/livox_sdk_vendor', 'catkin_cmake_args': None, 'catkin_skip_building_tests': False, 'cmake_args': None, 'cmake_clean_cache': False, 'cmake_clean_first': False, 'cmake_force_configure': False, 'cmake_target': None, 'cmake_target_skip_unavailable': False, 'install_base': '/home/lx/ros2/ros/mid-70_ws/install/livox_sdk_vendor', 'merge_install': False, 'path': '/home/lx/ros2/ros/mid-70_ws/src/livox_ros2_driver/livox_sdk_vendor', 'symlink_install': False, 'test_result_base': None}
[1.151s] Level 5:colcon.colcon_core.verb:set package 'livox_ros2_driver' build argument 'cmake_args' from command line to 'None'
[1.151s] Level 5:colcon.colcon_core.verb:set package 'livox_ros2_driver' build argument 'cmake_target' from command line to 'None'
[1.151s] Level 5:colcon.colcon_core.verb:set package 'livox_ros2_driver' build argument 'cmake_target_skip_unavailable' from command line to 'False'
[1.151s] Level 5:colcon.colcon_core.verb:set package 'livox_ros2_driver' build argument 'cmake_clean_cache' from command line to 'False'
[1.151s] Level 5:colcon.colcon_core.verb:set package 'livox_ros2_driver' build argument 'cmake_clean_first' from command line to 'False'
[1.151s] Level 5:colcon.colcon_core.verb:set package 'livox_ros2_driver' build argument 'cmake_force_configure' from command line to 'False'
[1.151s] Level 5:colcon.colcon_core.verb:set package 'livox_ros2_driver' build argument 'ament_cmake_args' from command line to 'None'
[1.151s] Level 5:colcon.colcon_core.verb:set package 'livox_ros2_driver' build argument 'catkin_cmake_args' from command line to 'None'
[1.151s] Level 5:colcon.colcon_core.verb:set package 'livox_ros2_driver' build argument 'catkin_skip_building_tests' from command line to 'False'
[1.151s] DEBUG:colcon.colcon_core.verb:Building package 'livox_ros2_driver' with the following arguments: {'ament_cmake_args': None, 'build_base': '/home/lx/ros2/ros/mid-70_ws/build/livox_ros2_driver', 'catkin_cmake_args': None, 'catkin_skip_building_tests': False, 'cmake_args': None, 'cmake_clean_cache': False, 'cmake_clean_first': False, 'cmake_force_configure': False, 'cmake_target': None, 'cmake_target_skip_unavailable': False, 'install_base': '/home/lx/ros2/ros/mid-70_ws/install/livox_ros2_driver', 'merge_install': False, 'path': '/home/lx/ros2/ros/mid-70_ws/src/livox_ros2_driver/livox_ros2_driver', 'symlink_install': False, 'test_result_base': None}
[1.164s] INFO:colcon.colcon_core.executor:Executing jobs using 'parallel' executor
[1.177s] DEBUG:colcon.colcon_parallel_executor.executor.parallel:run_until_complete
[1.177s] INFO:colcon.colcon_ros.task.ament_cmake.build:Building ROS package in '/home/lx/ros2/ros/mid-70_ws/src/livox_ros2_driver/livox_interfaces' with build type 'ament_cmake'
[1.178s] INFO:colcon.colcon_cmake.task.cmake.build:Building CMake package in '/home/lx/ros2/ros/mid-70_ws/src/livox_ros2_driver/livox_interfaces'
[1.192s] INFO:colcon.colcon_core.plugin_system:Skipping extension 'colcon_core.shell.bat': Not used on non-Windows systems
[1.193s] INFO:colcon.colcon_core.shell:Skip shell extension 'powershell' for command environment: Not usable outside of PowerShell
[1.193s] DEBUG:colcon.colcon_core.shell:Skip shell extension 'dsv' for command environment
[1.234s] INFO:colcon.colcon_ros.task.ament_cmake.build:Building ROS package in '/home/lx/ros2/ros/mid-70_ws/src/livox_ros2_driver/livox_sdk_vendor' with build type 'ament_cmake'
[1.234s] INFO:colcon.colcon_cmake.task.cmake.build:Building CMake package in '/home/lx/ros2/ros/mid-70_ws/src/livox_ros2_driver/livox_sdk_vendor'
[1.248s] INFO:colcon.colcon_core.shell:Skip shell extension 'powershell' for command environment: Not usable outside of PowerShell
[1.248s] DEBUG:colcon.colcon_core.shell:Skip shell extension 'dsv' for command environment
[1.295s] DEBUG:colcon.colcon_core.event_handler.log_command:Invoking command in '/home/lx/ros2/ros/mid-70_ws/build/livox_interfaces': CMAKE_PREFIX_PATH=${CMAKE_PREFIX_PATH}:/opt/ros/humble /usr/bin/cmake --build /home/lx/ros2/ros/mid-70_ws/build/livox_interfaces -- -j12 -l12
[1.300s] DEBUG:colcon.colcon_core.event_handler.log_command:Invoking command in '/home/lx/ros2/ros/mid-70_ws/build/livox_sdk_vendor': CMAKE_PREFIX_PATH=${CMAKE_PREFIX_PATH}:/opt/ros/humble /usr/bin/cmake --build /home/lx/ros2/ros/mid-70_ws/build/livox_sdk_vendor -- -j12 -l12
[1.343s] DEBUG:colcon.colcon_core.event_handler.log_command:Invoked command in '/home/lx/ros2/ros/mid-70_ws/build/livox_sdk_vendor' returned '0': CMAKE_PREFIX_PATH=${CMAKE_PREFIX_PATH}:/opt/ros/humble /usr/bin/cmake --build /home/lx/ros2/ros/mid-70_ws/build/livox_sdk_vendor -- -j12 -l12
[1.386s] DEBUG:colcon.colcon_core.event_handler.log_command:Invoking command in '/home/lx/ros2/ros/mid-70_ws/build/livox_sdk_vendor': CMAKE_PREFIX_PATH=${CMAKE_PREFIX_PATH}:/opt/ros/humble /usr/bin/cmake --install /home/lx/ros2/ros/mid-70_ws/build/livox_sdk_vendor
[1.408s] Level 1:colcon.colcon_core.environment:create_environment_scripts_only(livox_sdk_vendor)
[1.409s] DEBUG:colcon.colcon_core.event_handler.log_command:Invoked command in '/home/lx/ros2/ros/mid-70_ws/build/livox_sdk_vendor' returned '0': CMAKE_PREFIX_PATH=${CMAKE_PREFIX_PATH}:/opt/ros/humble /usr/bin/cmake --install /home/lx/ros2/ros/mid-70_ws/build/livox_sdk_vendor
[1.431s] Level 1:colcon.colcon_core.environment:checking '/home/lx/ros2/ros/mid-70_ws/install/livox_sdk_vendor' for CMake module files
[1.432s] Level 1:colcon.colcon_core.environment:checking '/home/lx/ros2/ros/mid-70_ws/install/livox_sdk_vendor' for CMake config files
[1.432s] Level 1:colcon.colcon_core.shell:create_environment_hook('livox_sdk_vendor', 'cmake_prefix_path')
[1.448s] INFO:colcon.colcon_core.shell:Creating environment hook '/home/lx/ros2/ros/mid-70_ws/install/livox_sdk_vendor/share/livox_sdk_vendor/hook/cmake_prefix_path.ps1'
[1.448s] INFO:colcon.colcon_core.shell:Creating environment descriptor '/home/lx/ros2/ros/mid-70_ws/install/livox_sdk_vendor/share/livox_sdk_vendor/hook/cmake_prefix_path.dsv'
[1.449s] INFO:colcon.colcon_core.shell:Creating environment hook '/home/lx/ros2/ros/mid-70_ws/install/livox_sdk_vendor/share/livox_sdk_vendor/hook/cmake_prefix_path.sh'
[1.449s] Level 1:colcon.colcon_core.environment:checking '/home/lx/ros2/ros/mid-70_ws/install/livox_sdk_vendor/bin'
[1.449s] Level 1:colcon.colcon_core.environment:checking '/home/lx/ros2/ros/mid-70_ws/install/livox_sdk_vendor/lib/pkgconfig/livox_sdk_vendor.pc'
[1.450s] Level 1:colcon.colcon_core.environment:checking '/home/lx/ros2/ros/mid-70_ws/install/livox_sdk_vendor/lib/python3.10/site-packages'
[1.450s] Level 1:colcon.colcon_core.environment:checking '/home/lx/ros2/ros/mid-70_ws/install/livox_sdk_vendor/bin'
[1.465s] INFO:colcon.colcon_core.shell:Creating package script '/home/lx/ros2/ros/mid-70_ws/install/livox_sdk_vendor/share/livox_sdk_vendor/package.ps1'
[1.466s] INFO:colcon.colcon_core.shell:Creating package descriptor '/home/lx/ros2/ros/mid-70_ws/install/livox_sdk_vendor/share/livox_sdk_vendor/package.dsv'
[1.467s] INFO:colcon.colcon_core.shell:Creating package script '/home/lx/ros2/ros/mid-70_ws/install/livox_sdk_vendor/share/livox_sdk_vendor/package.sh'
[1.468s] INFO:colcon.colcon_core.shell:Creating package script '/home/lx/ros2/ros/mid-70_ws/install/livox_sdk_vendor/share/livox_sdk_vendor/package.bash'
[1.468s] INFO:colcon.colcon_core.shell:Creating package script '/home/lx/ros2/ros/mid-70_ws/install/livox_sdk_vendor/share/livox_sdk_vendor/package.zsh'
[1.469s] Level 1:colcon.colcon_core.environment:create_file_with_runtime_dependencies(/home/lx/ros2/ros/mid-70_ws/install/livox_sdk_vendor/share/colcon-core/packages/livox_sdk_vendor)
[1.499s] Level 1:colcon.colcon_core.environment:create_environment_scripts_only(livox_sdk_vendor)
[1.511s] Level 1:colcon.colcon_core.environment:checking '/home/lx/ros2/ros/mid-70_ws/install/livox_sdk_vendor' for CMake module files
[1.512s] Level 1:colcon.colcon_core.environment:checking '/home/lx/ros2/ros/mid-70_ws/install/livox_sdk_vendor' for CMake config files
[1.512s] Level 1:colcon.colcon_core.shell:create_environment_hook('livox_sdk_vendor', 'cmake_prefix_path')
[1.524s] INFO:colcon.colcon_core.shell:Creating environment hook '/home/lx/ros2/ros/mid-70_ws/install/livox_sdk_vendor/share/livox_sdk_vendor/hook/cmake_prefix_path.ps1'
[1.525s] INFO:colcon.colcon_core.shell:Creating environment descriptor '/home/lx/ros2/ros/mid-70_ws/install/livox_sdk_vendor/share/livox_sdk_vendor/hook/cmake_prefix_path.dsv'
[1.525s] INFO:colcon.colcon_core.shell:Creating environment hook '/home/lx/ros2/ros/mid-70_ws/install/livox_sdk_vendor/share/livox_sdk_vendor/hook/cmake_prefix_path.sh'
[1.525s] Level 1:colcon.colcon_core.environment:checking '/home/lx/ros2/ros/mid-70_ws/install/livox_sdk_vendor/bin'
[1.525s] Level 1:colcon.colcon_core.environment:checking '/home/lx/ros2/ros/mid-70_ws/install/livox_sdk_vendor/lib/pkgconfig/livox_sdk_vendor.pc'
[1.526s] Level 1:colcon.colcon_core.environment:checking '/home/lx/ros2/ros/mid-70_ws/install/livox_sdk_vendor/lib/python3.10/site-packages'
[1.526s] Level 1:colcon.colcon_core.environment:checking '/home/lx/ros2/ros/mid-70_ws/install/livox_sdk_vendor/bin'
[1.538s] INFO:colcon.colcon_core.shell:Creating package script '/home/lx/ros2/ros/mid-70_ws/install/livox_sdk_vendor/share/livox_sdk_vendor/package.ps1'
[1.539s] INFO:colcon.colcon_core.shell:Creating package descriptor '/home/lx/ros2/ros/mid-70_ws/install/livox_sdk_vendor/share/livox_sdk_vendor/package.dsv'
[1.539s] INFO:colcon.colcon_core.shell:Creating package script '/home/lx/ros2/ros/mid-70_ws/install/livox_sdk_vendor/share/livox_sdk_vendor/package.sh'
[1.539s] INFO:colcon.colcon_core.shell:Creating package script '/home/lx/ros2/ros/mid-70_ws/install/livox_sdk_vendor/share/livox_sdk_vendor/package.bash'
[1.540s] INFO:colcon.colcon_core.shell:Creating package script '/home/lx/ros2/ros/mid-70_ws/install/livox_sdk_vendor/share/livox_sdk_vendor/package.zsh'
[1.540s] Level 1:colcon.colcon_core.environment:create_file_with_runtime_dependencies(/home/lx/ros2/ros/mid-70_ws/install/livox_sdk_vendor/share/colcon-core/packages/livox_sdk_vendor)
[1.625s] DEBUG:colcon.colcon_core.event_handler.log_command:Invoked command in '/home/lx/ros2/ros/mid-70_ws/build/livox_interfaces' returned '0': CMAKE_PREFIX_PATH=${CMAKE_PREFIX_PATH}:/opt/ros/humble /usr/bin/cmake --build /home/lx/ros2/ros/mid-70_ws/build/livox_interfaces -- -j12 -l12
[1.670s] DEBUG:colcon.colcon_core.event_handler.log_command:Invoking command in '/home/lx/ros2/ros/mid-70_ws/build/livox_interfaces': CMAKE_PREFIX_PATH=${CMAKE_PREFIX_PATH}:/opt/ros/humble /usr/bin/cmake --install /home/lx/ros2/ros/mid-70_ws/build/livox_interfaces
[1.710s] Level 1:colcon.colcon_core.environment:create_environment_scripts_only(livox_interfaces)
[1.711s] DEBUG:colcon.colcon_core.event_handler.log_command:Invoked command in '/home/lx/ros2/ros/mid-70_ws/build/livox_interfaces' returned '0': CMAKE_PREFIX_PATH=${CMAKE_PREFIX_PATH}:/opt/ros/humble /usr/bin/cmake --install /home/lx/ros2/ros/mid-70_ws/build/livox_interfaces
[1.724s] Level 1:colcon.colcon_core.environment:checking '/home/lx/ros2/ros/mid-70_ws/install/livox_interfaces' for CMake module files
[1.724s] Level 1:colcon.colcon_core.environment:checking '/home/lx/ros2/ros/mid-70_ws/install/livox_interfaces' for CMake config files
[1.725s] Level 1:colcon.colcon_core.shell:create_environment_hook('livox_interfaces', 'cmake_prefix_path')
[1.737s] INFO:colcon.colcon_core.shell:Creating environment hook '/home/lx/ros2/ros/mid-70_ws/install/livox_interfaces/share/livox_interfaces/hook/cmake_prefix_path.ps1'
[1.738s] INFO:colcon.colcon_core.shell:Creating environment descriptor '/home/lx/ros2/ros/mid-70_ws/install/livox_interfaces/share/livox_interfaces/hook/cmake_prefix_path.dsv'
[1.738s] INFO:colcon.colcon_core.shell:Creating environment hook '/home/lx/ros2/ros/mid-70_ws/install/livox_interfaces/share/livox_interfaces/hook/cmake_prefix_path.sh'
[1.738s] Level 1:colcon.colcon_core.environment:checking '/home/lx/ros2/ros/mid-70_ws/install/livox_interfaces/lib'
[1.739s] Level 1:colcon.colcon_core.shell:create_environment_hook('livox_interfaces', 'ld_library_path_lib')
[1.755s] INFO:colcon.colcon_core.shell:Creating environment hook '/home/lx/ros2/ros/mid-70_ws/install/livox_interfaces/share/livox_interfaces/hook/ld_library_path_lib.ps1'
[1.756s] INFO:colcon.colcon_core.shell:Creating environment descriptor '/home/lx/ros2/ros/mid-70_ws/install/livox_interfaces/share/livox_interfaces/hook/ld_library_path_lib.dsv'
[1.756s] INFO:colcon.colcon_core.shell:Creating environment hook '/home/lx/ros2/ros/mid-70_ws/install/livox_interfaces/share/livox_interfaces/hook/ld_library_path_lib.sh'
[1.756s] Level 1:colcon.colcon_core.environment:checking '/home/lx/ros2/ros/mid-70_ws/install/livox_interfaces/bin'
[1.757s] Level 1:colcon.colcon_core.environment:checking '/home/lx/ros2/ros/mid-70_ws/install/livox_interfaces/lib/pkgconfig/livox_interfaces.pc'
[1.757s] Level 1:colcon.colcon_core.environment:checking '/home/lx/ros2/ros/mid-70_ws/install/livox_interfaces/lib/python3.10/site-packages'
[1.757s] Level 1:colcon.colcon_core.environment:checking '/home/lx/ros2/ros/mid-70_ws/install/livox_interfaces/bin'
[1.775s] INFO:colcon.colcon_core.shell:Creating package script '/home/lx/ros2/ros/mid-70_ws/install/livox_interfaces/share/livox_interfaces/package.ps1'
[1.776s] INFO:colcon.colcon_core.shell:Creating package descriptor '/home/lx/ros2/ros/mid-70_ws/install/livox_interfaces/share/livox_interfaces/package.dsv'
[1.776s] INFO:colcon.colcon_core.shell:Creating package script '/home/lx/ros2/ros/mid-70_ws/install/livox_interfaces/share/livox_interfaces/package.sh'
[1.777s] INFO:colcon.colcon_core.shell:Creating package script '/home/lx/ros2/ros/mid-70_ws/install/livox_interfaces/share/livox_interfaces/package.bash'
[1.777s] INFO:colcon.colcon_core.shell:Creating package script '/home/lx/ros2/ros/mid-70_ws/install/livox_interfaces/share/livox_interfaces/package.zsh'
[1.778s] Level 1:colcon.colcon_core.environment:create_file_with_runtime_dependencies(/home/lx/ros2/ros/mid-70_ws/install/livox_interfaces/share/colcon-core/packages/livox_interfaces)
[1.836s] Level 1:colcon.colcon_core.environment:create_environment_scripts_only(livox_interfaces)
[1.849s] Level 1:colcon.colcon_core.environment:checking '/home/lx/ros2/ros/mid-70_ws/install/livox_interfaces' for CMake module files
[1.849s] Level 1:colcon.colcon_core.environment:checking '/home/lx/ros2/ros/mid-70_ws/install/livox_interfaces' for CMake config files
[1.850s] Level 1:colcon.colcon_core.shell:create_environment_hook('livox_interfaces', 'cmake_prefix_path')
[1.862s] INFO:colcon.colcon_core.shell:Creating environment hook '/home/lx/ros2/ros/mid-70_ws/install/livox_interfaces/share/livox_interfaces/hook/cmake_prefix_path.ps1'
[1.863s] INFO:colcon.colcon_core.shell:Creating environment descriptor '/home/lx/ros2/ros/mid-70_ws/install/livox_interfaces/share/livox_interfaces/hook/cmake_prefix_path.dsv'
[1.863s] INFO:colcon.colcon_core.shell:Creating environment hook '/home/lx/ros2/ros/mid-70_ws/install/livox_interfaces/share/livox_interfaces/hook/cmake_prefix_path.sh'
[1.863s] Level 1:colcon.colcon_core.environment:checking '/home/lx/ros2/ros/mid-70_ws/install/livox_interfaces/lib'
[1.863s] Level 1:colcon.colcon_core.shell:create_environment_hook('livox_interfaces', 'ld_library_path_lib')
[1.876s] INFO:colcon.colcon_core.shell:Creating environment hook '/home/lx/ros2/ros/mid-70_ws/install/livox_interfaces/share/livox_interfaces/hook/ld_library_path_lib.ps1'
[1.876s] INFO:colcon.colcon_core.shell:Creating environment descriptor '/home/lx/ros2/ros/mid-70_ws/install/livox_interfaces/share/livox_interfaces/hook/ld_library_path_lib.dsv'
[1.876s] INFO:colcon.colcon_core.shell:Creating environment hook '/home/lx/ros2/ros/mid-70_ws/install/livox_interfaces/share/livox_interfaces/hook/ld_library_path_lib.sh'
[1.877s] Level 1:colcon.colcon_core.environment:checking '/home/lx/ros2/ros/mid-70_ws/install/livox_interfaces/bin'
[1.877s] Level 1:colcon.colcon_core.environment:checking '/home/lx/ros2/ros/mid-70_ws/install/livox_interfaces/lib/pkgconfig/livox_interfaces.pc'
[1.877s] Level 1:colcon.colcon_core.environment:checking '/home/lx/ros2/ros/mid-70_ws/install/livox_interfaces/lib/python3.10/site-packages'
[1.877s] Level 1:colcon.colcon_core.environment:checking '/home/lx/ros2/ros/mid-70_ws/install/livox_interfaces/bin'
[1.889s] INFO:colcon.colcon_core.shell:Creating package script '/home/lx/ros2/ros/mid-70_ws/install/livox_interfaces/share/livox_interfaces/package.ps1'
[1.890s] INFO:colcon.colcon_core.shell:Creating package descriptor '/home/lx/ros2/ros/mid-70_ws/install/livox_interfaces/share/livox_interfaces/package.dsv'
[1.890s] INFO:colcon.colcon_core.shell:Creating package script '/home/lx/ros2/ros/mid-70_ws/install/livox_interfaces/share/livox_interfaces/package.sh'
[1.891s] INFO:colcon.colcon_core.shell:Creating package script '/home/lx/ros2/ros/mid-70_ws/install/livox_interfaces/share/livox_interfaces/package.bash'
[1.891s] INFO:colcon.colcon_core.shell:Creating package script '/home/lx/ros2/ros/mid-70_ws/install/livox_interfaces/share/livox_interfaces/package.zsh'
[1.891s] Level 1:colcon.colcon_core.environment:create_file_with_runtime_dependencies(/home/lx/ros2/ros/mid-70_ws/install/livox_interfaces/share/colcon-core/packages/livox_interfaces)
[1.891s] INFO:colcon.colcon_ros.task.ament_cmake.build:Building ROS package in '/home/lx/ros2/ros/mid-70_ws/src/livox_ros2_driver/livox_ros2_driver' with build type 'ament_cmake'
[1.892s] INFO:colcon.colcon_cmake.task.cmake.build:Building CMake package in '/home/lx/ros2/ros/mid-70_ws/src/livox_ros2_driver/livox_ros2_driver'
[1.904s] INFO:colcon.colcon_core.shell:Skip shell extension 'powershell' for command environment: Not usable outside of PowerShell
[1.904s] DEBUG:colcon.colcon_core.shell:Skip shell extension 'dsv' for command environment
[1.949s] DEBUG:colcon.colcon_core.event_handler.log_command:Invoking command in '/home/lx/ros2/ros/mid-70_ws/build/livox_ros2_driver': CMAKE_PREFIX_PATH=/home/lx/ros2/ros/mid-70_ws/install/livox_sdk_vendor:/home/lx/ros2/ros/mid-70_ws/install/livox_interfaces:/home/lx/ros2/ros/mid-70_ws/install/livox_ros2_driver:/opt/ros/humble LD_LIBRARY_PATH=/home/lx/ros2/ros/mid-70_ws/install/livox_interfaces/lib:/home/lx/ros2/ros/mid-70_ws/install/livox_ros2_driver/lib:/usr/lib/x86_64-linux-gnu/gazebo-11/plugins:/opt/ros/humble/opt/rviz_ogre_vendor/lib:/opt/ros/humble/lib/x86_64-linux-gnu:/opt/ros/humble/lib /usr/bin/cmake --build /home/lx/ros2/ros/mid-70_ws/build/livox_ros2_driver -- -j12 -l12
[2.023s] DEBUG:colcon.colcon_core.event_handler.log_command:Invoked command in '/home/lx/ros2/ros/mid-70_ws/build/livox_ros2_driver' returned '0': CMAKE_PREFIX_PATH=/home/lx/ros2/ros/mid-70_ws/install/livox_sdk_vendor:/home/lx/ros2/ros/mid-70_ws/install/livox_interfaces:/home/lx/ros2/ros/mid-70_ws/install/livox_ros2_driver:/opt/ros/humble LD_LIBRARY_PATH=/home/lx/ros2/ros/mid-70_ws/install/livox_interfaces/lib:/home/lx/ros2/ros/mid-70_ws/install/livox_ros2_driver/lib:/usr/lib/x86_64-linux-gnu/gazebo-11/plugins:/opt/ros/humble/opt/rviz_ogre_vendor/lib:/opt/ros/humble/lib/x86_64-linux-gnu:/opt/ros/humble/lib /usr/bin/cmake --build /home/lx/ros2/ros/mid-70_ws/build/livox_ros2_driver -- -j12 -l12
[2.059s] DEBUG:colcon.colcon_core.event_handler.log_command:Invoking command in '/home/lx/ros2/ros/mid-70_ws/build/livox_ros2_driver': CMAKE_PREFIX_PATH=/home/lx/ros2/ros/mid-70_ws/install/livox_sdk_vendor:/home/lx/ros2/ros/mid-70_ws/install/livox_interfaces:/home/lx/ros2/ros/mid-70_ws/install/livox_ros2_driver:/opt/ros/humble LD_LIBRARY_PATH=/home/lx/ros2/ros/mid-70_ws/install/livox_interfaces/lib:/home/lx/ros2/ros/mid-70_ws/install/livox_ros2_driver/lib:/usr/lib/x86_64-linux-gnu/gazebo-11/plugins:/opt/ros/humble/opt/rviz_ogre_vendor/lib:/opt/ros/humble/lib/x86_64-linux-gnu:/opt/ros/humble/lib /usr/bin/cmake --install /home/lx/ros2/ros/mid-70_ws/build/livox_ros2_driver
[2.069s] Level 1:colcon.colcon_core.environment:create_environment_scripts_only(livox_ros2_driver)
[2.072s] DEBUG:colcon.colcon_core.event_handler.log_command:Invoked command in '/home/lx/ros2/ros/mid-70_ws/build/livox_ros2_driver' returned '0': CMAKE_PREFIX_PATH=/home/lx/ros2/ros/mid-70_ws/install/livox_sdk_vendor:/home/lx/ros2/ros/mid-70_ws/install/livox_interfaces:/home/lx/ros2/ros/mid-70_ws/install/livox_ros2_driver:/opt/ros/humble LD_LIBRARY_PATH=/home/lx/ros2/ros/mid-70_ws/install/livox_interfaces/lib:/home/lx/ros2/ros/mid-70_ws/install/livox_ros2_driver/lib:/usr/lib/x86_64-linux-gnu/gazebo-11/plugins:/opt/ros/humble/opt/rviz_ogre_vendor/lib:/opt/ros/humble/lib/x86_64-linux-gnu:/opt/ros/humble/lib /usr/bin/cmake --install /home/lx/ros2/ros/mid-70_ws/build/livox_ros2_driver
[2.085s] Level 1:colcon.colcon_core.environment:checking '/home/lx/ros2/ros/mid-70_ws/install/livox_ros2_driver' for CMake module files
[2.086s] Level 1:colcon.colcon_core.environment:checking '/home/lx/ros2/ros/mid-70_ws/install/livox_ros2_driver' for CMake config files
[2.086s] Level 1:colcon.colcon_core.shell:create_environment_hook('livox_ros2_driver', 'cmake_prefix_path')
[2.099s] INFO:colcon.colcon_core.shell:Creating environment hook '/home/lx/ros2/ros/mid-70_ws/install/livox_ros2_driver/share/livox_ros2_driver/hook/cmake_prefix_path.ps1'
[2.099s] INFO:colcon.colcon_core.shell:Creating environment descriptor '/home/lx/ros2/ros/mid-70_ws/install/livox_ros2_driver/share/livox_ros2_driver/hook/cmake_prefix_path.dsv'
[2.100s] INFO:colcon.colcon_core.shell:Creating environment hook '/home/lx/ros2/ros/mid-70_ws/install/livox_ros2_driver/share/livox_ros2_driver/hook/cmake_prefix_path.sh'
[2.100s] Level 1:colcon.colcon_core.environment:checking '/home/lx/ros2/ros/mid-70_ws/install/livox_ros2_driver/lib'
[2.100s] Level 1:colcon.colcon_core.shell:create_environment_hook('livox_ros2_driver', 'ld_library_path_lib')
[2.113s] INFO:colcon.colcon_core.shell:Creating environment hook '/home/lx/ros2/ros/mid-70_ws/install/livox_ros2_driver/share/livox_ros2_driver/hook/ld_library_path_lib.ps1'
[2.113s] INFO:colcon.colcon_core.shell:Creating environment descriptor '/home/lx/ros2/ros/mid-70_ws/install/livox_ros2_driver/share/livox_ros2_driver/hook/ld_library_path_lib.dsv'
[2.114s] INFO:colcon.colcon_core.shell:Creating environment hook '/home/lx/ros2/ros/mid-70_ws/install/livox_ros2_driver/share/livox_ros2_driver/hook/ld_library_path_lib.sh'
[2.114s] Level 1:colcon.colcon_core.environment:checking '/home/lx/ros2/ros/mid-70_ws/install/livox_ros2_driver/bin'
[2.114s] Level 1:colcon.colcon_core.environment:checking '/home/lx/ros2/ros/mid-70_ws/install/livox_ros2_driver/lib/pkgconfig/livox_ros2_driver.pc'
[2.114s] Level 1:colcon.colcon_core.environment:checking '/home/lx/ros2/ros/mid-70_ws/install/livox_ros2_driver/lib/python3.10/site-packages'
[2.114s] Level 1:colcon.colcon_core.environment:checking '/home/lx/ros2/ros/mid-70_ws/install/livox_ros2_driver/bin'
[2.127s] INFO:colcon.colcon_core.shell:Creating package script '/home/lx/ros2/ros/mid-70_ws/install/livox_ros2_driver/share/livox_ros2_driver/package.ps1'
[2.127s] INFO:colcon.colcon_core.shell:Creating package descriptor '/home/lx/ros2/ros/mid-70_ws/install/livox_ros2_driver/share/livox_ros2_driver/package.dsv'
[2.128s] INFO:colcon.colcon_core.shell:Creating package script '/home/lx/ros2/ros/mid-70_ws/install/livox_ros2_driver/share/livox_ros2_driver/package.sh'
[2.128s] INFO:colcon.colcon_core.shell:Creating package script '/home/lx/ros2/ros/mid-70_ws/install/livox_ros2_driver/share/livox_ros2_driver/package.bash'
[2.128s] INFO:colcon.colcon_core.shell:Creating package script '/home/lx/ros2/ros/mid-70_ws/install/livox_ros2_driver/share/livox_ros2_driver/package.zsh'
[2.128s] Level 1:colcon.colcon_core.environment:create_file_with_runtime_dependencies(/home/lx/ros2/ros/mid-70_ws/install/livox_ros2_driver/share/colcon-core/packages/livox_ros2_driver)
[2.175s] Level 1:colcon.colcon_core.environment:create_environment_scripts_only(livox_ros2_driver)
[2.187s] Level 1:colcon.colcon_core.environment:checking '/home/lx/ros2/ros/mid-70_ws/install/livox_ros2_driver' for CMake module files
[2.188s] Level 1:colcon.colcon_core.environment:checking '/home/lx/ros2/ros/mid-70_ws/install/livox_ros2_driver' for CMake config files
[2.188s] Level 1:colcon.colcon_core.shell:create_environment_hook('livox_ros2_driver', 'cmake_prefix_path')
[2.200s] INFO:colcon.colcon_core.shell:Creating environment hook '/home/lx/ros2/ros/mid-70_ws/install/livox_ros2_driver/share/livox_ros2_driver/hook/cmake_prefix_path.ps1'
[2.200s] INFO:colcon.colcon_core.shell:Creating environment descriptor '/home/lx/ros2/ros/mid-70_ws/install/livox_ros2_driver/share/livox_ros2_driver/hook/cmake_prefix_path.dsv'
[2.200s] INFO:colcon.colcon_core.shell:Creating environment hook '/home/lx/ros2/ros/mid-70_ws/install/livox_ros2_driver/share/livox_ros2_driver/hook/cmake_prefix_path.sh'
[2.201s] Level 1:colcon.colcon_core.environment:checking '/home/lx/ros2/ros/mid-70_ws/install/livox_ros2_driver/lib'
[2.201s] Level 1:colcon.colcon_core.shell:create_environment_hook('livox_ros2_driver', 'ld_library_path_lib')
[2.213s] INFO:colcon.colcon_core.shell:Creating environment hook '/home/lx/ros2/ros/mid-70_ws/install/livox_ros2_driver/share/livox_ros2_driver/hook/ld_library_path_lib.ps1'
[2.213s] INFO:colcon.colcon_core.shell:Creating environment descriptor '/home/lx/ros2/ros/mid-70_ws/install/livox_ros2_driver/share/livox_ros2_driver/hook/ld_library_path_lib.dsv'
[2.214s] INFO:colcon.colcon_core.shell:Creating environment hook '/home/lx/ros2/ros/mid-70_ws/install/livox_ros2_driver/share/livox_ros2_driver/hook/ld_library_path_lib.sh'
[2.214s] Level 1:colcon.colcon_core.environment:checking '/home/lx/ros2/ros/mid-70_ws/install/livox_ros2_driver/bin'
[2.214s] Level 1:colcon.colcon_core.environment:checking '/home/lx/ros2/ros/mid-70_ws/install/livox_ros2_driver/lib/pkgconfig/livox_ros2_driver.pc'
[2.214s] Level 1:colcon.colcon_core.environment:checking '/home/lx/ros2/ros/mid-70_ws/install/livox_ros2_driver/lib/python3.10/site-packages'
[2.214s] Level 1:colcon.colcon_core.environment:checking '/home/lx/ros2/ros/mid-70_ws/install/livox_ros2_driver/bin'
[2.226s] INFO:colcon.colcon_core.shell:Creating package script '/home/lx/ros2/ros/mid-70_ws/install/livox_ros2_driver/share/livox_ros2_driver/package.ps1'
[2.227s] INFO:colcon.colcon_core.shell:Creating package descriptor '/home/lx/ros2/ros/mid-70_ws/install/livox_ros2_driver/share/livox_ros2_driver/package.dsv'
[2.227s] INFO:colcon.colcon_core.shell:Creating package script '/home/lx/ros2/ros/mid-70_ws/install/livox_ros2_driver/share/livox_ros2_driver/package.sh'
[2.227s] INFO:colcon.colcon_core.shell:Creating package script '/home/lx/ros2/ros/mid-70_ws/install/livox_ros2_driver/share/livox_ros2_driver/package.bash'
[2.228s] INFO:colcon.colcon_core.shell:Creating package script '/home/lx/ros2/ros/mid-70_ws/install/livox_ros2_driver/share/livox_ros2_driver/package.zsh'
[2.228s] Level 1:colcon.colcon_core.environment:create_file_with_runtime_dependencies(/home/lx/ros2/ros/mid-70_ws/install/livox_ros2_driver/share/colcon-core/packages/livox_ros2_driver)
[2.228s] DEBUG:colcon.colcon_parallel_executor.executor.parallel:closing loop
[2.228s] DEBUG:colcon.colcon_parallel_executor.executor.parallel:loop closed
[2.228s] DEBUG:colcon.colcon_parallel_executor.executor.parallel:run_until_complete finished with '0'
[2.228s] DEBUG:colcon.colcon_core.event_reactor:joining thread
[2.244s] INFO:colcon.colcon_core.plugin_system:Skipping extension 'colcon_notification.desktop_notification.terminal_notifier': Not used on non-Darwin systems
[2.244s] INFO:colcon.colcon_core.plugin_system:Skipping extension 'colcon_notification.desktop_notification.win32': Not used on non-Windows systems
[2.244s] INFO:colcon.colcon_notification.desktop_notification:Sending desktop notification using 'notify2'
[2.251s] DEBUG:colcon.colcon_core.event_reactor:joined thread
[2.264s] INFO:colcon.colcon_core.shell:Creating prefix script '/home/lx/ros2/ros/mid-70_ws/install/local_setup.ps1'
[2.265s] INFO:colcon.colcon_core.shell:Creating prefix util module '/home/lx/ros2/ros/mid-70_ws/install/_local_setup_util_ps1.py'
[2.266s] INFO:colcon.colcon_core.shell:Creating prefix chain script '/home/lx/ros2/ros/mid-70_ws/install/setup.ps1'
[2.280s] INFO:colcon.colcon_core.shell:Creating prefix script '/home/lx/ros2/ros/mid-70_ws/install/local_setup.sh'
[2.281s] INFO:colcon.colcon_core.shell:Creating prefix util module '/home/lx/ros2/ros/mid-70_ws/install/_local_setup_util_sh.py'
[2.281s] INFO:colcon.colcon_core.shell:Creating prefix chain script '/home/lx/ros2/ros/mid-70_ws/install/setup.sh'
[2.303s] INFO:colcon.colcon_core.shell:Creating prefix script '/home/lx/ros2/ros/mid-70_ws/install/local_setup.bash'
[2.303s] INFO:colcon.colcon_core.shell:Creating prefix chain script '/home/lx/ros2/ros/mid-70_ws/install/setup.bash'
[2.316s] INFO:colcon.colcon_core.shell:Creating prefix script '/home/lx/ros2/ros/mid-70_ws/install/local_setup.zsh'
[2.317s] INFO:colcon.colcon_core.shell:Creating prefix chain script '/home/lx/ros2/ros/mid-70_ws/install/setup.zsh'
