[0.050s] Invoking command in '/home/lx/ros2/ros/xiao_ying/build/livox_to_pointcloud2': AMENT_PREFIX_PATH=/home/lx/ros2/ros/xiao_ying/install/livox_ros_driver2:${AMENT_PREFIX_PATH} CMAKE_PREFIX_PATH=/home/lx/ros2/ros/xiao_ying/install/livox_ros_driver2:/opt/ros/humble LD_LIBRARY_PATH=/home/lx/ros2/ros/xiao_ying/install/livox_ros_driver2/lib:${LD_LIBRARY_PATH} PYTHONPATH=/home/lx/ros2/ros/xiao_ying/install/livox_ros_driver2/local/lib/python3.10/dist-packages:${PYTHONPATH} /usr/bin/cmake --build /home/lx/ros2/ros/xiao_ying/build/livox_to_pointcloud2 -- -j12 -l12
[0.085s] [35m[1mConsolidate compiler generated dependencies of target livox_to_pointcloud2[0m
[0.106s] [ 25%] [32mBuilding CXX object CMakeFiles/livox_to_pointcloud2.dir/src/livox_to_pointcloud2_ros2.cpp.o[0m
[14.243s] [ 50%] [32m[1mLinking CXX shared library liblivox_to_pointcloud2.so[0m
[14.439s] [ 50%] Built target livox_to_pointcloud2
[14.447s] [35m[1mConsolidate compiler generated dependencies of target livox_to_pointcloud2_node[0m
[14.461s] [ 75%] [32mBuilding CXX object CMakeFiles/livox_to_pointcloud2_node.dir/src/livox_to_pointcloud2_ros2_node.cpp.o[0m
[18.038s] [100%] [32m[1mLinking CXX executable livox_to_pointcloud2_node[0m
[18.145s] [100%] Built target livox_to_pointcloud2_node
[18.153s] Invoked command in '/home/lx/ros2/ros/xiao_ying/build/livox_to_pointcloud2' returned '0': AMENT_PREFIX_PATH=/home/lx/ros2/ros/xiao_ying/install/livox_ros_driver2:${AMENT_PREFIX_PATH} CMAKE_PREFIX_PATH=/home/lx/ros2/ros/xiao_ying/install/livox_ros_driver2:/opt/ros/humble LD_LIBRARY_PATH=/home/lx/ros2/ros/xiao_ying/install/livox_ros_driver2/lib:${LD_LIBRARY_PATH} PYTHONPATH=/home/lx/ros2/ros/xiao_ying/install/livox_ros_driver2/local/lib/python3.10/dist-packages:${PYTHONPATH} /usr/bin/cmake --build /home/lx/ros2/ros/xiao_ying/build/livox_to_pointcloud2 -- -j12 -l12
[18.170s] Invoking command in '/home/lx/ros2/ros/xiao_ying/build/livox_to_pointcloud2': AMENT_PREFIX_PATH=/home/lx/ros2/ros/xiao_ying/install/livox_ros_driver2:${AMENT_PREFIX_PATH} CMAKE_PREFIX_PATH=/home/lx/ros2/ros/xiao_ying/install/livox_ros_driver2:/opt/ros/humble LD_LIBRARY_PATH=/home/lx/ros2/ros/xiao_ying/install/livox_ros_driver2/lib:${LD_LIBRARY_PATH} PYTHONPATH=/home/lx/ros2/ros/xiao_ying/install/livox_ros_driver2/local/lib/python3.10/dist-packages:${PYTHONPATH} /usr/bin/cmake --install /home/lx/ros2/ros/xiao_ying/build/livox_to_pointcloud2
[18.176s] -- Install configuration: "RelWithDebInfo"
[18.176s] -- Up-to-date: /home/lx/ros2/ros/xiao_ying/install/livox_to_pointcloud2/include
[18.176s] -- Up-to-date: /home/lx/ros2/ros/xiao_ying/install/livox_to_pointcloud2/include/livox_to_pointcloud2
[18.177s] -- Installing: /home/lx/ros2/ros/xiao_ying/install/livox_to_pointcloud2/include/livox_to_pointcloud2/livox_to_pointcloud2_ros2.hpp
[18.177s] -- Up-to-date: /home/lx/ros2/ros/xiao_ying/install/livox_to_pointcloud2/include/livox_to_pointcloud2/livox_converter.hpp
[18.177s] -- Up-to-date: /home/lx/ros2/ros/xiao_ying/install/livox_to_pointcloud2/share/livox_to_pointcloud2/environment/library_path.sh
[18.177s] -- Up-to-date: /home/lx/ros2/ros/xiao_ying/install/livox_to_pointcloud2/share/livox_to_pointcloud2/environment/library_path.dsv
[18.177s] -- Installing: /home/lx/ros2/ros/xiao_ying/install/livox_to_pointcloud2/lib/liblivox_to_pointcloud2.so
[18.190s] -- Set runtime path of "/home/lx/ros2/ros/xiao_ying/install/livox_to_pointcloud2/lib/liblivox_to_pointcloud2.so" to ""
[18.190s] -- Installing: /home/lx/ros2/ros/xiao_ying/install/livox_to_pointcloud2/lib/livox_to_pointcloud2/livox_to_pointcloud2_node
[18.191s] -- Set runtime path of "/home/lx/ros2/ros/xiao_ying/install/livox_to_pointcloud2/lib/livox_to_pointcloud2/livox_to_pointcloud2_node" to ""
[18.191s] -- Up-to-date: /home/lx/ros2/ros/xiao_ying/install/livox_to_pointcloud2/share/ament_index/resource_index/package_run_dependencies/livox_to_pointcloud2
[18.192s] -- Up-to-date: /home/lx/ros2/ros/xiao_ying/install/livox_to_pointcloud2/share/ament_index/resource_index/parent_prefix_path/livox_to_pointcloud2
[18.192s] -- Up-to-date: /home/lx/ros2/ros/xiao_ying/install/livox_to_pointcloud2/share/livox_to_pointcloud2/environment/ament_prefix_path.sh
[18.192s] -- Up-to-date: /home/lx/ros2/ros/xiao_ying/install/livox_to_pointcloud2/share/livox_to_pointcloud2/environment/ament_prefix_path.dsv
[18.192s] -- Up-to-date: /home/lx/ros2/ros/xiao_ying/install/livox_to_pointcloud2/share/livox_to_pointcloud2/environment/path.sh
[18.192s] -- Up-to-date: /home/lx/ros2/ros/xiao_ying/install/livox_to_pointcloud2/share/livox_to_pointcloud2/environment/path.dsv
[18.192s] -- Up-to-date: /home/lx/ros2/ros/xiao_ying/install/livox_to_pointcloud2/share/livox_to_pointcloud2/local_setup.bash
[18.192s] -- Up-to-date: /home/lx/ros2/ros/xiao_ying/install/livox_to_pointcloud2/share/livox_to_pointcloud2/local_setup.sh
[18.192s] -- Up-to-date: /home/lx/ros2/ros/xiao_ying/install/livox_to_pointcloud2/share/livox_to_pointcloud2/local_setup.zsh
[18.192s] -- Up-to-date: /home/lx/ros2/ros/xiao_ying/install/livox_to_pointcloud2/share/livox_to_pointcloud2/local_setup.dsv
[18.193s] -- Installing: /home/lx/ros2/ros/xiao_ying/install/livox_to_pointcloud2/share/livox_to_pointcloud2/package.dsv
[18.193s] -- Up-to-date: /home/lx/ros2/ros/xiao_ying/install/livox_to_pointcloud2/share/ament_index/resource_index/packages/livox_to_pointcloud2
[18.193s] -- Up-to-date: /home/lx/ros2/ros/xiao_ying/install/livox_to_pointcloud2/share/ament_index/resource_index/rclcpp_components/livox_to_pointcloud2
[18.193s] -- Up-to-date: /home/lx/ros2/ros/xiao_ying/install/livox_to_pointcloud2/share/livox_to_pointcloud2/cmake/ament_cmake_export_dependencies-extras.cmake
[18.193s] -- Up-to-date: /home/lx/ros2/ros/xiao_ying/install/livox_to_pointcloud2/share/livox_to_pointcloud2/cmake/ament_cmake_export_include_directories-extras.cmake
[18.193s] -- Up-to-date: /home/lx/ros2/ros/xiao_ying/install/livox_to_pointcloud2/share/livox_to_pointcloud2/cmake/ament_cmake_export_libraries-extras.cmake
[18.193s] -- Up-to-date: /home/lx/ros2/ros/xiao_ying/install/livox_to_pointcloud2/share/livox_to_pointcloud2/cmake/livox_to_pointcloud2Config.cmake
[18.193s] -- Up-to-date: /home/lx/ros2/ros/xiao_ying/install/livox_to_pointcloud2/share/livox_to_pointcloud2/cmake/livox_to_pointcloud2Config-version.cmake
[18.193s] -- Up-to-date: /home/lx/ros2/ros/xiao_ying/install/livox_to_pointcloud2/share/livox_to_pointcloud2/package.xml
[18.194s] Invoked command in '/home/lx/ros2/ros/xiao_ying/build/livox_to_pointcloud2' returned '0': AMENT_PREFIX_PATH=/home/lx/ros2/ros/xiao_ying/install/livox_ros_driver2:${AMENT_PREFIX_PATH} CMAKE_PREFIX_PATH=/home/lx/ros2/ros/xiao_ying/install/livox_ros_driver2:/opt/ros/humble LD_LIBRARY_PATH=/home/lx/ros2/ros/xiao_ying/install/livox_ros_driver2/lib:${LD_LIBRARY_PATH} PYTHONPATH=/home/lx/ros2/ros/xiao_ying/install/livox_ros_driver2/local/lib/python3.10/dist-packages:${PYTHONPATH} /usr/bin/cmake --install /home/lx/ros2/ros/xiao_ying/build/livox_to_pointcloud2
