[0.066s] Invoking command in '/home/lx/ros2/ros/mid-360_ws/build/fast_lio': CMAKE_PREFIX_PATH=/home/lx/ros2/ros/mid-360_ws/install/livox_ros_driver2:/home/lx/ros2/ros/mid-360_ws/install/imu_to_odom:/home/lx/ros2/ros/mid-360_ws/install/pointcloud_to_laserscan:/home/lx/ros2/ros/mid-360_ws/install/fast_lio:/opt/ros/humble LD_LIBRARY_PATH=/home/lx/ros2/ros/mid-360_ws/install/livox_ros_driver2/lib:/home/lx/ros2/ros/mid-360_ws/install/pointcloud_to_laserscan/lib:/home/lx/ros2/ros/mid-360_ws/install/fast_lio/lib:/usr/lib/x86_64-linux-gnu/gazebo-11/plugins:/opt/ros/humble/opt/rviz_ogre_vendor/lib:/opt/ros/humble/lib/x86_64-linux-gnu:/opt/ros/humble/lib /usr/bin/cmake --build /home/lx/ros2/ros/mid-360_ws/build/fast_lio -- -j12 -l12
[0.110s] [  8%] Built target fast_lio__cpp
[0.110s] [ 11%] Built target fast_lio__rosidl_generator_c
[0.122s] [ 11%] Built target ament_cmake_python_copy_fast_lio
[0.128s] [ 20%] Built target fast_lio__rosidl_typesupport_fastrtps_cpp
[0.128s] [ 28%] Built target fast_lio__rosidl_typesupport_c
[0.128s] [ 37%] Built target fast_lio__rosidl_typesupport_introspection_c
[0.130s] [ 45%] Built target fast_lio__rosidl_typesupport_cpp
[0.134s] [ 54%] Built target fast_lio__rosidl_typesupport_introspection_cpp
[0.142s] [ 62%] Built target fast_lio__rosidl_typesupport_fastrtps_c
[0.163s] [ 62%] Built target fast_lio
[0.171s] [ 74%] Built target fastlio_mapping
[0.180s] [ 77%] Built target fast_lio__py
[0.198s] [ 82%] Built target fast_lio__rosidl_generator_py
[0.216s] [100%] Built target fast_lio__rosidl_typesupport_c__pyext
[0.216s] [100%] Built target fast_lio__rosidl_typesupport_fastrtps_c__pyext
[0.216s] [100%] Built target fast_lio__rosidl_typesupport_introspection_c__pyext
[0.334s] running egg_info
[0.334s] writing fast_lio.egg-info/PKG-INFO
[0.334s] writing dependency_links to fast_lio.egg-info/dependency_links.txt
[0.335s] writing top-level names to fast_lio.egg-info/top_level.txt
[0.336s] reading manifest file 'fast_lio.egg-info/SOURCES.txt'
[0.337s] writing manifest file 'fast_lio.egg-info/SOURCES.txt'
[0.365s] [100%] Built target ament_cmake_python_build_fast_lio_egg
[0.374s] Invoked command in '/home/lx/ros2/ros/mid-360_ws/build/fast_lio' returned '0': CMAKE_PREFIX_PATH=/home/lx/ros2/ros/mid-360_ws/install/livox_ros_driver2:/home/lx/ros2/ros/mid-360_ws/install/imu_to_odom:/home/lx/ros2/ros/mid-360_ws/install/pointcloud_to_laserscan:/home/lx/ros2/ros/mid-360_ws/install/fast_lio:/opt/ros/humble LD_LIBRARY_PATH=/home/lx/ros2/ros/mid-360_ws/install/livox_ros_driver2/lib:/home/lx/ros2/ros/mid-360_ws/install/pointcloud_to_laserscan/lib:/home/lx/ros2/ros/mid-360_ws/install/fast_lio/lib:/usr/lib/x86_64-linux-gnu/gazebo-11/plugins:/opt/ros/humble/opt/rviz_ogre_vendor/lib:/opt/ros/humble/lib/x86_64-linux-gnu:/opt/ros/humble/lib /usr/bin/cmake --build /home/lx/ros2/ros/mid-360_ws/build/fast_lio -- -j12 -l12
[0.418s] Invoking command in '/home/lx/ros2/ros/mid-360_ws/build/fast_lio': CMAKE_PREFIX_PATH=/home/lx/ros2/ros/mid-360_ws/install/livox_ros_driver2:/home/lx/ros2/ros/mid-360_ws/install/imu_to_odom:/home/lx/ros2/ros/mid-360_ws/install/pointcloud_to_laserscan:/home/lx/ros2/ros/mid-360_ws/install/fast_lio:/opt/ros/humble LD_LIBRARY_PATH=/home/lx/ros2/ros/mid-360_ws/install/livox_ros_driver2/lib:/home/lx/ros2/ros/mid-360_ws/install/pointcloud_to_laserscan/lib:/home/lx/ros2/ros/mid-360_ws/install/fast_lio/lib:/usr/lib/x86_64-linux-gnu/gazebo-11/plugins:/opt/ros/humble/opt/rviz_ogre_vendor/lib:/opt/ros/humble/lib/x86_64-linux-gnu:/opt/ros/humble/lib /usr/bin/cmake --install /home/lx/ros2/ros/mid-360_ws/build/fast_lio
[0.425s] -- Install configuration: "Release"
[0.425s] -- Up-to-date: /home/lx/ros2/ros/mid-360_ws/install/fast_lio/share/ament_index/resource_index/rosidl_interfaces/fast_lio
[0.425s] -- Up-to-date: /home/lx/ros2/ros/mid-360_ws/install/fast_lio/include/fast_lio/fast_lio
[0.425s] -- Up-to-date: /home/lx/ros2/ros/mid-360_ws/install/fast_lio/include/fast_lio/fast_lio/msg
[0.425s] -- Up-to-date: /home/lx/ros2/ros/mid-360_ws/install/fast_lio/include/fast_lio/fast_lio/msg/detail
[0.425s] -- Up-to-date: /home/lx/ros2/ros/mid-360_ws/install/fast_lio/include/fast_lio/fast_lio/msg/detail/pose6_d__struct.h
[0.425s] -- Up-to-date: /home/lx/ros2/ros/mid-360_ws/install/fast_lio/include/fast_lio/fast_lio/msg/detail/pose6_d__functions.c
[0.425s] -- Up-to-date: /home/lx/ros2/ros/mid-360_ws/install/fast_lio/include/fast_lio/fast_lio/msg/detail/pose6_d__type_support.h
[0.426s] -- Up-to-date: /home/lx/ros2/ros/mid-360_ws/install/fast_lio/include/fast_lio/fast_lio/msg/detail/pose6_d__functions.h
[0.426s] -- Up-to-date: /home/lx/ros2/ros/mid-360_ws/install/fast_lio/include/fast_lio/fast_lio/msg/pose6_d.h
[0.426s] -- Up-to-date: /home/lx/ros2/ros/mid-360_ws/install/fast_lio/include/fast_lio/fast_lio/msg/rosidl_generator_c__visibility_control.h
[0.426s] -- Up-to-date: /home/lx/ros2/ros/mid-360_ws/install/fast_lio/share/fast_lio/environment/library_path.sh
[0.426s] -- Up-to-date: /home/lx/ros2/ros/mid-360_ws/install/fast_lio/share/fast_lio/environment/library_path.dsv
[0.426s] -- Up-to-date: /home/lx/ros2/ros/mid-360_ws/install/fast_lio/lib/libfast_lio__rosidl_generator_c.so
[0.426s] -- Up-to-date: /home/lx/ros2/ros/mid-360_ws/install/fast_lio/include/fast_lio/fast_lio
[0.426s] -- Up-to-date: /home/lx/ros2/ros/mid-360_ws/install/fast_lio/include/fast_lio/fast_lio/msg
[0.426s] -- Up-to-date: /home/lx/ros2/ros/mid-360_ws/install/fast_lio/include/fast_lio/fast_lio/msg/detail
[0.426s] -- Up-to-date: /home/lx/ros2/ros/mid-360_ws/install/fast_lio/include/fast_lio/fast_lio/msg/detail/pose6_d__rosidl_typesupport_fastrtps_c.h
[0.426s] -- Up-to-date: /home/lx/ros2/ros/mid-360_ws/install/fast_lio/include/fast_lio/fast_lio/msg/rosidl_typesupport_fastrtps_c__visibility_control.h
[0.426s] -- Up-to-date: /home/lx/ros2/ros/mid-360_ws/install/fast_lio/lib/libfast_lio__rosidl_typesupport_fastrtps_c.so
[0.426s] -- Up-to-date: /home/lx/ros2/ros/mid-360_ws/install/fast_lio/include/fast_lio/fast_lio
[0.427s] -- Up-to-date: /home/lx/ros2/ros/mid-360_ws/install/fast_lio/include/fast_lio/fast_lio/msg
[0.427s] -- Up-to-date: /home/lx/ros2/ros/mid-360_ws/install/fast_lio/include/fast_lio/fast_lio/msg/detail
[0.427s] -- Up-to-date: /home/lx/ros2/ros/mid-360_ws/install/fast_lio/include/fast_lio/fast_lio/msg/detail/pose6_d__struct.hpp
[0.427s] -- Up-to-date: /home/lx/ros2/ros/mid-360_ws/install/fast_lio/include/fast_lio/fast_lio/msg/detail/pose6_d__traits.hpp
[0.427s] -- Up-to-date: /home/lx/ros2/ros/mid-360_ws/install/fast_lio/include/fast_lio/fast_lio/msg/detail/pose6_d__builder.hpp
[0.427s] -- Up-to-date: /home/lx/ros2/ros/mid-360_ws/install/fast_lio/include/fast_lio/fast_lio/msg/pose6_d.hpp
[0.427s] -- Up-to-date: /home/lx/ros2/ros/mid-360_ws/install/fast_lio/include/fast_lio/fast_lio
[0.427s] -- Up-to-date: /home/lx/ros2/ros/mid-360_ws/install/fast_lio/include/fast_lio/fast_lio/msg
[0.427s] -- Up-to-date: /home/lx/ros2/ros/mid-360_ws/install/fast_lio/include/fast_lio/fast_lio/msg/detail
[0.427s] -- Up-to-date: /home/lx/ros2/ros/mid-360_ws/install/fast_lio/include/fast_lio/fast_lio/msg/detail/dds_fastrtps
[0.427s] -- Up-to-date: /home/lx/ros2/ros/mid-360_ws/install/fast_lio/include/fast_lio/fast_lio/msg/detail/pose6_d__rosidl_typesupport_fastrtps_cpp.hpp
[0.427s] -- Up-to-date: /home/lx/ros2/ros/mid-360_ws/install/fast_lio/include/fast_lio/fast_lio/msg/rosidl_typesupport_fastrtps_cpp__visibility_control.h
[0.428s] -- Up-to-date: /home/lx/ros2/ros/mid-360_ws/install/fast_lio/lib/libfast_lio__rosidl_typesupport_fastrtps_cpp.so
[0.428s] -- Up-to-date: /home/lx/ros2/ros/mid-360_ws/install/fast_lio/include/fast_lio/fast_lio
[0.428s] -- Up-to-date: /home/lx/ros2/ros/mid-360_ws/install/fast_lio/include/fast_lio/fast_lio/msg
[0.428s] -- Up-to-date: /home/lx/ros2/ros/mid-360_ws/install/fast_lio/include/fast_lio/fast_lio/msg/detail
[0.428s] -- Up-to-date: /home/lx/ros2/ros/mid-360_ws/install/fast_lio/include/fast_lio/fast_lio/msg/detail/pose6_d__type_support.c
[0.428s] -- Up-to-date: /home/lx/ros2/ros/mid-360_ws/install/fast_lio/include/fast_lio/fast_lio/msg/detail/pose6_d__rosidl_typesupport_introspection_c.h
[0.428s] -- Up-to-date: /home/lx/ros2/ros/mid-360_ws/install/fast_lio/include/fast_lio/fast_lio/msg/rosidl_typesupport_introspection_c__visibility_control.h
[0.428s] -- Up-to-date: /home/lx/ros2/ros/mid-360_ws/install/fast_lio/lib/libfast_lio__rosidl_typesupport_introspection_c.so
[0.428s] -- Up-to-date: /home/lx/ros2/ros/mid-360_ws/install/fast_lio/lib/libfast_lio__rosidl_typesupport_c.so
[0.428s] -- Up-to-date: /home/lx/ros2/ros/mid-360_ws/install/fast_lio/include/fast_lio/fast_lio
[0.428s] -- Up-to-date: /home/lx/ros2/ros/mid-360_ws/install/fast_lio/include/fast_lio/fast_lio/msg
[0.428s] -- Up-to-date: /home/lx/ros2/ros/mid-360_ws/install/fast_lio/include/fast_lio/fast_lio/msg/detail
[0.428s] -- Up-to-date: /home/lx/ros2/ros/mid-360_ws/install/fast_lio/include/fast_lio/fast_lio/msg/detail/pose6_d__type_support.cpp
[0.428s] -- Up-to-date: /home/lx/ros2/ros/mid-360_ws/install/fast_lio/include/fast_lio/fast_lio/msg/detail/pose6_d__rosidl_typesupport_introspection_cpp.hpp
[0.428s] -- Up-to-date: /home/lx/ros2/ros/mid-360_ws/install/fast_lio/lib/libfast_lio__rosidl_typesupport_introspection_cpp.so
[0.428s] -- Up-to-date: /home/lx/ros2/ros/mid-360_ws/install/fast_lio/lib/libfast_lio__rosidl_typesupport_cpp.so
[0.428s] -- Up-to-date: /home/lx/ros2/ros/mid-360_ws/install/fast_lio/share/fast_lio/environment/pythonpath.sh
[0.428s] -- Up-to-date: /home/lx/ros2/ros/mid-360_ws/install/fast_lio/share/fast_lio/environment/pythonpath.dsv
[0.428s] -- Up-to-date: /home/lx/ros2/ros/mid-360_ws/install/fast_lio/local/lib/python3.10/dist-packages/fast_lio-0.0.0-py3.10.egg-info
[0.428s] -- Installing: /home/lx/ros2/ros/mid-360_ws/install/fast_lio/local/lib/python3.10/dist-packages/fast_lio-0.0.0-py3.10.egg-info/top_level.txt
[0.429s] -- Installing: /home/lx/ros2/ros/mid-360_ws/install/fast_lio/local/lib/python3.10/dist-packages/fast_lio-0.0.0-py3.10.egg-info/PKG-INFO
[0.429s] -- Installing: /home/lx/ros2/ros/mid-360_ws/install/fast_lio/local/lib/python3.10/dist-packages/fast_lio-0.0.0-py3.10.egg-info/SOURCES.txt
[0.429s] -- Installing: /home/lx/ros2/ros/mid-360_ws/install/fast_lio/local/lib/python3.10/dist-packages/fast_lio-0.0.0-py3.10.egg-info/dependency_links.txt
[0.429s] -- Up-to-date: /home/lx/ros2/ros/mid-360_ws/install/fast_lio/local/lib/python3.10/dist-packages/fast_lio
[0.429s] -- Up-to-date: /home/lx/ros2/ros/mid-360_ws/install/fast_lio/local/lib/python3.10/dist-packages/fast_lio/fast_lio_s__rosidl_typesupport_c.cpython-310-x86_64-linux-gnu.so
[0.429s] -- Up-to-date: /home/lx/ros2/ros/mid-360_ws/install/fast_lio/local/lib/python3.10/dist-packages/fast_lio/fast_lio_s__rosidl_typesupport_fastrtps_c.cpython-310-x86_64-linux-gnu.so
[0.429s] -- Up-to-date: /home/lx/ros2/ros/mid-360_ws/install/fast_lio/local/lib/python3.10/dist-packages/fast_lio/_fast_lio_s.ep.rosidl_typesupport_fastrtps_c.c
[0.429s] -- Up-to-date: /home/lx/ros2/ros/mid-360_ws/install/fast_lio/local/lib/python3.10/dist-packages/fast_lio/libfast_lio__rosidl_generator_py.so
[0.429s] -- Up-to-date: /home/lx/ros2/ros/mid-360_ws/install/fast_lio/local/lib/python3.10/dist-packages/fast_lio/_fast_lio_s.ep.rosidl_typesupport_c.c
[0.429s] -- Up-to-date: /home/lx/ros2/ros/mid-360_ws/install/fast_lio/local/lib/python3.10/dist-packages/fast_lio/msg
[0.429s] -- Up-to-date: /home/lx/ros2/ros/mid-360_ws/install/fast_lio/local/lib/python3.10/dist-packages/fast_lio/msg/_pose6_d.py
[0.429s] -- Up-to-date: /home/lx/ros2/ros/mid-360_ws/install/fast_lio/local/lib/python3.10/dist-packages/fast_lio/msg/_pose6_d_s.c
[0.429s] -- Up-to-date: /home/lx/ros2/ros/mid-360_ws/install/fast_lio/local/lib/python3.10/dist-packages/fast_lio/msg/__init__.py
[0.429s] -- Up-to-date: /home/lx/ros2/ros/mid-360_ws/install/fast_lio/local/lib/python3.10/dist-packages/fast_lio/_fast_lio_s.ep.rosidl_typesupport_introspection_c.c
[0.429s] -- Up-to-date: /home/lx/ros2/ros/mid-360_ws/install/fast_lio/local/lib/python3.10/dist-packages/fast_lio/__init__.py
[0.429s] -- Up-to-date: /home/lx/ros2/ros/mid-360_ws/install/fast_lio/local/lib/python3.10/dist-packages/fast_lio/fast_lio_s__rosidl_typesupport_introspection_c.cpython-310-x86_64-linux-gnu.so
[0.456s] Listing '/home/lx/ros2/ros/mid-360_ws/install/fast_lio/local/lib/python3.10/dist-packages/fast_lio'...
[0.456s] Listing '/home/lx/ros2/ros/mid-360_ws/install/fast_lio/local/lib/python3.10/dist-packages/fast_lio/msg'...
[0.461s] -- Up-to-date: /home/lx/ros2/ros/mid-360_ws/install/fast_lio/local/lib/python3.10/dist-packages/fast_lio/fast_lio_s__rosidl_typesupport_fastrtps_c.cpython-310-x86_64-linux-gnu.so
[0.461s] -- Up-to-date: /home/lx/ros2/ros/mid-360_ws/install/fast_lio/local/lib/python3.10/dist-packages/fast_lio/fast_lio_s__rosidl_typesupport_introspection_c.cpython-310-x86_64-linux-gnu.so
[0.461s] -- Up-to-date: /home/lx/ros2/ros/mid-360_ws/install/fast_lio/local/lib/python3.10/dist-packages/fast_lio/fast_lio_s__rosidl_typesupport_c.cpython-310-x86_64-linux-gnu.so
[0.462s] -- Up-to-date: /home/lx/ros2/ros/mid-360_ws/install/fast_lio/lib/libfast_lio__rosidl_generator_py.so
[0.462s] -- Up-to-date: /home/lx/ros2/ros/mid-360_ws/install/fast_lio/share/fast_lio/msg/Pose6D.idl
[0.462s] -- Up-to-date: /home/lx/ros2/ros/mid-360_ws/install/fast_lio/share/fast_lio/msg/Pose6D.msg
[0.462s] -- Up-to-date: /home/lx/ros2/ros/mid-360_ws/install/fast_lio/lib/fast_lio/fastlio_mapping
[0.462s] -- Up-to-date: /home/lx/ros2/ros/mid-360_ws/install/fast_lio/share/fast_lio/config
[0.462s] -- Up-to-date: /home/lx/ros2/ros/mid-360_ws/install/fast_lio/share/fast_lio/config/avia.yaml
[0.462s] -- Up-to-date: /home/lx/ros2/ros/mid-360_ws/install/fast_lio/share/fast_lio/config/horizon.yaml
[0.463s] -- Up-to-date: /home/lx/ros2/ros/mid-360_ws/install/fast_lio/share/fast_lio/config/mid360.yaml
[0.463s] -- Up-to-date: /home/lx/ros2/ros/mid-360_ws/install/fast_lio/share/fast_lio/config/velodyne.yaml
[0.463s] -- Up-to-date: /home/lx/ros2/ros/mid-360_ws/install/fast_lio/share/fast_lio/config/ouster64.yaml
[0.463s] -- Up-to-date: /home/lx/ros2/ros/mid-360_ws/install/fast_lio/share/fast_lio/launch
[0.463s] -- Up-to-date: /home/lx/ros2/ros/mid-360_ws/install/fast_lio/share/fast_lio/launch/mapping.launch.py
[0.463s] -- Up-to-date: /home/lx/ros2/ros/mid-360_ws/install/fast_lio/share/fast_lio/launch/mapping_avia.launch
[0.463s] -- Up-to-date: /home/lx/ros2/ros/mid-360_ws/install/fast_lio/share/fast_lio/launch/gdb_debug_example.launch
[0.463s] -- Up-to-date: /home/lx/ros2/ros/mid-360_ws/install/fast_lio/share/fast_lio/launch/mapping_velodyne.launch
[0.463s] -- Up-to-date: /home/lx/ros2/ros/mid-360_ws/install/fast_lio/share/fast_lio/launch/mapping_horizon.launch
[0.463s] -- Up-to-date: /home/lx/ros2/ros/mid-360_ws/install/fast_lio/share/fast_lio/launch/mapping_ouster64.launch
[0.463s] -- Up-to-date: /home/lx/ros2/ros/mid-360_ws/install/fast_lio/share/fast_lio/rviz
[0.463s] -- Up-to-date: /home/lx/ros2/ros/mid-360_ws/install/fast_lio/share/fast_lio/rviz/fastlio.rviz
[0.463s] -- Up-to-date: /home/lx/ros2/ros/mid-360_ws/install/fast_lio/share/ament_index/resource_index/package_run_dependencies/fast_lio
[0.464s] -- Up-to-date: /home/lx/ros2/ros/mid-360_ws/install/fast_lio/share/ament_index/resource_index/parent_prefix_path/fast_lio
[0.464s] -- Up-to-date: /home/lx/ros2/ros/mid-360_ws/install/fast_lio/share/fast_lio/environment/ament_prefix_path.sh
[0.464s] -- Up-to-date: /home/lx/ros2/ros/mid-360_ws/install/fast_lio/share/fast_lio/environment/ament_prefix_path.dsv
[0.464s] -- Up-to-date: /home/lx/ros2/ros/mid-360_ws/install/fast_lio/share/fast_lio/environment/path.sh
[0.464s] -- Up-to-date: /home/lx/ros2/ros/mid-360_ws/install/fast_lio/share/fast_lio/environment/path.dsv
[0.464s] -- Up-to-date: /home/lx/ros2/ros/mid-360_ws/install/fast_lio/share/fast_lio/local_setup.bash
[0.464s] -- Up-to-date: /home/lx/ros2/ros/mid-360_ws/install/fast_lio/share/fast_lio/local_setup.sh
[0.464s] -- Up-to-date: /home/lx/ros2/ros/mid-360_ws/install/fast_lio/share/fast_lio/local_setup.zsh
[0.464s] -- Up-to-date: /home/lx/ros2/ros/mid-360_ws/install/fast_lio/share/fast_lio/local_setup.dsv
[0.464s] -- Installing: /home/lx/ros2/ros/mid-360_ws/install/fast_lio/share/fast_lio/package.dsv
[0.465s] -- Up-to-date: /home/lx/ros2/ros/mid-360_ws/install/fast_lio/share/ament_index/resource_index/packages/fast_lio
[0.465s] -- Up-to-date: /home/lx/ros2/ros/mid-360_ws/install/fast_lio/share/fast_lio/cmake/export_fast_lio__rosidl_generator_cExport.cmake
[0.465s] -- Up-to-date: /home/lx/ros2/ros/mid-360_ws/install/fast_lio/share/fast_lio/cmake/export_fast_lio__rosidl_generator_cExport-release.cmake
[0.465s] -- Up-to-date: /home/lx/ros2/ros/mid-360_ws/install/fast_lio/share/fast_lio/cmake/export_fast_lio__rosidl_typesupport_fastrtps_cExport.cmake
[0.465s] -- Up-to-date: /home/lx/ros2/ros/mid-360_ws/install/fast_lio/share/fast_lio/cmake/export_fast_lio__rosidl_typesupport_fastrtps_cExport-release.cmake
[0.465s] -- Up-to-date: /home/lx/ros2/ros/mid-360_ws/install/fast_lio/share/fast_lio/cmake/export_fast_lio__rosidl_generator_cppExport.cmake
[0.465s] -- Up-to-date: /home/lx/ros2/ros/mid-360_ws/install/fast_lio/share/fast_lio/cmake/export_fast_lio__rosidl_typesupport_fastrtps_cppExport.cmake
[0.465s] -- Up-to-date: /home/lx/ros2/ros/mid-360_ws/install/fast_lio/share/fast_lio/cmake/export_fast_lio__rosidl_typesupport_fastrtps_cppExport-release.cmake
[0.465s] -- Up-to-date: /home/lx/ros2/ros/mid-360_ws/install/fast_lio/share/fast_lio/cmake/fast_lio__rosidl_typesupport_introspection_cExport.cmake
[0.465s] -- Up-to-date: /home/lx/ros2/ros/mid-360_ws/install/fast_lio/share/fast_lio/cmake/fast_lio__rosidl_typesupport_introspection_cExport-release.cmake
[0.465s] -- Up-to-date: /home/lx/ros2/ros/mid-360_ws/install/fast_lio/share/fast_lio/cmake/fast_lio__rosidl_typesupport_cExport.cmake
[0.465s] -- Up-to-date: /home/lx/ros2/ros/mid-360_ws/install/fast_lio/share/fast_lio/cmake/fast_lio__rosidl_typesupport_cExport-release.cmake
[0.465s] -- Up-to-date: /home/lx/ros2/ros/mid-360_ws/install/fast_lio/share/fast_lio/cmake/fast_lio__rosidl_typesupport_introspection_cppExport.cmake
[0.466s] -- Up-to-date: /home/lx/ros2/ros/mid-360_ws/install/fast_lio/share/fast_lio/cmake/fast_lio__rosidl_typesupport_introspection_cppExport-release.cmake
[0.466s] -- Up-to-date: /home/lx/ros2/ros/mid-360_ws/install/fast_lio/share/fast_lio/cmake/fast_lio__rosidl_typesupport_cppExport.cmake
[0.466s] -- Up-to-date: /home/lx/ros2/ros/mid-360_ws/install/fast_lio/share/fast_lio/cmake/fast_lio__rosidl_typesupport_cppExport-release.cmake
[0.466s] -- Up-to-date: /home/lx/ros2/ros/mid-360_ws/install/fast_lio/share/fast_lio/cmake/export_fast_lio__rosidl_generator_pyExport.cmake
[0.466s] -- Up-to-date: /home/lx/ros2/ros/mid-360_ws/install/fast_lio/share/fast_lio/cmake/export_fast_lio__rosidl_generator_pyExport-release.cmake
[0.467s] -- Up-to-date: /home/lx/ros2/ros/mid-360_ws/install/fast_lio/share/fast_lio/cmake/rosidl_cmake-extras.cmake
[0.467s] -- Up-to-date: /home/lx/ros2/ros/mid-360_ws/install/fast_lio/share/fast_lio/cmake/ament_cmake_export_include_directories-extras.cmake
[0.467s] -- Up-to-date: /home/lx/ros2/ros/mid-360_ws/install/fast_lio/share/fast_lio/cmake/ament_cmake_export_libraries-extras.cmake
[0.467s] -- Up-to-date: /home/lx/ros2/ros/mid-360_ws/install/fast_lio/share/fast_lio/cmake/ament_cmake_export_targets-extras.cmake
[0.468s] -- Up-to-date: /home/lx/ros2/ros/mid-360_ws/install/fast_lio/share/fast_lio/cmake/rosidl_cmake_export_typesupport_targets-extras.cmake
[0.468s] -- Up-to-date: /home/lx/ros2/ros/mid-360_ws/install/fast_lio/share/fast_lio/cmake/ament_cmake_export_dependencies-extras.cmake
[0.468s] -- Up-to-date: /home/lx/ros2/ros/mid-360_ws/install/fast_lio/share/fast_lio/cmake/rosidl_cmake_export_typesupport_libraries-extras.cmake
[0.468s] -- Up-to-date: /home/lx/ros2/ros/mid-360_ws/install/fast_lio/share/fast_lio/cmake/fast_lioConfig.cmake
[0.468s] -- Up-to-date: /home/lx/ros2/ros/mid-360_ws/install/fast_lio/share/fast_lio/cmake/fast_lioConfig-version.cmake
[0.468s] -- Up-to-date: /home/lx/ros2/ros/mid-360_ws/install/fast_lio/share/fast_lio/package.xml
[0.468s] Invoked command in '/home/lx/ros2/ros/mid-360_ws/build/fast_lio' returned '0': CMAKE_PREFIX_PATH=/home/lx/ros2/ros/mid-360_ws/install/livox_ros_driver2:/home/lx/ros2/ros/mid-360_ws/install/imu_to_odom:/home/lx/ros2/ros/mid-360_ws/install/pointcloud_to_laserscan:/home/lx/ros2/ros/mid-360_ws/install/fast_lio:/opt/ros/humble LD_LIBRARY_PATH=/home/lx/ros2/ros/mid-360_ws/install/livox_ros_driver2/lib:/home/lx/ros2/ros/mid-360_ws/install/pointcloud_to_laserscan/lib:/home/lx/ros2/ros/mid-360_ws/install/fast_lio/lib:/usr/lib/x86_64-linux-gnu/gazebo-11/plugins:/opt/ros/humble/opt/rviz_ogre_vendor/lib:/opt/ros/humble/lib/x86_64-linux-gnu:/opt/ros/humble/lib /usr/bin/cmake --install /home/lx/ros2/ros/mid-360_ws/build/fast_lio
