[0.146s] Invoking command in '/home/lx/ros2/ros/xiao_ying/build/livox_to_pointcloud2': CMAKE_PREFIX_PATH=/home/lx/ros2/ros/xiao_ying/install/livox_ros_driver2:/home/lx/ros2/ros/xiao_ying/install/xiao_ying_navigation:/home/lx/ros2/ros/xiao_ying/install/start:/home/lx/ros2/ros/xiao_ying/install/pointcloud_to_laserscan:/opt/ros/humble:/home/lx/ros2/ros/xiao_ying/install/livox_to_pointcloud2:/home/lx/ros2/ros/xiao_ying/install/fast_lio:/home/lx/ros2/ros/xiao_ying/install/linefit_ground_segmentation_ros:/home/lx/ros2/ros/xiao_ying/install/linefit_ground_segmentation:/home/lx/ros2/ros/xiao_ying/install/imu_complementary_filter LD_LIBRARY_PATH=/home/lx/ros2/ros/xiao_ying/install/livox_ros_driver2/lib:/home/lx/ros2/ros/xiao_ying/install/pointcloud_to_laserscan/lib:/home/lx/ros2/ros/xiao_ying/install/livox_to_pointcloud2/lib:/home/lx/ros2/ros/xiao_ying/install/fast_lio/lib:/home/lx/ros2/ros/xiao_ying/install/linefit_ground_segmentation/lib:/home/lx/ros2/ros/xiao_ying/install/imu_complementary_filter/lib:/usr/lib/x86_64-linux-gnu/gazebo-11/plugins:/opt/ros/humble/opt/rviz_ogre_vendor/lib:/opt/ros/humble/lib/x86_64-linux-gnu:/opt/ros/humble/lib /usr/bin/cmake --build /home/lx/ros2/ros/xiao_ying/build/livox_to_pointcloud2 -- -j12 -l12
[0.211s] [ 50%] Built target livox_to_pointcloud2
[0.249s] [100%] Built target livox_to_pointcloud2_node
[0.320s] Invoked command in '/home/lx/ros2/ros/xiao_ying/build/livox_to_pointcloud2' returned '0': CMAKE_PREFIX_PATH=/home/lx/ros2/ros/xiao_ying/install/livox_ros_driver2:/home/lx/ros2/ros/xiao_ying/install/xiao_ying_navigation:/home/lx/ros2/ros/xiao_ying/install/start:/home/lx/ros2/ros/xiao_ying/install/pointcloud_to_laserscan:/opt/ros/humble:/home/lx/ros2/ros/xiao_ying/install/livox_to_pointcloud2:/home/lx/ros2/ros/xiao_ying/install/fast_lio:/home/lx/ros2/ros/xiao_ying/install/linefit_ground_segmentation_ros:/home/lx/ros2/ros/xiao_ying/install/linefit_ground_segmentation:/home/lx/ros2/ros/xiao_ying/install/imu_complementary_filter LD_LIBRARY_PATH=/home/lx/ros2/ros/xiao_ying/install/livox_ros_driver2/lib:/home/lx/ros2/ros/xiao_ying/install/pointcloud_to_laserscan/lib:/home/lx/ros2/ros/xiao_ying/install/livox_to_pointcloud2/lib:/home/lx/ros2/ros/xiao_ying/install/fast_lio/lib:/home/lx/ros2/ros/xiao_ying/install/linefit_ground_segmentation/lib:/home/lx/ros2/ros/xiao_ying/install/imu_complementary_filter/lib:/usr/lib/x86_64-linux-gnu/gazebo-11/plugins:/opt/ros/humble/opt/rviz_ogre_vendor/lib:/opt/ros/humble/lib/x86_64-linux-gnu:/opt/ros/humble/lib /usr/bin/cmake --build /home/lx/ros2/ros/xiao_ying/build/livox_to_pointcloud2 -- -j12 -l12
[0.429s] Invoking command in '/home/lx/ros2/ros/xiao_ying/build/livox_to_pointcloud2': CMAKE_PREFIX_PATH=/home/lx/ros2/ros/xiao_ying/install/livox_ros_driver2:/home/lx/ros2/ros/xiao_ying/install/xiao_ying_navigation:/home/lx/ros2/ros/xiao_ying/install/start:/home/lx/ros2/ros/xiao_ying/install/pointcloud_to_laserscan:/opt/ros/humble:/home/lx/ros2/ros/xiao_ying/install/livox_to_pointcloud2:/home/lx/ros2/ros/xiao_ying/install/fast_lio:/home/lx/ros2/ros/xiao_ying/install/linefit_ground_segmentation_ros:/home/lx/ros2/ros/xiao_ying/install/linefit_ground_segmentation:/home/lx/ros2/ros/xiao_ying/install/imu_complementary_filter LD_LIBRARY_PATH=/home/lx/ros2/ros/xiao_ying/install/livox_ros_driver2/lib:/home/lx/ros2/ros/xiao_ying/install/pointcloud_to_laserscan/lib:/home/lx/ros2/ros/xiao_ying/install/livox_to_pointcloud2/lib:/home/lx/ros2/ros/xiao_ying/install/fast_lio/lib:/home/lx/ros2/ros/xiao_ying/install/linefit_ground_segmentation/lib:/home/lx/ros2/ros/xiao_ying/install/imu_complementary_filter/lib:/usr/lib/x86_64-linux-gnu/gazebo-11/plugins:/opt/ros/humble/opt/rviz_ogre_vendor/lib:/opt/ros/humble/lib/x86_64-linux-gnu:/opt/ros/humble/lib /usr/bin/cmake --install /home/lx/ros2/ros/xiao_ying/build/livox_to_pointcloud2
[0.437s] -- Install configuration: "RelWithDebInfo"
[0.437s] -- Up-to-date: /home/lx/ros2/ros/xiao_ying/install/livox_to_pointcloud2/share/livox_to_pointcloud2//launch
[0.437s] -- Up-to-date: /home/lx/ros2/ros/xiao_ying/install/livox_to_pointcloud2/share/livox_to_pointcloud2//launch/livox_to_pointcloud2.launch.py
[0.437s] -- Up-to-date: /home/lx/ros2/ros/xiao_ying/install/livox_to_pointcloud2/include
[0.437s] -- Up-to-date: /home/lx/ros2/ros/xiao_ying/install/livox_to_pointcloud2/include/livox_to_pointcloud2
[0.437s] -- Up-to-date: /home/lx/ros2/ros/xiao_ying/install/livox_to_pointcloud2/include/livox_to_pointcloud2/livox_to_pointcloud2_ros2.hpp
[0.437s] -- Up-to-date: /home/lx/ros2/ros/xiao_ying/install/livox_to_pointcloud2/include/livox_to_pointcloud2/livox_converter.hpp
[0.438s] -- Up-to-date: /home/lx/ros2/ros/xiao_ying/install/livox_to_pointcloud2/share/livox_to_pointcloud2/environment/library_path.sh
[0.438s] -- Up-to-date: /home/lx/ros2/ros/xiao_ying/install/livox_to_pointcloud2/share/livox_to_pointcloud2/environment/library_path.dsv
[0.438s] -- Up-to-date: /home/lx/ros2/ros/xiao_ying/install/livox_to_pointcloud2/lib/liblivox_to_pointcloud2.so
[0.438s] -- Up-to-date: /home/lx/ros2/ros/xiao_ying/install/livox_to_pointcloud2/lib/livox_to_pointcloud2/livox_to_pointcloud2_node
[0.438s] -- Up-to-date: /home/lx/ros2/ros/xiao_ying/install/livox_to_pointcloud2/share/ament_index/resource_index/package_run_dependencies/livox_to_pointcloud2
[0.438s] -- Up-to-date: /home/lx/ros2/ros/xiao_ying/install/livox_to_pointcloud2/share/ament_index/resource_index/parent_prefix_path/livox_to_pointcloud2
[0.438s] -- Up-to-date: /home/lx/ros2/ros/xiao_ying/install/livox_to_pointcloud2/share/livox_to_pointcloud2/environment/ament_prefix_path.sh
[0.439s] -- Up-to-date: /home/lx/ros2/ros/xiao_ying/install/livox_to_pointcloud2/share/livox_to_pointcloud2/environment/ament_prefix_path.dsv
[0.439s] -- Up-to-date: /home/lx/ros2/ros/xiao_ying/install/livox_to_pointcloud2/share/livox_to_pointcloud2/environment/path.sh
[0.439s] -- Up-to-date: /home/lx/ros2/ros/xiao_ying/install/livox_to_pointcloud2/share/livox_to_pointcloud2/environment/path.dsv
[0.439s] -- Up-to-date: /home/lx/ros2/ros/xiao_ying/install/livox_to_pointcloud2/share/livox_to_pointcloud2/local_setup.bash
[0.439s] -- Up-to-date: /home/lx/ros2/ros/xiao_ying/install/livox_to_pointcloud2/share/livox_to_pointcloud2/local_setup.sh
[0.439s] -- Up-to-date: /home/lx/ros2/ros/xiao_ying/install/livox_to_pointcloud2/share/livox_to_pointcloud2/local_setup.zsh
[0.439s] -- Up-to-date: /home/lx/ros2/ros/xiao_ying/install/livox_to_pointcloud2/share/livox_to_pointcloud2/local_setup.dsv
[0.439s] -- Installing: /home/lx/ros2/ros/xiao_ying/install/livox_to_pointcloud2/share/livox_to_pointcloud2/package.dsv
[0.439s] -- Up-to-date: /home/lx/ros2/ros/xiao_ying/install/livox_to_pointcloud2/share/ament_index/resource_index/packages/livox_to_pointcloud2
[0.439s] -- Up-to-date: /home/lx/ros2/ros/xiao_ying/install/livox_to_pointcloud2/share/ament_index/resource_index/rclcpp_components/livox_to_pointcloud2
[0.440s] -- Up-to-date: /home/lx/ros2/ros/xiao_ying/install/livox_to_pointcloud2/share/livox_to_pointcloud2/cmake/ament_cmake_export_dependencies-extras.cmake
[0.440s] -- Up-to-date: /home/lx/ros2/ros/xiao_ying/install/livox_to_pointcloud2/share/livox_to_pointcloud2/cmake/ament_cmake_export_include_directories-extras.cmake
[0.440s] -- Up-to-date: /home/lx/ros2/ros/xiao_ying/install/livox_to_pointcloud2/share/livox_to_pointcloud2/cmake/ament_cmake_export_libraries-extras.cmake
[0.440s] -- Up-to-date: /home/lx/ros2/ros/xiao_ying/install/livox_to_pointcloud2/share/livox_to_pointcloud2/cmake/livox_to_pointcloud2Config.cmake
[0.440s] -- Up-to-date: /home/lx/ros2/ros/xiao_ying/install/livox_to_pointcloud2/share/livox_to_pointcloud2/cmake/livox_to_pointcloud2Config-version.cmake
[0.440s] -- Up-to-date: /home/lx/ros2/ros/xiao_ying/install/livox_to_pointcloud2/share/livox_to_pointcloud2/package.xml
[0.441s] Invoked command in '/home/lx/ros2/ros/xiao_ying/build/livox_to_pointcloud2' returned '0': CMAKE_PREFIX_PATH=/home/lx/ros2/ros/xiao_ying/install/livox_ros_driver2:/home/lx/ros2/ros/xiao_ying/install/xiao_ying_navigation:/home/lx/ros2/ros/xiao_ying/install/start:/home/lx/ros2/ros/xiao_ying/install/pointcloud_to_laserscan:/opt/ros/humble:/home/lx/ros2/ros/xiao_ying/install/livox_to_pointcloud2:/home/lx/ros2/ros/xiao_ying/install/fast_lio:/home/lx/ros2/ros/xiao_ying/install/linefit_ground_segmentation_ros:/home/lx/ros2/ros/xiao_ying/install/linefit_ground_segmentation:/home/lx/ros2/ros/xiao_ying/install/imu_complementary_filter LD_LIBRARY_PATH=/home/lx/ros2/ros/xiao_ying/install/livox_ros_driver2/lib:/home/lx/ros2/ros/xiao_ying/install/pointcloud_to_laserscan/lib:/home/lx/ros2/ros/xiao_ying/install/livox_to_pointcloud2/lib:/home/lx/ros2/ros/xiao_ying/install/fast_lio/lib:/home/lx/ros2/ros/xiao_ying/install/linefit_ground_segmentation/lib:/home/lx/ros2/ros/xiao_ying/install/imu_complementary_filter/lib:/usr/lib/x86_64-linux-gnu/gazebo-11/plugins:/opt/ros/humble/opt/rviz_ogre_vendor/lib:/opt/ros/humble/lib/x86_64-linux-gnu:/opt/ros/humble/lib /usr/bin/cmake --install /home/lx/ros2/ros/xiao_ying/build/livox_to_pointcloud2
