[0.066s] Invoking command in '/home/lx/ros2/ros/xiao_ying/build/xiao_ying_navigation': CMAKE_PREFIX_PATH=${CMAKE_PREFIX_PATH}:/home/lx/ros2/ros/turtlebot3_ws/install/turtlebot3_teleop:/home/lx/ros2/ros/turtlebot3_ws/install/turtlebot3_example:/opt/ros/humble /usr/bin/cmake /home/lx/ros2/ros/xiao_ying/src/xiao_ying_navigation -DCMAKE_INSTALL_PREFIX=/home/lx/ros2/ros/xiao_ying/install/xiao_ying_navigation
[0.116s] -- The C compiler identification is GNU 11.4.0
[0.170s] -- The CXX compiler identification is GNU 11.4.0
[0.175s] -- Detecting C compiler ABI info
[0.226s] -- Detecting C compiler ABI info - done
[0.232s] -- Check for working C compiler: /usr/bin/cc - skipped
[0.233s] -- Detecting C compile features
[0.233s] -- Detecting C compile features - done
[0.235s] -- Detecting CXX compiler ABI info
[0.292s] -- Detecting CXX compiler ABI info - done
[0.299s] -- Check for working CXX compiler: /usr/bin/c++ - skipped
[0.300s] -- Detecting CXX compile features
[0.300s] -- Detecting CXX compile features - done
[0.302s] -- Found ament_cmake: 1.3.5 (/opt/ros/humble/share/ament_cmake/cmake)
[0.439s] -- Found Python3: /usr/bin/python3.10 (found version "3.10.12") found components: Interpreter 
[0.512s] -- Found rclcpp: 16.0.6 (/opt/ros/humble/share/rclcpp/cmake)
[0.550s] -- Found rosidl_generator_c: 3.1.5 (/opt/ros/humble/share/rosidl_generator_c/cmake)
[0.556s] -- Found rosidl_adapter: 3.1.5 (/opt/ros/humble/share/rosidl_adapter/cmake)
[0.564s] -- Found rosidl_generator_cpp: 3.1.5 (/opt/ros/humble/share/rosidl_generator_cpp/cmake)
[0.577s] -- Using all available rosidl_typesupport_c: rosidl_typesupport_fastrtps_c;rosidl_typesupport_introspection_c
[0.595s] -- Using all available rosidl_typesupport_cpp: rosidl_typesupport_fastrtps_cpp;rosidl_typesupport_introspection_cpp
[0.679s] -- Found rmw_implementation_cmake: 6.1.1 (/opt/ros/humble/share/rmw_implementation_cmake/cmake)
[0.681s] -- Found rmw_fastrtps_cpp: 6.2.4 (/opt/ros/humble/share/rmw_fastrtps_cpp/cmake)
[0.755s] -- Found OpenSSL: /usr/lib/x86_64-linux-gnu/libcrypto.so (found version "3.0.2")  
[0.777s] -- Found FastRTPS: /opt/ros/humble/include  
[0.818s] -- Using RMW implementation 'rmw_fastrtps_cpp' as default
[0.830s] -- Looking for pthread.h
[0.882s] -- Looking for pthread.h - found
[0.882s] -- Performing Test CMAKE_HAVE_LIBC_PTHREAD
[0.936s] -- Performing Test CMAKE_HAVE_LIBC_PTHREAD - Success
[0.937s] -- Found Threads: TRUE  
[1.122s] -- Found ament_lint_auto: 0.12.8 (/opt/ros/humble/share/ament_lint_auto/cmake)
[1.191s] -- Added test 'lint_cmake' to check CMake code style
[1.192s] -- Added test 'xmllint' to check XML markup files
[1.193s] -- Configuring done
[1.196s] -- Generating done
[1.197s] -- Build files have been written to: /home/lx/ros2/ros/xiao_ying/build/xiao_ying_navigation
[1.229s] Invoked command in '/home/lx/ros2/ros/xiao_ying/build/xiao_ying_navigation' returned '0': CMAKE_PREFIX_PATH=${CMAKE_PREFIX_PATH}:/home/lx/ros2/ros/turtlebot3_ws/install/turtlebot3_teleop:/home/lx/ros2/ros/turtlebot3_ws/install/turtlebot3_example:/opt/ros/humble /usr/bin/cmake /home/lx/ros2/ros/xiao_ying/src/xiao_ying_navigation -DCMAKE_INSTALL_PREFIX=/home/lx/ros2/ros/xiao_ying/install/xiao_ying_navigation
[1.230s] Invoking command in '/home/lx/ros2/ros/xiao_ying/build/xiao_ying_navigation': CMAKE_PREFIX_PATH=${CMAKE_PREFIX_PATH}:/home/lx/ros2/ros/turtlebot3_ws/install/turtlebot3_teleop:/home/lx/ros2/ros/turtlebot3_ws/install/turtlebot3_example:/opt/ros/humble /usr/bin/cmake --build /home/lx/ros2/ros/xiao_ying/build/xiao_ying_navigation -- -j12 -l12
[1.258s] Invoked command in '/home/lx/ros2/ros/xiao_ying/build/xiao_ying_navigation' returned '0': CMAKE_PREFIX_PATH=${CMAKE_PREFIX_PATH}:/home/lx/ros2/ros/turtlebot3_ws/install/turtlebot3_teleop:/home/lx/ros2/ros/turtlebot3_ws/install/turtlebot3_example:/opt/ros/humble /usr/bin/cmake --build /home/lx/ros2/ros/xiao_ying/build/xiao_ying_navigation -- -j12 -l12
[1.273s] Invoking command in '/home/lx/ros2/ros/xiao_ying/build/xiao_ying_navigation': CMAKE_PREFIX_PATH=${CMAKE_PREFIX_PATH}:/home/lx/ros2/ros/turtlebot3_ws/install/turtlebot3_teleop:/home/lx/ros2/ros/turtlebot3_ws/install/turtlebot3_example:/opt/ros/humble /usr/bin/cmake --install /home/lx/ros2/ros/xiao_ying/build/xiao_ying_navigation
[1.279s] -- Install configuration: ""
[1.279s] -- Installing: /home/lx/ros2/ros/xiao_ying/install/xiao_ying_navigation/share/ament_index/resource_index/package_run_dependencies/xiao_ying_navigation
[1.280s] -- Installing: /home/lx/ros2/ros/xiao_ying/install/xiao_ying_navigation/share/ament_index/resource_index/parent_prefix_path/xiao_ying_navigation
[1.280s] -- Installing: /home/lx/ros2/ros/xiao_ying/install/xiao_ying_navigation/share/xiao_ying_navigation/environment/ament_prefix_path.sh
[1.280s] -- Installing: /home/lx/ros2/ros/xiao_ying/install/xiao_ying_navigation/share/xiao_ying_navigation/environment/ament_prefix_path.dsv
[1.280s] -- Installing: /home/lx/ros2/ros/xiao_ying/install/xiao_ying_navigation/share/xiao_ying_navigation/environment/path.sh
[1.280s] -- Installing: /home/lx/ros2/ros/xiao_ying/install/xiao_ying_navigation/share/xiao_ying_navigation/environment/path.dsv
[1.281s] -- Installing: /home/lx/ros2/ros/xiao_ying/install/xiao_ying_navigation/share/xiao_ying_navigation/local_setup.bash
[1.281s] -- Installing: /home/lx/ros2/ros/xiao_ying/install/xiao_ying_navigation/share/xiao_ying_navigation/local_setup.sh
[1.281s] -- Installing: /home/lx/ros2/ros/xiao_ying/install/xiao_ying_navigation/share/xiao_ying_navigation/local_setup.zsh
[1.282s] -- Installing: /home/lx/ros2/ros/xiao_ying/install/xiao_ying_navigation/share/xiao_ying_navigation/local_setup.dsv
[1.282s] -- Installing: /home/lx/ros2/ros/xiao_ying/install/xiao_ying_navigation/share/xiao_ying_navigation/package.dsv
[1.282s] -- Installing: /home/lx/ros2/ros/xiao_ying/install/xiao_ying_navigation/share/ament_index/resource_index/packages/xiao_ying_navigation
[1.282s] -- Installing: /home/lx/ros2/ros/xiao_ying/install/xiao_ying_navigation/share/xiao_ying_navigation/cmake/xiao_ying_navigationConfig.cmake
[1.282s] -- Installing: /home/lx/ros2/ros/xiao_ying/install/xiao_ying_navigation/share/xiao_ying_navigation/cmake/xiao_ying_navigationConfig-version.cmake
[1.282s] -- Installing: /home/lx/ros2/ros/xiao_ying/install/xiao_ying_navigation/share/xiao_ying_navigation/package.xml
[1.282s] Invoked command in '/home/lx/ros2/ros/xiao_ying/build/xiao_ying_navigation' returned '0': CMAKE_PREFIX_PATH=${CMAKE_PREFIX_PATH}:/home/lx/ros2/ros/turtlebot3_ws/install/turtlebot3_teleop:/home/lx/ros2/ros/turtlebot3_ws/install/turtlebot3_example:/opt/ros/humble /usr/bin/cmake --install /home/lx/ros2/ros/xiao_ying/build/xiao_ying_navigation
