[0.046s] Invoking command in '/home/lx/ros2/ros/xiao_ying/build/fast_lio': AMENT_PREFIX_PATH=/home/lx/ros2/ros/xiao_ying/install/livox_ros_driver2:${AMENT_PREFIX_PATH} CMAKE_PREFIX_PATH=/home/lx/ros2/ros/xiao_ying/install/livox_ros_driver2:/opt/ros/humble LD_LIBRARY_PATH=/home/lx/ros2/ros/xiao_ying/install/livox_ros_driver2/lib:${LD_LIBRARY_PATH} PYTHONPATH=/home/lx/ros2/ros/xiao_ying/install/livox_ros_driver2/local/lib/python3.10/dist-packages:${PYTHONPATH} /usr/bin/cmake /home/lx/ros2/ros/xiao_ying/src/FAST_LIO -DROS_EDITION=ROS2 -DHUMBLE_ROS=humble -DCMAKE_INSTALL_PREFIX=/home/lx/ros2/ros/xiao_ying/install/fast_lio
[0.085s] -- The C compiler identification is GNU 11.4.0
[0.127s] -- The CXX compiler identification is GNU 11.4.0
[0.133s] -- Detecting C compiler ABI info
[0.183s] -- Detecting C compiler ABI info - done
[0.189s] -- Check for working C compiler: /usr/bin/cc - skipped
[0.189s] -- Detecting C compile features
[0.189s] -- Detecting C compile features - done
[0.191s] -- Detecting CXX compiler ABI info
[0.259s] -- Detecting CXX compiler ABI info - done
[0.265s] -- Check for working CXX compiler: /usr/bin/c++ - skipped
[0.265s] -- Detecting CXX compile features
[0.266s] -- Detecting CXX compile features - done
[0.266s] [0mCurrent CPU archtecture: x86_64[0m
[0.270s] [0mProcesser number:  12[0m
[0.270s] [0mcore for MP: 3[0m
[0.587s] -- Found PythonLibs: /usr/lib/x86_64-linux-gnu/libpython3.10.so (found version "3.10.12") 
[0.590s] -- Found ament_cmake: 1.3.5 (/opt/ros/humble/share/ament_cmake/cmake)
[0.743s] -- Found Python3: /usr/bin/python3.10 (found version "3.10.12") found components: Interpreter 
[0.839s] -- Found rclcpp: 16.0.6 (/opt/ros/humble/share/rclcpp/cmake)
[0.873s] -- Found rosidl_generator_c: 3.1.5 (/opt/ros/humble/share/rosidl_generator_c/cmake)
[0.877s] -- Found rosidl_adapter: 3.1.5 (/opt/ros/humble/share/rosidl_adapter/cmake)
[0.884s] -- Found rosidl_generator_cpp: 3.1.5 (/opt/ros/humble/share/rosidl_generator_cpp/cmake)
[0.896s] -- Using all available rosidl_typesupport_c: rosidl_typesupport_fastrtps_c;rosidl_typesupport_introspection_c
[0.915s] -- Using all available rosidl_typesupport_cpp: rosidl_typesupport_fastrtps_cpp;rosidl_typesupport_introspection_cpp
[0.983s] -- Found rmw_implementation_cmake: 6.1.1 (/opt/ros/humble/share/rmw_implementation_cmake/cmake)
[0.985s] -- Found rmw_fastrtps_cpp: 6.2.4 (/opt/ros/humble/share/rmw_fastrtps_cpp/cmake)
[1.075s] -- Found OpenSSL: /usr/lib/x86_64-linux-gnu/libcrypto.so (found version "3.0.2")  
[1.097s] -- Found FastRTPS: /opt/ros/humble/include  
[1.144s] -- Using RMW implementation 'rmw_fastrtps_cpp' as default
[1.151s] -- Looking for pthread.h
[1.210s] -- Looking for pthread.h - found
[1.210s] -- Performing Test CMAKE_HAVE_LIBC_PTHREAD
[1.267s] -- Performing Test CMAKE_HAVE_LIBC_PTHREAD - Success
[1.268s] -- Found Threads: TRUE  
[1.422s] -- Found rclcpp_components: 16.0.6 (/opt/ros/humble/share/rclcpp_components/cmake)
[1.482s] -- Found geometry_msgs: 4.2.3 (/opt/ros/humble/share/geometry_msgs/cmake)
[1.522s] -- Found nav_msgs: 4.2.3 (/opt/ros/humble/share/nav_msgs/cmake)
[1.606s] -- Found sensor_msgs: 4.2.3 (/opt/ros/humble/share/sensor_msgs/cmake)
[1.689s] -- Found std_srvs: 4.2.3 (/opt/ros/humble/share/std_srvs/cmake)
[1.705s] -- Found visualization_msgs: 4.2.3 (/opt/ros/humble/share/visualization_msgs/cmake)
[1.829s] -- Found pcl_ros: 2.4.0 (/opt/ros/humble/share/pcl_ros/cmake)
[2.091s] -- Found eigen3_cmake_module: 0.1.1 (/opt/ros/humble/share/eigen3_cmake_module/cmake)
[2.092s] -- Found Eigen3: TRUE (found version "3.4.0") 
[2.092s] -- Ensuring Eigen3 include directory is part of orocos-kdl CMake target
[2.397s] -- Checking for module 'eigen3'
[2.408s] --   Found eigen3, version 3.4.0
[2.442s] -- Found Eigen: /usr/include/eigen3 (Required is at least version "3.1") 
[2.442s] -- Eigen found (include: /usr/include/eigen3, version: 3.4.0)
[2.490s] -- Checking for module 'flann'
[2.505s] --   Found flann, version 1.9.1
[2.547s] -- Found FLANN: /usr/lib/x86_64-linux-gnu/libflann_cpp.so  
[2.547s] -- FLANN found (include: /usr/include, lib: /usr/lib/x86_64-linux-gnu/libflann_cpp.so)
[3.446s] -- Checking for module 'libusb-1.0'
[3.466s] --   Found libusb-1.0, version 1.0.25
[3.503s] -- Found libusb: /usr/lib/x86_64-linux-gnu/libusb-1.0.so  
[3.504s] -- OpenNI found (version: 1.5.4.0, include: /usr/include/ni, lib: /usr/lib/libOpenNI.so;libusb::libusb)
[3.553s] -- OpenNI2 found (version: 2.2.0.33, include: /usr/include/openni2, lib: /usr/lib/x86_64-linux-gnu/libOpenNI2.so;libusb::libusb)
[3.697s] -- Eigen found (include: /usr/include/eigen3, version: 3.4.0)
[3.703s] -- OpenNI found (version: 1.5.4.0, include: /usr/include/ni, lib: /usr/lib/libOpenNI.so;libusb::libusb)
[3.708s] -- OpenNI2 found (version: 2.2.0.33, include: /usr/include/openni2, lib: /usr/lib/x86_64-linux-gnu/libOpenNI2.so;libusb::libusb)
[3.827s] -- Found Qhull version 8.0.2
[3.951s] -- OpenNI found (version: 1.5.4.0, include: /usr/include/ni, lib: /usr/lib/libOpenNI.so;libusb::libusb)
[4.073s] -- Found PCL_COMMON: /usr/lib/x86_64-linux-gnu/libpcl_common.so  
[4.074s] -- Found PCL_KDTREE: /usr/lib/x86_64-linux-gnu/libpcl_kdtree.so  
[4.075s] -- Found PCL_OCTREE: /usr/lib/x86_64-linux-gnu/libpcl_octree.so  
[4.076s] -- Found PCL_SEARCH: /usr/lib/x86_64-linux-gnu/libpcl_search.so  
[4.077s] -- Found PCL_SAMPLE_CONSENSUS: /usr/lib/x86_64-linux-gnu/libpcl_sample_consensus.so  
[4.078s] -- Found PCL_FILTERS: /usr/lib/x86_64-linux-gnu/libpcl_filters.so  
[4.078s] -- Found PCL_2D: /usr/include/pcl-1.12  
[4.078s] -- Found PCL_GEOMETRY: /usr/include/pcl-1.12  
[4.079s] -- Found PCL_IO: /usr/lib/x86_64-linux-gnu/libpcl_io.so  
[4.080s] -- Found PCL_FEATURES: /usr/lib/x86_64-linux-gnu/libpcl_features.so  
[4.081s] -- Found PCL_ML: /usr/lib/x86_64-linux-gnu/libpcl_ml.so  
[4.082s] -- Found PCL_SEGMENTATION: /usr/lib/x86_64-linux-gnu/libpcl_segmentation.so  
[4.083s] -- Found PCL_VISUALIZATION: /usr/lib/x86_64-linux-gnu/libpcl_visualization.so  
[4.084s] -- Found PCL_SURFACE: /usr/lib/x86_64-linux-gnu/libpcl_surface.so  
[4.085s] -- Found PCL_REGISTRATION: /usr/lib/x86_64-linux-gnu/libpcl_registration.so  
[4.086s] -- Found PCL_KEYPOINTS: /usr/lib/x86_64-linux-gnu/libpcl_keypoints.so  
[4.087s] -- Found PCL_TRACKING: /usr/lib/x86_64-linux-gnu/libpcl_tracking.so  
[4.088s] -- Found PCL_RECOGNITION: /usr/lib/x86_64-linux-gnu/libpcl_recognition.so  
[4.090s] -- Found PCL_STEREO: /usr/lib/x86_64-linux-gnu/libpcl_stereo.so  
[4.090s] -- Found PCL_APPS: /usr/lib/x86_64-linux-gnu/libpcl_apps.so  
[4.091s] -- Found PCL_IN_HAND_SCANNER: /usr/include/pcl-1.12  
[4.092s] -- Found PCL_MODELER: /usr/include/pcl-1.12  
[4.093s] -- Found PCL_POINT_CLOUD_EDITOR: /usr/include/pcl-1.12  
[4.094s] -- Found PCL_OUTOFCORE: /usr/lib/x86_64-linux-gnu/libpcl_outofcore.so  
[4.095s] -- Found PCL_PEOPLE: /usr/lib/x86_64-linux-gnu/libpcl_people.so  
[4.109s] -- Found livox_ros_driver2: 1.0.0 (/home/lx/ros2/ros/xiao_ying/install/livox_ros_driver2/share/livox_ros_driver2/cmake)
[4.292s] -- Found rosidl_default_generators: 1.2.0 (/opt/ros/humble/share/rosidl_default_generators/cmake)
[4.300s] [33mCMake Warning (dev) at CMakeLists.txt:81 (find_package):
[4.300s]   Policy CMP0074 is not set: find_package uses <PackageName>_ROOT variables.
[4.300s]   Run "cmake --help-policy CMP0074" for policy details.  Use the cmake_policy
[4.301s]   command to set the policy and suppress this warning.
[4.301s] 
[4.301s]   CMake variable PCL_ROOT is set to:
[4.301s] 
[4.301s]     /usr
[4.301s] 
[4.301s]   For compatibility, CMake is ignoring the variable.
[4.301s] This warning is for project developers.  Use -Wno-dev to suppress it.
[4.301s] [0m
[4.306s] [0mEigen:/usr/local/include/eigen3[0m
[4.306s] -- PCL: /usr/include/pcl-1.12
[4.519s] -- Found ament_cmake_ros: 0.10.0 (/opt/ros/humble/share/ament_cmake_ros/cmake)
[4.775s] -- Using all available rosidl_typesupport_c: rosidl_typesupport_fastrtps_c;rosidl_typesupport_introspection_c
[4.879s] -- Using all available rosidl_typesupport_cpp: rosidl_typesupport_fastrtps_cpp;rosidl_typesupport_introspection_cpp
[4.900s] -- Found PythonInterp: /usr/bin/python3 (found suitable version "3.10.12", minimum required is "3.6") 
[4.902s] -- Found python_cmake_module: 0.10.0 (/opt/ros/humble/share/python_cmake_module/cmake)
[4.923s] -- Found PythonLibs: /usr/lib/x86_64-linux-gnu/libpython3.10.so (found suitable version "3.10.12", minimum required is "3.5") 
[4.923s] -- Using PYTHON_EXECUTABLE: /usr/bin/python3
[4.924s] -- Using PYTHON_INCLUDE_DIRS: /usr/include/python3.10
[4.924s] -- Using PYTHON_LIBRARIES: /usr/lib/x86_64-linux-gnu/libpython3.10.so
[4.943s] -- Found PythonExtra: .so  
[5.050s] -- Configuring done
[5.105s] -- Generating done
[5.108s] [33mCMake Warning:
[5.108s]   Manually-specified variables were not used by the project:
[5.108s] 
[5.108s]     HUMBLE_ROS
[5.108s]     ROS_EDITION
[5.108s] 
[5.108s] [0m
[5.109s] -- Build files have been written to: /home/lx/ros2/ros/xiao_ying/build/fast_lio
[5.133s] Invoked command in '/home/lx/ros2/ros/xiao_ying/build/fast_lio' returned '0': AMENT_PREFIX_PATH=/home/lx/ros2/ros/xiao_ying/install/livox_ros_driver2:${AMENT_PREFIX_PATH} CMAKE_PREFIX_PATH=/home/lx/ros2/ros/xiao_ying/install/livox_ros_driver2:/opt/ros/humble LD_LIBRARY_PATH=/home/lx/ros2/ros/xiao_ying/install/livox_ros_driver2/lib:${LD_LIBRARY_PATH} PYTHONPATH=/home/lx/ros2/ros/xiao_ying/install/livox_ros_driver2/local/lib/python3.10/dist-packages:${PYTHONPATH} /usr/bin/cmake /home/lx/ros2/ros/xiao_ying/src/FAST_LIO -DROS_EDITION=ROS2 -DHUMBLE_ROS=humble -DCMAKE_INSTALL_PREFIX=/home/lx/ros2/ros/xiao_ying/install/fast_lio
[5.134s] Invoking command in '/home/lx/ros2/ros/xiao_ying/build/fast_lio': AMENT_PREFIX_PATH=/home/lx/ros2/ros/xiao_ying/install/livox_ros_driver2:${AMENT_PREFIX_PATH} CMAKE_PREFIX_PATH=/home/lx/ros2/ros/xiao_ying/install/livox_ros_driver2:/opt/ros/humble LD_LIBRARY_PATH=/home/lx/ros2/ros/xiao_ying/install/livox_ros_driver2/lib:${LD_LIBRARY_PATH} PYTHONPATH=/home/lx/ros2/ros/xiao_ying/install/livox_ros_driver2/local/lib/python3.10/dist-packages:${PYTHONPATH} /usr/bin/cmake --build /home/lx/ros2/ros/xiao_ying/build/fast_lio -- -j12 -l12
[5.169s] [  2%] [34m[1mGenerating C code for ROS interfaces[0m
[5.182s] [  5%] [34m[1mGenerating C++ code for ROS interfaces[0m
[5.186s] [  5%] Built target ament_cmake_python_copy_fast_lio
[5.477s] [  8%] [32mBuilding C object CMakeFiles/fast_lio__rosidl_generator_c.dir/rosidl_generator_c/fast_lio/msg/detail/pose6_d__functions.c.o[0m
[5.482s] [  8%] Built target fast_lio__cpp
[5.493s] [ 17%] [34m[1mGenerating C++ type support for eProsima Fast-RTPS[0m
[5.494s] [ 17%] [34m[1mGenerating C++ introspection for ROS interfaces[0m
[5.494s] [ 17%] [34m[1mGenerating C++ type support dispatch for ROS interfaces[0m
[5.503s] running egg_info
[5.504s] creating fast_lio.egg-info
[5.504s] writing fast_lio.egg-info/PKG-INFO
[5.504s] writing dependency_links to fast_lio.egg-info/dependency_links.txt
[5.505s] writing top-level names to fast_lio.egg-info/top_level.txt
[5.505s] writing manifest file 'fast_lio.egg-info/SOURCES.txt'
[5.508s] reading manifest file 'fast_lio.egg-info/SOURCES.txt'
[5.509s] writing manifest file 'fast_lio.egg-info/SOURCES.txt'
[5.561s] [ 17%] Built target ament_cmake_python_build_fast_lio_egg
[5.570s] [ 20%] [32m[1mLinking C shared library libfast_lio__rosidl_generator_c.so[0m
[5.601s] [ 20%] Built target fast_lio__rosidl_generator_c
[5.611s] [ 22%] [34m[1mGenerating C introspection for ROS interfaces[0m
[5.613s] [ 25%] [34m[1mGenerating C type support dispatch for ROS interfaces[0m
[5.613s] [ 28%] [34m[1mGenerating C type support for eProsima Fast-RTPS[0m
[5.928s] [ 31%] [32mBuilding CXX object CMakeFiles/fast_lio__rosidl_typesupport_c.dir/rosidl_typesupport_c/fast_lio/msg/pose6_d__type_support.cpp.o[0m
[5.950s] [ 34%] [32mBuilding CXX object CMakeFiles/fast_lio__rosidl_typesupport_fastrtps_cpp.dir/rosidl_typesupport_fastrtps_cpp/fast_lio/msg/detail/dds_fastrtps/pose6_d__type_support.cpp.o[0m
[5.955s] [ 37%] [32m[1mLinking CXX shared library libfast_lio__rosidl_typesupport_c.so[0m
[5.963s] [ 40%] [32mBuilding CXX object CMakeFiles/fast_lio__rosidl_typesupport_cpp.dir/rosidl_typesupport_cpp/fast_lio/msg/pose6_d__type_support.cpp.o[0m
[6.008s] [ 40%] Built target fast_lio__rosidl_typesupport_c
[6.019s] [ 42%] [32mBuilding CXX object CMakeFiles/fast_lio__rosidl_typesupport_introspection_cpp.dir/rosidl_typesupport_introspection_cpp/fast_lio/msg/detail/pose6_d__type_support.cpp.o[0m
[6.062s] [ 45%] [32mBuilding C object CMakeFiles/fast_lio__rosidl_typesupport_introspection_c.dir/rosidl_typesupport_introspection_c/fast_lio/msg/detail/pose6_d__type_support.c.o[0m
[6.119s] [ 48%] [32mBuilding CXX object CMakeFiles/fast_lio__rosidl_typesupport_fastrtps_c.dir/rosidl_typesupport_fastrtps_c/fast_lio/msg/detail/pose6_d__type_support_c.cpp.o[0m
[6.221s] [ 51%] [32m[1mLinking C shared library libfast_lio__rosidl_typesupport_introspection_c.so[0m
[6.263s] [ 51%] Built target fast_lio__rosidl_typesupport_introspection_c
[6.341s] [ 54%] [32m[1mLinking CXX shared library libfast_lio__rosidl_typesupport_cpp.so[0m
[6.382s] [ 54%] Built target fast_lio__rosidl_typesupport_cpp
[6.405s] [ 57%] [32mBuilding CXX object CMakeFiles/fastlio_mapping.dir/src/laserMapping.cpp.o[0m
[6.405s] [ 60%] [32mBuilding CXX object CMakeFiles/fastlio_mapping.dir/include/ikd-Tree/ikd_Tree.cpp.o[0m
[6.405s] [ 62%] [32mBuilding CXX object CMakeFiles/fastlio_mapping.dir/src/preprocess.cpp.o[0m
[6.487s] [ 65%] [32m[1mLinking CXX shared library libfast_lio__rosidl_typesupport_introspection_cpp.so[0m
[6.517s] [ 68%] [32m[1mLinking CXX shared library libfast_lio__rosidl_typesupport_fastrtps_cpp.so[0m
[6.539s] [ 68%] Built target fast_lio__rosidl_typesupport_introspection_cpp
[6.625s] [ 71%] [32m[1mLinking CXX shared library libfast_lio__rosidl_typesupport_fastrtps_c.so[0m
[6.652s] [ 71%] Built target fast_lio__rosidl_typesupport_fastrtps_cpp
[6.754s] [ 71%] Built target fast_lio__rosidl_typesupport_fastrtps_c
[6.778s] [ 71%] Built target fast_lio
[6.802s] [ 74%] [34m[1mGenerating Python code for ROS interfaces[0m
[7.574s] [ 74%] Built target fast_lio__py
[7.603s] [ 77%] [32mBuilding C object CMakeFiles/fast_lio__rosidl_generator_py.dir/rosidl_generator_py/fast_lio/msg/_pose6_d_s.c.o[0m
[7.754s] [ 80%] [32m[1mLinking C shared library rosidl_generator_py/fast_lio/libfast_lio__rosidl_generator_py.so[0m
[7.791s] [ 80%] Built target fast_lio__rosidl_generator_py
[7.812s] [ 82%] [32mBuilding C object CMakeFiles/fast_lio__rosidl_typesupport_introspection_c__pyext.dir/rosidl_generator_py/fast_lio/_fast_lio_s.ep.rosidl_typesupport_introspection_c.c.o[0m
[7.814s] [ 85%] [32mBuilding C object CMakeFiles/fast_lio__rosidl_typesupport_fastrtps_c__pyext.dir/rosidl_generator_py/fast_lio/_fast_lio_s.ep.rosidl_typesupport_fastrtps_c.c.o[0m
[7.816s] [ 88%] [32mBuilding C object CMakeFiles/fast_lio__rosidl_typesupport_c__pyext.dir/rosidl_generator_py/fast_lio/_fast_lio_s.ep.rosidl_typesupport_c.c.o[0m
[7.982s] [ 91%] [32m[1mLinking C shared library rosidl_generator_py/fast_lio/fast_lio_s__rosidl_typesupport_introspection_c.cpython-310-x86_64-linux-gnu.so[0m
[7.984s] [ 94%] [32m[1mLinking C shared library rosidl_generator_py/fast_lio/fast_lio_s__rosidl_typesupport_fastrtps_c.cpython-310-x86_64-linux-gnu.so[0m
[7.990s] [ 97%] [32m[1mLinking C shared library rosidl_generator_py/fast_lio/fast_lio_s__rosidl_typesupport_c.cpython-310-x86_64-linux-gnu.so[0m
[8.025s] [ 97%] Built target fast_lio__rosidl_typesupport_introspection_c__pyext
[8.036s] [ 97%] Built target fast_lio__rosidl_typesupport_c__pyext
[8.043s] [ 97%] Built target fast_lio__rosidl_typesupport_fastrtps_c__pyext
[14.091s] In file included from [01m[K/usr/include/boost/smart_ptr/detail/sp_thread_sleep.hpp:22[m[K,
[14.091s]                  from [01m[K/usr/include/boost/smart_ptr/detail/yield_k.hpp:23[m[K,
[14.091s]                  from [01m[K/usr/include/boost/smart_ptr/detail/spinlock_gcc_atomic.hpp:14[m[K,
[14.091s]                  from [01m[K/usr/include/boost/smart_ptr/detail/spinlock.hpp:42[m[K,
[14.091s]                  from [01m[K/usr/include/boost/smart_ptr/detail/spinlock_pool.hpp:25[m[K,
[14.091s]                  from [01m[K/usr/include/boost/smart_ptr/shared_ptr.hpp:29[m[K,
[14.091s]                  from [01m[K/usr/include/boost/shared_ptr.hpp:17[m[K,
[14.091s]                  from [01m[K/usr/include/boost/date_time/microsec_time_clock.hpp:18[m[K,
[14.091s]                  from [01m[K/usr/include/boost/interprocess/detail/posix_time_types_wrk.hpp:31[m[K,
[14.091s]                  from [01m[K/usr/include/boost/interprocess/detail/os_thread_functions.hpp:36[m[K,
[14.091s]                  from [01m[K/usr/include/boost/interprocess/sync/file_lock.hpp:26[m[K,
[14.091s]                  from [01m[K/usr/include/pcl-1.12/pcl/io/pcd_io.h:46[m[K,
[14.091s]                  from [01m[K/opt/ros/humble/include/pcl_conversions/pcl_conversions.h:72[m[K,
[14.091s]                  from [01m[K/home/lx/ros2/ros/xiao_ying/src/FAST_LIO/src/IMU_Processing.hpp:18[m[K,
[14.091s]                  from [01m[K/home/lx/ros2/ros/xiao_ying/src/FAST_LIO/src/laserMapping.cpp:47[m[K:
[14.091s] [01m[K/usr/include/boost/bind.hpp:36:1:[m[K [01;36m[Knote: [m[K‘[01m[K#pragma message: The practice of declaring the Bind placeholders (_1, _2, ...) in the global namespace is deprecated. Please use <boost/bind/bind.hpp> + using namespace boost::placeholders, or define BOOST_BIND_GLOBAL_PLACEHOLDERS to retain the current behavior.[m[K’
[14.091s]    36 | [01;36m[KBOOST_PRAGMA_MESSAGE[m[K(
[14.092s]       | [01;36m[K^~~~~~~~~~~~~~~~~~~~[m[K
[71.460s] [100%] [32m[1mLinking CXX executable fastlio_mapping[0m
[72.852s] [100%] Built target fastlio_mapping
[72.863s] Invoked command in '/home/lx/ros2/ros/xiao_ying/build/fast_lio' returned '0': AMENT_PREFIX_PATH=/home/lx/ros2/ros/xiao_ying/install/livox_ros_driver2:${AMENT_PREFIX_PATH} CMAKE_PREFIX_PATH=/home/lx/ros2/ros/xiao_ying/install/livox_ros_driver2:/opt/ros/humble LD_LIBRARY_PATH=/home/lx/ros2/ros/xiao_ying/install/livox_ros_driver2/lib:${LD_LIBRARY_PATH} PYTHONPATH=/home/lx/ros2/ros/xiao_ying/install/livox_ros_driver2/local/lib/python3.10/dist-packages:${PYTHONPATH} /usr/bin/cmake --build /home/lx/ros2/ros/xiao_ying/build/fast_lio -- -j12 -l12
[72.905s] Invoking command in '/home/lx/ros2/ros/xiao_ying/build/fast_lio': AMENT_PREFIX_PATH=/home/lx/ros2/ros/xiao_ying/install/livox_ros_driver2:${AMENT_PREFIX_PATH} CMAKE_PREFIX_PATH=/home/lx/ros2/ros/xiao_ying/install/livox_ros_driver2:/opt/ros/humble LD_LIBRARY_PATH=/home/lx/ros2/ros/xiao_ying/install/livox_ros_driver2/lib:${LD_LIBRARY_PATH} PYTHONPATH=/home/lx/ros2/ros/xiao_ying/install/livox_ros_driver2/local/lib/python3.10/dist-packages:${PYTHONPATH} /usr/bin/cmake --install /home/lx/ros2/ros/xiao_ying/build/fast_lio
[72.912s] -- Install configuration: "Release"
[72.912s] -- Installing: /home/lx/ros2/ros/xiao_ying/install/fast_lio/share/ament_index/resource_index/rosidl_interfaces/fast_lio
[72.912s] -- Installing: /home/lx/ros2/ros/xiao_ying/install/fast_lio/include/fast_lio/fast_lio
[72.912s] -- Installing: /home/lx/ros2/ros/xiao_ying/install/fast_lio/include/fast_lio/fast_lio/msg
[72.912s] -- Installing: /home/lx/ros2/ros/xiao_ying/install/fast_lio/include/fast_lio/fast_lio/msg/detail
[72.912s] -- Installing: /home/lx/ros2/ros/xiao_ying/install/fast_lio/include/fast_lio/fast_lio/msg/detail/pose6_d__struct.h
[72.912s] -- Installing: /home/lx/ros2/ros/xiao_ying/install/fast_lio/include/fast_lio/fast_lio/msg/detail/pose6_d__functions.c
[72.913s] -- Installing: /home/lx/ros2/ros/xiao_ying/install/fast_lio/include/fast_lio/fast_lio/msg/detail/pose6_d__type_support.h
[72.913s] -- Installing: /home/lx/ros2/ros/xiao_ying/install/fast_lio/include/fast_lio/fast_lio/msg/detail/pose6_d__functions.h
[72.913s] -- Installing: /home/lx/ros2/ros/xiao_ying/install/fast_lio/include/fast_lio/fast_lio/msg/pose6_d.h
[72.913s] -- Installing: /home/lx/ros2/ros/xiao_ying/install/fast_lio/include/fast_lio/fast_lio/msg/rosidl_generator_c__visibility_control.h
[72.913s] -- Installing: /home/lx/ros2/ros/xiao_ying/install/fast_lio/share/fast_lio/environment/library_path.sh
[72.913s] -- Installing: /home/lx/ros2/ros/xiao_ying/install/fast_lio/share/fast_lio/environment/library_path.dsv
[72.913s] -- Installing: /home/lx/ros2/ros/xiao_ying/install/fast_lio/lib/libfast_lio__rosidl_generator_c.so
[72.913s] -- Set runtime path of "/home/lx/ros2/ros/xiao_ying/install/fast_lio/lib/libfast_lio__rosidl_generator_c.so" to ""
[72.913s] -- Up-to-date: /home/lx/ros2/ros/xiao_ying/install/fast_lio/include/fast_lio/fast_lio
[72.913s] -- Up-to-date: /home/lx/ros2/ros/xiao_ying/install/fast_lio/include/fast_lio/fast_lio/msg
[72.913s] -- Up-to-date: /home/lx/ros2/ros/xiao_ying/install/fast_lio/include/fast_lio/fast_lio/msg/detail
[72.913s] -- Installing: /home/lx/ros2/ros/xiao_ying/install/fast_lio/include/fast_lio/fast_lio/msg/detail/pose6_d__rosidl_typesupport_fastrtps_c.h
[72.913s] -- Installing: /home/lx/ros2/ros/xiao_ying/install/fast_lio/include/fast_lio/fast_lio/msg/rosidl_typesupport_fastrtps_c__visibility_control.h
[72.913s] -- Installing: /home/lx/ros2/ros/xiao_ying/install/fast_lio/lib/libfast_lio__rosidl_typesupport_fastrtps_c.so
[72.914s] -- Set runtime path of "/home/lx/ros2/ros/xiao_ying/install/fast_lio/lib/libfast_lio__rosidl_typesupport_fastrtps_c.so" to ""
[72.914s] -- Up-to-date: /home/lx/ros2/ros/xiao_ying/install/fast_lio/include/fast_lio/fast_lio
[72.914s] -- Up-to-date: /home/lx/ros2/ros/xiao_ying/install/fast_lio/include/fast_lio/fast_lio/msg
[72.914s] -- Up-to-date: /home/lx/ros2/ros/xiao_ying/install/fast_lio/include/fast_lio/fast_lio/msg/detail
[72.914s] -- Installing: /home/lx/ros2/ros/xiao_ying/install/fast_lio/include/fast_lio/fast_lio/msg/detail/pose6_d__struct.hpp
[72.914s] -- Installing: /home/lx/ros2/ros/xiao_ying/install/fast_lio/include/fast_lio/fast_lio/msg/detail/pose6_d__traits.hpp
[72.914s] -- Installing: /home/lx/ros2/ros/xiao_ying/install/fast_lio/include/fast_lio/fast_lio/msg/detail/pose6_d__builder.hpp
[72.914s] -- Installing: /home/lx/ros2/ros/xiao_ying/install/fast_lio/include/fast_lio/fast_lio/msg/pose6_d.hpp
[72.914s] -- Up-to-date: /home/lx/ros2/ros/xiao_ying/install/fast_lio/include/fast_lio/fast_lio
[72.914s] -- Up-to-date: /home/lx/ros2/ros/xiao_ying/install/fast_lio/include/fast_lio/fast_lio/msg
[72.914s] -- Up-to-date: /home/lx/ros2/ros/xiao_ying/install/fast_lio/include/fast_lio/fast_lio/msg/detail
[72.914s] -- Installing: /home/lx/ros2/ros/xiao_ying/install/fast_lio/include/fast_lio/fast_lio/msg/detail/dds_fastrtps
[72.914s] -- Installing: /home/lx/ros2/ros/xiao_ying/install/fast_lio/include/fast_lio/fast_lio/msg/detail/pose6_d__rosidl_typesupport_fastrtps_cpp.hpp
[72.914s] -- Installing: /home/lx/ros2/ros/xiao_ying/install/fast_lio/include/fast_lio/fast_lio/msg/rosidl_typesupport_fastrtps_cpp__visibility_control.h
[72.914s] -- Installing: /home/lx/ros2/ros/xiao_ying/install/fast_lio/lib/libfast_lio__rosidl_typesupport_fastrtps_cpp.so
[72.914s] -- Set runtime path of "/home/lx/ros2/ros/xiao_ying/install/fast_lio/lib/libfast_lio__rosidl_typesupport_fastrtps_cpp.so" to ""
[72.915s] -- Up-to-date: /home/lx/ros2/ros/xiao_ying/install/fast_lio/include/fast_lio/fast_lio
[72.915s] -- Up-to-date: /home/lx/ros2/ros/xiao_ying/install/fast_lio/include/fast_lio/fast_lio/msg
[72.915s] -- Up-to-date: /home/lx/ros2/ros/xiao_ying/install/fast_lio/include/fast_lio/fast_lio/msg/detail
[72.915s] -- Installing: /home/lx/ros2/ros/xiao_ying/install/fast_lio/include/fast_lio/fast_lio/msg/detail/pose6_d__type_support.c
[72.915s] -- Installing: /home/lx/ros2/ros/xiao_ying/install/fast_lio/include/fast_lio/fast_lio/msg/detail/pose6_d__rosidl_typesupport_introspection_c.h
[72.915s] -- Installing: /home/lx/ros2/ros/xiao_ying/install/fast_lio/include/fast_lio/fast_lio/msg/rosidl_typesupport_introspection_c__visibility_control.h
[72.915s] -- Installing: /home/lx/ros2/ros/xiao_ying/install/fast_lio/lib/libfast_lio__rosidl_typesupport_introspection_c.so
[72.915s] -- Set runtime path of "/home/lx/ros2/ros/xiao_ying/install/fast_lio/lib/libfast_lio__rosidl_typesupport_introspection_c.so" to ""
[72.915s] -- Installing: /home/lx/ros2/ros/xiao_ying/install/fast_lio/lib/libfast_lio__rosidl_typesupport_c.so
[72.915s] -- Set runtime path of "/home/lx/ros2/ros/xiao_ying/install/fast_lio/lib/libfast_lio__rosidl_typesupport_c.so" to ""
[72.915s] -- Up-to-date: /home/lx/ros2/ros/xiao_ying/install/fast_lio/include/fast_lio/fast_lio
[72.915s] -- Up-to-date: /home/lx/ros2/ros/xiao_ying/install/fast_lio/include/fast_lio/fast_lio/msg
[72.915s] -- Up-to-date: /home/lx/ros2/ros/xiao_ying/install/fast_lio/include/fast_lio/fast_lio/msg/detail
[72.915s] -- Installing: /home/lx/ros2/ros/xiao_ying/install/fast_lio/include/fast_lio/fast_lio/msg/detail/pose6_d__type_support.cpp
[72.916s] -- Installing: /home/lx/ros2/ros/xiao_ying/install/fast_lio/include/fast_lio/fast_lio/msg/detail/pose6_d__rosidl_typesupport_introspection_cpp.hpp
[72.916s] -- Installing: /home/lx/ros2/ros/xiao_ying/install/fast_lio/lib/libfast_lio__rosidl_typesupport_introspection_cpp.so
[72.916s] -- Set runtime path of "/home/lx/ros2/ros/xiao_ying/install/fast_lio/lib/libfast_lio__rosidl_typesupport_introspection_cpp.so" to ""
[72.916s] -- Installing: /home/lx/ros2/ros/xiao_ying/install/fast_lio/lib/libfast_lio__rosidl_typesupport_cpp.so
[72.916s] -- Set runtime path of "/home/lx/ros2/ros/xiao_ying/install/fast_lio/lib/libfast_lio__rosidl_typesupport_cpp.so" to ""
[72.916s] -- Installing: /home/lx/ros2/ros/xiao_ying/install/fast_lio/share/fast_lio/environment/pythonpath.sh
[72.916s] -- Installing: /home/lx/ros2/ros/xiao_ying/install/fast_lio/share/fast_lio/environment/pythonpath.dsv
[72.916s] -- Installing: /home/lx/ros2/ros/xiao_ying/install/fast_lio/local/lib/python3.10/dist-packages/fast_lio-0.0.0-py3.10.egg-info
[72.916s] -- Installing: /home/lx/ros2/ros/xiao_ying/install/fast_lio/local/lib/python3.10/dist-packages/fast_lio-0.0.0-py3.10.egg-info/top_level.txt
[72.916s] -- Installing: /home/lx/ros2/ros/xiao_ying/install/fast_lio/local/lib/python3.10/dist-packages/fast_lio-0.0.0-py3.10.egg-info/PKG-INFO
[72.916s] -- Installing: /home/lx/ros2/ros/xiao_ying/install/fast_lio/local/lib/python3.10/dist-packages/fast_lio-0.0.0-py3.10.egg-info/SOURCES.txt
[72.916s] -- Installing: /home/lx/ros2/ros/xiao_ying/install/fast_lio/local/lib/python3.10/dist-packages/fast_lio-0.0.0-py3.10.egg-info/dependency_links.txt
[72.917s] -- Installing: /home/lx/ros2/ros/xiao_ying/install/fast_lio/local/lib/python3.10/dist-packages/fast_lio
[72.917s] -- Installing: /home/lx/ros2/ros/xiao_ying/install/fast_lio/local/lib/python3.10/dist-packages/fast_lio/fast_lio_s__rosidl_typesupport_c.cpython-310-x86_64-linux-gnu.so
[72.917s] -- Installing: /home/lx/ros2/ros/xiao_ying/install/fast_lio/local/lib/python3.10/dist-packages/fast_lio/fast_lio_s__rosidl_typesupport_fastrtps_c.cpython-310-x86_64-linux-gnu.so
[72.917s] -- Installing: /home/lx/ros2/ros/xiao_ying/install/fast_lio/local/lib/python3.10/dist-packages/fast_lio/_fast_lio_s.ep.rosidl_typesupport_fastrtps_c.c
[72.917s] -- Installing: /home/lx/ros2/ros/xiao_ying/install/fast_lio/local/lib/python3.10/dist-packages/fast_lio/libfast_lio__rosidl_generator_py.so
[72.917s] -- Installing: /home/lx/ros2/ros/xiao_ying/install/fast_lio/local/lib/python3.10/dist-packages/fast_lio/_fast_lio_s.ep.rosidl_typesupport_c.c
[72.917s] -- Installing: /home/lx/ros2/ros/xiao_ying/install/fast_lio/local/lib/python3.10/dist-packages/fast_lio/msg
[72.917s] -- Installing: /home/lx/ros2/ros/xiao_ying/install/fast_lio/local/lib/python3.10/dist-packages/fast_lio/msg/_pose6_d.py
[72.917s] -- Installing: /home/lx/ros2/ros/xiao_ying/install/fast_lio/local/lib/python3.10/dist-packages/fast_lio/msg/_pose6_d_s.c
[72.918s] -- Installing: /home/lx/ros2/ros/xiao_ying/install/fast_lio/local/lib/python3.10/dist-packages/fast_lio/msg/__init__.py
[72.918s] -- Installing: /home/lx/ros2/ros/xiao_ying/install/fast_lio/local/lib/python3.10/dist-packages/fast_lio/_fast_lio_s.ep.rosidl_typesupport_introspection_c.c
[72.918s] -- Installing: /home/lx/ros2/ros/xiao_ying/install/fast_lio/local/lib/python3.10/dist-packages/fast_lio/__init__.py
[72.918s] -- Installing: /home/lx/ros2/ros/xiao_ying/install/fast_lio/local/lib/python3.10/dist-packages/fast_lio/fast_lio_s__rosidl_typesupport_introspection_c.cpython-310-x86_64-linux-gnu.so
[72.948s] Listing '/home/lx/ros2/ros/xiao_ying/install/fast_lio/local/lib/python3.10/dist-packages/fast_lio'...
[72.949s] Compiling '/home/lx/ros2/ros/xiao_ying/install/fast_lio/local/lib/python3.10/dist-packages/fast_lio/__init__.py'...
[72.949s] Listing '/home/lx/ros2/ros/xiao_ying/install/fast_lio/local/lib/python3.10/dist-packages/fast_lio/msg'...
[72.949s] Compiling '/home/lx/ros2/ros/xiao_ying/install/fast_lio/local/lib/python3.10/dist-packages/fast_lio/msg/__init__.py'...
[72.949s] Compiling '/home/lx/ros2/ros/xiao_ying/install/fast_lio/local/lib/python3.10/dist-packages/fast_lio/msg/_pose6_d.py'...
[72.956s] -- Installing: /home/lx/ros2/ros/xiao_ying/install/fast_lio/local/lib/python3.10/dist-packages/fast_lio/fast_lio_s__rosidl_typesupport_fastrtps_c.cpython-310-x86_64-linux-gnu.so
[72.956s] -- Set runtime path of "/home/lx/ros2/ros/xiao_ying/install/fast_lio/local/lib/python3.10/dist-packages/fast_lio/fast_lio_s__rosidl_typesupport_fastrtps_c.cpython-310-x86_64-linux-gnu.so" to ""
[72.956s] -- Installing: /home/lx/ros2/ros/xiao_ying/install/fast_lio/local/lib/python3.10/dist-packages/fast_lio/fast_lio_s__rosidl_typesupport_introspection_c.cpython-310-x86_64-linux-gnu.so
[72.956s] -- Set runtime path of "/home/lx/ros2/ros/xiao_ying/install/fast_lio/local/lib/python3.10/dist-packages/fast_lio/fast_lio_s__rosidl_typesupport_introspection_c.cpython-310-x86_64-linux-gnu.so" to ""
[72.956s] -- Installing: /home/lx/ros2/ros/xiao_ying/install/fast_lio/local/lib/python3.10/dist-packages/fast_lio/fast_lio_s__rosidl_typesupport_c.cpython-310-x86_64-linux-gnu.so
[72.956s] -- Set runtime path of "/home/lx/ros2/ros/xiao_ying/install/fast_lio/local/lib/python3.10/dist-packages/fast_lio/fast_lio_s__rosidl_typesupport_c.cpython-310-x86_64-linux-gnu.so" to ""
[72.957s] -- Installing: /home/lx/ros2/ros/xiao_ying/install/fast_lio/lib/libfast_lio__rosidl_generator_py.so
[72.957s] -- Set runtime path of "/home/lx/ros2/ros/xiao_ying/install/fast_lio/lib/libfast_lio__rosidl_generator_py.so" to ""
[72.957s] -- Installing: /home/lx/ros2/ros/xiao_ying/install/fast_lio/share/fast_lio/msg/Pose6D.idl
[72.957s] -- Installing: /home/lx/ros2/ros/xiao_ying/install/fast_lio/share/fast_lio/msg/Pose6D.msg
[72.957s] -- Installing: /home/lx/ros2/ros/xiao_ying/install/fast_lio/lib/fast_lio/fastlio_mapping
[72.959s] -- Set runtime path of "/home/lx/ros2/ros/xiao_ying/install/fast_lio/lib/fast_lio/fastlio_mapping" to ""
[72.959s] -- Installing: /home/lx/ros2/ros/xiao_ying/install/fast_lio/share/fast_lio/config
[72.959s] -- Installing: /home/lx/ros2/ros/xiao_ying/install/fast_lio/share/fast_lio/config/avia.yaml
[72.959s] -- Installing: /home/lx/ros2/ros/xiao_ying/install/fast_lio/share/fast_lio/config/horizon.yaml
[72.959s] -- Installing: /home/lx/ros2/ros/xiao_ying/install/fast_lio/share/fast_lio/config/mid360.yaml
[72.963s] -- Installing: /home/lx/ros2/ros/xiao_ying/install/fast_lio/share/fast_lio/config/velodyne.yaml
[72.963s] -- Installing: /home/lx/ros2/ros/xiao_ying/install/fast_lio/share/fast_lio/config/ouster64.yaml
[72.963s] -- Installing: /home/lx/ros2/ros/xiao_ying/install/fast_lio/share/fast_lio/launch
[72.963s] -- Installing: /home/lx/ros2/ros/xiao_ying/install/fast_lio/share/fast_lio/launch/mapping.launch.py
[72.963s] -- Installing: /home/lx/ros2/ros/xiao_ying/install/fast_lio/share/fast_lio/launch/mapping_avia.launch
[72.963s] -- Installing: /home/lx/ros2/ros/xiao_ying/install/fast_lio/share/fast_lio/launch/gdb_debug_example.launch
[72.963s] -- Installing: /home/lx/ros2/ros/xiao_ying/install/fast_lio/share/fast_lio/launch/mapping_velodyne.launch
[72.963s] -- Installing: /home/lx/ros2/ros/xiao_ying/install/fast_lio/share/fast_lio/launch/mapping_horizon.launch
[72.963s] -- Installing: /home/lx/ros2/ros/xiao_ying/install/fast_lio/share/fast_lio/launch/mapping_ouster64.launch
[72.963s] -- Installing: /home/lx/ros2/ros/xiao_ying/install/fast_lio/share/fast_lio/rviz
[72.963s] -- Installing: /home/lx/ros2/ros/xiao_ying/install/fast_lio/share/fast_lio/rviz/fastlio.rviz
[72.963s] -- Installing: /home/lx/ros2/ros/xiao_ying/install/fast_lio/share/ament_index/resource_index/package_run_dependencies/fast_lio
[72.964s] -- Installing: /home/lx/ros2/ros/xiao_ying/install/fast_lio/share/ament_index/resource_index/parent_prefix_path/fast_lio
[72.964s] -- Installing: /home/lx/ros2/ros/xiao_ying/install/fast_lio/share/fast_lio/environment/ament_prefix_path.sh
[72.964s] -- Installing: /home/lx/ros2/ros/xiao_ying/install/fast_lio/share/fast_lio/environment/ament_prefix_path.dsv
[72.964s] -- Installing: /home/lx/ros2/ros/xiao_ying/install/fast_lio/share/fast_lio/environment/path.sh
[72.964s] -- Installing: /home/lx/ros2/ros/xiao_ying/install/fast_lio/share/fast_lio/environment/path.dsv
[72.964s] -- Installing: /home/lx/ros2/ros/xiao_ying/install/fast_lio/share/fast_lio/local_setup.bash
[72.964s] -- Installing: /home/lx/ros2/ros/xiao_ying/install/fast_lio/share/fast_lio/local_setup.sh
[72.965s] -- Installing: /home/lx/ros2/ros/xiao_ying/install/fast_lio/share/fast_lio/local_setup.zsh
[72.965s] -- Installing: /home/lx/ros2/ros/xiao_ying/install/fast_lio/share/fast_lio/local_setup.dsv
[72.965s] -- Installing: /home/lx/ros2/ros/xiao_ying/install/fast_lio/share/fast_lio/package.dsv
[72.965s] -- Installing: /home/lx/ros2/ros/xiao_ying/install/fast_lio/share/ament_index/resource_index/packages/fast_lio
[72.965s] -- Installing: /home/lx/ros2/ros/xiao_ying/install/fast_lio/share/fast_lio/cmake/export_fast_lio__rosidl_generator_cExport.cmake
[72.965s] -- Installing: /home/lx/ros2/ros/xiao_ying/install/fast_lio/share/fast_lio/cmake/export_fast_lio__rosidl_generator_cExport-release.cmake
[72.965s] -- Installing: /home/lx/ros2/ros/xiao_ying/install/fast_lio/share/fast_lio/cmake/export_fast_lio__rosidl_typesupport_fastrtps_cExport.cmake
[72.965s] -- Installing: /home/lx/ros2/ros/xiao_ying/install/fast_lio/share/fast_lio/cmake/export_fast_lio__rosidl_typesupport_fastrtps_cExport-release.cmake
[72.965s] -- Installing: /home/lx/ros2/ros/xiao_ying/install/fast_lio/share/fast_lio/cmake/export_fast_lio__rosidl_generator_cppExport.cmake
[72.965s] -- Installing: /home/lx/ros2/ros/xiao_ying/install/fast_lio/share/fast_lio/cmake/export_fast_lio__rosidl_typesupport_fastrtps_cppExport.cmake
[72.966s] -- Installing: /home/lx/ros2/ros/xiao_ying/install/fast_lio/share/fast_lio/cmake/export_fast_lio__rosidl_typesupport_fastrtps_cppExport-release.cmake
[72.966s] -- Installing: /home/lx/ros2/ros/xiao_ying/install/fast_lio/share/fast_lio/cmake/fast_lio__rosidl_typesupport_introspection_cExport.cmake
[72.966s] -- Installing: /home/lx/ros2/ros/xiao_ying/install/fast_lio/share/fast_lio/cmake/fast_lio__rosidl_typesupport_introspection_cExport-release.cmake
[72.966s] -- Installing: /home/lx/ros2/ros/xiao_ying/install/fast_lio/share/fast_lio/cmake/fast_lio__rosidl_typesupport_cExport.cmake
[72.966s] -- Installing: /home/lx/ros2/ros/xiao_ying/install/fast_lio/share/fast_lio/cmake/fast_lio__rosidl_typesupport_cExport-release.cmake
[72.966s] -- Installing: /home/lx/ros2/ros/xiao_ying/install/fast_lio/share/fast_lio/cmake/fast_lio__rosidl_typesupport_introspection_cppExport.cmake
[72.966s] -- Installing: /home/lx/ros2/ros/xiao_ying/install/fast_lio/share/fast_lio/cmake/fast_lio__rosidl_typesupport_introspection_cppExport-release.cmake
[72.966s] -- Installing: /home/lx/ros2/ros/xiao_ying/install/fast_lio/share/fast_lio/cmake/fast_lio__rosidl_typesupport_cppExport.cmake
[72.966s] -- Installing: /home/lx/ros2/ros/xiao_ying/install/fast_lio/share/fast_lio/cmake/fast_lio__rosidl_typesupport_cppExport-release.cmake
[72.966s] -- Installing: /home/lx/ros2/ros/xiao_ying/install/fast_lio/share/fast_lio/cmake/export_fast_lio__rosidl_generator_pyExport.cmake
[72.967s] -- Installing: /home/lx/ros2/ros/xiao_ying/install/fast_lio/share/fast_lio/cmake/export_fast_lio__rosidl_generator_pyExport-release.cmake
[72.967s] -- Installing: /home/lx/ros2/ros/xiao_ying/install/fast_lio/share/fast_lio/cmake/rosidl_cmake-extras.cmake
[72.967s] -- Installing: /home/lx/ros2/ros/xiao_ying/install/fast_lio/share/fast_lio/cmake/ament_cmake_export_include_directories-extras.cmake
[72.967s] -- Installing: /home/lx/ros2/ros/xiao_ying/install/fast_lio/share/fast_lio/cmake/ament_cmake_export_libraries-extras.cmake
[72.967s] -- Installing: /home/lx/ros2/ros/xiao_ying/install/fast_lio/share/fast_lio/cmake/ament_cmake_export_targets-extras.cmake
[72.967s] -- Installing: /home/lx/ros2/ros/xiao_ying/install/fast_lio/share/fast_lio/cmake/rosidl_cmake_export_typesupport_targets-extras.cmake
[72.967s] -- Installing: /home/lx/ros2/ros/xiao_ying/install/fast_lio/share/fast_lio/cmake/ament_cmake_export_dependencies-extras.cmake
[72.967s] -- Installing: /home/lx/ros2/ros/xiao_ying/install/fast_lio/share/fast_lio/cmake/rosidl_cmake_export_typesupport_libraries-extras.cmake
[72.967s] -- Installing: /home/lx/ros2/ros/xiao_ying/install/fast_lio/share/fast_lio/cmake/fast_lioConfig.cmake
[72.967s] -- Installing: /home/lx/ros2/ros/xiao_ying/install/fast_lio/share/fast_lio/cmake/fast_lioConfig-version.cmake
[72.967s] -- Installing: /home/lx/ros2/ros/xiao_ying/install/fast_lio/share/fast_lio/package.xml
[72.969s] Invoked command in '/home/lx/ros2/ros/xiao_ying/build/fast_lio' returned '0': AMENT_PREFIX_PATH=/home/lx/ros2/ros/xiao_ying/install/livox_ros_driver2:${AMENT_PREFIX_PATH} CMAKE_PREFIX_PATH=/home/lx/ros2/ros/xiao_ying/install/livox_ros_driver2:/opt/ros/humble LD_LIBRARY_PATH=/home/lx/ros2/ros/xiao_ying/install/livox_ros_driver2/lib:${LD_LIBRARY_PATH} PYTHONPATH=/home/lx/ros2/ros/xiao_ying/install/livox_ros_driver2/local/lib/python3.10/dist-packages:${PYTHONPATH} /usr/bin/cmake --install /home/lx/ros2/ros/xiao_ying/build/fast_lio
