[0.010s] Invoking command in '/home/lx/ros2/gezebo_ws/build/my_car': CMAKE_PREFIX_PATH=${CMAKE_PREFIX_PATH}:/home/lx/ros2/gezebo_ws/install/lesson_urdf:/opt/ros/humble /usr/bin/cmake --build /home/lx/ros2/gezebo_ws/build/my_car -- -j12 -l12
[0.027s] -- Found ament_cmake: 1.3.5 (/opt/ros/humble/share/ament_cmake/cmake)
[0.132s] -- Found rclcpp: 16.0.4 (/opt/ros/humble/share/rclcpp/cmake)
[0.155s] -- Found rosidl_generator_c: 3.1.4 (/opt/ros/humble/share/rosidl_generator_c/cmake)
[0.157s] -- Found rosidl_adapter: 3.1.4 (/opt/ros/humble/share/rosidl_adapter/cmake)
[0.162s] -- Found rosidl_generator_cpp: 3.1.4 (/opt/ros/humble/share/rosidl_generator_cpp/cmake)
[0.171s] -- Using all available rosidl_typesupport_c: rosidl_typesupport_fastrtps_c;rosidl_typesupport_introspection_c
[0.183s] -- Using all available rosidl_typesupport_cpp: rosidl_typesupport_fastrtps_cpp;rosidl_typesupport_introspection_cpp
[0.231s] -- Found rmw_implementation_cmake: 6.1.1 (/opt/ros/humble/share/rmw_implementation_cmake/cmake)
[0.232s] -- Found rmw_fastrtps_cpp: 6.2.2 (/opt/ros/humble/share/rmw_fastrtps_cpp/cmake)
[0.320s] -- Using RMW implementation 'rmw_fastrtps_cpp' as default
[0.452s] -- Found urdf: 2.6.0 (/opt/ros/humble/share/urdf/cmake)
[0.469s] -- Found sensor_msgs: 4.2.3 (/opt/ros/humble/share/sensor_msgs/cmake)
[0.578s] -- Found ament_lint_auto: 0.12.6 (/opt/ros/humble/share/ament_lint_auto/cmake)
[0.629s] -- Added test 'cppcheck' to perform static code analysis on C / C++ code
[0.629s] -- Configured cppcheck include dirs: 
[0.629s] -- Configured cppcheck exclude dirs and/or files: 
[0.629s] -- Added test 'flake8' to check Python code syntax and style conventions
[0.629s] -- Added test 'lint_cmake' to check CMake code style
[0.630s] -- Added test 'pep257' to check Python code against some of the docstring style conventions in PEP 257
[0.630s] -- Added test 'uncrustify' to check C / C++ code style
[0.630s] -- Configured uncrustify additional arguments: 
[0.630s] -- Added test 'xmllint' to check XML markup files
[0.632s] -- Configuring done
[0.639s] -- Generating done
[0.640s] -- Build files have been written to: /home/lx/ros2/gezebo_ws/build/my_car
[0.659s] [35m[1mConsolidate compiler generated dependencies of target joint_control[0m
[0.671s] [ 50%] [32m[1mLinking CXX executable joint_control[0m
[0.803s] [100%] Built target joint_control
[0.810s] Invoked command in '/home/lx/ros2/gezebo_ws/build/my_car' returned '0': CMAKE_PREFIX_PATH=${CMAKE_PREFIX_PATH}:/home/lx/ros2/gezebo_ws/install/lesson_urdf:/opt/ros/humble /usr/bin/cmake --build /home/lx/ros2/gezebo_ws/build/my_car -- -j12 -l12
[0.833s] Invoking command in '/home/lx/ros2/gezebo_ws/build/my_car': CMAKE_PREFIX_PATH=${CMAKE_PREFIX_PATH}:/home/lx/ros2/gezebo_ws/install/lesson_urdf:/opt/ros/humble /usr/bin/cmake --install /home/lx/ros2/gezebo_ws/build/my_car
[0.838s] -- Install configuration: ""
[0.839s] -- Up-to-date: /home/lx/ros2/gezebo_ws/install/my_car/share/ament_index/resource_index/package_run_dependencies/my_car
[0.839s] -- Up-to-date: /home/lx/ros2/gezebo_ws/install/my_car/share/ament_index/resource_index/parent_prefix_path/my_car
[0.839s] -- Up-to-date: /home/lx/ros2/gezebo_ws/install/my_car/share/my_car/environment/ament_prefix_path.sh
[0.839s] -- Installing: /home/lx/ros2/gezebo_ws/install/my_car/share/my_car/environment/ament_prefix_path.dsv
[0.839s] -- Up-to-date: /home/lx/ros2/gezebo_ws/install/my_car/share/my_car/environment/path.sh
[0.839s] -- Installing: /home/lx/ros2/gezebo_ws/install/my_car/share/my_car/environment/path.dsv
[0.839s] -- Up-to-date: /home/lx/ros2/gezebo_ws/install/my_car/share/my_car/local_setup.bash
[0.839s] -- Up-to-date: /home/lx/ros2/gezebo_ws/install/my_car/share/my_car/local_setup.sh
[0.839s] -- Up-to-date: /home/lx/ros2/gezebo_ws/install/my_car/share/my_car/local_setup.zsh
[0.839s] -- Installing: /home/lx/ros2/gezebo_ws/install/my_car/share/my_car/local_setup.dsv
[0.839s] -- Installing: /home/lx/ros2/gezebo_ws/install/my_car/share/my_car/package.dsv
[0.840s] -- Up-to-date: /home/lx/ros2/gezebo_ws/install/my_car/share/ament_index/resource_index/packages/my_car
[0.840s] -- Up-to-date: /home/lx/ros2/gezebo_ws/install/my_car/share/my_car/cmake/my_carConfig.cmake
[0.840s] -- Up-to-date: /home/lx/ros2/gezebo_ws/install/my_car/share/my_car/cmake/my_carConfig-version.cmake
[0.840s] -- Up-to-date: /home/lx/ros2/gezebo_ws/install/my_car/share/my_car/package.xml
[0.840s] -- Up-to-date: /home/lx/ros2/gezebo_ws/install/my_car/share/my_car/launch
[0.840s] -- Up-to-date: /home/lx/ros2/gezebo_ws/install/my_car/share/my_car/launch/start.launch.py
[0.840s] -- Up-to-date: /home/lx/ros2/gezebo_ws/install/my_car/share/my_car/urdf
[0.840s] -- Up-to-date: /home/lx/ros2/gezebo_ws/install/my_car/share/my_car/urdf/my_car.urdf
[0.840s] -- Up-to-date: /home/lx/ros2/gezebo_ws/install/my_car/share/my_car/rviz
[0.840s] -- Up-to-date: /home/lx/ros2/gezebo_ws/install/my_car/share/my_car/rviz/show.rviz
[0.840s] -- Installing: /home/lx/ros2/gezebo_ws/install/my_car/lib/my_car/joint_control
[0.840s] -- Set runtime path of "/home/lx/ros2/gezebo_ws/install/my_car/lib/my_car/joint_control" to ""
[0.842s] Invoked command in '/home/lx/ros2/gezebo_ws/build/my_car' returned '0': CMAKE_PREFIX_PATH=${CMAKE_PREFIX_PATH}:/home/lx/ros2/gezebo_ws/install/lesson_urdf:/opt/ros/humble /usr/bin/cmake --install /home/lx/ros2/gezebo_ws/build/my_car
