[0.027s] Invoking command in '/home/johan/ws_fast/build/pointcloud_to_laserscan': CMAKE_PREFIX_PATH=/opt/ros/humble /usr/bin/cmake /home/johan/ws_fast/src/pointcloud_to_laserscan-rolling -DCMAKE_INSTALL_PREFIX=/home/johan/ws_fast/install/pointcloud_to_laserscan
[0.037s] -- Found ament_cmake: 1.3.5 (/opt/ros/humble/share/ament_cmake/cmake)
[0.138s] -- Found laser_geometry: 2.4.0 (/opt/ros/humble/share/laser_geometry/cmake)
[0.159s] -- Found rosidl_generator_c: 3.1.5 (/opt/ros/humble/share/rosidl_generator_c/cmake)
[0.161s] -- Found rosidl_adapter: 3.1.5 (/opt/ros/humble/share/rosidl_adapter/cmake)
[0.165s] -- Found rosidl_generator_cpp: 3.1.5 (/opt/ros/humble/share/rosidl_generator_cpp/cmake)
[0.172s] -- Using all available rosidl_typesupport_c: rosidl_typesupport_fastrtps_c;rosidl_typesupport_introspection_c
[0.182s] -- Using all available rosidl_typesupport_cpp: rosidl_typesupport_fastrtps_cpp;rosidl_typesupport_introspection_cpp
[0.220s] -- Found rmw_implementation_cmake: 6.1.1 (/opt/ros/humble/share/rmw_implementation_cmake/cmake)
[0.221s] -- Found rmw_fastrtps_cpp: 6.2.4 (/opt/ros/humble/share/rmw_fastrtps_cpp/cmake)
[0.296s] -- Using RMW implementation 'rmw_fastrtps_cpp' as default
[0.499s] -- Found message_filters: 4.3.3 (/opt/ros/humble/share/message_filters/cmake)
[0.503s] -- Found rclcpp_components: 16.0.6 (/opt/ros/humble/share/rclcpp_components/cmake)
[0.541s] -- Found tf2_ros: 0.25.4 (/opt/ros/humble/share/tf2_ros/cmake)
[0.712s] -- Found tf2_sensor_msgs: 0.25.4 (/opt/ros/humble/share/tf2_sensor_msgs/cmake)
[0.727s] -- Found ament_lint_auto: 0.12.8 (/opt/ros/humble/share/ament_lint_auto/cmake)
[0.773s] -- Added test 'cppcheck' to perform static code analysis on C / C++ code
[0.773s] -- Configured cppcheck include dirs: $<BUILD_INTERFACE:/home/johan/ws_fast/src/pointcloud_to_laserscan-rolling/include>
[0.773s] -- Configured cppcheck exclude dirs and/or files: 
[0.773s] -- Added test 'cpplint' to check C / C++ code against the Google style
[0.773s] -- Configured cpplint exclude dirs and/or files: 
[0.773s] -- Added test 'flake8' to check Python code syntax and style conventions
[0.774s] -- Added test 'lint_cmake' to check CMake code style
[0.774s] -- Added test 'pep257' to check Python code against some of the docstring style conventions in PEP 257
[0.774s] -- Added test 'uncrustify' to check C / C++ code style
[0.774s] -- Configured uncrustify additional arguments: 
[0.774s] -- Added test 'xmllint' to check XML markup files
[0.775s] -- Configuring done
[0.779s] [31mCMake Error at CMakeLists.txt:15 (add_library):
[0.779s]   Target "laserscan_to_pointcloud" links to target
[0.779s]   "tf2_sensor_msgs::tf2_sensor_msgs" but the target was not found.  Perhaps a
[0.779s]   find_package() call is missing for an IMPORTED target, or an ALIAS target
[0.779s]   is missing?
[0.780s] 
[0.780s] [0m
[0.780s] [31mCMake Error at CMakeLists.txt:36 (add_library):
[0.780s]   Target "pointcloud_to_laserscan" links to target
[0.780s]   "tf2_sensor_msgs::tf2_sensor_msgs" but the target was not found.  Perhaps a
[0.780s]   find_package() call is missing for an IMPORTED target, or an ALIAS target
[0.780s]   is missing?
[0.780s] 
[0.780s] [0m
[0.790s] -- Generating done
[0.791s] [0mCMake Generate step failed.  Build files cannot be regenerated correctly.[0m
[0.828s] Invoked command in '/home/johan/ws_fast/build/pointcloud_to_laserscan' returned '1': CMAKE_PREFIX_PATH=/opt/ros/humble /usr/bin/cmake /home/johan/ws_fast/src/pointcloud_to_laserscan-rolling -DCMAKE_INSTALL_PREFIX=/home/johan/ws_fast/install/pointcloud_to_laserscan
