[0.064s] Invoking command in '/home/lx/ros2/xiao_ying/build/imu_to_odom': CMAKE_PREFIX_PATH=${CMAKE_PREFIX_PATH}:/opt/ros/humble /usr/bin/cmake --build /home/lx/ros2/xiao_ying/build/imu_to_odom -- -j12 -l12
[0.102s] [ 50%] [32mBuilding CXX object CMakeFiles/imu_to_odom.dir/src/imu_to_odom.cpp.o[0m
[2.778s] [100%] [32m[1mLinking CXX executable imu_to_odom[0m
[2.865s] [100%] Built target imu_to_odom
[2.872s] Invoked command in '/home/lx/ros2/xiao_ying/build/imu_to_odom' returned '0': CMAKE_PREFIX_PATH=${CMAKE_PREFIX_PATH}:/opt/ros/humble /usr/bin/cmake --build /home/lx/ros2/xiao_ying/build/imu_to_odom -- -j12 -l12
[2.895s] Invoking command in '/home/lx/ros2/xiao_ying/build/imu_to_odom': CMAKE_PREFIX_PATH=${CMAKE_PREFIX_PATH}:/opt/ros/humble /usr/bin/cmake --install /home/lx/ros2/xiao_ying/build/imu_to_odom
[2.900s] -- Install configuration: ""
[2.900s] -- Up-to-date: /home/lx/ros2/xiao_ying/install/imu_to_odom/include/
[2.900s] -- Up-to-date: /home/lx/ros2/xiao_ying/install/imu_to_odom/include//imu_to_odom
[2.901s] -- Installing: /home/lx/ros2/xiao_ying/install/imu_to_odom/include//imu_to_odom/imu_to_odom.hpp
[2.901s] -- Installing: /home/lx/ros2/xiao_ying/install/imu_to_odom/lib/imu_to_odom/imu_to_odom
[2.901s] -- Set runtime path of "/home/lx/ros2/xiao_ying/install/imu_to_odom/lib/imu_to_odom/imu_to_odom" to ""
[2.901s] -- Up-to-date: /home/lx/ros2/xiao_ying/install/imu_to_odom/share/ament_index/resource_index/package_run_dependencies/imu_to_odom
[2.902s] -- Up-to-date: /home/lx/ros2/xiao_ying/install/imu_to_odom/share/ament_index/resource_index/parent_prefix_path/imu_to_odom
[2.902s] -- Up-to-date: /home/lx/ros2/xiao_ying/install/imu_to_odom/share/imu_to_odom/environment/ament_prefix_path.sh
[2.902s] -- Up-to-date: /home/lx/ros2/xiao_ying/install/imu_to_odom/share/imu_to_odom/environment/ament_prefix_path.dsv
[2.902s] -- Up-to-date: /home/lx/ros2/xiao_ying/install/imu_to_odom/share/imu_to_odom/environment/path.sh
[2.902s] -- Up-to-date: /home/lx/ros2/xiao_ying/install/imu_to_odom/share/imu_to_odom/environment/path.dsv
[2.902s] -- Up-to-date: /home/lx/ros2/xiao_ying/install/imu_to_odom/share/imu_to_odom/local_setup.bash
[2.902s] -- Up-to-date: /home/lx/ros2/xiao_ying/install/imu_to_odom/share/imu_to_odom/local_setup.sh
[2.902s] -- Up-to-date: /home/lx/ros2/xiao_ying/install/imu_to_odom/share/imu_to_odom/local_setup.zsh
[2.902s] -- Up-to-date: /home/lx/ros2/xiao_ying/install/imu_to_odom/share/imu_to_odom/local_setup.dsv
[2.902s] -- Up-to-date: /home/lx/ros2/xiao_ying/install/imu_to_odom/share/imu_to_odom/package.dsv
[2.902s] -- Up-to-date: /home/lx/ros2/xiao_ying/install/imu_to_odom/share/ament_index/resource_index/packages/imu_to_odom
[2.902s] -- Up-to-date: /home/lx/ros2/xiao_ying/install/imu_to_odom/share/imu_to_odom/cmake/imu_to_odomConfig.cmake
[2.902s] -- Up-to-date: /home/lx/ros2/xiao_ying/install/imu_to_odom/share/imu_to_odom/cmake/imu_to_odomConfig-version.cmake
[2.902s] -- Up-to-date: /home/lx/ros2/xiao_ying/install/imu_to_odom/share/imu_to_odom/package.xml
[2.903s] Invoked command in '/home/lx/ros2/xiao_ying/build/imu_to_odom' returned '0': CMAKE_PREFIX_PATH=${CMAKE_PREFIX_PATH}:/opt/ros/humble /usr/bin/cmake --install /home/lx/ros2/xiao_ying/build/imu_to_odom
