[0.054s] Invoking command in '/home/lx/ros2/ros/nav2_ws/build/nav2_costmap_2d': AMENT_PREFIX_PATH=/home/lx/ros2/ros/nav2_ws/install/nav2_map_server:/home/lx/ros2/ros/nav2_ws/install/nav2_lifecycle_manager:/home/lx/ros2/ros/nav2_ws/install/nav2_util:/home/lx/ros2/ros/nav2_ws/install/nav2_voxel_grid:/home/lx/ros2/ros/nav2_ws/install/nav2_msgs:/home/lx/ros2/ros/nav2_ws/install/nav2_common:${AMENT_PREFIX_PATH} CMAKE_PREFIX_PATH=/home/lx/ros2/ros/nav2_ws/install/nav2_map_server:/home/lx/ros2/ros/nav2_ws/install/nav2_lifecycle_manager:/home/lx/ros2/ros/nav2_ws/install/nav2_util:/home/lx/ros2/ros/nav2_ws/install/nav2_voxel_grid:/home/lx/ros2/ros/nav2_ws/install/nav2_msgs:/home/lx/ros2/ros/nav2_ws/install/nav2_common:/opt/ros/humble LD_LIBRARY_PATH=/home/lx/ros2/ros/nav2_ws/install/nav2_map_server/lib:/home/lx/ros2/ros/nav2_ws/install/nav2_lifecycle_manager/lib:/home/lx/ros2/ros/nav2_ws/install/nav2_util/lib:/home/lx/ros2/ros/nav2_ws/install/nav2_voxel_grid/lib:/home/lx/ros2/ros/nav2_ws/install/nav2_msgs/lib:${LD_LIBRARY_PATH} PYTHONPATH=/home/lx/ros2/ros/nav2_ws/install/nav2_msgs/local/lib/python3.10/dist-packages:/home/lx/ros2/ros/nav2_ws/install/nav2_common/local/lib/python3.10/dist-packages:${PYTHONPATH} /usr/bin/cmake /home/lx/ros2/ros/nav2_ws/src/navigation2/nav2_costmap_2d -DCMAKE_INSTALL_PREFIX=/home/lx/ros2/ros/nav2_ws/install/nav2_costmap_2d
[0.098s] -- The C compiler identification is GNU 11.4.0
[0.147s] -- The CXX compiler identification is GNU 11.4.0
[0.155s] -- Detecting C compiler ABI info
[0.211s] -- Detecting C compiler ABI info - done
[0.217s] -- Check for working C compiler: /usr/bin/cc - skipped
[0.217s] -- Detecting C compile features
[0.217s] -- Detecting C compile features - done
[0.220s] -- Detecting CXX compiler ABI info
[0.284s] -- Detecting CXX compiler ABI info - done
[0.296s] -- Check for working CXX compiler: /usr/bin/c++ - skipped
[0.296s] -- Detecting CXX compile features
[0.296s] -- Detecting CXX compile features - done
[0.300s] -- Found ament_cmake: 1.3.5 (/opt/ros/humble/share/ament_cmake/cmake)
[0.454s] -- Found Python3: /usr/bin/python3.10 (found version "3.10.12") found components: Interpreter 
[0.534s] -- Found geometry_msgs: 4.2.3 (/opt/ros/humble/share/geometry_msgs/cmake)
[0.568s] -- Found rosidl_generator_c: 3.1.5 (/opt/ros/humble/share/rosidl_generator_c/cmake)
[0.573s] -- Found rosidl_adapter: 3.1.5 (/opt/ros/humble/share/rosidl_adapter/cmake)
[0.581s] -- Found rosidl_generator_cpp: 3.1.5 (/opt/ros/humble/share/rosidl_generator_cpp/cmake)
[0.593s] -- Using all available rosidl_typesupport_c: rosidl_typesupport_fastrtps_c;rosidl_typesupport_introspection_c
[0.611s] -- Using all available rosidl_typesupport_cpp: rosidl_typesupport_fastrtps_cpp;rosidl_typesupport_introspection_cpp
[0.722s] -- Found laser_geometry: 2.4.0 (/opt/ros/humble/share/laser_geometry/cmake)
[0.785s] -- Found rmw_implementation_cmake: 6.1.1 (/opt/ros/humble/share/rmw_implementation_cmake/cmake)
[0.787s] -- Found rmw_fastrtps_cpp: 6.2.4 (/opt/ros/humble/share/rmw_fastrtps_cpp/cmake)
[0.874s] -- Found OpenSSL: /usr/lib/x86_64-linux-gnu/libcrypto.so (found version "3.0.2")  
[0.910s] -- Found FastRTPS: /opt/ros/humble/include  
[0.951s] -- Using RMW implementation 'rmw_fastrtps_cpp' as default
[0.960s] -- Looking for pthread.h
[1.015s] -- Looking for pthread.h - found
[1.015s] -- Performing Test CMAKE_HAVE_LIBC_PTHREAD
[1.074s] -- Performing Test CMAKE_HAVE_LIBC_PTHREAD - Success
[1.075s] -- Found Threads: TRUE  
[1.314s] -- Found map_msgs: 2.1.0 (/opt/ros/humble/share/map_msgs/cmake)
[1.549s] -- Found message_filters: 4.3.3 (/opt/ros/humble/share/message_filters/cmake)
[1.555s] -- Found nav2_common: 1.1.12 (/home/lx/ros2/ros/nav2_ws/install/nav2_common/share/nav2_common/cmake)
[1.555s] -- Found nav2_msgs: 1.1.12 (/home/lx/ros2/ros/nav2_ws/install/nav2_msgs/share/nav2_msgs/cmake)
[1.751s] -- Found nav2_util: 1.1.12 (/home/lx/ros2/ros/nav2_ws/install/nav2_util/share/nav2_util/cmake)
[2.040s] -- Found Eigen3: TRUE (found version "3.4.0") 
[2.040s] -- Ensuring Eigen3 include directory is part of orocos-kdl CMake target
[2.236s] -- Found nav2_voxel_grid: 1.1.12 (/home/lx/ros2/ros/nav2_ws/install/nav2_voxel_grid/share/nav2_voxel_grid/cmake)
[2.240s] -- Found pluginlib: 5.1.0 (/opt/ros/humble/share/pluginlib/cmake)
[2.256s] -- Found std_srvs: 4.2.3 (/opt/ros/humble/share/std_srvs/cmake)
[2.276s] -- Found tf2_sensor_msgs: 0.25.4 (/opt/ros/humble/share/tf2_sensor_msgs/cmake)
[2.296s] -- Found visualization_msgs: 4.2.3 (/opt/ros/humble/share/visualization_msgs/cmake)
[2.413s] -- Found angles: 1.15.0 (/opt/ros/humble/share/angles/cmake)
[2.415s] -- Setting build type to Release as none was specified.
[5.495s] -- Found ament_lint_auto: 0.12.8 (/opt/ros/humble/share/ament_lint_auto/cmake)
[7.283s] -- Found gtest sources under '/opt/ros/humble/src/gtest_vendor': C++ tests using 'Google Test' will be built
[7.301s] -- Found gtest sources under '/opt/ros/humble/src/gtest_vendor': C++ tests using 'Google Test' will be built
[10.343s] -- Found gtest sources under '/opt/ros/humble/src/gtest_vendor': C++ tests using 'Google Test' will be built
[10.845s] -- Added test 'cppcheck' to perform static code analysis on C / C++ code
[10.847s] -- Configured cppcheck include dirs: /home/lx/ros2/ros/nav2_ws/src/navigation2/nav2_costmap_2d/include
[10.847s] -- Configured cppcheck exclude dirs and/or files: 
[10.848s] -- Added test 'flake8' to check Python code syntax and style conventions
[10.849s] -- Added test 'lint_cmake' to check CMake code style
[10.849s] -- Added test 'pep257' to check Python code against some of the docstring style conventions in PEP 257
[10.852s] -- Added test 'uncrustify' to check C / C++ code style
[10.852s] -- Configured uncrustify additional arguments: 
[10.853s] -- Added test 'xmllint' to check XML markup files
[10.855s] -- Configuring done
[11.407s] -- Generating done
[11.410s] -- Build files have been written to: /home/lx/ros2/ros/nav2_ws/build/nav2_costmap_2d
[11.425s] Invoked command in '/home/lx/ros2/ros/nav2_ws/build/nav2_costmap_2d' returned '0': AMENT_PREFIX_PATH=/home/lx/ros2/ros/nav2_ws/install/nav2_map_server:/home/lx/ros2/ros/nav2_ws/install/nav2_lifecycle_manager:/home/lx/ros2/ros/nav2_ws/install/nav2_util:/home/lx/ros2/ros/nav2_ws/install/nav2_voxel_grid:/home/lx/ros2/ros/nav2_ws/install/nav2_msgs:/home/lx/ros2/ros/nav2_ws/install/nav2_common:${AMENT_PREFIX_PATH} CMAKE_PREFIX_PATH=/home/lx/ros2/ros/nav2_ws/install/nav2_map_server:/home/lx/ros2/ros/nav2_ws/install/nav2_lifecycle_manager:/home/lx/ros2/ros/nav2_ws/install/nav2_util:/home/lx/ros2/ros/nav2_ws/install/nav2_voxel_grid:/home/lx/ros2/ros/nav2_ws/install/nav2_msgs:/home/lx/ros2/ros/nav2_ws/install/nav2_common:/opt/ros/humble LD_LIBRARY_PATH=/home/lx/ros2/ros/nav2_ws/install/nav2_map_server/lib:/home/lx/ros2/ros/nav2_ws/install/nav2_lifecycle_manager/lib:/home/lx/ros2/ros/nav2_ws/install/nav2_util/lib:/home/lx/ros2/ros/nav2_ws/install/nav2_voxel_grid/lib:/home/lx/ros2/ros/nav2_ws/install/nav2_msgs/lib:${LD_LIBRARY_PATH} PYTHONPATH=/home/lx/ros2/ros/nav2_ws/install/nav2_msgs/local/lib/python3.10/dist-packages:/home/lx/ros2/ros/nav2_ws/install/nav2_common/local/lib/python3.10/dist-packages:${PYTHONPATH} /usr/bin/cmake /home/lx/ros2/ros/nav2_ws/src/navigation2/nav2_costmap_2d -DCMAKE_INSTALL_PREFIX=/home/lx/ros2/ros/nav2_ws/install/nav2_costmap_2d
[11.426s] Invoking command in '/home/lx/ros2/ros/nav2_ws/build/nav2_costmap_2d': AMENT_PREFIX_PATH=/home/lx/ros2/ros/nav2_ws/install/nav2_map_server:/home/lx/ros2/ros/nav2_ws/install/nav2_lifecycle_manager:/home/lx/ros2/ros/nav2_ws/install/nav2_util:/home/lx/ros2/ros/nav2_ws/install/nav2_voxel_grid:/home/lx/ros2/ros/nav2_ws/install/nav2_msgs:/home/lx/ros2/ros/nav2_ws/install/nav2_common:${AMENT_PREFIX_PATH} CMAKE_PREFIX_PATH=/home/lx/ros2/ros/nav2_ws/install/nav2_map_server:/home/lx/ros2/ros/nav2_ws/install/nav2_lifecycle_manager:/home/lx/ros2/ros/nav2_ws/install/nav2_util:/home/lx/ros2/ros/nav2_ws/install/nav2_voxel_grid:/home/lx/ros2/ros/nav2_ws/install/nav2_msgs:/home/lx/ros2/ros/nav2_ws/install/nav2_common:/opt/ros/humble LD_LIBRARY_PATH=/home/lx/ros2/ros/nav2_ws/install/nav2_map_server/lib:/home/lx/ros2/ros/nav2_ws/install/nav2_lifecycle_manager/lib:/home/lx/ros2/ros/nav2_ws/install/nav2_util/lib:/home/lx/ros2/ros/nav2_ws/install/nav2_voxel_grid/lib:/home/lx/ros2/ros/nav2_ws/install/nav2_msgs/lib:${LD_LIBRARY_PATH} PYTHONPATH=/home/lx/ros2/ros/nav2_ws/install/nav2_msgs/local/lib/python3.10/dist-packages:/home/lx/ros2/ros/nav2_ws/install/nav2_common/local/lib/python3.10/dist-packages:${PYTHONPATH} /usr/bin/cmake --build /home/lx/ros2/ros/nav2_ws/build/nav2_costmap_2d -- -j12 -l12
[11.468s] [  6%] [32mBuilding CXX object CMakeFiles/nav2_costmap_2d_core.dir/src/costmap_2d.cpp.o[0m
[11.468s] [  6%] [32mBuilding CXX object test/regression/CMakeFiles/order_layer.dir/order_layer.cpp.o[0m
[11.469s] [  7%] [32mBuilding CXX object CMakeFiles/nav2_costmap_2d_core.dir/src/layered_costmap.cpp.o[0m
[11.469s] [  6%] [32mBuilding CXX object CMakeFiles/nav2_costmap_2d_core.dir/src/array_parser.cpp.o[0m
[11.469s] [  8%] [32mBuilding CXX object CMakeFiles/nav2_costmap_2d_core.dir/src/layer.cpp.o[0m
[11.469s] [  8%] [32mBuilding CXX object gtest/CMakeFiles/gtest_main.dir/src/gtest_main.cc.o[0m
[11.469s] [  9%] [32mBuilding CXX object CMakeFiles/nav2_costmap_2d_core.dir/src/costmap_2d_ros.cpp.o[0m
[11.469s] [ 10%] [32mBuilding CXX object CMakeFiles/nav2_costmap_2d_core.dir/src/costmap_math.cpp.o[0m
[11.469s] [  6%] [32mBuilding CXX object gtest/CMakeFiles/gtest.dir/src/gtest-all.cc.o[0m
[11.471s] [ 12%] [32mBuilding CXX object CMakeFiles/nav2_costmap_2d_core.dir/src/footprint.cpp.o[0m
[11.477s] [ 14%] [32mBuilding CXX object CMakeFiles/nav2_costmap_2d_core.dir/src/costmap_2d_publisher.cpp.o[0m
[11.478s] [ 14%] [32mBuilding CXX object CMakeFiles/nav2_costmap_2d_core.dir/src/costmap_layer.cpp.o[0m
[12.343s] [ 15%] [32mBuilding CXX object CMakeFiles/nav2_costmap_2d_core.dir/src/observation_buffer.cpp.o[0m
[12.582s] [ 17%] [32mBuilding CXX object CMakeFiles/nav2_costmap_2d_core.dir/src/clear_costmap_service.cpp.o[0m
[13.144s] [ 18%] [32m[1mLinking CXX static library libgtest_main.a[0m
[13.303s] [ 19%] [32mBuilding CXX object CMakeFiles/nav2_costmap_2d_core.dir/src/footprint_collision_checker.cpp.o[0m
[13.339s] [ 19%] Built target gtest_main
[13.362s] [ 20%] [32mBuilding CXX object CMakeFiles/nav2_costmap_2d_core.dir/plugins/costmap_filters/costmap_filter.cpp.o[0m
[18.323s] [ 21%] [32m[1mLinking CXX shared library liborder_layer.so[0m
[18.874s] [ 21%] Built target order_layer
[22.873s] [ 23%] [32m[1mLinking CXX static library libgtest.a[0m
[22.907s] [ 23%] Built target gtest
[39.445s] [ 24%] [32m[1mLinking CXX shared library libnav2_costmap_2d_core.so[0m
[40.204s] [ 24%] Built target nav2_costmap_2d_core
[40.332s] [ 25%] [32mBuilding CXX object CMakeFiles/layers.dir/plugins/static_layer.cpp.o[0m
[40.334s] [ 26%] [32mBuilding CXX object CMakeFiles/layers.dir/plugins/inflation_layer.cpp.o[0m
[40.341s] [ 29%] [32mBuilding CXX object CMakeFiles/filters.dir/plugins/costmap_filters/keepout_filter.cpp.o[0m
[40.353s] [ 28%] [32mBuilding CXX object CMakeFiles/layers.dir/plugins/obstacle_layer.cpp.o[0m
[40.372s] [ 30%] [32mBuilding CXX object CMakeFiles/nav2_costmap_2d_client.dir/src/footprint_subscriber.cpp.o[0m
[40.372s] [ 31%] [32mBuilding CXX object CMakeFiles/filters.dir/plugins/costmap_filters/speed_filter.cpp.o[0m
[40.373s] [ 32%] [32mBuilding CXX object CMakeFiles/layers.dir/src/observation_buffer.cpp.o[0m
[40.375s] [ 34%] [32mBuilding CXX object CMakeFiles/filters.dir/plugins/costmap_filters/binary_filter.cpp.o[0m
[40.375s] [ 35%] [32mBuilding CXX object CMakeFiles/nav2_costmap_2d_markers.dir/src/costmap_2d_markers.cpp.o[0m
[40.397s] [ 36%] [32mBuilding CXX object CMakeFiles/layers.dir/plugins/voxel_layer.cpp.o[0m
[40.437s] [ 37%] [32mBuilding CXX object CMakeFiles/nav2_costmap_2d_cloud.dir/src/costmap_2d_cloud.cpp.o[0m
[40.477s] [ 39%] [32mBuilding CXX object test/unit/CMakeFiles/array_parser_test.dir/array_parser_test.cpp.o[0m
[46.678s] [ 40%] [32m[1mLinking CXX executable array_parser_test[0m
[47.529s] [ 40%] Built target array_parser_test
[47.579s] [ 41%] [32mBuilding CXX object CMakeFiles/layers.dir/plugins/range_sensor_layer.cpp.o[0m
[67.349s] [ 42%] [32mBuilding CXX object CMakeFiles/nav2_costmap_2d_client.dir/src/costmap_topic_collision_checker.cpp.o[0m
[68.399s] [ 43%] [32m[1mLinking CXX executable nav2_costmap_2d_cloud[0m
[68.811s] [ 43%] Built target nav2_costmap_2d_cloud
[69.726s] [ 45%] [32m[1mLinking CXX executable nav2_costmap_2d_markers[0m
[70.113s] [ 45%] Built target nav2_costmap_2d_markers
[73.153s] [ 46%] [32mBuilding CXX object CMakeFiles/nav2_costmap_2d_client.dir/src/costmap_subscriber.cpp.o[0m
[75.257s] [ 47%] [32m[1mLinking CXX shared library libfilters.so[0m
[75.675s] [ 47%] Built target filters
[78.661s] [ 48%] [32mBuilding CXX object CMakeFiles/layers.dir/plugins/denoise_layer.cpp.o[0m
[82.584s] [ 50%] [32m[1mLinking CXX shared library libnav2_costmap_2d_client.so[0m
[82.907s] [ 51%] [32m[1mLinking CXX shared library liblayers.so[0m
[82.958s] [ 51%] Built target nav2_costmap_2d_client
[83.382s] [ 51%] Built target layers
[83.403s] [ 52%] [32mBuilding CXX object test/unit/CMakeFiles/speed_filter_test.dir/speed_filter_test.cpp.o[0m
[88.431s] [ 53%] [32mBuilding CXX object test/regression/CMakeFiles/plugin_api_order.dir/plugin_api_order.cpp.o[0m
[88.433s] [ 54%] [32mBuilding CXX object test/unit/CMakeFiles/binary_filter_test.dir/binary_filter_test.cpp.o[0m
[88.435s] [ 56%] [32mBuilding CXX object test/unit/CMakeFiles/keepout_filter_test.dir/keepout_filter_test.cpp.o[0m
[89.449s] [ 57%] [32mBuilding CXX object test/integration/CMakeFiles/dyn_params_tests.dir/dyn_params_tests.cpp.o[0m
[89.451s] [ 58%] [32mBuilding CXX object test/regression/CMakeFiles/costmap_bresenham_2d.dir/costmap_bresenham_2d.cpp.o[0m
[90.583s] [ 59%] [32mBuilding CXX object test/unit/CMakeFiles/copy_window_test.dir/copy_window_test.cpp.o[0m
[90.596s] [ 60%] [32mBuilding CXX object test/unit/CMakeFiles/costmap_filter_service_test.dir/costmap_filter_service_test.cpp.o[0m
[90.606s] [ 62%] [32mBuilding CXX object test/unit/CMakeFiles/costmap_filter_test.dir/costmap_filter_test.cpp.o[0m
[91.734s] [ 64%] [32mBuilding CXX object test/unit/CMakeFiles/declare_parameter_test.dir/declare_parameter_test.cpp.o[0m
[91.734s] [ 64%] [32mBuilding CXX object test/unit/CMakeFiles/costmap_convesion_test.dir/costmap_conversion_test.cpp.o[0m
[93.706s] [ 65%] [32m[1mLinking CXX executable costmap_bresenham_2d[0m
[94.794s] [ 65%] Built target costmap_bresenham_2d
[101.768s] [ 67%] [32m[1mLinking CXX executable copy_window_test[0m
[102.078s] [ 68%] [32m[1mLinking CXX executable costmap_filter_test[0m
[102.426s] [ 68%] Built target copy_window_test
[102.704s] [ 69%] [32m[1mLinking CXX executable costmap_convesion_test[0m
[102.732s] [ 69%] Built target costmap_filter_test
[103.404s] [ 69%] Built target costmap_convesion_test
[103.575s] [ 70%] [32m[1mLinking CXX executable plugin_api_order[0m
[104.051s] [ 70%] Built target plugin_api_order
[104.860s] [ 71%] [32m[1mLinking CXX executable declare_parameter_test[0m
[105.251s] [ 73%] [32m[1mLinking CXX executable costmap_filter_service_test[0m
[105.328s] [ 73%] Built target declare_parameter_test
[105.525s] [ 73%] Built target costmap_filter_service_test
[106.937s] [ 74%] [32m[1mLinking CXX executable keepout_filter_test[0m
[107.273s] [ 74%] Built target keepout_filter_test
[107.277s] [ 75%] [32m[1mLinking CXX executable dyn_params_tests[0m
[107.293s] [ 76%] [32m[1mLinking CXX executable speed_filter_test[0m
[107.786s] [ 76%] Built target dyn_params_tests
[107.829s] [ 76%] Built target speed_filter_test
[111.986s] [ 78%] [32m[1mLinking CXX executable binary_filter_test[0m
[112.257s] [ 78%] Built target binary_filter_test
[112.276s] [ 79%] [32mBuilding CXX object CMakeFiles/nav2_costmap_2d.dir/src/costmap_2d_node.cpp.o[0m
[116.013s] [ 80%] [32m[1mLinking CXX executable nav2_costmap_2d[0m
[116.237s] [ 80%] Built target nav2_costmap_2d
[116.255s] [ 81%] [32mBuilding CXX object test/integration/CMakeFiles/range_tests_exec.dir/range_tests.cpp.o[0m
[124.651s] [ 82%] [32m[1mLinking CXX executable range_tests_exec[0m
[125.991s] [ 82%] Built target range_tests_exec
[126.141s] [ 84%] [32mBuilding CXX object test/integration/CMakeFiles/obstacle_tests_exec.dir/obstacle_tests.cpp.o[0m
[126.145s] [ 85%] [32mBuilding CXX object test/integration/CMakeFiles/inflation_tests_exec.dir/inflation_tests.cpp.o[0m
[126.186s] [ 86%] [32mBuilding CXX object test/integration/CMakeFiles/test_collision_checker_exec.dir/test_costmap_topic_collision_checker.cpp.o[0m
[126.197s] [ 87%] [32mBuilding CXX object test/integration/CMakeFiles/footprint_tests_exec.dir/footprint_tests.cpp.o[0m
[135.690s] [ 89%] [32m[1mLinking CXX executable footprint_tests_exec[0m
[136.394s] [ 89%] Built target footprint_tests_exec
[144.246s] [ 90%] [32m[1mLinking CXX executable obstacle_tests_exec[0m
[144.682s] [ 91%] [32m[1mLinking CXX executable test_collision_checker_exec[0m
[144.805s] [ 91%] Built target obstacle_tests_exec
[144.839s] [ 92%] [32mBuilding CXX object test/unit/CMakeFiles/denoise_layer_test.dir/denoise_layer_test.cpp.o[0m
[144.844s] [ 93%] [32mBuilding CXX object test/unit/CMakeFiles/denoise_layer_test.dir/image_test.cpp.o[0m
[145.377s] [ 95%] [32m[1mLinking CXX executable inflation_tests_exec[0m
[145.643s] [ 95%] Built target test_collision_checker_exec
[145.665s] [ 96%] [32mBuilding CXX object test/unit/CMakeFiles/collision_footprint_test.dir/footprint_collision_checker_test.cpp.o[0m
[145.858s] [ 96%] Built target inflation_tests_exec
[146.839s] [ 97%] [32mBuilding CXX object test/unit/CMakeFiles/denoise_layer_test.dir/image_processing_test.cpp.o[0m
[152.911s] [ 98%] [32m[1mLinking CXX executable collision_footprint_test[0m
[153.544s] [ 98%] Built target collision_footprint_test
[154.408s] [100%] [32m[1mLinking CXX executable denoise_layer_test[0m
[155.567s] [100%] Built target denoise_layer_test
[155.658s] Invoked command in '/home/lx/ros2/ros/nav2_ws/build/nav2_costmap_2d' returned '0': AMENT_PREFIX_PATH=/home/lx/ros2/ros/nav2_ws/install/nav2_map_server:/home/lx/ros2/ros/nav2_ws/install/nav2_lifecycle_manager:/home/lx/ros2/ros/nav2_ws/install/nav2_util:/home/lx/ros2/ros/nav2_ws/install/nav2_voxel_grid:/home/lx/ros2/ros/nav2_ws/install/nav2_msgs:/home/lx/ros2/ros/nav2_ws/install/nav2_common:${AMENT_PREFIX_PATH} CMAKE_PREFIX_PATH=/home/lx/ros2/ros/nav2_ws/install/nav2_map_server:/home/lx/ros2/ros/nav2_ws/install/nav2_lifecycle_manager:/home/lx/ros2/ros/nav2_ws/install/nav2_util:/home/lx/ros2/ros/nav2_ws/install/nav2_voxel_grid:/home/lx/ros2/ros/nav2_ws/install/nav2_msgs:/home/lx/ros2/ros/nav2_ws/install/nav2_common:/opt/ros/humble LD_LIBRARY_PATH=/home/lx/ros2/ros/nav2_ws/install/nav2_map_server/lib:/home/lx/ros2/ros/nav2_ws/install/nav2_lifecycle_manager/lib:/home/lx/ros2/ros/nav2_ws/install/nav2_util/lib:/home/lx/ros2/ros/nav2_ws/install/nav2_voxel_grid/lib:/home/lx/ros2/ros/nav2_ws/install/nav2_msgs/lib:${LD_LIBRARY_PATH} PYTHONPATH=/home/lx/ros2/ros/nav2_ws/install/nav2_msgs/local/lib/python3.10/dist-packages:/home/lx/ros2/ros/nav2_ws/install/nav2_common/local/lib/python3.10/dist-packages:${PYTHONPATH} /usr/bin/cmake --build /home/lx/ros2/ros/nav2_ws/build/nav2_costmap_2d -- -j12 -l12
[155.868s] Invoking command in '/home/lx/ros2/ros/nav2_ws/build/nav2_costmap_2d': AMENT_PREFIX_PATH=/home/lx/ros2/ros/nav2_ws/install/nav2_map_server:/home/lx/ros2/ros/nav2_ws/install/nav2_lifecycle_manager:/home/lx/ros2/ros/nav2_ws/install/nav2_util:/home/lx/ros2/ros/nav2_ws/install/nav2_voxel_grid:/home/lx/ros2/ros/nav2_ws/install/nav2_msgs:/home/lx/ros2/ros/nav2_ws/install/nav2_common:${AMENT_PREFIX_PATH} CMAKE_PREFIX_PATH=/home/lx/ros2/ros/nav2_ws/install/nav2_map_server:/home/lx/ros2/ros/nav2_ws/install/nav2_lifecycle_manager:/home/lx/ros2/ros/nav2_ws/install/nav2_util:/home/lx/ros2/ros/nav2_ws/install/nav2_voxel_grid:/home/lx/ros2/ros/nav2_ws/install/nav2_msgs:/home/lx/ros2/ros/nav2_ws/install/nav2_common:/opt/ros/humble LD_LIBRARY_PATH=/home/lx/ros2/ros/nav2_ws/install/nav2_map_server/lib:/home/lx/ros2/ros/nav2_ws/install/nav2_lifecycle_manager/lib:/home/lx/ros2/ros/nav2_ws/install/nav2_util/lib:/home/lx/ros2/ros/nav2_ws/install/nav2_voxel_grid/lib:/home/lx/ros2/ros/nav2_ws/install/nav2_msgs/lib:${LD_LIBRARY_PATH} PYTHONPATH=/home/lx/ros2/ros/nav2_ws/install/nav2_msgs/local/lib/python3.10/dist-packages:/home/lx/ros2/ros/nav2_ws/install/nav2_common/local/lib/python3.10/dist-packages:${PYTHONPATH} /usr/bin/cmake --install /home/lx/ros2/ros/nav2_ws/build/nav2_costmap_2d
[155.887s] -- Install configuration: "Release"
[155.887s] -- Installing: /home/lx/ros2/ros/nav2_ws/install/nav2_costmap_2d/lib/libnav2_costmap_2d_core.so
[155.896s] -- Set runtime path of "/home/lx/ros2/ros/nav2_ws/install/nav2_costmap_2d/lib/libnav2_costmap_2d_core.so" to ""
[155.896s] -- Installing: /home/lx/ros2/ros/nav2_ws/install/nav2_costmap_2d/lib/liblayers.so
[155.902s] -- Set runtime path of "/home/lx/ros2/ros/nav2_ws/install/nav2_costmap_2d/lib/liblayers.so" to ""
[155.902s] -- Installing: /home/lx/ros2/ros/nav2_ws/install/nav2_costmap_2d/lib/libfilters.so
[155.904s] -- Set runtime path of "/home/lx/ros2/ros/nav2_ws/install/nav2_costmap_2d/lib/libfilters.so" to ""
[155.905s] -- Installing: /home/lx/ros2/ros/nav2_ws/install/nav2_costmap_2d/lib/libnav2_costmap_2d_client.so
[155.910s] -- Set runtime path of "/home/lx/ros2/ros/nav2_ws/install/nav2_costmap_2d/lib/libnav2_costmap_2d_client.so" to ""
[155.910s] -- Installing: /home/lx/ros2/ros/nav2_ws/install/nav2_costmap_2d/lib/nav2_costmap_2d/nav2_costmap_2d
[155.910s] -- Set runtime path of "/home/lx/ros2/ros/nav2_ws/install/nav2_costmap_2d/lib/nav2_costmap_2d/nav2_costmap_2d" to ""
[155.910s] -- Installing: /home/lx/ros2/ros/nav2_ws/install/nav2_costmap_2d/lib/nav2_costmap_2d/nav2_costmap_2d_markers
[155.911s] -- Set runtime path of "/home/lx/ros2/ros/nav2_ws/install/nav2_costmap_2d/lib/nav2_costmap_2d/nav2_costmap_2d_markers" to ""
[155.911s] -- Installing: /home/lx/ros2/ros/nav2_ws/install/nav2_costmap_2d/lib/nav2_costmap_2d/nav2_costmap_2d_cloud
[155.913s] -- Set runtime path of "/home/lx/ros2/ros/nav2_ws/install/nav2_costmap_2d/lib/nav2_costmap_2d/nav2_costmap_2d_cloud" to ""
[155.913s] -- Installing: /home/lx/ros2/ros/nav2_ws/install/nav2_costmap_2d/share/nav2_costmap_2d/costmap_plugins.xml
[155.918s] -- Installing: /home/lx/ros2/ros/nav2_ws/install/nav2_costmap_2d/include/
[155.919s] -- Installing: /home/lx/ros2/ros/nav2_ws/install/nav2_costmap_2d/include//nav2_costmap_2d
[155.919s] -- Installing: /home/lx/ros2/ros/nav2_ws/install/nav2_costmap_2d/include//nav2_costmap_2d/costmap_math.hpp
[155.919s] -- Installing: /home/lx/ros2/ros/nav2_ws/install/nav2_costmap_2d/include//nav2_costmap_2d/range_sensor_layer.hpp
[155.919s] -- Installing: /home/lx/ros2/ros/nav2_ws/install/nav2_costmap_2d/include//nav2_costmap_2d/cost_values.hpp
[155.919s] -- Installing: /home/lx/ros2/ros/nav2_ws/install/nav2_costmap_2d/include//nav2_costmap_2d/exceptions.hpp
[155.919s] -- Installing: /home/lx/ros2/ros/nav2_ws/install/nav2_costmap_2d/include//nav2_costmap_2d/static_layer.hpp
[155.919s] -- Installing: /home/lx/ros2/ros/nav2_ws/install/nav2_costmap_2d/include//nav2_costmap_2d/costmap_2d_publisher.hpp
[155.919s] -- Installing: /home/lx/ros2/ros/nav2_ws/install/nav2_costmap_2d/include//nav2_costmap_2d/footprint_collision_checker.hpp
[155.919s] -- Installing: /home/lx/ros2/ros/nav2_ws/install/nav2_costmap_2d/include//nav2_costmap_2d/costmap_2d_ros.hpp
[155.920s] -- Installing: /home/lx/ros2/ros/nav2_ws/install/nav2_costmap_2d/include//nav2_costmap_2d/voxel_layer.hpp
[155.920s] -- Installing: /home/lx/ros2/ros/nav2_ws/install/nav2_costmap_2d/include//nav2_costmap_2d/denoise
[155.920s] -- Installing: /home/lx/ros2/ros/nav2_ws/install/nav2_costmap_2d/include//nav2_costmap_2d/denoise/image_processing.hpp
[155.920s] -- Installing: /home/lx/ros2/ros/nav2_ws/install/nav2_costmap_2d/include//nav2_costmap_2d/denoise/image.hpp
[155.920s] -- Installing: /home/lx/ros2/ros/nav2_ws/install/nav2_costmap_2d/include//nav2_costmap_2d/footprint_subscriber.hpp
[155.920s] -- Installing: /home/lx/ros2/ros/nav2_ws/install/nav2_costmap_2d/include//nav2_costmap_2d/costmap_filters
[155.920s] -- Installing: /home/lx/ros2/ros/nav2_ws/install/nav2_costmap_2d/include//nav2_costmap_2d/costmap_filters/costmap_filter.hpp
[155.920s] -- Installing: /home/lx/ros2/ros/nav2_ws/install/nav2_costmap_2d/include//nav2_costmap_2d/costmap_filters/binary_filter.hpp
[155.920s] -- Installing: /home/lx/ros2/ros/nav2_ws/install/nav2_costmap_2d/include//nav2_costmap_2d/costmap_filters/filter_values.hpp
[155.921s] -- Installing: /home/lx/ros2/ros/nav2_ws/install/nav2_costmap_2d/include//nav2_costmap_2d/costmap_filters/keepout_filter.hpp
[155.921s] -- Installing: /home/lx/ros2/ros/nav2_ws/install/nav2_costmap_2d/include//nav2_costmap_2d/costmap_filters/speed_filter.hpp
[155.921s] -- Installing: /home/lx/ros2/ros/nav2_ws/install/nav2_costmap_2d/include//nav2_costmap_2d/denoise_layer.hpp
[155.921s] -- Installing: /home/lx/ros2/ros/nav2_ws/install/nav2_costmap_2d/include//nav2_costmap_2d/observation_buffer.hpp
[155.921s] -- Installing: /home/lx/ros2/ros/nav2_ws/install/nav2_costmap_2d/include//nav2_costmap_2d/clear_costmap_service.hpp
[155.921s] -- Installing: /home/lx/ros2/ros/nav2_ws/install/nav2_costmap_2d/include//nav2_costmap_2d/costmap_layer.hpp
[155.921s] -- Installing: /home/lx/ros2/ros/nav2_ws/install/nav2_costmap_2d/include//nav2_costmap_2d/costmap_topic_collision_checker.hpp
[155.921s] -- Installing: /home/lx/ros2/ros/nav2_ws/install/nav2_costmap_2d/include//nav2_costmap_2d/layered_costmap.hpp
[155.921s] -- Installing: /home/lx/ros2/ros/nav2_ws/install/nav2_costmap_2d/include//nav2_costmap_2d/costmap_2d.hpp
[155.921s] -- Installing: /home/lx/ros2/ros/nav2_ws/install/nav2_costmap_2d/include//nav2_costmap_2d/array_parser.hpp
[155.924s] -- Installing: /home/lx/ros2/ros/nav2_ws/install/nav2_costmap_2d/include//nav2_costmap_2d/inflation_layer.hpp
[155.925s] -- Installing: /home/lx/ros2/ros/nav2_ws/install/nav2_costmap_2d/include//nav2_costmap_2d/costmap_subscriber.hpp
[155.925s] -- Installing: /home/lx/ros2/ros/nav2_ws/install/nav2_costmap_2d/include//nav2_costmap_2d/obstacle_layer.hpp
[155.925s] -- Installing: /home/lx/ros2/ros/nav2_ws/install/nav2_costmap_2d/include//nav2_costmap_2d/footprint.hpp
[155.925s] -- Installing: /home/lx/ros2/ros/nav2_ws/install/nav2_costmap_2d/include//nav2_costmap_2d/observation.hpp
[155.925s] -- Installing: /home/lx/ros2/ros/nav2_ws/install/nav2_costmap_2d/include//nav2_costmap_2d/layer.hpp
[155.925s] -- Installing: /home/lx/ros2/ros/nav2_ws/install/nav2_costmap_2d/share/nav2_costmap_2d/test/regression/order_layer.xml
[155.929s] -- Installing: /home/lx/ros2/ros/nav2_ws/install/nav2_costmap_2d/share/nav2_costmap_2d/environment/library_path.sh
[155.932s] -- Installing: /home/lx/ros2/ros/nav2_ws/install/nav2_costmap_2d/share/nav2_costmap_2d/environment/library_path.dsv
[155.932s] -- Up-to-date: /home/lx/ros2/ros/nav2_ws/install/nav2_costmap_2d/share/nav2_costmap_2d/costmap_plugins.xml
[155.932s] -- Installing: /home/lx/ros2/ros/nav2_ws/install/nav2_costmap_2d/share/ament_index/resource_index/package_run_dependencies/nav2_costmap_2d
[155.933s] -- Installing: /home/lx/ros2/ros/nav2_ws/install/nav2_costmap_2d/share/ament_index/resource_index/parent_prefix_path/nav2_costmap_2d
[155.933s] -- Installing: /home/lx/ros2/ros/nav2_ws/install/nav2_costmap_2d/share/nav2_costmap_2d/environment/ament_prefix_path.sh
[155.933s] -- Installing: /home/lx/ros2/ros/nav2_ws/install/nav2_costmap_2d/share/nav2_costmap_2d/environment/ament_prefix_path.dsv
[155.933s] -- Installing: /home/lx/ros2/ros/nav2_ws/install/nav2_costmap_2d/share/nav2_costmap_2d/environment/path.sh
[155.934s] -- Installing: /home/lx/ros2/ros/nav2_ws/install/nav2_costmap_2d/share/nav2_costmap_2d/environment/path.dsv
[155.935s] -- Installing: /home/lx/ros2/ros/nav2_ws/install/nav2_costmap_2d/share/nav2_costmap_2d/local_setup.bash
[155.937s] -- Installing: /home/lx/ros2/ros/nav2_ws/install/nav2_costmap_2d/share/nav2_costmap_2d/local_setup.sh
[155.937s] -- Installing: /home/lx/ros2/ros/nav2_ws/install/nav2_costmap_2d/share/nav2_costmap_2d/local_setup.zsh
[155.937s] -- Installing: /home/lx/ros2/ros/nav2_ws/install/nav2_costmap_2d/share/nav2_costmap_2d/local_setup.dsv
[155.937s] -- Installing: /home/lx/ros2/ros/nav2_ws/install/nav2_costmap_2d/share/nav2_costmap_2d/package.dsv
[155.939s] -- Installing: /home/lx/ros2/ros/nav2_ws/install/nav2_costmap_2d/share/ament_index/resource_index/packages/nav2_costmap_2d
[155.940s] -- Installing: /home/lx/ros2/ros/nav2_ws/install/nav2_costmap_2d/share/ament_index/resource_index/nav2_costmap_2d__pluginlib__plugin/nav2_costmap_2d
[155.940s] -- Installing: /home/lx/ros2/ros/nav2_ws/install/nav2_costmap_2d/share/nav2_costmap_2d/cmake/ament_cmake_export_include_directories-extras.cmake
[155.940s] -- Installing: /home/lx/ros2/ros/nav2_ws/install/nav2_costmap_2d/share/nav2_costmap_2d/cmake/ament_cmake_export_libraries-extras.cmake
[155.940s] -- Installing: /home/lx/ros2/ros/nav2_ws/install/nav2_costmap_2d/share/nav2_costmap_2d/cmake/ament_cmake_export_dependencies-extras.cmake
[155.941s] -- Installing: /home/lx/ros2/ros/nav2_ws/install/nav2_costmap_2d/share/nav2_costmap_2d/cmake/nav2_costmap_2dConfig.cmake
[155.941s] -- Installing: /home/lx/ros2/ros/nav2_ws/install/nav2_costmap_2d/share/nav2_costmap_2d/cmake/nav2_costmap_2dConfig-version.cmake
[155.941s] -- Installing: /home/lx/ros2/ros/nav2_ws/install/nav2_costmap_2d/share/nav2_costmap_2d/package.xml
[155.942s] -- Installing: /home/lx/ros2/ros/nav2_ws/install/nav2_costmap_2d/lib/liborder_layer.so
[155.943s] -- Set runtime path of "/home/lx/ros2/ros/nav2_ws/install/nav2_costmap_2d/lib/liborder_layer.so" to ""
[155.955s] Invoked command in '/home/lx/ros2/ros/nav2_ws/build/nav2_costmap_2d' returned '0': AMENT_PREFIX_PATH=/home/lx/ros2/ros/nav2_ws/install/nav2_map_server:/home/lx/ros2/ros/nav2_ws/install/nav2_lifecycle_manager:/home/lx/ros2/ros/nav2_ws/install/nav2_util:/home/lx/ros2/ros/nav2_ws/install/nav2_voxel_grid:/home/lx/ros2/ros/nav2_ws/install/nav2_msgs:/home/lx/ros2/ros/nav2_ws/install/nav2_common:${AMENT_PREFIX_PATH} CMAKE_PREFIX_PATH=/home/lx/ros2/ros/nav2_ws/install/nav2_map_server:/home/lx/ros2/ros/nav2_ws/install/nav2_lifecycle_manager:/home/lx/ros2/ros/nav2_ws/install/nav2_util:/home/lx/ros2/ros/nav2_ws/install/nav2_voxel_grid:/home/lx/ros2/ros/nav2_ws/install/nav2_msgs:/home/lx/ros2/ros/nav2_ws/install/nav2_common:/opt/ros/humble LD_LIBRARY_PATH=/home/lx/ros2/ros/nav2_ws/install/nav2_map_server/lib:/home/lx/ros2/ros/nav2_ws/install/nav2_lifecycle_manager/lib:/home/lx/ros2/ros/nav2_ws/install/nav2_util/lib:/home/lx/ros2/ros/nav2_ws/install/nav2_voxel_grid/lib:/home/lx/ros2/ros/nav2_ws/install/nav2_msgs/lib:${LD_LIBRARY_PATH} PYTHONPATH=/home/lx/ros2/ros/nav2_ws/install/nav2_msgs/local/lib/python3.10/dist-packages:/home/lx/ros2/ros/nav2_ws/install/nav2_common/local/lib/python3.10/dist-packages:${PYTHONPATH} /usr/bin/cmake --install /home/lx/ros2/ros/nav2_ws/build/nav2_costmap_2d
