[0.346s] Invoking command in '/home/lx/ros2/ros/xiao_ying/build/livox_ros_driver2': CMAKE_PREFIX_PATH=${CMAKE_PREFIX_PATH}:/opt/ros/humble /usr/bin/cmake --build /home/lx/ros2/ros/xiao_ying/build/livox_ros_driver2 -- -j12 -l12
[0.394s] [  5%] Built target livox_interfaces2__cpp
[0.394s] [  8%] Built target livox_interfaces2__rosidl_generator_c
[0.401s] [ 12%] Built target livox_ros_driver2_node
[0.408s] [ 12%] Built target ament_cmake_python_copy_livox_ros_driver2
[0.425s] [ 19%] Built target livox_interfaces2__rosidl_typesupport_fastrtps_c
[0.425s] [ 26%] Built target livox_interfaces2__rosidl_typesupport_introspection_c
[0.426s] [ 33%] Built target livox_interfaces2__rosidl_typesupport_c
[0.428s] [ 47%] Built target livox_interfaces2__rosidl_typesupport_fastrtps_cpp
[0.428s] [ 47%] Built target livox_interfaces2__rosidl_typesupport_introspection_cpp
[0.435s] [ 54%] Built target livox_interfaces2__rosidl_typesupport_cpp
[0.453s] [ 54%] Built target livox_interfaces2
[0.470s] [ 56%] Built target livox_interfaces2__py
[0.473s] [ 84%] Built target livox_ros_driver2
[0.487s] [ 89%] Built target livox_interfaces2__rosidl_generator_py
[0.505s] [100%] Built target livox_ros_driver2__rosidl_typesupport_introspection_c__pyext
[0.505s] [100%] Built target livox_ros_driver2__rosidl_typesupport_c__pyext
[0.505s] [100%] Built target livox_ros_driver2__rosidl_typesupport_fastrtps_c__pyext
[0.626s] running egg_info
[0.627s] writing livox_ros_driver2.egg-info/PKG-INFO
[0.628s] writing dependency_links to livox_ros_driver2.egg-info/dependency_links.txt
[0.628s] writing top-level names to livox_ros_driver2.egg-info/top_level.txt
[0.629s] reading manifest file 'livox_ros_driver2.egg-info/SOURCES.txt'
[0.630s] writing manifest file 'livox_ros_driver2.egg-info/SOURCES.txt'
[0.652s] [100%] Built target ament_cmake_python_build_livox_ros_driver2_egg
[0.746s] Invoked command in '/home/lx/ros2/ros/xiao_ying/build/livox_ros_driver2' returned '0': CMAKE_PREFIX_PATH=${CMAKE_PREFIX_PATH}:/opt/ros/humble /usr/bin/cmake --build /home/lx/ros2/ros/xiao_ying/build/livox_ros_driver2 -- -j12 -l12
[0.873s] Invoking command in '/home/lx/ros2/ros/xiao_ying/build/livox_ros_driver2': CMAKE_PREFIX_PATH=${CMAKE_PREFIX_PATH}:/opt/ros/humble /usr/bin/cmake --install /home/lx/ros2/ros/xiao_ying/build/livox_ros_driver2
[1.024s] -- Install configuration: ""
[1.024s] -- Up-to-date: /home/lx/ros2/ros/xiao_ying/install/livox_ros_driver2/share/ament_index/resource_index/rosidl_interfaces/livox_ros_driver2
[1.025s] -- Up-to-date: /home/lx/ros2/ros/xiao_ying/install/livox_ros_driver2/include/livox_ros_driver2/livox_ros_driver2
[1.025s] -- Up-to-date: /home/lx/ros2/ros/xiao_ying/install/livox_ros_driver2/include/livox_ros_driver2/livox_ros_driver2/msg
[1.025s] -- Up-to-date: /home/lx/ros2/ros/xiao_ying/install/livox_ros_driver2/include/livox_ros_driver2/livox_ros_driver2/msg/detail
[1.025s] -- Up-to-date: /home/lx/ros2/ros/xiao_ying/install/livox_ros_driver2/include/livox_ros_driver2/livox_ros_driver2/msg/detail/custom_point__struct.h
[1.025s] -- Up-to-date: /home/lx/ros2/ros/xiao_ying/install/livox_ros_driver2/include/livox_ros_driver2/livox_ros_driver2/msg/detail/custom_msg__functions.c
[1.025s] -- Up-to-date: /home/lx/ros2/ros/xiao_ying/install/livox_ros_driver2/include/livox_ros_driver2/livox_ros_driver2/msg/detail/custom_msg__struct.h
[1.025s] -- Up-to-date: /home/lx/ros2/ros/xiao_ying/install/livox_ros_driver2/include/livox_ros_driver2/livox_ros_driver2/msg/detail/custom_msg__type_support.h
[1.025s] -- Up-to-date: /home/lx/ros2/ros/xiao_ying/install/livox_ros_driver2/include/livox_ros_driver2/livox_ros_driver2/msg/detail/custom_point__type_support.h
[1.026s] -- Up-to-date: /home/lx/ros2/ros/xiao_ying/install/livox_ros_driver2/include/livox_ros_driver2/livox_ros_driver2/msg/detail/custom_point__functions.h
[1.026s] -- Up-to-date: /home/lx/ros2/ros/xiao_ying/install/livox_ros_driver2/include/livox_ros_driver2/livox_ros_driver2/msg/detail/custom_point__functions.c
[1.026s] -- Up-to-date: /home/lx/ros2/ros/xiao_ying/install/livox_ros_driver2/include/livox_ros_driver2/livox_ros_driver2/msg/detail/custom_msg__functions.h
[1.026s] -- Up-to-date: /home/lx/ros2/ros/xiao_ying/install/livox_ros_driver2/include/livox_ros_driver2/livox_ros_driver2/msg/custom_msg.h
[1.026s] -- Up-to-date: /home/lx/ros2/ros/xiao_ying/install/livox_ros_driver2/include/livox_ros_driver2/livox_ros_driver2/msg/custom_point.h
[1.026s] -- Up-to-date: /home/lx/ros2/ros/xiao_ying/install/livox_ros_driver2/include/livox_ros_driver2/livox_ros_driver2/msg/rosidl_generator_c__visibility_control.h
[1.026s] -- Up-to-date: /home/lx/ros2/ros/xiao_ying/install/livox_ros_driver2/share/livox_ros_driver2/environment/library_path.sh
[1.026s] -- Up-to-date: /home/lx/ros2/ros/xiao_ying/install/livox_ros_driver2/share/livox_ros_driver2/environment/library_path.dsv
[1.027s] -- Up-to-date: /home/lx/ros2/ros/xiao_ying/install/livox_ros_driver2/lib/liblivox_ros_driver2__rosidl_generator_c.so
[1.027s] -- Up-to-date: /home/lx/ros2/ros/xiao_ying/install/livox_ros_driver2/include/livox_ros_driver2/livox_ros_driver2
[1.027s] -- Up-to-date: /home/lx/ros2/ros/xiao_ying/install/livox_ros_driver2/include/livox_ros_driver2/livox_ros_driver2/msg
[1.027s] -- Up-to-date: /home/lx/ros2/ros/xiao_ying/install/livox_ros_driver2/include/livox_ros_driver2/livox_ros_driver2/msg/detail
[1.027s] -- Up-to-date: /home/lx/ros2/ros/xiao_ying/install/livox_ros_driver2/include/livox_ros_driver2/livox_ros_driver2/msg/detail/custom_point__rosidl_typesupport_fastrtps_c.h
[1.027s] -- Up-to-date: /home/lx/ros2/ros/xiao_ying/install/livox_ros_driver2/include/livox_ros_driver2/livox_ros_driver2/msg/detail/custom_msg__rosidl_typesupport_fastrtps_c.h
[1.027s] -- Up-to-date: /home/lx/ros2/ros/xiao_ying/install/livox_ros_driver2/include/livox_ros_driver2/livox_ros_driver2/msg/rosidl_typesupport_fastrtps_c__visibility_control.h
[1.027s] -- Up-to-date: /home/lx/ros2/ros/xiao_ying/install/livox_ros_driver2/lib/liblivox_ros_driver2__rosidl_typesupport_fastrtps_c.so
[1.028s] -- Up-to-date: /home/lx/ros2/ros/xiao_ying/install/livox_ros_driver2/include/livox_ros_driver2/livox_ros_driver2
[1.028s] -- Up-to-date: /home/lx/ros2/ros/xiao_ying/install/livox_ros_driver2/include/livox_ros_driver2/livox_ros_driver2/msg
[1.028s] -- Up-to-date: /home/lx/ros2/ros/xiao_ying/install/livox_ros_driver2/include/livox_ros_driver2/livox_ros_driver2/msg/detail
[1.028s] -- Up-to-date: /home/lx/ros2/ros/xiao_ying/install/livox_ros_driver2/include/livox_ros_driver2/livox_ros_driver2/msg/detail/custom_msg__type_support.c
[1.028s] -- Up-to-date: /home/lx/ros2/ros/xiao_ying/install/livox_ros_driver2/include/livox_ros_driver2/livox_ros_driver2/msg/detail/custom_point__type_support.c
[1.028s] -- Up-to-date: /home/lx/ros2/ros/xiao_ying/install/livox_ros_driver2/include/livox_ros_driver2/livox_ros_driver2/msg/detail/custom_point__rosidl_typesupport_introspection_c.h
[1.028s] -- Up-to-date: /home/lx/ros2/ros/xiao_ying/install/livox_ros_driver2/include/livox_ros_driver2/livox_ros_driver2/msg/detail/custom_msg__rosidl_typesupport_introspection_c.h
[1.028s] -- Up-to-date: /home/lx/ros2/ros/xiao_ying/install/livox_ros_driver2/include/livox_ros_driver2/livox_ros_driver2/msg/rosidl_typesupport_introspection_c__visibility_control.h
[1.028s] -- Up-to-date: /home/lx/ros2/ros/xiao_ying/install/livox_ros_driver2/lib/liblivox_ros_driver2__rosidl_typesupport_introspection_c.so
[1.029s] -- Up-to-date: /home/lx/ros2/ros/xiao_ying/install/livox_ros_driver2/lib/liblivox_ros_driver2__rosidl_typesupport_c.so
[1.029s] -- Up-to-date: /home/lx/ros2/ros/xiao_ying/install/livox_ros_driver2/include/livox_ros_driver2/livox_ros_driver2
[1.029s] -- Up-to-date: /home/lx/ros2/ros/xiao_ying/install/livox_ros_driver2/include/livox_ros_driver2/livox_ros_driver2/msg
[1.029s] -- Up-to-date: /home/lx/ros2/ros/xiao_ying/install/livox_ros_driver2/include/livox_ros_driver2/livox_ros_driver2/msg/detail
[1.029s] -- Up-to-date: /home/lx/ros2/ros/xiao_ying/install/livox_ros_driver2/include/livox_ros_driver2/livox_ros_driver2/msg/detail/custom_point__builder.hpp
[1.029s] -- Up-to-date: /home/lx/ros2/ros/xiao_ying/install/livox_ros_driver2/include/livox_ros_driver2/livox_ros_driver2/msg/detail/custom_point__traits.hpp
[1.029s] -- Up-to-date: /home/lx/ros2/ros/xiao_ying/install/livox_ros_driver2/include/livox_ros_driver2/livox_ros_driver2/msg/detail/custom_msg__struct.hpp
[1.029s] -- Up-to-date: /home/lx/ros2/ros/xiao_ying/install/livox_ros_driver2/include/livox_ros_driver2/livox_ros_driver2/msg/detail/custom_point__struct.hpp
[1.029s] -- Up-to-date: /home/lx/ros2/ros/xiao_ying/install/livox_ros_driver2/include/livox_ros_driver2/livox_ros_driver2/msg/detail/custom_msg__traits.hpp
[1.030s] -- Up-to-date: /home/lx/ros2/ros/xiao_ying/install/livox_ros_driver2/include/livox_ros_driver2/livox_ros_driver2/msg/detail/custom_msg__builder.hpp
[1.030s] -- Up-to-date: /home/lx/ros2/ros/xiao_ying/install/livox_ros_driver2/include/livox_ros_driver2/livox_ros_driver2/msg/custom_msg.hpp
[1.030s] -- Up-to-date: /home/lx/ros2/ros/xiao_ying/install/livox_ros_driver2/include/livox_ros_driver2/livox_ros_driver2/msg/custom_point.hpp
[1.030s] -- Up-to-date: /home/lx/ros2/ros/xiao_ying/install/livox_ros_driver2/include/livox_ros_driver2/livox_ros_driver2
[1.030s] -- Up-to-date: /home/lx/ros2/ros/xiao_ying/install/livox_ros_driver2/include/livox_ros_driver2/livox_ros_driver2/msg
[1.030s] -- Up-to-date: /home/lx/ros2/ros/xiao_ying/install/livox_ros_driver2/include/livox_ros_driver2/livox_ros_driver2/msg/detail
[1.030s] -- Up-to-date: /home/lx/ros2/ros/xiao_ying/install/livox_ros_driver2/include/livox_ros_driver2/livox_ros_driver2/msg/detail/custom_point__rosidl_typesupport_fastrtps_cpp.hpp
[1.030s] -- Up-to-date: /home/lx/ros2/ros/xiao_ying/install/livox_ros_driver2/include/livox_ros_driver2/livox_ros_driver2/msg/detail/dds_fastrtps
[1.031s] -- Up-to-date: /home/lx/ros2/ros/xiao_ying/install/livox_ros_driver2/include/livox_ros_driver2/livox_ros_driver2/msg/detail/custom_msg__rosidl_typesupport_fastrtps_cpp.hpp
[1.031s] -- Up-to-date: /home/lx/ros2/ros/xiao_ying/install/livox_ros_driver2/include/livox_ros_driver2/livox_ros_driver2/msg/rosidl_typesupport_fastrtps_cpp__visibility_control.h
[1.031s] -- Up-to-date: /home/lx/ros2/ros/xiao_ying/install/livox_ros_driver2/lib/liblivox_ros_driver2__rosidl_typesupport_fastrtps_cpp.so
[1.031s] -- Up-to-date: /home/lx/ros2/ros/xiao_ying/install/livox_ros_driver2/include/livox_ros_driver2/livox_ros_driver2
[1.031s] -- Up-to-date: /home/lx/ros2/ros/xiao_ying/install/livox_ros_driver2/include/livox_ros_driver2/livox_ros_driver2/msg
[1.031s] -- Up-to-date: /home/lx/ros2/ros/xiao_ying/install/livox_ros_driver2/include/livox_ros_driver2/livox_ros_driver2/msg/detail
[1.031s] -- Up-to-date: /home/lx/ros2/ros/xiao_ying/install/livox_ros_driver2/include/livox_ros_driver2/livox_ros_driver2/msg/detail/custom_point__rosidl_typesupport_introspection_cpp.hpp
[1.032s] -- Up-to-date: /home/lx/ros2/ros/xiao_ying/install/livox_ros_driver2/include/livox_ros_driver2/livox_ros_driver2/msg/detail/custom_msg__type_support.cpp
[1.032s] -- Up-to-date: /home/lx/ros2/ros/xiao_ying/install/livox_ros_driver2/include/livox_ros_driver2/livox_ros_driver2/msg/detail/custom_point__type_support.cpp
[1.032s] -- Up-to-date: /home/lx/ros2/ros/xiao_ying/install/livox_ros_driver2/include/livox_ros_driver2/livox_ros_driver2/msg/detail/custom_msg__rosidl_typesupport_introspection_cpp.hpp
[1.032s] -- Up-to-date: /home/lx/ros2/ros/xiao_ying/install/livox_ros_driver2/lib/liblivox_ros_driver2__rosidl_typesupport_introspection_cpp.so
[1.032s] -- Up-to-date: /home/lx/ros2/ros/xiao_ying/install/livox_ros_driver2/lib/liblivox_ros_driver2__rosidl_typesupport_cpp.so
[1.032s] -- Up-to-date: /home/lx/ros2/ros/xiao_ying/install/livox_ros_driver2/share/livox_ros_driver2/environment/pythonpath.sh
[1.032s] -- Up-to-date: /home/lx/ros2/ros/xiao_ying/install/livox_ros_driver2/share/livox_ros_driver2/environment/pythonpath.dsv
[1.032s] -- Up-to-date: /home/lx/ros2/ros/xiao_ying/install/livox_ros_driver2/local/lib/python3.10/dist-packages/livox_ros_driver2-1.0.0-py3.10.egg-info
[1.033s] -- Installing: /home/lx/ros2/ros/xiao_ying/install/livox_ros_driver2/local/lib/python3.10/dist-packages/livox_ros_driver2-1.0.0-py3.10.egg-info/top_level.txt
[1.033s] -- Installing: /home/lx/ros2/ros/xiao_ying/install/livox_ros_driver2/local/lib/python3.10/dist-packages/livox_ros_driver2-1.0.0-py3.10.egg-info/PKG-INFO
[1.033s] -- Installing: /home/lx/ros2/ros/xiao_ying/install/livox_ros_driver2/local/lib/python3.10/dist-packages/livox_ros_driver2-1.0.0-py3.10.egg-info/SOURCES.txt
[1.033s] -- Installing: /home/lx/ros2/ros/xiao_ying/install/livox_ros_driver2/local/lib/python3.10/dist-packages/livox_ros_driver2-1.0.0-py3.10.egg-info/dependency_links.txt
[1.033s] -- Up-to-date: /home/lx/ros2/ros/xiao_ying/install/livox_ros_driver2/local/lib/python3.10/dist-packages/livox_ros_driver2
[1.033s] -- Up-to-date: /home/lx/ros2/ros/xiao_ying/install/livox_ros_driver2/local/lib/python3.10/dist-packages/livox_ros_driver2/livox_ros_driver2_s__rosidl_typesupport_introspection_c.cpython-310-x86_64-linux-gnu.so
[1.033s] -- Up-to-date: /home/lx/ros2/ros/xiao_ying/install/livox_ros_driver2/local/lib/python3.10/dist-packages/livox_ros_driver2/livox_ros_driver2_s__rosidl_typesupport_c.cpython-310-x86_64-linux-gnu.so
[1.033s] -- Up-to-date: /home/lx/ros2/ros/xiao_ying/install/livox_ros_driver2/local/lib/python3.10/dist-packages/livox_ros_driver2/_livox_ros_driver2_s.ep.rosidl_typesupport_c.c
[1.034s] -- Up-to-date: /home/lx/ros2/ros/xiao_ying/install/livox_ros_driver2/local/lib/python3.10/dist-packages/livox_ros_driver2/livox_ros_driver2_s__rosidl_typesupport_fastrtps_c.cpython-310-x86_64-linux-gnu.so
[1.034s] -- Up-to-date: /home/lx/ros2/ros/xiao_ying/install/livox_ros_driver2/local/lib/python3.10/dist-packages/livox_ros_driver2/msg
[1.034s] -- Up-to-date: /home/lx/ros2/ros/xiao_ying/install/livox_ros_driver2/local/lib/python3.10/dist-packages/livox_ros_driver2/msg/_custom_point.py
[1.034s] -- Up-to-date: /home/lx/ros2/ros/xiao_ying/install/livox_ros_driver2/local/lib/python3.10/dist-packages/livox_ros_driver2/msg/_custom_point_s.c
[1.034s] -- Up-to-date: /home/lx/ros2/ros/xiao_ying/install/livox_ros_driver2/local/lib/python3.10/dist-packages/livox_ros_driver2/msg/_custom_msg_s.c
[1.034s] -- Up-to-date: /home/lx/ros2/ros/xiao_ying/install/livox_ros_driver2/local/lib/python3.10/dist-packages/livox_ros_driver2/msg/_custom_msg.py
[1.034s] -- Up-to-date: /home/lx/ros2/ros/xiao_ying/install/livox_ros_driver2/local/lib/python3.10/dist-packages/livox_ros_driver2/msg/__init__.py
[1.035s] -- Up-to-date: /home/lx/ros2/ros/xiao_ying/install/livox_ros_driver2/local/lib/python3.10/dist-packages/livox_ros_driver2/_livox_ros_driver2_s.ep.rosidl_typesupport_introspection_c.c
[1.035s] -- Up-to-date: /home/lx/ros2/ros/xiao_ying/install/livox_ros_driver2/local/lib/python3.10/dist-packages/livox_ros_driver2/liblivox_interfaces2__rosidl_generator_py.so
[1.035s] -- Up-to-date: /home/lx/ros2/ros/xiao_ying/install/livox_ros_driver2/local/lib/python3.10/dist-packages/livox_ros_driver2/__init__.py
[1.035s] -- Up-to-date: /home/lx/ros2/ros/xiao_ying/install/livox_ros_driver2/local/lib/python3.10/dist-packages/livox_ros_driver2/_livox_ros_driver2_s.ep.rosidl_typesupport_fastrtps_c.c
[1.035s] Listing '/home/lx/ros2/ros/xiao_ying/install/livox_ros_driver2/local/lib/python3.10/dist-packages/livox_ros_driver2'...
[1.035s] Listing '/home/lx/ros2/ros/xiao_ying/install/livox_ros_driver2/local/lib/python3.10/dist-packages/livox_ros_driver2/msg'...
[1.036s] -- Up-to-date: /home/lx/ros2/ros/xiao_ying/install/livox_ros_driver2/local/lib/python3.10/dist-packages/livox_ros_driver2/livox_ros_driver2_s__rosidl_typesupport_fastrtps_c.cpython-310-x86_64-linux-gnu.so
[1.036s] -- Up-to-date: /home/lx/ros2/ros/xiao_ying/install/livox_ros_driver2/local/lib/python3.10/dist-packages/livox_ros_driver2/livox_ros_driver2_s__rosidl_typesupport_introspection_c.cpython-310-x86_64-linux-gnu.so
[1.036s] -- Up-to-date: /home/lx/ros2/ros/xiao_ying/install/livox_ros_driver2/local/lib/python3.10/dist-packages/livox_ros_driver2/livox_ros_driver2_s__rosidl_typesupport_c.cpython-310-x86_64-linux-gnu.so
[1.036s] -- Up-to-date: /home/lx/ros2/ros/xiao_ying/install/livox_ros_driver2/lib/liblivox_interfaces2__rosidl_generator_py.so
[1.036s] -- Up-to-date: /home/lx/ros2/ros/xiao_ying/install/livox_ros_driver2/share/livox_ros_driver2/msg/CustomPoint.idl
[1.036s] -- Up-to-date: /home/lx/ros2/ros/xiao_ying/install/livox_ros_driver2/share/livox_ros_driver2/msg/CustomMsg.idl
[1.036s] -- Up-to-date: /home/lx/ros2/ros/xiao_ying/install/livox_ros_driver2/share/livox_ros_driver2/msg/CustomPoint.msg
[1.037s] -- Up-to-date: /home/lx/ros2/ros/xiao_ying/install/livox_ros_driver2/share/livox_ros_driver2/msg/CustomMsg.msg
[1.037s] -- Up-to-date: /home/lx/ros2/ros/xiao_ying/install/livox_ros_driver2/lib/livox_ros_driver2/livox_ros_driver2_node
[1.037s] -- Up-to-date: /home/lx/ros2/ros/xiao_ying/install/livox_ros_driver2/lib/liblivox_ros_driver2.so
[1.037s] -- Up-to-date: /home/lx/ros2/ros/xiao_ying/install/livox_ros_driver2/share/livox_ros_driver2/config
[1.037s] -- Up-to-date: /home/lx/ros2/ros/xiao_ying/install/livox_ros_driver2/share/livox_ros_driver2/config/mixed_HAP_MID360_config.json
[1.037s] -- Up-to-date: /home/lx/ros2/ros/xiao_ying/install/livox_ros_driver2/share/livox_ros_driver2/config/HAP_config.json
[1.037s] -- Up-to-date: /home/lx/ros2/ros/xiao_ying/install/livox_ros_driver2/share/livox_ros_driver2/config/display_point_cloud.rviz
[1.037s] -- Up-to-date: /home/lx/ros2/ros/xiao_ying/install/livox_ros_driver2/share/livox_ros_driver2/config/MID360_config.json
[1.038s] -- Up-to-date: /home/lx/ros2/ros/xiao_ying/install/livox_ros_driver2/share/livox_ros_driver2/launch
[1.038s] -- Up-to-date: /home/lx/ros2/ros/xiao_ying/install/livox_ros_driver2/share/livox_ros_driver2/launch/rviz_MID360_launch.py
[1.038s] -- Up-to-date: /home/lx/ros2/ros/xiao_ying/install/livox_ros_driver2/share/livox_ros_driver2/launch/msg_MID360_launch.py
[1.038s] -- Up-to-date: /home/lx/ros2/ros/xiao_ying/install/livox_ros_driver2/share/livox_ros_driver2/launch/rviz_HAP_launch.py
[1.038s] -- Up-to-date: /home/lx/ros2/ros/xiao_ying/install/livox_ros_driver2/share/livox_ros_driver2/launch/msg_HAP_launch.py
[1.038s] -- Up-to-date: /home/lx/ros2/ros/xiao_ying/install/livox_ros_driver2/share/livox_ros_driver2/launch/rviz_mixed.py
[1.038s] -- Up-to-date: /home/lx/ros2/ros/xiao_ying/install/livox_ros_driver2/share/ament_index/resource_index/package_run_dependencies/livox_ros_driver2
[1.038s] -- Up-to-date: /home/lx/ros2/ros/xiao_ying/install/livox_ros_driver2/share/ament_index/resource_index/parent_prefix_path/livox_ros_driver2
[1.038s] -- Up-to-date: /home/lx/ros2/ros/xiao_ying/install/livox_ros_driver2/share/livox_ros_driver2/environment/ament_prefix_path.sh
[1.038s] -- Up-to-date: /home/lx/ros2/ros/xiao_ying/install/livox_ros_driver2/share/livox_ros_driver2/environment/ament_prefix_path.dsv
[1.038s] -- Up-to-date: /home/lx/ros2/ros/xiao_ying/install/livox_ros_driver2/share/livox_ros_driver2/environment/path.sh
[1.038s] -- Up-to-date: /home/lx/ros2/ros/xiao_ying/install/livox_ros_driver2/share/livox_ros_driver2/environment/path.dsv
[1.038s] -- Up-to-date: /home/lx/ros2/ros/xiao_ying/install/livox_ros_driver2/share/livox_ros_driver2/local_setup.bash
[1.038s] -- Up-to-date: /home/lx/ros2/ros/xiao_ying/install/livox_ros_driver2/share/livox_ros_driver2/local_setup.sh
[1.038s] -- Up-to-date: /home/lx/ros2/ros/xiao_ying/install/livox_ros_driver2/share/livox_ros_driver2/local_setup.zsh
[1.038s] -- Up-to-date: /home/lx/ros2/ros/xiao_ying/install/livox_ros_driver2/share/livox_ros_driver2/local_setup.dsv
[1.039s] -- Installing: /home/lx/ros2/ros/xiao_ying/install/livox_ros_driver2/share/livox_ros_driver2/package.dsv
[1.039s] -- Up-to-date: /home/lx/ros2/ros/xiao_ying/install/livox_ros_driver2/share/ament_index/resource_index/packages/livox_ros_driver2
[1.039s] -- Up-to-date: /home/lx/ros2/ros/xiao_ying/install/livox_ros_driver2/share/livox_ros_driver2/cmake/export_livox_interfaces2__rosidl_generator_cExport.cmake
[1.039s] -- Up-to-date: /home/lx/ros2/ros/xiao_ying/install/livox_ros_driver2/share/livox_ros_driver2/cmake/export_livox_interfaces2__rosidl_generator_cExport-noconfig.cmake
[1.039s] -- Up-to-date: /home/lx/ros2/ros/xiao_ying/install/livox_ros_driver2/share/livox_ros_driver2/cmake/export_livox_interfaces2__rosidl_typesupport_fastrtps_cExport.cmake
[1.039s] -- Up-to-date: /home/lx/ros2/ros/xiao_ying/install/livox_ros_driver2/share/livox_ros_driver2/cmake/export_livox_interfaces2__rosidl_typesupport_fastrtps_cExport-noconfig.cmake
[1.039s] -- Up-to-date: /home/lx/ros2/ros/xiao_ying/install/livox_ros_driver2/share/livox_ros_driver2/cmake/livox_interfaces2__rosidl_typesupport_introspection_cExport.cmake
[1.039s] -- Up-to-date: /home/lx/ros2/ros/xiao_ying/install/livox_ros_driver2/share/livox_ros_driver2/cmake/livox_interfaces2__rosidl_typesupport_introspection_cExport-noconfig.cmake
[1.039s] -- Up-to-date: /home/lx/ros2/ros/xiao_ying/install/livox_ros_driver2/share/livox_ros_driver2/cmake/livox_interfaces2__rosidl_typesupport_cExport.cmake
[1.040s] -- Up-to-date: /home/lx/ros2/ros/xiao_ying/install/livox_ros_driver2/share/livox_ros_driver2/cmake/livox_interfaces2__rosidl_typesupport_cExport-noconfig.cmake
[1.040s] -- Up-to-date: /home/lx/ros2/ros/xiao_ying/install/livox_ros_driver2/share/livox_ros_driver2/cmake/export_livox_interfaces2__rosidl_generator_cppExport.cmake
[1.040s] -- Up-to-date: /home/lx/ros2/ros/xiao_ying/install/livox_ros_driver2/share/livox_ros_driver2/cmake/export_livox_interfaces2__rosidl_typesupport_fastrtps_cppExport.cmake
[1.040s] -- Up-to-date: /home/lx/ros2/ros/xiao_ying/install/livox_ros_driver2/share/livox_ros_driver2/cmake/export_livox_interfaces2__rosidl_typesupport_fastrtps_cppExport-noconfig.cmake
[1.040s] -- Up-to-date: /home/lx/ros2/ros/xiao_ying/install/livox_ros_driver2/share/livox_ros_driver2/cmake/livox_interfaces2__rosidl_typesupport_introspection_cppExport.cmake
[1.040s] -- Up-to-date: /home/lx/ros2/ros/xiao_ying/install/livox_ros_driver2/share/livox_ros_driver2/cmake/livox_interfaces2__rosidl_typesupport_introspection_cppExport-noconfig.cmake
[1.040s] -- Up-to-date: /home/lx/ros2/ros/xiao_ying/install/livox_ros_driver2/share/livox_ros_driver2/cmake/livox_interfaces2__rosidl_typesupport_cppExport.cmake
[1.041s] -- Up-to-date: /home/lx/ros2/ros/xiao_ying/install/livox_ros_driver2/share/livox_ros_driver2/cmake/livox_interfaces2__rosidl_typesupport_cppExport-noconfig.cmake
[1.041s] -- Up-to-date: /home/lx/ros2/ros/xiao_ying/install/livox_ros_driver2/share/livox_ros_driver2/cmake/export_livox_interfaces2__rosidl_generator_pyExport.cmake
[1.041s] -- Up-to-date: /home/lx/ros2/ros/xiao_ying/install/livox_ros_driver2/share/livox_ros_driver2/cmake/export_livox_interfaces2__rosidl_generator_pyExport-noconfig.cmake
[1.041s] -- Up-to-date: /home/lx/ros2/ros/xiao_ying/install/livox_ros_driver2/share/ament_index/resource_index/rclcpp_components/livox_ros_driver2
[1.041s] -- Up-to-date: /home/lx/ros2/ros/xiao_ying/install/livox_ros_driver2/share/livox_ros_driver2/cmake/rosidl_cmake-extras.cmake
[1.041s] -- Up-to-date: /home/lx/ros2/ros/xiao_ying/install/livox_ros_driver2/share/livox_ros_driver2/cmake/ament_cmake_export_dependencies-extras.cmake
[1.042s] -- Up-to-date: /home/lx/ros2/ros/xiao_ying/install/livox_ros_driver2/share/livox_ros_driver2/cmake/ament_cmake_export_include_directories-extras.cmake
[1.042s] -- Up-to-date: /home/lx/ros2/ros/xiao_ying/install/livox_ros_driver2/share/livox_ros_driver2/cmake/ament_cmake_export_libraries-extras.cmake
[1.042s] -- Up-to-date: /home/lx/ros2/ros/xiao_ying/install/livox_ros_driver2/share/livox_ros_driver2/cmake/ament_cmake_export_targets-extras.cmake
[1.042s] -- Up-to-date: /home/lx/ros2/ros/xiao_ying/install/livox_ros_driver2/share/livox_ros_driver2/cmake/rosidl_cmake_export_typesupport_targets-extras.cmake
[1.042s] -- Up-to-date: /home/lx/ros2/ros/xiao_ying/install/livox_ros_driver2/share/livox_ros_driver2/cmake/rosidl_cmake_export_typesupport_libraries-extras.cmake
[1.042s] -- Up-to-date: /home/lx/ros2/ros/xiao_ying/install/livox_ros_driver2/share/livox_ros_driver2/cmake/livox_ros_driver2Config.cmake
[1.042s] -- Up-to-date: /home/lx/ros2/ros/xiao_ying/install/livox_ros_driver2/share/livox_ros_driver2/cmake/livox_ros_driver2Config-version.cmake
[1.042s] -- Up-to-date: /home/lx/ros2/ros/xiao_ying/install/livox_ros_driver2/share/livox_ros_driver2/package.xml
[1.159s] Invoked command in '/home/lx/ros2/ros/xiao_ying/build/livox_ros_driver2' returned '0': CMAKE_PREFIX_PATH=${CMAKE_PREFIX_PATH}:/opt/ros/humble /usr/bin/cmake --install /home/lx/ros2/ros/xiao_ying/build/livox_ros_driver2
