[0.016s] Invoking command in '/home/lx/ros/service_ws/build/client': CMAKE_PREFIX_PATH=${CMAKE_PREFIX_PATH}:/opt/ros/humble /usr/bin/cmake /home/lx/ros/service_ws/src/client -DCMAKE_INSTALL_PREFIX=/home/lx/ros/service_ws/install/client
[0.032s] -- Found ament_cmake: 1.3.5 (/opt/ros/humble/share/ament_cmake/cmake)
[0.087s] -- Found Python3: /usr/bin/python3.10 (found version "3.10.12") found components: Interpreter 
[0.139s] -- Override CMake install command with custom implementation using symlinks instead of copying resources
[0.154s] -- Found rclcpp: 16.0.4 (/opt/ros/humble/share/rclcpp/cmake)
[0.191s] -- Found rosidl_generator_c: 3.1.4 (/opt/ros/humble/share/rosidl_generator_c/cmake)
[0.193s] -- Found rosidl_adapter: 3.1.4 (/opt/ros/humble/share/rosidl_adapter/cmake)
[0.200s] -- Found rosidl_generator_cpp: 3.1.4 (/opt/ros/humble/share/rosidl_generator_cpp/cmake)
[0.211s] -- Using all available rosidl_typesupport_c: rosidl_typesupport_fastrtps_c;rosidl_typesupport_introspection_c
[0.226s] -- Using all available rosidl_typesupport_cpp: rosidl_typesupport_fastrtps_cpp;rosidl_typesupport_introspection_cpp
[0.281s] -- Found rmw_implementation_cmake: 6.1.1 (/opt/ros/humble/share/rmw_implementation_cmake/cmake)
[0.283s] -- Found rmw_fastrtps_cpp: 6.2.2 (/opt/ros/humble/share/rmw_fastrtps_cpp/cmake)
[0.376s] -- Using RMW implementation 'rmw_fastrtps_cpp' as default
[0.531s] -- Found ament_lint_auto: 0.12.6 (/opt/ros/humble/share/ament_lint_auto/cmake)
[0.593s] -- Added test 'cppcheck' to perform static code analysis on C / C++ code
[0.593s] -- Configured cppcheck include dirs: 
[0.594s] -- Configured cppcheck exclude dirs and/or files: 
[0.594s] -- Added test 'lint_cmake' to check CMake code style
[0.595s] -- Added test 'uncrustify' to check C / C++ code style
[0.595s] -- Configured uncrustify additional arguments: 
[0.595s] -- Added test 'xmllint' to check XML markup files
[0.597s] -- Configuring done
[0.606s] -- Generating done
[0.607s] -- Build files have been written to: /home/lx/ros/service_ws/build/client
[0.612s] Invoked command in '/home/lx/ros/service_ws/build/client' returned '0': CMAKE_PREFIX_PATH=${CMAKE_PREFIX_PATH}:/opt/ros/humble /usr/bin/cmake /home/lx/ros/service_ws/src/client -DCMAKE_INSTALL_PREFIX=/home/lx/ros/service_ws/install/client
[0.613s] Invoking command in '/home/lx/ros/service_ws/build/client': CMAKE_PREFIX_PATH=${CMAKE_PREFIX_PATH}:/opt/ros/humble /usr/bin/cmake --build /home/lx/ros/service_ws/build/client -- -j12 -l12
[0.639s] [35m[1mConsolidate compiler generated dependencies of target client[0m
[0.650s] [100%] Built target client
[0.657s] Invoked command in '/home/lx/ros/service_ws/build/client' returned '0': CMAKE_PREFIX_PATH=${CMAKE_PREFIX_PATH}:/opt/ros/humble /usr/bin/cmake --build /home/lx/ros/service_ws/build/client -- -j12 -l12
[0.675s] Invoking command in '/home/lx/ros/service_ws/build/client': CMAKE_PREFIX_PATH=${CMAKE_PREFIX_PATH}:/opt/ros/humble /usr/bin/cmake --install /home/lx/ros/service_ws/build/client
[0.680s] -- Install configuration: "RelWithDebInfo"
[0.680s] -- Execute custom install script
[0.681s] -- Up-to-date symlink: /home/lx/ros/service_ws/install/client/share/ament_index/resource_index/package_run_dependencies/client
[0.683s] -- Up-to-date symlink: /home/lx/ros/service_ws/install/client/share/ament_index/resource_index/parent_prefix_path/client
[0.683s] -- Up-to-date symlink: /home/lx/ros/service_ws/install/client/share/client/environment/ament_prefix_path.sh
[0.684s] -- Up-to-date symlink: /home/lx/ros/service_ws/install/client/share/client/environment/ament_prefix_path.dsv
[0.684s] -- Up-to-date symlink: /home/lx/ros/service_ws/install/client/share/client/environment/path.sh
[0.684s] -- Up-to-date symlink: /home/lx/ros/service_ws/install/client/share/client/environment/path.dsv
[0.684s] -- Up-to-date symlink: /home/lx/ros/service_ws/install/client/share/client/local_setup.bash
[0.684s] -- Up-to-date symlink: /home/lx/ros/service_ws/install/client/share/client/local_setup.sh
[0.684s] -- Up-to-date symlink: /home/lx/ros/service_ws/install/client/share/client/local_setup.zsh
[0.685s] -- Up-to-date symlink: /home/lx/ros/service_ws/install/client/share/client/local_setup.dsv
[0.685s] -- Symlinking: /home/lx/ros/service_ws/install/client/share/client/package.dsv
[0.690s] -- Up-to-date symlink: /home/lx/ros/service_ws/install/client/share/ament_index/resource_index/packages/client
[0.691s] -- Up-to-date symlink: /home/lx/ros/service_ws/install/client/share/client/cmake/clientConfig.cmake
[0.691s] -- Up-to-date symlink: /home/lx/ros/service_ws/install/client/share/client/cmake/clientConfig-version.cmake
[0.691s] -- Up-to-date symlink: /home/lx/ros/service_ws/install/client/share/client/package.xml
[0.691s] -- Up-to-date symlink: /home/lx/ros/service_ws/install/client/lib/client/client
[0.693s] Invoked command in '/home/lx/ros/service_ws/build/client' returned '0': CMAKE_PREFIX_PATH=${CMAKE_PREFIX_PATH}:/opt/ros/humble /usr/bin/cmake --install /home/lx/ros/service_ws/build/client
