[0.029s] Invoking command in '/home/lx/ros2/demo1/build/turtlebot3_node': CMAKE_PREFIX_PATH=${CMAKE_PREFIX_PATH}:/opt/ros/humble /usr/bin/cmake /home/lx/ros2/demo1/src/turtlebot3/turtlebot3_node -DAMENT_CMAKE_SYMLINK_INSTALL=1 -DCMAKE_INSTALL_PREFIX=/home/lx/ros2/demo1/install/turtlebot3_node
[0.248s] -- The C compiler identification is GNU 11.4.0
[0.248s] -- The CXX compiler identification is GNU 11.4.0
[0.249s] -- Detecting C compiler ABI info
[0.249s] -- Detecting C compiler ABI info - done
[0.249s] -- Check for working C compiler: /usr/bin/cc - skipped
[0.249s] -- Detecting C compile features
[0.249s] -- Detecting C compile features - done
[0.249s] -- Detecting CXX compiler ABI info
[0.249s] -- Detecting CXX compiler ABI info - done
[0.250s] -- Check for working CXX compiler: /usr/bin/c++ - skipped
[0.250s] -- Detecting CXX compile features
[0.250s] -- Detecting CXX compile features - done
[0.250s] -- Found ament_cmake: 1.3.5 (/opt/ros/humble/share/ament_cmake/cmake)
[0.374s] -- Found Python3: /usr/bin/python3.10 (found version "3.10.12") found components: Interpreter 
[0.427s] -- Override CMake install command with custom implementation using symlinks instead of copying resources
[0.456s] -- Found dynamixel_sdk: 3.7.60 (/opt/ros/humble/share/dynamixel_sdk/cmake)
[0.460s] -- Found geometry_msgs: 4.2.3 (/opt/ros/humble/share/geometry_msgs/cmake)
[0.507s] -- Found rosidl_generator_c: 3.1.4 (/opt/ros/humble/share/rosidl_generator_c/cmake)
[0.513s] -- Found rosidl_adapter: 3.1.4 (/opt/ros/humble/share/rosidl_adapter/cmake)
[0.522s] -- Found rosidl_generator_cpp: 3.1.4 (/opt/ros/humble/share/rosidl_generator_cpp/cmake)
[0.537s] -- Using all available rosidl_typesupport_c: rosidl_typesupport_fastrtps_c;rosidl_typesupport_introspection_c
[0.554s] -- Using all available rosidl_typesupport_cpp: rosidl_typesupport_fastrtps_cpp;rosidl_typesupport_introspection_cpp
[0.667s] -- Found message_filters: 4.3.3 (/opt/ros/humble/share/message_filters/cmake)
[0.724s] -- Found rmw_implementation_cmake: 6.1.1 (/opt/ros/humble/share/rmw_implementation_cmake/cmake)
[0.724s] -- Found rmw_fastrtps_cpp: 6.2.2 (/opt/ros/humble/share/rmw_fastrtps_cpp/cmake)
[0.805s] -- Found OpenSSL: /usr/lib/x86_64-linux-gnu/libcrypto.so (found version "3.0.2")  
[0.841s] -- Found FastRTPS: /opt/ros/humble/include  
[0.883s] -- Using RMW implementation 'rmw_fastrtps_cpp' as default
[0.887s] -- Looking for pthread.h
[0.941s] -- Looking for pthread.h - found
[0.941s] -- Performing Test CMAKE_HAVE_LIBC_PTHREAD
[0.992s] -- Performing Test CMAKE_HAVE_LIBC_PTHREAD - Success
[0.994s] -- Found Threads: TRUE  
[1.120s] -- Found nav_msgs: 4.2.3 (/opt/ros/humble/share/nav_msgs/cmake)
[1.196s] -- Found sensor_msgs: 4.2.3 (/opt/ros/humble/share/sensor_msgs/cmake)
[1.272s] -- Found std_srvs: 4.2.3 (/opt/ros/humble/share/std_srvs/cmake)
[1.286s] -- Found tf2: 0.25.2 (/opt/ros/humble/share/tf2/cmake)
[1.298s] -- Found tf2_ros: 0.25.2 (/opt/ros/humble/share/tf2_ros/cmake)
[1.598s] -- Found turtlebot3_msgs: 2.2.3 (/opt/ros/humble/share/turtlebot3_msgs/cmake)
[1.722s] -- Configuring done
[1.738s] -- Generating done
[1.739s] -- Build files have been written to: /home/lx/ros2/demo1/build/turtlebot3_node
[1.748s] Invoked command in '/home/lx/ros2/demo1/build/turtlebot3_node' returned '0': CMAKE_PREFIX_PATH=${CMAKE_PREFIX_PATH}:/opt/ros/humble /usr/bin/cmake /home/lx/ros2/demo1/src/turtlebot3/turtlebot3_node -DAMENT_CMAKE_SYMLINK_INSTALL=1 -DCMAKE_INSTALL_PREFIX=/home/lx/ros2/demo1/install/turtlebot3_node
[1.748s] Invoking command in '/home/lx/ros2/demo1/build/turtlebot3_node': CMAKE_PREFIX_PATH=${CMAKE_PREFIX_PATH}:/opt/ros/humble /usr/bin/cmake --build /home/lx/ros2/demo1/build/turtlebot3_node -- -j12 -l12
[1.784s] [  7%] [32mBuilding CXX object CMakeFiles/turtlebot3_node_lib.dir/src/devices/sound.cpp.o[0m
[1.785s] [ 14%] [32mBuilding CXX object CMakeFiles/turtlebot3_node_lib.dir/src/devices/motor_power.cpp.o[0m
[1.785s] [ 21%] [32mBuilding CXX object CMakeFiles/turtlebot3_node_lib.dir/src/diff_drive_controller.cpp.o[0m
[1.786s] [ 28%] [32mBuilding CXX object CMakeFiles/turtlebot3_node_lib.dir/src/dynamixel_sdk_wrapper.cpp.o[0m
[1.786s] [ 35%] [32mBuilding CXX object CMakeFiles/turtlebot3_node_lib.dir/src/odometry.cpp.o[0m
[1.786s] [ 57%] [32mBuilding CXX object CMakeFiles/turtlebot3_node_lib.dir/src/devices/reset.cpp.o[0m
[1.786s] [ 57%] [32mBuilding CXX object CMakeFiles/turtlebot3_node_lib.dir/src/turtlebot3.cpp.o[0m
[1.786s] [ 57%] [32mBuilding CXX object CMakeFiles/turtlebot3_node_lib.dir/src/sensors/imu.cpp.o[0m
[1.787s] [ 64%] [32mBuilding CXX object CMakeFiles/turtlebot3_node_lib.dir/src/sensors/joint_state.cpp.o[0m
[1.787s] [ 71%] [32mBuilding CXX object CMakeFiles/turtlebot3_node_lib.dir/src/sensors/sensor_state.cpp.o[0m
[1.788s] [ 78%] [32mBuilding CXX object CMakeFiles/turtlebot3_node_lib.dir/src/sensors/battery_state.cpp.o[0m
[15.293s] [ 85%] [32m[1mLinking CXX static library libturtlebot3_node_lib.a[0m
[15.658s] [ 85%] Built target turtlebot3_node_lib
[15.672s] [ 92%] [32mBuilding CXX object CMakeFiles/turtlebot3_ros.dir/src/node_main.cpp.o[0m
[18.256s] [100%] [32m[1mLinking CXX executable turtlebot3_ros[0m
[19.554s] [100%] Built target turtlebot3_ros
[19.562s] Invoked command in '/home/lx/ros2/demo1/build/turtlebot3_node' returned '0': CMAKE_PREFIX_PATH=${CMAKE_PREFIX_PATH}:/opt/ros/humble /usr/bin/cmake --build /home/lx/ros2/demo1/build/turtlebot3_node -- -j12 -l12
[19.593s] Invoking command in '/home/lx/ros2/demo1/build/turtlebot3_node': CMAKE_PREFIX_PATH=${CMAKE_PREFIX_PATH}:/opt/ros/humble /usr/bin/cmake --install /home/lx/ros2/demo1/build/turtlebot3_node
[19.598s] -- Install configuration: ""
[19.598s] -- Execute custom install script
[19.599s] -- Symlinking: /home/lx/ros2/demo1/install/turtlebot3_node/share/turtlebot3_node/param/burger.yaml
[19.605s] -- Symlinking: /home/lx/ros2/demo1/install/turtlebot3_node/share/turtlebot3_node/param/waffle.yaml
[19.610s] -- Symlinking: /home/lx/ros2/demo1/install/turtlebot3_node/share/turtlebot3_node/param/waffle_pi.yaml
[19.616s] -- Symlinking: /home/lx/ros2/demo1/install/turtlebot3_node/lib/turtlebot3_node/turtlebot3_ros
[19.621s] -- Symlinking: /home/lx/ros2/demo1/install/turtlebot3_node/share/ament_index/resource_index/package_run_dependencies/turtlebot3_node
[19.627s] -- Symlinking: /home/lx/ros2/demo1/install/turtlebot3_node/share/ament_index/resource_index/parent_prefix_path/turtlebot3_node
[19.633s] -- Symlinking: /home/lx/ros2/demo1/install/turtlebot3_node/share/turtlebot3_node/environment/ament_prefix_path.sh
[19.638s] -- Symlinking: /home/lx/ros2/demo1/install/turtlebot3_node/share/turtlebot3_node/environment/ament_prefix_path.dsv
[19.644s] -- Symlinking: /home/lx/ros2/demo1/install/turtlebot3_node/share/turtlebot3_node/environment/path.sh
[19.649s] -- Symlinking: /home/lx/ros2/demo1/install/turtlebot3_node/share/turtlebot3_node/environment/path.dsv
[19.655s] -- Symlinking: /home/lx/ros2/demo1/install/turtlebot3_node/share/turtlebot3_node/local_setup.bash
[19.660s] -- Symlinking: /home/lx/ros2/demo1/install/turtlebot3_node/share/turtlebot3_node/local_setup.sh
[19.668s] -- Symlinking: /home/lx/ros2/demo1/install/turtlebot3_node/share/turtlebot3_node/local_setup.zsh
[19.672s] -- Symlinking: /home/lx/ros2/demo1/install/turtlebot3_node/share/turtlebot3_node/local_setup.dsv
[19.679s] -- Symlinking: /home/lx/ros2/demo1/install/turtlebot3_node/share/turtlebot3_node/package.dsv
[19.685s] -- Symlinking: /home/lx/ros2/demo1/install/turtlebot3_node/share/ament_index/resource_index/packages/turtlebot3_node
[19.691s] -- Symlinking: /home/lx/ros2/demo1/install/turtlebot3_node/share/turtlebot3_node/cmake/ament_cmake_export_include_directories-extras.cmake
[19.696s] -- Symlinking: /home/lx/ros2/demo1/install/turtlebot3_node/share/turtlebot3_node/cmake/turtlebot3_nodeConfig.cmake
[19.702s] -- Symlinking: /home/lx/ros2/demo1/install/turtlebot3_node/share/turtlebot3_node/cmake/turtlebot3_nodeConfig-version.cmake
[19.707s] -- Symlinking: /home/lx/ros2/demo1/install/turtlebot3_node/share/turtlebot3_node/package.xml
[19.715s] Invoked command in '/home/lx/ros2/demo1/build/turtlebot3_node' returned '0': CMAKE_PREFIX_PATH=${CMAKE_PREFIX_PATH}:/opt/ros/humble /usr/bin/cmake --install /home/lx/ros2/demo1/build/turtlebot3_node
