/home/lx/ros2/gezebo_ws/install/lesson_urdf/lib/python3.10/site-packages/lesson_urdf/__init__.py
/home/lx/ros2/gezebo_ws/install/lesson_urdf/lib/python3.10/site-packages/lesson_urdf/__pycache__/__init__.cpython-310.pyc
/home/lx/ros2/gezebo_ws/install/lesson_urdf/share/ament_index/resource_index/packages/lesson_urdf
/home/lx/ros2/gezebo_ws/install/lesson_urdf/share/lesson_urdf/package.xml
/home/lx/ros2/gezebo_ws/install/lesson_urdf/share/lesson_urdf/view_robot_launch.py
/home/lx/ros2/gezebo_ws/install/lesson_urdf/share/lesson_urdf/urdf/planar_3dof.urdf
/home/lx/ros2/gezebo_ws/install/lesson_urdf/share/lesson_urdf/rviz/view.rviz
/home/lx/ros2/gezebo_ws/install/lesson_urdf/share/lesson_urdf/meshes/collision/gripper.stl
/home/lx/ros2/gezebo_ws/install/lesson_urdf/share/lesson_urdf/meshes/collision/arm_link.stl
/home/lx/ros2/gezebo_ws/install/lesson_urdf/share/lesson_urdf/meshes/collision/arm_link_twist_2.stl
/home/lx/ros2/gezebo_ws/install/lesson_urdf/share/lesson_urdf/meshes/collision/arm_link_twist_1.stl
/home/lx/ros2/gezebo_ws/install/lesson_urdf/share/lesson_urdf/meshes/visual/gripper.stl
/home/lx/ros2/gezebo_ws/install/lesson_urdf/share/lesson_urdf/meshes/visual/arm_link.stl
/home/lx/ros2/gezebo_ws/install/lesson_urdf/share/lesson_urdf/meshes/visual/arm_link_twist_2.stl
/home/lx/ros2/gezebo_ws/install/lesson_urdf/share/lesson_urdf/meshes/visual/arm_link_twist_1.stl
/home/lx/ros2/gezebo_ws/install/lesson_urdf/lib/python3.10/site-packages/lesson_urdf-0.0.0-py3.10.egg-info/top_level.txt
/home/lx/ros2/gezebo_ws/install/lesson_urdf/lib/python3.10/site-packages/lesson_urdf-0.0.0-py3.10.egg-info/entry_points.txt
/home/lx/ros2/gezebo_ws/install/lesson_urdf/lib/python3.10/site-packages/lesson_urdf-0.0.0-py3.10.egg-info/PKG-INFO
/home/lx/ros2/gezebo_ws/install/lesson_urdf/lib/python3.10/site-packages/lesson_urdf-0.0.0-py3.10.egg-info/SOURCES.txt
/home/lx/ros2/gezebo_ws/install/lesson_urdf/lib/python3.10/site-packages/lesson_urdf-0.0.0-py3.10.egg-info/dependency_links.txt
/home/lx/ros2/gezebo_ws/install/lesson_urdf/lib/python3.10/site-packages/lesson_urdf-0.0.0-py3.10.egg-info/requires.txt
/home/lx/ros2/gezebo_ws/install/lesson_urdf/lib/python3.10/site-packages/lesson_urdf-0.0.0-py3.10.egg-info/zip-safe
