[0.223s] Invoking command in '/home/lx/ros2/ros/nav2_ws/build/costmap_queue': AMENT_PREFIX_PATH=/home/lx/ros2/ros/nav2_ws/install/nav2_costmap_2d:/home/lx/ros2/ros/nav2_ws/install/nav2_util:/home/lx/ros2/ros/nav2_ws/install/nav2_voxel_grid:/home/lx/ros2/ros/nav2_ws/install/nav2_msgs:/home/lx/ros2/ros/nav2_ws/install/nav2_common:${AMENT_PREFIX_PATH} CMAKE_PREFIX_PATH=/home/lx/ros2/ros/nav2_ws/install/nav2_costmap_2d:/home/lx/ros2/ros/nav2_ws/install/nav2_util:/home/lx/ros2/ros/nav2_ws/install/nav2_voxel_grid:/home/lx/ros2/ros/nav2_ws/install/nav2_msgs:/home/lx/ros2/ros/nav2_ws/install/nav2_common:/opt/ros/humble LD_LIBRARY_PATH=/home/lx/ros2/ros/nav2_ws/install/nav2_costmap_2d/lib:/home/lx/ros2/ros/nav2_ws/install/nav2_util/lib:/home/lx/ros2/ros/nav2_ws/install/nav2_voxel_grid/lib:/home/lx/ros2/ros/nav2_ws/install/nav2_msgs/lib:${LD_LIBRARY_PATH} PYTHONPATH=/home/lx/ros2/ros/nav2_ws/install/nav2_msgs/local/lib/python3.10/dist-packages:/home/lx/ros2/ros/nav2_ws/install/nav2_common/local/lib/python3.10/dist-packages:${PYTHONPATH} /usr/bin/cmake /home/lx/ros2/ros/nav2_ws/src/navigation2/nav2_dwb_controller/costmap_queue -DCMAKE_INSTALL_PREFIX=/home/lx/ros2/ros/nav2_ws/install/costmap_queue
[0.511s] -- The C compiler identification is GNU 11.4.0
[0.691s] -- The CXX compiler identification is GNU 11.4.0
[0.701s] -- Detecting C compiler ABI info
[0.896s] -- Detecting C compiler ABI info - done
[0.908s] -- Check for working C compiler: /usr/bin/cc - skipped
[0.909s] -- Detecting C compile features
[0.910s] -- Detecting C compile features - done
[0.915s] -- Detecting CXX compiler ABI info
[1.112s] -- Detecting CXX compiler ABI info - done
[1.124s] -- Check for working CXX compiler: /usr/bin/c++ - skipped
[1.125s] -- Detecting CXX compile features
[1.126s] -- Detecting CXX compile features - done
[1.130s] -- Found ament_cmake: 1.3.5 (/opt/ros/humble/share/ament_cmake/cmake)
[1.395s] -- Found Python3: /usr/bin/python3.10 (found version "3.10.12") found components: Interpreter 
[1.542s] -- Found nav2_common: 1.1.12 (/home/lx/ros2/ros/nav2_ws/install/nav2_common/share/nav2_common/cmake)
[1.543s] -- Found nav2_costmap_2d: 1.1.12 (/home/lx/ros2/ros/nav2_ws/install/nav2_costmap_2d/share/nav2_costmap_2d/cmake)
[1.628s] -- Found rosidl_generator_c: 3.1.5 (/opt/ros/humble/share/rosidl_generator_c/cmake)
[1.637s] -- Found rosidl_adapter: 3.1.5 (/opt/ros/humble/share/rosidl_adapter/cmake)
[1.657s] -- Found rosidl_generator_cpp: 3.1.5 (/opt/ros/humble/share/rosidl_generator_cpp/cmake)
[1.686s] -- Using all available rosidl_typesupport_c: rosidl_typesupport_fastrtps_c;rosidl_typesupport_introspection_c
[1.727s] -- Using all available rosidl_typesupport_cpp: rosidl_typesupport_fastrtps_cpp;rosidl_typesupport_introspection_cpp
[2.041s] -- Found rmw_implementation_cmake: 6.1.1 (/opt/ros/humble/share/rmw_implementation_cmake/cmake)
[2.045s] -- Found rmw_fastrtps_cpp: 6.2.4 (/opt/ros/humble/share/rmw_fastrtps_cpp/cmake)
[2.184s] -- Found OpenSSL: /usr/lib/x86_64-linux-gnu/libcrypto.so (found version "3.0.2")  
[2.216s] -- Found FastRTPS: /opt/ros/humble/include  
[2.282s] -- Using RMW implementation 'rmw_fastrtps_cpp' as default
[2.296s] -- Looking for pthread.h
[2.393s] -- Looking for pthread.h - found
[2.394s] -- Performing Test CMAKE_HAVE_LIBC_PTHREAD
[2.493s] -- Performing Test CMAKE_HAVE_LIBC_PTHREAD - Success
[2.495s] -- Found Threads: TRUE  
[4.213s] -- Found Eigen3: TRUE (found version "3.4.0") 
[4.214s] -- Ensuring Eigen3 include directory is part of orocos-kdl CMake target
[5.659s] -- Setting build type to Release as none was specified.
[6.353s] -- Found ament_lint_auto: 0.12.8 (/opt/ros/humble/share/ament_lint_auto/cmake)
[6.476s] -- Found gtest sources under '/opt/ros/humble/src/gtest_vendor': C++ tests using 'Google Test' will be built
[8.498s] -- Added test 'cppcheck' to perform static code analysis on C / C++ code
[8.500s] -- Configured cppcheck include dirs: /home/lx/ros2/ros/nav2_ws/src/navigation2/nav2_dwb_controller/costmap_queue/include
[8.500s] -- Configured cppcheck exclude dirs and/or files: 
[8.501s] -- Added test 'cpplint' to check C / C++ code against the Google style
[8.501s] -- Configured cpplint exclude dirs and/or files: 
[8.502s] -- Added test 'lint_cmake' to check CMake code style
[8.504s] -- Added test 'uncrustify' to check C / C++ code style
[8.505s] -- Configured uncrustify additional arguments: 
[8.505s] -- Added test 'xmllint' to check XML markup files
[8.522s] -- Configuring done
[8.750s] -- Generating done
[8.754s] -- Build files have been written to: /home/lx/ros2/ros/nav2_ws/build/costmap_queue
[8.783s] Invoked command in '/home/lx/ros2/ros/nav2_ws/build/costmap_queue' returned '0': AMENT_PREFIX_PATH=/home/lx/ros2/ros/nav2_ws/install/nav2_costmap_2d:/home/lx/ros2/ros/nav2_ws/install/nav2_util:/home/lx/ros2/ros/nav2_ws/install/nav2_voxel_grid:/home/lx/ros2/ros/nav2_ws/install/nav2_msgs:/home/lx/ros2/ros/nav2_ws/install/nav2_common:${AMENT_PREFIX_PATH} CMAKE_PREFIX_PATH=/home/lx/ros2/ros/nav2_ws/install/nav2_costmap_2d:/home/lx/ros2/ros/nav2_ws/install/nav2_util:/home/lx/ros2/ros/nav2_ws/install/nav2_voxel_grid:/home/lx/ros2/ros/nav2_ws/install/nav2_msgs:/home/lx/ros2/ros/nav2_ws/install/nav2_common:/opt/ros/humble LD_LIBRARY_PATH=/home/lx/ros2/ros/nav2_ws/install/nav2_costmap_2d/lib:/home/lx/ros2/ros/nav2_ws/install/nav2_util/lib:/home/lx/ros2/ros/nav2_ws/install/nav2_voxel_grid/lib:/home/lx/ros2/ros/nav2_ws/install/nav2_msgs/lib:${LD_LIBRARY_PATH} PYTHONPATH=/home/lx/ros2/ros/nav2_ws/install/nav2_msgs/local/lib/python3.10/dist-packages:/home/lx/ros2/ros/nav2_ws/install/nav2_common/local/lib/python3.10/dist-packages:${PYTHONPATH} /usr/bin/cmake /home/lx/ros2/ros/nav2_ws/src/navigation2/nav2_dwb_controller/costmap_queue -DCMAKE_INSTALL_PREFIX=/home/lx/ros2/ros/nav2_ws/install/costmap_queue
[8.784s] Invoking command in '/home/lx/ros2/ros/nav2_ws/build/costmap_queue': AMENT_PREFIX_PATH=/home/lx/ros2/ros/nav2_ws/install/nav2_costmap_2d:/home/lx/ros2/ros/nav2_ws/install/nav2_util:/home/lx/ros2/ros/nav2_ws/install/nav2_voxel_grid:/home/lx/ros2/ros/nav2_ws/install/nav2_msgs:/home/lx/ros2/ros/nav2_ws/install/nav2_common:${AMENT_PREFIX_PATH} CMAKE_PREFIX_PATH=/home/lx/ros2/ros/nav2_ws/install/nav2_costmap_2d:/home/lx/ros2/ros/nav2_ws/install/nav2_util:/home/lx/ros2/ros/nav2_ws/install/nav2_voxel_grid:/home/lx/ros2/ros/nav2_ws/install/nav2_msgs:/home/lx/ros2/ros/nav2_ws/install/nav2_common:/opt/ros/humble LD_LIBRARY_PATH=/home/lx/ros2/ros/nav2_ws/install/nav2_costmap_2d/lib:/home/lx/ros2/ros/nav2_ws/install/nav2_util/lib:/home/lx/ros2/ros/nav2_ws/install/nav2_voxel_grid/lib:/home/lx/ros2/ros/nav2_ws/install/nav2_msgs/lib:${LD_LIBRARY_PATH} PYTHONPATH=/home/lx/ros2/ros/nav2_ws/install/nav2_msgs/local/lib/python3.10/dist-packages:/home/lx/ros2/ros/nav2_ws/install/nav2_common/local/lib/python3.10/dist-packages:${PYTHONPATH} /usr/bin/cmake --build /home/lx/ros2/ros/nav2_ws/build/costmap_queue -- -j12 -l12
[31.305s] [  9%] [32mBuilding CXX object CMakeFiles/costmap_queue.dir/src/costmap_queue.cpp.o[0m
[31.305s] [ 18%] [32mBuilding CXX object CMakeFiles/costmap_queue.dir/src/limited_costmap_queue.cpp.o[0m
[31.305s] [ 27%] [32m[1mLinking CXX static library libcostmap_queue.a[0m
[31.306s] [ 27%] Built target costmap_queue
[31.306s] [ 36%] [32mBuilding CXX object gtest/CMakeFiles/gtest.dir/src/gtest-all.cc.o[0m
[31.306s] [ 45%] [32m[1mLinking CXX static library libgtest.a[0m
[31.306s] [ 45%] Built target gtest
[31.306s] [ 54%] [32mBuilding CXX object gtest/CMakeFiles/gtest_main.dir/src/gtest_main.cc.o[0m
[31.306s] [ 63%] [32m[1mLinking CXX static library libgtest_main.a[0m
[31.306s] [ 63%] Built target gtest_main
[31.306s] [ 72%] [32mBuilding CXX object CMakeFiles/mbq_test.dir/test/mbq_test.cpp.o[0m
[31.306s] [ 81%] [32m[1mLinking CXX executable mbq_test[0m
[32.353s] [ 81%] Built target mbq_test
[32.384s] [ 90%] [32mBuilding CXX object CMakeFiles/utest.dir/test/utest.cpp.o[0m
[39.759s] [100%] [32m[1mLinking CXX executable utest[0m
[40.285s] [100%] Built target utest
[40.301s] Invoked command in '/home/lx/ros2/ros/nav2_ws/build/costmap_queue' returned '0': AMENT_PREFIX_PATH=/home/lx/ros2/ros/nav2_ws/install/nav2_costmap_2d:/home/lx/ros2/ros/nav2_ws/install/nav2_util:/home/lx/ros2/ros/nav2_ws/install/nav2_voxel_grid:/home/lx/ros2/ros/nav2_ws/install/nav2_msgs:/home/lx/ros2/ros/nav2_ws/install/nav2_common:${AMENT_PREFIX_PATH} CMAKE_PREFIX_PATH=/home/lx/ros2/ros/nav2_ws/install/nav2_costmap_2d:/home/lx/ros2/ros/nav2_ws/install/nav2_util:/home/lx/ros2/ros/nav2_ws/install/nav2_voxel_grid:/home/lx/ros2/ros/nav2_ws/install/nav2_msgs:/home/lx/ros2/ros/nav2_ws/install/nav2_common:/opt/ros/humble LD_LIBRARY_PATH=/home/lx/ros2/ros/nav2_ws/install/nav2_costmap_2d/lib:/home/lx/ros2/ros/nav2_ws/install/nav2_util/lib:/home/lx/ros2/ros/nav2_ws/install/nav2_voxel_grid/lib:/home/lx/ros2/ros/nav2_ws/install/nav2_msgs/lib:${LD_LIBRARY_PATH} PYTHONPATH=/home/lx/ros2/ros/nav2_ws/install/nav2_msgs/local/lib/python3.10/dist-packages:/home/lx/ros2/ros/nav2_ws/install/nav2_common/local/lib/python3.10/dist-packages:${PYTHONPATH} /usr/bin/cmake --build /home/lx/ros2/ros/nav2_ws/build/costmap_queue -- -j12 -l12
[40.341s] Invoking command in '/home/lx/ros2/ros/nav2_ws/build/costmap_queue': AMENT_PREFIX_PATH=/home/lx/ros2/ros/nav2_ws/install/nav2_costmap_2d:/home/lx/ros2/ros/nav2_ws/install/nav2_util:/home/lx/ros2/ros/nav2_ws/install/nav2_voxel_grid:/home/lx/ros2/ros/nav2_ws/install/nav2_msgs:/home/lx/ros2/ros/nav2_ws/install/nav2_common:${AMENT_PREFIX_PATH} CMAKE_PREFIX_PATH=/home/lx/ros2/ros/nav2_ws/install/nav2_costmap_2d:/home/lx/ros2/ros/nav2_ws/install/nav2_util:/home/lx/ros2/ros/nav2_ws/install/nav2_voxel_grid:/home/lx/ros2/ros/nav2_ws/install/nav2_msgs:/home/lx/ros2/ros/nav2_ws/install/nav2_common:/opt/ros/humble LD_LIBRARY_PATH=/home/lx/ros2/ros/nav2_ws/install/nav2_costmap_2d/lib:/home/lx/ros2/ros/nav2_ws/install/nav2_util/lib:/home/lx/ros2/ros/nav2_ws/install/nav2_voxel_grid/lib:/home/lx/ros2/ros/nav2_ws/install/nav2_msgs/lib:${LD_LIBRARY_PATH} PYTHONPATH=/home/lx/ros2/ros/nav2_ws/install/nav2_msgs/local/lib/python3.10/dist-packages:/home/lx/ros2/ros/nav2_ws/install/nav2_common/local/lib/python3.10/dist-packages:${PYTHONPATH} /usr/bin/cmake --install /home/lx/ros2/ros/nav2_ws/build/costmap_queue
[91.545s] -- Install configuration: "Release"
[91.545s] -- Installing: /home/lx/ros2/ros/nav2_ws/install/costmap_queue/lib/libcostmap_queue.a
[91.545s] -- Installing: /home/lx/ros2/ros/nav2_ws/install/costmap_queue/include/
[91.545s] -- Installing: /home/lx/ros2/ros/nav2_ws/install/costmap_queue/include//costmap_queue
[91.545s] -- Installing: /home/lx/ros2/ros/nav2_ws/install/costmap_queue/include//costmap_queue/map_based_queue.hpp
[91.546s] -- Installing: /home/lx/ros2/ros/nav2_ws/install/costmap_queue/include//costmap_queue/limited_costmap_queue.hpp
[91.546s] -- Installing: /home/lx/ros2/ros/nav2_ws/install/costmap_queue/include//costmap_queue/costmap_queue.hpp
[91.546s] -- Installing: /home/lx/ros2/ros/nav2_ws/install/costmap_queue/share/costmap_queue/environment/library_path.sh
[91.546s] -- Installing: /home/lx/ros2/ros/nav2_ws/install/costmap_queue/share/costmap_queue/environment/library_path.dsv
[91.546s] -- Installing: /home/lx/ros2/ros/nav2_ws/install/costmap_queue/share/ament_index/resource_index/package_run_dependencies/costmap_queue
[91.546s] -- Installing: /home/lx/ros2/ros/nav2_ws/install/costmap_queue/share/ament_index/resource_index/parent_prefix_path/costmap_queue
[91.546s] -- Installing: /home/lx/ros2/ros/nav2_ws/install/costmap_queue/share/costmap_queue/environment/ament_prefix_path.sh
[91.546s] -- Installing: /home/lx/ros2/ros/nav2_ws/install/costmap_queue/share/costmap_queue/environment/ament_prefix_path.dsv
[91.546s] -- Installing: /home/lx/ros2/ros/nav2_ws/install/costmap_queue/share/costmap_queue/environment/path.sh
[91.546s] -- Installing: /home/lx/ros2/ros/nav2_ws/install/costmap_queue/share/costmap_queue/environment/path.dsv
[91.546s] -- Installing: /home/lx/ros2/ros/nav2_ws/install/costmap_queue/share/costmap_queue/local_setup.bash
[91.546s] -- Installing: /home/lx/ros2/ros/nav2_ws/install/costmap_queue/share/costmap_queue/local_setup.sh
[91.546s] -- Installing: /home/lx/ros2/ros/nav2_ws/install/costmap_queue/share/costmap_queue/local_setup.zsh
[91.547s] -- Installing: /home/lx/ros2/ros/nav2_ws/install/costmap_queue/share/costmap_queue/local_setup.dsv
[91.547s] -- Installing: /home/lx/ros2/ros/nav2_ws/install/costmap_queue/share/costmap_queue/package.dsv
[91.547s] -- Installing: /home/lx/ros2/ros/nav2_ws/install/costmap_queue/share/ament_index/resource_index/packages/costmap_queue
[91.547s] -- Installing: /home/lx/ros2/ros/nav2_ws/install/costmap_queue/share/costmap_queue/cmake/ament_cmake_export_include_directories-extras.cmake
[91.547s] -- Installing: /home/lx/ros2/ros/nav2_ws/install/costmap_queue/share/costmap_queue/cmake/ament_cmake_export_libraries-extras.cmake
[91.547s] -- Installing: /home/lx/ros2/ros/nav2_ws/install/costmap_queue/share/costmap_queue/cmake/costmap_queueConfig.cmake
[91.547s] -- Installing: /home/lx/ros2/ros/nav2_ws/install/costmap_queue/share/costmap_queue/cmake/costmap_queueConfig-version.cmake
[91.547s] -- Installing: /home/lx/ros2/ros/nav2_ws/install/costmap_queue/share/costmap_queue/package.xml
[91.563s] Invoked command in '/home/lx/ros2/ros/nav2_ws/build/costmap_queue' returned '0': AMENT_PREFIX_PATH=/home/lx/ros2/ros/nav2_ws/install/nav2_costmap_2d:/home/lx/ros2/ros/nav2_ws/install/nav2_util:/home/lx/ros2/ros/nav2_ws/install/nav2_voxel_grid:/home/lx/ros2/ros/nav2_ws/install/nav2_msgs:/home/lx/ros2/ros/nav2_ws/install/nav2_common:${AMENT_PREFIX_PATH} CMAKE_PREFIX_PATH=/home/lx/ros2/ros/nav2_ws/install/nav2_costmap_2d:/home/lx/ros2/ros/nav2_ws/install/nav2_util:/home/lx/ros2/ros/nav2_ws/install/nav2_voxel_grid:/home/lx/ros2/ros/nav2_ws/install/nav2_msgs:/home/lx/ros2/ros/nav2_ws/install/nav2_common:/opt/ros/humble LD_LIBRARY_PATH=/home/lx/ros2/ros/nav2_ws/install/nav2_costmap_2d/lib:/home/lx/ros2/ros/nav2_ws/install/nav2_util/lib:/home/lx/ros2/ros/nav2_ws/install/nav2_voxel_grid/lib:/home/lx/ros2/ros/nav2_ws/install/nav2_msgs/lib:${LD_LIBRARY_PATH} PYTHONPATH=/home/lx/ros2/ros/nav2_ws/install/nav2_msgs/local/lib/python3.10/dist-packages:/home/lx/ros2/ros/nav2_ws/install/nav2_common/local/lib/python3.10/dist-packages:${PYTHONPATH} /usr/bin/cmake --install /home/lx/ros2/ros/nav2_ws/build/costmap_queue
