[0.847s] DEBUG:colcon:Command line arguments: ['/usr/bin/colcon', 'build']
[0.847s] DEBUG:colcon:Parsed command line arguments: Namespace(log_base=None, log_level=None, verb_name='build', build_base='build', install_base='install', merge_install=False, symlink_install=False, test_result_base=None, continue_on_error=False, executor='parallel', parallel_workers=12, event_handlers=None, ignore_user_meta=False, metas=['./colcon.meta'], base_paths=['.'], packages_ignore=None, packages_ignore_regex=None, paths=None, packages_up_to=None, packages_up_to_regex=None, packages_above=None, packages_above_and_dependencies=None, packages_above_depth=None, packages_select_by_dep=None, packages_skip_by_dep=None, packages_skip_up_to=None, packages_select_build_failed=False, packages_skip_build_finished=False, packages_select_test_failures=False, packages_skip_test_passed=False, packages_select=None, packages_skip=None, packages_select_regex=None, packages_skip_regex=None, packages_start=None, packages_end=None, allow_overriding=[], cmake_args=None, cmake_target=None, cmake_target_skip_unavailable=False, cmake_clean_cache=False, cmake_clean_first=False, cmake_force_configure=False, ament_cmake_args=None, catkin_cmake_args=None, catkin_skip_building_tests=False, verb_parser=<colcon_defaults.argument_parser.defaults.DefaultArgumentsDecorator object at 0x7fce5923bd90>, verb_extension=<colcon_core.verb.build.BuildVerb object at 0x7fce596cb9d0>, main=<bound method BuildVerb.main of <colcon_core.verb.build.BuildVerb object at 0x7fce596cb9d0>>)
[0.886s] Level 1:colcon.colcon_core.package_discovery:discover_packages(colcon_meta) check parameters
[0.886s] Level 1:colcon.colcon_core.package_discovery:discover_packages(recursive) check parameters
[0.886s] Level 1:colcon.colcon_core.package_discovery:discover_packages(ignore) check parameters
[0.886s] Level 1:colcon.colcon_core.package_discovery:discover_packages(path) check parameters
[0.886s] Level 1:colcon.colcon_core.package_discovery:discover_packages(colcon_meta) discover
[0.886s] Level 1:colcon.colcon_core.package_discovery:discover_packages(recursive) discover
[0.887s] INFO:colcon.colcon_core.package_discovery:Crawling recursively for packages in '/home/lx/ros2/ros/xiao_ying'
[0.887s] Level 1:colcon.colcon_core.package_identification:_identify(.) by extensions ['ignore', 'ignore_ament_install']
[0.887s] Level 1:colcon.colcon_core.package_identification:_identify(.) by extension 'ignore'
[0.887s] Level 1:colcon.colcon_core.package_identification:_identify(.) by extension 'ignore_ament_install'
[0.887s] Level 1:colcon.colcon_core.package_identification:_identify(.) by extensions ['colcon_pkg']
[0.887s] Level 1:colcon.colcon_core.package_identification:_identify(.) by extension 'colcon_pkg'
[0.887s] Level 1:colcon.colcon_core.package_identification:_identify(.) by extensions ['colcon_meta']
[0.887s] Level 1:colcon.colcon_core.package_identification:_identify(.) by extension 'colcon_meta'
[0.887s] Level 1:colcon.colcon_core.package_identification:_identify(.) by extensions ['ros']
[0.887s] Level 1:colcon.colcon_core.package_identification:_identify(.) by extension 'ros'
[0.899s] Level 1:colcon.colcon_core.package_identification:_identify(.) by extensions ['cmake', 'python']
[0.899s] Level 1:colcon.colcon_core.package_identification:_identify(.) by extension 'cmake'
[0.900s] Level 1:colcon.colcon_core.package_identification:_identify(.) by extension 'python'
[0.900s] Level 1:colcon.colcon_core.package_identification:_identify(.) by extensions ['python_setup_py']
[0.900s] Level 1:colcon.colcon_core.package_identification:_identify(.) by extension 'python_setup_py'
[0.900s] Level 1:colcon.colcon_core.package_identification:_identify(build) by extensions ['ignore', 'ignore_ament_install']
[0.900s] Level 1:colcon.colcon_core.package_identification:_identify(build) by extension 'ignore'
[0.900s] Level 1:colcon.colcon_core.package_identification:_identify(build) ignored
[0.900s] Level 1:colcon.colcon_core.package_identification:_identify(install) by extensions ['ignore', 'ignore_ament_install']
[0.900s] Level 1:colcon.colcon_core.package_identification:_identify(install) by extension 'ignore'
[0.900s] Level 1:colcon.colcon_core.package_identification:_identify(install) ignored
[0.900s] Level 1:colcon.colcon_core.package_identification:_identify(log) by extensions ['ignore', 'ignore_ament_install']
[0.900s] Level 1:colcon.colcon_core.package_identification:_identify(log) by extension 'ignore'
[0.900s] Level 1:colcon.colcon_core.package_identification:_identify(log) ignored
[0.900s] Level 1:colcon.colcon_core.package_identification:_identify(src) by extensions ['ignore', 'ignore_ament_install']
[0.900s] Level 1:colcon.colcon_core.package_identification:_identify(src) by extension 'ignore'
[0.900s] Level 1:colcon.colcon_core.package_identification:_identify(src) by extension 'ignore_ament_install'
[0.901s] Level 1:colcon.colcon_core.package_identification:_identify(src) by extensions ['colcon_pkg']
[0.901s] Level 1:colcon.colcon_core.package_identification:_identify(src) by extension 'colcon_pkg'
[0.901s] Level 1:colcon.colcon_core.package_identification:_identify(src) by extensions ['colcon_meta']
[0.901s] Level 1:colcon.colcon_core.package_identification:_identify(src) by extension 'colcon_meta'
[0.901s] Level 1:colcon.colcon_core.package_identification:_identify(src) by extensions ['ros']
[0.901s] Level 1:colcon.colcon_core.package_identification:_identify(src) by extension 'ros'
[0.901s] Level 1:colcon.colcon_core.package_identification:_identify(src) by extensions ['cmake', 'python']
[0.901s] Level 1:colcon.colcon_core.package_identification:_identify(src) by extension 'cmake'
[0.901s] Level 1:colcon.colcon_core.package_identification:_identify(src) by extension 'python'
[0.901s] Level 1:colcon.colcon_core.package_identification:_identify(src) by extensions ['python_setup_py']
[0.901s] Level 1:colcon.colcon_core.package_identification:_identify(src) by extension 'python_setup_py'
[0.901s] Level 1:colcon.colcon_core.package_identification:_identify(src/FAST_LIO) by extensions ['ignore', 'ignore_ament_install']
[0.901s] Level 1:colcon.colcon_core.package_identification:_identify(src/FAST_LIO) by extension 'ignore'
[0.901s] Level 1:colcon.colcon_core.package_identification:_identify(src/FAST_LIO) by extension 'ignore_ament_install'
[0.901s] Level 1:colcon.colcon_core.package_identification:_identify(src/FAST_LIO) by extensions ['colcon_pkg']
[0.901s] Level 1:colcon.colcon_core.package_identification:_identify(src/FAST_LIO) by extension 'colcon_pkg'
[0.901s] Level 1:colcon.colcon_core.package_identification:_identify(src/FAST_LIO) by extensions ['colcon_meta']
[0.901s] Level 1:colcon.colcon_core.package_identification:_identify(src/FAST_LIO) by extension 'colcon_meta'
[0.901s] Level 1:colcon.colcon_core.package_identification:_identify(src/FAST_LIO) by extensions ['ros']
[0.901s] Level 1:colcon.colcon_core.package_identification:_identify(src/FAST_LIO) by extension 'ros'
[0.904s] DEBUG:colcon.colcon_core.package_identification:Package 'src/FAST_LIO' with type 'ros.ament_cmake' and name 'fast_lio'
[0.904s] Level 1:colcon.colcon_core.package_identification:_identify(src/imu_complementary_filter) by extensions ['ignore', 'ignore_ament_install']
[0.904s] Level 1:colcon.colcon_core.package_identification:_identify(src/imu_complementary_filter) by extension 'ignore'
[0.904s] Level 1:colcon.colcon_core.package_identification:_identify(src/imu_complementary_filter) by extension 'ignore_ament_install'
[0.904s] Level 1:colcon.colcon_core.package_identification:_identify(src/imu_complementary_filter) by extensions ['colcon_pkg']
[0.904s] Level 1:colcon.colcon_core.package_identification:_identify(src/imu_complementary_filter) by extension 'colcon_pkg'
[0.904s] Level 1:colcon.colcon_core.package_identification:_identify(src/imu_complementary_filter) by extensions ['colcon_meta']
[0.904s] Level 1:colcon.colcon_core.package_identification:_identify(src/imu_complementary_filter) by extension 'colcon_meta'
[0.904s] Level 1:colcon.colcon_core.package_identification:_identify(src/imu_complementary_filter) by extensions ['ros']
[0.904s] Level 1:colcon.colcon_core.package_identification:_identify(src/imu_complementary_filter) by extension 'ros'
[0.905s] DEBUG:colcon.colcon_core.package_identification:Package 'src/imu_complementary_filter' with type 'ros.ament_cmake' and name 'imu_complementary_filter'
[0.905s] Level 1:colcon.colcon_core.package_identification:_identify(src/livox_ros_driver2) by extensions ['ignore', 'ignore_ament_install']
[0.905s] Level 1:colcon.colcon_core.package_identification:_identify(src/livox_ros_driver2) by extension 'ignore'
[0.905s] Level 1:colcon.colcon_core.package_identification:_identify(src/livox_ros_driver2) by extension 'ignore_ament_install'
[0.905s] Level 1:colcon.colcon_core.package_identification:_identify(src/livox_ros_driver2) by extensions ['colcon_pkg']
[0.905s] Level 1:colcon.colcon_core.package_identification:_identify(src/livox_ros_driver2) by extension 'colcon_pkg'
[0.905s] Level 1:colcon.colcon_core.package_identification:_identify(src/livox_ros_driver2) by extensions ['colcon_meta']
[0.905s] Level 1:colcon.colcon_core.package_identification:_identify(src/livox_ros_driver2) by extension 'colcon_meta'
[0.905s] Level 1:colcon.colcon_core.package_identification:_identify(src/livox_ros_driver2) by extensions ['ros']
[0.905s] Level 1:colcon.colcon_core.package_identification:_identify(src/livox_ros_driver2) by extension 'ros'
[0.906s] DEBUG:colcon.colcon_core.package_identification:Package 'src/livox_ros_driver2' with type 'ros.ament_cmake' and name 'livox_ros_driver2'
[0.906s] Level 1:colcon.colcon_core.package_identification:_identify(src/pointcloud_to_laserscan) by extensions ['ignore', 'ignore_ament_install']
[0.906s] Level 1:colcon.colcon_core.package_identification:_identify(src/pointcloud_to_laserscan) by extension 'ignore'
[0.906s] Level 1:colcon.colcon_core.package_identification:_identify(src/pointcloud_to_laserscan) by extension 'ignore_ament_install'
[0.906s] Level 1:colcon.colcon_core.package_identification:_identify(src/pointcloud_to_laserscan) by extensions ['colcon_pkg']
[0.906s] Level 1:colcon.colcon_core.package_identification:_identify(src/pointcloud_to_laserscan) by extension 'colcon_pkg'
[0.906s] Level 1:colcon.colcon_core.package_identification:_identify(src/pointcloud_to_laserscan) by extensions ['colcon_meta']
[0.906s] Level 1:colcon.colcon_core.package_identification:_identify(src/pointcloud_to_laserscan) by extension 'colcon_meta'
[0.906s] Level 1:colcon.colcon_core.package_identification:_identify(src/pointcloud_to_laserscan) by extensions ['ros']
[0.906s] Level 1:colcon.colcon_core.package_identification:_identify(src/pointcloud_to_laserscan) by extension 'ros'
[0.907s] DEBUG:colcon.colcon_core.package_identification:Package 'src/pointcloud_to_laserscan' with type 'ros.ament_cmake' and name 'pointcloud_to_laserscan'
[0.908s] Level 1:colcon.colcon_core.package_discovery:discover_packages(recursive) using defaults
[0.908s] Level 1:colcon.colcon_core.package_discovery:discover_packages(ignore) discover
[0.908s] Level 1:colcon.colcon_core.package_discovery:discover_packages(ignore) using defaults
[0.908s] Level 1:colcon.colcon_core.package_discovery:discover_packages(path) discover
[0.908s] Level 1:colcon.colcon_core.package_discovery:discover_packages(path) using defaults
[0.985s] Level 1:colcon.colcon_core.package_discovery:discover_packages(prefix_path) check parameters
[0.985s] Level 1:colcon.colcon_core.package_discovery:discover_packages(prefix_path) discover
[1.010s] DEBUG:colcon.colcon_installed_package_information.package_discovery:Found 4 installed packages in /home/lx/ros2/ros/xiao_ying/install
[1.024s] DEBUG:colcon.colcon_installed_package_information.package_discovery:Found 387 installed packages in /opt/ros/humble
[1.025s] Level 1:colcon.colcon_core.package_discovery:discover_packages(prefix_path) using defaults
[1.120s] Level 5:colcon.colcon_core.verb:set package 'imu_complementary_filter' build argument 'cmake_args' from command line to 'None'
[1.120s] Level 5:colcon.colcon_core.verb:set package 'imu_complementary_filter' build argument 'cmake_target' from command line to 'None'
[1.121s] Level 5:colcon.colcon_core.verb:set package 'imu_complementary_filter' build argument 'cmake_target_skip_unavailable' from command line to 'False'
[1.121s] Level 5:colcon.colcon_core.verb:set package 'imu_complementary_filter' build argument 'cmake_clean_cache' from command line to 'False'
[1.121s] Level 5:colcon.colcon_core.verb:set package 'imu_complementary_filter' build argument 'cmake_clean_first' from command line to 'False'
[1.121s] Level 5:colcon.colcon_core.verb:set package 'imu_complementary_filter' build argument 'cmake_force_configure' from command line to 'False'
[1.121s] Level 5:colcon.colcon_core.verb:set package 'imu_complementary_filter' build argument 'ament_cmake_args' from command line to 'None'
[1.121s] Level 5:colcon.colcon_core.verb:set package 'imu_complementary_filter' build argument 'catkin_cmake_args' from command line to 'None'
[1.121s] Level 5:colcon.colcon_core.verb:set package 'imu_complementary_filter' build argument 'catkin_skip_building_tests' from command line to 'False'
[1.121s] DEBUG:colcon.colcon_core.verb:Building package 'imu_complementary_filter' with the following arguments: {'ament_cmake_args': None, 'build_base': '/home/lx/ros2/ros/xiao_ying/build/imu_complementary_filter', 'catkin_cmake_args': None, 'catkin_skip_building_tests': False, 'cmake_args': None, 'cmake_clean_cache': False, 'cmake_clean_first': False, 'cmake_force_configure': False, 'cmake_target': None, 'cmake_target_skip_unavailable': False, 'install_base': '/home/lx/ros2/ros/xiao_ying/install/imu_complementary_filter', 'merge_install': False, 'path': '/home/lx/ros2/ros/xiao_ying/src/imu_complementary_filter', 'symlink_install': False, 'test_result_base': None}
[1.133s] Level 5:colcon.colcon_core.verb:set package 'livox_ros_driver2' build argument 'cmake_args' from command line to 'None'
[1.133s] Level 5:colcon.colcon_core.verb:set package 'livox_ros_driver2' build argument 'cmake_target' from command line to 'None'
[1.133s] Level 5:colcon.colcon_core.verb:set package 'livox_ros_driver2' build argument 'cmake_target_skip_unavailable' from command line to 'False'
[1.133s] Level 5:colcon.colcon_core.verb:set package 'livox_ros_driver2' build argument 'cmake_clean_cache' from command line to 'False'
[1.133s] Level 5:colcon.colcon_core.verb:set package 'livox_ros_driver2' build argument 'cmake_clean_first' from command line to 'False'
[1.133s] Level 5:colcon.colcon_core.verb:set package 'livox_ros_driver2' build argument 'cmake_force_configure' from command line to 'False'
[1.133s] Level 5:colcon.colcon_core.verb:set package 'livox_ros_driver2' build argument 'ament_cmake_args' from command line to 'None'
[1.133s] Level 5:colcon.colcon_core.verb:set package 'livox_ros_driver2' build argument 'catkin_cmake_args' from command line to 'None'
[1.133s] Level 5:colcon.colcon_core.verb:set package 'livox_ros_driver2' build argument 'catkin_skip_building_tests' from command line to 'False'
[1.134s] DEBUG:colcon.colcon_core.verb:Building package 'livox_ros_driver2' with the following arguments: {'ament_cmake_args': None, 'build_base': '/home/lx/ros2/ros/xiao_ying/build/livox_ros_driver2', 'catkin_cmake_args': None, 'catkin_skip_building_tests': False, 'cmake_args': None, 'cmake_clean_cache': False, 'cmake_clean_first': False, 'cmake_force_configure': False, 'cmake_target': None, 'cmake_target_skip_unavailable': False, 'install_base': '/home/lx/ros2/ros/xiao_ying/install/livox_ros_driver2', 'merge_install': False, 'path': '/home/lx/ros2/ros/xiao_ying/src/livox_ros_driver2', 'symlink_install': False, 'test_result_base': None}
[1.146s] Level 5:colcon.colcon_core.verb:set package 'pointcloud_to_laserscan' build argument 'cmake_args' from command line to 'None'
[1.146s] Level 5:colcon.colcon_core.verb:set package 'pointcloud_to_laserscan' build argument 'cmake_target' from command line to 'None'
[1.146s] Level 5:colcon.colcon_core.verb:set package 'pointcloud_to_laserscan' build argument 'cmake_target_skip_unavailable' from command line to 'False'
[1.146s] Level 5:colcon.colcon_core.verb:set package 'pointcloud_to_laserscan' build argument 'cmake_clean_cache' from command line to 'False'
[1.146s] Level 5:colcon.colcon_core.verb:set package 'pointcloud_to_laserscan' build argument 'cmake_clean_first' from command line to 'False'
[1.146s] Level 5:colcon.colcon_core.verb:set package 'pointcloud_to_laserscan' build argument 'cmake_force_configure' from command line to 'False'
[1.146s] Level 5:colcon.colcon_core.verb:set package 'pointcloud_to_laserscan' build argument 'ament_cmake_args' from command line to 'None'
[1.146s] Level 5:colcon.colcon_core.verb:set package 'pointcloud_to_laserscan' build argument 'catkin_cmake_args' from command line to 'None'
[1.146s] Level 5:colcon.colcon_core.verb:set package 'pointcloud_to_laserscan' build argument 'catkin_skip_building_tests' from command line to 'False'
[1.146s] DEBUG:colcon.colcon_core.verb:Building package 'pointcloud_to_laserscan' with the following arguments: {'ament_cmake_args': None, 'build_base': '/home/lx/ros2/ros/xiao_ying/build/pointcloud_to_laserscan', 'catkin_cmake_args': None, 'catkin_skip_building_tests': False, 'cmake_args': None, 'cmake_clean_cache': False, 'cmake_clean_first': False, 'cmake_force_configure': False, 'cmake_target': None, 'cmake_target_skip_unavailable': False, 'install_base': '/home/lx/ros2/ros/xiao_ying/install/pointcloud_to_laserscan', 'merge_install': False, 'path': '/home/lx/ros2/ros/xiao_ying/src/pointcloud_to_laserscan', 'symlink_install': False, 'test_result_base': None}
[1.159s] Level 5:colcon.colcon_core.verb:set package 'fast_lio' build argument 'cmake_args' from command line to 'None'
[1.159s] Level 5:colcon.colcon_core.verb:set package 'fast_lio' build argument 'cmake_target' from command line to 'None'
[1.159s] Level 5:colcon.colcon_core.verb:set package 'fast_lio' build argument 'cmake_target_skip_unavailable' from command line to 'False'
[1.159s] Level 5:colcon.colcon_core.verb:set package 'fast_lio' build argument 'cmake_clean_cache' from command line to 'False'
[1.159s] Level 5:colcon.colcon_core.verb:set package 'fast_lio' build argument 'cmake_clean_first' from command line to 'False'
[1.159s] Level 5:colcon.colcon_core.verb:set package 'fast_lio' build argument 'cmake_force_configure' from command line to 'False'
[1.159s] Level 5:colcon.colcon_core.verb:set package 'fast_lio' build argument 'ament_cmake_args' from command line to 'None'
[1.159s] Level 5:colcon.colcon_core.verb:set package 'fast_lio' build argument 'catkin_cmake_args' from command line to 'None'
[1.159s] Level 5:colcon.colcon_core.verb:set package 'fast_lio' build argument 'catkin_skip_building_tests' from command line to 'False'
[1.159s] DEBUG:colcon.colcon_core.verb:Building package 'fast_lio' with the following arguments: {'ament_cmake_args': None, 'build_base': '/home/lx/ros2/ros/xiao_ying/build/fast_lio', 'catkin_cmake_args': None, 'catkin_skip_building_tests': False, 'cmake_args': None, 'cmake_clean_cache': False, 'cmake_clean_first': False, 'cmake_force_configure': False, 'cmake_target': None, 'cmake_target_skip_unavailable': False, 'install_base': '/home/lx/ros2/ros/xiao_ying/install/fast_lio', 'merge_install': False, 'path': '/home/lx/ros2/ros/xiao_ying/src/FAST_LIO', 'symlink_install': False, 'test_result_base': None}
[1.171s] INFO:colcon.colcon_core.executor:Executing jobs using 'parallel' executor
[1.184s] DEBUG:colcon.colcon_parallel_executor.executor.parallel:run_until_complete
[1.185s] INFO:colcon.colcon_ros.task.ament_cmake.build:Building ROS package in '/home/lx/ros2/ros/xiao_ying/src/livox_ros_driver2' with build type 'ament_cmake'
[1.185s] INFO:colcon.colcon_cmake.task.cmake.build:Building CMake package in '/home/lx/ros2/ros/xiao_ying/src/livox_ros_driver2'
[1.199s] INFO:colcon.colcon_core.plugin_system:Skipping extension 'colcon_core.shell.bat': Not used on non-Windows systems
[1.199s] INFO:colcon.colcon_core.shell:Skip shell extension 'powershell' for command environment: Not usable outside of PowerShell
[1.199s] DEBUG:colcon.colcon_core.shell:Skip shell extension 'dsv' for command environment
[1.238s] INFO:colcon.colcon_ros.task.ament_cmake.build:Building ROS package in '/home/lx/ros2/ros/xiao_ying/src/imu_complementary_filter' with build type 'ament_cmake'
[1.239s] INFO:colcon.colcon_cmake.task.cmake.build:Building CMake package in '/home/lx/ros2/ros/xiao_ying/src/imu_complementary_filter'
[1.251s] INFO:colcon.colcon_core.shell:Skip shell extension 'powershell' for command environment: Not usable outside of PowerShell
[1.251s] DEBUG:colcon.colcon_core.shell:Skip shell extension 'dsv' for command environment
[1.289s] INFO:colcon.colcon_ros.task.ament_cmake.build:Building ROS package in '/home/lx/ros2/ros/xiao_ying/src/pointcloud_to_laserscan' with build type 'ament_cmake'
[1.289s] INFO:colcon.colcon_cmake.task.cmake.build:Building CMake package in '/home/lx/ros2/ros/xiao_ying/src/pointcloud_to_laserscan'
[1.301s] INFO:colcon.colcon_core.shell:Skip shell extension 'powershell' for command environment: Not usable outside of PowerShell
[1.301s] DEBUG:colcon.colcon_core.shell:Skip shell extension 'dsv' for command environment
[1.343s] DEBUG:colcon.colcon_core.event_handler.log_command:Invoking command in '/home/lx/ros2/ros/xiao_ying/build/livox_ros_driver2': CMAKE_PREFIX_PATH=${CMAKE_PREFIX_PATH}:/opt/ros/humble /usr/bin/cmake --build /home/lx/ros2/ros/xiao_ying/build/livox_ros_driver2 -- -j12 -l12
[1.346s] DEBUG:colcon.colcon_core.event_handler.log_command:Invoking command in '/home/lx/ros2/ros/xiao_ying/build/imu_complementary_filter': CMAKE_PREFIX_PATH=${CMAKE_PREFIX_PATH}:/opt/ros/humble /usr/bin/cmake --build /home/lx/ros2/ros/xiao_ying/build/imu_complementary_filter -- -j12 -l12
[1.348s] DEBUG:colcon.colcon_core.event_handler.log_command:Invoking command in '/home/lx/ros2/ros/xiao_ying/build/pointcloud_to_laserscan': CMAKE_PREFIX_PATH=${CMAKE_PREFIX_PATH}:/opt/ros/humble /usr/bin/cmake --build /home/lx/ros2/ros/xiao_ying/build/pointcloud_to_laserscan -- -j12 -l12
[1.452s] DEBUG:colcon.colcon_core.event_handler.log_command:Invoked command in '/home/lx/ros2/ros/xiao_ying/build/pointcloud_to_laserscan' returned '0': CMAKE_PREFIX_PATH=${CMAKE_PREFIX_PATH}:/opt/ros/humble /usr/bin/cmake --build /home/lx/ros2/ros/xiao_ying/build/pointcloud_to_laserscan -- -j12 -l12
[1.493s] DEBUG:colcon.colcon_core.event_handler.log_command:Invoking command in '/home/lx/ros2/ros/xiao_ying/build/pointcloud_to_laserscan': CMAKE_PREFIX_PATH=${CMAKE_PREFIX_PATH}:/opt/ros/humble /usr/bin/cmake --install /home/lx/ros2/ros/xiao_ying/build/pointcloud_to_laserscan
[1.503s] Level 1:colcon.colcon_core.environment:create_environment_scripts_only(pointcloud_to_laserscan)
[1.506s] DEBUG:colcon.colcon_core.event_handler.log_command:Invoked command in '/home/lx/ros2/ros/xiao_ying/build/pointcloud_to_laserscan' returned '0': CMAKE_PREFIX_PATH=${CMAKE_PREFIX_PATH}:/opt/ros/humble /usr/bin/cmake --install /home/lx/ros2/ros/xiao_ying/build/pointcloud_to_laserscan
[1.519s] Level 1:colcon.colcon_core.environment:checking '/home/lx/ros2/ros/xiao_ying/install/pointcloud_to_laserscan' for CMake module files
[1.520s] Level 1:colcon.colcon_core.environment:checking '/home/lx/ros2/ros/xiao_ying/install/pointcloud_to_laserscan' for CMake config files
[1.520s] Level 1:colcon.colcon_core.shell:create_environment_hook('pointcloud_to_laserscan', 'cmake_prefix_path')
[1.533s] INFO:colcon.colcon_core.shell:Creating environment hook '/home/lx/ros2/ros/xiao_ying/install/pointcloud_to_laserscan/share/pointcloud_to_laserscan/hook/cmake_prefix_path.ps1'
[1.534s] INFO:colcon.colcon_core.shell:Creating environment descriptor '/home/lx/ros2/ros/xiao_ying/install/pointcloud_to_laserscan/share/pointcloud_to_laserscan/hook/cmake_prefix_path.dsv'
[1.534s] INFO:colcon.colcon_core.shell:Creating environment hook '/home/lx/ros2/ros/xiao_ying/install/pointcloud_to_laserscan/share/pointcloud_to_laserscan/hook/cmake_prefix_path.sh'
[1.535s] Level 1:colcon.colcon_core.environment:checking '/home/lx/ros2/ros/xiao_ying/install/pointcloud_to_laserscan/lib'
[1.535s] Level 1:colcon.colcon_core.shell:create_environment_hook('pointcloud_to_laserscan', 'ld_library_path_lib')
[1.548s] INFO:colcon.colcon_core.shell:Creating environment hook '/home/lx/ros2/ros/xiao_ying/install/pointcloud_to_laserscan/share/pointcloud_to_laserscan/hook/ld_library_path_lib.ps1'
[1.548s] INFO:colcon.colcon_core.shell:Creating environment descriptor '/home/lx/ros2/ros/xiao_ying/install/pointcloud_to_laserscan/share/pointcloud_to_laserscan/hook/ld_library_path_lib.dsv'
[1.549s] INFO:colcon.colcon_core.shell:Creating environment hook '/home/lx/ros2/ros/xiao_ying/install/pointcloud_to_laserscan/share/pointcloud_to_laserscan/hook/ld_library_path_lib.sh'
[1.549s] Level 1:colcon.colcon_core.environment:checking '/home/lx/ros2/ros/xiao_ying/install/pointcloud_to_laserscan/bin'
[1.549s] Level 1:colcon.colcon_core.environment:checking '/home/lx/ros2/ros/xiao_ying/install/pointcloud_to_laserscan/lib/pkgconfig/pointcloud_to_laserscan.pc'
[1.549s] Level 1:colcon.colcon_core.environment:checking '/home/lx/ros2/ros/xiao_ying/install/pointcloud_to_laserscan/lib/python3.10/site-packages'
[1.549s] Level 1:colcon.colcon_core.environment:checking '/home/lx/ros2/ros/xiao_ying/install/pointcloud_to_laserscan/bin'
[1.562s] INFO:colcon.colcon_core.shell:Creating package script '/home/lx/ros2/ros/xiao_ying/install/pointcloud_to_laserscan/share/pointcloud_to_laserscan/package.ps1'
[1.563s] INFO:colcon.colcon_core.shell:Creating package descriptor '/home/lx/ros2/ros/xiao_ying/install/pointcloud_to_laserscan/share/pointcloud_to_laserscan/package.dsv'
[1.563s] INFO:colcon.colcon_core.shell:Creating package script '/home/lx/ros2/ros/xiao_ying/install/pointcloud_to_laserscan/share/pointcloud_to_laserscan/package.sh'
[1.564s] INFO:colcon.colcon_core.shell:Creating package script '/home/lx/ros2/ros/xiao_ying/install/pointcloud_to_laserscan/share/pointcloud_to_laserscan/package.bash'
[1.565s] INFO:colcon.colcon_core.shell:Creating package script '/home/lx/ros2/ros/xiao_ying/install/pointcloud_to_laserscan/share/pointcloud_to_laserscan/package.zsh'
[1.565s] Level 1:colcon.colcon_core.environment:create_file_with_runtime_dependencies(/home/lx/ros2/ros/xiao_ying/install/pointcloud_to_laserscan/share/colcon-core/packages/pointcloud_to_laserscan)
[1.604s] Level 1:colcon.colcon_core.environment:create_environment_scripts_only(pointcloud_to_laserscan)
[1.617s] Level 1:colcon.colcon_core.environment:checking '/home/lx/ros2/ros/xiao_ying/install/pointcloud_to_laserscan' for CMake module files
[1.617s] Level 1:colcon.colcon_core.environment:checking '/home/lx/ros2/ros/xiao_ying/install/pointcloud_to_laserscan' for CMake config files
[1.618s] Level 1:colcon.colcon_core.shell:create_environment_hook('pointcloud_to_laserscan', 'cmake_prefix_path')
[1.631s] INFO:colcon.colcon_core.shell:Creating environment hook '/home/lx/ros2/ros/xiao_ying/install/pointcloud_to_laserscan/share/pointcloud_to_laserscan/hook/cmake_prefix_path.ps1'
[1.631s] INFO:colcon.colcon_core.shell:Creating environment descriptor '/home/lx/ros2/ros/xiao_ying/install/pointcloud_to_laserscan/share/pointcloud_to_laserscan/hook/cmake_prefix_path.dsv'
[1.631s] INFO:colcon.colcon_core.shell:Creating environment hook '/home/lx/ros2/ros/xiao_ying/install/pointcloud_to_laserscan/share/pointcloud_to_laserscan/hook/cmake_prefix_path.sh'
[1.632s] Level 1:colcon.colcon_core.environment:checking '/home/lx/ros2/ros/xiao_ying/install/pointcloud_to_laserscan/lib'
[1.632s] Level 1:colcon.colcon_core.shell:create_environment_hook('pointcloud_to_laserscan', 'ld_library_path_lib')
[1.646s] INFO:colcon.colcon_core.shell:Creating environment hook '/home/lx/ros2/ros/xiao_ying/install/pointcloud_to_laserscan/share/pointcloud_to_laserscan/hook/ld_library_path_lib.ps1'
[1.647s] INFO:colcon.colcon_core.shell:Creating environment descriptor '/home/lx/ros2/ros/xiao_ying/install/pointcloud_to_laserscan/share/pointcloud_to_laserscan/hook/ld_library_path_lib.dsv'
[1.647s] INFO:colcon.colcon_core.shell:Creating environment hook '/home/lx/ros2/ros/xiao_ying/install/pointcloud_to_laserscan/share/pointcloud_to_laserscan/hook/ld_library_path_lib.sh'
[1.647s] Level 1:colcon.colcon_core.environment:checking '/home/lx/ros2/ros/xiao_ying/install/pointcloud_to_laserscan/bin'
[1.647s] Level 1:colcon.colcon_core.environment:checking '/home/lx/ros2/ros/xiao_ying/install/pointcloud_to_laserscan/lib/pkgconfig/pointcloud_to_laserscan.pc'
[1.647s] Level 1:colcon.colcon_core.environment:checking '/home/lx/ros2/ros/xiao_ying/install/pointcloud_to_laserscan/lib/python3.10/site-packages'
[1.647s] Level 1:colcon.colcon_core.environment:checking '/home/lx/ros2/ros/xiao_ying/install/pointcloud_to_laserscan/bin'
[1.660s] INFO:colcon.colcon_core.shell:Creating package script '/home/lx/ros2/ros/xiao_ying/install/pointcloud_to_laserscan/share/pointcloud_to_laserscan/package.ps1'
[1.661s] INFO:colcon.colcon_core.shell:Creating package descriptor '/home/lx/ros2/ros/xiao_ying/install/pointcloud_to_laserscan/share/pointcloud_to_laserscan/package.dsv'
[1.661s] INFO:colcon.colcon_core.shell:Creating package script '/home/lx/ros2/ros/xiao_ying/install/pointcloud_to_laserscan/share/pointcloud_to_laserscan/package.sh'
[1.662s] INFO:colcon.colcon_core.shell:Creating package script '/home/lx/ros2/ros/xiao_ying/install/pointcloud_to_laserscan/share/pointcloud_to_laserscan/package.bash'
[1.662s] INFO:colcon.colcon_core.shell:Creating package script '/home/lx/ros2/ros/xiao_ying/install/pointcloud_to_laserscan/share/pointcloud_to_laserscan/package.zsh'
[1.662s] Level 1:colcon.colcon_core.environment:create_file_with_runtime_dependencies(/home/lx/ros2/ros/xiao_ying/install/pointcloud_to_laserscan/share/colcon-core/packages/pointcloud_to_laserscan)
[1.672s] DEBUG:colcon.colcon_core.event_handler.log_command:Invoked command in '/home/lx/ros2/ros/xiao_ying/build/livox_ros_driver2' returned '0': CMAKE_PREFIX_PATH=${CMAKE_PREFIX_PATH}:/opt/ros/humble /usr/bin/cmake --build /home/lx/ros2/ros/xiao_ying/build/livox_ros_driver2 -- -j12 -l12
[1.748s] DEBUG:colcon.colcon_core.event_handler.log_command:Invoking command in '/home/lx/ros2/ros/xiao_ying/build/livox_ros_driver2': CMAKE_PREFIX_PATH=${CMAKE_PREFIX_PATH}:/opt/ros/humble /usr/bin/cmake --install /home/lx/ros2/ros/xiao_ying/build/livox_ros_driver2
[1.794s] Level 1:colcon.colcon_core.environment:create_environment_scripts_only(livox_ros_driver2)
[1.794s] DEBUG:colcon.colcon_core.event_handler.log_command:Invoked command in '/home/lx/ros2/ros/xiao_ying/build/livox_ros_driver2' returned '0': CMAKE_PREFIX_PATH=${CMAKE_PREFIX_PATH}:/opt/ros/humble /usr/bin/cmake --install /home/lx/ros2/ros/xiao_ying/build/livox_ros_driver2
[1.807s] Level 1:colcon.colcon_core.environment:checking '/home/lx/ros2/ros/xiao_ying/install/livox_ros_driver2' for CMake module files
[1.808s] Level 1:colcon.colcon_core.environment:checking '/home/lx/ros2/ros/xiao_ying/install/livox_ros_driver2' for CMake config files
[1.808s] Level 1:colcon.colcon_core.shell:create_environment_hook('livox_ros_driver2', 'cmake_prefix_path')
[1.821s] INFO:colcon.colcon_core.shell:Creating environment hook '/home/lx/ros2/ros/xiao_ying/install/livox_ros_driver2/share/livox_ros_driver2/hook/cmake_prefix_path.ps1'
[1.822s] INFO:colcon.colcon_core.shell:Creating environment descriptor '/home/lx/ros2/ros/xiao_ying/install/livox_ros_driver2/share/livox_ros_driver2/hook/cmake_prefix_path.dsv'
[1.822s] INFO:colcon.colcon_core.shell:Creating environment hook '/home/lx/ros2/ros/xiao_ying/install/livox_ros_driver2/share/livox_ros_driver2/hook/cmake_prefix_path.sh'
[1.823s] Level 1:colcon.colcon_core.environment:checking '/home/lx/ros2/ros/xiao_ying/install/livox_ros_driver2/lib'
[1.823s] Level 1:colcon.colcon_core.shell:create_environment_hook('livox_ros_driver2', 'ld_library_path_lib')
[1.836s] INFO:colcon.colcon_core.shell:Creating environment hook '/home/lx/ros2/ros/xiao_ying/install/livox_ros_driver2/share/livox_ros_driver2/hook/ld_library_path_lib.ps1'
[1.836s] INFO:colcon.colcon_core.shell:Creating environment descriptor '/home/lx/ros2/ros/xiao_ying/install/livox_ros_driver2/share/livox_ros_driver2/hook/ld_library_path_lib.dsv'
[1.836s] INFO:colcon.colcon_core.shell:Creating environment hook '/home/lx/ros2/ros/xiao_ying/install/livox_ros_driver2/share/livox_ros_driver2/hook/ld_library_path_lib.sh'
[1.837s] Level 1:colcon.colcon_core.environment:checking '/home/lx/ros2/ros/xiao_ying/install/livox_ros_driver2/bin'
[1.837s] Level 1:colcon.colcon_core.environment:checking '/home/lx/ros2/ros/xiao_ying/install/livox_ros_driver2/lib/pkgconfig/livox_ros_driver2.pc'
[1.837s] Level 1:colcon.colcon_core.environment:checking '/home/lx/ros2/ros/xiao_ying/install/livox_ros_driver2/lib/python3.10/site-packages'
[1.837s] Level 1:colcon.colcon_core.environment:checking '/home/lx/ros2/ros/xiao_ying/install/livox_ros_driver2/bin'
[1.850s] INFO:colcon.colcon_core.shell:Creating package script '/home/lx/ros2/ros/xiao_ying/install/livox_ros_driver2/share/livox_ros_driver2/package.ps1'
[1.850s] INFO:colcon.colcon_core.shell:Creating package descriptor '/home/lx/ros2/ros/xiao_ying/install/livox_ros_driver2/share/livox_ros_driver2/package.dsv'
[1.851s] INFO:colcon.colcon_core.shell:Creating package script '/home/lx/ros2/ros/xiao_ying/install/livox_ros_driver2/share/livox_ros_driver2/package.sh'
[1.851s] INFO:colcon.colcon_core.shell:Creating package script '/home/lx/ros2/ros/xiao_ying/install/livox_ros_driver2/share/livox_ros_driver2/package.bash'
[1.851s] INFO:colcon.colcon_core.shell:Creating package script '/home/lx/ros2/ros/xiao_ying/install/livox_ros_driver2/share/livox_ros_driver2/package.zsh'
[1.852s] Level 1:colcon.colcon_core.environment:create_file_with_runtime_dependencies(/home/lx/ros2/ros/xiao_ying/install/livox_ros_driver2/share/colcon-core/packages/livox_ros_driver2)
[1.943s] Level 1:colcon.colcon_core.environment:create_environment_scripts_only(livox_ros_driver2)
[1.955s] Level 1:colcon.colcon_core.environment:checking '/home/lx/ros2/ros/xiao_ying/install/livox_ros_driver2' for CMake module files
[1.956s] Level 1:colcon.colcon_core.environment:checking '/home/lx/ros2/ros/xiao_ying/install/livox_ros_driver2' for CMake config files
[1.956s] Level 1:colcon.colcon_core.shell:create_environment_hook('livox_ros_driver2', 'cmake_prefix_path')
[1.969s] INFO:colcon.colcon_core.shell:Creating environment hook '/home/lx/ros2/ros/xiao_ying/install/livox_ros_driver2/share/livox_ros_driver2/hook/cmake_prefix_path.ps1'
[1.969s] INFO:colcon.colcon_core.shell:Creating environment descriptor '/home/lx/ros2/ros/xiao_ying/install/livox_ros_driver2/share/livox_ros_driver2/hook/cmake_prefix_path.dsv'
[1.969s] INFO:colcon.colcon_core.shell:Creating environment hook '/home/lx/ros2/ros/xiao_ying/install/livox_ros_driver2/share/livox_ros_driver2/hook/cmake_prefix_path.sh'
[1.970s] Level 1:colcon.colcon_core.environment:checking '/home/lx/ros2/ros/xiao_ying/install/livox_ros_driver2/lib'
[1.970s] Level 1:colcon.colcon_core.shell:create_environment_hook('livox_ros_driver2', 'ld_library_path_lib')
[1.982s] INFO:colcon.colcon_core.shell:Creating environment hook '/home/lx/ros2/ros/xiao_ying/install/livox_ros_driver2/share/livox_ros_driver2/hook/ld_library_path_lib.ps1'
[1.982s] INFO:colcon.colcon_core.shell:Creating environment descriptor '/home/lx/ros2/ros/xiao_ying/install/livox_ros_driver2/share/livox_ros_driver2/hook/ld_library_path_lib.dsv'
[1.983s] INFO:colcon.colcon_core.shell:Creating environment hook '/home/lx/ros2/ros/xiao_ying/install/livox_ros_driver2/share/livox_ros_driver2/hook/ld_library_path_lib.sh'
[1.983s] Level 1:colcon.colcon_core.environment:checking '/home/lx/ros2/ros/xiao_ying/install/livox_ros_driver2/bin'
[1.983s] Level 1:colcon.colcon_core.environment:checking '/home/lx/ros2/ros/xiao_ying/install/livox_ros_driver2/lib/pkgconfig/livox_ros_driver2.pc'
[1.983s] Level 1:colcon.colcon_core.environment:checking '/home/lx/ros2/ros/xiao_ying/install/livox_ros_driver2/lib/python3.10/site-packages'
[1.983s] Level 1:colcon.colcon_core.environment:checking '/home/lx/ros2/ros/xiao_ying/install/livox_ros_driver2/bin'
[1.996s] INFO:colcon.colcon_core.shell:Creating package script '/home/lx/ros2/ros/xiao_ying/install/livox_ros_driver2/share/livox_ros_driver2/package.ps1'
[1.997s] INFO:colcon.colcon_core.shell:Creating package descriptor '/home/lx/ros2/ros/xiao_ying/install/livox_ros_driver2/share/livox_ros_driver2/package.dsv'
[1.997s] INFO:colcon.colcon_core.shell:Creating package script '/home/lx/ros2/ros/xiao_ying/install/livox_ros_driver2/share/livox_ros_driver2/package.sh'
[1.997s] INFO:colcon.colcon_core.shell:Creating package script '/home/lx/ros2/ros/xiao_ying/install/livox_ros_driver2/share/livox_ros_driver2/package.bash'
[1.998s] INFO:colcon.colcon_core.shell:Creating package script '/home/lx/ros2/ros/xiao_ying/install/livox_ros_driver2/share/livox_ros_driver2/package.zsh'
[1.998s] Level 1:colcon.colcon_core.environment:create_file_with_runtime_dependencies(/home/lx/ros2/ros/xiao_ying/install/livox_ros_driver2/share/colcon-core/packages/livox_ros_driver2)
[1.998s] INFO:colcon.colcon_ros.task.ament_cmake.build:Building ROS package in '/home/lx/ros2/ros/xiao_ying/src/FAST_LIO' with build type 'ament_cmake'
[1.998s] INFO:colcon.colcon_cmake.task.cmake.build:Building CMake package in '/home/lx/ros2/ros/xiao_ying/src/FAST_LIO'
[2.011s] INFO:colcon.colcon_core.shell:Skip shell extension 'powershell' for command environment: Not usable outside of PowerShell
[2.011s] DEBUG:colcon.colcon_core.shell:Skip shell extension 'dsv' for command environment
[2.055s] DEBUG:colcon.colcon_core.event_handler.log_command:Invoking command in '/home/lx/ros2/ros/xiao_ying/build/fast_lio': CMAKE_PREFIX_PATH=/home/lx/ros2/ros/xiao_ying/install/livox_ros_driver2:/home/lx/ros2/ros/xiao_ying/install/pointcloud_to_laserscan:/home/lx/ros2/ros/xiao_ying/install/fast_lio:/home/lx/ros2/ros/xiao_ying/install/imu_complementary_filter:/opt/ros/humble LD_LIBRARY_PATH=/home/lx/ros2/ros/xiao_ying/install/livox_ros_driver2/lib:/home/lx/ros2/ros/xiao_ying/install/pointcloud_to_laserscan/lib:/home/lx/ros2/ros/xiao_ying/install/fast_lio/lib:/home/lx/ros2/ros/xiao_ying/install/imu_complementary_filter/lib:/usr/lib/x86_64-linux-gnu/gazebo-11/plugins:/opt/ros/humble/opt/rviz_ogre_vendor/lib:/opt/ros/humble/lib/x86_64-linux-gnu:/opt/ros/humble/lib /usr/bin/cmake --build /home/lx/ros2/ros/xiao_ying/build/fast_lio -- -j12 -l12
[10.169s] DEBUG:colcon.colcon_core.event_handler.log_command:Invoked command in '/home/lx/ros2/ros/xiao_ying/build/fast_lio' returned '0': CMAKE_PREFIX_PATH=/home/lx/ros2/ros/xiao_ying/install/livox_ros_driver2:/home/lx/ros2/ros/xiao_ying/install/pointcloud_to_laserscan:/home/lx/ros2/ros/xiao_ying/install/fast_lio:/home/lx/ros2/ros/xiao_ying/install/imu_complementary_filter:/opt/ros/humble LD_LIBRARY_PATH=/home/lx/ros2/ros/xiao_ying/install/livox_ros_driver2/lib:/home/lx/ros2/ros/xiao_ying/install/pointcloud_to_laserscan/lib:/home/lx/ros2/ros/xiao_ying/install/fast_lio/lib:/home/lx/ros2/ros/xiao_ying/install/imu_complementary_filter/lib:/usr/lib/x86_64-linux-gnu/gazebo-11/plugins:/opt/ros/humble/opt/rviz_ogre_vendor/lib:/opt/ros/humble/lib/x86_64-linux-gnu:/opt/ros/humble/lib /usr/bin/cmake --build /home/lx/ros2/ros/xiao_ying/build/fast_lio -- -j12 -l12
[10.212s] DEBUG:colcon.colcon_core.event_handler.log_command:Invoking command in '/home/lx/ros2/ros/xiao_ying/build/fast_lio': CMAKE_PREFIX_PATH=/home/lx/ros2/ros/xiao_ying/install/livox_ros_driver2:/home/lx/ros2/ros/xiao_ying/install/pointcloud_to_laserscan:/home/lx/ros2/ros/xiao_ying/install/fast_lio:/home/lx/ros2/ros/xiao_ying/install/imu_complementary_filter:/opt/ros/humble LD_LIBRARY_PATH=/home/lx/ros2/ros/xiao_ying/install/livox_ros_driver2/lib:/home/lx/ros2/ros/xiao_ying/install/pointcloud_to_laserscan/lib:/home/lx/ros2/ros/xiao_ying/install/fast_lio/lib:/home/lx/ros2/ros/xiao_ying/install/imu_complementary_filter/lib:/usr/lib/x86_64-linux-gnu/gazebo-11/plugins:/opt/ros/humble/opt/rviz_ogre_vendor/lib:/opt/ros/humble/lib/x86_64-linux-gnu:/opt/ros/humble/lib /usr/bin/cmake --install /home/lx/ros2/ros/xiao_ying/build/fast_lio
[10.259s] Level 1:colcon.colcon_core.environment:create_environment_scripts_only(fast_lio)
[10.260s] DEBUG:colcon.colcon_core.event_handler.log_command:Invoked command in '/home/lx/ros2/ros/xiao_ying/build/fast_lio' returned '0': CMAKE_PREFIX_PATH=/home/lx/ros2/ros/xiao_ying/install/livox_ros_driver2:/home/lx/ros2/ros/xiao_ying/install/pointcloud_to_laserscan:/home/lx/ros2/ros/xiao_ying/install/fast_lio:/home/lx/ros2/ros/xiao_ying/install/imu_complementary_filter:/opt/ros/humble LD_LIBRARY_PATH=/home/lx/ros2/ros/xiao_ying/install/livox_ros_driver2/lib:/home/lx/ros2/ros/xiao_ying/install/pointcloud_to_laserscan/lib:/home/lx/ros2/ros/xiao_ying/install/fast_lio/lib:/home/lx/ros2/ros/xiao_ying/install/imu_complementary_filter/lib:/usr/lib/x86_64-linux-gnu/gazebo-11/plugins:/opt/ros/humble/opt/rviz_ogre_vendor/lib:/opt/ros/humble/lib/x86_64-linux-gnu:/opt/ros/humble/lib /usr/bin/cmake --install /home/lx/ros2/ros/xiao_ying/build/fast_lio
[10.272s] Level 1:colcon.colcon_core.environment:checking '/home/lx/ros2/ros/xiao_ying/install/fast_lio' for CMake module files
[10.273s] Level 1:colcon.colcon_core.environment:checking '/home/lx/ros2/ros/xiao_ying/install/fast_lio' for CMake config files
[10.273s] Level 1:colcon.colcon_core.shell:create_environment_hook('fast_lio', 'cmake_prefix_path')
[10.286s] INFO:colcon.colcon_core.shell:Creating environment hook '/home/lx/ros2/ros/xiao_ying/install/fast_lio/share/fast_lio/hook/cmake_prefix_path.ps1'
[10.286s] INFO:colcon.colcon_core.shell:Creating environment descriptor '/home/lx/ros2/ros/xiao_ying/install/fast_lio/share/fast_lio/hook/cmake_prefix_path.dsv'
[10.287s] INFO:colcon.colcon_core.shell:Creating environment hook '/home/lx/ros2/ros/xiao_ying/install/fast_lio/share/fast_lio/hook/cmake_prefix_path.sh'
[10.287s] Level 1:colcon.colcon_core.environment:checking '/home/lx/ros2/ros/xiao_ying/install/fast_lio/lib'
[10.287s] Level 1:colcon.colcon_core.shell:create_environment_hook('fast_lio', 'ld_library_path_lib')
[10.300s] INFO:colcon.colcon_core.shell:Creating environment hook '/home/lx/ros2/ros/xiao_ying/install/fast_lio/share/fast_lio/hook/ld_library_path_lib.ps1'
[10.300s] INFO:colcon.colcon_core.shell:Creating environment descriptor '/home/lx/ros2/ros/xiao_ying/install/fast_lio/share/fast_lio/hook/ld_library_path_lib.dsv'
[10.301s] INFO:colcon.colcon_core.shell:Creating environment hook '/home/lx/ros2/ros/xiao_ying/install/fast_lio/share/fast_lio/hook/ld_library_path_lib.sh'
[10.301s] Level 1:colcon.colcon_core.environment:checking '/home/lx/ros2/ros/xiao_ying/install/fast_lio/bin'
[10.301s] Level 1:colcon.colcon_core.environment:checking '/home/lx/ros2/ros/xiao_ying/install/fast_lio/lib/pkgconfig/fast_lio.pc'
[10.301s] Level 1:colcon.colcon_core.environment:checking '/home/lx/ros2/ros/xiao_ying/install/fast_lio/lib/python3.10/site-packages'
[10.301s] Level 1:colcon.colcon_core.environment:checking '/home/lx/ros2/ros/xiao_ying/install/fast_lio/bin'
[10.314s] INFO:colcon.colcon_core.shell:Creating package script '/home/lx/ros2/ros/xiao_ying/install/fast_lio/share/fast_lio/package.ps1'
[10.315s] INFO:colcon.colcon_core.shell:Creating package descriptor '/home/lx/ros2/ros/xiao_ying/install/fast_lio/share/fast_lio/package.dsv'
[10.315s] INFO:colcon.colcon_core.shell:Creating package script '/home/lx/ros2/ros/xiao_ying/install/fast_lio/share/fast_lio/package.sh'
[10.316s] INFO:colcon.colcon_core.shell:Creating package script '/home/lx/ros2/ros/xiao_ying/install/fast_lio/share/fast_lio/package.bash'
[10.316s] INFO:colcon.colcon_core.shell:Creating package script '/home/lx/ros2/ros/xiao_ying/install/fast_lio/share/fast_lio/package.zsh'
[10.316s] Level 1:colcon.colcon_core.environment:create_file_with_runtime_dependencies(/home/lx/ros2/ros/xiao_ying/install/fast_lio/share/colcon-core/packages/fast_lio)
[10.375s] Level 1:colcon.colcon_core.environment:create_environment_scripts_only(fast_lio)
[10.388s] Level 1:colcon.colcon_core.environment:checking '/home/lx/ros2/ros/xiao_ying/install/fast_lio' for CMake module files
[10.388s] Level 1:colcon.colcon_core.environment:checking '/home/lx/ros2/ros/xiao_ying/install/fast_lio' for CMake config files
[10.389s] Level 1:colcon.colcon_core.shell:create_environment_hook('fast_lio', 'cmake_prefix_path')
[10.401s] INFO:colcon.colcon_core.shell:Creating environment hook '/home/lx/ros2/ros/xiao_ying/install/fast_lio/share/fast_lio/hook/cmake_prefix_path.ps1'
[10.401s] INFO:colcon.colcon_core.shell:Creating environment descriptor '/home/lx/ros2/ros/xiao_ying/install/fast_lio/share/fast_lio/hook/cmake_prefix_path.dsv'
[10.402s] INFO:colcon.colcon_core.shell:Creating environment hook '/home/lx/ros2/ros/xiao_ying/install/fast_lio/share/fast_lio/hook/cmake_prefix_path.sh'
[10.402s] Level 1:colcon.colcon_core.environment:checking '/home/lx/ros2/ros/xiao_ying/install/fast_lio/lib'
[10.402s] Level 1:colcon.colcon_core.shell:create_environment_hook('fast_lio', 'ld_library_path_lib')
[10.415s] INFO:colcon.colcon_core.shell:Creating environment hook '/home/lx/ros2/ros/xiao_ying/install/fast_lio/share/fast_lio/hook/ld_library_path_lib.ps1'
[10.416s] INFO:colcon.colcon_core.shell:Creating environment descriptor '/home/lx/ros2/ros/xiao_ying/install/fast_lio/share/fast_lio/hook/ld_library_path_lib.dsv'
[10.416s] INFO:colcon.colcon_core.shell:Creating environment hook '/home/lx/ros2/ros/xiao_ying/install/fast_lio/share/fast_lio/hook/ld_library_path_lib.sh'
[10.416s] Level 1:colcon.colcon_core.environment:checking '/home/lx/ros2/ros/xiao_ying/install/fast_lio/bin'
[10.416s] Level 1:colcon.colcon_core.environment:checking '/home/lx/ros2/ros/xiao_ying/install/fast_lio/lib/pkgconfig/fast_lio.pc'
[10.416s] Level 1:colcon.colcon_core.environment:checking '/home/lx/ros2/ros/xiao_ying/install/fast_lio/lib/python3.10/site-packages'
[10.417s] Level 1:colcon.colcon_core.environment:checking '/home/lx/ros2/ros/xiao_ying/install/fast_lio/bin'
[10.430s] INFO:colcon.colcon_core.shell:Creating package script '/home/lx/ros2/ros/xiao_ying/install/fast_lio/share/fast_lio/package.ps1'
[10.430s] INFO:colcon.colcon_core.shell:Creating package descriptor '/home/lx/ros2/ros/xiao_ying/install/fast_lio/share/fast_lio/package.dsv'
[10.431s] INFO:colcon.colcon_core.shell:Creating package script '/home/lx/ros2/ros/xiao_ying/install/fast_lio/share/fast_lio/package.sh'
[10.431s] INFO:colcon.colcon_core.shell:Creating package script '/home/lx/ros2/ros/xiao_ying/install/fast_lio/share/fast_lio/package.bash'
[10.431s] INFO:colcon.colcon_core.shell:Creating package script '/home/lx/ros2/ros/xiao_ying/install/fast_lio/share/fast_lio/package.zsh'
[10.431s] Level 1:colcon.colcon_core.environment:create_file_with_runtime_dependencies(/home/lx/ros2/ros/xiao_ying/install/fast_lio/share/colcon-core/packages/fast_lio)
[20.183s] DEBUG:colcon.colcon_core.event_handler.log_command:Invoked command in '/home/lx/ros2/ros/xiao_ying/build/imu_complementary_filter' returned '0': CMAKE_PREFIX_PATH=${CMAKE_PREFIX_PATH}:/opt/ros/humble /usr/bin/cmake --build /home/lx/ros2/ros/xiao_ying/build/imu_complementary_filter -- -j12 -l12
[20.209s] DEBUG:colcon.colcon_core.event_handler.log_command:Invoking command in '/home/lx/ros2/ros/xiao_ying/build/imu_complementary_filter': CMAKE_PREFIX_PATH=${CMAKE_PREFIX_PATH}:/opt/ros/humble /usr/bin/cmake --install /home/lx/ros2/ros/xiao_ying/build/imu_complementary_filter
[20.220s] Level 1:colcon.colcon_core.environment:create_environment_scripts_only(imu_complementary_filter)
[20.220s] DEBUG:colcon.colcon_core.event_handler.log_command:Invoked command in '/home/lx/ros2/ros/xiao_ying/build/imu_complementary_filter' returned '0': CMAKE_PREFIX_PATH=${CMAKE_PREFIX_PATH}:/opt/ros/humble /usr/bin/cmake --install /home/lx/ros2/ros/xiao_ying/build/imu_complementary_filter
[20.233s] Level 1:colcon.colcon_core.environment:checking '/home/lx/ros2/ros/xiao_ying/install/imu_complementary_filter' for CMake module files
[20.234s] Level 1:colcon.colcon_core.environment:checking '/home/lx/ros2/ros/xiao_ying/install/imu_complementary_filter' for CMake config files
[20.234s] Level 1:colcon.colcon_core.shell:create_environment_hook('imu_complementary_filter', 'cmake_prefix_path')
[20.247s] INFO:colcon.colcon_core.shell:Creating environment hook '/home/lx/ros2/ros/xiao_ying/install/imu_complementary_filter/share/imu_complementary_filter/hook/cmake_prefix_path.ps1'
[20.248s] INFO:colcon.colcon_core.shell:Creating environment descriptor '/home/lx/ros2/ros/xiao_ying/install/imu_complementary_filter/share/imu_complementary_filter/hook/cmake_prefix_path.dsv'
[20.248s] INFO:colcon.colcon_core.shell:Creating environment hook '/home/lx/ros2/ros/xiao_ying/install/imu_complementary_filter/share/imu_complementary_filter/hook/cmake_prefix_path.sh'
[20.248s] Level 1:colcon.colcon_core.environment:checking '/home/lx/ros2/ros/xiao_ying/install/imu_complementary_filter/lib'
[20.248s] Level 1:colcon.colcon_core.shell:create_environment_hook('imu_complementary_filter', 'ld_library_path_lib')
[20.261s] INFO:colcon.colcon_core.shell:Creating environment hook '/home/lx/ros2/ros/xiao_ying/install/imu_complementary_filter/share/imu_complementary_filter/hook/ld_library_path_lib.ps1'
[20.261s] INFO:colcon.colcon_core.shell:Creating environment descriptor '/home/lx/ros2/ros/xiao_ying/install/imu_complementary_filter/share/imu_complementary_filter/hook/ld_library_path_lib.dsv'
[20.262s] INFO:colcon.colcon_core.shell:Creating environment hook '/home/lx/ros2/ros/xiao_ying/install/imu_complementary_filter/share/imu_complementary_filter/hook/ld_library_path_lib.sh'
[20.262s] Level 1:colcon.colcon_core.environment:checking '/home/lx/ros2/ros/xiao_ying/install/imu_complementary_filter/bin'
[20.262s] Level 1:colcon.colcon_core.environment:checking '/home/lx/ros2/ros/xiao_ying/install/imu_complementary_filter/lib/pkgconfig/imu_complementary_filter.pc'
[20.262s] Level 1:colcon.colcon_core.environment:checking '/home/lx/ros2/ros/xiao_ying/install/imu_complementary_filter/lib/python3.10/site-packages'
[20.262s] Level 1:colcon.colcon_core.environment:checking '/home/lx/ros2/ros/xiao_ying/install/imu_complementary_filter/bin'
[20.275s] INFO:colcon.colcon_core.shell:Creating package script '/home/lx/ros2/ros/xiao_ying/install/imu_complementary_filter/share/imu_complementary_filter/package.ps1'
[20.275s] INFO:colcon.colcon_core.shell:Creating package descriptor '/home/lx/ros2/ros/xiao_ying/install/imu_complementary_filter/share/imu_complementary_filter/package.dsv'
[20.276s] INFO:colcon.colcon_core.shell:Creating package script '/home/lx/ros2/ros/xiao_ying/install/imu_complementary_filter/share/imu_complementary_filter/package.sh'
[20.276s] INFO:colcon.colcon_core.shell:Creating package script '/home/lx/ros2/ros/xiao_ying/install/imu_complementary_filter/share/imu_complementary_filter/package.bash'
[20.276s] INFO:colcon.colcon_core.shell:Creating package script '/home/lx/ros2/ros/xiao_ying/install/imu_complementary_filter/share/imu_complementary_filter/package.zsh'
[20.276s] Level 1:colcon.colcon_core.environment:create_file_with_runtime_dependencies(/home/lx/ros2/ros/xiao_ying/install/imu_complementary_filter/share/colcon-core/packages/imu_complementary_filter)
[20.318s] Level 1:colcon.colcon_core.environment:create_environment_scripts_only(imu_complementary_filter)
[20.339s] Level 1:colcon.colcon_core.environment:checking '/home/lx/ros2/ros/xiao_ying/install/imu_complementary_filter' for CMake module files
[20.340s] Level 1:colcon.colcon_core.environment:checking '/home/lx/ros2/ros/xiao_ying/install/imu_complementary_filter' for CMake config files
[20.340s] Level 1:colcon.colcon_core.shell:create_environment_hook('imu_complementary_filter', 'cmake_prefix_path')
[20.357s] INFO:colcon.colcon_core.shell:Creating environment hook '/home/lx/ros2/ros/xiao_ying/install/imu_complementary_filter/share/imu_complementary_filter/hook/cmake_prefix_path.ps1'
[20.358s] INFO:colcon.colcon_core.shell:Creating environment descriptor '/home/lx/ros2/ros/xiao_ying/install/imu_complementary_filter/share/imu_complementary_filter/hook/cmake_prefix_path.dsv'
[20.358s] INFO:colcon.colcon_core.shell:Creating environment hook '/home/lx/ros2/ros/xiao_ying/install/imu_complementary_filter/share/imu_complementary_filter/hook/cmake_prefix_path.sh'
[20.358s] Level 1:colcon.colcon_core.environment:checking '/home/lx/ros2/ros/xiao_ying/install/imu_complementary_filter/lib'
[20.358s] Level 1:colcon.colcon_core.shell:create_environment_hook('imu_complementary_filter', 'ld_library_path_lib')
[20.372s] INFO:colcon.colcon_core.shell:Creating environment hook '/home/lx/ros2/ros/xiao_ying/install/imu_complementary_filter/share/imu_complementary_filter/hook/ld_library_path_lib.ps1'
[20.373s] INFO:colcon.colcon_core.shell:Creating environment descriptor '/home/lx/ros2/ros/xiao_ying/install/imu_complementary_filter/share/imu_complementary_filter/hook/ld_library_path_lib.dsv'
[20.373s] INFO:colcon.colcon_core.shell:Creating environment hook '/home/lx/ros2/ros/xiao_ying/install/imu_complementary_filter/share/imu_complementary_filter/hook/ld_library_path_lib.sh'
[20.373s] Level 1:colcon.colcon_core.environment:checking '/home/lx/ros2/ros/xiao_ying/install/imu_complementary_filter/bin'
[20.373s] Level 1:colcon.colcon_core.environment:checking '/home/lx/ros2/ros/xiao_ying/install/imu_complementary_filter/lib/pkgconfig/imu_complementary_filter.pc'
[20.374s] Level 1:colcon.colcon_core.environment:checking '/home/lx/ros2/ros/xiao_ying/install/imu_complementary_filter/lib/python3.10/site-packages'
[20.374s] Level 1:colcon.colcon_core.environment:checking '/home/lx/ros2/ros/xiao_ying/install/imu_complementary_filter/bin'
[20.387s] INFO:colcon.colcon_core.shell:Creating package script '/home/lx/ros2/ros/xiao_ying/install/imu_complementary_filter/share/imu_complementary_filter/package.ps1'
[20.387s] INFO:colcon.colcon_core.shell:Creating package descriptor '/home/lx/ros2/ros/xiao_ying/install/imu_complementary_filter/share/imu_complementary_filter/package.dsv'
[20.388s] INFO:colcon.colcon_core.shell:Creating package script '/home/lx/ros2/ros/xiao_ying/install/imu_complementary_filter/share/imu_complementary_filter/package.sh'
[20.388s] INFO:colcon.colcon_core.shell:Creating package script '/home/lx/ros2/ros/xiao_ying/install/imu_complementary_filter/share/imu_complementary_filter/package.bash'
[20.388s] INFO:colcon.colcon_core.shell:Creating package script '/home/lx/ros2/ros/xiao_ying/install/imu_complementary_filter/share/imu_complementary_filter/package.zsh'
[20.389s] Level 1:colcon.colcon_core.environment:create_file_with_runtime_dependencies(/home/lx/ros2/ros/xiao_ying/install/imu_complementary_filter/share/colcon-core/packages/imu_complementary_filter)
[20.389s] DEBUG:colcon.colcon_parallel_executor.executor.parallel:closing loop
[20.389s] DEBUG:colcon.colcon_parallel_executor.executor.parallel:loop closed
[20.389s] DEBUG:colcon.colcon_parallel_executor.executor.parallel:run_until_complete finished with '0'
[20.389s] DEBUG:colcon.colcon_core.event_reactor:joining thread
[20.406s] INFO:colcon.colcon_core.plugin_system:Skipping extension 'colcon_notification.desktop_notification.terminal_notifier': Not used on non-Darwin systems
[20.406s] INFO:colcon.colcon_core.plugin_system:Skipping extension 'colcon_notification.desktop_notification.win32': Not used on non-Windows systems
[20.407s] INFO:colcon.colcon_notification.desktop_notification:Sending desktop notification using 'notify2'
[20.415s] DEBUG:colcon.colcon_core.event_reactor:joined thread
[20.429s] INFO:colcon.colcon_core.shell:Creating prefix script '/home/lx/ros2/ros/xiao_ying/install/local_setup.ps1'
[20.430s] INFO:colcon.colcon_core.shell:Creating prefix util module '/home/lx/ros2/ros/xiao_ying/install/_local_setup_util_ps1.py'
[20.431s] INFO:colcon.colcon_core.shell:Creating prefix chain script '/home/lx/ros2/ros/xiao_ying/install/setup.ps1'
[20.446s] INFO:colcon.colcon_core.shell:Creating prefix script '/home/lx/ros2/ros/xiao_ying/install/local_setup.sh'
[20.446s] INFO:colcon.colcon_core.shell:Creating prefix util module '/home/lx/ros2/ros/xiao_ying/install/_local_setup_util_sh.py'
[20.447s] INFO:colcon.colcon_core.shell:Creating prefix chain script '/home/lx/ros2/ros/xiao_ying/install/setup.sh'
[20.461s] INFO:colcon.colcon_core.shell:Creating prefix script '/home/lx/ros2/ros/xiao_ying/install/local_setup.bash'
[20.462s] INFO:colcon.colcon_core.shell:Creating prefix chain script '/home/lx/ros2/ros/xiao_ying/install/setup.bash'
[20.476s] INFO:colcon.colcon_core.shell:Creating prefix script '/home/lx/ros2/ros/xiao_ying/install/local_setup.zsh'
[20.477s] INFO:colcon.colcon_core.shell:Creating prefix chain script '/home/lx/ros2/ros/xiao_ying/install/setup.zsh'
