[0.822s] Invoking command in '/home/lx/ros2/demo1/build/turtlebot3_example': PYTHONPATH=/home/lx/ros2/demo1/build/turtlebot3_example/prefix_override:/home/lx/ros2/demo1/install/turtlebot3_example/lib/python3.10/site-packages:${PYTHONPATH} /usr/bin/python3 setup.py develop --editable --build-directory /home/lx/ros2/demo1/build/turtlebot3_example/build --no-deps install_data
[1.032s] running develop
[1.035s] /usr/lib/python3/dist-packages/setuptools/command/easy_install.py:158: EasyInstallDeprecationWarning: easy_install command is deprecated. Use build and pip and other standards-based tools.
[1.035s]   warnings.warn(
[1.036s] /usr/lib/python3/dist-packages/setuptools/command/install.py:34: SetuptoolsDeprecationWarning: setup.py install is deprecated. Use build and pip and other standards-based tools.
[1.036s]   warnings.warn(
[1.082s] /usr/lib/python3/dist-packages/pkg_resources/__init__.py:116: PkgResourcesDeprecationWarning: 0.1.43ubuntu1 is an invalid version and will not be supported in a future release
[1.082s]   warnings.warn(
[1.082s] /usr/lib/python3/dist-packages/pkg_resources/__init__.py:116: PkgResourcesDeprecationWarning: 1.1build1 is an invalid version and will not be supported in a future release
[1.082s]   warnings.warn(
[1.166s] running egg_info
[1.166s] creating turtlebot3_example.egg-info
[1.166s] writing turtlebot3_example.egg-info/PKG-INFO
[1.167s] writing dependency_links to turtlebot3_example.egg-info/dependency_links.txt
[1.167s] writing entry points to turtlebot3_example.egg-info/entry_points.txt
[1.167s] writing requirements to turtlebot3_example.egg-info/requires.txt
[1.167s] writing top-level names to turtlebot3_example.egg-info/top_level.txt
[1.167s] writing manifest file 'turtlebot3_example.egg-info/SOURCES.txt'
[1.168s] reading manifest file 'turtlebot3_example.egg-info/SOURCES.txt'
[1.169s] writing manifest file 'turtlebot3_example.egg-info/SOURCES.txt'
[1.170s] running build_ext
[1.170s] Creating /home/lx/ros2/demo1/install/turtlebot3_example/lib/python3.10/site-packages/turtlebot3-example.egg-link (link to .)
[1.171s] Installing turtlebot3_obstacle_detection script to /home/lx/ros2/demo1/install/turtlebot3_example/lib/turtlebot3_example
[1.171s] Installing turtlebot3_patrol_client script to /home/lx/ros2/demo1/install/turtlebot3_example/lib/turtlebot3_example
[1.171s] Installing turtlebot3_patrol_server script to /home/lx/ros2/demo1/install/turtlebot3_example/lib/turtlebot3_example
[1.171s] Installing turtlebot3_position_control script to /home/lx/ros2/demo1/install/turtlebot3_example/lib/turtlebot3_example
[1.171s] 
[1.172s] Installed /home/lx/ros2/demo1/build/turtlebot3_example
[1.172s] running install_data
[1.172s] creating /home/lx/ros2/demo1/install/turtlebot3_example/share/ament_index
[1.172s] creating /home/lx/ros2/demo1/install/turtlebot3_example/share/ament_index/resource_index
[1.172s] creating /home/lx/ros2/demo1/install/turtlebot3_example/share/ament_index/resource_index/packages
[1.172s] copying resource/turtlebot3_example -> /home/lx/ros2/demo1/install/turtlebot3_example/share/ament_index/resource_index/packages
[1.172s] copying package.xml -> /home/lx/ros2/demo1/install/turtlebot3_example/share/turtlebot3_example
[1.193s] Invoked command in '/home/lx/ros2/demo1/build/turtlebot3_example' returned '0': PYTHONPATH=/home/lx/ros2/demo1/build/turtlebot3_example/prefix_override:/home/lx/ros2/demo1/install/turtlebot3_example/lib/python3.10/site-packages:${PYTHONPATH} /usr/bin/python3 setup.py develop --editable --build-directory /home/lx/ros2/demo1/build/turtlebot3_example/build --no-deps install_data
