[0.065s] Invoking command in '/home/lx/ros2/ros/mid-70_ws/build/fast_lio': CMAKE_PREFIX_PATH=${CMAKE_PREFIX_PATH}:/opt/ros/humble /usr/bin/cmake --build /home/lx/ros2/ros/mid-70_ws/build/fast_lio -- -j12 -l12
[0.122s] [  2%] Built target ament_cmake_python_symlink_fast_lio
[0.122s] [  5%] Built target fast_lio__cpp
[0.122s] [ 11%] Built target fast_lio__rosidl_generator_c
[0.147s] [ 20%] Built target fast_lio__rosidl_typesupport_c
[0.150s] [ 28%] Built target fast_lio__rosidl_typesupport_fastrtps_cpp
[0.152s] [ 37%] Built target fast_lio__rosidl_typesupport_introspection_c
[0.154s] [ 45%] Built target fast_lio__rosidl_typesupport_cpp
[0.157s] [ 54%] Built target fast_lio__rosidl_typesupport_introspection_cpp
[0.183s] [ 62%] Built target fast_lio__rosidl_typesupport_fastrtps_c
[0.190s] [ 65%] [32mBuilding CXX object CMakeFiles/fastlio_mapping.dir/src/laserMapping.cpp.o[0m
[0.192s] [ 68%] [32mBuilding CXX object CMakeFiles/fastlio_mapping.dir/src/preprocess.cpp.o[0m
[0.209s] [ 68%] Built target fast_lio
[0.239s] [ 71%] Built target fast_lio__py
[0.265s] [ 77%] Built target fast_lio__rosidl_generator_py
[0.288s] [ 82%] Built target fast_lio__rosidl_typesupport_fastrtps_c__pyext
[0.289s] [ 88%] Built target fast_lio__rosidl_typesupport_introspection_c__pyext
[0.289s] [ 94%] Built target fast_lio__rosidl_typesupport_c__pyext
[0.396s] running egg_info
[0.396s] writing fast_lio.egg-info/PKG-INFO
[0.396s] writing dependency_links to fast_lio.egg-info/dependency_links.txt
[0.397s] writing top-level names to fast_lio.egg-info/top_level.txt
[0.399s] reading manifest file 'fast_lio.egg-info/SOURCES.txt'
[0.399s] writing manifest file 'fast_lio.egg-info/SOURCES.txt'
[0.427s] [ 94%] Built target ament_cmake_python_build_fast_lio_egg
[4.566s] In file included from [01m[K/home/lx/ros2/ros/mid-70_ws/src/FAST_LIO/src/preprocess.cpp:1[m[K:
[4.566s] [01m[K/home/lx/ros2/ros/mid-70_ws/src/FAST_LIO/src/preprocess.h:143:22:[m[K [01;31m[Kerror: [m[K‘[01m[Klivox_ros_driver2[m[K’ does not name a type
[4.566s]   143 |   void process(const [01;31m[Klivox_ros_driver2[m[K::msg::CustomMsg::UniquePtr &msg, PointCloudXYZI::Ptr &pcl_out);
[4.566s]       |                      [01;31m[K^~~~~~~~~~~~~~~~~[m[K
[4.566s] [01m[K/home/lx/ros2/ros/mid-70_ws/src/FAST_LIO/src/preprocess.h:143:44:[m[K [01;31m[Kerror: [m[Kexpected unqualified-id before ‘[01m[K::[m[K’ token
[4.566s]   143 |   void process(const livox_ros_driver2::msg[01;31m[K::[m[KCustomMsg::UniquePtr &msg, PointCloudXYZI::Ptr &pcl_out);
[4.566s]       |                                            [01;31m[K^~[m[K
[4.566s] [01m[K/home/lx/ros2/ros/mid-70_ws/src/FAST_LIO/src/preprocess.h:143:44:[m[K [01;31m[Kerror: [m[Kexpected ‘[01m[K)[m[K’ before ‘[01m[K::[m[K’ token
[4.566s]   143 |   void process[34m[K([m[Kconst livox_ros_driver2::msg[01;31m[K:[m[K[32m[K:[m[KCustomMsg::UniquePtr &msg, PointCloudXYZI::Ptr &pcl_out);
[4.566s]       |               [34m[K~[m[K                            [01;31m[K^[m[K[32m[K~[m[K
[4.566s]       |                                            [32m[K)[m[K
[4.566s] [01m[K/home/lx/ros2/ros/mid-70_ws/src/FAST_LIO/src/preprocess.h:143:41:[m[K [01;31m[Kerror: [m[Kexpected ‘[01m[K;[m[K’ at end of member declaration
[4.566s]   143 |   void process(const livox_ros_driver2::[01;31m[Kmsg[m[K::CustomMsg::UniquePtr &msg, PointCloudXYZI::Ptr &pcl_out);
[4.567s]       |                                         [01;31m[K^~~[m[K
[4.567s]       |                                            [32m[K;[m[K
[4.568s] [01m[K/home/lx/ros2/ros/mid-70_ws/src/FAST_LIO/src/preprocess.h:143:46:[m[K [01;31m[Kerror: [m[K‘[01m[KCustomMsg[m[K’ in namespace ‘[01m[K::[m[K’ does not name a type
[4.568s]   143 |   void process(const livox_ros_driver2::msg::[01;31m[KCustomMsg[m[K::UniquePtr &msg, PointCloudXYZI::Ptr &pcl_out);
[4.569s]       |                                              [01;31m[K^~~~~~~~~[m[K
[4.587s] [01m[K/home/lx/ros2/ros/mid-70_ws/src/FAST_LIO/src/preprocess.h:158:27:[m[K [01;31m[Kerror: [m[K‘[01m[Klivox_ros_driver2[m[K’ does not name a type
[4.587s]   158 |   void avia_handler(const [01;31m[Klivox_ros_driver2[m[K::msg::CustomMsg::UniquePtr &msg);
[4.587s]       |                           [01;31m[K^~~~~~~~~~~~~~~~~[m[K
[4.587s] [01m[K/home/lx/ros2/ros/mid-70_ws/src/FAST_LIO/src/preprocess.h:158:49:[m[K [01;31m[Kerror: [m[Kexpected unqualified-id before ‘[01m[K::[m[K’ token
[4.587s]   158 |   void avia_handler(const livox_ros_driver2::msg[01;31m[K::[m[KCustomMsg::UniquePtr &msg);
[4.587s]       |                                                 [01;31m[K^~[m[K
[4.587s] [01m[K/home/lx/ros2/ros/mid-70_ws/src/FAST_LIO/src/preprocess.h:158:49:[m[K [01;31m[Kerror: [m[Kexpected ‘[01m[K)[m[K’ before ‘[01m[K::[m[K’ token
[4.587s]   158 |   void avia_handler[34m[K([m[Kconst livox_ros_driver2::msg[01;31m[K:[m[K[32m[K:[m[KCustomMsg::UniquePtr &msg);
[4.587s]       |                    [34m[K~[m[K                            [01;31m[K^[m[K[32m[K~[m[K
[4.587s]       |                                                 [32m[K)[m[K
[4.587s] [01m[K/home/lx/ros2/ros/mid-70_ws/src/FAST_LIO/src/preprocess.h:158:46:[m[K [01;31m[Kerror: [m[Kexpected ‘[01m[K;[m[K’ at end of member declaration
[4.587s]   158 |   void avia_handler(const livox_ros_driver2::[01;31m[Kmsg[m[K::CustomMsg::UniquePtr &msg);
[4.587s]       |                                              [01;31m[K^~~[m[K
[4.587s]       |                                                 [32m[K;[m[K
[4.590s] [01m[K/home/lx/ros2/ros/mid-70_ws/src/FAST_LIO/src/preprocess.h:158:51:[m[K [01;31m[Kerror: [m[K‘[01m[KCustomMsg[m[K’ in namespace ‘[01m[K::[m[K’ does not name a type
[4.590s]   158 |   void avia_handler(const livox_ros_driver2::msg::[01;31m[KCustomMsg[m[K::UniquePtr &msg);
[4.590s]       |                                                   [01;31m[K^~~~~~~~~[m[K
[4.633s] [01m[K/home/lx/ros2/ros/mid-70_ws/src/FAST_LIO/src/preprocess.cpp:47:32:[m[K [01;31m[Kerror: [m[K‘[01m[Klivox_ros_driver2[m[K’ does not name a type
[4.633s]    47 | void Preprocess::process(const [01;31m[Klivox_ros_driver2[m[K::msg::CustomMsg::UniquePtr &msg, PointCloudXYZI::Ptr& pcl_out)
[4.633s]       |                                [01;31m[K^~~~~~~~~~~~~~~~~[m[K
[4.633s] [01m[K/home/lx/ros2/ros/mid-70_ws/src/FAST_LIO/src/preprocess.cpp:47:54:[m[K [01;31m[Kerror: [m[Kexpected unqualified-id before ‘[01m[K::[m[K’ token
[4.633s]    47 | void Preprocess::process(const livox_ros_driver2::msg[01;31m[K::[m[KCustomMsg::UniquePtr &msg, PointCloudXYZI::Ptr& pcl_out)
[4.633s]       |                                                      [01;31m[K^~[m[K
[4.633s] [01m[K/home/lx/ros2/ros/mid-70_ws/src/FAST_LIO/src/preprocess.cpp:47:54:[m[K [01;31m[Kerror: [m[Kexpected ‘[01m[K)[m[K’ before ‘[01m[K::[m[K’ token
[4.633s]    47 | void Preprocess::process[34m[K([m[Kconst livox_ros_driver2::msg[01;31m[K:[m[K[32m[K:[m[KCustomMsg::UniquePtr &msg, PointCloudXYZI::Ptr& pcl_out)
[4.633s]       |                         [34m[K~[m[K                            [01;31m[K^[m[K[32m[K~[m[K
[4.633s]       |                                                      [32m[K)[m[K
[4.633s] [01m[K/home/lx/ros2/ros/mid-70_ws/src/FAST_LIO/src/preprocess.cpp:47:54:[m[K [01;31m[Kerror: [m[Kexpected initializer before ‘[01m[K::[m[K’ token
[4.633s]    47 | void Preprocess::process(const livox_ros_driver2::msg[01;31m[K::[m[KCustomMsg::UniquePtr &msg, PointCloudXYZI::Ptr& pcl_out)
[4.633s]       |                                                      [01;31m[K^~[m[K
[4.647s] [01m[K/home/lx/ros2/ros/mid-70_ws/src/FAST_LIO/src/preprocess.cpp:95:37:[m[K [01;31m[Kerror: [m[K‘[01m[Klivox_ros_driver2[m[K’ does not name a type
[4.647s]    95 | void Preprocess::avia_handler(const [01;31m[Klivox_ros_driver2[m[K::msg::CustomMsg::UniquePtr &msg)
[4.648s]       |                                     [01;31m[K^~~~~~~~~~~~~~~~~[m[K
[4.648s] [01m[K/home/lx/ros2/ros/mid-70_ws/src/FAST_LIO/src/preprocess.cpp:95:59:[m[K [01;31m[Kerror: [m[Kexpected unqualified-id before ‘[01m[K::[m[K’ token
[4.648s]    95 | void Preprocess::avia_handler(const livox_ros_driver2::msg[01;31m[K::[m[KCustomMsg::UniquePtr &msg)
[4.648s]       |                                                           [01;31m[K^~[m[K
[4.648s] [01m[K/home/lx/ros2/ros/mid-70_ws/src/FAST_LIO/src/preprocess.cpp:95:59:[m[K [01;31m[Kerror: [m[Kexpected ‘[01m[K)[m[K’ before ‘[01m[K::[m[K’ token
[4.648s]    95 | void Preprocess::avia_handler[34m[K([m[Kconst livox_ros_driver2::msg[01;31m[K:[m[K[32m[K:[m[KCustomMsg::UniquePtr &msg)
[4.648s]       |                              [34m[K~[m[K                            [01;31m[K^[m[K[32m[K~[m[K
[4.648s]       |                                                           [32m[K)[m[K
[4.648s] [01m[K/home/lx/ros2/ros/mid-70_ws/src/FAST_LIO/src/preprocess.cpp:95:59:[m[K [01;31m[Kerror: [m[Kexpected initializer before ‘[01m[K::[m[K’ token
[4.648s]    95 | void Preprocess::avia_handler(const livox_ros_driver2::msg[01;31m[K::[m[KCustomMsg::UniquePtr &msg)
[4.648s]       |                                                           [01;31m[K^~[m[K
[5.647s] gmake[2]: *** [CMakeFiles/fastlio_mapping.dir/build.make:104：CMakeFiles/fastlio_mapping.dir/src/preprocess.cpp.o] 错误 1
[5.648s] gmake[2]: *** 正在等待未完成的任务....
[5.715s] In file included from [01m[K/usr/include/boost/smart_ptr/detail/sp_thread_sleep.hpp:22[m[K,
[5.715s]                  from [01m[K/usr/include/boost/smart_ptr/detail/yield_k.hpp:23[m[K,
[5.715s]                  from [01m[K/usr/include/boost/smart_ptr/detail/spinlock_gcc_atomic.hpp:14[m[K,
[5.715s]                  from [01m[K/usr/include/boost/smart_ptr/detail/spinlock.hpp:42[m[K,
[5.715s]                  from [01m[K/usr/include/boost/smart_ptr/detail/spinlock_pool.hpp:25[m[K,
[5.715s]                  from [01m[K/usr/include/boost/smart_ptr/shared_ptr.hpp:29[m[K,
[5.715s]                  from [01m[K/usr/include/boost/shared_ptr.hpp:17[m[K,
[5.716s]                  from [01m[K/usr/include/boost/date_time/microsec_time_clock.hpp:18[m[K,
[5.716s]                  from [01m[K/usr/include/boost/interprocess/detail/posix_time_types_wrk.hpp:31[m[K,
[5.716s]                  from [01m[K/usr/include/boost/interprocess/detail/os_thread_functions.hpp:36[m[K,
[5.716s]                  from [01m[K/usr/include/boost/interprocess/sync/file_lock.hpp:26[m[K,
[5.716s]                  from [01m[K/usr/include/pcl-1.12/pcl/io/pcd_io.h:46[m[K,
[5.716s]                  from [01m[K/opt/ros/humble/include/pcl_conversions/pcl_conversions.h:72[m[K,
[5.716s]                  from [01m[K/home/lx/ros2/ros/mid-70_ws/src/FAST_LIO/src/IMU_Processing.hpp:18[m[K,
[5.716s]                  from [01m[K/home/lx/ros2/ros/mid-70_ws/src/FAST_LIO/src/laserMapping.cpp:47[m[K:
[5.716s] [01m[K/usr/include/boost/bind.hpp:36:1:[m[K [01;36m[Knote: [m[K‘[01m[K#pragma message: The practice of declaring the Bind placeholders (_1, _2, ...) in the global namespace is deprecated. Please use <boost/bind/bind.hpp> + using namespace boost::placeholders, or define BOOST_BIND_GLOBAL_PLACEHOLDERS to retain the current behavior.[m[K’
[5.716s]    36 | [01;36m[KBOOST_PRAGMA_MESSAGE[m[K(
[5.716s]       | [01;36m[K^~~~~~~~~~~~~~~~~~~~[m[K
[6.964s] In file included from [01m[K/home/lx/ros2/ros/mid-70_ws/src/FAST_LIO/src/laserMapping.cpp:63[m[K:
[6.964s] [01m[K/home/lx/ros2/ros/mid-70_ws/src/FAST_LIO/src/preprocess.h:143:22:[m[K [01;31m[Kerror: [m[K‘[01m[Klivox_ros_driver2[m[K’ does not name a type
[6.964s]   143 |   void process(const [01;31m[Klivox_ros_driver2[m[K::msg::CustomMsg::UniquePtr &msg, PointCloudXYZI::Ptr &pcl_out);
[6.964s]       |                      [01;31m[K^~~~~~~~~~~~~~~~~[m[K
[6.964s] [01m[K/home/lx/ros2/ros/mid-70_ws/src/FAST_LIO/src/preprocess.h:143:44:[m[K [01;31m[Kerror: [m[Kexpected unqualified-id before ‘[01m[K::[m[K’ token
[6.964s]   143 |   void process(const livox_ros_driver2::msg[01;31m[K::[m[KCustomMsg::UniquePtr &msg, PointCloudXYZI::Ptr &pcl_out);
[6.964s]       |                                            [01;31m[K^~[m[K
[6.964s] [01m[K/home/lx/ros2/ros/mid-70_ws/src/FAST_LIO/src/preprocess.h:143:44:[m[K [01;31m[Kerror: [m[Kexpected ‘[01m[K)[m[K’ before ‘[01m[K::[m[K’ token
[6.964s]   143 |   void process[34m[K([m[Kconst livox_ros_driver2::msg[01;31m[K:[m[K[32m[K:[m[KCustomMsg::UniquePtr &msg, PointCloudXYZI::Ptr &pcl_out);
[6.964s]       |               [34m[K~[m[K                            [01;31m[K^[m[K[32m[K~[m[K
[6.964s]       |                                            [32m[K)[m[K
[6.965s] [01m[K/home/lx/ros2/ros/mid-70_ws/src/FAST_LIO/src/preprocess.h:143:41:[m[K [01;31m[Kerror: [m[Kexpected ‘[01m[K;[m[K’ at end of member declaration
[6.965s]   143 |   void process(const livox_ros_driver2::[01;31m[Kmsg[m[K::CustomMsg::UniquePtr &msg, PointCloudXYZI::Ptr &pcl_out);
[6.965s]       |                                         [01;31m[K^~~[m[K
[6.965s]       |                                            [32m[K;[m[K
[6.967s] [01m[K/home/lx/ros2/ros/mid-70_ws/src/FAST_LIO/src/preprocess.h:143:46:[m[K [01;31m[Kerror: [m[K‘[01m[KCustomMsg[m[K’ in namespace ‘[01m[K::[m[K’ does not name a type
[6.967s]   143 |   void process(const livox_ros_driver2::msg::[01;31m[KCustomMsg[m[K::UniquePtr &msg, PointCloudXYZI::Ptr &pcl_out);
[6.967s]       |                                              [01;31m[K^~~~~~~~~[m[K
[6.983s] [01m[K/home/lx/ros2/ros/mid-70_ws/src/FAST_LIO/src/preprocess.h:158:27:[m[K [01;31m[Kerror: [m[K‘[01m[Klivox_ros_driver2[m[K’ does not name a type
[6.983s]   158 |   void avia_handler(const [01;31m[Klivox_ros_driver2[m[K::msg::CustomMsg::UniquePtr &msg);
[6.983s]       |                           [01;31m[K^~~~~~~~~~~~~~~~~[m[K
[6.983s] [01m[K/home/lx/ros2/ros/mid-70_ws/src/FAST_LIO/src/preprocess.h:158:49:[m[K [01;31m[Kerror: [m[Kexpected unqualified-id before ‘[01m[K::[m[K’ token
[6.983s]   158 |   void avia_handler(const livox_ros_driver2::msg[01;31m[K::[m[KCustomMsg::UniquePtr &msg);
[6.983s]       |                                                 [01;31m[K^~[m[K
[6.984s] [01m[K/home/lx/ros2/ros/mid-70_ws/src/FAST_LIO/src/preprocess.h:158:49:[m[K [01;31m[Kerror: [m[Kexpected ‘[01m[K)[m[K’ before ‘[01m[K::[m[K’ token
[6.984s]   158 |   void avia_handler[34m[K([m[Kconst livox_ros_driver2::msg[01;31m[K:[m[K[32m[K:[m[KCustomMsg::UniquePtr &msg);
[6.984s]       |                    [34m[K~[m[K                            [01;31m[K^[m[K[32m[K~[m[K
[6.984s]       |                                                 [32m[K)[m[K
[6.984s] [01m[K/home/lx/ros2/ros/mid-70_ws/src/FAST_LIO/src/preprocess.h:158:46:[m[K [01;31m[Kerror: [m[Kexpected ‘[01m[K;[m[K’ at end of member declaration
[6.984s]   158 |   void avia_handler(const livox_ros_driver2::[01;31m[Kmsg[m[K::CustomMsg::UniquePtr &msg);
[6.984s]       |                                              [01;31m[K^~~[m[K
[6.984s]       |                                                 [32m[K;[m[K
[6.987s] [01m[K/home/lx/ros2/ros/mid-70_ws/src/FAST_LIO/src/preprocess.h:158:51:[m[K [01;31m[Kerror: [m[K‘[01m[KCustomMsg[m[K’ in namespace ‘[01m[K::[m[K’ does not name a type
[6.987s]   158 |   void avia_handler(const livox_ros_driver2::msg::[01;31m[KCustomMsg[m[K::UniquePtr &msg);
[6.987s]       |                                                   [01;31m[K^~~~~~~~~[m[K
[7.063s] [01m[K/home/lx/ros2/ros/mid-70_ws/src/FAST_LIO/src/laserMapping.cpp:311:26:[m[K [01;31m[Kerror: [m[K‘[01m[Klivox_ros_driver2[m[K’ does not name a type
[7.063s]   311 | void livox_pcl_cbk(const [01;31m[Klivox_ros_driver2[m[K::msg::CustomMsg::UniquePtr msg)
[7.063s]       |                          [01;31m[K^~~~~~~~~~~~~~~~~[m[K
[7.064s] [01m[K/home/lx/ros2/ros/mid-70_ws/src/FAST_LIO/src/laserMapping.cpp:311:48:[m[K [01;31m[Kerror: [m[Kexpected unqualified-id before ‘[01m[K::[m[K’ token
[7.064s]   311 | void livox_pcl_cbk(const livox_ros_driver2::msg[01;31m[K::[m[KCustomMsg::UniquePtr msg)
[7.064s]       |                                                [01;31m[K^~[m[K
[7.064s] [01m[K/home/lx/ros2/ros/mid-70_ws/src/FAST_LIO/src/laserMapping.cpp:311:48:[m[K [01;31m[Kerror: [m[Kexpected ‘[01m[K)[m[K’ before ‘[01m[K::[m[K’ token
[7.064s]   311 | void livox_pcl_cbk[34m[K([m[Kconst livox_ros_driver2::msg[01;31m[K:[m[K[32m[K:[m[KCustomMsg::UniquePtr msg)
[7.064s]       |                   [34m[K~[m[K                            [01;31m[K^[m[K[32m[K~[m[K
[7.064s]       |                                                [32m[K)[m[K
[7.064s] [01m[K/home/lx/ros2/ros/mid-70_ws/src/FAST_LIO/src/laserMapping.cpp:311:48:[m[K [01;31m[Kerror: [m[Kexpected initializer before ‘[01m[K::[m[K’ token
[7.064s]   311 | void livox_pcl_cbk(const livox_ros_driver2::msg[01;31m[K::[m[KCustomMsg::UniquePtr msg)
[7.064s]       |                                                [01;31m[K^~[m[K
[7.244s] [01m[K/home/lx/ros2/ros/mid-70_ws/src/FAST_LIO/src/laserMapping.cpp:1139:26:[m[K [01;31m[Kerror: [m[K‘[01m[Klivox_ros_driver2[m[K’ was not declared in this scope
[7.244s]  1139 |     rclcpp::Subscription<[01;31m[Klivox_ros_driver2[m[K::msg::CustomMsg>::SharedPtr sub_pcl_livox_;
[7.245s]       |                          [01;31m[K^~~~~~~~~~~~~~~~~[m[K
[7.245s] [01m[K/home/lx/ros2/ros/mid-70_ws/src/FAST_LIO/src/laserMapping.cpp:1139:59:[m[K [01;31m[Kerror: [m[Ktemplate argument 1 is invalid
[7.245s]  1139 |     rclcpp::Subscription<livox_ros_driver2::msg::CustomMsg[01;31m[K>[m[K::SharedPtr sub_pcl_livox_;
[7.245s]       |                                                           [01;31m[K^[m[K
[7.245s] [01m[K/home/lx/ros2/ros/mid-70_ws/src/FAST_LIO/src/laserMapping.cpp:1139:59:[m[K [01;31m[Kerror: [m[Ktemplate argument 3 is invalid
[7.245s] [01m[K/home/lx/ros2/ros/mid-70_ws/src/FAST_LIO/src/laserMapping.cpp:1139:59:[m[K [01;31m[Kerror: [m[Ktemplate argument 4 is invalid
[7.245s] [01m[K/home/lx/ros2/ros/mid-70_ws/src/FAST_LIO/src/laserMapping.cpp:1139:59:[m[K [01;31m[Kerror: [m[Ktemplate argument 5 is invalid
[7.245s] [01m[K/home/lx/ros2/ros/mid-70_ws/src/FAST_LIO/src/laserMapping.cpp:1139:62:[m[K [01;31m[Kerror: [m[Kexpected ‘[01m[K;[m[K’ at end of member declaration
[7.245s]  1139 |     rclcpp::Subscription<livox_ros_driver2::msg::CustomMsg>::[01;31m[KSharedPtr[m[K sub_pcl_livox_;
[7.245s]       |                                                              [01;31m[K^~~~~~~~~[m[K
[7.245s]       |                                                                       [32m[K;[m[K
[7.254s] [01m[K/home/lx/ros2/ros/mid-70_ws/src/FAST_LIO/src/laserMapping.cpp:1139:72:[m[K [01;31m[Kerror: [m[K‘[01m[Ksub_pcl_livox_[m[K’ does not name a type
[7.254s]  1139 | cpp::Subscription<livox_ros_driver2::msg::CustomMsg>::SharedPtr [01;31m[Ksub_pcl_livox_[m[K;
[7.254s]       |                                                                 [01;31m[K^~~~~~~~~~~~~~[m[K
[7.254s] 
[7.294s] [01m[K/home/lx/ros2/ros/mid-70_ws/src/FAST_LIO/src/laserMapping.cpp:[m[K In constructor ‘[01m[KLaserMappingNode::LaserMappingNode(const rclcpp::NodeOptions&)[m[K’:
[7.295s] [01m[K/home/lx/ros2/ros/mid-70_ws/src/FAST_LIO/src/laserMapping.cpp:922:13:[m[K [01;31m[Kerror: [m[K‘[01m[Ksub_pcl_livox_[m[K’ was not declared in this scope; did you mean ‘[01m[Ksub_pcl_pc_[m[K’?
[7.295s]   922 |             [01;31m[Ksub_pcl_livox_[m[K = this->create_subscription<livox_ros_driver2::msg::CustomMsg>(lid_topic, 20, livox_pcl_cbk);
[7.295s]       |             [01;31m[K^~~~~~~~~~~~~~[m[K
[7.295s]       |             [32m[Ksub_pcl_pc_[m[K
[7.313s] [01m[K/home/lx/ros2/ros/mid-70_ws/src/FAST_LIO/src/laserMapping.cpp:922:56:[m[K [01;31m[Kerror: [m[K‘[01m[Klivox_ros_driver2[m[K’ was not declared in this scope
[7.313s]   922 |             sub_pcl_livox_ = this->create_subscription<[01;31m[Klivox_ros_driver2[m[K::msg::CustomMsg>(lid_topic, 20, livox_pcl_cbk);
[7.314s]       |                                                        [01;31m[K^~~~~~~~~~~~~~~~~[m[K
[7.314s] [01m[K/home/lx/ros2/ros/mid-70_ws/src/FAST_LIO/src/laserMapping.cpp:922:36:[m[K [01;31m[Kerror: [m[Kparse error in template argument list
[7.314s]   922 |             sub_pcl_livox_ = this->[01;31m[Kcreate_subscription<livox_ros_driver2::msg::CustomMsg>[m[K(lid_topic, 20, livox_pcl_cbk);
[7.314s]       |                                    [01;31m[K^~~~~~~~~~~~~~~~~~~~~~~~~~~~~~~~~~~~~~~~~~~~~~~~~~~~~~[m[K
[7.328s] [01m[K/home/lx/ros2/ros/mid-70_ws/src/FAST_LIO/src/laserMapping.cpp:922:106:[m[K [01;31m[Kerror: [m[K‘[01m[Klivox_pcl_cbk[m[K’ was not declared in this scope
[7.328s]   922 | _subscription<livox_ros_driver2::msg::CustomMsg>(lid_topic, 20, [01;31m[Klivox_pcl_cbk[m[K);
[7.328s]       |                                                                 [01;31m[K^~~~~~~~~~~~~[m[K
[7.328s] 
[30.175s] gmake[2]: *** [CMakeFiles/fastlio_mapping.dir/build.make:76：CMakeFiles/fastlio_mapping.dir/src/laserMapping.cpp.o] 错误 1
[30.175s] gmake[1]: *** [CMakeFiles/Makefile2:593：CMakeFiles/fastlio_mapping.dir/all] 错误 2
[30.175s] gmake: *** [Makefile:146：all] 错误 2
[30.178s] Invoked command in '/home/lx/ros2/ros/mid-70_ws/build/fast_lio' returned '2': CMAKE_PREFIX_PATH=${CMAKE_PREFIX_PATH}:/opt/ros/humble /usr/bin/cmake --build /home/lx/ros2/ros/mid-70_ws/build/fast_lio -- -j12 -l12
