[0.266s] DEBUG:colcon:Command line arguments: ['/usr/bin/colcon', 'build', '--symlink-install', '--event-handlers', 'console_cohesion+', '--base-paths', '/home/lx/ros/hellworld', '--cmake-args', '-DCMAKE_BUILD_TYPE=RelWithDebInfo']
[0.266s] DEBUG:colcon:Parsed command line arguments: Namespace(log_base=None, log_level=None, verb_name='build', build_base='build', install_base='install', merge_install=False, symlink_install=True, test_result_base=None, continue_on_error=False, executor='parallel', parallel_workers=12, event_handlers=['console_cohesion+'], ignore_user_meta=False, metas=['./colcon.meta'], base_paths=['/home/lx/ros/hellworld'], packages_ignore=None, packages_ignore_regex=None, paths=None, packages_up_to=None, packages_up_to_regex=None, packages_above=None, packages_above_and_dependencies=None, packages_above_depth=None, packages_select_by_dep=None, packages_skip_by_dep=None, packages_skip_up_to=None, packages_select_build_failed=False, packages_skip_build_finished=False, packages_select_test_failures=False, packages_skip_test_passed=False, packages_select=None, packages_skip=None, packages_select_regex=None, packages_skip_regex=None, packages_start=None, packages_end=None, allow_overriding=[], cmake_args=['-DCMAKE_BUILD_TYPE=RelWithDebInfo'], cmake_target=None, cmake_target_skip_unavailable=False, cmake_clean_cache=False, cmake_clean_first=False, cmake_force_configure=False, ament_cmake_args=None, catkin_cmake_args=None, catkin_skip_building_tests=False, verb_parser=<colcon_defaults.argument_parser.defaults.DefaultArgumentsDecorator object at 0x7f30747c19f0>, verb_extension=<colcon_core.verb.build.BuildVerb object at 0x7f3074fef1c0>, main=<bound method BuildVerb.main of <colcon_core.verb.build.BuildVerb object at 0x7f3074fef1c0>>)
[0.297s] Level 1:colcon.colcon_core.package_discovery:discover_packages(colcon_meta) check parameters
[0.297s] Level 1:colcon.colcon_core.package_discovery:discover_packages(recursive) check parameters
[0.297s] Level 1:colcon.colcon_core.package_discovery:discover_packages(ignore) check parameters
[0.297s] Level 1:colcon.colcon_core.package_discovery:discover_packages(path) check parameters
[0.297s] Level 1:colcon.colcon_core.package_discovery:discover_packages(recursive) discover
[0.297s] INFO:colcon.colcon_core.package_discovery:Crawling recursively for packages in '/home/lx/ros/hellworld'
[0.297s] Level 1:colcon.colcon_core.package_identification:_identify(/home/lx/ros/hellworld) by extensions ['ignore', 'ignore_ament_install']
[0.297s] Level 1:colcon.colcon_core.package_identification:_identify(/home/lx/ros/hellworld) by extension 'ignore'
[0.297s] Level 1:colcon.colcon_core.package_identification:_identify(/home/lx/ros/hellworld) by extension 'ignore_ament_install'
[0.297s] Level 1:colcon.colcon_core.package_identification:_identify(/home/lx/ros/hellworld) by extensions ['colcon_pkg']
[0.297s] Level 1:colcon.colcon_core.package_identification:_identify(/home/lx/ros/hellworld) by extension 'colcon_pkg'
[0.298s] Level 1:colcon.colcon_core.package_identification:_identify(/home/lx/ros/hellworld) by extensions ['colcon_meta']
[0.298s] Level 1:colcon.colcon_core.package_identification:_identify(/home/lx/ros/hellworld) by extension 'colcon_meta'
[0.298s] Level 1:colcon.colcon_core.package_identification:_identify(/home/lx/ros/hellworld) by extensions ['ros']
[0.298s] Level 1:colcon.colcon_core.package_identification:_identify(/home/lx/ros/hellworld) by extension 'ros'
[0.308s] Level 1:colcon.colcon_core.package_identification:_identify(/home/lx/ros/hellworld) by extensions ['cmake', 'python']
[0.308s] Level 1:colcon.colcon_core.package_identification:_identify(/home/lx/ros/hellworld) by extension 'cmake'
[0.308s] Level 1:colcon.colcon_core.package_identification:_identify(/home/lx/ros/hellworld) by extension 'python'
[0.308s] Level 1:colcon.colcon_core.package_identification:_identify(/home/lx/ros/hellworld) by extensions ['python_setup_py']
[0.308s] Level 1:colcon.colcon_core.package_identification:_identify(/home/lx/ros/hellworld) by extension 'python_setup_py'
[0.308s] Level 1:colcon.colcon_core.package_identification:_identify(/home/lx/ros/hellworld/build) by extensions ['ignore', 'ignore_ament_install']
[0.308s] Level 1:colcon.colcon_core.package_identification:_identify(/home/lx/ros/hellworld/build) by extension 'ignore'
[0.308s] Level 1:colcon.colcon_core.package_identification:_identify(/home/lx/ros/hellworld/build) ignored
[0.308s] Level 1:colcon.colcon_core.package_identification:_identify(/home/lx/ros/hellworld/install) by extensions ['ignore', 'ignore_ament_install']
[0.308s] Level 1:colcon.colcon_core.package_identification:_identify(/home/lx/ros/hellworld/install) by extension 'ignore'
[0.309s] Level 1:colcon.colcon_core.package_identification:_identify(/home/lx/ros/hellworld/install) ignored
[0.309s] Level 1:colcon.colcon_core.package_identification:_identify(/home/lx/ros/hellworld/log) by extensions ['ignore', 'ignore_ament_install']
[0.309s] Level 1:colcon.colcon_core.package_identification:_identify(/home/lx/ros/hellworld/log) by extension 'ignore'
[0.309s] Level 1:colcon.colcon_core.package_identification:_identify(/home/lx/ros/hellworld/log) ignored
[0.309s] Level 1:colcon.colcon_core.package_identification:_identify(/home/lx/ros/hellworld/src) by extensions ['ignore', 'ignore_ament_install']
[0.309s] Level 1:colcon.colcon_core.package_identification:_identify(/home/lx/ros/hellworld/src) by extension 'ignore'
[0.309s] Level 1:colcon.colcon_core.package_identification:_identify(/home/lx/ros/hellworld/src) by extension 'ignore_ament_install'
[0.309s] Level 1:colcon.colcon_core.package_identification:_identify(/home/lx/ros/hellworld/src) by extensions ['colcon_pkg']
[0.309s] Level 1:colcon.colcon_core.package_identification:_identify(/home/lx/ros/hellworld/src) by extension 'colcon_pkg'
[0.309s] Level 1:colcon.colcon_core.package_identification:_identify(/home/lx/ros/hellworld/src) by extensions ['colcon_meta']
[0.309s] Level 1:colcon.colcon_core.package_identification:_identify(/home/lx/ros/hellworld/src) by extension 'colcon_meta'
[0.309s] Level 1:colcon.colcon_core.package_identification:_identify(/home/lx/ros/hellworld/src) by extensions ['ros']
[0.309s] Level 1:colcon.colcon_core.package_identification:_identify(/home/lx/ros/hellworld/src) by extension 'ros'
[0.309s] Level 1:colcon.colcon_core.package_identification:_identify(/home/lx/ros/hellworld/src) by extensions ['cmake', 'python']
[0.309s] Level 1:colcon.colcon_core.package_identification:_identify(/home/lx/ros/hellworld/src) by extension 'cmake'
[0.309s] Level 1:colcon.colcon_core.package_identification:_identify(/home/lx/ros/hellworld/src) by extension 'python'
[0.309s] Level 1:colcon.colcon_core.package_identification:_identify(/home/lx/ros/hellworld/src) by extensions ['python_setup_py']
[0.309s] Level 1:colcon.colcon_core.package_identification:_identify(/home/lx/ros/hellworld/src) by extension 'python_setup_py'
[0.309s] Level 1:colcon.colcon_core.package_identification:_identify(/home/lx/ros/hellworld/src/build) by extensions ['ignore', 'ignore_ament_install']
[0.309s] Level 1:colcon.colcon_core.package_identification:_identify(/home/lx/ros/hellworld/src/build) by extension 'ignore'
[0.310s] Level 1:colcon.colcon_core.package_identification:_identify(/home/lx/ros/hellworld/src/build) ignored
[0.310s] Level 1:colcon.colcon_core.package_identification:_identify(/home/lx/ros/hellworld/src/demo1) by extensions ['ignore', 'ignore_ament_install']
[0.310s] Level 1:colcon.colcon_core.package_identification:_identify(/home/lx/ros/hellworld/src/demo1) by extension 'ignore'
[0.310s] Level 1:colcon.colcon_core.package_identification:_identify(/home/lx/ros/hellworld/src/demo1) by extension 'ignore_ament_install'
[0.310s] Level 1:colcon.colcon_core.package_identification:_identify(/home/lx/ros/hellworld/src/demo1) by extensions ['colcon_pkg']
[0.310s] Level 1:colcon.colcon_core.package_identification:_identify(/home/lx/ros/hellworld/src/demo1) by extension 'colcon_pkg'
[0.310s] Level 1:colcon.colcon_core.package_identification:_identify(/home/lx/ros/hellworld/src/demo1) by extensions ['colcon_meta']
[0.310s] Level 1:colcon.colcon_core.package_identification:_identify(/home/lx/ros/hellworld/src/demo1) by extension 'colcon_meta'
[0.310s] Level 1:colcon.colcon_core.package_identification:_identify(/home/lx/ros/hellworld/src/demo1) by extensions ['ros']
[0.310s] Level 1:colcon.colcon_core.package_identification:_identify(/home/lx/ros/hellworld/src/demo1) by extension 'ros'
[0.312s] DEBUG:colcon.colcon_core.package_identification:Package '/home/lx/ros/hellworld/src/demo1' with type 'ros.cmake' and name 'demo1'
[0.312s] Level 1:colcon.colcon_core.package_identification:_identify(/home/lx/ros/hellworld/src/helloworld) by extensions ['ignore', 'ignore_ament_install']
[0.313s] Level 1:colcon.colcon_core.package_identification:_identify(/home/lx/ros/hellworld/src/helloworld) by extension 'ignore'
[0.313s] Level 1:colcon.colcon_core.package_identification:_identify(/home/lx/ros/hellworld/src/helloworld) by extension 'ignore_ament_install'
[0.313s] Level 1:colcon.colcon_core.package_identification:_identify(/home/lx/ros/hellworld/src/helloworld) by extensions ['colcon_pkg']
[0.313s] Level 1:colcon.colcon_core.package_identification:_identify(/home/lx/ros/hellworld/src/helloworld) by extension 'colcon_pkg'
[0.313s] Level 1:colcon.colcon_core.package_identification:_identify(/home/lx/ros/hellworld/src/helloworld) by extensions ['colcon_meta']
[0.313s] Level 1:colcon.colcon_core.package_identification:_identify(/home/lx/ros/hellworld/src/helloworld) by extension 'colcon_meta'
[0.313s] Level 1:colcon.colcon_core.package_identification:_identify(/home/lx/ros/hellworld/src/helloworld) by extensions ['ros']
[0.313s] Level 1:colcon.colcon_core.package_identification:_identify(/home/lx/ros/hellworld/src/helloworld) by extension 'ros'
[0.314s] DEBUG:colcon.colcon_core.package_identification:Package '/home/lx/ros/hellworld/src/helloworld' with type 'ros.ament_cmake' and name 'helloworld'
[0.314s] Level 1:colcon.colcon_core.package_identification:_identify(/home/lx/ros/hellworld/src/install) by extensions ['ignore', 'ignore_ament_install']
[0.314s] Level 1:colcon.colcon_core.package_identification:_identify(/home/lx/ros/hellworld/src/install) by extension 'ignore'
[0.314s] Level 1:colcon.colcon_core.package_identification:_identify(/home/lx/ros/hellworld/src/install) ignored
[0.314s] Level 1:colcon.colcon_core.package_identification:_identify(/home/lx/ros/hellworld/src/log) by extensions ['ignore', 'ignore_ament_install']
[0.314s] Level 1:colcon.colcon_core.package_identification:_identify(/home/lx/ros/hellworld/src/log) by extension 'ignore'
[0.314s] Level 1:colcon.colcon_core.package_identification:_identify(/home/lx/ros/hellworld/src/log) ignored
[0.314s] Level 1:colcon.colcon_core.package_discovery:discover_packages(recursive) using defaults
[0.335s] Level 1:colcon.colcon_core.package_discovery:discover_packages(prefix_path) check parameters
[0.335s] Level 1:colcon.colcon_core.package_discovery:discover_packages(prefix_path) discover
[0.337s] DEBUG:colcon.colcon_installed_package_information.package_discovery:Found 2 installed packages in /home/lx/ros/hellworld/install
[0.339s] DEBUG:colcon.colcon_installed_package_information.package_discovery:Found 270 installed packages in /opt/ros/humble
[0.340s] Level 1:colcon.colcon_core.package_discovery:discover_packages(prefix_path) using defaults
[0.393s] Level 5:colcon.colcon_core.verb:set package 'demo1' build argument 'cmake_args' from command line to '['-DCMAKE_BUILD_TYPE=RelWithDebInfo']'
[0.393s] Level 5:colcon.colcon_core.verb:set package 'demo1' build argument 'cmake_target' from command line to 'None'
[0.393s] Level 5:colcon.colcon_core.verb:set package 'demo1' build argument 'cmake_target_skip_unavailable' from command line to 'False'
[0.393s] Level 5:colcon.colcon_core.verb:set package 'demo1' build argument 'cmake_clean_cache' from command line to 'False'
[0.393s] Level 5:colcon.colcon_core.verb:set package 'demo1' build argument 'cmake_clean_first' from command line to 'False'
[0.393s] Level 5:colcon.colcon_core.verb:set package 'demo1' build argument 'cmake_force_configure' from command line to 'False'
[0.393s] Level 5:colcon.colcon_core.verb:set package 'demo1' build argument 'ament_cmake_args' from command line to 'None'
[0.393s] Level 5:colcon.colcon_core.verb:set package 'demo1' build argument 'catkin_cmake_args' from command line to 'None'
[0.393s] Level 5:colcon.colcon_core.verb:set package 'demo1' build argument 'catkin_skip_building_tests' from command line to 'False'
[0.393s] DEBUG:colcon.colcon_core.verb:Building package 'demo1' with the following arguments: {'ament_cmake_args': None, 'build_base': '/home/lx/ros/hellworld/build/demo1', 'catkin_cmake_args': None, 'catkin_skip_building_tests': False, 'cmake_args': ['-DCMAKE_BUILD_TYPE=RelWithDebInfo'], 'cmake_clean_cache': False, 'cmake_clean_first': False, 'cmake_force_configure': False, 'cmake_target': None, 'cmake_target_skip_unavailable': False, 'install_base': '/home/lx/ros/hellworld/install/demo1', 'merge_install': False, 'path': '/home/lx/ros/hellworld/src/demo1', 'symlink_install': True, 'test_result_base': None}
[0.394s] Level 5:colcon.colcon_core.verb:set package 'helloworld' build argument 'cmake_args' from command line to '['-DCMAKE_BUILD_TYPE=RelWithDebInfo']'
[0.394s] Level 5:colcon.colcon_core.verb:set package 'helloworld' build argument 'cmake_target' from command line to 'None'
[0.394s] Level 5:colcon.colcon_core.verb:set package 'helloworld' build argument 'cmake_target_skip_unavailable' from command line to 'False'
[0.394s] Level 5:colcon.colcon_core.verb:set package 'helloworld' build argument 'cmake_clean_cache' from command line to 'False'
[0.394s] Level 5:colcon.colcon_core.verb:set package 'helloworld' build argument 'cmake_clean_first' from command line to 'False'
[0.394s] Level 5:colcon.colcon_core.verb:set package 'helloworld' build argument 'cmake_force_configure' from command line to 'False'
[0.394s] Level 5:colcon.colcon_core.verb:set package 'helloworld' build argument 'ament_cmake_args' from command line to 'None'
[0.394s] Level 5:colcon.colcon_core.verb:set package 'helloworld' build argument 'catkin_cmake_args' from command line to 'None'
[0.394s] Level 5:colcon.colcon_core.verb:set package 'helloworld' build argument 'catkin_skip_building_tests' from command line to 'False'
[0.394s] DEBUG:colcon.colcon_core.verb:Building package 'helloworld' with the following arguments: {'ament_cmake_args': None, 'build_base': '/home/lx/ros/hellworld/build/helloworld', 'catkin_cmake_args': None, 'catkin_skip_building_tests': False, 'cmake_args': ['-DCMAKE_BUILD_TYPE=RelWithDebInfo'], 'cmake_clean_cache': False, 'cmake_clean_first': False, 'cmake_force_configure': False, 'cmake_target': None, 'cmake_target_skip_unavailable': False, 'install_base': '/home/lx/ros/hellworld/install/helloworld', 'merge_install': False, 'path': '/home/lx/ros/hellworld/src/helloworld', 'symlink_install': True, 'test_result_base': None}
[0.395s] INFO:colcon.colcon_core.executor:Executing jobs using 'parallel' executor
[0.398s] DEBUG:colcon.colcon_parallel_executor.executor.parallel:run_until_complete
[0.398s] INFO:colcon.colcon_ros.task.cmake.build:Building ROS package in '/home/lx/ros/hellworld/src/demo1' with build type 'cmake'
[0.398s] INFO:colcon.colcon_cmake.task.cmake.build:Building CMake package in '/home/lx/ros/hellworld/src/demo1'
[0.402s] INFO:colcon.colcon_core.plugin_system:Skipping extension 'colcon_core.shell.bat': Not used on non-Windows systems
[0.402s] INFO:colcon.colcon_core.shell:Skip shell extension 'powershell' for command environment: Not usable outside of PowerShell
[0.402s] DEBUG:colcon.colcon_core.shell:Skip shell extension 'dsv' for command environment
[0.407s] INFO:colcon.colcon_ros.task.ament_cmake.build:Building ROS package in '/home/lx/ros/hellworld/src/helloworld' with build type 'ament_cmake'
[0.407s] INFO:colcon.colcon_cmake.task.cmake.build:Building CMake package in '/home/lx/ros/hellworld/src/helloworld'
[0.409s] INFO:colcon.colcon_core.shell:Skip shell extension 'powershell' for command environment: Not usable outside of PowerShell
[0.409s] DEBUG:colcon.colcon_core.shell:Skip shell extension 'dsv' for command environment
[0.416s] DEBUG:colcon.colcon_core.event_handler.log_command:Invoking command in '/home/lx/ros/hellworld/build/demo1': CMAKE_PREFIX_PATH=${CMAKE_PREFIX_PATH}:/opt/ros/humble /usr/bin/cmake /home/lx/ros/hellworld/src/demo1 -DCMAKE_BUILD_TYPE=RelWithDebInfo -DCMAKE_INSTALL_PREFIX=/home/lx/ros/hellworld/install/demo1
[0.421s] DEBUG:colcon.colcon_core.event_handler.log_command:Invoking command in '/home/lx/ros/hellworld/build/helloworld': CMAKE_PREFIX_PATH=${CMAKE_PREFIX_PATH}:/opt/ros/humble /usr/bin/cmake /home/lx/ros/hellworld/src/helloworld -DCMAKE_BUILD_TYPE=RelWithDebInfo -DAMENT_CMAKE_SYMLINK_INSTALL=1 -DCMAKE_INSTALL_PREFIX=/home/lx/ros/hellworld/install/helloworld
[0.909s] DEBUG:colcon.colcon_core.event_handler.log_command:Invoked command in '/home/lx/ros/hellworld/build/demo1' returned '0': CMAKE_PREFIX_PATH=${CMAKE_PREFIX_PATH}:/opt/ros/humble /usr/bin/cmake /home/lx/ros/hellworld/src/demo1 -DCMAKE_BUILD_TYPE=RelWithDebInfo -DCMAKE_INSTALL_PREFIX=/home/lx/ros/hellworld/install/demo1
[0.910s] DEBUG:colcon.colcon_core.event_handler.log_command:Invoking command in '/home/lx/ros/hellworld/build/demo1': CMAKE_PREFIX_PATH=${CMAKE_PREFIX_PATH}:/opt/ros/humble /usr/bin/cmake --build /home/lx/ros/hellworld/build/demo1 -- -j12 -l12
[0.938s] DEBUG:colcon.colcon_core.event_handler.log_command:Invoked command in '/home/lx/ros/hellworld/build/demo1' returned '0': CMAKE_PREFIX_PATH=${CMAKE_PREFIX_PATH}:/opt/ros/humble /usr/bin/cmake --build /home/lx/ros/hellworld/build/demo1 -- -j12 -l12
[0.950s] WARNING:colcon.colcon_cmake.task.cmake.build:Could not run installation step for package 'demo1' because it has no 'install' target
[0.962s] Level 1:colcon.colcon_core.environment:create_environment_scripts_only(demo1)
[0.967s] Level 1:colcon.colcon_core.environment:checking '/home/lx/ros/hellworld/install/demo1' for CMake module files
[0.967s] Level 1:colcon.colcon_core.environment:checking '/home/lx/ros/hellworld/install/demo1' for CMake config files
[0.968s] Level 1:colcon.colcon_core.environment:checking '/home/lx/ros/hellworld/install/demo1/bin'
[0.968s] Level 1:colcon.colcon_core.environment:checking '/home/lx/ros/hellworld/install/demo1/lib/pkgconfig/demo1.pc'
[0.968s] Level 1:colcon.colcon_core.environment:checking '/home/lx/ros/hellworld/install/demo1/lib/python3.10/site-packages'
[0.968s] Level 1:colcon.colcon_core.environment:checking '/home/lx/ros/hellworld/install/demo1/bin'
[0.969s] INFO:colcon.colcon_core.shell:Creating package script '/home/lx/ros/hellworld/install/demo1/share/demo1/package.ps1'
[0.970s] INFO:colcon.colcon_core.shell:Creating package descriptor '/home/lx/ros/hellworld/install/demo1/share/demo1/package.dsv'
[0.970s] INFO:colcon.colcon_core.shell:Creating package script '/home/lx/ros/hellworld/install/demo1/share/demo1/package.sh'
[0.971s] INFO:colcon.colcon_core.shell:Creating package script '/home/lx/ros/hellworld/install/demo1/share/demo1/package.bash'
[0.971s] INFO:colcon.colcon_core.shell:Creating package script '/home/lx/ros/hellworld/install/demo1/share/demo1/package.zsh'
[0.972s] Level 1:colcon.colcon_core.environment:create_file_with_runtime_dependencies(/home/lx/ros/hellworld/install/demo1/share/colcon-core/packages/demo1)
[0.984s] DEBUG:colcon.colcon_core.event_handler.log_command:Invoked command in '/home/lx/ros/hellworld/build/helloworld' returned '0': CMAKE_PREFIX_PATH=${CMAKE_PREFIX_PATH}:/opt/ros/humble /usr/bin/cmake /home/lx/ros/hellworld/src/helloworld -DCMAKE_BUILD_TYPE=RelWithDebInfo -DAMENT_CMAKE_SYMLINK_INSTALL=1 -DCMAKE_INSTALL_PREFIX=/home/lx/ros/hellworld/install/helloworld
[0.985s] DEBUG:colcon.colcon_core.event_handler.log_command:Invoking command in '/home/lx/ros/hellworld/build/helloworld': CMAKE_PREFIX_PATH=${CMAKE_PREFIX_PATH}:/opt/ros/humble /usr/bin/cmake --build /home/lx/ros/hellworld/build/helloworld -- -j12 -l12
[4.358s] DEBUG:colcon.colcon_core.event_handler.log_command:Invoked command in '/home/lx/ros/hellworld/build/helloworld' returned '0': CMAKE_PREFIX_PATH=${CMAKE_PREFIX_PATH}:/opt/ros/humble /usr/bin/cmake --build /home/lx/ros/hellworld/build/helloworld -- -j12 -l12
[4.379s] DEBUG:colcon.colcon_core.event_handler.log_command:Invoking command in '/home/lx/ros/hellworld/build/helloworld': CMAKE_PREFIX_PATH=${CMAKE_PREFIX_PATH}:/opt/ros/humble /usr/bin/cmake --install /home/lx/ros/hellworld/build/helloworld
[4.393s] Level 1:colcon.colcon_core.environment:create_environment_scripts_only(helloworld)
[4.395s] Level 1:colcon.colcon_core.environment:checking '/home/lx/ros/hellworld/install/helloworld' for CMake module files
[4.395s] DEBUG:colcon.colcon_core.event_handler.log_command:Invoked command in '/home/lx/ros/hellworld/build/helloworld' returned '0': CMAKE_PREFIX_PATH=${CMAKE_PREFIX_PATH}:/opt/ros/humble /usr/bin/cmake --install /home/lx/ros/hellworld/build/helloworld
[4.396s] Level 1:colcon.colcon_core.environment:checking '/home/lx/ros/hellworld/install/helloworld' for CMake config files
[4.396s] Level 1:colcon.colcon_core.shell:create_environment_hook('helloworld', 'cmake_prefix_path')
[4.397s] INFO:colcon.colcon_core.shell:Creating environment hook '/home/lx/ros/hellworld/install/helloworld/share/helloworld/hook/cmake_prefix_path.ps1'
[4.397s] INFO:colcon.colcon_core.shell:Creating environment descriptor '/home/lx/ros/hellworld/install/helloworld/share/helloworld/hook/cmake_prefix_path.dsv'
[4.398s] INFO:colcon.colcon_core.shell:Creating environment hook '/home/lx/ros/hellworld/install/helloworld/share/helloworld/hook/cmake_prefix_path.sh'
[4.398s] Level 1:colcon.colcon_core.environment:checking '/home/lx/ros/hellworld/install/helloworld/lib'
[4.398s] Level 1:colcon.colcon_core.environment:checking '/home/lx/ros/hellworld/install/helloworld/bin'
[4.398s] Level 1:colcon.colcon_core.environment:checking '/home/lx/ros/hellworld/install/helloworld/lib/pkgconfig/helloworld.pc'
[4.399s] Level 1:colcon.colcon_core.environment:checking '/home/lx/ros/hellworld/install/helloworld/lib/python3.10/site-packages'
[4.399s] Level 1:colcon.colcon_core.environment:checking '/home/lx/ros/hellworld/install/helloworld/bin'
[4.400s] INFO:colcon.colcon_core.shell:Creating package script '/home/lx/ros/hellworld/install/helloworld/share/helloworld/package.ps1'
[4.400s] INFO:colcon.colcon_core.shell:Creating package descriptor '/home/lx/ros/hellworld/install/helloworld/share/helloworld/package.dsv'
[4.400s] INFO:colcon.colcon_core.shell:Creating package script '/home/lx/ros/hellworld/install/helloworld/share/helloworld/package.sh'
[4.401s] INFO:colcon.colcon_core.shell:Creating package script '/home/lx/ros/hellworld/install/helloworld/share/helloworld/package.bash'
[4.401s] INFO:colcon.colcon_core.shell:Creating package script '/home/lx/ros/hellworld/install/helloworld/share/helloworld/package.zsh'
[4.401s] Level 1:colcon.colcon_core.environment:create_file_with_runtime_dependencies(/home/lx/ros/hellworld/install/helloworld/share/colcon-core/packages/helloworld)
[4.416s] Level 1:colcon.colcon_core.environment:create_environment_scripts_only(helloworld)
[4.418s] Level 1:colcon.colcon_core.environment:checking '/home/lx/ros/hellworld/install/helloworld' for CMake module files
[4.418s] Level 1:colcon.colcon_core.environment:checking '/home/lx/ros/hellworld/install/helloworld' for CMake config files
[4.419s] Level 1:colcon.colcon_core.shell:create_environment_hook('helloworld', 'cmake_prefix_path')
[4.420s] INFO:colcon.colcon_core.shell:Creating environment hook '/home/lx/ros/hellworld/install/helloworld/share/helloworld/hook/cmake_prefix_path.ps1'
[4.420s] INFO:colcon.colcon_core.shell:Creating environment descriptor '/home/lx/ros/hellworld/install/helloworld/share/helloworld/hook/cmake_prefix_path.dsv'
[4.420s] INFO:colcon.colcon_core.shell:Creating environment hook '/home/lx/ros/hellworld/install/helloworld/share/helloworld/hook/cmake_prefix_path.sh'
[4.421s] Level 1:colcon.colcon_core.environment:checking '/home/lx/ros/hellworld/install/helloworld/lib'
[4.421s] Level 1:colcon.colcon_core.environment:checking '/home/lx/ros/hellworld/install/helloworld/bin'
[4.421s] Level 1:colcon.colcon_core.environment:checking '/home/lx/ros/hellworld/install/helloworld/lib/pkgconfig/helloworld.pc'
[4.421s] Level 1:colcon.colcon_core.environment:checking '/home/lx/ros/hellworld/install/helloworld/lib/python3.10/site-packages'
[4.421s] Level 1:colcon.colcon_core.environment:checking '/home/lx/ros/hellworld/install/helloworld/bin'
[4.422s] INFO:colcon.colcon_core.shell:Creating package script '/home/lx/ros/hellworld/install/helloworld/share/helloworld/package.ps1'
[4.423s] INFO:colcon.colcon_core.shell:Creating package descriptor '/home/lx/ros/hellworld/install/helloworld/share/helloworld/package.dsv'
[4.423s] INFO:colcon.colcon_core.shell:Creating package script '/home/lx/ros/hellworld/install/helloworld/share/helloworld/package.sh'
[4.423s] INFO:colcon.colcon_core.shell:Creating package script '/home/lx/ros/hellworld/install/helloworld/share/helloworld/package.bash'
[4.424s] INFO:colcon.colcon_core.shell:Creating package script '/home/lx/ros/hellworld/install/helloworld/share/helloworld/package.zsh'
[4.424s] Level 1:colcon.colcon_core.environment:create_file_with_runtime_dependencies(/home/lx/ros/hellworld/install/helloworld/share/colcon-core/packages/helloworld)
[4.424s] DEBUG:colcon.colcon_parallel_executor.executor.parallel:closing loop
[4.424s] DEBUG:colcon.colcon_parallel_executor.executor.parallel:loop closed
[4.425s] DEBUG:colcon.colcon_parallel_executor.executor.parallel:run_until_complete finished with '0'
[4.425s] DEBUG:colcon.colcon_core.event_reactor:joining thread
[4.429s] INFO:colcon.colcon_core.plugin_system:Skipping extension 'colcon_notification.desktop_notification.terminal_notifier': Not used on non-Darwin systems
[4.429s] INFO:colcon.colcon_core.plugin_system:Skipping extension 'colcon_notification.desktop_notification.win32': Not used on non-Windows systems
[4.429s] INFO:colcon.colcon_notification.desktop_notification:Sending desktop notification using 'notify2'
[4.438s] DEBUG:colcon.colcon_core.event_reactor:joined thread
[4.439s] INFO:colcon.colcon_core.shell:Creating prefix script '/home/lx/ros/hellworld/install/local_setup.ps1'
[4.440s] INFO:colcon.colcon_core.shell:Creating prefix util module '/home/lx/ros/hellworld/install/_local_setup_util_ps1.py'
[4.441s] INFO:colcon.colcon_core.shell:Creating prefix chain script '/home/lx/ros/hellworld/install/setup.ps1'
[4.443s] INFO:colcon.colcon_core.shell:Creating prefix script '/home/lx/ros/hellworld/install/local_setup.sh'
[4.443s] INFO:colcon.colcon_core.shell:Creating prefix util module '/home/lx/ros/hellworld/install/_local_setup_util_sh.py'
[4.443s] INFO:colcon.colcon_core.shell:Creating prefix chain script '/home/lx/ros/hellworld/install/setup.sh'
[4.444s] INFO:colcon.colcon_core.shell:Creating prefix script '/home/lx/ros/hellworld/install/local_setup.bash'
[4.445s] INFO:colcon.colcon_core.shell:Creating prefix chain script '/home/lx/ros/hellworld/install/setup.bash'
[4.446s] INFO:colcon.colcon_core.shell:Creating prefix script '/home/lx/ros/hellworld/install/local_setup.zsh'
[4.446s] INFO:colcon.colcon_core.shell:Creating prefix chain script '/home/lx/ros/hellworld/install/setup.zsh'
