[0.060s] Invoking command in '/home/lx/ros2/ros/mid-360_ws/build/pointcloud_to_laserscan': CMAKE_PREFIX_PATH=${CMAKE_PREFIX_PATH}:/opt/ros/humble /usr/bin/cmake --build /home/lx/ros2/ros/mid-360_ws/build/pointcloud_to_laserscan -- -j12 -l12
[0.103s] [ 20%] Built target pointcloud_to_laserscan_node
[0.108s] [ 40%] Built target laserscan_to_pointcloud_node
[0.112s] [ 60%] Built target laserscan_to_pointcloud
[0.139s] [ 70%] [32mBuilding CXX object CMakeFiles/pointcloud_to_laserscan.dir/src/pointcloud_to_laserscan_node.cpp.o[0m
[10.540s] [ 80%] [32m[1mLinking CXX shared library libpointcloud_to_laserscan.so[0m
[11.177s] [ 80%] Built target pointcloud_to_laserscan
[11.195s] [ 90%] [32m[1mLinking CXX executable dummy_pointcloud_publisher[0m
[11.447s] [100%] Built target dummy_pointcloud_publisher
[11.455s] Invoked command in '/home/lx/ros2/ros/mid-360_ws/build/pointcloud_to_laserscan' returned '0': CMAKE_PREFIX_PATH=${CMAKE_PREFIX_PATH}:/opt/ros/humble /usr/bin/cmake --build /home/lx/ros2/ros/mid-360_ws/build/pointcloud_to_laserscan -- -j12 -l12
[11.479s] Invoking command in '/home/lx/ros2/ros/mid-360_ws/build/pointcloud_to_laserscan': CMAKE_PREFIX_PATH=${CMAKE_PREFIX_PATH}:/opt/ros/humble /usr/bin/cmake --install /home/lx/ros2/ros/mid-360_ws/build/pointcloud_to_laserscan
[11.485s] -- Install configuration: ""
[11.485s] -- Up-to-date: /home/lx/ros2/ros/mid-360_ws/install/pointcloud_to_laserscan/lib/pointcloud_to_laserscan/laserscan_to_pointcloud_node
[11.485s] -- Up-to-date: /home/lx/ros2/ros/mid-360_ws/install/pointcloud_to_laserscan/lib/pointcloud_to_laserscan/pointcloud_to_laserscan_node
[11.485s] -- Up-to-date: /home/lx/ros2/ros/mid-360_ws/install/pointcloud_to_laserscan/include
[11.486s] -- Up-to-date: /home/lx/ros2/ros/mid-360_ws/install/pointcloud_to_laserscan/include/pointcloud_to_laserscan
[11.486s] -- Up-to-date: /home/lx/ros2/ros/mid-360_ws/install/pointcloud_to_laserscan/include/pointcloud_to_laserscan/visibility_control.h
[11.486s] -- Up-to-date: /home/lx/ros2/ros/mid-360_ws/install/pointcloud_to_laserscan/include/pointcloud_to_laserscan/pointcloud_to_laserscan_node.hpp
[11.486s] -- Up-to-date: /home/lx/ros2/ros/mid-360_ws/install/pointcloud_to_laserscan/include/pointcloud_to_laserscan/laserscan_to_pointcloud_node.hpp
[11.486s] -- Up-to-date: /home/lx/ros2/ros/mid-360_ws/install/pointcloud_to_laserscan/share/pointcloud_to_laserscan/environment/library_path.sh
[11.486s] -- Up-to-date: /home/lx/ros2/ros/mid-360_ws/install/pointcloud_to_laserscan/share/pointcloud_to_laserscan/environment/library_path.dsv
[11.486s] -- Up-to-date: /home/lx/ros2/ros/mid-360_ws/install/pointcloud_to_laserscan/lib/liblaserscan_to_pointcloud.so
[11.486s] -- Installing: /home/lx/ros2/ros/mid-360_ws/install/pointcloud_to_laserscan/lib/libpointcloud_to_laserscan.so
[11.492s] -- Set runtime path of "/home/lx/ros2/ros/mid-360_ws/install/pointcloud_to_laserscan/lib/libpointcloud_to_laserscan.so" to ""
[11.493s] -- Installing: /home/lx/ros2/ros/mid-360_ws/install/pointcloud_to_laserscan/lib/pointcloud_to_laserscan/dummy_pointcloud_publisher
[11.494s] -- Set runtime path of "/home/lx/ros2/ros/mid-360_ws/install/pointcloud_to_laserscan/lib/pointcloud_to_laserscan/dummy_pointcloud_publisher" to ""
[11.494s] -- Up-to-date: /home/lx/ros2/ros/mid-360_ws/install/pointcloud_to_laserscan/share/pointcloud_to_laserscan/launch
[11.494s] -- Installing: /home/lx/ros2/ros/mid-360_ws/install/pointcloud_to_laserscan/share/pointcloud_to_laserscan/launch/sample_pointcloud_to_laserscan_launch.py
[11.494s] -- Up-to-date: /home/lx/ros2/ros/mid-360_ws/install/pointcloud_to_laserscan/share/pointcloud_to_laserscan/launch/sample_laserscan_to_pointcloud_launch.py
[11.494s] -- Up-to-date: /home/lx/ros2/ros/mid-360_ws/install/pointcloud_to_laserscan/share/ament_index/resource_index/package_run_dependencies/pointcloud_to_laserscan
[11.494s] -- Up-to-date: /home/lx/ros2/ros/mid-360_ws/install/pointcloud_to_laserscan/share/ament_index/resource_index/parent_prefix_path/pointcloud_to_laserscan
[11.494s] -- Up-to-date: /home/lx/ros2/ros/mid-360_ws/install/pointcloud_to_laserscan/share/pointcloud_to_laserscan/environment/ament_prefix_path.sh
[11.494s] -- Up-to-date: /home/lx/ros2/ros/mid-360_ws/install/pointcloud_to_laserscan/share/pointcloud_to_laserscan/environment/ament_prefix_path.dsv
[11.494s] -- Up-to-date: /home/lx/ros2/ros/mid-360_ws/install/pointcloud_to_laserscan/share/pointcloud_to_laserscan/environment/path.sh
[11.494s] -- Up-to-date: /home/lx/ros2/ros/mid-360_ws/install/pointcloud_to_laserscan/share/pointcloud_to_laserscan/environment/path.dsv
[11.494s] -- Up-to-date: /home/lx/ros2/ros/mid-360_ws/install/pointcloud_to_laserscan/share/pointcloud_to_laserscan/local_setup.bash
[11.494s] -- Up-to-date: /home/lx/ros2/ros/mid-360_ws/install/pointcloud_to_laserscan/share/pointcloud_to_laserscan/local_setup.sh
[11.494s] -- Up-to-date: /home/lx/ros2/ros/mid-360_ws/install/pointcloud_to_laserscan/share/pointcloud_to_laserscan/local_setup.zsh
[11.495s] -- Up-to-date: /home/lx/ros2/ros/mid-360_ws/install/pointcloud_to_laserscan/share/pointcloud_to_laserscan/local_setup.dsv
[11.495s] -- Installing: /home/lx/ros2/ros/mid-360_ws/install/pointcloud_to_laserscan/share/pointcloud_to_laserscan/package.dsv
[11.495s] -- Up-to-date: /home/lx/ros2/ros/mid-360_ws/install/pointcloud_to_laserscan/share/ament_index/resource_index/packages/pointcloud_to_laserscan
[11.495s] -- Up-to-date: /home/lx/ros2/ros/mid-360_ws/install/pointcloud_to_laserscan/share/ament_index/resource_index/rclcpp_components/pointcloud_to_laserscan
[11.495s] -- Up-to-date: /home/lx/ros2/ros/mid-360_ws/install/pointcloud_to_laserscan/share/pointcloud_to_laserscan/cmake/ament_cmake_export_dependencies-extras.cmake
[11.495s] -- Up-to-date: /home/lx/ros2/ros/mid-360_ws/install/pointcloud_to_laserscan/share/pointcloud_to_laserscan/cmake/ament_cmake_export_include_directories-extras.cmake
[11.495s] -- Up-to-date: /home/lx/ros2/ros/mid-360_ws/install/pointcloud_to_laserscan/share/pointcloud_to_laserscan/cmake/ament_cmake_export_libraries-extras.cmake
[11.495s] -- Up-to-date: /home/lx/ros2/ros/mid-360_ws/install/pointcloud_to_laserscan/share/pointcloud_to_laserscan/cmake/pointcloud_to_laserscanConfig.cmake
[11.495s] -- Up-to-date: /home/lx/ros2/ros/mid-360_ws/install/pointcloud_to_laserscan/share/pointcloud_to_laserscan/cmake/pointcloud_to_laserscanConfig-version.cmake
[11.495s] -- Up-to-date: /home/lx/ros2/ros/mid-360_ws/install/pointcloud_to_laserscan/share/pointcloud_to_laserscan/package.xml
[11.496s] Invoked command in '/home/lx/ros2/ros/mid-360_ws/build/pointcloud_to_laserscan' returned '0': CMAKE_PREFIX_PATH=${CMAKE_PREFIX_PATH}:/opt/ros/humble /usr/bin/cmake --install /home/lx/ros2/ros/mid-360_ws/build/pointcloud_to_laserscan
