[0.110s] Invoking command in '/home/lx/ros2/ros/mid-70_ws/build/livox_sdk_vendor': CMAKE_PREFIX_PATH=${CMAKE_PREFIX_PATH}:/opt/ros/humble /usr/bin/cmake /home/lx/ros2/ros/mid-70_ws/src/livox_ros2_driver/livox_sdk_vendor -DAMENT_CMAKE_SYMLINK_INSTALL=1 -DCMAKE_INSTALL_PREFIX=/home/lx/ros2/ros/mid-70_ws/install/livox_sdk_vendor
[0.119s] -- Found ament_cmake: 1.3.5 (/opt/ros/humble/share/ament_cmake/cmake)
[0.229s] -- Override CMake install command with custom implementation using symlinks instead of copying resources
[0.289s] -- Configuring done
[0.292s] -- Generating done
[0.293s] -- Build files have been written to: /home/lx/ros2/ros/mid-70_ws/build/livox_sdk_vendor
[0.295s] Invoked command in '/home/lx/ros2/ros/mid-70_ws/build/livox_sdk_vendor' returned '0': CMAKE_PREFIX_PATH=${CMAKE_PREFIX_PATH}:/opt/ros/humble /usr/bin/cmake /home/lx/ros2/ros/mid-70_ws/src/livox_ros2_driver/livox_sdk_vendor -DAMENT_CMAKE_SYMLINK_INSTALL=1 -DCMAKE_INSTALL_PREFIX=/home/lx/ros2/ros/mid-70_ws/install/livox_sdk_vendor
[0.297s] Invoking command in '/home/lx/ros2/ros/mid-70_ws/build/livox_sdk_vendor': CMAKE_PREFIX_PATH=${CMAKE_PREFIX_PATH}:/opt/ros/humble /usr/bin/cmake --build /home/lx/ros2/ros/mid-70_ws/build/livox_sdk_vendor -- -j12 -l12
[0.322s] Invoked command in '/home/lx/ros2/ros/mid-70_ws/build/livox_sdk_vendor' returned '0': CMAKE_PREFIX_PATH=${CMAKE_PREFIX_PATH}:/opt/ros/humble /usr/bin/cmake --build /home/lx/ros2/ros/mid-70_ws/build/livox_sdk_vendor -- -j12 -l12
[0.343s] Invoking command in '/home/lx/ros2/ros/mid-70_ws/build/livox_sdk_vendor': CMAKE_PREFIX_PATH=${CMAKE_PREFIX_PATH}:/opt/ros/humble /usr/bin/cmake --install /home/lx/ros2/ros/mid-70_ws/build/livox_sdk_vendor
[0.349s] -- Install configuration: ""
[0.349s] -- Execute custom install script
[0.350s] -- Symlinking: /home/lx/ros2/ros/mid-70_ws/install/livox_sdk_vendor/share/livox_sdk_vendor/cmake/Modules/Findlivox_sdk.cmake
[0.357s] -- Symlinking: /home/lx/ros2/ros/mid-70_ws/install/livox_sdk_vendor/share/ament_index/resource_index/package_run_dependencies/livox_sdk_vendor
[0.363s] -- Symlinking: /home/lx/ros2/ros/mid-70_ws/install/livox_sdk_vendor/share/ament_index/resource_index/parent_prefix_path/livox_sdk_vendor
[0.370s] -- Symlinking: /home/lx/ros2/ros/mid-70_ws/install/livox_sdk_vendor/share/livox_sdk_vendor/environment/ament_prefix_path.sh
[0.377s] -- Symlinking: /home/lx/ros2/ros/mid-70_ws/install/livox_sdk_vendor/share/livox_sdk_vendor/environment/ament_prefix_path.dsv
[0.383s] -- Symlinking: /home/lx/ros2/ros/mid-70_ws/install/livox_sdk_vendor/share/livox_sdk_vendor/environment/path.sh
[0.390s] -- Symlinking: /home/lx/ros2/ros/mid-70_ws/install/livox_sdk_vendor/share/livox_sdk_vendor/environment/path.dsv
[0.396s] -- Symlinking: /home/lx/ros2/ros/mid-70_ws/install/livox_sdk_vendor/share/livox_sdk_vendor/local_setup.bash
[0.402s] -- Symlinking: /home/lx/ros2/ros/mid-70_ws/install/livox_sdk_vendor/share/livox_sdk_vendor/local_setup.sh
[0.409s] -- Symlinking: /home/lx/ros2/ros/mid-70_ws/install/livox_sdk_vendor/share/livox_sdk_vendor/local_setup.zsh
[0.415s] -- Symlinking: /home/lx/ros2/ros/mid-70_ws/install/livox_sdk_vendor/share/livox_sdk_vendor/local_setup.dsv
[0.421s] -- Symlinking: /home/lx/ros2/ros/mid-70_ws/install/livox_sdk_vendor/share/livox_sdk_vendor/package.dsv
[0.427s] -- Symlinking: /home/lx/ros2/ros/mid-70_ws/install/livox_sdk_vendor/share/ament_index/resource_index/packages/livox_sdk_vendor
[0.434s] -- Symlinking: /home/lx/ros2/ros/mid-70_ws/install/livox_sdk_vendor/share/livox_sdk_vendor/cmake/livox_sdk_vendor-extras.cmake
[0.440s] -- Symlinking: /home/lx/ros2/ros/mid-70_ws/install/livox_sdk_vendor/share/livox_sdk_vendor/cmake/livox_sdk_vendorConfig.cmake
[0.446s] -- Symlinking: /home/lx/ros2/ros/mid-70_ws/install/livox_sdk_vendor/share/livox_sdk_vendor/cmake/livox_sdk_vendorConfig-version.cmake
[0.453s] -- Symlinking: /home/lx/ros2/ros/mid-70_ws/install/livox_sdk_vendor/share/livox_sdk_vendor/package.xml
[0.461s] Invoked command in '/home/lx/ros2/ros/mid-70_ws/build/livox_sdk_vendor' returned '0': CMAKE_PREFIX_PATH=${CMAKE_PREFIX_PATH}:/opt/ros/humble /usr/bin/cmake --install /home/lx/ros2/ros/mid-70_ws/build/livox_sdk_vendor
