-- Found ament_cmake_auto: 1.3.5 (/opt/ros/humble/share/ament_cmake_auto/cmake)
-- Found rosidl_generator_c: 3.1.5 (/opt/ros/humble/share/rosidl_generator_c/cmake)
-- Found rosidl_adapter: 3.1.5 (/opt/ros/humble/share/rosidl_adapter/cmake)
-- Found rosidl_generator_cpp: 3.1.5 (/opt/ros/humble/share/rosidl_generator_cpp/cmake)
-- Using all available rosidl_typesupport_c: rosidl_typesupport_fastrtps_c;rosidl_typesupport_introspection_c
-- Using all available rosidl_typesupport_cpp: rosidl_typesupport_fastrtps_cpp;rosidl_typesupport_introspection_cpp
-- Found rmw_implementation_cmake: 6.1.1 (/opt/ros/humble/share/rmw_implementation_cmake/cmake)
-- Found rmw_fastrtps_cpp: 6.2.4 (/opt/ros/humble/share/rmw_fastrtps_cpp/cmake)
-- Using RMW implementation 'rmw_fastrtps_cpp' as default
-- Configuring done
-- Generating done
-- Build files have been written to: /home/lx/ros2/ros/xiao_ying/build/livox_to_pointcloud2
[35m[1mConsolidate compiler generated dependencies of target livox_to_pointcloud2[0m
[ 50%] Built target livox_to_pointcloud2
[35m[1mConsolidate compiler generated dependencies of target livox_to_pointcloud2_node[0m
[100%] Built target livox_to_pointcloud2_node
-- Install configuration: "RelWithDebInfo"
-- Installing: /home/lx/ros2/ros/xiao_ying/install/livox_to_pointcloud2/share/livox_to_pointcloud2//launch
-- Installing: /home/lx/ros2/ros/xiao_ying/install/livox_to_pointcloud2/share/livox_to_pointcloud2//launch/livox_to_pointcloud2.launch.py
-- Up-to-date: /home/lx/ros2/ros/xiao_ying/install/livox_to_pointcloud2/include
-- Up-to-date: /home/lx/ros2/ros/xiao_ying/install/livox_to_pointcloud2/include/livox_to_pointcloud2
-- Up-to-date: /home/lx/ros2/ros/xiao_ying/install/livox_to_pointcloud2/include/livox_to_pointcloud2/livox_to_pointcloud2_ros2.hpp
-- Up-to-date: /home/lx/ros2/ros/xiao_ying/install/livox_to_pointcloud2/include/livox_to_pointcloud2/livox_converter.hpp
-- Up-to-date: /home/lx/ros2/ros/xiao_ying/install/livox_to_pointcloud2/share/livox_to_pointcloud2/environment/library_path.sh
-- Installing: /home/lx/ros2/ros/xiao_ying/install/livox_to_pointcloud2/share/livox_to_pointcloud2/environment/library_path.dsv
-- Up-to-date: /home/lx/ros2/ros/xiao_ying/install/livox_to_pointcloud2/lib/liblivox_to_pointcloud2.so
-- Up-to-date: /home/lx/ros2/ros/xiao_ying/install/livox_to_pointcloud2/lib/livox_to_pointcloud2/livox_to_pointcloud2_node
-- Up-to-date: /home/lx/ros2/ros/xiao_ying/install/livox_to_pointcloud2/share/ament_index/resource_index/package_run_dependencies/livox_to_pointcloud2
-- Up-to-date: /home/lx/ros2/ros/xiao_ying/install/livox_to_pointcloud2/share/ament_index/resource_index/parent_prefix_path/livox_to_pointcloud2
-- Up-to-date: /home/lx/ros2/ros/xiao_ying/install/livox_to_pointcloud2/share/livox_to_pointcloud2/environment/ament_prefix_path.sh
-- Installing: /home/lx/ros2/ros/xiao_ying/install/livox_to_pointcloud2/share/livox_to_pointcloud2/environment/ament_prefix_path.dsv
-- Up-to-date: /home/lx/ros2/ros/xiao_ying/install/livox_to_pointcloud2/share/livox_to_pointcloud2/environment/path.sh
-- Installing: /home/lx/ros2/ros/xiao_ying/install/livox_to_pointcloud2/share/livox_to_pointcloud2/environment/path.dsv
-- Up-to-date: /home/lx/ros2/ros/xiao_ying/install/livox_to_pointcloud2/share/livox_to_pointcloud2/local_setup.bash
-- Up-to-date: /home/lx/ros2/ros/xiao_ying/install/livox_to_pointcloud2/share/livox_to_pointcloud2/local_setup.sh
-- Up-to-date: /home/lx/ros2/ros/xiao_ying/install/livox_to_pointcloud2/share/livox_to_pointcloud2/local_setup.zsh
-- Installing: /home/lx/ros2/ros/xiao_ying/install/livox_to_pointcloud2/share/livox_to_pointcloud2/local_setup.dsv
-- Installing: /home/lx/ros2/ros/xiao_ying/install/livox_to_pointcloud2/share/livox_to_pointcloud2/package.dsv
-- Up-to-date: /home/lx/ros2/ros/xiao_ying/install/livox_to_pointcloud2/share/ament_index/resource_index/packages/livox_to_pointcloud2
-- Up-to-date: /home/lx/ros2/ros/xiao_ying/install/livox_to_pointcloud2/share/ament_index/resource_index/rclcpp_components/livox_to_pointcloud2
-- Up-to-date: /home/lx/ros2/ros/xiao_ying/install/livox_to_pointcloud2/share/livox_to_pointcloud2/cmake/ament_cmake_export_dependencies-extras.cmake
-- Up-to-date: /home/lx/ros2/ros/xiao_ying/install/livox_to_pointcloud2/share/livox_to_pointcloud2/cmake/ament_cmake_export_include_directories-extras.cmake
-- Up-to-date: /home/lx/ros2/ros/xiao_ying/install/livox_to_pointcloud2/share/livox_to_pointcloud2/cmake/ament_cmake_export_libraries-extras.cmake
-- Up-to-date: /home/lx/ros2/ros/xiao_ying/install/livox_to_pointcloud2/share/livox_to_pointcloud2/cmake/livox_to_pointcloud2Config.cmake
-- Up-to-date: /home/lx/ros2/ros/xiao_ying/install/livox_to_pointcloud2/share/livox_to_pointcloud2/cmake/livox_to_pointcloud2Config-version.cmake
-- Up-to-date: /home/lx/ros2/ros/xiao_ying/install/livox_to_pointcloud2/share/livox_to_pointcloud2/package.xml
