[0.045s] Invoking command in '/home/lx/ros2/ros/xiao_ying/build/livox_to_pointcloud2': AMENT_PREFIX_PATH=/home/lx/ros2/ros/xiao_ying/install/livox_ros_driver2:${AMENT_PREFIX_PATH} CMAKE_PREFIX_PATH=/home/lx/ros2/ros/xiao_ying/install/livox_ros_driver2:/opt/ros/humble LD_LIBRARY_PATH=/home/lx/ros2/ros/xiao_ying/install/livox_ros_driver2/lib:${LD_LIBRARY_PATH} PYTHONPATH=/home/lx/ros2/ros/xiao_ying/install/livox_ros_driver2/local/lib/python3.10/dist-packages:${PYTHONPATH} /usr/bin/cmake --build /home/lx/ros2/ros/xiao_ying/build/livox_to_pointcloud2 -- -j12 -l12
[0.062s] -- Found ament_cmake_auto: 1.3.5 (/opt/ros/humble/share/ament_cmake_auto/cmake)
[0.271s] -- Found rosidl_generator_c: 3.1.5 (/opt/ros/humble/share/rosidl_generator_c/cmake)
[0.272s] -- Found rosidl_adapter: 3.1.5 (/opt/ros/humble/share/rosidl_adapter/cmake)
[0.277s] -- Found rosidl_generator_cpp: 3.1.5 (/opt/ros/humble/share/rosidl_generator_cpp/cmake)
[0.286s] -- Using all available rosidl_typesupport_c: rosidl_typesupport_fastrtps_c;rosidl_typesupport_introspection_c
[0.301s] -- Using all available rosidl_typesupport_cpp: rosidl_typesupport_fastrtps_cpp;rosidl_typesupport_introspection_cpp
[0.352s] -- Found rmw_implementation_cmake: 6.1.1 (/opt/ros/humble/share/rmw_implementation_cmake/cmake)
[0.353s] -- Found rmw_fastrtps_cpp: 6.2.4 (/opt/ros/humble/share/rmw_fastrtps_cpp/cmake)
[0.447s] -- Using RMW implementation 'rmw_fastrtps_cpp' as default
[1.031s] -- Configuring done
[1.042s] -- Generating done
[1.043s] -- Build files have been written to: /home/lx/ros2/ros/xiao_ying/build/livox_to_pointcloud2
[1.061s] [35m[1mConsolidate compiler generated dependencies of target livox_to_pointcloud2[0m
[1.073s] [ 50%] Built target livox_to_pointcloud2
[1.080s] [35m[1mConsolidate compiler generated dependencies of target livox_to_pointcloud2_node[0m
[1.092s] [100%] Built target livox_to_pointcloud2_node
[1.100s] Invoked command in '/home/lx/ros2/ros/xiao_ying/build/livox_to_pointcloud2' returned '0': AMENT_PREFIX_PATH=/home/lx/ros2/ros/xiao_ying/install/livox_ros_driver2:${AMENT_PREFIX_PATH} CMAKE_PREFIX_PATH=/home/lx/ros2/ros/xiao_ying/install/livox_ros_driver2:/opt/ros/humble LD_LIBRARY_PATH=/home/lx/ros2/ros/xiao_ying/install/livox_ros_driver2/lib:${LD_LIBRARY_PATH} PYTHONPATH=/home/lx/ros2/ros/xiao_ying/install/livox_ros_driver2/local/lib/python3.10/dist-packages:${PYTHONPATH} /usr/bin/cmake --build /home/lx/ros2/ros/xiao_ying/build/livox_to_pointcloud2 -- -j12 -l12
[1.116s] Invoking command in '/home/lx/ros2/ros/xiao_ying/build/livox_to_pointcloud2': AMENT_PREFIX_PATH=/home/lx/ros2/ros/xiao_ying/install/livox_ros_driver2:${AMENT_PREFIX_PATH} CMAKE_PREFIX_PATH=/home/lx/ros2/ros/xiao_ying/install/livox_ros_driver2:/opt/ros/humble LD_LIBRARY_PATH=/home/lx/ros2/ros/xiao_ying/install/livox_ros_driver2/lib:${LD_LIBRARY_PATH} PYTHONPATH=/home/lx/ros2/ros/xiao_ying/install/livox_ros_driver2/local/lib/python3.10/dist-packages:${PYTHONPATH} /usr/bin/cmake --install /home/lx/ros2/ros/xiao_ying/build/livox_to_pointcloud2
[1.122s] -- Install configuration: "RelWithDebInfo"
[1.122s] -- Installing: /home/lx/ros2/ros/xiao_ying/install/livox_to_pointcloud2/share/livox_to_pointcloud2//launch
[1.122s] -- Installing: /home/lx/ros2/ros/xiao_ying/install/livox_to_pointcloud2/share/livox_to_pointcloud2//launch/livox_to_pointcloud2.launch.py
[1.123s] -- Up-to-date: /home/lx/ros2/ros/xiao_ying/install/livox_to_pointcloud2/include
[1.123s] -- Up-to-date: /home/lx/ros2/ros/xiao_ying/install/livox_to_pointcloud2/include/livox_to_pointcloud2
[1.123s] -- Up-to-date: /home/lx/ros2/ros/xiao_ying/install/livox_to_pointcloud2/include/livox_to_pointcloud2/livox_to_pointcloud2_ros2.hpp
[1.123s] -- Up-to-date: /home/lx/ros2/ros/xiao_ying/install/livox_to_pointcloud2/include/livox_to_pointcloud2/livox_converter.hpp
[1.123s] -- Up-to-date: /home/lx/ros2/ros/xiao_ying/install/livox_to_pointcloud2/share/livox_to_pointcloud2/environment/library_path.sh
[1.123s] -- Installing: /home/lx/ros2/ros/xiao_ying/install/livox_to_pointcloud2/share/livox_to_pointcloud2/environment/library_path.dsv
[1.123s] -- Up-to-date: /home/lx/ros2/ros/xiao_ying/install/livox_to_pointcloud2/lib/liblivox_to_pointcloud2.so
[1.123s] -- Up-to-date: /home/lx/ros2/ros/xiao_ying/install/livox_to_pointcloud2/lib/livox_to_pointcloud2/livox_to_pointcloud2_node
[1.123s] -- Up-to-date: /home/lx/ros2/ros/xiao_ying/install/livox_to_pointcloud2/share/ament_index/resource_index/package_run_dependencies/livox_to_pointcloud2
[1.123s] -- Up-to-date: /home/lx/ros2/ros/xiao_ying/install/livox_to_pointcloud2/share/ament_index/resource_index/parent_prefix_path/livox_to_pointcloud2
[1.123s] -- Up-to-date: /home/lx/ros2/ros/xiao_ying/install/livox_to_pointcloud2/share/livox_to_pointcloud2/environment/ament_prefix_path.sh
[1.123s] -- Installing: /home/lx/ros2/ros/xiao_ying/install/livox_to_pointcloud2/share/livox_to_pointcloud2/environment/ament_prefix_path.dsv
[1.123s] -- Up-to-date: /home/lx/ros2/ros/xiao_ying/install/livox_to_pointcloud2/share/livox_to_pointcloud2/environment/path.sh
[1.123s] -- Installing: /home/lx/ros2/ros/xiao_ying/install/livox_to_pointcloud2/share/livox_to_pointcloud2/environment/path.dsv
[1.123s] -- Up-to-date: /home/lx/ros2/ros/xiao_ying/install/livox_to_pointcloud2/share/livox_to_pointcloud2/local_setup.bash
[1.124s] -- Up-to-date: /home/lx/ros2/ros/xiao_ying/install/livox_to_pointcloud2/share/livox_to_pointcloud2/local_setup.sh
[1.124s] -- Up-to-date: /home/lx/ros2/ros/xiao_ying/install/livox_to_pointcloud2/share/livox_to_pointcloud2/local_setup.zsh
[1.124s] -- Installing: /home/lx/ros2/ros/xiao_ying/install/livox_to_pointcloud2/share/livox_to_pointcloud2/local_setup.dsv
[1.124s] -- Installing: /home/lx/ros2/ros/xiao_ying/install/livox_to_pointcloud2/share/livox_to_pointcloud2/package.dsv
[1.124s] -- Up-to-date: /home/lx/ros2/ros/xiao_ying/install/livox_to_pointcloud2/share/ament_index/resource_index/packages/livox_to_pointcloud2
[1.124s] -- Up-to-date: /home/lx/ros2/ros/xiao_ying/install/livox_to_pointcloud2/share/ament_index/resource_index/rclcpp_components/livox_to_pointcloud2
[1.124s] -- Up-to-date: /home/lx/ros2/ros/xiao_ying/install/livox_to_pointcloud2/share/livox_to_pointcloud2/cmake/ament_cmake_export_dependencies-extras.cmake
[1.124s] -- Up-to-date: /home/lx/ros2/ros/xiao_ying/install/livox_to_pointcloud2/share/livox_to_pointcloud2/cmake/ament_cmake_export_include_directories-extras.cmake
[1.124s] -- Up-to-date: /home/lx/ros2/ros/xiao_ying/install/livox_to_pointcloud2/share/livox_to_pointcloud2/cmake/ament_cmake_export_libraries-extras.cmake
[1.124s] -- Up-to-date: /home/lx/ros2/ros/xiao_ying/install/livox_to_pointcloud2/share/livox_to_pointcloud2/cmake/livox_to_pointcloud2Config.cmake
[1.124s] -- Up-to-date: /home/lx/ros2/ros/xiao_ying/install/livox_to_pointcloud2/share/livox_to_pointcloud2/cmake/livox_to_pointcloud2Config-version.cmake
[1.124s] -- Up-to-date: /home/lx/ros2/ros/xiao_ying/install/livox_to_pointcloud2/share/livox_to_pointcloud2/package.xml
[1.125s] Invoked command in '/home/lx/ros2/ros/xiao_ying/build/livox_to_pointcloud2' returned '0': AMENT_PREFIX_PATH=/home/lx/ros2/ros/xiao_ying/install/livox_ros_driver2:${AMENT_PREFIX_PATH} CMAKE_PREFIX_PATH=/home/lx/ros2/ros/xiao_ying/install/livox_ros_driver2:/opt/ros/humble LD_LIBRARY_PATH=/home/lx/ros2/ros/xiao_ying/install/livox_ros_driver2/lib:${LD_LIBRARY_PATH} PYTHONPATH=/home/lx/ros2/ros/xiao_ying/install/livox_ros_driver2/local/lib/python3.10/dist-packages:${PYTHONPATH} /usr/bin/cmake --install /home/lx/ros2/ros/xiao_ying/build/livox_to_pointcloud2
