[0.312s] Invoking command in '/home/lx/ros2/ros/nav2_ws/build/nav2_core': AMENT_PREFIX_PATH=/home/lx/ros2/ros/nav2_ws/install/nav2_costmap_2d:/home/lx/ros2/ros/nav2_ws/install/nav2_util:/home/lx/ros2/ros/nav2_ws/install/nav2_voxel_grid:/home/lx/ros2/ros/nav2_ws/install/nav2_msgs:/home/lx/ros2/ros/nav2_ws/install/nav2_common:${AMENT_PREFIX_PATH} CMAKE_PREFIX_PATH=/home/lx/ros2/ros/nav2_ws/install/nav2_costmap_2d:/home/lx/ros2/ros/nav2_ws/install/nav2_util:/home/lx/ros2/ros/nav2_ws/install/nav2_voxel_grid:/home/lx/ros2/ros/nav2_ws/install/nav2_msgs:/home/lx/ros2/ros/nav2_ws/install/nav2_common:/opt/ros/humble LD_LIBRARY_PATH=/home/lx/ros2/ros/nav2_ws/install/nav2_costmap_2d/lib:/home/lx/ros2/ros/nav2_ws/install/nav2_util/lib:/home/lx/ros2/ros/nav2_ws/install/nav2_voxel_grid/lib:/home/lx/ros2/ros/nav2_ws/install/nav2_msgs/lib:${LD_LIBRARY_PATH} PYTHONPATH=/home/lx/ros2/ros/nav2_ws/install/nav2_msgs/local/lib/python3.10/dist-packages:/home/lx/ros2/ros/nav2_ws/install/nav2_common/local/lib/python3.10/dist-packages:${PYTHONPATH} /usr/bin/cmake /home/lx/ros2/ros/nav2_ws/src/navigation2/nav2_core -DCMAKE_INSTALL_PREFIX=/home/lx/ros2/ros/nav2_ws/install/nav2_core
[0.625s] -- The C compiler identification is GNU 11.4.0
[0.732s] -- The CXX compiler identification is GNU 11.4.0
[0.748s] -- Detecting C compiler ABI info
[0.910s] -- Detecting C compiler ABI info - done
[0.921s] -- Check for working C compiler: /usr/bin/cc - skipped
[0.922s] -- Detecting C compile features
[0.923s] -- Detecting C compile features - done
[0.928s] -- Detecting CXX compiler ABI info
[1.081s] -- Detecting CXX compiler ABI info - done
[1.096s] -- Check for working CXX compiler: /usr/bin/c++ - skipped
[1.097s] -- Detecting CXX compile features
[1.098s] -- Detecting CXX compile features - done
[1.108s] -- Found ament_cmake: 1.3.5 (/opt/ros/humble/share/ament_cmake/cmake)
[1.439s] -- Found Python3: /usr/bin/python3.10 (found version "3.10.12") found components: Interpreter 
[1.650s] -- Found nav2_common: 1.1.12 (/home/lx/ros2/ros/nav2_ws/install/nav2_common/share/nav2_common/cmake)
[1.654s] -- Found rclcpp: 16.0.6 (/opt/ros/humble/share/rclcpp/cmake)
[1.736s] -- Found rosidl_generator_c: 3.1.5 (/opt/ros/humble/share/rosidl_generator_c/cmake)
[1.745s] -- Found rosidl_adapter: 3.1.5 (/opt/ros/humble/share/rosidl_adapter/cmake)
[1.765s] -- Found rosidl_generator_cpp: 3.1.5 (/opt/ros/humble/share/rosidl_generator_cpp/cmake)
[1.795s] -- Using all available rosidl_typesupport_c: rosidl_typesupport_fastrtps_c;rosidl_typesupport_introspection_c
[1.833s] -- Using all available rosidl_typesupport_cpp: rosidl_typesupport_fastrtps_cpp;rosidl_typesupport_introspection_cpp
[1.968s] -- Found rmw_implementation_cmake: 6.1.1 (/opt/ros/humble/share/rmw_implementation_cmake/cmake)
[1.974s] -- Found rmw_fastrtps_cpp: 6.2.4 (/opt/ros/humble/share/rmw_fastrtps_cpp/cmake)
[2.147s] -- Found OpenSSL: /usr/lib/x86_64-linux-gnu/libcrypto.so (found version "3.0.2")  
[2.178s] -- Found FastRTPS: /opt/ros/humble/include  
[2.249s] -- Using RMW implementation 'rmw_fastrtps_cpp' as default
[2.267s] -- Looking for pthread.h
[2.366s] -- Looking for pthread.h - found
[2.374s] -- Performing Test CMAKE_HAVE_LIBC_PTHREAD
[2.464s] -- Performing Test CMAKE_HAVE_LIBC_PTHREAD - Success
[2.466s] -- Found Threads: TRUE  
[2.762s] -- Found rclcpp_lifecycle: 16.0.6 (/opt/ros/humble/share/rclcpp_lifecycle/cmake)
[2.850s] -- Found geometry_msgs: 4.2.3 (/opt/ros/humble/share/geometry_msgs/cmake)
[2.926s] -- Found nav2_costmap_2d: 1.1.12 (/home/lx/ros2/ros/nav2_ws/install/nav2_costmap_2d/share/nav2_costmap_2d/cmake)
[4.435s] -- Found Eigen3: TRUE (found version "3.4.0") 
[4.435s] -- Ensuring Eigen3 include directory is part of orocos-kdl CMake target
[5.544s] -- Setting build type to Release as none was specified.
[5.547s] -- Found ament_lint_auto: 0.12.8 (/opt/ros/humble/share/ament_lint_auto/cmake)
[5.665s] -- Added test 'cppcheck' to perform static code analysis on C / C++ code
[5.666s] -- Configured cppcheck include dirs: 
[5.666s] -- Configured cppcheck exclude dirs and/or files: 
[5.666s] -- Added test 'cpplint' to check C / C++ code against the Google style
[5.667s] -- Configured cpplint exclude dirs and/or files: 
[5.667s] -- Added test 'lint_cmake' to check CMake code style
[5.669s] -- Added test 'uncrustify' to check C / C++ code style
[5.669s] -- Configured uncrustify additional arguments: 
[5.669s] -- Added test 'xmllint' to check XML markup files
[5.672s] -- Configuring done
[5.677s] -- Generating done
[5.679s] -- Build files have been written to: /home/lx/ros2/ros/nav2_ws/build/nav2_core
[5.692s] Invoked command in '/home/lx/ros2/ros/nav2_ws/build/nav2_core' returned '0': AMENT_PREFIX_PATH=/home/lx/ros2/ros/nav2_ws/install/nav2_costmap_2d:/home/lx/ros2/ros/nav2_ws/install/nav2_util:/home/lx/ros2/ros/nav2_ws/install/nav2_voxel_grid:/home/lx/ros2/ros/nav2_ws/install/nav2_msgs:/home/lx/ros2/ros/nav2_ws/install/nav2_common:${AMENT_PREFIX_PATH} CMAKE_PREFIX_PATH=/home/lx/ros2/ros/nav2_ws/install/nav2_costmap_2d:/home/lx/ros2/ros/nav2_ws/install/nav2_util:/home/lx/ros2/ros/nav2_ws/install/nav2_voxel_grid:/home/lx/ros2/ros/nav2_ws/install/nav2_msgs:/home/lx/ros2/ros/nav2_ws/install/nav2_common:/opt/ros/humble LD_LIBRARY_PATH=/home/lx/ros2/ros/nav2_ws/install/nav2_costmap_2d/lib:/home/lx/ros2/ros/nav2_ws/install/nav2_util/lib:/home/lx/ros2/ros/nav2_ws/install/nav2_voxel_grid/lib:/home/lx/ros2/ros/nav2_ws/install/nav2_msgs/lib:${LD_LIBRARY_PATH} PYTHONPATH=/home/lx/ros2/ros/nav2_ws/install/nav2_msgs/local/lib/python3.10/dist-packages:/home/lx/ros2/ros/nav2_ws/install/nav2_common/local/lib/python3.10/dist-packages:${PYTHONPATH} /usr/bin/cmake /home/lx/ros2/ros/nav2_ws/src/navigation2/nav2_core -DCMAKE_INSTALL_PREFIX=/home/lx/ros2/ros/nav2_ws/install/nav2_core
[5.694s] Invoking command in '/home/lx/ros2/ros/nav2_ws/build/nav2_core': AMENT_PREFIX_PATH=/home/lx/ros2/ros/nav2_ws/install/nav2_costmap_2d:/home/lx/ros2/ros/nav2_ws/install/nav2_util:/home/lx/ros2/ros/nav2_ws/install/nav2_voxel_grid:/home/lx/ros2/ros/nav2_ws/install/nav2_msgs:/home/lx/ros2/ros/nav2_ws/install/nav2_common:${AMENT_PREFIX_PATH} CMAKE_PREFIX_PATH=/home/lx/ros2/ros/nav2_ws/install/nav2_costmap_2d:/home/lx/ros2/ros/nav2_ws/install/nav2_util:/home/lx/ros2/ros/nav2_ws/install/nav2_voxel_grid:/home/lx/ros2/ros/nav2_ws/install/nav2_msgs:/home/lx/ros2/ros/nav2_ws/install/nav2_common:/opt/ros/humble LD_LIBRARY_PATH=/home/lx/ros2/ros/nav2_ws/install/nav2_costmap_2d/lib:/home/lx/ros2/ros/nav2_ws/install/nav2_util/lib:/home/lx/ros2/ros/nav2_ws/install/nav2_voxel_grid/lib:/home/lx/ros2/ros/nav2_ws/install/nav2_msgs/lib:${LD_LIBRARY_PATH} PYTHONPATH=/home/lx/ros2/ros/nav2_ws/install/nav2_msgs/local/lib/python3.10/dist-packages:/home/lx/ros2/ros/nav2_ws/install/nav2_common/local/lib/python3.10/dist-packages:${PYTHONPATH} /usr/bin/cmake --build /home/lx/ros2/ros/nav2_ws/build/nav2_core -- -j12 -l12
[5.732s] Invoked command in '/home/lx/ros2/ros/nav2_ws/build/nav2_core' returned '0': AMENT_PREFIX_PATH=/home/lx/ros2/ros/nav2_ws/install/nav2_costmap_2d:/home/lx/ros2/ros/nav2_ws/install/nav2_util:/home/lx/ros2/ros/nav2_ws/install/nav2_voxel_grid:/home/lx/ros2/ros/nav2_ws/install/nav2_msgs:/home/lx/ros2/ros/nav2_ws/install/nav2_common:${AMENT_PREFIX_PATH} CMAKE_PREFIX_PATH=/home/lx/ros2/ros/nav2_ws/install/nav2_costmap_2d:/home/lx/ros2/ros/nav2_ws/install/nav2_util:/home/lx/ros2/ros/nav2_ws/install/nav2_voxel_grid:/home/lx/ros2/ros/nav2_ws/install/nav2_msgs:/home/lx/ros2/ros/nav2_ws/install/nav2_common:/opt/ros/humble LD_LIBRARY_PATH=/home/lx/ros2/ros/nav2_ws/install/nav2_costmap_2d/lib:/home/lx/ros2/ros/nav2_ws/install/nav2_util/lib:/home/lx/ros2/ros/nav2_ws/install/nav2_voxel_grid/lib:/home/lx/ros2/ros/nav2_ws/install/nav2_msgs/lib:${LD_LIBRARY_PATH} PYTHONPATH=/home/lx/ros2/ros/nav2_ws/install/nav2_msgs/local/lib/python3.10/dist-packages:/home/lx/ros2/ros/nav2_ws/install/nav2_common/local/lib/python3.10/dist-packages:${PYTHONPATH} /usr/bin/cmake --build /home/lx/ros2/ros/nav2_ws/build/nav2_core -- -j12 -l12
[5.753s] Invoking command in '/home/lx/ros2/ros/nav2_ws/build/nav2_core': AMENT_PREFIX_PATH=/home/lx/ros2/ros/nav2_ws/install/nav2_costmap_2d:/home/lx/ros2/ros/nav2_ws/install/nav2_util:/home/lx/ros2/ros/nav2_ws/install/nav2_voxel_grid:/home/lx/ros2/ros/nav2_ws/install/nav2_msgs:/home/lx/ros2/ros/nav2_ws/install/nav2_common:${AMENT_PREFIX_PATH} CMAKE_PREFIX_PATH=/home/lx/ros2/ros/nav2_ws/install/nav2_costmap_2d:/home/lx/ros2/ros/nav2_ws/install/nav2_util:/home/lx/ros2/ros/nav2_ws/install/nav2_voxel_grid:/home/lx/ros2/ros/nav2_ws/install/nav2_msgs:/home/lx/ros2/ros/nav2_ws/install/nav2_common:/opt/ros/humble LD_LIBRARY_PATH=/home/lx/ros2/ros/nav2_ws/install/nav2_costmap_2d/lib:/home/lx/ros2/ros/nav2_ws/install/nav2_util/lib:/home/lx/ros2/ros/nav2_ws/install/nav2_voxel_grid/lib:/home/lx/ros2/ros/nav2_ws/install/nav2_msgs/lib:${LD_LIBRARY_PATH} PYTHONPATH=/home/lx/ros2/ros/nav2_ws/install/nav2_msgs/local/lib/python3.10/dist-packages:/home/lx/ros2/ros/nav2_ws/install/nav2_common/local/lib/python3.10/dist-packages:${PYTHONPATH} /usr/bin/cmake --install /home/lx/ros2/ros/nav2_ws/build/nav2_core
[5.761s] -- Install configuration: "Release"
[5.761s] -- Installing: /home/lx/ros2/ros/nav2_ws/install/nav2_core/include/
[5.762s] -- Installing: /home/lx/ros2/ros/nav2_ws/install/nav2_core/include//nav2_core
[5.762s] -- Installing: /home/lx/ros2/ros/nav2_ws/install/nav2_core/include//nav2_core/exceptions.hpp
[5.762s] -- Installing: /home/lx/ros2/ros/nav2_ws/install/nav2_core/include//nav2_core/goal_checker.hpp
[5.762s] -- Installing: /home/lx/ros2/ros/nav2_ws/install/nav2_core/include//nav2_core/smoother.hpp
[5.762s] -- Installing: /home/lx/ros2/ros/nav2_ws/install/nav2_core/include//nav2_core/global_planner.hpp
[5.762s] -- Installing: /home/lx/ros2/ros/nav2_ws/install/nav2_core/include//nav2_core/controller.hpp
[5.762s] -- Installing: /home/lx/ros2/ros/nav2_ws/install/nav2_core/include//nav2_core/waypoint_task_executor.hpp
[5.762s] -- Installing: /home/lx/ros2/ros/nav2_ws/install/nav2_core/include//nav2_core/progress_checker.hpp
[5.763s] -- Installing: /home/lx/ros2/ros/nav2_ws/install/nav2_core/include//nav2_core/behavior.hpp
[5.763s] -- Installing: /home/lx/ros2/ros/nav2_ws/install/nav2_core/share/ament_index/resource_index/package_run_dependencies/nav2_core
[5.763s] -- Installing: /home/lx/ros2/ros/nav2_ws/install/nav2_core/share/ament_index/resource_index/parent_prefix_path/nav2_core
[5.763s] -- Installing: /home/lx/ros2/ros/nav2_ws/install/nav2_core/share/nav2_core/environment/ament_prefix_path.sh
[5.763s] -- Installing: /home/lx/ros2/ros/nav2_ws/install/nav2_core/share/nav2_core/environment/ament_prefix_path.dsv
[5.763s] -- Installing: /home/lx/ros2/ros/nav2_ws/install/nav2_core/share/nav2_core/environment/path.sh
[5.763s] -- Installing: /home/lx/ros2/ros/nav2_ws/install/nav2_core/share/nav2_core/environment/path.dsv
[5.763s] -- Installing: /home/lx/ros2/ros/nav2_ws/install/nav2_core/share/nav2_core/local_setup.bash
[5.764s] -- Installing: /home/lx/ros2/ros/nav2_ws/install/nav2_core/share/nav2_core/local_setup.sh
[5.764s] -- Installing: /home/lx/ros2/ros/nav2_ws/install/nav2_core/share/nav2_core/local_setup.zsh
[5.764s] -- Installing: /home/lx/ros2/ros/nav2_ws/install/nav2_core/share/nav2_core/local_setup.dsv
[5.764s] -- Installing: /home/lx/ros2/ros/nav2_ws/install/nav2_core/share/nav2_core/package.dsv
[5.764s] -- Installing: /home/lx/ros2/ros/nav2_ws/install/nav2_core/share/ament_index/resource_index/packages/nav2_core
[5.764s] -- Installing: /home/lx/ros2/ros/nav2_ws/install/nav2_core/share/nav2_core/cmake/ament_cmake_export_include_directories-extras.cmake
[5.764s] -- Installing: /home/lx/ros2/ros/nav2_ws/install/nav2_core/share/nav2_core/cmake/ament_cmake_export_dependencies-extras.cmake
[5.765s] -- Installing: /home/lx/ros2/ros/nav2_ws/install/nav2_core/share/nav2_core/cmake/nav2_coreConfig.cmake
[5.765s] -- Installing: /home/lx/ros2/ros/nav2_ws/install/nav2_core/share/nav2_core/cmake/nav2_coreConfig-version.cmake
[5.765s] -- Installing: /home/lx/ros2/ros/nav2_ws/install/nav2_core/share/nav2_core/package.xml
[5.766s] Invoked command in '/home/lx/ros2/ros/nav2_ws/build/nav2_core' returned '0': AMENT_PREFIX_PATH=/home/lx/ros2/ros/nav2_ws/install/nav2_costmap_2d:/home/lx/ros2/ros/nav2_ws/install/nav2_util:/home/lx/ros2/ros/nav2_ws/install/nav2_voxel_grid:/home/lx/ros2/ros/nav2_ws/install/nav2_msgs:/home/lx/ros2/ros/nav2_ws/install/nav2_common:${AMENT_PREFIX_PATH} CMAKE_PREFIX_PATH=/home/lx/ros2/ros/nav2_ws/install/nav2_costmap_2d:/home/lx/ros2/ros/nav2_ws/install/nav2_util:/home/lx/ros2/ros/nav2_ws/install/nav2_voxel_grid:/home/lx/ros2/ros/nav2_ws/install/nav2_msgs:/home/lx/ros2/ros/nav2_ws/install/nav2_common:/opt/ros/humble LD_LIBRARY_PATH=/home/lx/ros2/ros/nav2_ws/install/nav2_costmap_2d/lib:/home/lx/ros2/ros/nav2_ws/install/nav2_util/lib:/home/lx/ros2/ros/nav2_ws/install/nav2_voxel_grid/lib:/home/lx/ros2/ros/nav2_ws/install/nav2_msgs/lib:${LD_LIBRARY_PATH} PYTHONPATH=/home/lx/ros2/ros/nav2_ws/install/nav2_msgs/local/lib/python3.10/dist-packages:/home/lx/ros2/ros/nav2_ws/install/nav2_common/local/lib/python3.10/dist-packages:${PYTHONPATH} /usr/bin/cmake --install /home/lx/ros2/ros/nav2_ws/build/nav2_core
