[0.112s] Invoking command in '/home/lx/ros2/ros/mid-360_ws/build/imu_to_odom': CMAKE_PREFIX_PATH=${CMAKE_PREFIX_PATH}:/opt/ros/humble /usr/bin/cmake --build /home/lx/ros2/ros/mid-360_ws/build/imu_to_odom -- -j12 -l12
[0.157s] [100%] Built target imu_to_odom
[0.171s] Invoked command in '/home/lx/ros2/ros/mid-360_ws/build/imu_to_odom' returned '0': CMAKE_PREFIX_PATH=${CMAKE_PREFIX_PATH}:/opt/ros/humble /usr/bin/cmake --build /home/lx/ros2/ros/mid-360_ws/build/imu_to_odom -- -j12 -l12
[0.230s] Invoking command in '/home/lx/ros2/ros/mid-360_ws/build/imu_to_odom': CMAKE_PREFIX_PATH=${CMAKE_PREFIX_PATH}:/opt/ros/humble /usr/bin/cmake --install /home/lx/ros2/ros/mid-360_ws/build/imu_to_odom
[0.237s] -- Install configuration: ""
[0.237s] -- Up-to-date: /home/lx/ros2/ros/mid-360_ws/install/imu_to_odom/include/
[0.237s] -- Up-to-date: /home/lx/ros2/ros/mid-360_ws/install/imu_to_odom/include//imu_to_odom
[0.237s] -- Up-to-date: /home/lx/ros2/ros/mid-360_ws/install/imu_to_odom/include//imu_to_odom/imu_to_odom.hpp
[0.238s] -- Up-to-date: /home/lx/ros2/ros/mid-360_ws/install/imu_to_odom/lib/imu_to_odom/imu_to_odom
[0.238s] -- Up-to-date: /home/lx/ros2/ros/mid-360_ws/install/imu_to_odom/share/ament_index/resource_index/package_run_dependencies/imu_to_odom
[0.238s] -- Up-to-date: /home/lx/ros2/ros/mid-360_ws/install/imu_to_odom/share/ament_index/resource_index/parent_prefix_path/imu_to_odom
[0.238s] -- Up-to-date: /home/lx/ros2/ros/mid-360_ws/install/imu_to_odom/share/imu_to_odom/environment/ament_prefix_path.sh
[0.238s] -- Up-to-date: /home/lx/ros2/ros/mid-360_ws/install/imu_to_odom/share/imu_to_odom/environment/ament_prefix_path.dsv
[0.238s] -- Up-to-date: /home/lx/ros2/ros/mid-360_ws/install/imu_to_odom/share/imu_to_odom/environment/path.sh
[0.238s] -- Up-to-date: /home/lx/ros2/ros/mid-360_ws/install/imu_to_odom/share/imu_to_odom/environment/path.dsv
[0.238s] -- Up-to-date: /home/lx/ros2/ros/mid-360_ws/install/imu_to_odom/share/imu_to_odom/local_setup.bash
[0.238s] -- Up-to-date: /home/lx/ros2/ros/mid-360_ws/install/imu_to_odom/share/imu_to_odom/local_setup.sh
[0.238s] -- Up-to-date: /home/lx/ros2/ros/mid-360_ws/install/imu_to_odom/share/imu_to_odom/local_setup.zsh
[0.238s] -- Up-to-date: /home/lx/ros2/ros/mid-360_ws/install/imu_to_odom/share/imu_to_odom/local_setup.dsv
[0.238s] -- Installing: /home/lx/ros2/ros/mid-360_ws/install/imu_to_odom/share/imu_to_odom/package.dsv
[0.238s] -- Up-to-date: /home/lx/ros2/ros/mid-360_ws/install/imu_to_odom/share/ament_index/resource_index/packages/imu_to_odom
[0.238s] -- Up-to-date: /home/lx/ros2/ros/mid-360_ws/install/imu_to_odom/share/imu_to_odom/cmake/imu_to_odomConfig.cmake
[0.238s] -- Up-to-date: /home/lx/ros2/ros/mid-360_ws/install/imu_to_odom/share/imu_to_odom/cmake/imu_to_odomConfig-version.cmake
[0.238s] -- Up-to-date: /home/lx/ros2/ros/mid-360_ws/install/imu_to_odom/share/imu_to_odom/package.xml
[0.239s] Invoked command in '/home/lx/ros2/ros/mid-360_ws/build/imu_to_odom' returned '0': CMAKE_PREFIX_PATH=${CMAKE_PREFIX_PATH}:/opt/ros/humble /usr/bin/cmake --install /home/lx/ros2/ros/mid-360_ws/build/imu_to_odom
